rm: cannot remove '/home/runner/work/ozone/ozone/hadoop-ozone/dist/target/ozone-1.5.0-SNAPSHOT/compose/result/*': No such file or directory
Using Docker Compose v2
Executing test ozone/test-ec.sh
Using Docker Compose v2
Error response from daemon: Head "https://registry-1.docker.io/v2/apache/ozone-runner/manifests/20240712-jdk17-2": Get "https://auth.docker.io/token?account=githubactions&scope=repository%3Aapache%2Fozone-runner%3Apull&service=registry.docker.io": net/http: request canceled (Client.Timeout exceeded while awaiting headers)
ERROR: Test execution of ozone/test-ec.sh is FAILED!!!!
mkdir: created directory '/home/runner/work/ozone/ozone/hadoop-ozone/dist/target/ozone-1.5.0-SNAPSHOT/compose/result/ozone'
mkdir: created directory '/home/runner/work/ozone/ozone/hadoop-ozone/dist/target/ozone-1.5.0-SNAPSHOT/compose/result/ozone/ec'
mv: cannot stat 'ozone/result/*': No such file or directory
Executing test ozonesecure/test-ec.sh
Using Docker Compose v2
Port 88 is available on kdc
Port 9860 is not available on scm yet
Port 9860 is not available on scm yet
Port 9860 is not available on scm yet
Port 9860 is not available on scm yet
Port 9860 is not available on scm yet
Port 9860 is not available on scm yet
Port 9860 is not available on scm yet
Port 9860 is not available on scm yet
Port 9860 is not available on scm yet
Port 9860 is not available on scm yet
Port 9860 is not available on scm yet
Port 9860 is not available on scm yet
Port 9860 is not available on scm yet
Port 9860 is not available on scm yet
Port 9860 is not available on scm yet
Port 9860 is not available on scm yet
Port 9860 is not available on scm yet
Port 9860 is not available on scm yet
Port 9860 is not available on scm yet
Port 9860 is not available on scm yet
Port 9860 is not available on scm yet
Port 9860 is not available on scm yet
Port 9860 is not available on scm yet
Port 9860 is not available on scm yet
Port 9860 is not available on scm yet
Port 9860 is available on scm
SCM is in safe mode. Will retry in 1 sec. Remaining time (sec): 236
SCM is in safe mode. Will retry in 1 sec. Remaining time (sec): 235
SCM is in safe mode. Will retry in 1 sec. Remaining time (sec): 233
SCM is in safe mode. Will retry in 1 sec. Remaining time (sec): 232
SCM is in safe mode. Will retry in 1 sec. Remaining time (sec): 231
SCM is in safe mode. Will retry in 1 sec. Remaining time (sec): 230
SCM is in safe mode. Will retry in 1 sec. Remaining time (sec): 229
SCM is in safe mode. Will retry in 1 sec. Remaining time (sec): 228
SCM is in safe mode. Will retry in 1 sec. Remaining time (sec): 227
SCM is in safe mode. Will retry in 1 sec. Remaining time (sec): 226
SCM is in safe mode. Will retry in 1 sec. Remaining time (sec): 225
SCM is in safe mode. Will retry in 1 sec. Remaining time (sec): 224
SCM is in safe mode. Will retry in 1 sec. Remaining time (sec): 223
SCM is in safe mode. Will retry in 1 sec. Remaining time (sec): 222
SCM is in safe mode. Will retry in 1 sec. Remaining time (sec): 221
SCM is in safe mode. Will retry in 1 sec. Remaining time (sec): 220
SCM is in safe mode. Will retry in 1 sec. Remaining time (sec): 219
SCM is in safe mode. Will retry in 1 sec. Remaining time (sec): 218
SCM is in safe mode. Will retry in 1 sec. Remaining time (sec): 217
SCM is in safe mode. Will retry in 1 sec. Remaining time (sec): 216
SCM is in safe mode. Will retry in 1 sec. Remaining time (sec): 215
SCM is in safe mode. Will retry in 1 sec. Remaining time (sec): 214
SCM is in safe mode. Will retry in 1 sec. Remaining time (sec): 213
SCM is in safe mode. Will retry in 1 sec. Remaining time (sec): 212
SCM is in safe mode. Will retry in 1 sec. Remaining time (sec): 211
SCM is in safe mode. Will retry in 1 sec. Remaining time (sec): 210
SCM is out of safe mode.
No OM HA service, no need to wait
==============================================================================
S3                                                                            
==============================================================================
S3.Awss3 :: S3 gateway test with aws cli                                      
==============================================================================
File upload and directory list                                        | PASS |
------------------------------------------------------------------------------
File upload with special chars                                        | PASS |
------------------------------------------------------------------------------
S3.Awss3 :: S3 gateway test with aws cli                              | PASS |
2 tests, 2 passed, 0 failed
==============================================================================
S3.Boto3 :: S3 gateway test with Boto3 Client                                 
==============================================================================
Boto3 Client Test                                                     | PASS |
------------------------------------------------------------------------------
S3.Boto3 :: S3 gateway test with Boto3 Client                         | PASS |
1 test, 1 passed, 0 failed
==============================================================================
S3.Bucketcreate :: S3 gateway test with aws cli                               
==============================================================================
Create new bucket                                                     | PASS |
------------------------------------------------------------------------------
Create bucket which already exists                                    | PASS |
------------------------------------------------------------------------------
Create bucket with invalid bucket name                                | PASS |
------------------------------------------------------------------------------
Create new bucket and check no group ACL                              | PASS |
------------------------------------------------------------------------------
S3.Bucketcreate :: S3 gateway test with aws cli                       | PASS |
4 tests, 4 passed, 0 failed
==============================================================================
S3.Bucketdelete :: S3 gateway test with aws cli                               
==============================================================================
Delete existing bucket                                                | PASS |
------------------------------------------------------------------------------
Delete non-existent bucket                                            | PASS |
------------------------------------------------------------------------------
Delete bucket with incomplete multipart uploads                       | PASS |
------------------------------------------------------------------------------
S3.Bucketdelete :: S3 gateway test with aws cli                       | PASS |
3 tests, 3 passed, 0 failed
==============================================================================
S3.Buckethead :: S3 gateway test with aws cli                                 
==============================================================================
Head Bucket                                                           | PASS |
------------------------------------------------------------------------------
Head Bucket not existent                                              | PASS |
------------------------------------------------------------------------------
S3.Buckethead :: S3 gateway test with aws cli                         | PASS |
2 tests, 2 passed, 0 failed
==============================================================================
S3.Bucketlist :: S3 gateway test with aws cli                                 
==============================================================================
List buckets                                                          | PASS |
------------------------------------------------------------------------------
Get bucket info with Ozone Shell to check the owner field             | PASS |
------------------------------------------------------------------------------
List buckets with empty access id                                     | PASS |
------------------------------------------------------------------------------
S3.Bucketlist :: S3 gateway test with aws cli                         | PASS |
3 tests, 3 passed, 0 failed
==============================================================================
S3.Freon :: S3 gateway test with aws cli                                      
==============================================================================
Run Freon S3BG                                                        | PASS |
------------------------------------------------------------------------------
S3.Freon :: S3 gateway test with aws cli                              | PASS |
1 test, 1 passed, 0 failed
==============================================================================
S3.MultipartUpload :: S3 gateway test with aws cli                            
==============================================================================
Test Multipart Upload With Adjusted Length                            | PASS |
------------------------------------------------------------------------------
Test Multipart Upload                                                 | PASS |
------------------------------------------------------------------------------
Test Multipart Upload Complete                                        | PASS |
------------------------------------------------------------------------------
Test Multipart Upload with user defined metadata size larger than ... | PASS |
------------------------------------------------------------------------------
Test Multipart Upload Complete Entity too small                       | PASS |
------------------------------------------------------------------------------
Test Multipart Upload Complete Invalid part errors and complete mp... | PASS |
------------------------------------------------------------------------------
Test abort Multipart upload                                           | PASS |
------------------------------------------------------------------------------
Test abort Multipart upload with invalid uploadId                     | PASS |
------------------------------------------------------------------------------
Upload part with Incorrect uploadID                                   | PASS |
------------------------------------------------------------------------------
Test list parts                                                       | PASS |
------------------------------------------------------------------------------
Test Multipart Upload with the simplified aws s3 cp API               | PASS |
------------------------------------------------------------------------------
Test Multipart Upload Put With Copy                                   | PASS |
------------------------------------------------------------------------------
Test Multipart Upload Put With Copy and range                         | PASS |
------------------------------------------------------------------------------
Test Multipart Upload Put With Copy and range with IfModifiedSince    | PASS |
------------------------------------------------------------------------------
Test Multipart Upload list                                            | PASS |
------------------------------------------------------------------------------
S3.MultipartUpload :: S3 gateway test with aws cli                    | PASS |
15 tests, 15 passed, 0 failed
==============================================================================
S3.Objectcopy :: S3 gateway test with aws cli                                 
==============================================================================
Copy Object Happy Scenario                                            | PASS |
------------------------------------------------------------------------------
Copy Object Where Bucket is not available                             | PASS |
------------------------------------------------------------------------------
Copy Object Where both source and dest are same with change to sto... | PASS |
------------------------------------------------------------------------------
Copy Object Where Key not available                                   | PASS |
------------------------------------------------------------------------------
Copy Object using an invalid copy directive                           | PASS |
------------------------------------------------------------------------------
Copy Object with user defined metadata size larger than 2 KB          | PASS |
------------------------------------------------------------------------------
S3.Objectcopy :: S3 gateway test with aws cli                         | PASS |
6 tests, 6 passed, 0 failed
==============================================================================
S3.Objectcopys3A :: S3 gateway test with aws cli                              
==============================================================================
Put object s3a simulation                                             | PASS |
------------------------------------------------------------------------------
S3.Objectcopys3A :: S3 gateway test with aws cli                      | PASS |
1 test, 1 passed, 0 failed
==============================================================================
S3.Objectdelete :: S3 gateway test with aws cli                               
==============================================================================
Delete file with s3api                                                | PASS |
------------------------------------------------------------------------------
Delete file with s3api, file doesn't exist                            | PASS |
------------------------------------------------------------------------------
Delete dir with s3api                                                 | PASS |
------------------------------------------------------------------------------
Delete file with s3api, file doesn't exist, prefix of a real file     | PASS |
------------------------------------------------------------------------------
Delete file with s3api, bucket doesn't exist                          | PASS |
------------------------------------------------------------------------------
S3.Objectdelete :: S3 gateway test with aws cli                       | PASS |
5 tests, 5 passed, 0 failed
==============================================================================
S3.Objecthead :: S3 gateway test with aws cli                                 
==============================================================================
Head existing object                                                  | PASS |
------------------------------------------------------------------------------
Head object in non existing bucket                                    | PASS |
------------------------------------------------------------------------------
Head object where path is a directory                                 | PASS |
------------------------------------------------------------------------------
Head directory objects                                                | PASS |
------------------------------------------------------------------------------
Head non existing key                                                 | PASS |
------------------------------------------------------------------------------
S3.Objecthead :: S3 gateway test with aws cli                         | PASS |
5 tests, 5 passed, 0 failed
==============================================================================
S3.Objectmultidelete :: S3 gateway test with aws cli                          
==============================================================================
Delete file with multi delete                                         | PASS |
------------------------------------------------------------------------------
S3.Objectmultidelete :: S3 gateway test with aws cli                  | PASS |
1 test, 1 passed, 0 failed
==============================================================================
S3.Objectputget :: S3 gateway test with aws cli                               
==============================================================================
Put object to s3                                                      | PASS |
------------------------------------------------------------------------------
Get object from s3                                                    | PASS |
------------------------------------------------------------------------------
Get object with wrong signature                                       | PASS |
------------------------------------------------------------------------------
Get Partial object from s3 with both start and endoffset              | PASS |
------------------------------------------------------------------------------
Get Partial object from s3 with both start and endoffset(start off... | PASS |
------------------------------------------------------------------------------
Get Partial object from s3 with both start and endoffset(end offse... | PASS |
------------------------------------------------------------------------------
Get Partial object from s3 with only start offset                     | PASS |
------------------------------------------------------------------------------
Get Partial object from s3 with both start and endoffset which are... | PASS |
------------------------------------------------------------------------------
Get Partial object from s3 to get last n bytes                        | PASS |
------------------------------------------------------------------------------
Incorrect values for end and start offset                             | PASS |
------------------------------------------------------------------------------
Zero byte file                                                        | PASS |
------------------------------------------------------------------------------
Create file with user defined metadata and tags                       | PASS |
------------------------------------------------------------------------------
Create file with user defined metadata with gdpr enabled value in ... | PASS |
------------------------------------------------------------------------------
Create file with user defined metadata size larger than 2 KB          | PASS |
------------------------------------------------------------------------------
Create files invalid tags                                             | PASS |
------------------------------------------------------------------------------
Create files with too many tags                                       | PASS |
------------------------------------------------------------------------------
Create small file and expect ETag (MD5) in a reponse header           | PASS |
------------------------------------------------------------------------------
Download small file end expect ETag (MD5) in a response header        | PASS |
------------------------------------------------------------------------------
Create key with custom etag metadata and expect it won't conflict ... | PASS |
------------------------------------------------------------------------------
Create&Download big file by multipart upload and expect ETag in a ... | PASS |
------------------------------------------------------------------------------
Create key twice with different content and expect different ETags    | PASS |
------------------------------------------------------------------------------
S3.Objectputget :: S3 gateway test with aws cli                       | PASS |
21 tests, 21 passed, 0 failed
==============================================================================
S3.S3 Getsecret :: Test ozone s3 getsecret command                            
==============================================================================
Without OM service ID                                                 | PASS |
------------------------------------------------------------------------------
With OM service ID                                                    | PASS |
duplicate test in non-HA env.
------------------------------------------------------------------------------
S3.S3 Getsecret :: Test ozone s3 getsecret command                    | PASS |
2 tests, 2 passed, 0 failed
==============================================================================
S3.Secretgenerate :: S3 Secret Generate test                                  
==============================================================================
S3 Gateway Generate Secret                                            | PASS |
------------------------------------------------------------------------------
S3 Gateway Secret Already Exists                                      | PASS |
------------------------------------------------------------------------------
S3 Gateway Generate Secret By Username                                | SKIP |
Test skipped using 'robot:skip' tag.
------------------------------------------------------------------------------
S3 Gateway Generate Secret By Username For Other User                 | SKIP |
Test skipped using 'robot:skip' tag.
------------------------------------------------------------------------------
S3.Secretgenerate :: S3 Secret Generate test                          | PASS |
4 tests, 2 passed, 0 failed, 2 skipped
==============================================================================
S3.Secretrevoke :: S3 Secret Revoke test                                      
==============================================================================
S3 Gateway Revoke Secret                                              | PASS |
------------------------------------------------------------------------------
S3 Gateway Revoke Secret By Username                                  | SKIP |
Test skipped using 'robot:skip' tag.
------------------------------------------------------------------------------
S3 Gateway Revoke Secret By Username For Other User                   | SKIP |
Test skipped using 'robot:skip' tag.
------------------------------------------------------------------------------
S3.Secretrevoke :: S3 Secret Revoke test                              | PASS |
3 tests, 1 passed, 0 failed, 2 skipped
==============================================================================
S3.Webui :: S3 gateway web ui test                                            
==============================================================================
S3 Gateway Web UI                                                     | PASS |
------------------------------------------------------------------------------
S3.Webui :: S3 gateway web ui test                                    | PASS |
1 test, 1 passed, 0 failed
==============================================================================
S3                                                                    | PASS |
80 tests, 76 passed, 0 failed, 4 skipped
==============================================================================
Output:  /tmp/smoketest/ozonesecure/result/robot-1.xml
==============================================================================
Rewrite :: Test EC shell commands                                             
==============================================================================
Rewrite Multipart Key                                                 | PASS |
------------------------------------------------------------------------------
Rewrite :: Test EC shell commands                                     | PASS |
1 test, 1 passed, 0 failed
==============================================================================
Output:  /tmp/smoketest/ozonesecure/result/robot-2.xml
==============================================================================
Basic :: Test EC shell commands                                               
==============================================================================
Test Bucket Creation                                                  | PASS |
------------------------------------------------------------------------------
Create 1MB Key In EC Bucket                                           | PASS |
------------------------------------------------------------------------------
Create 2MB Key In EC Bucket                                           | PASS |
------------------------------------------------------------------------------
Create 3MB Key In EC Bucket                                           | PASS |
------------------------------------------------------------------------------
Create 100MB Key In EC Bucket                                         | PASS |
------------------------------------------------------------------------------
Create Key in Default Bucket                                          | PASS |
------------------------------------------------------------------------------
Create Key in Ratis Bucket                                            | PASS |
------------------------------------------------------------------------------
Create Ratis Key In EC Bucket                                         | PASS |
------------------------------------------------------------------------------
Create EC Key In Ratis Bucket                                         | PASS |
------------------------------------------------------------------------------
Test Invalid Replication Parameters                                   | PASS |
------------------------------------------------------------------------------
Invalid Replication With Misconfigured Client                         | PASS |
------------------------------------------------------------------------------
Check disk usage after create a file which uses EC replication type   | PASS |
------------------------------------------------------------------------------
Basic :: Test EC shell commands                                       | PASS |
12 tests, 12 passed, 0 failed
==============================================================================
Output:  /tmp/smoketest/ozonesecure/result/robot-3.xml
==============================================================================
read-4-datanodes :: Test reading EC keys                                      
==============================================================================
Read 1MB EC Key                                                       | PASS |
------------------------------------------------------------------------------
Read 2MB EC Key                                                       | PASS |
------------------------------------------------------------------------------
Read 3MB EC Key                                                       | PASS |
------------------------------------------------------------------------------
Read 100MB EC Key                                                     | PASS |
------------------------------------------------------------------------------
Read EC Key in Ratis Bucket                                           | PASS |
------------------------------------------------------------------------------
read-4-datanodes :: Test reading EC keys                              | PASS |
5 tests, 5 passed, 0 failed
==============================================================================
Output:  /tmp/smoketest/ozonesecure/result/robot-4.xml
==============================================================================
read-3-datanodes :: Test reading EC keys                                      
==============================================================================
Read 1MB EC Key                                                       | PASS |
------------------------------------------------------------------------------
Read 2MB EC Key                                                       | PASS |
------------------------------------------------------------------------------
Read 3MB EC Key                                                       | PASS |
------------------------------------------------------------------------------
Read 100MB EC Key                                                     | PASS |
------------------------------------------------------------------------------
Read EC Key in Ratis Bucket                                           | PASS |
------------------------------------------------------------------------------
read-3-datanodes :: Test reading EC keys                              | PASS |
5 tests, 5 passed, 0 failed
==============================================================================
Output:  /tmp/smoketest/ozonesecure/result/robot-5.xml
==============================================================================
EC-recovery :: Wait for replication to succeed                                
==============================================================================
Wait Until Container Replicated                                       | PASS |
------------------------------------------------------------------------------
EC-recovery :: Wait for replication to succeed                        | PASS |
1 test, 1 passed, 0 failed
==============================================================================
Output:  /tmp/smoketest/ozonesecure/result/robot-6.xml
Output:  /home/runner/work/ozone/ozone/hadoop-ozone/dist/target/ozone-1.5.0-SNAPSHOT/compose/result/ozonesecure-ec.xml
removed 'ozonesecure/result/robot-1.xml'
removed 'ozonesecure/result/robot-2.xml'
removed 'ozonesecure/result/robot-3.xml'
removed 'ozonesecure/result/robot-4.xml'
removed 'ozonesecure/result/robot-5.xml'
removed 'ozonesecure/result/robot-6.xml'
mkdir: created directory '/home/runner/work/ozone/ozone/hadoop-ozone/dist/target/ozone-1.5.0-SNAPSHOT/compose/result/ozonesecure'
mkdir: created directory '/home/runner/work/ozone/ozone/hadoop-ozone/dist/target/ozone-1.5.0-SNAPSHOT/compose/result/ozonesecure/ec'
renamed 'ozonesecure/result/dn-audit-dn.log' -> '/home/runner/work/ozone/ozone/hadoop-ozone/dist/target/ozone-1.5.0-SNAPSHOT/compose/result/ozonesecure/ec/dn-audit-dn.log'
renamed 'ozonesecure/result/docker-ozonesecure-datanode-1.log' -> '/home/runner/work/ozone/ozone/hadoop-ozone/dist/target/ozone-1.5.0-SNAPSHOT/compose/result/ozonesecure/ec/docker-ozonesecure-datanode-1.log'
renamed 'ozonesecure/result/docker-ozonesecure-datanode-2.log' -> '/home/runner/work/ozone/ozone/hadoop-ozone/dist/target/ozone-1.5.0-SNAPSHOT/compose/result/ozonesecure/ec/docker-ozonesecure-datanode-2.log'
renamed 'ozonesecure/result/docker-ozonesecure-datanode-3.log' -> '/home/runner/work/ozone/ozone/hadoop-ozone/dist/target/ozone-1.5.0-SNAPSHOT/compose/result/ozonesecure/ec/docker-ozonesecure-datanode-3.log'
renamed 'ozonesecure/result/docker-ozonesecure-datanode-4.log' -> '/home/runner/work/ozone/ozone/hadoop-ozone/dist/target/ozone-1.5.0-SNAPSHOT/compose/result/ozonesecure/ec/docker-ozonesecure-datanode-4.log'
renamed 'ozonesecure/result/docker-ozonesecure-datanode-5.log' -> '/home/runner/work/ozone/ozone/hadoop-ozone/dist/target/ozone-1.5.0-SNAPSHOT/compose/result/ozonesecure/ec/docker-ozonesecure-datanode-5.log'
renamed 'ozonesecure/result/docker-ozonesecure-httpfs-1.log' -> '/home/runner/work/ozone/ozone/hadoop-ozone/dist/target/ozone-1.5.0-SNAPSHOT/compose/result/ozonesecure/ec/docker-ozonesecure-httpfs-1.log'
renamed 'ozonesecure/result/docker-ozonesecure-kdc-1.log' -> '/home/runner/work/ozone/ozone/hadoop-ozone/dist/target/ozone-1.5.0-SNAPSHOT/compose/result/ozonesecure/ec/docker-ozonesecure-kdc-1.log'
renamed 'ozonesecure/result/docker-ozonesecure-kms-1.log' -> '/home/runner/work/ozone/ozone/hadoop-ozone/dist/target/ozone-1.5.0-SNAPSHOT/compose/result/ozonesecure/ec/docker-ozonesecure-kms-1.log'
renamed 'ozonesecure/result/docker-ozonesecure-om-1.log' -> '/home/runner/work/ozone/ozone/hadoop-ozone/dist/target/ozone-1.5.0-SNAPSHOT/compose/result/ozonesecure/ec/docker-ozonesecure-om-1.log'
renamed 'ozonesecure/result/docker-ozonesecure-recon-1.log' -> '/home/runner/work/ozone/ozone/hadoop-ozone/dist/target/ozone-1.5.0-SNAPSHOT/compose/result/ozonesecure/ec/docker-ozonesecure-recon-1.log'
renamed 'ozonesecure/result/docker-ozonesecure-s3g-1.log' -> '/home/runner/work/ozone/ozone/hadoop-ozone/dist/target/ozone-1.5.0-SNAPSHOT/compose/result/ozonesecure/ec/docker-ozonesecure-s3g-1.log'
renamed 'ozonesecure/result/docker-ozonesecure-scm-1.log' -> '/home/runner/work/ozone/ozone/hadoop-ozone/dist/target/ozone-1.5.0-SNAPSHOT/compose/result/ozonesecure/ec/docker-ozonesecure-scm-1.log'
renamed 'ozonesecure/result/kms-audit.log' -> '/home/runner/work/ozone/ozone/hadoop-ozone/dist/target/ozone-1.5.0-SNAPSHOT/compose/result/ozonesecure/ec/kms-audit.log'
renamed 'ozonesecure/result/om-audit-om.log' -> '/home/runner/work/ozone/ozone/hadoop-ozone/dist/target/ozone-1.5.0-SNAPSHOT/compose/result/ozonesecure/ec/om-audit-om.log'
renamed 'ozonesecure/result/s3g-audit-s3g.log' -> '/home/runner/work/ozone/ozone/hadoop-ozone/dist/target/ozone-1.5.0-SNAPSHOT/compose/result/ozonesecure/ec/s3g-audit-s3g.log'
renamed 'ozonesecure/result/scm-audit-scm.log' -> '/home/runner/work/ozone/ozone/hadoop-ozone/dist/target/ozone-1.5.0-SNAPSHOT/compose/result/ozonesecure/ec/scm-audit-scm.log'
Exception in thread "main" java.net.SocketException: Socket closed
	at java.base/java.net.PlainSocketImpl.socketAccept(Native Method)
	at java.base/java.net.AbstractPlainSocketImpl.accept(AbstractPlainSocketImpl.java:474)
	at java.base/java.net.ServerSocket.implAccept(ServerSocket.java:565)
	at java.base/java.net.ServerSocket.accept(ServerSocket.java:533)
	at org.apache.hadoop.test.JacocoServer.main(JacocoServer.java:60)
Log:     /home/runner/work/ozone/ozone/hadoop-ozone/dist/target/ozone-1.5.0-SNAPSHOT/compose/result/log.html
Report:  /home/runner/work/ozone/ozone/hadoop-ozone/dist/target/ozone-1.5.0-SNAPSHOT/compose/result/report.html
