Using Docker Compose v2
Executing test ozonesecure-ha/test-leadership.sh
Using Docker Compose v2
Error response from daemon: Get "https://ghcr.io/v2/": context deadline exceeded (Client.Timeout exceeded while awaiting headers)
ERROR: Test execution of ozonesecure-ha/test-leadership.sh is FAILED!!!!
mkdir: created directory '/home/runner/work/ozone/ozone/hadoop-ozone/dist/target/ozone-2.1.0-SNAPSHOT/compose/result/ozonesecure-ha'
mkdir: created directory '/home/runner/work/ozone/ozone/hadoop-ozone/dist/target/ozone-2.1.0-SNAPSHOT/compose/result/ozonesecure-ha/leadership'
mv: cannot stat 'ozonesecure-ha/result/*': No such file or directory
Executing test ozonesecure-ha/test-scm-decommission.sh
Using Docker Compose v2
Port 88 is available on kdc
Port 9860 is not available on scm1.org yet
Port 9860 is not available on scm1.org yet
Port 9860 is not available on scm1.org yet
Port 9860 is not available on scm1.org yet
Port 9860 is not available on scm1.org yet
Port 9860 is not available on scm1.org yet
Port 9860 is not available on scm1.org yet
Port 9860 is not available on scm1.org yet
Port 9860 is not available on scm1.org yet
Port 9860 is not available on scm1.org yet
Port 9860 is not available on scm1.org yet
Port 9860 is not available on scm1.org yet
Port 9860 is not available on scm1.org yet
Port 9860 is not available on scm1.org yet
Port 9860 is not available on scm1.org yet
Port 9860 is not available on scm1.org yet
Port 9860 is not available on scm1.org yet
Port 9860 is not available on scm1.org yet
Port 9860 is available on scm1.org
SCM is in safe mode. Will retry in 1 sec. Remaining time (sec): 233
SCM is in safe mode. Will retry in 1 sec. Remaining time (sec): 232
SCM is in safe mode. Will retry in 1 sec. Remaining time (sec): 231
SCM is in safe mode. Will retry in 1 sec. Remaining time (sec): 230
SCM is in safe mode. Will retry in 1 sec. Remaining time (sec): 229
SCM is in safe mode. Will retry in 1 sec. Remaining time (sec): 228
SCM is in safe mode. Will retry in 1 sec. Remaining time (sec): 227
SCM is in safe mode. Will retry in 1 sec. Remaining time (sec): 226
SCM is in safe mode. Will retry in 1 sec. Remaining time (sec): 225
SCM is in safe mode. Will retry in 1 sec. Remaining time (sec): 224
SCM is in safe mode. Will retry in 1 sec. Remaining time (sec): 223
SCM is in safe mode. Will retry in 1 sec. Remaining time (sec): 222
SCM is in safe mode. Will retry in 1 sec. Remaining time (sec): 221
SCM is in safe mode. Will retry in 1 sec. Remaining time (sec): 220
SCM is in safe mode. Will retry in 1 sec. Remaining time (sec): 219
SCM is in safe mode. Will retry in 1 sec. Remaining time (sec): 218
SCM is in safe mode. Will retry in 1 sec. Remaining time (sec): 217
SCM is in safe mode. Will retry in 1 sec. Remaining time (sec): 216
SCM is in safe mode. Will retry in 1 sec. Remaining time (sec): 215
SCM is in safe mode. Will retry in 1 sec. Remaining time (sec): 214
SCM is in safe mode. Will retry in 1 sec. Remaining time (sec): 213
SCM is in safe mode. Will retry in 1 sec. Remaining time (sec): 212
SCM is in safe mode. Will retry in 1 sec. Remaining time (sec): 211
SCM is in safe mode. Will retry in 1 sec. Remaining time (sec): 210
SCM is in safe mode. Will retry in 1 sec. Remaining time (sec): 209
SCM is in safe mode. Will retry in 1 sec. Remaining time (sec): 208
SCM is in safe mode. Will retry in 1 sec. Remaining time (sec): 207
SCM is in safe mode. Will retry in 1 sec. Remaining time (sec): 206
SCM is in safe mode. Will retry in 1 sec. Remaining time (sec): 205
SCM is in safe mode. Will retry in 1 sec. Remaining time (sec): 204
SCM is in safe mode. Will retry in 1 sec. Remaining time (sec): 203
SCM is in safe mode. Will retry in 1 sec. Remaining time (sec): 202
SCM is in safe mode. Will retry in 1 sec. Remaining time (sec): 201
SCM is in safe mode. Will retry in 1 sec. Remaining time (sec): 200
SCM is in safe mode. Will retry in 1 sec. Remaining time (sec): 199
SCM is in safe mode. Will retry in 1 sec. Remaining time (sec): 198
SCM is in safe mode. Will retry in 1 sec. Remaining time (sec): 197
SCM is in safe mode. Will retry in 1 sec. Remaining time (sec): 196
SCM is in safe mode. Will retry in 1 sec. Remaining time (sec): 195
SCM is in safe mode. Will retry in 1 sec. Remaining time (sec): 194
SCM is in safe mode. Will retry in 1 sec. Remaining time (sec): 193
SCM is in safe mode. Will retry in 1 sec. Remaining time (sec): 192
SCM is in safe mode. Will retry in 1 sec. Remaining time (sec): 191
SCM is in safe mode. Will retry in 1 sec. Remaining time (sec): 190
SCM is in safe mode. Will retry in 1 sec. Remaining time (sec): 189
SCM is in safe mode. Will retry in 1 sec. Remaining time (sec): 188
SCM is in safe mode. Will retry in 1 sec. Remaining time (sec): 187
SCM is in safe mode. Will retry in 1 sec. Remaining time (sec): 186
SCM is in safe mode. Will retry in 1 sec. Remaining time (sec): 185
SCM is in safe mode. Will retry in 1 sec. Remaining time (sec): 184
SCM is in safe mode. Will retry in 1 sec. Remaining time (sec): 183
SCM is in safe mode. Will retry in 1 sec. Remaining time (sec): 182
SCM is in safe mode. Will retry in 1 sec. Remaining time (sec): 181
SCM is in safe mode. Will retry in 1 sec. Remaining time (sec): 180
SCM is in safe mode. Will retry in 1 sec. Remaining time (sec): 179
SCM is in safe mode. Will retry in 1 sec. Remaining time (sec): 178
SCM is in safe mode. Will retry in 1 sec. Remaining time (sec): 177
SCM is in safe mode. Will retry in 1 sec. Remaining time (sec): 176
SCM is in safe mode. Will retry in 1 sec. Remaining time (sec): 175
SCM is in safe mode. Will retry in 1 sec. Remaining time (sec): 174
SCM is in safe mode. Will retry in 1 sec. Remaining time (sec): 173
SCM is in safe mode. Will retry in 1 sec. Remaining time (sec): 172
SCM is in safe mode. Will retry in 1 sec. Remaining time (sec): 171
SCM is in safe mode. Will retry in 1 sec. Remaining time (sec): 170
SCM is in safe mode. Will retry in 1 sec. Remaining time (sec): 169
SCM is in safe mode. Will retry in 1 sec. Remaining time (sec): 168
SCM is in safe mode. Will retry in 1 sec. Remaining time (sec): 167
SCM is in safe mode. Will retry in 1 sec. Remaining time (sec): 166
SCM is in safe mode. Will retry in 1 sec. Remaining time (sec): 164
SCM is in safe mode. Will retry in 1 sec. Remaining time (sec): 163
SCM is in safe mode. Will retry in 1 sec. Remaining time (sec): 162
SCM is in safe mode. Will retry in 1 sec. Remaining time (sec): 161
SCM is in safe mode. Will retry in 1 sec. Remaining time (sec): 160
SCM is in safe mode. Will retry in 1 sec. Remaining time (sec): 159
SCM is in safe mode. Will retry in 1 sec. Remaining time (sec): 158
SCM is in safe mode. Will retry in 1 sec. Remaining time (sec): 157
SCM is in safe mode. Will retry in 1 sec. Remaining time (sec): 156
SCM is out of safe mode.
Found OM leader for service omservice: om1 : LEADER (om1)
Replaced OM order with om1,om3,om2 in ozonesecure-ha-datanode1-1
Replaced OM order with om1,om3,om2 in ozonesecure-ha-datanode2-1
Replaced OM order with om1,om3,om2 in ozonesecure-ha-datanode3-1
Replaced OM order with om1,om3,om2 in ozonesecure-ha-httpfs-1
Replaced OM order with om1,om3,om2 in ozonesecure-ha-om1-1
Replaced OM order with om1,om3,om2 in ozonesecure-ha-om2-1
Replaced OM order with om1,om3,om2 in ozonesecure-ha-om3-1
Replaced OM order with om1,om3,om2 in ozonesecure-ha-recon-1
Replaced OM order with om1,om3,om2 in ozonesecure-ha-s3g-1
Replaced OM order with om1,om3,om2 in ozonesecure-ha-scm1.org-1
Replaced OM order with om1,om3,om2 in ozonesecure-ha-scm2.org-1
Replaced OM order with om1,om3,om2 in ozonesecure-ha-scm3.org-1
Port 9894 is not available on scm4.org yet
Port 9894 is not available on scm4.org yet
Port 9894 is not available on scm4.org yet
Port 9894 is not available on scm4.org yet
Port 9894 is not available on scm4.org yet
Port 9894 is not available on scm4.org yet
Port 9894 is not available on scm4.org yet
Port 9894 is not available on scm4.org yet
Port 9894 is available on scm4.org
==============================================================================
Kinit :: Kinit test user                                                      
==============================================================================
Kinit                                                                 | PASS |
------------------------------------------------------------------------------
Kinit :: Kinit test user                                              | PASS |
1 test, 1 passed, 0 failed
==============================================================================
Output:  /tmp/smoketest/ozonesecure-ha/result/robot-001.xml
scm4.org:9894:FOLLOWER:b133b48b-372e-46d7-9f1f-24cce1232b49:172.25.0.220
ozone admin scm roles | grep scm4.org succeed
==============================================================================
Primordial-Scm :: Smoketest ozone cluster startup                             
==============================================================================
Verify SCM Count                                                      | PASS |
------------------------------------------------------------------------------
Transfer Leader to SCM4                                               | PASS |
------------------------------------------------------------------------------
Verify SCM4 Certificate                                               | PASS |
------------------------------------------------------------------------------
Primordial-Scm :: Smoketest ozone cluster startup                     | PASS |
3 tests, 3 passed, 0 failed
==============================================================================
Output:  /tmp/smoketest/ozonesecure-ha/result/robot-002.xml
Port 9856 is not available on datanode4 yet
Port 9856 is not available on datanode4 yet
Port 9856 is not available on datanode4 yet
Port 9856 is not available on datanode4 yet
Port 9856 is not available on datanode4 yet
Port 9856 is not available on datanode4 yet
Port 9856 is not available on datanode4 yet
Port 9856 is not available on datanode4 yet
Port 9856 is not available on datanode4 yet
Port 9856 is not available on datanode4 yet
Port 9856 is not available on datanode4 yet
Port 9856 is not available on datanode4 yet
Port 9856 is available on datanode4
Datanode: d093ba8a-9de0-4658-8ce9-ccf2c8e6348b (/default-rack/172.25.0.221/ozonesecure-ha-datanode4-1.ozonesecure-ha_ozone_net/1 pipelines)
ozone admin datanode list | grep datanode4 succeed
==============================================================================
Kinit :: Kinit test user                                                      
==============================================================================
Kinit                                                                 | PASS |
------------------------------------------------------------------------------
Kinit :: Kinit test user                                              | PASS |
1 test, 1 passed, 0 failed
==============================================================================
Output:  /tmp/smoketest/ozonesecure-ha/result/robot-003.xml
Decommissioned Scm b133b48b-372e-46d7-9f1f-24cce1232b49
ozone admin scm decommission --nodeid=b133b48b-372e-46d7-9f1f-24cce1232b49 | grep Decommissioned succeed
==============================================================================
Scm-Decommission :: Test Ozone SCM Decommissioning                            
==============================================================================
Decommission SCM Primordial Node                                      | PASS |
------------------------------------------------------------------------------
Scm-Decommission :: Test Ozone SCM Decommissioning                    | PASS |
1 test, 1 passed, 0 failed
==============================================================================
Output:  /tmp/smoketest/ozonesecure-ha/result/robot-004.xml
To use Ozone please mount ozone folder to /opt/hadoop
Output:  /rebot-output/ozonesecure-ha-scm-decommission.xml
renamed '/home/runner/work/ozone/ozone/hadoop-ozone/dist/target/ozone-2.1.0-SNAPSHOT/compose/result/rebot-kGmfJJ/ozonesecure-ha-scm-decommission.xml' -> '/home/runner/work/ozone/ozone/hadoop-ozone/dist/target/ozone-2.1.0-SNAPSHOT/compose/result/ozonesecure-ha-scm-decommission.xml'
removed 'ozonesecure-ha/result/robot-001.xml'
removed 'ozonesecure-ha/result/robot-002.xml'
removed 'ozonesecure-ha/result/robot-003.xml'
removed 'ozonesecure-ha/result/robot-004.xml'
mkdir: created directory '/home/runner/work/ozone/ozone/hadoop-ozone/dist/target/ozone-2.1.0-SNAPSHOT/compose/result/ozonesecure-ha/scm-decommission'
renamed 'ozonesecure-ha/result/dn-audit-50f1831b079f.log' -> '/home/runner/work/ozone/ozone/hadoop-ozone/dist/target/ozone-2.1.0-SNAPSHOT/compose/result/ozonesecure-ha/scm-decommission/dn-audit-50f1831b079f.log'
renamed 'ozonesecure-ha/result/dn-audit-8571826f66dc.log' -> '/home/runner/work/ozone/ozone/hadoop-ozone/dist/target/ozone-2.1.0-SNAPSHOT/compose/result/ozonesecure-ha/scm-decommission/dn-audit-8571826f66dc.log'
renamed 'ozonesecure-ha/result/dn-audit-907ccfbb32d9.log' -> '/home/runner/work/ozone/ozone/hadoop-ozone/dist/target/ozone-2.1.0-SNAPSHOT/compose/result/ozonesecure-ha/scm-decommission/dn-audit-907ccfbb32d9.log'
renamed 'ozonesecure-ha/result/dn-audit-a86dca02fdfb.log' -> '/home/runner/work/ozone/ozone/hadoop-ozone/dist/target/ozone-2.1.0-SNAPSHOT/compose/result/ozonesecure-ha/scm-decommission/dn-audit-a86dca02fdfb.log'
renamed 'ozonesecure-ha/result/docker-ozonesecure-ha-datanode1-1.log' -> '/home/runner/work/ozone/ozone/hadoop-ozone/dist/target/ozone-2.1.0-SNAPSHOT/compose/result/ozonesecure-ha/scm-decommission/docker-ozonesecure-ha-datanode1-1.log'
renamed 'ozonesecure-ha/result/docker-ozonesecure-ha-datanode2-1.log' -> '/home/runner/work/ozone/ozone/hadoop-ozone/dist/target/ozone-2.1.0-SNAPSHOT/compose/result/ozonesecure-ha/scm-decommission/docker-ozonesecure-ha-datanode2-1.log'
renamed 'ozonesecure-ha/result/docker-ozonesecure-ha-datanode3-1.log' -> '/home/runner/work/ozone/ozone/hadoop-ozone/dist/target/ozone-2.1.0-SNAPSHOT/compose/result/ozonesecure-ha/scm-decommission/docker-ozonesecure-ha-datanode3-1.log'
renamed 'ozonesecure-ha/result/docker-ozonesecure-ha-datanode4-1.log' -> '/home/runner/work/ozone/ozone/hadoop-ozone/dist/target/ozone-2.1.0-SNAPSHOT/compose/result/ozonesecure-ha/scm-decommission/docker-ozonesecure-ha-datanode4-1.log'
renamed 'ozonesecure-ha/result/docker-ozonesecure-ha-httpfs-1.log' -> '/home/runner/work/ozone/ozone/hadoop-ozone/dist/target/ozone-2.1.0-SNAPSHOT/compose/result/ozonesecure-ha/scm-decommission/docker-ozonesecure-ha-httpfs-1.log'
renamed 'ozonesecure-ha/result/docker-ozonesecure-ha-kdc-1.log' -> '/home/runner/work/ozone/ozone/hadoop-ozone/dist/target/ozone-2.1.0-SNAPSHOT/compose/result/ozonesecure-ha/scm-decommission/docker-ozonesecure-ha-kdc-1.log'
renamed 'ozonesecure-ha/result/docker-ozonesecure-ha-kms-1.log' -> '/home/runner/work/ozone/ozone/hadoop-ozone/dist/target/ozone-2.1.0-SNAPSHOT/compose/result/ozonesecure-ha/scm-decommission/docker-ozonesecure-ha-kms-1.log'
renamed 'ozonesecure-ha/result/docker-ozonesecure-ha-om1-1.log' -> '/home/runner/work/ozone/ozone/hadoop-ozone/dist/target/ozone-2.1.0-SNAPSHOT/compose/result/ozonesecure-ha/scm-decommission/docker-ozonesecure-ha-om1-1.log'
renamed 'ozonesecure-ha/result/docker-ozonesecure-ha-om2-1.log' -> '/home/runner/work/ozone/ozone/hadoop-ozone/dist/target/ozone-2.1.0-SNAPSHOT/compose/result/ozonesecure-ha/scm-decommission/docker-ozonesecure-ha-om2-1.log'
renamed 'ozonesecure-ha/result/docker-ozonesecure-ha-om3-1.log' -> '/home/runner/work/ozone/ozone/hadoop-ozone/dist/target/ozone-2.1.0-SNAPSHOT/compose/result/ozonesecure-ha/scm-decommission/docker-ozonesecure-ha-om3-1.log'
renamed 'ozonesecure-ha/result/docker-ozonesecure-ha-om4-1.log' -> '/home/runner/work/ozone/ozone/hadoop-ozone/dist/target/ozone-2.1.0-SNAPSHOT/compose/result/ozonesecure-ha/scm-decommission/docker-ozonesecure-ha-om4-1.log'
renamed 'ozonesecure-ha/result/docker-ozonesecure-ha-recon-1.log' -> '/home/runner/work/ozone/ozone/hadoop-ozone/dist/target/ozone-2.1.0-SNAPSHOT/compose/result/ozonesecure-ha/scm-decommission/docker-ozonesecure-ha-recon-1.log'
renamed 'ozonesecure-ha/result/docker-ozonesecure-ha-s3g-1.log' -> '/home/runner/work/ozone/ozone/hadoop-ozone/dist/target/ozone-2.1.0-SNAPSHOT/compose/result/ozonesecure-ha/scm-decommission/docker-ozonesecure-ha-s3g-1.log'
renamed 'ozonesecure-ha/result/docker-ozonesecure-ha-scm1.org-1.log' -> '/home/runner/work/ozone/ozone/hadoop-ozone/dist/target/ozone-2.1.0-SNAPSHOT/compose/result/ozonesecure-ha/scm-decommission/docker-ozonesecure-ha-scm1.org-1.log'
renamed 'ozonesecure-ha/result/docker-ozonesecure-ha-scm2.org-1.log' -> '/home/runner/work/ozone/ozone/hadoop-ozone/dist/target/ozone-2.1.0-SNAPSHOT/compose/result/ozonesecure-ha/scm-decommission/docker-ozonesecure-ha-scm2.org-1.log'
renamed 'ozonesecure-ha/result/docker-ozonesecure-ha-scm3.org-1.log' -> '/home/runner/work/ozone/ozone/hadoop-ozone/dist/target/ozone-2.1.0-SNAPSHOT/compose/result/ozonesecure-ha/scm-decommission/docker-ozonesecure-ha-scm3.org-1.log'
renamed 'ozonesecure-ha/result/docker-ozonesecure-ha-scm4.org-1.log' -> '/home/runner/work/ozone/ozone/hadoop-ozone/dist/target/ozone-2.1.0-SNAPSHOT/compose/result/ozonesecure-ha/scm-decommission/docker-ozonesecure-ha-scm4.org-1.log'
renamed 'ozonesecure-ha/result/kms-audit.log' -> '/home/runner/work/ozone/ozone/hadoop-ozone/dist/target/ozone-2.1.0-SNAPSHOT/compose/result/ozonesecure-ha/scm-decommission/kms-audit.log'
renamed 'ozonesecure-ha/result/om-audit-om1.log' -> '/home/runner/work/ozone/ozone/hadoop-ozone/dist/target/ozone-2.1.0-SNAPSHOT/compose/result/ozonesecure-ha/scm-decommission/om-audit-om1.log'
renamed 'ozonesecure-ha/result/om-audit-om2.log' -> '/home/runner/work/ozone/ozone/hadoop-ozone/dist/target/ozone-2.1.0-SNAPSHOT/compose/result/ozonesecure-ha/scm-decommission/om-audit-om2.log'
renamed 'ozonesecure-ha/result/om-audit-om3.log' -> '/home/runner/work/ozone/ozone/hadoop-ozone/dist/target/ozone-2.1.0-SNAPSHOT/compose/result/ozonesecure-ha/scm-decommission/om-audit-om3.log'
renamed 'ozonesecure-ha/result/om-sys-audit-om1.log' -> '/home/runner/work/ozone/ozone/hadoop-ozone/dist/target/ozone-2.1.0-SNAPSHOT/compose/result/ozonesecure-ha/scm-decommission/om-sys-audit-om1.log'
renamed 'ozonesecure-ha/result/om-sys-audit-om2.log' -> '/home/runner/work/ozone/ozone/hadoop-ozone/dist/target/ozone-2.1.0-SNAPSHOT/compose/result/ozonesecure-ha/scm-decommission/om-sys-audit-om2.log'
renamed 'ozonesecure-ha/result/om-sys-audit-om3.log' -> '/home/runner/work/ozone/ozone/hadoop-ozone/dist/target/ozone-2.1.0-SNAPSHOT/compose/result/ozonesecure-ha/scm-decommission/om-sys-audit-om3.log'
renamed 'ozonesecure-ha/result/s3g-audit-s3g.log' -> '/home/runner/work/ozone/ozone/hadoop-ozone/dist/target/ozone-2.1.0-SNAPSHOT/compose/result/ozonesecure-ha/scm-decommission/s3g-audit-s3g.log'
renamed 'ozonesecure-ha/result/scm-audit-scm2.org.log' -> '/home/runner/work/ozone/ozone/hadoop-ozone/dist/target/ozone-2.1.0-SNAPSHOT/compose/result/ozonesecure-ha/scm-decommission/scm-audit-scm2.org.log'
renamed 'ozonesecure-ha/result/scm-audit-scm3.org.log' -> '/home/runner/work/ozone/ozone/hadoop-ozone/dist/target/ozone-2.1.0-SNAPSHOT/compose/result/ozonesecure-ha/scm-decommission/scm-audit-scm3.org.log'
To use Ozone please mount ozone folder to /opt/hadoop
Log:     /rebot-output/log.html
Report:  /rebot-output/report.html
renamed '/home/runner/work/ozone/ozone/hadoop-ozone/dist/target/ozone-2.1.0-SNAPSHOT/compose/result/rebot-OkY7Ge/log.html' -> '/home/runner/work/ozone/ozone/hadoop-ozone/dist/target/ozone-2.1.0-SNAPSHOT/compose/result/log.html'
renamed '/home/runner/work/ozone/ozone/hadoop-ozone/dist/target/ozone-2.1.0-SNAPSHOT/compose/result/rebot-OkY7Ge/report.html' -> '/home/runner/work/ozone/ozone/hadoop-ozone/dist/target/ozone-2.1.0-SNAPSHOT/compose/result/report.html'
removed directory '/tmp/robot-data-qR5WAk'
