rm: cannot remove '/home/runner/work/ozone/ozone/hadoop-ozone/dist/target/ozone-1.4.0-SNAPSHOT/compose/result/*': No such file or directory
Executing test in ozonesecure-ha
Removing network ozonesecure-ha_ozone_net
Network ozonesecure-ha_ozone_net not found.
Creating network "ozonesecure-ha_ozone_net" with the default driver
Pulling kdc (apache/ozone-testkrb5:20230318-1)...
20230318-1: Pulling from apache/ozone-testkrb5
Digest: sha256:6a7eeac1ebd12e8968e34ab93fb8d21f2b92ae52bc0a85b662a2d41065f05d3a
Status: Downloaded newer image for apache/ozone-testkrb5:20230318-1
Pulling kms (apache/hadoop:3)...
3: Pulling from apache/hadoop
Digest: sha256:1c33d429560ebc1b4fba1d61758ff5c73a2c9027572568769f56a68c4eaadbf6
Status: Downloaded newer image for apache/hadoop:3
Pulling datanode1 (apache/ozone-runner:20230104-1)...
20230104-1: Pulling from apache/ozone-runner
Digest: sha256:bc4c3ecdf9e653e2287e8b99449222807ee6011b520beae9a8874d9b8fc037f3
Status: Downloaded newer image for apache/ozone-runner:20230104-1
Creating ozonesecure-ha_om2_1 ... 
Creating ozonesecure-ha_scm2.org_1 ... 
Creating ozonesecure-ha_kdc_1      ... 
Creating ozonesecure-ha_om1_1      ... 
Creating ozonesecure-ha_httpfs_1   ... 
Creating ozonesecure-ha_datanode1_1 ... 
Creating ozonesecure-ha_om3_1       ... 
Creating ozonesecure-ha_recon_1     ... 
Creating ozonesecure-ha_datanode2_1 ... 
Creating ozonesecure-ha_s3g_1       ... 
Creating ozonesecure-ha_scm3.org_1  ... 
Creating ozonesecure-ha_kms_1       ... 
Creating ozonesecure-ha_scm1.org_1  ... 
Creating ozonesecure-ha_datanode3_1 ... 
Creating ozonesecure-ha_kdc_1       ... done
Creating ozonesecure-ha_datanode1_1 ... done
Creating ozonesecure-ha_om2_1       ... done
Creating ozonesecure-ha_httpfs_1    ... done
Creating ozonesecure-ha_om1_1       ... done
Creating ozonesecure-ha_recon_1     ... done
Creating ozonesecure-ha_datanode2_1 ... done
Creating ozonesecure-ha_scm2.org_1  ... done
Creating ozonesecure-ha_s3g_1       ... done
Creating ozonesecure-ha_datanode3_1 ... done
Creating ozonesecure-ha_kms_1       ... done
Creating ozonesecure-ha_scm1.org_1  ... done
Creating ozonesecure-ha_scm3.org_1  ... done
Creating ozonesecure-ha_om3_1       ... done
SECONDS: 56
com.google.protobuf.ServiceException: java.net.ConnectException: Call From scm1.org/172.25.0.116 to scm1.org:9860 failed on connection exception: java.net.ConnectException: Connection refused; For more details see: http://wiki.apache.org/hadoop/ConnectionRefused, while invoking $Proxy21.submitRequest over nodeId=scm1,nodeAddress=scm1.org/172.25.0.116:9860 after 3 failover attempts. Trying to failover after sleeping for 2000ms. Current retry count: 3. com.google.protobuf.ServiceException: java.net.ConnectException: Call From scm1.org/172.25.0.116 to scm2.org:9860 failed on connection exception: java.net.ConnectException: Connection refused; For more details see: http://wiki.apache.org/hadoop/ConnectionRefused, while invoking $Proxy21.submitRequest over nodeId=scm2,nodeAddress=scm2.org/172.25.0.117:9860 after 4 failover attempts. Trying to failover after sleeping for 2000ms. Current retry count: 4. com.google.protobuf.ServiceException: java.net.ConnectException: Call From scm1.org/172.25.0.116 to scm3.org:9860 failed on connection exception: java.net.ConnectException: Connection refused; For more details see: http://wiki.apache.org/hadoop/ConnectionRefused, while invoking $Proxy21.submitRequest over nodeId=scm3,nodeAddress=scm3.org/172.25.0.118:9860 after 5 failover attempts. Trying to failover after sleeping for 2000ms. Current retry count: 5. com.google.protobuf.ServiceException: java.net.ConnectException: Call From scm1.org/172.25.0.116 to scm1.org:9860 failed on connection exception: java.net.ConnectException: Connection refused; For more details see: http://wiki.apache.org/hadoop/ConnectionRefused, while invoking $Proxy21.submitRequest over nodeId=scm1,nodeAddress=scm1.org/172.25.0.116:9860 after 6 failover attempts. Trying to failover after sleeping for 2000ms. Current retry count: 6. com.google.protobuf.ServiceException: java.net.ConnectException: Call From scm1.org/172.25.0.116 to scm2.org:9860 failed on connection exception: java.net.ConnectException: Connection refused; For more details see: http://wiki.apache.org/hadoop/ConnectionRefused, while invoking $Proxy21.submitRequest over nodeId=scm2,nodeAddress=scm2.org/172.25.0.117:9860 after 7 failover attempts. Trying to failover after sleeping for 2000ms. Current retry count: 7. com.google.protobuf.ServiceException: java.net.ConnectException: Call From scm1.org/172.25.0.116 to scm3.org:9860 failed on connection exception: java.net.ConnectException: Connection refused; For more details see: http://wiki.apache.org/hadoop/ConnectionRefused, while invoking $Proxy21.submitRequest over nodeId=scm3,nodeAddress=scm3.org/172.25.0.118:9860 after 8 failover attempts. Trying to failover after sleeping for 2000ms. Current retry count: 8. com.google.protobuf.ServiceException: org.apache.hadoop.ipc.RemoteException(org.apache.hadoop.hdds.ratis.ServerNotLeaderException): Server:ef233a8a-f698-4053-8d89-55cafc2fa1d0 is not the leader. Could not determine the leader node. at org.apache.hadoop.hdds.ratis.ServerNotLeaderException.convertToNotLeaderException(ServerNotLeaderException.java:109) at org.apache.hadoop.hdds.scm.ha.RatisUtil.checkRatisException(RatisUtil.java:246) at org.apache.hadoop.hdds.scm.protocol.StorageContainerLocationProtocolServerSideTranslatorPB.submitRequest(StorageContainerLocationProtocolServerSideTranslatorPB.java:199) at org.apache.hadoop.hdds.protocol.proto.StorageContainerLocationProtocolProtos$StorageContainerLocationProtocolService$2.callBlockingMethod(StorageContainerLocationProtocolProtos.java) at org.apache.hadoop.ipc.ProtobufRpcEngine$Server.processCall(ProtobufRpcEngine.java:484) at org.apache.hadoop.ipc.ProtobufRpcEngine2$Server$ProtoBufRpcInvoker.call(ProtobufRpcEngine2.java:595) at org.apache.hadoop.ipc.ProtobufRpcEngine2$Server$ProtoBufRpcInvoker.call(ProtobufRpcEngine2.java:573) at org.apache.hadoop.ipc.RPC$Server.call(RPC.java:1213) at org.apache.hadoop.ipc.Server$RpcCall.run(Server.java:1089) at org.apache.hadoop.ipc.Server$RpcCall.run(Server.java:1012) at java.base/java.security.AccessController.doPrivileged(Native Method) at java.base/javax.security.auth.Subject.doAs(Subject.java:423) at org.apache.hadoop.security.UserGroupInformation.doAs(UserGroupInformation.java:1899) at org.apache.hadoop.ipc.Server$Handler.run(Server.java:3026) , while invoking $Proxy21.submitRequest over nodeId=scm1,nodeAddress=scm1.org/172.25.0.116:9860 after 9 failover attempts. Trying to failover after sleeping for 2000ms. Current retry count: 9. com.google.protobuf.ServiceException: java.net.ConnectException: Call From scm1.org/172.25.0.116 to scm2.org:9860 failed on connection exception: java.net.ConnectException: Connection refused; For more details see: http://wiki.apache.org/hadoop/ConnectionRefused, while invoking $Proxy21.submitRequest over nodeId=scm2,nodeAddress=scm2.org/172.25.0.117:9860 after 10 failover attempts. Trying to failover after sleeping for 2000ms. Current retry count: 10. com.google.protobuf.ServiceException: java.net.ConnectException: Call From scm1.org/172.25.0.116 to scm3.org:9860 failed on connection exception: java.net.ConnectException: Connection refused; For more details see: http://wiki.apache.org/hadoop/ConnectionRefused, while invoking $Proxy21.submitRequest over nodeId=scm3,nodeAddress=scm3.org/172.25.0.118:9860 after 11 failover attempts. Trying to failover after sleeping for 2000ms. Current retry count: 11. SCM is in safe mode. validated:false, DataNodeSafeModeRule, registered datanodes (=0) >= required datanodes (=3) validated:false, HealthyPipelineSafeModeRule, healthy Ratis/THREE pipelines (=0) >= healthyPipelineThresholdCount (=1) validated:true, ContainerSafeModeRule, % of containers with at least one reported replica (=1.00) >= safeModeCutoff (=0.99) validated:true, AtleastOneDatanodeReportedRule, reported Ratis/THREE pipelines with at least one datanode (=0) >= threshold (=0)
SECONDS: 78
SCM is in safe mode. validated:false, DataNodeSafeModeRule, registered datanodes (=0) >= required datanodes (=3) validated:false, HealthyPipelineSafeModeRule, healthy Ratis/THREE pipelines (=0) >= healthyPipelineThresholdCount (=1) validated:true, ContainerSafeModeRule, % of containers with at least one reported replica (=1.00) >= safeModeCutoff (=0.99) validated:true, AtleastOneDatanodeReportedRule, reported Ratis/THREE pipelines with at least one datanode (=0) >= threshold (=0)
SECONDS: 97
SCM is in safe mode. validated:false, DataNodeSafeModeRule, registered datanodes (=0) >= required datanodes (=3) validated:false, HealthyPipelineSafeModeRule, healthy Ratis/THREE pipelines (=0) >= healthyPipelineThresholdCount (=1) validated:true, ContainerSafeModeRule, % of containers with at least one reported replica (=1.00) >= safeModeCutoff (=0.99) validated:true, AtleastOneDatanodeReportedRule, reported Ratis/THREE pipelines with at least one datanode (=0) >= threshold (=0)
SECONDS: 151
SCM is in safe mode. validated:false, DataNodeSafeModeRule, registered datanodes (=0) >= required datanodes (=3) validated:false, HealthyPipelineSafeModeRule, healthy Ratis/THREE pipelines (=0) >= healthyPipelineThresholdCount (=1) validated:true, ContainerSafeModeRule, % of containers with at least one reported replica (=1.00) >= safeModeCutoff (=0.99) validated:true, AtleastOneDatanodeReportedRule, reported Ratis/THREE pipelines with at least one datanode (=0) >= threshold (=0)
SECONDS: 237
SCM is out of safe mode.
Safe mode is off
Found OM leader for service omservice: om3 : LEADER (om3)
Replaced OM order with om3,om2,om1 in ozonesecure-ha_datanode1_1
Replaced OM order with om3,om2,om1 in ozonesecure-ha_datanode2_1
Replaced OM order with om3,om2,om1 in ozonesecure-ha_datanode3_1
Replaced OM order with om3,om2,om1 in ozonesecure-ha_recon_1
Replaced OM order with om3,om2,om1 in ozonesecure-ha_s3g_1
Replaced OM order with om3,om2,om1 in ozonesecure-ha_scm1.org_1
Replaced OM order with om3,om2,om1 in ozonesecure-ha_scm2.org_1
Replaced OM order with om3,om2,om1 in ozonesecure-ha_scm3.org_1
key1 has been successfully created with options Options{cipher='AES/CTR/NoPadding', bitLength=128, description='null', attributes=null}.
org.apache.hadoop.crypto.key.kms.LoadBalancingKMSClientProvider@25084a1e has been updated.
==============================================================================
Kinit :: Kinit test user                                                      
==============================================================================
Kinit                                                                 | PASS |
------------------------------------------------------------------------------
Kinit :: Kinit test user                                              | PASS |
1 test, 1 passed, 0 failed
==============================================================================
Output:  /tmp/smoketest/ozonesecure-ha/result/robot-ozonesecure-ha-ozonesecure-ha-kinit-s3g.xml
==============================================================================
Freon                                                                         
==============================================================================
Freon.echoRPCLoad :: Test freon echo RPC commands                             
==============================================================================
Ozone Echo RPC Load Generator with request payload and response pa... | PASS |
------------------------------------------------------------------------------
Ozone Echo RPC Load Generator with request payload and empty respo... | PASS |
------------------------------------------------------------------------------
Ozone Echo RPC Load Generator with empty request payload and respo... | PASS |
------------------------------------------------------------------------------
Ozone Echo RPC Load Generator with empty request payload and empty... | PASS |
------------------------------------------------------------------------------
Freon.echoRPCLoad :: Test freon echo RPC commands                     | PASS |
4 tests, 4 passed, 0 failed
==============================================================================
Freon.Generate-Chunk :: Test freon chunk generation commands                  
==============================================================================
DN Chunk Generator                                                    | PASS |
------------------------------------------------------------------------------
Freon.Generate-Chunk :: Test freon chunk generation commands          | PASS |
1 test, 1 passed, 0 failed
==============================================================================
Freon.Generate :: Test freon data generation commands                         
==============================================================================
Ozone Client Key Generator                                            | PASS |
------------------------------------------------------------------------------
OM Key Generator                                                      | PASS |
------------------------------------------------------------------------------
OM Bucket Generator                                                   | PASS |
------------------------------------------------------------------------------
Freon.Generate :: Test freon data generation commands                 | PASS |
3 tests, 3 passed, 0 failed
==============================================================================
Freon.Read-Write-Key :: Test freon read/write key commands                    
==============================================================================
Pre-generate 100 keys of size 1 byte each to Ozone                    | PASS |
------------------------------------------------------------------------------
Read 10 keys from pre-generated keys                                  | PASS |
------------------------------------------------------------------------------
Read 10 keys' metadata from pre-generated keys                        | PASS |
------------------------------------------------------------------------------
Write 10 keys of size 1 byte each from key index 0 to 99              | PASS |
------------------------------------------------------------------------------
Run 90 % of read-key tasks and 10 % of write-key tasks for 10 keys... | PASS |
------------------------------------------------------------------------------
Freon.Read-Write-Key :: Test freon read/write key commands            | PASS |
5 tests, 5 passed, 0 failed
==============================================================================
Freon.Remove :: Test freon data remove commands                               
==============================================================================
Ozone Client Key Remover                                              | PASS |
------------------------------------------------------------------------------
OM Bucket Remover                                                     | PASS |
------------------------------------------------------------------------------
Freon.Remove :: Test freon data remove commands                       | PASS |
2 tests, 2 passed, 0 failed
==============================================================================
Freon.Validate-Chunk :: Test freon chunk validation commands                  
==============================================================================
DN Chunk Validator                                                    | PASS |
------------------------------------------------------------------------------
Freon.Validate-Chunk :: Test freon chunk validation commands          | PASS |
1 test, 1 passed, 0 failed
==============================================================================
Freon.Validate :: Test freon data validation commands                         
==============================================================================
Ozone Client Key Validator                                            | PASS |
------------------------------------------------------------------------------
Freon.Validate :: Test freon data validation commands                 | PASS |
1 test, 1 passed, 0 failed
==============================================================================
Freon                                                                 | PASS |
17 tests, 17 passed, 0 failed
==============================================================================
Output:  /tmp/smoketest/ozonesecure-ha/result/robot-ozonesecure-ha-ozonesecure-ha-kinit-s3g-1.xml
==============================================================================
ozonefs-o3fs-link :: Ozone FS tests                                           
==============================================================================
List root                                                             | PASS |
------------------------------------------------------------------------------
List non-existent volume                                              | PASS |
------------------------------------------------------------------------------
List non-existent bucket                                              | PASS |
------------------------------------------------------------------------------
Create dir with parents                                               | PASS |
------------------------------------------------------------------------------
Copy from local                                                       | PASS |
------------------------------------------------------------------------------
Put                                                                   | PASS |
------------------------------------------------------------------------------
Check disk usage after create a file which uses RATIS replication ... | PASS |
------------------------------------------------------------------------------
Put with Streaming                                                    | PASS |
------------------------------------------------------------------------------
List                                                                  | PASS |
------------------------------------------------------------------------------
Move                                                                  | PASS |
------------------------------------------------------------------------------
Copy within FS                                                        | PASS |
------------------------------------------------------------------------------
Cat file                                                              | PASS |
------------------------------------------------------------------------------
Delete file                                                           | PASS |
------------------------------------------------------------------------------
Delete dir                                                            | PASS |
------------------------------------------------------------------------------
Touch file                                                            | PASS |
------------------------------------------------------------------------------
Delete file with Trash                                                | PASS |
------------------------------------------------------------------------------
Delete recursively                                                    | PASS |
------------------------------------------------------------------------------
List recursively                                                      | PASS |
------------------------------------------------------------------------------
Copy to other bucket                                                  | PASS |
------------------------------------------------------------------------------
Copy to other volume                                                  | PASS |
------------------------------------------------------------------------------
List file created via shell                                           | PASS |
------------------------------------------------------------------------------
Reject overwrite existing                                             | PASS |
------------------------------------------------------------------------------
Get file                                                              | PASS |
------------------------------------------------------------------------------
ozonefs-o3fs-link :: Ozone FS tests                                   | PASS |
23 tests, 23 passed, 0 failed
==============================================================================
Output:  /tmp/smoketest/ozonesecure-ha/result/robot-ozonesecure-ha-ozonesecure-ha-kinit-s3g-2.xml
==============================================================================
Links :: Test bucket links via Ozone CLI                                      
==============================================================================
Link to non-existent bucket                                           | PASS |
------------------------------------------------------------------------------
Key create passthrough                                                | PASS |
------------------------------------------------------------------------------
Key read passthrough                                                  | PASS |
------------------------------------------------------------------------------
Key list passthrough                                                  | PASS |
------------------------------------------------------------------------------
Key delete passthrough                                                | PASS |
------------------------------------------------------------------------------
Bucket list contains links                                            | PASS |
------------------------------------------------------------------------------
Bucket info shows source                                              | PASS |
------------------------------------------------------------------------------
Source and target bucket have different ACLs                          | FAIL |
Test timeout 4 minutes exceeded.
------------------------------------------------------------------------------
Source and target key have same ACLs                                  | PASS |
------------------------------------------------------------------------------
Buckets and links share namespace                                     | PASS |
------------------------------------------------------------------------------
Can follow link with read access                                      | PASS |
------------------------------------------------------------------------------
Cannot follow link without read access                                | PASS |
------------------------------------------------------------------------------
ACL verified on source and target bucket                              | PASS |
------------------------------------------------------------------------------
Loop in link chain is detected                                        | PASS |
------------------------------------------------------------------------------
Multiple links to same bucket are allowed                             | PASS |
------------------------------------------------------------------------------
Source bucket not affected by deleting link                           | PASS |
------------------------------------------------------------------------------
Setting bucket property on link not allowed                           | PASS |
------------------------------------------------------------------------------
Links :: Test bucket links via Ozone CLI                              | FAIL |
17 tests, 16 passed, 1 failed
==============================================================================
Output:  /tmp/smoketest/ozonesecure-ha/result/robot-ozonesecure-ha-ozonesecure-ha-kinit-s3g-3.xml
jstack 7 > /home/runner/work/ozone/ozone/hadoop-ozone/dist/target/ozone-1.4.0-SNAPSHOT/compose/ozonesecure-ha/result/ozonesecure-ha_datanode1_1_HddsDatanodeService.stack
jstack 6 > /home/runner/work/ozone/ozone/hadoop-ozone/dist/target/ozone-1.4.0-SNAPSHOT/compose/ozonesecure-ha/result/ozonesecure-ha_datanode2_1_HddsDatanodeService.stack
jstack 7 > /home/runner/work/ozone/ozone/hadoop-ozone/dist/target/ozone-1.4.0-SNAPSHOT/compose/ozonesecure-ha/result/ozonesecure-ha_datanode3_1_HddsDatanodeService.stack
jstack 7 > /home/runner/work/ozone/ozone/hadoop-ozone/dist/target/ozone-1.4.0-SNAPSHOT/compose/ozonesecure-ha/result/ozonesecure-ha_om1_1_OzoneManagerStarter.stack
jstack 7 > /home/runner/work/ozone/ozone/hadoop-ozone/dist/target/ozone-1.4.0-SNAPSHOT/compose/ozonesecure-ha/result/ozonesecure-ha_om2_1_OzoneManagerStarter.stack
jstack 6 > /home/runner/work/ozone/ozone/hadoop-ozone/dist/target/ozone-1.4.0-SNAPSHOT/compose/ozonesecure-ha/result/ozonesecure-ha_om3_1_OzoneManagerStarter.stack
jstack 6 > /home/runner/work/ozone/ozone/hadoop-ozone/dist/target/ozone-1.4.0-SNAPSHOT/compose/ozonesecure-ha/result/ozonesecure-ha_recon_1_ReconServer.stack
jstack 7 > /home/runner/work/ozone/ozone/hadoop-ozone/dist/target/ozone-1.4.0-SNAPSHOT/compose/ozonesecure-ha/result/ozonesecure-ha_s3g_1_Gateway.stack
jstack 6 > /home/runner/work/ozone/ozone/hadoop-ozone/dist/target/ozone-1.4.0-SNAPSHOT/compose/ozonesecure-ha/result/ozonesecure-ha_scm1.org_1_StorageContainerManagerStarter.stack
jstack 8 > /home/runner/work/ozone/ozone/hadoop-ozone/dist/target/ozone-1.4.0-SNAPSHOT/compose/ozonesecure-ha/result/ozonesecure-ha_scm2.org_1_StorageContainerManagerStarter.stack
jstack 7 > /home/runner/work/ozone/ozone/hadoop-ozone/dist/target/ozone-1.4.0-SNAPSHOT/compose/ozonesecure-ha/result/ozonesecure-ha_scm3.org_1_StorageContainerManagerStarter.stack
Stopping ozonesecure-ha_datanode3_1 ... 
Stopping ozonesecure-ha_scm1.org_1  ... 
Stopping ozonesecure-ha_om3_1       ... 
Stopping ozonesecure-ha_scm3.org_1  ... 
Stopping ozonesecure-ha_s3g_1       ... 
Stopping ozonesecure-ha_kms_1       ... 
Stopping ozonesecure-ha_datanode2_1 ... 
Stopping ozonesecure-ha_recon_1     ... 
Stopping ozonesecure-ha_httpfs_1    ... 
Stopping ozonesecure-ha_datanode1_1 ... 
Stopping ozonesecure-ha_kdc_1       ... 
Stopping ozonesecure-ha_scm2.org_1  ... 
Stopping ozonesecure-ha_om1_1       ... 
Stopping ozonesecure-ha_om2_1       ... 
Stopping ozonesecure-ha_kdc_1       ... done
Stopping ozonesecure-ha_kms_1       ... done
Stopping ozonesecure-ha_httpfs_1    ... done
Stopping ozonesecure-ha_om2_1       ... done
Stopping ozonesecure-ha_om1_1       ... done
Stopping ozonesecure-ha_s3g_1       ... done
Stopping ozonesecure-ha_om3_1       ... done
Stopping ozonesecure-ha_recon_1     ... done
Stopping ozonesecure-ha_datanode1_1 ... done
Stopping ozonesecure-ha_datanode2_1 ... done
Stopping ozonesecure-ha_datanode3_1 ... done
Stopping ozonesecure-ha_scm2.org_1  ... done
Stopping ozonesecure-ha_scm3.org_1  ... done
Stopping ozonesecure-ha_scm1.org_1  ... done
Removing ozonesecure-ha_datanode3_1 ... 
Removing ozonesecure-ha_scm1.org_1  ... 
Removing ozonesecure-ha_om3_1       ... 
Removing ozonesecure-ha_scm3.org_1  ... 
Removing ozonesecure-ha_s3g_1       ... 
Removing ozonesecure-ha_kms_1       ... 
Removing ozonesecure-ha_datanode2_1 ... 
Removing ozonesecure-ha_recon_1     ... 
Removing ozonesecure-ha_httpfs_1    ... 
Removing ozonesecure-ha_datanode1_1 ... 
Removing ozonesecure-ha_kdc_1       ... 
Removing ozonesecure-ha_scm2.org_1  ... 
Removing ozonesecure-ha_om1_1       ... 
Removing ozonesecure-ha_om2_1       ... 
Removing ozonesecure-ha_kdc_1       ... done
Removing ozonesecure-ha_httpfs_1    ... done
Removing ozonesecure-ha_s3g_1       ... done
Removing ozonesecure-ha_om3_1       ... done
Removing ozonesecure-ha_scm3.org_1  ... done
Removing ozonesecure-ha_scm1.org_1  ... done
Removing ozonesecure-ha_om1_1       ... done
Removing ozonesecure-ha_om2_1       ... done
Removing ozonesecure-ha_datanode2_1 ... done
Removing ozonesecure-ha_recon_1     ... done
Removing ozonesecure-ha_kms_1       ... done
Removing ozonesecure-ha_scm2.org_1  ... done
Removing ozonesecure-ha_datanode1_1 ... done
Removing ozonesecure-ha_datanode3_1 ... done
Removing network ozonesecure-ha_ozone_net
ERROR: Test execution of ozonesecure-ha is FAILED!!!!
Output:  /home/runner/work/ozone/ozone/hadoop-ozone/dist/target/ozone-1.4.0-SNAPSHOT/compose/result/ozonesecure-ha.xml
removed 'ozonesecure-ha/result/robot-ozonesecure-ha-ozonesecure-ha-kinit-s3g-1.xml'
removed 'ozonesecure-ha/result/robot-ozonesecure-ha-ozonesecure-ha-kinit-s3g-2.xml'
removed 'ozonesecure-ha/result/robot-ozonesecure-ha-ozonesecure-ha-kinit-s3g-3.xml'
removed 'ozonesecure-ha/result/robot-ozonesecure-ha-ozonesecure-ha-kinit-s3g.xml'
renamed 'ozonesecure-ha/result/dn-audit-2c3c4bd4137b.log' -> '/home/runner/work/ozone/ozone/hadoop-ozone/dist/target/ozone-1.4.0-SNAPSHOT/compose/result/ozonesecure-ha/dn-audit-2c3c4bd4137b.log'
renamed 'ozonesecure-ha/result/dn-audit-50847f94e58f.log' -> '/home/runner/work/ozone/ozone/hadoop-ozone/dist/target/ozone-1.4.0-SNAPSHOT/compose/result/ozonesecure-ha/dn-audit-50847f94e58f.log'
renamed 'ozonesecure-ha/result/dn-audit-7dd1b7afe61e.log' -> '/home/runner/work/ozone/ozone/hadoop-ozone/dist/target/ozone-1.4.0-SNAPSHOT/compose/result/ozonesecure-ha/dn-audit-7dd1b7afe61e.log'
renamed 'ozonesecure-ha/result/docker-ozonesecure-ha-ozonesecure-ha-kinit-s3g.log' -> '/home/runner/work/ozone/ozone/hadoop-ozone/dist/target/ozone-1.4.0-SNAPSHOT/compose/result/ozonesecure-ha/docker-ozonesecure-ha-ozonesecure-ha-kinit-s3g.log'
renamed 'ozonesecure-ha/result/kms-audit.log' -> '/home/runner/work/ozone/ozone/hadoop-ozone/dist/target/ozone-1.4.0-SNAPSHOT/compose/result/ozonesecure-ha/kms-audit.log'
renamed 'ozonesecure-ha/result/om-audit-om1.log' -> '/home/runner/work/ozone/ozone/hadoop-ozone/dist/target/ozone-1.4.0-SNAPSHOT/compose/result/ozonesecure-ha/om-audit-om1.log'
renamed 'ozonesecure-ha/result/om-audit-om2.log' -> '/home/runner/work/ozone/ozone/hadoop-ozone/dist/target/ozone-1.4.0-SNAPSHOT/compose/result/ozonesecure-ha/om-audit-om2.log'
renamed 'ozonesecure-ha/result/om-audit-om3.log' -> '/home/runner/work/ozone/ozone/hadoop-ozone/dist/target/ozone-1.4.0-SNAPSHOT/compose/result/ozonesecure-ha/om-audit-om3.log'
renamed 'ozonesecure-ha/result/ozonesecure-ha_datanode1_1_HddsDatanodeService.stack' -> '/home/runner/work/ozone/ozone/hadoop-ozone/dist/target/ozone-1.4.0-SNAPSHOT/compose/result/ozonesecure-ha/ozonesecure-ha_datanode1_1_HddsDatanodeService.stack'
renamed 'ozonesecure-ha/result/ozonesecure-ha_datanode2_1_HddsDatanodeService.stack' -> '/home/runner/work/ozone/ozone/hadoop-ozone/dist/target/ozone-1.4.0-SNAPSHOT/compose/result/ozonesecure-ha/ozonesecure-ha_datanode2_1_HddsDatanodeService.stack'
renamed 'ozonesecure-ha/result/ozonesecure-ha_datanode3_1_HddsDatanodeService.stack' -> '/home/runner/work/ozone/ozone/hadoop-ozone/dist/target/ozone-1.4.0-SNAPSHOT/compose/result/ozonesecure-ha/ozonesecure-ha_datanode3_1_HddsDatanodeService.stack'
renamed 'ozonesecure-ha/result/ozonesecure-ha_om1_1_OzoneManagerStarter.stack' -> '/home/runner/work/ozone/ozone/hadoop-ozone/dist/target/ozone-1.4.0-SNAPSHOT/compose/result/ozonesecure-ha/ozonesecure-ha_om1_1_OzoneManagerStarter.stack'
renamed 'ozonesecure-ha/result/ozonesecure-ha_om2_1_OzoneManagerStarter.stack' -> '/home/runner/work/ozone/ozone/hadoop-ozone/dist/target/ozone-1.4.0-SNAPSHOT/compose/result/ozonesecure-ha/ozonesecure-ha_om2_1_OzoneManagerStarter.stack'
renamed 'ozonesecure-ha/result/ozonesecure-ha_om3_1_OzoneManagerStarter.stack' -> '/home/runner/work/ozone/ozone/hadoop-ozone/dist/target/ozone-1.4.0-SNAPSHOT/compose/result/ozonesecure-ha/ozonesecure-ha_om3_1_OzoneManagerStarter.stack'
renamed 'ozonesecure-ha/result/ozonesecure-ha_recon_1_ReconServer.stack' -> '/home/runner/work/ozone/ozone/hadoop-ozone/dist/target/ozone-1.4.0-SNAPSHOT/compose/result/ozonesecure-ha/ozonesecure-ha_recon_1_ReconServer.stack'
renamed 'ozonesecure-ha/result/ozonesecure-ha_s3g_1_Gateway.stack' -> '/home/runner/work/ozone/ozone/hadoop-ozone/dist/target/ozone-1.4.0-SNAPSHOT/compose/result/ozonesecure-ha/ozonesecure-ha_s3g_1_Gateway.stack'
renamed 'ozonesecure-ha/result/ozonesecure-ha_scm1.org_1_StorageContainerManagerStarter.stack' -> '/home/runner/work/ozone/ozone/hadoop-ozone/dist/target/ozone-1.4.0-SNAPSHOT/compose/result/ozonesecure-ha/ozonesecure-ha_scm1.org_1_StorageContainerManagerStarter.stack'
renamed 'ozonesecure-ha/result/ozonesecure-ha_scm2.org_1_StorageContainerManagerStarter.stack' -> '/home/runner/work/ozone/ozone/hadoop-ozone/dist/target/ozone-1.4.0-SNAPSHOT/compose/result/ozonesecure-ha/ozonesecure-ha_scm2.org_1_StorageContainerManagerStarter.stack'
renamed 'ozonesecure-ha/result/ozonesecure-ha_scm3.org_1_StorageContainerManagerStarter.stack' -> '/home/runner/work/ozone/ozone/hadoop-ozone/dist/target/ozone-1.4.0-SNAPSHOT/compose/result/ozonesecure-ha/ozonesecure-ha_scm3.org_1_StorageContainerManagerStarter.stack'
renamed 'ozonesecure-ha/result/s3g-audit-s3g.log' -> '/home/runner/work/ozone/ozone/hadoop-ozone/dist/target/ozone-1.4.0-SNAPSHOT/compose/result/ozonesecure-ha/s3g-audit-s3g.log'
renamed 'ozonesecure-ha/result/scm-audit-scm1.org.log' -> '/home/runner/work/ozone/ozone/hadoop-ozone/dist/target/ozone-1.4.0-SNAPSHOT/compose/result/ozonesecure-ha/scm-audit-scm1.org.log'
renamed 'ozonesecure-ha/result/scm-audit-scm2.org.log' -> '/home/runner/work/ozone/ozone/hadoop-ozone/dist/target/ozone-1.4.0-SNAPSHOT/compose/result/ozonesecure-ha/scm-audit-scm2.org.log'
renamed 'ozonesecure-ha/result/scm-audit-scm3.org.log' -> '/home/runner/work/ozone/ozone/hadoop-ozone/dist/target/ozone-1.4.0-SNAPSHOT/compose/result/ozonesecure-ha/scm-audit-scm3.org.log'
Exception in thread "main" java.net.SocketException: Socket closed
	at java.base/java.net.PlainSocketImpl.socketAccept(Native Method)
	at java.base/java.net.AbstractPlainSocketImpl.accept(AbstractPlainSocketImpl.java:474)
	at java.base/java.net.ServerSocket.implAccept(ServerSocket.java:565)
	at java.base/java.net.ServerSocket.accept(ServerSocket.java:533)
	at org.apache.hadoop.test.JacocoServer.main(JacocoServer.java:60)
Log:     /home/runner/work/ozone/ozone/hadoop-ozone/dist/target/ozone-1.4.0-SNAPSHOT/compose/result/log.html
Report:  /home/runner/work/ozone/ozone/hadoop-ozone/dist/target/ozone-1.4.0-SNAPSHOT/compose/result/report.html
