#
# A fatal error has been detected by the Java Runtime Environment:
#
#  SIGSEGV (0xb) at pc=0x0000000000000251, pid=131875, tid=0x00007f3aa4109700
#
# JRE version: OpenJDK Runtime Environment (8.0_402-b06) (build 1.8.0_402-b06)
# Java VM: OpenJDK 64-Bit Server VM (25.402-b06 mixed mode linux-amd64 compressed oops)
# Problematic frame:
# C  0x0000000000000251
#
# Failed to write core dump. Core dumps have been disabled. To enable core dumping, try "ulimit -c unlimited" before starting Java again
#
# If you would like to submit a bug report, please visit:
#   https://github.com/adoptium/adoptium-support/issues
# The crash happened outside the Java Virtual Machine in native code.
# See problematic frame for where to report the bug.
#

---------------  T H R E A D  ---------------

Current thread (0x00007f3abdc53800):  JavaThread "nullsnapshot-diff-job-thread-id-0" [_thread_in_native, id=132711, stack(0x00007f3aa4009000,0x00007f3aa410a000)]

siginfo: si_signo: 11 (SIGSEGV), si_code: 1 (SEGV_MAPERR), si_addr: 0x0000000000000251

Registers:
RAX=0x00007f3abdb84530, RBX=0x00007f3aa4107870, RCX=0x0000000000000000, RDX=0x00007f3abdb723b0
RSP=0x00007f3aa4107478, RBP=0x00007f3aa4107650, RSI=0x00007f3abdc4f9c0, RDI=0x00007f3abdb723b0
R8 =0x00007f3aa41079b0, R9 =0x00007f3aa4107a90, R10=0x0000000000000000, R11=0x00007f3abdb723b0
R12=0x00007f3abdb723b0, R13=0x00007f3aa4107a90, R14=0x00007f3aa4107c10, R15=0x00007f3abdc4f9c0
RIP=0x0000000000000251, EFLAGS=0x0000000000010202, CSGSFS=0x002b000000000033, ERR=0x0000000000000014
  TRAPNO=0x000000000000000e

Top of Stack: (sp=0x00007f3aa4107478)
0x00007f3aa4107478:   00007f3a97715a7d 0000000770e7d980
0x00007f3aa4107488:   00007f3aad95f764 00007f3abcef72c0
0x00007f3aa4107498:   0000000000000000 6f69746172756769
0x00007f3aa41074a8:   74696b636f4d2f6e 0000000770e7d980
0x00007f3aa41074b8:   00007f3aad5a4fbc 0000000000000000
0x00007f3aa41074c8:   0000000000000000 00007f3aa4107500
0x00007f3aa41074d8:   00007f3abdc3a280 0000000770e7d980
0x00007f3aa41074e8:   0000000770e54830 00007f3abe146000
0x00007f3aa41074f8:   00007f3abcd329f0 0000000000000001
0x00007f3aa4107508:   0000000000000110 00007f3abcd329f0
0x00007f3aa4107518:   00007f3abdc53800 00007f3aa4107590
0x00007f3aa4107528:   00007f3ac3891dc2 000000000000000b
0x00007f3aa4107538:   00007f3ac3607114 00007f3abdc53800
0x00007f3aa4107548:   0000000770e7d980 00007f3aa4107590
0x00007f3aa4107558:   00007f3ac370486f 00007f3aac826220
0x00007f3aa4107568:   00007f3aa4107cc0 0000000000000018
0x00007f3aa4107578:   0000000000000100 00007f3abdc53800
0x00007f3aa4107588:   00000007c00ae800 0000000000000000
0x00007f3aa4107598:   00007f3abdc53800 0000000100000000
0x00007f3aa41075a8:   0000002d00000000 00007f3aa4107660
0x00007f3aa41075b8:   00007f3aac8a7498 0000000000000000
0x00007f3aa41075c8:   00007f3aa4107818 00007f3aa4107888
0x00007f3aa41075d8:   00007f3abdc53800 00007f3aa41077c0
0x00007f3aa41075e8:   00007f3aad106f87 0000000000000000
0x00007f3aa41075f8:   0000000000000000 0000000000000000
0x00007f3aa4107608:   6974617275676966 6f4d2f6e6f697461
0x00007f3aa4107618:   6974617275676966 6f4d2f6e6f697461
0x00007f3aa4107628:   00007f3aa41079b0 00007f3aa4107b70
0x00007f3aa4107638:   00007f3aa4107a90 00007f3aa4107c10
0x00007f3aa4107648:   00007f3abdc4f9c0 00007f3aa4107980
0x00007f3aa4107658:   00007f3a97732070 0000000000000000
0x00007f3aa4107668:   0000000000000000 cafebabecafebabe 

Instructions: (pc=0x0000000000000251)
0x0000000000000231:   
[error occurred during error reporting (printing registers, top of stack, instructions near pc), id 0xb]

Register to memory mapping:

RAX=0x00007f3abdb84530 is an unknown value
RBX=0x00007f3aa4107870 is pointing into the stack for thread: 0x00007f3abdc53800
RCX=0x0000000000000000 is an unknown value
RDX=0x00007f3abdb723b0 is an unknown value
RSP=0x00007f3aa4107478 is pointing into the stack for thread: 0x00007f3abdc53800
RBP=0x00007f3aa4107650 is pointing into the stack for thread: 0x00007f3abdc53800
RSI=0x00007f3abdc4f9c0 is an unknown value
RDI=0x00007f3abdb723b0 is an unknown value
R8 =0x00007f3aa41079b0 is pointing into the stack for thread: 0x00007f3abdc53800
R9 =0x00007f3aa4107a90 is pointing into the stack for thread: 0x00007f3abdc53800
R10=0x0000000000000000 is an unknown value
R11=0x00007f3abdb723b0 is an unknown value
R12=0x00007f3abdb723b0 is an unknown value
R13=0x00007f3aa4107a90 is pointing into the stack for thread: 0x00007f3abdc53800
R14=0x00007f3aa4107c10 is pointing into the stack for thread: 0x00007f3abdc53800
R15=0x00007f3abdc4f9c0 is an unknown value


Stack: [0x00007f3aa4009000,0x00007f3aa410a000],  sp=0x00007f3aa4107478,  free space=1017k
Native frames: (J=compiled Java code, j=interpreted, Vv=VM code, C=native code)
C  0x0000000000000251
C  [librocksdbjni6245050212319147339.so+0x3cd070]  rocksdb::DBImpl::GetImpl(rocksdb::ReadOptions const&, rocksdb::Slice const&, rocksdb::DBImpl::GetImplOptions&)+0x8d0
C  [librocksdbjni6245050212319147339.so+0x3cdc3b]  rocksdb::DBImpl::Get(rocksdb::ReadOptions const&, rocksdb::ColumnFamilyHandle*, rocksdb::Slice const&, rocksdb::PinnableSlice*, std::string*)+0xeb
C  [librocksdbjni6245050212319147339.so+0x3b1f67]  rocksdb::DBImpl::Get(rocksdb::ReadOptions const&, rocksdb::ColumnFamilyHandle*, rocksdb::Slice const&, rocksdb::PinnableSlice*)+0x17
C  [librocksdbjni6245050212319147339.so+0x2bba16]  rocksdb::DB::Get(rocksdb::ReadOptions const&, rocksdb::ColumnFamilyHandle*, rocksdb::Slice const&, std::string*)+0x146
C  [librocksdbjni6245050212319147339.so+0x2b2e5a]  rocksdb_get_helper(JNIEnv_*, rocksdb::DB*, rocksdb::ReadOptions const&, rocksdb::ColumnFamilyHandle*, _jbyteArray*, int, int)+0xda
C  [librocksdbjni6245050212319147339.so+0x2b30b2]  Java_org_rocksdb_RocksDB_get__J_3BIIJ+0x62
j  org.rocksdb.RocksDB.get(J[BIIJ)[B+0
j  org.rocksdb.RocksDB.get(Lorg/rocksdb/ColumnFamilyHandle;[B)[B+13
j  org.apache.hadoop.ozone.om.snapshot.TestSnapshotDiffManager.getSnapshotDiffJobFromDb(Lorg/apache/hadoop/ozone/om/helpers/SnapshotInfo;Lorg/apache/hadoop/ozone/om/helpers/SnapshotInfo;)Lorg/apache/hadoop/ozone/om/helpers/SnapshotDiffJob;+57
j  org.apache.hadoop.ozone.om.snapshot.TestSnapshotDiffManager.lambda$testGetSnapshotDiffReportJob$39(Lorg/mockito/invocation/InvocationOnMock;)Ljava/lang/Object;+34
j  org.apache.hadoop.ozone.om.snapshot.TestSnapshotDiffManager$$Lambda$723.answer(Lorg/mockito/invocation/InvocationOnMock;)Ljava/lang/Object;+5
J 7767 C1 org.mockito.internal.stubbing.StubbedInvocationMatcher.answer(Lorg/mockito/invocation/InvocationOnMock;)Ljava/lang/Object; (68 bytes) @ 0x00007f3aad73341c [0x00007f3aad732da0+0x67c]
J 7682 C1 org.mockito.internal.handler.MockHandlerImpl.handle(Lorg/mockito/invocation/Invocation;)Ljava/lang/Object; (306 bytes) @ 0x00007f3aaded9eac [0x00007f3aaded76a0+0x280c]
J 7681 C1 org.mockito.internal.handler.NullResultGuardian.handle(Lorg/mockito/invocation/Invocation;)Ljava/lang/Object; (39 bytes) @ 0x00007f3aadeded7c [0x00007f3aadedec60+0x11c]
J 7680 C1 org.mockito.internal.handler.InvocationNotifierHandler.handle(Lorg/mockito/invocation/Invocation;)Ljava/lang/Object; (28 bytes) @ 0x00007f3aadedfbbc [0x00007f3aadedfaa0+0x11c]
J 7524 C1 org.mockito.internal.creation.bytebuddy.MockMethodInterceptor.doIntercept(Ljava/lang/Object;Ljava/lang/reflect/Method;[Ljava/lang/Object;Lorg/mockito/internal/invocation/RealMethod;Lorg/mockito/invocation/Location;)Ljava/lang/Object; (55 bytes) @ 0x00007f3aad46c84c [0x00007f3aad46bf20+0x92c]
J 7732 C1 org.mockito.internal.creation.bytebuddy.MockMethodAdvice.handle(Ljava/lang/Object;Ljava/lang/reflect/Method;[Ljava/lang/Object;)Ljava/util/concurrent/Callable; (87 bytes) @ 0x00007f3aade3a13c [0x00007f3aade39900+0x83c]
j  org.apache.hadoop.ozone.om.snapshot.SnapshotDiffManager.generateSnapshotDiffReport(Ljava/lang/String;Ljava/lang/String;Ljava/lang/String;Ljava/lang/String;Ljava/lang/String;Ljava/lang/String;ZZ)V+203
j  org.apache.hadoop.ozone.om.snapshot.SnapshotDiffManager.lambda$1(Ljava/lang/String;Ljava/lang/String;Ljava/lang/String;Ljava/lang/String;Ljava/lang/String;Ljava/lang/String;ZZ)V+26
j  org.apache.hadoop.ozone.om.snapshot.SnapshotDiffManager$$Lambda$497.run()V+36
j  java.util.concurrent.ThreadPoolExecutor.runWorker(Ljava/util/concurrent/ThreadPoolExecutor$Worker;)V+95
j  java.util.concurrent.ThreadPoolExecutor$Worker.run()V+5
j  java.lang.Thread.run()V+11
v  ~StubRoutines::call_stub
V  [libjvm.so+0x69f272]  JavaCalls::call_helper(JavaValue*, methodHandle*, JavaCallArguments*, Thread*)+0xe32
V  [libjvm.so+0x69c883]  JavaCalls::call_virtual(JavaValue*, KlassHandle, Symbol*, Symbol*, JavaCallArguments*, Thread*)+0x263
V  [libjvm.so+0x69ce87]  JavaCalls::call_virtual(JavaValue*, Handle, KlassHandle, Symbol*, Symbol*, Thread*)+0x57
V  [libjvm.so+0x74059c]  thread_entry(JavaThread*, Thread*)+0x6c
V  [libjvm.so+0xadb127]  JavaThread::thread_main_inner()+0x1c7
V  [libjvm.so+0xadc4da]  JavaThread::run()+0x2fa
V  [libjvm.so+0x968232]  java_start(Thread*)+0x102
C  [libpthread.so.0+0x8609]  start_thread+0xd9

Java frames: (J=compiled Java code, j=interpreted, Vv=VM code)
j  org.rocksdb.RocksDB.get(J[BIIJ)[B+0
j  org.rocksdb.RocksDB.get(Lorg/rocksdb/ColumnFamilyHandle;[B)[B+13
j  org.apache.hadoop.ozone.om.snapshot.TestSnapshotDiffManager.getSnapshotDiffJobFromDb(Lorg/apache/hadoop/ozone/om/helpers/SnapshotInfo;Lorg/apache/hadoop/ozone/om/helpers/SnapshotInfo;)Lorg/apache/hadoop/ozone/om/helpers/SnapshotDiffJob;+57
j  org.apache.hadoop.ozone.om.snapshot.TestSnapshotDiffManager.lambda$testGetSnapshotDiffReportJob$39(Lorg/mockito/invocation/InvocationOnMock;)Ljava/lang/Object;+34
j  org.apache.hadoop.ozone.om.snapshot.TestSnapshotDiffManager$$Lambda$723.answer(Lorg/mockito/invocation/InvocationOnMock;)Ljava/lang/Object;+5
J 7767 C1 org.mockito.internal.stubbing.StubbedInvocationMatcher.answer(Lorg/mockito/invocation/InvocationOnMock;)Ljava/lang/Object; (68 bytes) @ 0x00007f3aad73341c [0x00007f3aad732da0+0x67c]
J 7682 C1 org.mockito.internal.handler.MockHandlerImpl.handle(Lorg/mockito/invocation/Invocation;)Ljava/lang/Object; (306 bytes) @ 0x00007f3aaded9eac [0x00007f3aaded76a0+0x280c]
J 7681 C1 org.mockito.internal.handler.NullResultGuardian.handle(Lorg/mockito/invocation/Invocation;)Ljava/lang/Object; (39 bytes) @ 0x00007f3aadeded7c [0x00007f3aadedec60+0x11c]
J 7680 C1 org.mockito.internal.handler.InvocationNotifierHandler.handle(Lorg/mockito/invocation/Invocation;)Ljava/lang/Object; (28 bytes) @ 0x00007f3aadedfbbc [0x00007f3aadedfaa0+0x11c]
J 7524 C1 org.mockito.internal.creation.bytebuddy.MockMethodInterceptor.doIntercept(Ljava/lang/Object;Ljava/lang/reflect/Method;[Ljava/lang/Object;Lorg/mockito/internal/invocation/RealMethod;Lorg/mockito/invocation/Location;)Ljava/lang/Object; (55 bytes) @ 0x00007f3aad46c84c [0x00007f3aad46bf20+0x92c]
J 7732 C1 org.mockito.internal.creation.bytebuddy.MockMethodAdvice.handle(Ljava/lang/Object;Ljava/lang/reflect/Method;[Ljava/lang/Object;)Ljava/util/concurrent/Callable; (87 bytes) @ 0x00007f3aade3a13c [0x00007f3aade39900+0x83c]
j  org.apache.hadoop.ozone.om.snapshot.SnapshotDiffManager.generateSnapshotDiffReport(Ljava/lang/String;Ljava/lang/String;Ljava/lang/String;Ljava/lang/String;Ljava/lang/String;Ljava/lang/String;ZZ)V+203
j  org.apache.hadoop.ozone.om.snapshot.SnapshotDiffManager.lambda$1(Ljava/lang/String;Ljava/lang/String;Ljava/lang/String;Ljava/lang/String;Ljava/lang/String;Ljava/lang/String;ZZ)V+26
j  org.apache.hadoop.ozone.om.snapshot.SnapshotDiffManager$$Lambda$497.run()V+36
j  java.util.concurrent.ThreadPoolExecutor.runWorker(Ljava/util/concurrent/ThreadPoolExecutor$Worker;)V+95
j  java.util.concurrent.ThreadPoolExecutor$Worker.run()V+5
j  java.lang.Thread.run()V+11
v  ~StubRoutines::call_stub

---------------  P R O C E S S  ---------------

Java Threads: ( => current thread )
=>0x00007f3abdc53800 JavaThread "nullsnapshot-diff-job-thread-id-0" [_thread_in_native, id=132711, stack(0x00007f3aa4009000,0x00007f3aa410a000)]
  0x00007f3abd9d5800 JavaThread "LeakDetector-ManagedRocksObject0" daemon [_thread_blocked, id=131919, stack(0x00007f3aa4125000,0x00007f3aa4226000)]
  0x00007f3abd3d3800 JavaThread "Attach Listener" daemon [_thread_blocked, id=131896, stack(0x00007f3aa4c34000,0x00007f3aa4d35000)]
  0x00007f3abcb32000 JavaThread "gradle-enterprise-test-client-gradle-enterprise-test-listener" [_thread_blocked, id=131895, stack(0x00007f3aa5739000,0x00007f3aa583a000)]
  0x00007f3aa8237800 JavaThread "process reaper" daemon [_thread_blocked, id=131894, stack(0x00007f3aa5c4b000,0x00007f3aa5c84000)]
  0x00007f3abcd2f800 JavaThread "surefire-forkedjvm-ping-30s" daemon [_thread_blocked, id=131891, stack(0x00007f3aa5c84000,0x00007f3aa5d85000)]
  0x00007f3abcc65000 JavaThread "surefire-forkedjvm-command-thread" daemon [_thread_in_native, id=131890, stack(0x00007f3aa5d85000,0x00007f3aa5e86000)]
  0x00007f3abccc5000 JavaThread "Service Thread" daemon [_thread_blocked, id=131888, stack(0x00007f3aa6191000,0x00007f3aa6292000)]
  0x00007f3abccbe000 JavaThread "C1 CompilerThread2" daemon [_thread_blocked, id=131887, stack(0x00007f3aa6293000,0x00007f3aa6393000)]
  0x00007f3abccbd000 JavaThread "C2 CompilerThread1" daemon [_thread_in_native, id=131886, stack(0x00007f3aa6394000,0x00007f3aa6494000)]
  0x00007f3abcc03800 JavaThread "C2 CompilerThread0" daemon [_thread_in_native, id=131885, stack(0x00007f3aa6495000,0x00007f3aa6595000)]
  0x00007f3abc184800 JavaThread "Signal Dispatcher" daemon [_thread_blocked, id=131884, stack(0x00007f3aa719d000,0x00007f3aa729e000)]
  0x00007f3abc14f000 JavaThread "Finalizer" daemon [_thread_blocked, id=131883, stack(0x00007f3aa76f7000,0x00007f3aa77f8000)]
  0x00007f3abc14a800 JavaThread "Reference Handler" daemon [_thread_blocked, id=131882, stack(0x00007f3aa77f8000,0x00007f3aa78f9000)]
  0x00007f3abc00c000 JavaThread "main" [_thread_blocked, id=131876, stack(0x00007f3ac2b96000,0x00007f3ac2c96000)]

Other Threads:
  0x00007f3abc140800 VMThread [stack: 0x00007f3aa78fa000,0x00007f3aa79fa000] [id=131881]
  0x00007f3abccc8000 WatcherThread [stack: 0x00007f3aa6091000,0x00007f3aa6191000] [id=131889]

VM state:not at safepoint (normal execution)

VM Mutex/Monitor currently owned by a thread: None

heap address: 0x00000006c0000000, size: 4096 MB, Compressed Oops mode: Zero based, Oop shift amount: 3
Narrow klass base: 0x0000000000000000, Narrow klass shift: 3
Compressed class space size: 1073741824 Address: 0x00000007c0000000

Heap:
 PSYoungGen      total 368640K, used 115522K [0x000000076ab00000, 0x0000000783880000, 0x00000007c0000000)
  eden space 355840K, 28% used [0x000000076ab00000,0x0000000770f514a0,0x0000000780680000)
  from space 12800K, 99% used [0x0000000781e80000,0x0000000782aff6f8,0x0000000782b00000)
  to   space 24576K, 0% used [0x0000000780680000,0x0000000780680000,0x0000000781e80000)
 ParOldGen       total 161280K, used 47961K [0x00000006c0000000, 0x00000006c9d80000, 0x000000076ab00000)
  object space 161280K, 29% used [0x00000006c0000000,0x00000006c2ed64c0,0x00000006c9d80000)
 Metaspace       used 47025K, capacity 49489K, committed 49792K, reserved 1093632K
  class space    used 5812K, capacity 6263K, committed 6272K, reserved 1048576K

Card table byte_map: [0x00007f3ac1746000,0x00007f3ac1f47000] byte_map_base: 0x00007f3abe146000

Marking Bits: (ParMarkBitMap*) 0x00007f3ac3e1e740
 Begin Bits: [0x00007f3a98000000, 0x00007f3a9c000000)
 End Bits:   [0x00007f3a9c000000, 0x00007f3aa0000000)

Polling page: 0x00007f3ac42ae000

CodeCache: size=245760Kb used=16148Kb max_used=16148Kb free=229611Kb
 bounds [0x00007f3aad000000, 0x00007f3aadfe0000, 0x00007f3abc000000]
 total_blobs=5977 nmethods=5379 adapters=510
 compilation: enabled

Compilation events (10 events):
Event: 15.737 Thread 0x00007f3abccbe000 9143       2       org.apache.ratis.thirdparty.io.netty.buffer.PooledHeapByteBuf::duplicateInternalNioBuffer (26 bytes)
Event: 15.737 Thread 0x00007f3abccbe000 nmethod 9143 0x00007f3aadfd30d0 code [0x00007f3aadfd32a0, 0x00007f3aadfd3718]
Event: 15.737 Thread 0x00007f3abccbe000 9144       2       java.net.URI::decode (370 bytes)
Event: 15.739 Thread 0x00007f3abccbe000 nmethod 9144 0x00007f3aadfd3b90 code [0x00007f3aadfd3ec0, 0x00007f3aadfd55f8]
Event: 15.739 Thread 0x00007f3abccbe000 9147       2       sun.misc.URLClassPath$2::next (63 bytes)
Event: 15.739 Thread 0x00007f3abccbe000 nmethod 9147 0x00007f3aadfd7010 code [0x00007f3aadfd71a0, 0x00007f3aadfd7438]
Event: 15.739 Thread 0x00007f3abccbe000 9145       2       org.apache.hadoop.ozone.om.snapshot.SnapshotUtils::getSnapshotInfo (31 bytes)
Event: 15.740 Thread 0x00007f3abccbe000 nmethod 9145 0x00007f3aadfd7590 code [0x00007f3aadfd7720, 0x00007f3aadfd7948]
Event: 15.740 Thread 0x00007f3abccbe000 9146   !   2       org.apache.hadoop.ozone.om.snapshot.SnapshotUtils::getSnapshotInfo (125 bytes)
Event: 15.740 Thread 0x00007f3abccbe000 nmethod 9146 0x00007f3aadfd7b10 code [0x00007f3aadfd7d60, 0x00007f3aadfd85c8]

GC Heap History (10 events):
Event: 2.866 GC heap before
{Heap before GC invocations=8 (full 1):
 PSYoungGen      total 205312K, used 205256K [0x000000076ab00000, 0x000000077b200000, 0x00000007c0000000)
  eden space 201728K, 100% used [0x000000076ab00000,0x0000000777000000,0x0000000777000000)
  from space 3584K, 98% used [0x000000077ae80000,0x000000077b1f2150,0x000000077b200000)
  to   space 7680K, 0% used [0x000000077a300000,0x000000077a300000,0x000000077aa80000)
 ParOldGen       total 96768K, used 5079K [0x00000006c0000000, 0x00000006c5e80000, 0x000000076ab00000)
  object space 96768K, 5% used [0x00000006c0000000,0x00000006c04f5cd8,0x00000006c5e80000)
 Metaspace       used 27956K, capacity 29428K, committed 29568K, reserved 1075200K
  class space    used 3669K, capacity 3957K, committed 3968K, reserved 1048576K
Event: 2.871 GC heap after
Heap after GC invocations=8 (full 1):
 PSYoungGen      total 261632K, used 4722K [0x000000076ab00000, 0x000000077e600000, 0x00000007c0000000)
  eden space 253952K, 0% used [0x000000076ab00000,0x000000076ab00000,0x000000077a300000)
  from space 7680K, 61% used [0x000000077a300000,0x000000077a79cb18,0x000000077aa80000)
  to   space 7680K, 0% used [0x000000077de80000,0x000000077de80000,0x000000077e600000)
 ParOldGen       total 96768K, used 5087K [0x00000006c0000000, 0x00000006c5e80000, 0x000000076ab00000)
  object space 96768K, 5% used [0x00000006c0000000,0x00000006c04f7cd8,0x00000006c5e80000)
 Metaspace       used 27956K, capacity 29428K, committed 29568K, reserved 1075200K
  class space    used 3669K, capacity 3957K, committed 3968K, reserved 1048576K
}
Event: 3.347 GC heap before
{Heap before GC invocations=9 (full 1):
 PSYoungGen      total 261632K, used 151377K [0x000000076ab00000, 0x000000077e600000, 0x00000007c0000000)
  eden space 253952K, 57% used [0x000000076ab00000,0x0000000773a37c88,0x000000077a300000)
  from space 7680K, 61% used [0x000000077a300000,0x000000077a79cb18,0x000000077aa80000)
  to   space 7680K, 0% used [0x000000077de80000,0x000000077de80000,0x000000077e600000)
 ParOldGen       total 96768K, used 5087K [0x00000006c0000000, 0x00000006c5e80000, 0x000000076ab00000)
  object space 96768K, 5% used [0x00000006c0000000,0x00000006c04f7cd8,0x00000006c5e80000)
 Metaspace       used 33749K, capacity 35318K, committed 35456K, reserved 1079296K
  class space    used 4423K, capacity 4731K, committed 4736K, reserved 1048576K
Event: 3.352 GC heap after
Heap after GC invocations=9 (full 1):
 PSYoungGen      total 314880K, used 6610K [0x000000076ab00000, 0x0000000782f80000, 0x00000007c0000000)
  eden space 307200K, 0% used [0x000000076ab00000,0x000000076ab00000,0x000000077d700000)
  from space 7680K, 86% used [0x000000077de80000,0x000000077e4f4ba8,0x000000077e600000)
  to   space 7680K, 0% used [0x000000077d700000,0x000000077d700000,0x000000077de80000)
 ParOldGen       total 96768K, used 5095K [0x00000006c0000000, 0x00000006c5e80000, 0x000000076ab00000)
  object space 96768K, 5% used [0x00000006c0000000,0x00000006c04f9cd8,0x00000006c5e80000)
 Metaspace       used 33749K, capacity 35318K, committed 35456K, reserved 1079296K
  class space    used 4423K, capacity 4731K, committed 4736K, reserved 1048576K
}
Event: 3.352 GC heap before
{Heap before GC invocations=10 (full 2):
 PSYoungGen      total 314880K, used 6610K [0x000000076ab00000, 0x0000000782f80000, 0x00000007c0000000)
  eden space 307200K, 0% used [0x000000076ab00000,0x000000076ab00000,0x000000077d700000)
  from space 7680K, 86% used [0x000000077de80000,0x000000077e4f4ba8,0x000000077e600000)
  to   space 7680K, 0% used [0x000000077d700000,0x000000077d700000,0x000000077de80000)
 ParOldGen       total 96768K, used 5095K [0x00000006c0000000, 0x00000006c5e80000, 0x000000076ab00000)
  object space 96768K, 5% used [0x00000006c0000000,0x00000006c04f9cd8,0x00000006c5e80000)
 Metaspace       used 33749K, capacity 35318K, committed 35456K, reserved 1079296K
  class space    used 4423K, capacity 4731K, committed 4736K, reserved 1048576K
Event: 3.397 GC heap after
Heap after GC invocations=10 (full 2):
 PSYoungGen      total 314880K, used 0K [0x000000076ab00000, 0x0000000782f80000, 0x00000007c0000000)
  eden space 307200K, 0% used [0x000000076ab00000,0x000000076ab00000,0x000000077d700000)
  from space 7680K, 0% used [0x000000077de80000,0x000000077de80000,0x000000077e600000)
  to   space 7680K, 0% used [0x000000077d700000,0x000000077d700000,0x000000077de80000)
 ParOldGen       total 161280K, used 10830K [0x00000006c0000000, 0x00000006c9d80000, 0x000000076ab00000)
  object space 161280K, 6% used [0x00000006c0000000,0x00000006c0a93b58,0x00000006c9d80000)
 Metaspace       used 33737K, capacity 35300K, committed 35456K, reserved 1079296K
  class space    used 4422K, capacity 4728K, committed 4736K, reserved 1048576K
}
Event: 6.559 GC heap before
{Heap before GC invocations=11 (full 2):
 PSYoungGen      total 314880K, used 307200K [0x000000076ab00000, 0x0000000782f80000, 0x00000007c0000000)
  eden space 307200K, 100% used [0x000000076ab00000,0x000000077d700000,0x000000077d700000)
  from space 7680K, 0% used [0x000000077de80000,0x000000077de80000,0x000000077e600000)
  to   space 7680K, 0% used [0x000000077d700000,0x000000077d700000,0x000000077de80000)
 ParOldGen       total 161280K, used 10830K [0x00000006c0000000, 0x00000006c9d80000, 0x000000076ab00000)
  object space 161280K, 6% used [0x00000006c0000000,0x00000006c0a93b58,0x00000006c9d80000)
 Metaspace       used 43028K, capacity 45057K, committed 45312K, reserved 1089536K
  class space    used 5380K, capacity 5783K, committed 5888K, reserved 1048576K
Event: 6.571 GC heap after
Heap after GC invocations=11 (full 2):
 PSYoungGen      total 314880K, used 7648K [0x000000076ab00000, 0x0000000782b00000, 0x00000007c0000000)
  eden space 307200K, 0% used [0x000000076ab00000,0x000000076ab00000,0x000000077d700000)
  from space 7680K, 99% used [0x000000077d700000,0x000000077de78390,0x000000077de80000)
  to   space 12800K, 0% used [0x0000000781e80000,0x0000000781e80000,0x0000000782b00000)
 ParOldGen       total 161280K, used 21186K [0x00000006c0000000, 0x00000006c9d80000, 0x000000076ab00000)
  object space 161280K, 13% used [0x00000006c0000000,0x00000006c14b0a40,0x00000006c9d80000)
 Metaspace       used 43028K, capacity 45057K, committed 45312K, reserved 1089536K
  class space    used 5380K, capacity 5783K, committed 5888K, reserved 1048576K
}
Event: 14.923 GC heap before
{Heap before GC invocations=12 (full 2):
 PSYoungGen      total 314880K, used 314848K [0x000000076ab00000, 0x0000000782b00000, 0x00000007c0000000)
  eden space 307200K, 100% used [0x000000076ab00000,0x000000077d700000,0x000000077d700000)
  from space 7680K, 99% used [0x000000077d700000,0x000000077de78390,0x000000077de80000)
  to   space 12800K, 0% used [0x0000000781e80000,0x0000000781e80000,0x0000000782b00000)
 ParOldGen       total 161280K, used 21186K [0x00000006c0000000, 0x00000006c9d80000, 0x000000076ab00000)
  object space 161280K, 13% used [0x00000006c0000000,0x00000006c14b0a40,0x00000006c9d80000)
 Metaspace       used 45758K, capacity 48153K, committed 48512K, reserved 1091584K
  class space    used 5716K, capacity 6151K, committed 6272K, reserved 1048576K
Event: 14.932 GC heap after
Heap after GC invocations=12 (full 2):
 PSYoungGen      total 368640K, used 12797K [0x000000076ab00000, 0x0000000783880000, 0x00000007c0000000)
  eden space 355840K, 0% used [0x000000076ab00000,0x000000076ab00000,0x0000000780680000)
  from space 12800K, 99% used [0x0000000781e80000,0x0000000782aff6f8,0x0000000782b00000)
  to   space 24576K, 0% used [0x0000000780680000,0x0000000780680000,0x0000000781e80000)
 ParOldGen       total 161280K, used 47961K [0x00000006c0000000, 0x00000006c9d80000, 0x000000076ab00000)
  object space 161280K, 29% used [0x00000006c0000000,0x00000006c2ed64c0,0x00000006c9d80000)
 Metaspace       used 45758K, capacity 48153K, committed 48512K, reserved 1091584K
  class space    used 5716K, capacity 6151K, committed 6272K, reserved 1048576K
}

Deoptimization events (10 events):
Event: 14.876 Thread 0x00007f3abdd3e000 Uncommon trap: reason=unstable_if action=reinterpret pc=0x00007f3aad3465fc method=java.util.HashMap$HashIterator.<init>(Ljava/util/HashMap;)V @ 45
Event: 15.052 Thread 0x00007f3abc00c000 Uncommon trap: reason=null_check action=make_not_entrant pc=0x00007f3aad7e8bc4 method=java.lang.Class.getGenericSuperclass()Ljava/lang/reflect/Type; @ 10
Event: 15.328 Thread 0x00007f3abc00c000 Uncommon trap: reason=bimorphic action=maybe_recompile pc=0x00007f3aad7a0918 method=java.util.stream.StreamOpFlag.fromCharacteristics(Ljava/util/Spliterator;)I @ 14
Event: 15.510 Thread 0x00007f3abc00c000 Uncommon trap: reason=bimorphic action=maybe_recompile pc=0x00007f3aad1211dc method=net.bytebuddy.description.type.TypeList$Generic$Explicit.get(I)Lnet/bytebuddy/description/type/TypeDescription$Generic; @ 5
Event: 15.513 Thread 0x00007f3abc00c000 Uncommon trap: reason=unstable_if action=reinterpret pc=0x00007f3aadf736a0 method=java.util.AbstractCollection.addAll(Ljava/util/Collection;)Z @ 32
Event: 15.662 Thread 0x00007f3abc00c000 Uncommon trap: reason=unstable_if action=reinterpret pc=0x00007f3aad479ff8 method=org.apache.hadoop.ozone.protocol.proto.OzoneManagerProtocolProtos$DiffReportEntryProto.getSerializedSize()I @ 101
Event: 15.662 Thread 0x00007f3abc00c000 Uncommon trap: reason=unstable_if action=reinterpret pc=0x00007f3aad5f8ebc method=org.apache.hadoop.ozone.protocol.proto.OzoneManagerProtocolProtos$DiffReportEntryProto.writeTo(Lcom/google/protobuf/CodedOutputStream;)V @ 83
Event: 15.664 Thread 0x00007f3abc00c000 Uncommon trap: reason=unstable_if action=reinterpret pc=0x00007f3aad5fc020 method=org.apache.hadoop.ozone.protocol.proto.OzoneManagerProtocolProtos$DiffReportEntryProto.getSerializedSize()I @ 101
Event: 15.664 Thread 0x00007f3abc00c000 Uncommon trap: reason=unstable_if action=reinterpret pc=0x00007f3aada78b2c method=org.apache.hadoop.ozone.protocol.proto.OzoneManagerProtocolProtos$DiffReportEntryProto.getSerializedSize()I @ 101
Event: 15.681 Thread 0x00007f3abc00c000 Uncommon trap: reason=unstable_if action=reinterpret pc=0x00007f3aad3f4e8c method=org.mockito.internal.creation.bytebuddy.MockMethodAdvice.isMockedStatic(Ljava/lang/Class;)Z @ 25

Classes redefined (10 events):
Event: 5.100 Thread 0x00007f3abc140800 redefined class name=org.apache.hadoop.ozone.om.OmSnapshot, count=2
Event: 6.932 Thread 0x00007f3abc140800 redefined class name=org.apache.ozone.rocksdb.util.SstFileSetReader, count=2
Event: 7.371 Thread 0x00007f3abc140800 redefined class name=org.apache.ozone.rocksdb.util.RdbUtil, count=1
Event: 7.412 Thread 0x00007f3abc140800 redefined class name=org.apache.ozone.rocksdiff.RocksDiffUtils, count=1
Event: 7.474 Thread 0x00007f3abc140800 redefined class name=org.apache.hadoop.hdds.utils.db.CopyObject, count=2
Event: 7.498 Thread 0x00007f3abc140800 redefined class name=org.apache.hadoop.ozone.om.helpers.SnapshotInfo, count=2
Event: 15.453 Thread 0x00007f3abc140800 redefined class name=org.apache.hadoop.ozone.om.service.SnapshotDeletingService, count=1
Event: 15.508 Thread 0x00007f3abc140800 redefined class name=java.util.Map, count=2
Event: 15.627 Thread 0x00007f3abc140800 redefined class name=org.apache.hadoop.ozone.om.helpers.OmKeyInfo, count=4
Event: 15.654 Thread 0x00007f3abc140800 redefined class name=org.apache.hadoop.ozone.om.helpers.WithParentObjectId, count=4

Internal exceptions (10 events):
Event: 15.302 Thread 0x00007f3abc00c000 Exception <a 'sun/nio/fs/UnixException'> (0x000000076daff610) thrown at [/home/jenkins/workspace/build-scripts/jobs/release/jobs/jdk8u/jdk8u-release-linux-x64-temurin/workspace/build/src/hotspot/src/share/vm/prims/jni.cpp, line 709]
Event: 15.302 Thread 0x00007f3abc00c000 Exception <a 'sun/nio/fs/UnixException'> (0x000000076db00620) thrown at [/home/jenkins/workspace/build-scripts/jobs/release/jobs/jdk8u/jdk8u-release-linux-x64-temurin/workspace/build/src/hotspot/src/share/vm/prims/jni.cpp, line 709]
Event: 15.302 Thread 0x00007f3abc00c000 Exception <a 'sun/nio/fs/UnixException'> (0x000000076db018f0) thrown at [/home/jenkins/workspace/build-scripts/jobs/release/jobs/jdk8u/jdk8u-release-linux-x64-temurin/workspace/build/src/hotspot/src/share/vm/prims/jni.cpp, line 709]
Event: 15.325 Thread 0x00007f3abc00c000 Exception <a 'sun/nio/fs/UnixException'> (0x000000076dbc97f8) thrown at [/home/jenkins/workspace/build-scripts/jobs/release/jobs/jdk8u/jdk8u-release-linux-x64-temurin/workspace/build/src/hotspot/src/share/vm/prims/jni.cpp, line 709]
Event: 15.369 Thread 0x00007f3abc00c000 Exception <a 'java/lang/NoSuchMethodError': java.lang.Object.lambda$assertNotNull$3(Ljava/lang/String;)Ljava/lang/Object;> (0x000000076e6acf60) thrown at [/home/jenkins/workspace/build-scripts/jobs/release/jobs/jdk8u/jdk8u-release-linux-x64-temurin/worksp
Event: 15.370 Thread 0x00007f3abc00c000 Exception <a 'java/lang/NoSuchMethodError': java.lang.Object.lambda$static$5()Ljava/lang/ThreadGroup;> (0x000000076e6f8210) thrown at [/home/jenkins/workspace/build-scripts/jobs/release/jobs/jdk8u/jdk8u-release-linux-x64-temurin/workspace/build/src/hotspo
Event: 15.708 Thread 0x00007f3abc00c000 Exception <a 'sun/nio/fs/UnixException'> (0x000000077055e290) thrown at [/home/jenkins/workspace/build-scripts/jobs/release/jobs/jdk8u/jdk8u-release-linux-x64-temurin/workspace/build/src/hotspot/src/share/vm/prims/jni.cpp, line 709]
Event: 15.708 Thread 0x00007f3abc00c000 Exception <a 'sun/nio/fs/UnixException'> (0x000000077055f080) thrown at [/home/jenkins/workspace/build-scripts/jobs/release/jobs/jdk8u/jdk8u-release-linux-x64-temurin/workspace/build/src/hotspot/src/share/vm/prims/jni.cpp, line 709]
Event: 15.708 Thread 0x00007f3abc00c000 Exception <a 'sun/nio/fs/UnixException'> (0x0000000770560168) thrown at [/home/jenkins/workspace/build-scripts/jobs/release/jobs/jdk8u/jdk8u-release-linux-x64-temurin/workspace/build/src/hotspot/src/share/vm/prims/jni.cpp, line 709]
Event: 15.730 Thread 0x00007f3abc00c000 Exception <a 'sun/nio/fs/UnixException'> (0x000000077061e1d0) thrown at [/home/jenkins/workspace/build-scripts/jobs/release/jobs/jdk8u/jdk8u-release-linux-x64-temurin/workspace/build/src/hotspot/src/share/vm/prims/jni.cpp, line 709]

Events (10 events):
Event: 15.734 loading class org/mockito/invocation/InvocationOnMock done
Event: 15.734 loading class org/apache/hadoop/ozone/om/snapshot/TestSnapshotDiffManager
Event: 15.734 loading class org/apache/hadoop/ozone/om/snapshot/TestSnapshotDiffManager done
Event: 15.736 Thread 0x00007f3abdc53800 Thread added: 0x00007f3abdc53800
Event: 15.740 loading class org/mockito/configuration/MockitoConfiguration
Event: 15.740 loading class org/mockito/configuration/MockitoConfiguration done
Event: 15.741 Executing VM operation: RevokeBias
Event: 15.741 Executing VM operation: RevokeBias done
Event: 15.741 Executing VM operation: RevokeBias
Event: 15.741 Executing VM operation: RevokeBias done


Dynamic libraries:
6c0000000-6c9d80000 rw-p 00000000 00:00 0 
6c9d80000-76ab00000 ---p 00000000 00:00 0 
76ab00000-783880000 rw-p 00000000 00:00 0 
783880000-7c0000000 ---p 00000000 00:00 0 
7c0000000-7c0620000 rw-p 00000000 00:00 0 
7c0620000-800000000 ---p 00000000 00:00 0 
55a1ae800000-55a1ae801000 r-xp 00000000 08:11 3629304                    /usr/lib/jvm/temurin-8-jdk-amd64/jre/bin/java
55a1aea00000-55a1aea01000 r--p 00000000 08:11 3629304                    /usr/lib/jvm/temurin-8-jdk-amd64/jre/bin/java
55a1aea01000-55a1aea02000 rw-p 00001000 08:11 3629304                    /usr/lib/jvm/temurin-8-jdk-amd64/jre/bin/java
55a1af6f4000-55a1b074b000 rw-p 00000000 00:00 0                          [heap]
7f3a84553000-7f3a84554000 ---p 00000000 00:00 0 
7f3a84554000-7f3a85554000 rw-p 00000000 00:00 0 
7f3a88357000-7f3a88358000 ---p 00000000 00:00 0 
7f3a88358000-7f3a89358000 rw-p 00000000 00:00 0 
7f3a94363000-7f3a943e3000 rw-p 00000000 00:00 0 
7f3a943e3000-7f3a94563000 ---p 00000000 00:00 0 
7f3a94563000-7f3a94763000 rw-p 00000000 00:00 0 
7f3a94763000-7f3a94963000 rw-p 00000000 00:00 0 
7f3a94963000-7f3a94b63000 rw-p 00000000 00:00 0 
7f3a94b63000-7f3a94d63000 rw-p 00000000 00:00 0 
7f3a94d63000-7f3a94d64000 ---p 00000000 00:00 0 
7f3a94d64000-7f3a95d64000 rw-p 00000000 00:00 0 
7f3a95d64000-7f3a95d65000 ---p 00000000 00:00 0 
7f3a95d65000-7f3a96f65000 rw-p 00000000 00:00 0 
7f3a96f65000-7f3a97165000 rw-p 00000000 00:00 0 
7f3a97165000-7f3a97365000 rw-p 00000000 00:00 0 
7f3a97365000-7f3a97dcd000 r-xp 00000000 08:11 64714                      /tmp/librocksdbjni6245050212319147339.so
7f3a97dcd000-7f3a97fcd000 ---p 00a68000 08:11 64714                      /tmp/librocksdbjni6245050212319147339.so
7f3a97fcd000-7f3a97fec000 r--p 00a68000 08:11 64714                      /tmp/librocksdbjni6245050212319147339.so
7f3a97fec000-7f3a97ff9000 rw-p 00a87000 08:11 64714                      /tmp/librocksdbjni6245050212319147339.so
7f3a97ff9000-7f3aa0000000 rw-p 00000000 00:00 0 
7f3aa0000000-7f3aa1331000 rw-p 00000000 00:00 0 
7f3aa1331000-7f3aa4000000 ---p 00000000 00:00 0 
7f3aa4009000-7f3aa400c000 ---p 00000000 00:00 0 
7f3aa400c000-7f3aa410a000 rw-p 00000000 00:00 0 
7f3aa410a000-7f3aa4125000 r--s 001d6000 08:11 3629375                    /usr/lib/jvm/temurin-8-jdk-amd64/jre/lib/ext/nashorn.jar
7f3aa4125000-7f3aa4128000 ---p 00000000 00:00 0 
7f3aa4128000-7f3aa4426000 rw-p 00000000 00:00 0 
7f3aa4426000-7f3aa4626000 rw-p 00000000 00:00 0 
7f3aa4626000-7f3aa4826000 rw-p 00000000 00:00 0 
7f3aa4826000-7f3aa4829000 r--p 00000000 08:11 4758                       /usr/lib/x86_64-linux-gnu/libgcc_s.so.1
7f3aa4829000-7f3aa483b000 r-xp 00003000 08:11 4758                       /usr/lib/x86_64-linux-gnu/libgcc_s.so.1
7f3aa483b000-7f3aa483f000 r--p 00015000 08:11 4758                       /usr/lib/x86_64-linux-gnu/libgcc_s.so.1
7f3aa483f000-7f3aa4840000 r--p 00018000 08:11 4758                       /usr/lib/x86_64-linux-gnu/libgcc_s.so.1
7f3aa4840000-7f3aa4841000 rw-p 00019000 08:11 4758                       /usr/lib/x86_64-linux-gnu/libgcc_s.so.1
7f3aa4841000-7f3aa48d7000 r--p 00000000 08:11 4757                       /usr/lib/x86_64-linux-gnu/libstdc++.so.6.0.28
7f3aa48d7000-7f3aa49c8000 r-xp 00096000 08:11 4757                       /usr/lib/x86_64-linux-gnu/libstdc++.so.6.0.28
7f3aa49c8000-7f3aa4a11000 r--p 00187000 08:11 4757                       /usr/lib/x86_64-linux-gnu/libstdc++.so.6.0.28
7f3aa4a11000-7f3aa4a12000 ---p 001d0000 08:11 4757                       /usr/lib/x86_64-linux-gnu/libstdc++.so.6.0.28
7f3aa4a12000-7f3aa4a1d000 r--p 001d0000 08:11 4757                       /usr/lib/x86_64-linux-gnu/libstdc++.so.6.0.28
7f3aa4a1d000-7f3aa4a20000 rw-p 001db000 08:11 4757                       /usr/lib/x86_64-linux-gnu/libstdc++.so.6.0.28
7f3aa4a20000-7f3aa4a23000 rw-p 00000000 00:00 0 
7f3aa4a32000-7f3aa4c32000 rw-p 00000000 00:00 0 
7f3aa4c32000-7f3aa4c33000 r--s 00000000 08:11 64286                      /tmp/mockitoboot6012584850853676232.jar
7f3aa4c34000-7f3aa4c37000 ---p 00000000 00:00 0 
7f3aa4c37000-7f3aa4d35000 rw-p 00000000 00:00 0 
7f3aa4d35000-7f3aa4d38000 r-xp 00000000 08:11 3629320                    /usr/lib/jvm/temurin-8-jdk-amd64/jre/lib/amd64/libattach.so
7f3aa4d38000-7f3aa4f37000 ---p 00003000 08:11 3629320                    /usr/lib/jvm/temurin-8-jdk-amd64/jre/lib/amd64/libattach.so
7f3aa4f37000-7f3aa4f38000 r--p 00002000 08:11 3629320                    /usr/lib/jvm/temurin-8-jdk-amd64/jre/lib/amd64/libattach.so
7f3aa4f38000-7f3aa4f39000 rw-p 00003000 08:11 3629320                    /usr/lib/jvm/temurin-8-jdk-amd64/jre/lib/amd64/libattach.so
7f3aa4f39000-7f3aa5139000 rw-p 00000000 00:00 0 
7f3aa5139000-7f3aa5339000 rw-p 00000000 00:00 0 
7f3aa5339000-7f3aa5539000 rw-p 00000000 00:00 0 
7f3aa5539000-7f3aa5739000 rw-p 00000000 00:00 0 
7f3aa5739000-7f3aa573c000 ---p 00000000 00:00 0 
7f3aa573c000-7f3aa583a000 rw-p 00000000 00:00 0 
7f3aa583a000-7f3aa584b000 r--s 001c5000 08:11 3629398                    /usr/lib/jvm/temurin-8-jdk-amd64/jre/lib/jsse.jar
7f3aa584b000-7f3aa5a4b000 rw-p 00000000 00:00 0 
7f3aa5a4b000-7f3aa5c4b000 rw-p 00000000 00:00 0 
7f3aa5c4b000-7f3aa5c4e000 ---p 00000000 00:00 0 
7f3aa5c4e000-7f3aa5c84000 rw-p 00000000 00:00 0 
7f3aa5c84000-7f3aa5c87000 ---p 00000000 00:00 0 
7f3aa5c87000-7f3aa5d85000 rw-p 00000000 00:00 0 
7f3aa5d85000-7f3aa5d88000 ---p 00000000 00:00 0 
7f3aa5d88000-7f3aa5e86000 rw-p 00000000 00:00 0 
7f3aa5e86000-7f3aa5e8e000 r-xp 00000000 08:11 3629342                    /usr/lib/jvm/temurin-8-jdk-amd64/jre/lib/amd64/libmanagement.so
7f3aa5e8e000-7f3aa608e000 ---p 00008000 08:11 3629342                    /usr/lib/jvm/temurin-8-jdk-amd64/jre/lib/amd64/libmanagement.so
7f3aa608e000-7f3aa608f000 r--p 00008000 08:11 3629342                    /usr/lib/jvm/temurin-8-jdk-amd64/jre/lib/amd64/libmanagement.so
7f3aa608f000-7f3aa6090000 rw-p 00009000 08:11 3629342                    /usr/lib/jvm/temurin-8-jdk-amd64/jre/lib/amd64/libmanagement.so
7f3aa6090000-7f3aa6091000 ---p 00000000 00:00 0 
7f3aa6091000-7f3aa6191000 rw-p 00000000 00:00 0 
7f3aa6191000-7f3aa6194000 ---p 00000000 00:00 0 
7f3aa6194000-7f3aa6292000 rw-p 00000000 00:00 0 
7f3aa6292000-7f3aa6293000 ---p 00000000 00:00 0 
7f3aa6293000-7f3aa6296000 ---p 00000000 00:00 0 
7f3aa6296000-7f3aa6393000 rw-p 00000000 00:00 0 
7f3aa6393000-7f3aa6394000 ---p 00000000 00:00 0 
7f3aa6394000-7f3aa6397000 ---p 00000000 00:00 0 
7f3aa6397000-7f3aa6494000 rw-p 00000000 00:00 0 
7f3aa6494000-7f3aa6495000 ---p 00000000 00:00 0 
7f3aa6495000-7f3aa6498000 ---p 00000000 00:00 0 
7f3aa6498000-7f3aa6595000 rw-p 00000000 00:00 0 
7f3aa6595000-7f3aa659c000 r--s 000d3000 08:11 3629397                    /usr/lib/jvm/temurin-8-jdk-amd64/jre/lib/jfr.jar
7f3aa659c000-7f3aa65b4000 r-xp 00000000 08:11 3629344                    /usr/lib/jvm/temurin-8-jdk-amd64/jre/lib/amd64/libnet.so
7f3aa65b4000-7f3aa67b3000 ---p 00018000 08:11 3629344                    /usr/lib/jvm/temurin-8-jdk-amd64/jre/lib/amd64/libnet.so
7f3aa67b3000-7f3aa67b4000 r--p 00017000 08:11 3629344                    /usr/lib/jvm/temurin-8-jdk-amd64/jre/lib/amd64/libnet.so
7f3aa67b4000-7f3aa67b5000 rw-p 00018000 08:11 3629344                    /usr/lib/jvm/temurin-8-jdk-amd64/jre/lib/amd64/libnet.so
7f3aa67b5000-7f3aa67c6000 r-xp 00000000 08:11 3629345                    /usr/lib/jvm/temurin-8-jdk-amd64/jre/lib/amd64/libnio.so
7f3aa67c6000-7f3aa69c5000 ---p 00011000 08:11 3629345                    /usr/lib/jvm/temurin-8-jdk-amd64/jre/lib/amd64/libnio.so
7f3aa69c5000-7f3aa69c6000 r--p 00010000 08:11 3629345                    /usr/lib/jvm/temurin-8-jdk-amd64/jre/lib/amd64/libnio.so
7f3aa69c6000-7f3aa69c7000 rw-p 00011000 08:11 3629345                    /usr/lib/jvm/temurin-8-jdk-amd64/jre/lib/amd64/libnio.so
7f3aa69c7000-7f3aa69cd000 r--s 00044000 08:11 551603                     /home/runner/.m2/repository/org/jacoco/org.jacoco.agent/0.8.11/org.jacoco.agent-0.8.11-runtime.jar
7f3aa69cd000-7f3aa69cf000 r--s 0000f000 08:11 546315                     /home/runner/.m2/repository/org/junit/vintage/junit-vintage-engine/5.10.1/junit-vintage-engine-5.10.1.jar
7f3aa69cf000-7f3aa69d4000 r--s 00037000 08:11 546289                     /home/runner/.m2/repository/org/junit/jupiter/junit-jupiter-engine/5.10.1/junit-jupiter-engine-5.10.1.jar
7f3aa69d4000-7f3aa69da000 r--s 0002d000 08:11 546332                     /home/runner/.m2/repository/org/junit/platform/junit-platform-engine/1.10.1/junit-platform-engine-1.10.1.jar
7f3aa69da000-7f3aa69de000 r--s 00029000 08:11 546318                     /home/runner/.m2/repository/org/junit/platform/junit-platform-launcher/1.10.1/junit-platform-launcher-1.10.1.jar
7f3aa69de000-7f3aa69df000 r--s 00003000 08:11 555745                     /home/runner/.m2/repository/org/apache/maven/surefire/common-java5/3.0.0-M5/common-java5-3.0.0-M5.jar
7f3aa69df000-7f3aa69e0000 r--s 00005000 08:11 555652                     /home/runner/.m2/repository/org/apache/maven/surefire/surefire-junit-platform/3.0.0-M5/surefire-junit-platform-3.0.0-M5.jar
7f3aa69e0000-7f3aa69e8000 r--s 00033000 08:11 563343                     /home/runner/work/ozone/ozone/hadoop-ozone/ozone-manager/target/gradle-enterprise/test-listeners.jar
7f3aa69e8000-7f3aa69f4000 r--s 000ae000 08:11 545314                     /home/runner/.m2/repository/org/jmockit/jmockit/1.24/jmockit-1.24.jar
7f3aa69f4000-7f3aa69f6000 r--s 0000f000 08:11 552387                     /home/runner/.m2/repository/org/slf4j/slf4j-api/2.0.12/slf4j-api-2.0.12.jar
7f3aa69f6000-7f3aa69f8000 r--s 0000e000 08:11 553757                     /home/runner/.m2/repository/commons-logging/commons-logging/1.2/commons-logging-1.2.jar
7f3aa69f8000-7f3aa69fe000 r--s 00037000 08:11 547851                     /home/runner/.m2/repository/org/apache/commons/commons-text/1.11.0/commons-text-1.11.0.jar
7f3aa69fe000-7f3aa6a00000 r--s 0000f000 08:11 544471                     /home/runner/.m2/repository/com/sun/activation/jakarta.activation/1.2.2/jakarta.activation-1.2.2.jar
7f3aa6a00000-7f3aa6a02000 r--s 00006000 08:11 544382                     /home/runner/.m2/repository/com/sun/istack/istack-commons-runtime/3.0.12/istack-commons-runtime-3.0.12.jar
7f3aa6a02000-7f3aa6a04000 r--s 00010000 08:11 552167                     /home/runner/.m2/repository/org/glassfish/jaxb/txw2/2.3.9/txw2-2.3.9.jar
7f3aa6a04000-7f3aa6a19000 r--s 000e4000 08:11 552156                     /home/runner/.m2/repository/org/glassfish/jaxb/jaxb-runtime/2.3.9/jaxb-runtime-2.3.9.jar
7f3aa6a19000-7f3aa6a1d000 r--s 00019000 08:11 544675                     /home/runner/.m2/repository/jakarta/xml/bind/jakarta.xml.bind-api/2.3.3/jakarta.xml.bind-api-2.3.3.jar
7f3aa6a1d000-7f3aa6a1f000 r--s 00601000 08:11 544016                     /home/runner/.m2/repository/com/github/luben/zstd-jni/1.5.2-5/zstd-jni-1.5.2-5.jar
7f3aa6a1f000-7f3aa6a20000 r--s 00001000 08:11 552293                     /home/runner/.m2/repository/org/mockito/mockito-junit-jupiter/4.11.0/mockito-junit-jupiter-4.11.0.jar
7f3aa6a20000-7f3aa6a22000 r--s 00005000 08:11 546172                     /home/runner/.m2/repository/org/objenesis/objenesis/1.0/objenesis-1.0.jar
7f3aa6a22000-7f3aa6a25000 r--s 0003c000 08:11 553646                     /home/runner/.m2/repository/net/bytebuddy/byte-buddy-agent/1.12.19/byte-buddy-agent-1.12.19.jar
7f3aa6a25000-7f3aa6a7c000 r--s 00370000 08:11 553624                     /home/runner/.m2/repository/net/bytebuddy/byte-buddy/1.12.19/byte-buddy-1.12.19.jar
7f3aa6a7c000-7f3aa6a8e000 r--s 00096000 08:11 552315                     /home/runner/.m2/repository/org/mockito/mockito-core/4.11.0/mockito-core-4.11.0.jar
7f3aa6a8e000-7f3aa6a9b000 r--s 00083000 08:11 546307                     /home/runner/.m2/repository/org/junit/jupiter/junit-jupiter-params/5.10.1/junit-jupiter-params-5.10.1.jar
7f3aa6a9b000-7f3aa6a9c000 r--s 00001000 08:11 551585                     /home/runner/.m2/repository/org/apiguardian/apiguardian-api/1.1.2/apiguardian-api-1.1.2.jar
7f3aa6a9c000-7f3aa6a9e000 r--s 00018000 08:11 546328                     /home/runner/.m2/repository/org/junit/platform/junit-platform-commons/1.10.1/junit-platform-commons-1.10.1.jar
7f3aa6a9e000-7f3aa6a9f000 r--s 00003000 08:11 552630                     /home/runner/.m2/repository/org/opentest4j/opentest4j/1.3.0/opentest4j-1.3.0.jar
7f3aa6a9f000-7f3aa6aa5000 r--s 0002e000 08:11 546283                     /home/runner/.m2/repository/org/junit/jupiter/junit-jupiter-api/5.10.1/junit-jupiter-api-5.10.1.jar
7f3aa6aa5000-7f3aa6b07000 r--s 003cc000 08:11 552172                     /home/runner/.m2/repository/org/assertj/assertj-core/3.12.2/assertj-core-3.12.2.jar
7f3aa6b07000-7f3aa6b0e000 r--s 00050000 08:11 553471                     /home/runner/.m2/repository/commons-codec/commons-codec/1.15/commons-codec-1.15.jar
7f3aa6b0e000-7f3aa6b46000 r--s 005a8000 08:11 547429                     /home/runner/.m2/repository/org/apache/hadoop/hadoop-hdfs/3.3.6/hadoop-hdfs-3.3.6-tests.jar
7f3aa6b46000-7f3aa6b79000 r--s 0032a000 08:11 547418                     /home/runner/.m2/repository/org/apache/hadoop/hadoop-common/3.3.6/hadoop-common-3.3.6-tests.jar
7f3aa6b79000-7f3aa6b80000 r--s 00041000 08:11 552882                     /home/runner/.m2/repository/io/grpc/grpc-api/1.58.0/grpc-api-1.58.0.jar
7f3aa6b80000-7f3aa6b87000 r--s 0004b000 08:11 544901                     /home/runner/.m2/repository/org/yaml/snakeyaml/2.0/snakeyaml-2.0.jar
7f3aa6b87000-7f3aa6b88000 r--s 00002000 08:11 552764                     /home/runner/.m2/repository/io/opentracing/opentracing-noop/0.33.0/opentracing-noop-0.33.0.jar
7f3aa6b88000-7f3aa6b8a000 r--s 00003000 08:11 552770                     /home/runner/.m2/repository/io/opentracing/opentracing-api/0.33.0/opentracing-api-0.33.0.jar
7f3aa6b8a000-7f3aa6b8b000 r--s 00001000 08:11 552776                     /home/runner/.m2/repository/io/opentracing/opentracing-util/0.33.0/opentracing-util-0.33.0.jar
7f3aa6b8b000-7f3aa6b8d000 r--s 00003000 08:11 552675                     /home/runner/.m2/repository/org/jetbrains/annotations/13.0/annotations-13.0.jar
7f3aa6b8d000-7f3aa6ba4000 r--s 0018d000 08:11 552650                     /home/runner/.m2/repository/org/jetbrains/kotlin/kotlin-stdlib/1.9.22/kotlin-stdlib-1.9.22.jar
7f3aa6ba4000-7f3aa6ba5000 r--s 00001000 08:11 552787                     /home/runner/.m2/repository/io/opentracing/contrib/opentracing-tracerresolver/0.1.8/opentracing-tracerresolver-0.1.8.jar
7f3aa6ba5000-7f3aa6ba6000 r--s 00000000 08:11 552825                     /home/runner/.m2/repository/io/jaegertracing/jaeger-tracerresolver/1.8.1/jaeger-tracerresolver-1.8.1.jar
7f3aa6ba6000-7f3aa6baa000 r--s 00020000 08:11 552834                     /home/runner/.m2/repository/io/jaegertracing/jaeger-core/1.8.1/jaeger-core-1.8.1.jar
7f3aa6baa000-7f3aa6bb1000 r--s 00044000 08:11 547894                     /home/runner/.m2/repository/org/apache/thrift/libthrift/0.15.0/libthrift-0.15.0.jar
7f3aa6bb1000-7f3aa6bc0000 r--s 0009e000 08:11 552852                     /home/runner/.m2/repository/io/jaegertracing/jaeger-thrift/1.8.1/jaeger-thrift-1.8.1.jar
7f3aa6bc0000-7f3aa6bc1000 r--s 00000000 08:11 552805                     /home/runner/.m2/repository/io/jaegertracing/jaeger-client/1.8.1/jaeger-client-1.8.1.jar
7f3aa6bc1000-7f3aa6bc5000 r--s 00020000 08:11 553190                     /home/runner/.m2/repository/commons-digester/commons-digester/1.8.1/commons-digester-1.8.1.jar
7f3aa6bc5000-7f3aa6bc9000 r--s 0002a000 08:11 552692                     /home/runner/.m2/repository/commons-validator/commons-validator/1.6/commons-validator-1.6.jar
7f3aa6bc9000-7f3aa6bda000 r--s 00096000 08:11 552606                     /home/runner/.m2/repository/org/bouncycastle/bcutil-jdk18on/1.77/bcutil-jdk18on-1.77.jar
7f3aa6bda000-7f3aa6bf2000 r--s 000f8000 08:11 552596                     /home/runner/.m2/repository/org/bouncycastle/bcpkix-jdk18on/1.77/bcpkix-jdk18on-1.77.jar
7f3aa6bf2000-7f3aa6bf5000 r--s 00023000 08:11 547255                     /home/runner/.m2/repository/org/apache/ratis/ratis-grpc/3.0.1/ratis-grpc-3.0.1.jar
7f3aa6bf5000-7f3aa6bf8000 r--s 0001e000 08:11 547382                     /home/runner/.m2/repository/org/apache/ratis/ratis-netty/3.0.1/ratis-netty-3.0.1.jar
7f3aa6bf8000-7f3aa6bfc000 r--s 0001e000 08:11 553151                     /home/runner/.m2/repository/io/dropwizard/metrics/metrics-core/3.2.4/metrics-core-3.2.4.jar
7f3aa6bfc000-7f3aa6bfe000 r--s 00005000 08:11 544701                     /home/runner/.m2/repository/jakarta/annotation/jakarta.annotation-api/2.1.1/jakarta.annotation-api-2.1.1.jar
7f3aa6bfe000-7f3aa6c01000 r--s 00010000 08:11 543798                     /home/runner/.m2/repository/com/fasterxml/jackson/core/jackson-annotations/2.13.4/jackson-annotations-2.13.4.jar
7f3aa6c01000-7f3aa6c0c000 r--s 00070000 08:11 543623                     /home/runner/.m2/repository/commons-io/commons-io/2.15.1/commons-io-2.15.1.jar
7f3aa6c0c000-7f3aa6c12000 r--s 00060000 08:11 553167                     /home/runner/.m2/repository/info/picocli/picocli/4.7.5/picocli-4.7.5.jar
7f3aa6c12000-7f3aa6c15000 r--s 00017000 08:11 544244                     /home/runner/.m2/repository/com/google/auto/auto-common/0.11/auto-common-0.11.jar
7f3aa6c15000-7f3aa6c38000 r--s 0018c000 08:11 544241                     /home/runner/.m2/repository/com/google/auto/value/auto-value/1.7.4/auto-value-1.7.4.jar
7f3aa6c38000-7f3aa6c3a000 r--s 0000c000 08:11 552506                     /home/runner/.m2/repository/org/ow2/asm/asm/5.0.4/asm-5.0.4.jar
7f3aa6c3a000-7f3aa6c3b000 r--s 00001000 08:11 544232                     /home/runner/.m2/repository/com/google/auto/value/auto-value-annotations/1.7.4/auto-value-annotations-1.7.4.jar
7f3aa6c3b000-7f3aa6c40000 r--s 00036000 08:11 544135                     /home/runner/.m2/repository/com/google/truth/truth/1.1/truth-1.1.jar
7f3aa6c40000-7f3aa6c42000 r--s 00009000 08:11 552231                     /home/runner/.m2/repository/org/hamcrest/hamcrest-core/1.3/hamcrest-core-1.3.jar
7f3aa6c42000-7f3aa6c4c000 r--s 00054000 08:11 544765                     /home/runner/.m2/repository/junit/junit/4.13.1/junit-4.13.1.jar
7f3aa6c4c000-7f3aa6c50000 r--s 0001e000 08:11 544260                     /home/runner/.m2/repository/com/google/testing/compile/compile-testing/0.19/compile-testing-0.19.jar
7f3aa6c50000-7f3aa6c54000 r--s 00029000 08:11 545008                     /home/runner/.m2/repository/org/eclipse/jetty/jetty-io/9.4.53.v20231009/jetty-io-9.4.53.v20231009.jar
7f3aa6c54000-7f3aa6c56000 r--s 00003000 08:11 546840                     /home/runner/.m2/repository/org/apache/ranger/ranger-plugin-classloader/2.3.0/ranger-plugin-classloader-2.3.0.jar
7f3aa6c56000-7f3aa6c58000 r--s 00000000 08:11 543946                     /home/runner/.m2/repository/com/kstruct/gethostname4j/0.0.2/gethostname4j-0.0.2.jar
7f3aa6c58000-7f3aa6c75000 r--s 0024c000 08:11 553700                     /home/runner/.m2/repository/net/java/dev/jna/jna-platform/5.2.0/jna-platform-5.2.0.jar
7f3aa6c75000-7f3aa6c79000 r--s 00168000 08:11 553695                     /home/runner/.m2/repository/net/java/dev/jna/jna/5.2.0/jna-5.2.0.jar
7f3aa6c79000-7f3aa6c83000 r--s 000ba000 08:11 547395                     /home/runner/.m2/repository/org/apache/orc/orc-core/1.5.8/orc-core-1.5.8.jar
7f3aa6c83000-7f3aa6c9d000 r--s 0010a000 08:11 543917                     /home/runner/.m2/repository/com/carrotsearch/hppc/0.8.0/hppc-0.8.0.jar
7f3aa6c9d000-7f3aa6cae000 r--s 0008b000 08:11 553355                     /home/runner/.m2/repository/joda-time/joda-time/2.12.7/joda-time-2.12.7.jar
7f3aa6cae000-7f3aa6cb1000 r--s 00029000 08:11 546369                     /home/runner/.m2/repository/org/apache/httpcomponents/httpasyncclient/4.1.3/httpasyncclient-4.1.3.jar
7f3aa6cb1000-7f3aa6cb9000 r--s 00053000 08:11 546452                     /home/runner/.m2/repository/org/apache/httpcomponents/httpcore-nio/4.4.16/httpcore-nio-4.4.16.jar
7f3aa6cb9000-7f3aa6cbb000 r--s 00009000 08:11 546441                     /home/runner/.m2/repository/org/apache/httpcomponents/httpmime/4.5.6/httpmime-4.5.6.jar
7f3aa6cbb000-7f3aa6cc2000 r--s 0004a000 08:11 545010                     /home/runner/.m2/repository/org/eclipse/jetty/jetty-client/9.4.53.v20231009/jetty-client-9.4.53.v20231009.jar
7f3aa6cc2000-7f3aa6cc6000 r--s 00038000 08:11 546835                     /home/runner/.m2/repository/org/apache/ranger/ranger-plugins-audit/2.3.0/ranger-plugins-audit-2.3.0.jar
7f3aa6cc6000-7f3aa6cc7000 r--s 00004000 08:11 546868                     /home/runner/.m2/repository/org/apache/ranger/ranger-plugins-cred/2.3.0/ranger-plugins-cred-2.3.0.jar
7f3aa6cc7000-7f3aa6ccc000 r--s 00041000 08:11 553734                     /home/runner/.m2/repository/commons-lang/commons-lang/2.6/commons-lang-2.6.jar
7f3aa6ccc000-7f3aa6cda000 r--s 000e8000 08:11 546851                     /home/runner/.m2/repository/org/apache/ranger/ranger-plugins-common/2.3.0/ranger-plugins-common-2.3.0.jar
7f3aa6cda000-7f3aa6cdc000 r--s 00006000 08:11 546856                     /home/runner/.m2/repository/org/apache/ranger/ranger-intg/2.3.0/ranger-intg-2.3.0.jar
7f3aa6cdc000-7f3aa6cdd000 r--s 00004000 08:11 546134                     /home/runner/.m2/repository/org/codehaus/jackson/jackson-jaxrs/1.9.13/jackson-jaxrs-1.9.13.jar
7f3aa6cdd000-7f3aa6ceb000 r--s 000b1000 08:11 546147                     /home/runner/.m2/repository/org/codehaus/jackson/jackson-mapper-asl/1.9.13/jackson-mapper-asl-1.9.13.jar
7f3aa6ceb000-7f3aa6cef000 r--s 00035000 08:11 546120                     /home/runner/.m2/repository/org/codehaus/jackson/jackson-core-asl/1.9.13/jackson-core-asl-1.9.13.jar
7f3aa6cef000-7f3aa6cf1000 r--s 0000a000 08:11 553236                     /home/runner/.m2/repository/javax/ws/rs/jsr311-api/1.1.1/jsr311-api-1.1.1.jar
7f3aa6cf1000-7f3aa6cfb000 r--s 00061000 08:11 544461                     /home/runner/.m2/repository/com/sun/jersey/jersey-core/1.19.4/jersey-core-1.19.4.jar
7f3aa6cfb000-7f3aa6cfe000 r--s 0001e000 08:11 544415                     /home/runner/.m2/repository/com/sun/jersey/jersey-client/1.19.4/jersey-client-1.19.4.jar
7f3aa6cfe000-7f3aa6d08000 r--s 000aa000 08:11 552583                     /home/runner/.m2/repository/org/javassist/javassist/3.21.0-GA/javassist-3.21.0-GA.jar
7f3aa6d08000-7f3aa6d0b000 r--s 0001d000 08:11 552584                     /home/runner/.m2/repository/org/reflections/reflections/0.9.11/reflections-0.9.11.jar
7f3aa6d0b000-7f3aa6d0c000 r--s 000f5000 08:11 552950                     /home/runner/.m2/repository/io/netty/netty-tcnative-boringssl-static/2.0.61.Final/netty-tcnative-boringssl-static-2.0.61.Final-windows-x86_64.jar
7f3aa6d0c000-7f3aa6d0d000 r--s 000f3000 08:11 552952                     /home/runner/.m2/repository/io/netty/netty-tcnative-boringssl-static/2.0.61.Final/netty-tcnative-boringssl-static-2.0.61.Final-osx-aarch_64.jar
7f3aa6d0d000-7f3aa6d0e000 r--s 00110000 08:11 552946                     /home/runner/.m2/repository/io/netty/netty-tcnative-boringssl-static/2.0.61.Final/netty-tcnative-boringssl-static-2.0.61.Final-osx-x86_64.jar
7f3aa6d0e000-7f3aa6d10000 r--s 00117000 08:11 552944                     /home/runner/.m2/repository/io/netty/netty-tcnative-boringssl-static/2.0.61.Final/netty-tcnative-boringssl-static-2.0.61.Final-linux-aarch_64.jar
7f3aa6d10000-7f3aa6d11000 r--s 00130000 08:11 552940                     /home/runner/.m2/repository/io/netty/netty-tcnative-boringssl-static/2.0.61.Final/netty-tcnative-boringssl-static-2.0.61.Final-linux-x86_64.jar
7f3aa6d11000-7f3aa6d13000 r--s 00007000 08:11 553010                     /home/runner/.m2/repository/io/netty/netty-tcnative-classes/2.0.61.Final/netty-tcnative-classes-2.0.61.Final.jar
7f3aa6d13000-7f3aa6d14000 r--s 00000000 08:11 552949                     /home/runner/.m2/repository/io/netty/netty-tcnative-boringssl-static/2.0.61.Final/netty-tcnative-boringssl-static-2.0.61.Final.jar
7f3aa6d14000-7f3aa6da9000 r--s 00768000 08:11 552600                     /home/runner/.m2/repository/org/bouncycastle/bcprov-jdk18on/1.77/bcprov-jdk18on-1.77.jar
7f3aa6da9000-7f3aa6daf000 r--s 00044000 08:11 552186                     /home/runner/.m2/repository/org/antlr/antlr4-runtime/4.5.3/antlr4-runtime-4.5.3.jar
7f3aa6daf000-7f3aa6db5000 r--s 00043000 08:11 552760                     /home/runner/.m2/repository/jgraph/jgraph/5.13.0.0/jgraph-5.13.0.0.jar
7f3aa6db5000-7f3aa6dc1000 r--s 000bd000 08:11 552221                     /home/runner/.m2/repository/org/tinyjee/jgraphx/jgraphx/2.0.0.1/jgraphx-2.0.0.1.jar
7f3aa6dc1000-7f3aa6dc4000 r--s 0001e000 08:11 551673                     /home/runner/.m2/repository/org/jgrapht/jgrapht-ext/1.0.1/jgrapht-ext-1.0.1.jar
7f3aa6dc4000-7f3aa6dce000 r--s 00080000 08:11 551684                     /home/runner/.m2/repository/org/jgrapht/jgrapht-core/1.0.1/jgrapht-core-1.0.1.jar
7f3aa6dce000-7f3aa6ddb000 r--s 00094000 08:11 547817                     /home/runner/.m2/repository/org/apache/commons/commons-lang3/3.14.0/commons-lang3-3.14.0.jar
7f3aa6ddb000-7f3aa6ddd000 r--s 00001000 08:11 544360                     /home/runner/.m2/repository/com/google/j2objc/j2objc-annotations/2.8/j2objc-annotations-2.8.jar
7f3aa6ddd000-7f3aa6de9000 r--s 0002b000 08:11 551695                     /home/runner/.m2/repository/org/checkerframework/checker-qual/3.33.0/checker-qual-3.33.0.jar
7f3aa6de9000-7f3aa6dea000 r--s 00000000 08:11 544043                     /home/runner/.m2/repository/com/google/guava/listenablefuture/9999.0-empty-to-avoid-conflict-with-guava/listenablefuture-9999.0-empty-to-avoid-conflict-with-guava.jar
7f3aa6dea000-7f3aa6dec000 r--s 00000000 08:11 544102                     /home/runner/.m2/repository/com/google/guava/failureaccess/1.0.1/failureaccess-1.0.1.jar
7f3aa6dec000-7f3aa6e1f000 r--s 002b2000 08:11 544060                     /home/runner/.m2/repository/com/google/guava/guava/32.0.0-jre/guava-32.0.0-jre.jar
7f3aa6e1f000-7f3aa6e25000 r--s 036fe000 08:11 544795                     /home/runner/.m2/repository/org/rocksdb/rocksdbjni/7.7.3/rocksdbjni-7.7.3.jar
7f3aa6e25000-7f3aa6e28000 r--s 0022f000 08:11 546237                     /home/runner/.m2/repository/org/xerial/snappy/snappy-java/1.1.10.5/snappy-java-1.1.10.5.jar
7f3aa6e28000-7f3aa6e29000 r--s 00005000 08:11 553428                     /home/runner/.m2/repository/commons-daemon/commons-daemon/1.0.13/commons-daemon-1.0.13.jar
7f3aa6e29000-7f3aa6e74000 r--s 005b9000 08:11 547430                     /home/runner/.m2/repository/org/apache/hadoop/hadoop-hdfs/3.3.6/hadoop-hdfs-3.3.6.jar
7f3aa6e74000-7f3aa6e76000 r--s 0000d000 08:11 553443                     /home/runner/.m2/repository/commons-cli/commons-cli/1.6.0/commons-cli-1.6.0.jar
7f3aa6e76000-7f3aa6e7b000 r--s 00047000 08:11 544737                     /home/runner/.m2/repository/dnsjava/dnsjava/2.1.7/dnsjava-2.1.7.jar
7f3aa6e7b000-7f3aa6e81000 r--s 0007a000 08:11 543738                     /home/runner/.m2/repository/com/fasterxml/woodstox/woodstox-core/5.4.0/woodstox-core-5.4.0.jar
7f3aa6e81000-7f3aa6e85000 r--s 0002c000 08:11 545333                     /home/runner/.m2/repository/org/codehaus/woodstox/stax2-api/4.2.2/stax2-api-4.2.2.jar
7f3aa6e85000-7f3aa6e86000 r--s 00009000 08:11 546769                     /home/runner/.m2/repository/org/apache/kerby/kerby-util/1.0.1/kerby-util-1.0.1.jar
7f3aa6e86000-7f3aa6e88000 r--s 00017000 08:11 546780                     /home/runner/.m2/repository/org/apache/kerby/kerby-asn1/1.0.1/kerby-asn1-1.0.1.jar
7f3aa6e88000-7f3aa6e8f000 r--s 0002b000 08:11 546730                     /home/runner/.m2/repository/org/apache/kerby/kerby-pkix/1.0.1/kerby-pkix-1.0.1.jar
7f3aa6e8f000-7f3aa6e96000 r--s 00031000 08:11 546667                     /home/runner/.m2/repository/org/apache/kerby/kerb-core/1.0.1/kerb-core-1.0.1.jar
7f3aa6e96000-7f3aa6e9b000 r--s 00040000 08:11 544656                     /home/runner/.m2/repository/com/jcraft/jsch/0.1.54/jsch-0.1.54.jar
7f3aa6e9b000-7f3aa6e9d000 r--s 00000000 08:11 543990                     /home/runner/.m2/repository/com/github/stephenc/jcip/jcip-annotations/1.0-1/jcip-annotations-1.0-1.jar
7f3aa6e9d000-7f3aa6ea6000 r--s 00064000 08:11 543705                     /home/runner/.m2/repository/com/nimbusds/nimbus-jose-jwt/9.8.1/nimbus-jose-jwt-9.8.1.jar
7f3aa6ea6000-7f3aa6ea8000 r--s 00018000 08:11 547588                     /home/runner/.m2/repository/org/apache/hadoop/hadoop-auth/3.3.6/hadoop-auth-3.3.6.jar
7f3aa6ea8000-7f3aa6eae000 r--s 00037000 08:11 544349                     /home/runner/.m2/repository/com/google/code/gson/gson/2.9.0/gson-2.9.0.jar
7f3aa6eae000-7f3aa6eb0000 r--s 0001a000 08:11 544127                     /home/runner/.m2/repository/com/google/re2j/re2j/1.7/re2j-1.7.jar
7f3aa6eb0000-7f3aa6eb5000 r--s 00038000 08:11 543678                     /home/runner/.m2/repository/commons-beanutils/commons-beanutils/1.9.4/commons-beanutils-1.9.4.jar
7f3aa6eb5000-7f3aa6ec5000 r--s 0009d000 08:11 544429                     /home/runner/.m2/repository/com/sun/jersey/jersey-server/1.19.4/jersey-server-1.19.4.jar
7f3aa6ec5000-7f3aa6ec9000 r--s 0001c000 08:11 544437                     /home/runner/.m2/repository/com/sun/jersey/jersey-servlet/1.19.4/jersey-servlet-1.19.4.jar
7f3aa6ec9000-7f3aa6ecc000 r--s 00016000 08:11 553306                     /home/runner/.m2/repository/javax/servlet/jsp/jsp-api/2.1/jsp-api-2.1.jar
7f3aa6ecc000-7f3aa6ece000 r--s 0000a000 08:11 544714                     /home/runner/.m2/repository/jakarta/activation/jakarta.activation-api/1.2.2/jakarta.activation-api-1.2.2.jar
7f3aa6ece000-7f3aa6edb000 r--s 00083000 08:11 553711                     /home/runner/.m2/repository/commons-collections/commons-collections/3.2.2/commons-collections-3.2.2.jar
7f3aa6edb000-7f3aa6ee1000 r--s 00049000 08:11 553374                     /home/runner/.m2/repository/commons-net/commons-net/3.10.0/commons-net-3.10.0.jar
7f3aa6ee1000-7f3aa6ee9000 r--s 00049000 08:11 546432                     /home/runner/.m2/repository/org/apache/httpcomponents/httpcore/4.4.16/httpcore-4.4.16.jar
7f3aa6ee9000-7f3aa6ef6000 r--s 000b3000 08:11 546472                     /home/runner/.m2/repository/org/apache/httpcomponents/httpclient/4.5.14/httpclient-4.5.14.jar
7f3aa6ef6000-7f3aa6f47000 r--s 002e4000 08:11 547470                     /home/runner/.m2/repository/org/apache/hadoop/thirdparty/hadoop-shaded-guava/1.1.1/hadoop-shaded-guava-1.1.1.jar
7f3aa6f47000-7f3aa6f8c000 r--s 0041f000 08:11 547411                     /home/runner/.m2/repository/org/apache/hadoop/hadoop-common/3.3.6/hadoop-common-3.3.6.jar
7f3aa6f8c000-7f3aa7006000 r--s 01107000 08:11 3629438                    /usr/lib/jvm/temurin-8-jdk-amd64/lib/tools.jar
7f3aa7006000-7f3aa7008000 r--s 00005000 08:11 547537                     /home/runner/.m2/repository/org/apache/hadoop/hadoop-annotations/3.3.6/hadoop-annotations-3.3.6.jar
7f3aa7008000-7f3aa700d000 r--s 00057000 08:11 543823                     /home/runner/.m2/repository/com/fasterxml/jackson/core/jackson-core/2.13.4/jackson-core-2.13.4.jar
7f3aa700d000-7f3aa7010000 r--s 0001b000 08:11 543779                     /home/runner/.m2/repository/com/fasterxml/jackson/datatype/jackson-datatype-jsr310/2.13.4/jackson-datatype-jsr310-2.13.4.jar
7f3aa7010000-7f3aa7011000 r--s 00001000 08:11 553102                     /home/runner/.m2/repository/io/prometheus/simpleclient_common/0.16.0/simpleclient_common-0.16.0.jar
7f3aa7011000-7f3aa7014000 r--s 00014000 08:11 553125                     /home/runner/.m2/repository/io/prometheus/simpleclient/0.16.0/simpleclient-0.16.0.jar
7f3aa7014000-7f3aa7016000 r--s 00003000 08:11 553091                     /home/runner/.m2/repository/io/prometheus/simpleclient_dropwizard/0.16.0/simpleclient_dropwizard-0.16.0.jar
7f3aa7016000-7f3aa7017000 r--s 00005000 08:11 547270                     /home/runner/.m2/repository/org/apache/ratis/ratis-metrics-dropwizard3/3.0.1/ratis-metrics-dropwizard3-3.0.1.jar
7f3aa7017000-7f3aa7019000 r--s 00003000 08:11 547341                     /home/runner/.m2/repository/org/apache/ratis/ratis-metrics-api/3.0.1/ratis-metrics-api-3.0.1.jar
7f3aa7019000-7f3aa701d000 r--s 00015000 08:11 547241                     /home/runner/.m2/repository/org/apache/ratis/ratis-server-api/3.0.1/ratis-server-api-3.0.1.jar
7f3aa701d000-7f3aa7020000 r--s 0001b000 08:11 547369                     /home/runner/.m2/repository/org/apache/ratis/ratis-client/3.0.1/ratis-client-3.0.1.jar
7f3aa7020000-7f3aa7028000 r--s 00054000 08:11 547284                     /home/runner/.m2/repository/org/apache/ratis/ratis-common/3.0.1/ratis-common-3.0.1.jar
7f3aa7028000-7f3aa7039000 r--s 00156000 08:11 547304                     /home/runner/.m2/repository/org/apache/ratis/ratis-proto/3.0.1/ratis-proto-3.0.1.jar
7f3aa7039000-7f3aa703f000 r--s 0006e000 08:11 547328                     /home/runner/.m2/repository/org/apache/ratis/ratis-server/3.0.1/ratis-server-3.0.1.jar
7f3aa703f000-7f3aa7042000 r--s 00020000 08:11 545094                     /home/runner/.m2/repository/org/eclipse/jetty/jetty-webapp/9.4.53.v20231009/jetty-webapp-9.4.53.v20231009.jar
7f3aa7042000-7f3aa7044000 r--s 0000f000 08:11 545043                     /home/runner/.m2/repository/org/eclipse/jetty/jetty-util-ajax/9.4.53.v20231009/jetty-util-ajax-9.4.53.v20231009.jar
7f3aa7044000-7f3aa7046000 r--s 0001b000 08:11 545027                     /home/runner/.m2/repository/org/eclipse/jetty/jetty-security/9.4.53.v20231009/jetty-security-9.4.53.v20231009.jar
7f3aa7046000-7f3aa7049000 r--s 00021000 08:11 545018                     /home/runner/.m2/repository/org/eclipse/jetty/jetty-servlet/9.4.53.v20231009/jetty-servlet-9.4.53.v20231009.jar
7f3aa7049000-7f3aa704d000 r--s 00039000 08:11 545078                     /home/runner/.m2/repository/org/eclipse/jetty/jetty-http/9.4.53.v20231009/jetty-http-9.4.53.v20231009.jar
7f3aa704d000-7f3aa7050000 r--s 00015000 08:11 553313                     /home/runner/.m2/repository/javax/servlet/javax.servlet-api/3.1.0/javax.servlet-api-3.1.0.jar
7f3aa7050000-7f3aa705a000 r--s 000aa000 08:11 545096                     /home/runner/.m2/repository/org/eclipse/jetty/jetty-server/9.4.53.v20231009/jetty-server-9.4.53.v20231009.jar
7f3aa705a000-7f3aa7063000 r--s 00087000 08:11 545034                     /home/runner/.m2/repository/org/eclipse/jetty/jetty-util/9.4.53.v20231009/jetty-util-9.4.53.v20231009.jar
7f3aa7063000-7f3aa7066000 r--s 00012000 08:11 544536                     /home/runner/.m2/repository/com/lmax/disruptor/3.4.2/disruptor-3.4.2.jar
7f3aa7066000-7f3aa7089000 r--s 00193000 08:11 547877                     /home/runner/.m2/repository/org/apache/logging/log4j/log4j-core/2.17.1/log4j-core-2.17.1.jar
7f3aa7089000-7f3aa708f000 r--s 00044000 08:11 547884                     /home/runner/.m2/repository/org/apache/logging/log4j/log4j-api/2.17.1/log4j-api-2.17.1.jar
7f3aa708f000-7f3aa709c000 r--s 0008e000 08:11 547806                     /home/runner/.m2/repository/org/apache/commons/commons-configuration2/2.8.0/commons-configuration2-2.8.0.jar
7f3aa709c000-7f3aa70a2000 r--s 0004c000 08:11 553494                     /home/runner/.m2/repository/ch/qos/reload4j/reload4j/1.2.25/reload4j-1.2.25.jar
7f3aa70a2000-7f3aa719d000 r--s 00ffb000 08:11 547294                     /home/runner/.m2/repository/org/apache/ratis/ratis-thirdparty-misc/1.0.5/ratis-thirdparty-misc-1.0.5.jar
7f3aa719d000-7f3aa71a0000 ---p 00000000 00:00 0 
7f3aa71a0000-7f3aa729e000 rw-p 00000000 00:00 0 
7f3aa729e000-7f3aa7411000 r--p 00000000 08:11 6139                       /usr/lib/locale/C.UTF-8/LC_COLLATE
7f3aa7411000-7f3aa76f7000 r--p 00000000 08:11 6134                       /usr/lib/locale/locale-archive
7f3aa76f7000-7f3aa76fa000 ---p 00000000 00:00 0 
7f3aa76fa000-7f3aa77f8000 rw-p 00000000 00:00 0 
7f3aa77f8000-7f3aa77fb000 ---p 00000000 00:00 0 
7f3aa77fb000-7f3aa78f9000 rw-p 00000000 00:00 0 
7f3aa78f9000-7f3aa78fa000 ---p 00000000 00:00 0 
7f3aa78fa000-7f3aa8000000 rw-p 00000000 00:00 0 
7f3aa8000000-7f3aa8d48000 rw-p 00000000 00:00 0 
7f3aa8d48000-7f3aac000000 ---p 00000000 00:00 0 
7f3aac000000-7f3aac001000 r--s 00010000 08:11 544996                     /home/runner/.m2/repository/org/eclipse/jetty/jetty-xml/9.4.53.v20231009/jetty-xml-9.4.53.v20231009.jar
7f3aac001000-7f3aac004000 r--s 00010000 08:11 553203                     /home/runner/.m2/repository/commons-fileupload/commons-fileupload/1.5/commons-fileupload-1.5.jar
7f3aac004000-7f3aac005000 r--s 00002000 08:11 552467                     /home/runner/.m2/repository/org/slf4j/slf4j-reload4j/2.0.12/slf4j-reload4j-2.0.12.jar
7f3aac005000-7f3aac007000 r--s 00005000 08:11 553288                     /home/runner/.m2/repository/javax/annotation/javax.annotation-api/1.3.2/javax.annotation-api-1.3.2.jar
7f3aac007000-7f3aac01a000 r--s 00156000 08:11 547475                     /home/runner/.m2/repository/org/apache/hadoop/thirdparty/hadoop-shaded-protobuf_3_7/1.1.1/hadoop-shaded-protobuf_3_7-1.1.1.jar
7f3aac01a000-7f3aac022000 r--s 0007b000 08:11 544300                     /home/runner/.m2/repository/com/google/protobuf/protobuf-java/2.5.0/protobuf-java-2.5.0.jar
7f3aac022000-7f3aac039000 r--s 0015f000 08:11 543837                     /home/runner/.m2/repository/com/fasterxml/jackson/core/jackson-databind/2.13.4.2/jackson-databind-2.13.4.2.jar
7f3aac039000-7f3aac042000 r--s 0002f000 08:11 552668                     /home/runner/.m2/repository/org/jetbrains/kotlin/kotlin-stdlib-common/1.9.22/kotlin-stdlib-common-1.9.22.jar
7f3aac042000-7f3aac043000 r--s 00000000 08:11 552647                     /home/runner/.m2/repository/org/jetbrains/kotlin/kotlin-stdlib-jdk7/1.9.22/kotlin-stdlib-jdk7-1.9.22.jar
7f3aac043000-7f3aac046000 r--s 00055000 08:11 543930                     /home/runner/.m2/repository/com/squareup/okio/okio-jvm/3.6.0/okio-jvm-3.6.0.jar
7f3aac046000-7f3aac048000 r--s 00005000 08:11 543924                     /home/runner/.m2/repository/com/squareup/okio/okio/3.6.0/okio-3.6.0.jar
7f3aac048000-7f3aac050000 r--s 000b9000 08:11 543935                     /home/runner/.m2/repository/com/squareup/okhttp3/okhttp/4.12.0/okhttp-4.12.0.jar
7f3aac050000-7f3aac098000 r--s 00500000 08:11 547574                     /home/runner/.m2/repository/org/apache/hadoop/hadoop-hdfs-client/3.3.6/hadoop-hdfs-client-3.3.6.jar
7f3aac098000-7f3aac09a000 r--s 0000b000 08:11 552891                     /home/runner/.m2/repository/io/grpc/grpc-stub/1.58.0/grpc-stub-1.58.0.jar
7f3aac09a000-7f3aac0ab000 r--s 001d4000 08:11 544255                     /home/runner/.m2/repository/com/google/api/grpc/proto-google-common-protos/2.22.0/proto-google-common-protos-2.22.0.jar
7f3aac0ab000-7f3aac0bf000 r--s 000f4000 08:11 547785                     /home/runner/.m2/repository/org/apache/commons/commons-compress/1.26.0/commons-compress-1.26.0.jar
7f3aac0bf000-7f3aac0c3000 r--s 0001a000 08:11 552969                     /home/runner/.m2/repository/io/netty/netty-codec-socks/4.1.100.Final/netty-codec-socks-4.1.100.Final.jar
7f3aac0c3000-7f3aac0cf000 r--s 00095000 08:11 552979                     /home/runner/.m2/repository/io/netty/netty-codec-http/4.1.100.Final/netty-codec-http-4.1.100.Final.jar
7f3aac0cf000-7f3aac0da000 r--s 0007f000 08:11 552962                     /home/runner/.m2/repository/io/netty/netty-handler/4.1.100.Final/netty-handler-4.1.100.Final.jar
7f3aac0da000-7f3aac0e1000 r--s 0004e000 08:11 553036                     /home/runner/.m2/repository/io/netty/netty-codec/4.1.100.Final/netty-codec-4.1.100.Final.jar
7f3aac0e1000-7f3aac0eb000 r--s 0006e000 08:11 552999                     /home/runner/.m2/repository/io/netty/netty-transport/4.1.100.Final/netty-transport-4.1.100.Final.jar
7f3aac0eb000-7f3aac0f9000 r--s 00094000 08:11 553004                     /home/runner/.m2/repository/io/netty/netty-common/4.1.100.Final/netty-common-4.1.100.Final.jar
7f3aac0f9000-7f3aad000000 rw-p 00000000 00:00 0 
7f3aad000000-7f3aadfe0000 rwxp 00000000 00:00 0 
7f3aadfe0000-7f3abc000000 ---p 00000000 00:00 0 
7f3abc000000-7f3abdf66000 rw-p 00000000 00:00 0 
7f3abdf66000-7f3ac0000000 ---p 00000000 00:00 0 
7f3ac0000000-7f3ac0001000 r--s 00000000 08:11 552657                     /home/runner/.m2/repository/org/jetbrains/kotlin/kotlin-stdlib-jdk8/1.9.22/kotlin-stdlib-jdk8-1.9.22.jar
7f3ac0001000-7f3ac0002000 r--s 00001000 08:11 552860                     /home/runner/.m2/repository/io/grpc/grpc-protobuf-lite/1.58.0/grpc-protobuf-lite-1.58.0.jar
7f3ac0002000-7f3ac0003000 r--s 00001000 08:11 552919                     /home/runner/.m2/repository/io/grpc/grpc-protobuf/1.58.0/grpc-protobuf-1.58.0.jar
7f3ac0003000-7f3ac0005000 r--s 00005000 08:11 553027                     /home/runner/.m2/repository/io/netty/netty-handler-proxy/4.1.100.Final/netty-handler-proxy-4.1.100.Final.jar
7f3ac0005000-7f3ac0007000 r--s 00008000 08:11 553030                     /home/runner/.m2/repository/io/netty/netty-resolver/4.1.100.Final/netty-resolver-4.1.100.Final.jar
7f3ac0007000-7f3ac000b000 r--s 00047000 08:11 553055                     /home/runner/.m2/repository/io/netty/netty-buffer/4.1.100.Final/netty-buffer-4.1.100.Final.jar
7f3ac000b000-7f3ac0014000 r--s 0006e000 08:11 553047                     /home/runner/.m2/repository/io/netty/netty-codec-http2/4.1.100.Final/netty-codec-http2-4.1.100.Final.jar
7f3ac0014000-7f3ac0016000 r--s 00009000 08:11 553057                     /home/runner/.m2/repository/io/netty/netty-transport-native-unix-common/4.1.100.Final/netty-transport-native-unix-common-4.1.100.Final.jar
7f3ac0016000-7f3ac0017000 r--s 00001000 08:11 553156                     /home/runner/.m2/repository/io/perfmark/perfmark-api/0.26.0/perfmark-api-0.26.0.jar
7f3ac0017000-7f3ac0019000 r--s 00002000 08:11 544111                     /home/runner/.m2/repository/com/google/errorprone/error_prone_annotations/2.2.0/error_prone_annotations-2.2.0.jar
7f3ac0019000-7f3ac001c000 r--s 00015000 08:11 552877                     /home/runner/.m2/repository/io/grpc/grpc-util/1.58.0/grpc-util-1.58.0.jar
7f3ac001c000-7f3ac001d000 r--s 00000000 08:11 552922                     /home/runner/.m2/repository/io/grpc/grpc-context/1.58.0/grpc-context-1.58.0.jar
7f3ac001d000-7f3ac001e000 r--s 00000000 08:11 545385                     /home/runner/.m2/repository/org/codehaus/mojo/animal-sniffer-annotations/1.23/animal-sniffer-annotations-1.23.jar
7f3ac001e000-7f3ac001f000 r--s 00000000 08:11 544153                     /home/runner/.m2/repository/com/google/android/annotations/4.1.1.4/annotations-4.1.1.4.jar
7f3ac001f000-7f3ac002b000 r--s 0008e000 08:11 552899                     /home/runner/.m2/repository/io/grpc/grpc-core/1.58.0/grpc-core-1.58.0.jar
7f3ac002b000-7f3ac0031000 r--s 00040000 08:11 552902                     /home/runner/.m2/repository/io/grpc/grpc-netty/1.58.0/grpc-netty-1.58.0.jar
7f3ac0031000-7f3ac004a000 r--s 001e5000 08:11 551958                     /home/runner/.m2/repository/org/aspectj/aspectjweaver/1.9.7/aspectjweaver-1.9.7.jar
7f3ac004a000-7f3ac004e000 r--s 0001a000 08:11 551951                     /home/runner/.m2/repository/org/aspectj/aspectjrt/1.9.7/aspectjrt-1.9.7.jar
7f3ac004e000-7f3ac0070000 r--s 001a5000 08:11 550737                     /home/runner/.m2/repository/org/apache/maven/surefire/surefire-shared-utils/3.0.0-M4/surefire-shared-utils-3.0.0-M4.jar
7f3ac0070000-7f3ac0072000 r--s 00002000 08:11 550662                     /home/runner/.m2/repository/org/apache/maven/surefire/surefire-logger-api/3.0.0-M5/surefire-logger-api-3.0.0-M5.jar
7f3ac0072000-7f3ac0077000 r--s 0001f000 08:11 550689                     /home/runner/.m2/repository/org/apache/maven/surefire/surefire-api/3.0.0-M5/surefire-api-3.0.0-M5.jar
7f3ac0077000-7f3ac00a9000 r--p 00000000 08:11 6140                       /usr/lib/locale/C.UTF-8/LC_CTYPE
7f3ac00a9000-7f3ac02f9000 rw-p 00000000 00:00 0 
7f3ac02f9000-7f3ac04cb000 r--s 03cc9000 08:11 3629412                    /usr/lib/jvm/temurin-8-jdk-amd64/jre/lib/rt.jar
7f3ac04cb000-7f3ac0dec000 rw-p 00000000 00:00 0 
7f3ac0dec000-7f3ac0ded000 ---p 00000000 00:00 0 
7f3ac0ded000-7f3ac0eed000 rw-p 00000000 00:00 0 
7f3ac0eed000-7f3ac0eee000 ---p 00000000 00:00 0 
7f3ac0eee000-7f3ac0fee000 rw-p 00000000 00:00 0 
7f3ac0fee000-7f3ac0fef000 ---p 00000000 00:00 0 
7f3ac0fef000-7f3ac10ef000 rw-p 00000000 00:00 0 
7f3ac10ef000-7f3ac10f0000 ---p 00000000 00:00 0 
7f3ac10f0000-7f3ac123f000 rw-p 00000000 00:00 0 
7f3ac123f000-7f3ac1746000 ---p 00000000 00:00 0 
7f3ac1746000-7f3ac1795000 rw-p 00000000 00:00 0 
7f3ac1795000-7f3ac1c9b000 ---p 00000000 00:00 0 
7f3ac1c9b000-7f3ac1d63000 rw-p 00000000 00:00 0 
7f3ac1d63000-7f3ac1f46000 ---p 00000000 00:00 0 
7f3ac1f46000-7f3ac1f87000 rw-p 00000000 00:00 0 
7f3ac1f87000-7f3ac2307000 ---p 00000000 00:00 0 
7f3ac2307000-7f3ac2322000 r-xp 00000000 08:11 3629353                    /usr/lib/jvm/temurin-8-jdk-amd64/jre/lib/amd64/libzip.so
7f3ac2322000-7f3ac2521000 ---p 0001b000 08:11 3629353                    /usr/lib/jvm/temurin-8-jdk-amd64/jre/lib/amd64/libzip.so
7f3ac2521000-7f3ac2522000 r--p 0001a000 08:11 3629353                    /usr/lib/jvm/temurin-8-jdk-amd64/jre/lib/amd64/libzip.so
7f3ac2522000-7f3ac2523000 rw-p 0001b000 08:11 3629353                    /usr/lib/jvm/temurin-8-jdk-amd64/jre/lib/amd64/libzip.so
7f3ac2523000-7f3ac2526000 r--p 00000000 08:11 4767                       /usr/lib/x86_64-linux-gnu/libnss_files-2.31.so
7f3ac2526000-7f3ac252d000 r-xp 00003000 08:11 4767                       /usr/lib/x86_64-linux-gnu/libnss_files-2.31.so
7f3ac252d000-7f3ac252f000 r--p 0000a000 08:11 4767                       /usr/lib/x86_64-linux-gnu/libnss_files-2.31.so
7f3ac252f000-7f3ac2530000 r--p 0000b000 08:11 4767                       /usr/lib/x86_64-linux-gnu/libnss_files-2.31.so
7f3ac2530000-7f3ac2531000 rw-p 0000c000 08:11 4767                       /usr/lib/x86_64-linux-gnu/libnss_files-2.31.so
7f3ac2531000-7f3ac2537000 rw-p 00000000 00:00 0 
7f3ac2537000-7f3ac2538000 r--s 00001000 08:11 550700                     /home/runner/.m2/repository/org/apache/maven/surefire/surefire-extensions-spi/3.0.0-M5/surefire-extensions-spi-3.0.0-M5.jar
7f3ac2538000-7f3ac253a000 r--s 00018000 08:11 550650                     /home/runner/.m2/repository/org/apache/maven/surefire/surefire-booter/3.0.0-M5/surefire-booter-3.0.0-M5.jar
7f3ac253a000-7f3ac253b000 r--s 00005000 08:11 564279                     /home/runner/work/ozone/ozone/hadoop-ozone/ozone-manager/target/surefire/surefirebooter3513529035805271839.jar
7f3ac253b000-7f3ac253c000 r--p 00000000 08:11 6145                       /usr/lib/locale/C.UTF-8/LC_NUMERIC
7f3ac253c000-7f3ac253d000 r--p 00000000 08:11 6148                       /usr/lib/locale/C.UTF-8/LC_TIME
7f3ac253d000-7f3ac253e000 r--p 00000000 08:11 6143                       /usr/lib/locale/C.UTF-8/LC_MONETARY
7f3ac253e000-7f3ac253f000 r--p 00000000 08:11 6137                       /usr/lib/locale/C.UTF-8/LC_MESSAGES/SYS_LC_MESSAGES
7f3ac253f000-7f3ac2546000 r--s 00000000 08:11 3764                       /usr/lib/x86_64-linux-gnu/gconv/gconv-modules.cache
7f3ac2546000-7f3ac2550000 r-xp 00000000 08:11 3629327                    /usr/lib/jvm/temurin-8-jdk-amd64/jre/lib/amd64/libinstrument.so
7f3ac2550000-7f3ac274f000 ---p 0000a000 08:11 3629327                    /usr/lib/jvm/temurin-8-jdk-amd64/jre/lib/amd64/libinstrument.so
7f3ac274f000-7f3ac2750000 r--p 00009000 08:11 3629327                    /usr/lib/jvm/temurin-8-jdk-amd64/jre/lib/amd64/libinstrument.so
7f3ac2750000-7f3ac2751000 rw-p 0000a000 08:11 3629327                    /usr/lib/jvm/temurin-8-jdk-amd64/jre/lib/amd64/libinstrument.so
7f3ac2751000-7f3ac277a000 r-xp 00000000 08:11 3629332                    /usr/lib/jvm/temurin-8-jdk-amd64/jre/lib/amd64/libjava.so
7f3ac277a000-7f3ac2979000 ---p 00029000 08:11 3629332                    /usr/lib/jvm/temurin-8-jdk-amd64/jre/lib/amd64/libjava.so
7f3ac2979000-7f3ac297a000 r--p 00028000 08:11 3629332                    /usr/lib/jvm/temurin-8-jdk-amd64/jre/lib/amd64/libjava.so
7f3ac297a000-7f3ac297c000 rw-p 00029000 08:11 3629332                    /usr/lib/jvm/temurin-8-jdk-amd64/jre/lib/amd64/libjava.so
7f3ac297c000-7f3ac2989000 r-xp 00000000 08:11 3629352                    /usr/lib/jvm/temurin-8-jdk-amd64/jre/lib/amd64/libverify.so
7f3ac2989000-7f3ac2b88000 ---p 0000d000 08:11 3629352                    /usr/lib/jvm/temurin-8-jdk-amd64/jre/lib/amd64/libverify.so
7f3ac2b88000-7f3ac2b8a000 r--p 0000c000 08:11 3629352                    /usr/lib/jvm/temurin-8-jdk-amd64/jre/lib/amd64/libverify.so
7f3ac2b8a000-7f3ac2b8b000 rw-p 0000e000 08:11 3629352                    /usr/lib/jvm/temurin-8-jdk-amd64/jre/lib/amd64/libverify.so
7f3ac2b8b000-7f3ac2b8d000 r--p 00000000 08:11 4774                       /usr/lib/x86_64-linux-gnu/librt-2.31.so
7f3ac2b8d000-7f3ac2b91000 r-xp 00002000 08:11 4774                       /usr/lib/x86_64-linux-gnu/librt-2.31.so
7f3ac2b91000-7f3ac2b93000 r--p 00006000 08:11 4774                       /usr/lib/x86_64-linux-gnu/librt-2.31.so
7f3ac2b93000-7f3ac2b94000 r--p 00007000 08:11 4774                       /usr/lib/x86_64-linux-gnu/librt-2.31.so
7f3ac2b94000-7f3ac2b95000 rw-p 00008000 08:11 4774                       /usr/lib/x86_64-linux-gnu/librt-2.31.so
7f3ac2b95000-7f3ac2b96000 ---p 00000000 00:00 0 
7f3ac2b96000-7f3ac2b99000 ---p 00000000 00:00 0 
7f3ac2b99000-7f3ac2c96000 rw-p 00000000 00:00 0 
7f3ac2c96000-7f3ac2ca3000 r--p 00000000 08:11 4761                       /usr/lib/x86_64-linux-gnu/libm-2.31.so
7f3ac2ca3000-7f3ac2d4a000 r-xp 0000d000 08:11 4761                       /usr/lib/x86_64-linux-gnu/libm-2.31.so
7f3ac2d4a000-7f3ac2de3000 r--p 000b4000 08:11 4761                       /usr/lib/x86_64-linux-gnu/libm-2.31.so
7f3ac2de3000-7f3ac2de4000 r--p 0014c000 08:11 4761                       /usr/lib/x86_64-linux-gnu/libm-2.31.so
7f3ac2de4000-7f3ac2de5000 rw-p 0014d000 08:11 4761                       /usr/lib/x86_64-linux-gnu/libm-2.31.so
7f3ac2de5000-7f3ac3b49000 r-xp 00000000 08:11 3629356                    /usr/lib/jvm/temurin-8-jdk-amd64/jre/lib/amd64/server/libjvm.so
7f3ac3b49000-7f3ac3d48000 ---p 00d64000 08:11 3629356                    /usr/lib/jvm/temurin-8-jdk-amd64/jre/lib/amd64/server/libjvm.so
7f3ac3d48000-7f3ac3ddf000 r--p 00d63000 08:11 3629356                    /usr/lib/jvm/temurin-8-jdk-amd64/jre/lib/amd64/server/libjvm.so
7f3ac3ddf000-7f3ac3e08000 rw-p 00dfa000 08:11 3629356                    /usr/lib/jvm/temurin-8-jdk-amd64/jre/lib/amd64/server/libjvm.so
7f3ac3e08000-7f3ac3e3d000 rw-p 00000000 00:00 0 
7f3ac3e3d000-7f3ac3e5f000 r--p 00000000 08:11 4756                       /usr/lib/x86_64-linux-gnu/libc-2.31.so
7f3ac3e5f000-7f3ac3fd7000 r-xp 00022000 08:11 4756                       /usr/lib/x86_64-linux-gnu/libc-2.31.so
7f3ac3fd7000-7f3ac4025000 r--p 0019a000 08:11 4756                       /usr/lib/x86_64-linux-gnu/libc-2.31.so
7f3ac4025000-7f3ac4029000 r--p 001e7000 08:11 4756                       /usr/lib/x86_64-linux-gnu/libc-2.31.so
7f3ac4029000-7f3ac402b000 rw-p 001eb000 08:11 4756                       /usr/lib/x86_64-linux-gnu/libc-2.31.so
7f3ac402b000-7f3ac402f000 rw-p 00000000 00:00 0 
7f3ac402f000-7f3ac4030000 r--p 00000000 08:11 4760                       /usr/lib/x86_64-linux-gnu/libdl-2.31.so
7f3ac4030000-7f3ac4032000 r-xp 00001000 08:11 4760                       /usr/lib/x86_64-linux-gnu/libdl-2.31.so
7f3ac4032000-7f3ac4033000 r--p 00003000 08:11 4760                       /usr/lib/x86_64-linux-gnu/libdl-2.31.so
7f3ac4033000-7f3ac4034000 r--p 00003000 08:11 4760                       /usr/lib/x86_64-linux-gnu/libdl-2.31.so
7f3ac4034000-7f3ac4035000 rw-p 00004000 08:11 4760                       /usr/lib/x86_64-linux-gnu/libdl-2.31.so
7f3ac4035000-7f3ac404d000 r-xp 00000000 08:11 3629318                    /usr/lib/jvm/temurin-8-jdk-amd64/jre/lib/amd64/jli/libjli.so
7f3ac404d000-7f3ac424c000 ---p 00018000 08:11 3629318                    /usr/lib/jvm/temurin-8-jdk-amd64/jre/lib/amd64/jli/libjli.so
7f3ac424c000-7f3ac424d000 r--p 00017000 08:11 3629318                    /usr/lib/jvm/temurin-8-jdk-amd64/jre/lib/amd64/jli/libjli.so
7f3ac424d000-7f3ac424e000 rw-p 00018000 08:11 3629318                    /usr/lib/jvm/temurin-8-jdk-amd64/jre/lib/amd64/jli/libjli.so
7f3ac424e000-7f3ac4254000 r--p 00000000 08:11 4772                       /usr/lib/x86_64-linux-gnu/libpthread-2.31.so
7f3ac4254000-7f3ac4265000 r-xp 00006000 08:11 4772                       /usr/lib/x86_64-linux-gnu/libpthread-2.31.so
7f3ac4265000-7f3ac426b000 r--p 00017000 08:11 4772                       /usr/lib/x86_64-linux-gnu/libpthread-2.31.so
7f3ac426b000-7f3ac426c000 r--p 0001c000 08:11 4772                       /usr/lib/x86_64-linux-gnu/libpthread-2.31.so
7f3ac426c000-7f3ac426d000 rw-p 0001d000 08:11 4772                       /usr/lib/x86_64-linux-gnu/libpthread-2.31.so
7f3ac426d000-7f3ac4271000 rw-p 00000000 00:00 0 
7f3ac4271000-7f3ac4272000 r--p 00000000 08:11 6146                       /usr/lib/locale/C.UTF-8/LC_PAPER
7f3ac4272000-7f3ac4273000 r--p 00000000 08:11 6144                       /usr/lib/locale/C.UTF-8/LC_NAME
7f3ac4273000-7f3ac4274000 r--p 00000000 08:11 6138                       /usr/lib/locale/C.UTF-8/LC_ADDRESS
7f3ac4274000-7f3ac4275000 r--p 00000000 08:11 6147                       /usr/lib/locale/C.UTF-8/LC_TELEPHONE
7f3ac4275000-7f3ac4276000 r--p 00000000 08:11 6142                       /usr/lib/locale/C.UTF-8/LC_MEASUREMENT
7f3ac4276000-7f3ac4277000 r--p 00000000 08:11 6141                       /usr/lib/locale/C.UTF-8/LC_IDENTIFICATION
7f3ac4277000-7f3ac427f000 rw-s 00000000 08:11 63368                      /tmp/hsperfdata_runner/131875
7f3ac427f000-7f3ac4282000 rw-p 00000000 00:00 0 
7f3ac4282000-7f3ac4283000 r--p 00000000 08:11 4740                       /usr/lib/x86_64-linux-gnu/ld-2.31.so
7f3ac4283000-7f3ac42a6000 r-xp 00001000 08:11 4740                       /usr/lib/x86_64-linux-gnu/ld-2.31.so
7f3ac42a6000-7f3ac42ae000 r--p 00024000 08:11 4740                       /usr/lib/x86_64-linux-gnu/ld-2.31.so
7f3ac42ae000-7f3ac42af000 r--p 00000000 00:00 0 
7f3ac42af000-7f3ac42b0000 r--p 0002c000 08:11 4740                       /usr/lib/x86_64-linux-gnu/ld-2.31.so
7f3ac42b0000-7f3ac42b1000 rw-p 0002d000 08:11 4740                       /usr/lib/x86_64-linux-gnu/ld-2.31.so
7f3ac42b1000-7f3ac42b2000 rw-p 00000000 00:00 0 
7ffce939e000-7ffce93c0000 rw-p 00000000 00:00 0                          [stack]
7ffce93f1000-7ffce93f5000 r--p 00000000 00:00 0                          [vvar]
7ffce93f5000-7ffce93f7000 r-xp 00000000 00:00 0                          [vdso]
ffffffffff600000-ffffffffff601000 --xp 00000000 00:00 0                  [vsyscall]

VM Arguments:
jvm_args: -Xmx4096m -XX:+HeapDumpOnOutOfMemoryError -javaagent:/home/runner/.m2/repository/org/jacoco/org.jacoco.agent/0.8.11/org.jacoco.agent-0.8.11-runtime.jar=destfile=/home/runner/work/ozone/ozone/hadoop-ozone/ozone-manager/target/jacoco.exec,includes=org.apache.hadoop.hdds.*:org.apache.hadoop.ozone.*:org.apache.hadoop.fs.ozone.* 
java_command: /home/runner/work/ozone/ozone/hadoop-ozone/ozone-manager/target/surefire/surefirebooter3513529035805271839.jar /home/runner/work/ozone/ozone/hadoop-ozone/ozone-manager/target/surefire 2024-03-06T12-53-12_676-jvmRun1 surefire3334552086913147893tmp surefire_1924384078577599867445tmp
java_class_path (initial): /home/runner/work/ozone/ozone/hadoop-ozone/ozone-manager/target/surefire/surefirebooter3513529035805271839.jar:/home/runner/.m2/repository/org/jacoco/org.jacoco.agent/0.8.11/org.jacoco.agent-0.8.11-runtime.jar
Launcher Type: SUN_STANDARD

Environment Variables:
JAVA_HOME=/opt/hostedtoolcache/Java_Temurin-Hotspot_jdk/8.0.402-6/x64
PATH=/opt/hostedtoolcache/Java_Temurin-Hotspot_jdk/8.0.402-6/x64/bin:/snap/bin:/home/runner/.local/bin:/opt/pipx_bin:/home/runner/.cargo/bin:/home/runner/.config/composer/vendor/bin:/usr/local/.ghcup/bin:/home/runner/.dotnet/tools:/usr/local/sbin:/usr/local/bin:/usr/sbin:/usr/bin:/sbin:/bin:/usr/games:/usr/local/games:/snap/bin

Signal Handlers:
SIGSEGV: [libjvm.so+0xb3e4c0], sa_mask[0]=11111111011111111101111111111110, sa_flags=SA_RESTART|SA_SIGINFO
SIGBUS: [libjvm.so+0xb3e4c0], sa_mask[0]=11111111011111111101111111111110, sa_flags=SA_RESTART|SA_SIGINFO
SIGFPE: [libjvm.so+0x9660e0], sa_mask[0]=11111111011111111101111111111110, sa_flags=SA_RESTART|SA_SIGINFO
SIGPIPE: [libjvm.so+0x9660e0], sa_mask[0]=11111111011111111101111111111110, sa_flags=SA_RESTART|SA_SIGINFO
SIGXFSZ: [libjvm.so+0x9660e0], sa_mask[0]=11111111011111111101111111111110, sa_flags=SA_RESTART|SA_SIGINFO
SIGILL: [libjvm.so+0x9660e0], sa_mask[0]=11111111011111111101111111111110, sa_flags=SA_RESTART|SA_SIGINFO
SIGUSR1: SIG_DFL, sa_mask[0]=00000000000000000000000000000000, sa_flags=none
SIGUSR2: [libjvm.so+0x966690], sa_mask[0]=00100000000000000000000000000000, sa_flags=SA_RESTART|SA_SIGINFO
SIGHUP: [libjvm.so+0x9665d0], sa_mask[0]=11111111011111111101111111111110, sa_flags=SA_RESTART|SA_SIGINFO
SIGINT: [libjvm.so+0x9665d0], sa_mask[0]=11111111011111111101111111111110, sa_flags=SA_RESTART|SA_SIGINFO
SIGTERM: [libjvm.so+0x9665d0], sa_mask[0]=11111111011111111101111111111110, sa_flags=SA_RESTART|SA_SIGINFO
SIGQUIT: [libjvm.so+0x9665d0], sa_mask[0]=11111111011111111101111111111110, sa_flags=SA_RESTART|SA_SIGINFO


---------------  S Y S T E M  ---------------

OS:DISTRIB_ID=Ubuntu
DISTRIB_RELEASE=20.04
DISTRIB_CODENAME=focal
DISTRIB_DESCRIPTION="Ubuntu 20.04.6 LTS"

uname:Linux 5.15.0-1057-azure #65~20.04.1-Ubuntu SMP Mon Feb 12 17:26:40 UTC 2024 x86_64
libc:glibc 2.31 NPTL 2.31 
rlimit: STACK 16384k, CORE 0k, NPROC 63930, NOFILE 65536, AS infinity
load average:3.08 3.03 2.33

/proc/meminfo:
MemTotal:       16375348 kB
MemFree:         8854824 kB
MemAvailable:   11610740 kB
Buffers:          302176 kB
Cached:          2385628 kB
SwapCached:            0 kB
Active:          1082232 kB
Inactive:        5746820 kB
Active(anon):       3248 kB
Inactive(anon):  4182336 kB
Active(file):    1078984 kB
Inactive(file):  1564484 kB
Unevictable:       29824 kB
Mlocked:           26752 kB
SwapTotal:       4194300 kB
SwapFree:        4194300 kB
Dirty:             13980 kB
Writeback:             0 kB
AnonPages:       4143196 kB
Mapped:           411264 kB
Shmem:             36108 kB
KReclaimable:     458096 kB
Slab:             544860 kB
SReclaimable:     458096 kB
SUnreclaim:        86764 kB
KernelStack:        5120 kB
PageTables:        16280 kB
NFS_Unstable:          0 kB
Bounce:                0 kB
WritebackTmp:          0 kB
CommitLimit:    12381972 kB
Committed_AS:    7528240 kB
VmallocTotal:   34359738367 kB
VmallocUsed:       37100 kB
VmallocChunk:          0 kB
Percpu:             3872 kB
HardwareCorrupted:     0 kB
AnonHugePages:   3424256 kB
ShmemHugePages:        0 kB
ShmemPmdMapped:        0 kB
FileHugePages:         0 kB
FilePmdMapped:         0 kB
HugePages_Total:       0
HugePages_Free:        0
HugePages_Rsvd:        0
HugePages_Surp:        0
Hugepagesize:       2048 kB
Hugetlb:               0 kB
DirectMap4k:      186304 kB
DirectMap2M:     5056512 kB
DirectMap1G:    13631488 kB

container (cgroup) information:
container_type: cgroupv1
cpu_cpuset_cpus: 0-3
cpu_memory_nodes: 0
active_processor_count: 4
cpu_quota: -1
cpu_period: 100000
cpu_shares: -1
memory_limit_in_bytes: -1
memory_and_swap_limit_in_bytes: -1
memory_soft_limit_in_bytes: -1
memory_usage_in_bytes: 6394306560
memory_max_usage_in_bytes: 9257914368


CPU:total 4 (initial active 4) (16 cores per cpu, 1 threads per core) family 25 model 1 stepping 1, cmov, cx8, fxsr, mmx, sse, sse2, sse3, ssse3, sse4.1, sse4.2, popcnt, avx, avx2, aes, clmul, erms, mmxext, 3dnowpref, lzcnt, sse4a, tsc, tscinvbit, tscinv, bmi1

/proc/cpuinfo:
processor	: 0
vendor_id	: AuthenticAMD
cpu family	: 25
model		: 1
model name	: AMD EPYC 7763 64-Core Processor
stepping	: 1
microcode	: 0xffffffff
cpu MHz		: 2445.427
cache size	: 512 KB
physical id	: 0
siblings	: 4
core id		: 0
cpu cores	: 2
apicid		: 0
initial apicid	: 0
fpu		: yes
fpu_exception	: yes
cpuid level	: 13
wp		: yes
flags		: fpu vme de pse tsc msr pae mce cx8 apic sep mtrr pge mca cmov pat pse36 clflush mmx fxsr sse sse2 ht syscall nx mmxext fxsr_opt pdpe1gb rdtscp lm constant_tsc rep_good nopl tsc_reliable nonstop_tsc cpuid extd_apicid aperfmperf pni pclmulqdq ssse3 fma cx16 pcid sse4_1 sse4_2 movbe popcnt aes xsave avx f16c rdrand hypervisor lahf_lm cmp_legacy svm cr8_legacy abm sse4a misalignsse 3dnowprefetch osvw topoext invpcid_single vmmcall fsgsbase bmi1 avx2 smep bmi2 erms invpcid rdseed adx smap clflushopt clwb sha_ni xsaveopt xsavec xgetbv1 xsaves clzero xsaveerptr rdpru arat npt nrip_save tsc_scale vmcb_clean flushbyasid decodeassists pausefilter pfthreshold v_vmsave_vmload umip vaes vpclmulqdq rdpid fsrm
bugs		: sysret_ss_attrs null_seg spectre_v1 spectre_v2 spec_store_bypass srso
bogomips	: 4890.85
TLB size	: 2560 4K pages
clflush size	: 64
cache_alignment	: 64
address sizes	: 48 bits physical, 48 bits virtual
power management:

processor	: 1
vendor_id	: AuthenticAMD
cpu family	: 25
model		: 1
model name	: AMD EPYC 7763 64-Core Processor
stepping	: 1
microcode	: 0xffffffff
cpu MHz		: 3243.768
cache size	: 512 KB
physical id	: 0
siblings	: 4
core id		: 0
cpu cores	: 2
apicid		: 1
initial apicid	: 1
fpu		: yes
fpu_exception	: yes
cpuid level	: 13
wp		: yes
flags		: fpu vme de pse tsc msr pae mce cx8 apic sep mtrr pge mca cmov pat pse36 clflush mmx fxsr sse sse2 ht syscall nx mmxext fxsr_opt pdpe1gb rdtscp lm constant_tsc rep_good nopl tsc_reliable nonstop_tsc cpuid extd_apicid aperfmperf pni pclmulqdq ssse3 fma cx16 pcid sse4_1 sse4_2 movbe popcnt aes xsave avx f16c rdrand hypervisor lahf_lm cmp_legacy svm cr8_legacy abm sse4a misalignsse 3dnowprefetch osvw topoext invpcid_single vmmcall fsgsbase bmi1 avx2 smep bmi2 erms invpcid rdseed adx smap clflushopt clwb sha_ni xsaveopt xsavec xgetbv1 xsaves clzero xsaveerptr rdpru arat npt nrip_save tsc_scale vmcb_clean flushbyasid decodeassists pausefilter pfthreshold v_vmsave_vmload umip vaes vpclmulqdq rdpid fsrm
bugs		: sysret_ss_attrs null_seg spectre_v1 spectre_v2 spec_store_bypass srso
bogomips	: 4890.85
TLB size	: 2560 4K pages
clflush size	: 64
cache_alignment	: 64
address sizes	: 48 bits physical, 48 bits virtual
power management:

processor	: 2
vendor_id	: AuthenticAMD
cpu family	: 25
model		: 1
model name	: AMD EPYC 7763 64-Core Processor
stepping	: 1
microcode	: 0xffffffff
cpu MHz		: 3243.305
cache size	: 512 KB
physical id	: 0
siblings	: 4
core id		: 1
cpu cores	: 2
apicid		: 2
initial apicid	: 2
fpu		: yes
fpu_exception	: yes
cpuid level	: 13
wp		: yes
flags		: fpu vme de pse tsc msr pae mce cx8 apic sep mtrr pge mca cmov pat pse36 clflush mmx fxsr sse sse2 ht syscall nx mmxext fxsr_opt pdpe1gb rdtscp lm constant_tsc rep_good nopl tsc_reliable nonstop_tsc cpuid extd_apicid aperfmperf pni pclmulqdq ssse3 fma cx16 pcid sse4_1 sse4_2 movbe popcnt aes xsave avx f16c rdrand hypervisor lahf_lm cmp_legacy svm cr8_legacy abm sse4a misalignsse 3dnowprefetch osvw topoext invpcid_single vmmcall fsgsbase bmi1 avx2 smep bmi2 erms invpcid rdseed adx smap clflushopt clwb sha_ni xsaveopt xsavec xgetbv1 xsaves clzero xsaveerptr rdpru arat npt nrip_save tsc_scale vmcb_clean flushbyasid decodeassists pausefilter pfthreshold v_vmsave_vmload umip vaes vpclmulqdq rdpid fsrm
bugs		: sysret_ss_attrs null_seg spectre_v1 spectre_v2 spec_store_bypass srso
bogomips	: 4890.85
TLB size	: 2560 4K pages
clflush size	: 64
cache_alignment	: 64
address sizes	: 48 bits physical, 48 bits virtual
power management:

processor	: 3
vendor_id	: AuthenticAMD
cpu family	: 25
model		: 1
model name	: AMD EPYC 7763 64-Core Processor
stepping	: 1
microcode	: 0xffffffff
cpu MHz		: 3243.066
cache size	: 512 KB
physical id	: 0
siblings	: 4
core id		: 1
cpu cores	: 2
apicid		: 3
initial apicid	: 3
fpu		: yes
fpu_exception	: yes
cpuid level	: 13
wp		: yes
flags		: fpu vme de pse tsc msr pae mce cx8 apic sep mtrr pge mca cmov pat pse36 clflush mmx fxsr sse sse2 ht syscall nx mmxext fxsr_opt pdpe1gb rdtscp lm constant_tsc rep_good nopl tsc_reliable nonstop_tsc cpuid extd_apicid aperfmperf pni pclmulqdq ssse3 fma cx16 pcid sse4_1 sse4_2 movbe popcnt aes xsave avx f16c rdrand hypervisor lahf_lm cmp_legacy svm cr8_legacy abm sse4a misalignsse 3dnowprefetch osvw topoext invpcid_single vmmcall fsgsbase bmi1 avx2 smep bmi2 erms invpcid rdseed adx smap clflushopt clwb sha_ni xsaveopt xsavec xgetbv1 xsaves clzero xsaveerptr rdpru arat npt nrip_save tsc_scale vmcb_clean flushbyasid decodeassists pausefilter pfthreshold v_vmsave_vmload umip vaes vpclmulqdq rdpid fsrm
bugs		: sysret_ss_attrs null_seg spectre_v1 spectre_v2 spec_store_bypass srso
bogomips	: 4890.85
TLB size	: 2560 4K pages
clflush size	: 64
cache_alignment	: 64
address sizes	: 48 bits physical, 48 bits virtual
power management:



Memory: 4k page, physical 16375348k(8854572k free), swap 4194300k(4194300k free)

vm_info: OpenJDK 64-Bit Server VM (25.402-b06) for linux-amd64 JRE (1.8.0_402-b06), built on Jan 18 2024 20:44:46 by "jenkins" with gcc 7.5.0

time: Wed Mar  6 13:11:24 2024
timezone: UTC
elapsed time: 15.769362 seconds (0d 0h 0m 15s)

