Using Docker Compose v2
Executing test ozone-balancer/test-ec.sh
./test-ec.sh: line 22: BASH_SOURCE0: unbound variable
Using Docker Compose v2
Port 9860 is not available on scm1 yet
Port 9860 is not available on scm1 yet
Port 9860 is not available on scm1 yet
Port 9860 is not available on scm1 yet
Port 9860 is not available on scm1 yet
Port 9860 is not available on scm1 yet
Port 9860 is not available on scm1 yet
Port 9860 is not available on scm1 yet
Port 9860 is not available on scm1 yet
Port 9860 is not available on scm1 yet
Port 9860 is not available on scm1 yet
Port 9860 is not available on scm1 yet
Port 9860 is not available on scm1 yet
Port 9860 is not available on scm1 yet
Port 9860 is not available on scm1 yet
Port 9860 is not available on scm1 yet
Port 9860 is not available on scm1 yet
Port 9860 is not available on scm1 yet
Port 9860 is available on scm1
SCM is in safe mode. Will retry in 1 sec. Remaining time (sec): 234
SCM is in safe mode. Will retry in 1 sec. Remaining time (sec): 233
SCM is in safe mode. Will retry in 1 sec. Remaining time (sec): 232
SCM is in safe mode. Will retry in 1 sec. Remaining time (sec): 231
SCM is in safe mode. Will retry in 1 sec. Remaining time (sec): 230
SCM is in safe mode. Will retry in 1 sec. Remaining time (sec): 229
SCM is in safe mode. Will retry in 1 sec. Remaining time (sec): 228
SCM is in safe mode. Will retry in 1 sec. Remaining time (sec): 227
SCM is in safe mode. Will retry in 1 sec. Remaining time (sec): 226
SCM is in safe mode. Will retry in 1 sec. Remaining time (sec): 225
SCM is in safe mode. Will retry in 1 sec. Remaining time (sec): 224
SCM is in safe mode. Will retry in 1 sec. Remaining time (sec): 223
SCM is in safe mode. Will retry in 1 sec. Remaining time (sec): 222
SCM is in safe mode. Will retry in 1 sec. Remaining time (sec): 221
SCM is in safe mode. Will retry in 1 sec. Remaining time (sec): 220
SCM is in safe mode. Will retry in 1 sec. Remaining time (sec): 219
SCM is in safe mode. Will retry in 1 sec. Remaining time (sec): 218
SCM is in safe mode. Will retry in 1 sec. Remaining time (sec): 217
SCM is in safe mode. Will retry in 1 sec. Remaining time (sec): 216
SCM is in safe mode. Will retry in 1 sec. Remaining time (sec): 215
SCM is in safe mode. Will retry in 1 sec. Remaining time (sec): 214
SCM is in safe mode. Will retry in 1 sec. Remaining time (sec): 213
SCM is in safe mode. Will retry in 1 sec. Remaining time (sec): 212
SCM is in safe mode. Will retry in 1 sec. Remaining time (sec): 211
SCM is in safe mode. Will retry in 1 sec. Remaining time (sec): 210
SCM is in safe mode. Will retry in 1 sec. Remaining time (sec): 209
SCM is in safe mode. Will retry in 1 sec. Remaining time (sec): 208
SCM is out of safe mode.
Found OM leader for service om: om2 : LEADER (om2)
Replaced OM order with om2,om3,om1 in ozone-balancer-datanode1-1
Replaced OM order with om2,om3,om1 in ozone-balancer-datanode2-1
Replaced OM order with om2,om3,om1 in ozone-balancer-datanode3-1
Replaced OM order with om2,om3,om1 in ozone-balancer-datanode4-1
Replaced OM order with om2,om3,om1 in ozone-balancer-datanode5-1
Replaced OM order with om2,om3,om1 in ozone-balancer-datanode6-1
Replaced OM order with om2,om3,om1 in ozone-balancer-httpfs-1
Replaced OM order with om2,om3,om1 in ozone-balancer-om1-1
Replaced OM order with om2,om3,om1 in ozone-balancer-om2-1
Replaced OM order with om2,om3,om1 in ozone-balancer-om3-1
Replaced OM order with om2,om3,om1 in ozone-balancer-s3g-1
Replaced OM order with om2,om3,om1 in ozone-balancer-scm1-1
Replaced OM order with om2,om3,om1 in ozone-balancer-scm2-1
Replaced OM order with om2,om3,om1 in ozone-balancer-scm3-1
==============================================================================
ozone-balancer-EC :: Smoketest ozone cluster startup                          
==============================================================================
Verify Container Balancer for RATIS/EC containers                     | FAIL |
Keyword 'Run Balancer Verbose History Status' failed after retrying for 40 seconds. The last error was: 'ContainerBalancer is Running.
Started at: 2025-09-21 18:44:49
Balancing duration: 45s

Container Balancer Configuration values:
Key                                                Value
Threshold                                          0.1
Max Datanodes to Involve per Iteration(percent)    100
Max Size to Move per Iteration                     0GB
Max Size Entering Target per Iteration             26GB
Max Size Leaving Source per Iteration              26GB
Number of Iterations                               3
Time Limit for Single Container's Movement         65min
Time Limit for Single Container's Replication      50min
Interval between each Iteration                    0min
Whether to Enable Network Topology                 false
Whether to Trigger Refresh Datanode Usage Info     false
Container IDs to Exclude from Balancing            None
Datanodes Specified to be Balanced                 None
    [ Message content over the limit has been removed. ]
Iteration number                                   1
Iteration duration                                 45s
Iteration result                                   -
Size scheduled to move                             102 MB
Moved data size                                    88 MB
Scheduled to move containers                       5
Already moved containers                           4
Failed to move containers                          0
Failed to move containers by timeout               0
Entered data to nodes                              
ecfd59c6-e51a-4e3f-8dc8-33d0ff361fa9 <- 102 MB
Exited data from nodes                             
ed9129f0-339e-4430-a37f-945de5d506f8 -> 20 MB
d7d92f9f-0910-46f6-b072-bed200103982 -> 28 MB
08f30c17-c600-4ee8-b147-04ddebd44911 -> 20 MB
5904e22b-d254-43b4-993f-dc6d921091b7 -> 20 MB
bf3b0701-faf8-4a26-8413-a1a05d56756c -> 14 MB

Iteration history list:
' does not contain 'Iteration result ITERATION_COMPLETED'
------------------------------------------------------------------------------
ozone-balancer-EC :: Smoketest ozone cluster startup                  | FAIL |
1 test, 0 passed, 1 failed
==============================================================================
Output:  /tmp/smoketest/ozone-balancer/result/robot-001.xml
jstack 6 > /home/runner/work/ozone/ozone/hadoop-ozone/dist/target/ozone-2.1.0-SNAPSHOT/compose/ozone-balancer/result/ozone-balancer-datanode1-1_HddsDatanodeService.stack
jstack 7 > /home/runner/work/ozone/ozone/hadoop-ozone/dist/target/ozone-2.1.0-SNAPSHOT/compose/ozone-balancer/result/ozone-balancer-datanode2-1_HddsDatanodeService.stack
jstack 7 > /home/runner/work/ozone/ozone/hadoop-ozone/dist/target/ozone-2.1.0-SNAPSHOT/compose/ozone-balancer/result/ozone-balancer-datanode3-1_HddsDatanodeService.stack
jstack 7 > /home/runner/work/ozone/ozone/hadoop-ozone/dist/target/ozone-2.1.0-SNAPSHOT/compose/ozone-balancer/result/ozone-balancer-datanode4-1_HddsDatanodeService.stack
jstack 6 > /home/runner/work/ozone/ozone/hadoop-ozone/dist/target/ozone-2.1.0-SNAPSHOT/compose/ozone-balancer/result/ozone-balancer-datanode5-1_HddsDatanodeService.stack
jstack 7 > /home/runner/work/ozone/ozone/hadoop-ozone/dist/target/ozone-2.1.0-SNAPSHOT/compose/ozone-balancer/result/ozone-balancer-datanode6-1_HddsDatanodeService.stack
jstack 7 > /home/runner/work/ozone/ozone/hadoop-ozone/dist/target/ozone-2.1.0-SNAPSHOT/compose/ozone-balancer/result/ozone-balancer-om1-1_OzoneManagerStarter.stack
jstack 7 > /home/runner/work/ozone/ozone/hadoop-ozone/dist/target/ozone-2.1.0-SNAPSHOT/compose/ozone-balancer/result/ozone-balancer-om2-1_OzoneManagerStarter.stack
jstack 8 > /home/runner/work/ozone/ozone/hadoop-ozone/dist/target/ozone-2.1.0-SNAPSHOT/compose/ozone-balancer/result/ozone-balancer-om3-1_OzoneManagerStarter.stack
jstack 6 > /home/runner/work/ozone/ozone/hadoop-ozone/dist/target/ozone-2.1.0-SNAPSHOT/compose/ozone-balancer/result/ozone-balancer-s3g-1_Gateway.stack
jstack 6 > /home/runner/work/ozone/ozone/hadoop-ozone/dist/target/ozone-2.1.0-SNAPSHOT/compose/ozone-balancer/result/ozone-balancer-scm1-1_StorageContainerManagerStarter.stack
jstack 7 > /home/runner/work/ozone/ozone/hadoop-ozone/dist/target/ozone-2.1.0-SNAPSHOT/compose/ozone-balancer/result/ozone-balancer-scm2-1_StorageContainerManagerStarter.stack
jstack 7 > /home/runner/work/ozone/ozone/hadoop-ozone/dist/target/ozone-2.1.0-SNAPSHOT/compose/ozone-balancer/result/ozone-balancer-scm3-1_StorageContainerManagerStarter.stack
ERROR: Test execution of ozone-balancer/test-ec.sh is FAILED!!!!
To use Ozone please mount ozone folder to /opt/hadoop
Output:  /rebot-output/ozone-balancer-ec.xml
renamed '/home/runner/work/ozone/ozone/hadoop-ozone/dist/target/ozone-2.1.0-SNAPSHOT/compose/result/rebot-YZr1QP/ozone-balancer-ec.xml' -> '/home/runner/work/ozone/ozone/hadoop-ozone/dist/target/ozone-2.1.0-SNAPSHOT/compose/result/ozone-balancer-ec.xml'
removed 'ozone-balancer/result/robot-001.xml'
mkdir: created directory '/home/runner/work/ozone/ozone/hadoop-ozone/dist/target/ozone-2.1.0-SNAPSHOT/compose/result/ozone-balancer'
mkdir: created directory '/home/runner/work/ozone/ozone/hadoop-ozone/dist/target/ozone-2.1.0-SNAPSHOT/compose/result/ozone-balancer/ec'
renamed 'ozone-balancer/result/dn-audit-3b9e8cb08490.log' -> '/home/runner/work/ozone/ozone/hadoop-ozone/dist/target/ozone-2.1.0-SNAPSHOT/compose/result/ozone-balancer/ec/dn-audit-3b9e8cb08490.log'
renamed 'ozone-balancer/result/dn-audit-8911c6659a44.log' -> '/home/runner/work/ozone/ozone/hadoop-ozone/dist/target/ozone-2.1.0-SNAPSHOT/compose/result/ozone-balancer/ec/dn-audit-8911c6659a44.log'
renamed 'ozone-balancer/result/dn-audit-8e4f2e28841e.log' -> '/home/runner/work/ozone/ozone/hadoop-ozone/dist/target/ozone-2.1.0-SNAPSHOT/compose/result/ozone-balancer/ec/dn-audit-8e4f2e28841e.log'
renamed 'ozone-balancer/result/dn-audit-bc03063948d2.log' -> '/home/runner/work/ozone/ozone/hadoop-ozone/dist/target/ozone-2.1.0-SNAPSHOT/compose/result/ozone-balancer/ec/dn-audit-bc03063948d2.log'
renamed 'ozone-balancer/result/dn-audit-c510a2438313.log' -> '/home/runner/work/ozone/ozone/hadoop-ozone/dist/target/ozone-2.1.0-SNAPSHOT/compose/result/ozone-balancer/ec/dn-audit-c510a2438313.log'
renamed 'ozone-balancer/result/dn-audit-f0a2e76ee628.log' -> '/home/runner/work/ozone/ozone/hadoop-ozone/dist/target/ozone-2.1.0-SNAPSHOT/compose/result/ozone-balancer/ec/dn-audit-f0a2e76ee628.log'
renamed 'ozone-balancer/result/docker-ozone-balancer-datanode1-1.log' -> '/home/runner/work/ozone/ozone/hadoop-ozone/dist/target/ozone-2.1.0-SNAPSHOT/compose/result/ozone-balancer/ec/docker-ozone-balancer-datanode1-1.log'
renamed 'ozone-balancer/result/docker-ozone-balancer-datanode2-1.log' -> '/home/runner/work/ozone/ozone/hadoop-ozone/dist/target/ozone-2.1.0-SNAPSHOT/compose/result/ozone-balancer/ec/docker-ozone-balancer-datanode2-1.log'
renamed 'ozone-balancer/result/docker-ozone-balancer-datanode3-1.log' -> '/home/runner/work/ozone/ozone/hadoop-ozone/dist/target/ozone-2.1.0-SNAPSHOT/compose/result/ozone-balancer/ec/docker-ozone-balancer-datanode3-1.log'
renamed 'ozone-balancer/result/docker-ozone-balancer-datanode4-1.log' -> '/home/runner/work/ozone/ozone/hadoop-ozone/dist/target/ozone-2.1.0-SNAPSHOT/compose/result/ozone-balancer/ec/docker-ozone-balancer-datanode4-1.log'
renamed 'ozone-balancer/result/docker-ozone-balancer-datanode5-1.log' -> '/home/runner/work/ozone/ozone/hadoop-ozone/dist/target/ozone-2.1.0-SNAPSHOT/compose/result/ozone-balancer/ec/docker-ozone-balancer-datanode5-1.log'
renamed 'ozone-balancer/result/docker-ozone-balancer-datanode6-1.log' -> '/home/runner/work/ozone/ozone/hadoop-ozone/dist/target/ozone-2.1.0-SNAPSHOT/compose/result/ozone-balancer/ec/docker-ozone-balancer-datanode6-1.log'
renamed 'ozone-balancer/result/docker-ozone-balancer-httpfs-1.log' -> '/home/runner/work/ozone/ozone/hadoop-ozone/dist/target/ozone-2.1.0-SNAPSHOT/compose/result/ozone-balancer/ec/docker-ozone-balancer-httpfs-1.log'
renamed 'ozone-balancer/result/docker-ozone-balancer-om1-1.log' -> '/home/runner/work/ozone/ozone/hadoop-ozone/dist/target/ozone-2.1.0-SNAPSHOT/compose/result/ozone-balancer/ec/docker-ozone-balancer-om1-1.log'
renamed 'ozone-balancer/result/docker-ozone-balancer-om2-1.log' -> '/home/runner/work/ozone/ozone/hadoop-ozone/dist/target/ozone-2.1.0-SNAPSHOT/compose/result/ozone-balancer/ec/docker-ozone-balancer-om2-1.log'
renamed 'ozone-balancer/result/docker-ozone-balancer-om3-1.log' -> '/home/runner/work/ozone/ozone/hadoop-ozone/dist/target/ozone-2.1.0-SNAPSHOT/compose/result/ozone-balancer/ec/docker-ozone-balancer-om3-1.log'
renamed 'ozone-balancer/result/docker-ozone-balancer-s3g-1.log' -> '/home/runner/work/ozone/ozone/hadoop-ozone/dist/target/ozone-2.1.0-SNAPSHOT/compose/result/ozone-balancer/ec/docker-ozone-balancer-s3g-1.log'
renamed 'ozone-balancer/result/docker-ozone-balancer-scm1-1.log' -> '/home/runner/work/ozone/ozone/hadoop-ozone/dist/target/ozone-2.1.0-SNAPSHOT/compose/result/ozone-balancer/ec/docker-ozone-balancer-scm1-1.log'
renamed 'ozone-balancer/result/docker-ozone-balancer-scm2-1.log' -> '/home/runner/work/ozone/ozone/hadoop-ozone/dist/target/ozone-2.1.0-SNAPSHOT/compose/result/ozone-balancer/ec/docker-ozone-balancer-scm2-1.log'
renamed 'ozone-balancer/result/docker-ozone-balancer-scm3-1.log' -> '/home/runner/work/ozone/ozone/hadoop-ozone/dist/target/ozone-2.1.0-SNAPSHOT/compose/result/ozone-balancer/ec/docker-ozone-balancer-scm3-1.log'
renamed 'ozone-balancer/result/om-audit-om1.log' -> '/home/runner/work/ozone/ozone/hadoop-ozone/dist/target/ozone-2.1.0-SNAPSHOT/compose/result/ozone-balancer/ec/om-audit-om1.log'
renamed 'ozone-balancer/result/om-audit-om2.log' -> '/home/runner/work/ozone/ozone/hadoop-ozone/dist/target/ozone-2.1.0-SNAPSHOT/compose/result/ozone-balancer/ec/om-audit-om2.log'
renamed 'ozone-balancer/result/om-audit-om3.log' -> '/home/runner/work/ozone/ozone/hadoop-ozone/dist/target/ozone-2.1.0-SNAPSHOT/compose/result/ozone-balancer/ec/om-audit-om3.log'
renamed 'ozone-balancer/result/om-sys-audit-om1.log' -> '/home/runner/work/ozone/ozone/hadoop-ozone/dist/target/ozone-2.1.0-SNAPSHOT/compose/result/ozone-balancer/ec/om-sys-audit-om1.log'
renamed 'ozone-balancer/result/om-sys-audit-om2.log' -> '/home/runner/work/ozone/ozone/hadoop-ozone/dist/target/ozone-2.1.0-SNAPSHOT/compose/result/ozone-balancer/ec/om-sys-audit-om2.log'
renamed 'ozone-balancer/result/om-sys-audit-om3.log' -> '/home/runner/work/ozone/ozone/hadoop-ozone/dist/target/ozone-2.1.0-SNAPSHOT/compose/result/ozone-balancer/ec/om-sys-audit-om3.log'
renamed 'ozone-balancer/result/ozone-balancer-datanode1-1_HddsDatanodeService.stack' -> '/home/runner/work/ozone/ozone/hadoop-ozone/dist/target/ozone-2.1.0-SNAPSHOT/compose/result/ozone-balancer/ec/ozone-balancer-datanode1-1_HddsDatanodeService.stack'
renamed 'ozone-balancer/result/ozone-balancer-datanode2-1_HddsDatanodeService.stack' -> '/home/runner/work/ozone/ozone/hadoop-ozone/dist/target/ozone-2.1.0-SNAPSHOT/compose/result/ozone-balancer/ec/ozone-balancer-datanode2-1_HddsDatanodeService.stack'
renamed 'ozone-balancer/result/ozone-balancer-datanode3-1_HddsDatanodeService.stack' -> '/home/runner/work/ozone/ozone/hadoop-ozone/dist/target/ozone-2.1.0-SNAPSHOT/compose/result/ozone-balancer/ec/ozone-balancer-datanode3-1_HddsDatanodeService.stack'
renamed 'ozone-balancer/result/ozone-balancer-datanode4-1_HddsDatanodeService.stack' -> '/home/runner/work/ozone/ozone/hadoop-ozone/dist/target/ozone-2.1.0-SNAPSHOT/compose/result/ozone-balancer/ec/ozone-balancer-datanode4-1_HddsDatanodeService.stack'
renamed 'ozone-balancer/result/ozone-balancer-datanode5-1_HddsDatanodeService.stack' -> '/home/runner/work/ozone/ozone/hadoop-ozone/dist/target/ozone-2.1.0-SNAPSHOT/compose/result/ozone-balancer/ec/ozone-balancer-datanode5-1_HddsDatanodeService.stack'
renamed 'ozone-balancer/result/ozone-balancer-datanode6-1_HddsDatanodeService.stack' -> '/home/runner/work/ozone/ozone/hadoop-ozone/dist/target/ozone-2.1.0-SNAPSHOT/compose/result/ozone-balancer/ec/ozone-balancer-datanode6-1_HddsDatanodeService.stack'
renamed 'ozone-balancer/result/ozone-balancer-om1-1_OzoneManagerStarter.stack' -> '/home/runner/work/ozone/ozone/hadoop-ozone/dist/target/ozone-2.1.0-SNAPSHOT/compose/result/ozone-balancer/ec/ozone-balancer-om1-1_OzoneManagerStarter.stack'
renamed 'ozone-balancer/result/ozone-balancer-om2-1_OzoneManagerStarter.stack' -> '/home/runner/work/ozone/ozone/hadoop-ozone/dist/target/ozone-2.1.0-SNAPSHOT/compose/result/ozone-balancer/ec/ozone-balancer-om2-1_OzoneManagerStarter.stack'
renamed 'ozone-balancer/result/ozone-balancer-om3-1_OzoneManagerStarter.stack' -> '/home/runner/work/ozone/ozone/hadoop-ozone/dist/target/ozone-2.1.0-SNAPSHOT/compose/result/ozone-balancer/ec/ozone-balancer-om3-1_OzoneManagerStarter.stack'
renamed 'ozone-balancer/result/ozone-balancer-s3g-1_Gateway.stack' -> '/home/runner/work/ozone/ozone/hadoop-ozone/dist/target/ozone-2.1.0-SNAPSHOT/compose/result/ozone-balancer/ec/ozone-balancer-s3g-1_Gateway.stack'
renamed 'ozone-balancer/result/ozone-balancer-scm1-1_StorageContainerManagerStarter.stack' -> '/home/runner/work/ozone/ozone/hadoop-ozone/dist/target/ozone-2.1.0-SNAPSHOT/compose/result/ozone-balancer/ec/ozone-balancer-scm1-1_StorageContainerManagerStarter.stack'
renamed 'ozone-balancer/result/ozone-balancer-scm2-1_StorageContainerManagerStarter.stack' -> '/home/runner/work/ozone/ozone/hadoop-ozone/dist/target/ozone-2.1.0-SNAPSHOT/compose/result/ozone-balancer/ec/ozone-balancer-scm2-1_StorageContainerManagerStarter.stack'
renamed 'ozone-balancer/result/ozone-balancer-scm3-1_StorageContainerManagerStarter.stack' -> '/home/runner/work/ozone/ozone/hadoop-ozone/dist/target/ozone-2.1.0-SNAPSHOT/compose/result/ozone-balancer/ec/ozone-balancer-scm3-1_StorageContainerManagerStarter.stack'
renamed 'ozone-balancer/result/s3g-audit-dc598a095e6c.log' -> '/home/runner/work/ozone/ozone/hadoop-ozone/dist/target/ozone-2.1.0-SNAPSHOT/compose/result/ozone-balancer/ec/s3g-audit-dc598a095e6c.log'
renamed 'ozone-balancer/result/scm-audit-35fda4ffa7c2.log' -> '/home/runner/work/ozone/ozone/hadoop-ozone/dist/target/ozone-2.1.0-SNAPSHOT/compose/result/ozone-balancer/ec/scm-audit-35fda4ffa7c2.log'
renamed 'ozone-balancer/result/scm-audit-8dba133f3311.log' -> '/home/runner/work/ozone/ozone/hadoop-ozone/dist/target/ozone-2.1.0-SNAPSHOT/compose/result/ozone-balancer/ec/scm-audit-8dba133f3311.log'
renamed 'ozone-balancer/result/scm-audit-a4bec1448fc4.log' -> '/home/runner/work/ozone/ozone/hadoop-ozone/dist/target/ozone-2.1.0-SNAPSHOT/compose/result/ozone-balancer/ec/scm-audit-a4bec1448fc4.log'
Executing test ozone-balancer/test-ratis.sh
Using Docker Compose v2
Port 9860 is not available on scm1 yet
Port 9860 is not available on scm1 yet
Port 9860 is not available on scm1 yet
Port 9860 is not available on scm1 yet
Port 9860 is not available on scm1 yet
Port 9860 is not available on scm1 yet
Port 9860 is not available on scm1 yet
Port 9860 is not available on scm1 yet
Port 9860 is not available on scm1 yet
Port 9860 is not available on scm1 yet
Port 9860 is not available on scm1 yet
Port 9860 is not available on scm1 yet
Port 9860 is not available on scm1 yet
Port 9860 is not available on scm1 yet
Port 9860 is not available on scm1 yet
Port 9860 is available on scm1
SCM is in safe mode. Will retry in 1 sec. Remaining time (sec): 234
SCM is in safe mode. Will retry in 1 sec. Remaining time (sec): 233
SCM is in safe mode. Will retry in 1 sec. Remaining time (sec): 232
SCM is in safe mode. Will retry in 1 sec. Remaining time (sec): 231
SCM is in safe mode. Will retry in 1 sec. Remaining time (sec): 230
SCM is in safe mode. Will retry in 1 sec. Remaining time (sec): 229
SCM is in safe mode. Will retry in 1 sec. Remaining time (sec): 228
SCM is in safe mode. Will retry in 1 sec. Remaining time (sec): 227
SCM is in safe mode. Will retry in 1 sec. Remaining time (sec): 226
SCM is in safe mode. Will retry in 1 sec. Remaining time (sec): 225
SCM is in safe mode. Will retry in 1 sec. Remaining time (sec): 224
SCM is in safe mode. Will retry in 1 sec. Remaining time (sec): 223
SCM is in safe mode. Will retry in 1 sec. Remaining time (sec): 222
SCM is in safe mode. Will retry in 1 sec. Remaining time (sec): 221
SCM is in safe mode. Will retry in 1 sec. Remaining time (sec): 220
SCM is in safe mode. Will retry in 1 sec. Remaining time (sec): 219
SCM is in safe mode. Will retry in 1 sec. Remaining time (sec): 218
SCM is in safe mode. Will retry in 1 sec. Remaining time (sec): 217
SCM is in safe mode. Will retry in 1 sec. Remaining time (sec): 216
SCM is in safe mode. Will retry in 1 sec. Remaining time (sec): 215
SCM is in safe mode. Will retry in 1 sec. Remaining time (sec): 214
SCM is in safe mode. Will retry in 1 sec. Remaining time (sec): 213
SCM is in safe mode. Will retry in 1 sec. Remaining time (sec): 212
SCM is in safe mode. Will retry in 1 sec. Remaining time (sec): 211
SCM is in safe mode. Will retry in 1 sec. Remaining time (sec): 210
SCM is in safe mode. Will retry in 1 sec. Remaining time (sec): 209
SCM is in safe mode. Will retry in 1 sec. Remaining time (sec): 208
SCM is out of safe mode.
Found OM leader for service om: om1 : LEADER (om1)
Replaced OM order with om1,om3,om2 in ozone-balancer-datanode1-1
Replaced OM order with om1,om3,om2 in ozone-balancer-datanode3-1
Replaced OM order with om1,om3,om2 in ozone-balancer-datanode4-1
Replaced OM order with om1,om3,om2 in ozone-balancer-datanode6-1
Replaced OM order with om1,om3,om2 in ozone-balancer-httpfs-1
Replaced OM order with om1,om3,om2 in ozone-balancer-om1-1
Replaced OM order with om1,om3,om2 in ozone-balancer-om2-1
Replaced OM order with om1,om3,om2 in ozone-balancer-om3-1
Replaced OM order with om1,om3,om2 in ozone-balancer-s3g-1
Replaced OM order with om1,om3,om2 in ozone-balancer-scm1-1
Replaced OM order with om1,om3,om2 in ozone-balancer-scm2-1
Replaced OM order with om1,om3,om2 in ozone-balancer-scm3-1
==============================================================================
ozone-balancer-RATIS :: Smoketest ozone cluster startup                       
==============================================================================
Verify Container Balancer for RATIS/EC containers                     | PASS |
------------------------------------------------------------------------------
ozone-balancer-RATIS :: Smoketest ozone cluster startup               | PASS |
1 test, 1 passed, 0 failed
==============================================================================
Output:  /tmp/smoketest/ozone-balancer/result/robot-001.xml
To use Ozone please mount ozone folder to /opt/hadoop
Output:  /rebot-output/ozone-balancer-ratis.xml
renamed '/home/runner/work/ozone/ozone/hadoop-ozone/dist/target/ozone-2.1.0-SNAPSHOT/compose/result/rebot-CefGX3/ozone-balancer-ratis.xml' -> '/home/runner/work/ozone/ozone/hadoop-ozone/dist/target/ozone-2.1.0-SNAPSHOT/compose/result/ozone-balancer-ratis.xml'
removed 'ozone-balancer/result/robot-001.xml'
mkdir: created directory '/home/runner/work/ozone/ozone/hadoop-ozone/dist/target/ozone-2.1.0-SNAPSHOT/compose/result/ozone-balancer/ratis'
renamed 'ozone-balancer/result/dn-audit-2df779199f57.log' -> '/home/runner/work/ozone/ozone/hadoop-ozone/dist/target/ozone-2.1.0-SNAPSHOT/compose/result/ozone-balancer/ratis/dn-audit-2df779199f57.log'
renamed 'ozone-balancer/result/dn-audit-b0fd2acd2e52.log' -> '/home/runner/work/ozone/ozone/hadoop-ozone/dist/target/ozone-2.1.0-SNAPSHOT/compose/result/ozone-balancer/ratis/dn-audit-b0fd2acd2e52.log'
renamed 'ozone-balancer/result/dn-audit-cfa42baceec8.log' -> '/home/runner/work/ozone/ozone/hadoop-ozone/dist/target/ozone-2.1.0-SNAPSHOT/compose/result/ozone-balancer/ratis/dn-audit-cfa42baceec8.log'
renamed 'ozone-balancer/result/dn-audit-ea24826d6138.log' -> '/home/runner/work/ozone/ozone/hadoop-ozone/dist/target/ozone-2.1.0-SNAPSHOT/compose/result/ozone-balancer/ratis/dn-audit-ea24826d6138.log'
renamed 'ozone-balancer/result/docker-ozone-balancer-datanode1-1.log' -> '/home/runner/work/ozone/ozone/hadoop-ozone/dist/target/ozone-2.1.0-SNAPSHOT/compose/result/ozone-balancer/ratis/docker-ozone-balancer-datanode1-1.log'
renamed 'ozone-balancer/result/docker-ozone-balancer-datanode3-1.log' -> '/home/runner/work/ozone/ozone/hadoop-ozone/dist/target/ozone-2.1.0-SNAPSHOT/compose/result/ozone-balancer/ratis/docker-ozone-balancer-datanode3-1.log'
renamed 'ozone-balancer/result/docker-ozone-balancer-datanode4-1.log' -> '/home/runner/work/ozone/ozone/hadoop-ozone/dist/target/ozone-2.1.0-SNAPSHOT/compose/result/ozone-balancer/ratis/docker-ozone-balancer-datanode4-1.log'
renamed 'ozone-balancer/result/docker-ozone-balancer-datanode6-1.log' -> '/home/runner/work/ozone/ozone/hadoop-ozone/dist/target/ozone-2.1.0-SNAPSHOT/compose/result/ozone-balancer/ratis/docker-ozone-balancer-datanode6-1.log'
renamed 'ozone-balancer/result/docker-ozone-balancer-httpfs-1.log' -> '/home/runner/work/ozone/ozone/hadoop-ozone/dist/target/ozone-2.1.0-SNAPSHOT/compose/result/ozone-balancer/ratis/docker-ozone-balancer-httpfs-1.log'
renamed 'ozone-balancer/result/docker-ozone-balancer-om1-1.log' -> '/home/runner/work/ozone/ozone/hadoop-ozone/dist/target/ozone-2.1.0-SNAPSHOT/compose/result/ozone-balancer/ratis/docker-ozone-balancer-om1-1.log'
renamed 'ozone-balancer/result/docker-ozone-balancer-om2-1.log' -> '/home/runner/work/ozone/ozone/hadoop-ozone/dist/target/ozone-2.1.0-SNAPSHOT/compose/result/ozone-balancer/ratis/docker-ozone-balancer-om2-1.log'
renamed 'ozone-balancer/result/docker-ozone-balancer-om3-1.log' -> '/home/runner/work/ozone/ozone/hadoop-ozone/dist/target/ozone-2.1.0-SNAPSHOT/compose/result/ozone-balancer/ratis/docker-ozone-balancer-om3-1.log'
renamed 'ozone-balancer/result/docker-ozone-balancer-s3g-1.log' -> '/home/runner/work/ozone/ozone/hadoop-ozone/dist/target/ozone-2.1.0-SNAPSHOT/compose/result/ozone-balancer/ratis/docker-ozone-balancer-s3g-1.log'
renamed 'ozone-balancer/result/docker-ozone-balancer-scm1-1.log' -> '/home/runner/work/ozone/ozone/hadoop-ozone/dist/target/ozone-2.1.0-SNAPSHOT/compose/result/ozone-balancer/ratis/docker-ozone-balancer-scm1-1.log'
renamed 'ozone-balancer/result/docker-ozone-balancer-scm2-1.log' -> '/home/runner/work/ozone/ozone/hadoop-ozone/dist/target/ozone-2.1.0-SNAPSHOT/compose/result/ozone-balancer/ratis/docker-ozone-balancer-scm2-1.log'
renamed 'ozone-balancer/result/docker-ozone-balancer-scm3-1.log' -> '/home/runner/work/ozone/ozone/hadoop-ozone/dist/target/ozone-2.1.0-SNAPSHOT/compose/result/ozone-balancer/ratis/docker-ozone-balancer-scm3-1.log'
renamed 'ozone-balancer/result/om-audit-om1.log' -> '/home/runner/work/ozone/ozone/hadoop-ozone/dist/target/ozone-2.1.0-SNAPSHOT/compose/result/ozone-balancer/ratis/om-audit-om1.log'
renamed 'ozone-balancer/result/om-audit-om2.log' -> '/home/runner/work/ozone/ozone/hadoop-ozone/dist/target/ozone-2.1.0-SNAPSHOT/compose/result/ozone-balancer/ratis/om-audit-om2.log'
renamed 'ozone-balancer/result/om-audit-om3.log' -> '/home/runner/work/ozone/ozone/hadoop-ozone/dist/target/ozone-2.1.0-SNAPSHOT/compose/result/ozone-balancer/ratis/om-audit-om3.log'
renamed 'ozone-balancer/result/om-sys-audit-om1.log' -> '/home/runner/work/ozone/ozone/hadoop-ozone/dist/target/ozone-2.1.0-SNAPSHOT/compose/result/ozone-balancer/ratis/om-sys-audit-om1.log'
renamed 'ozone-balancer/result/om-sys-audit-om2.log' -> '/home/runner/work/ozone/ozone/hadoop-ozone/dist/target/ozone-2.1.0-SNAPSHOT/compose/result/ozone-balancer/ratis/om-sys-audit-om2.log'
renamed 'ozone-balancer/result/om-sys-audit-om3.log' -> '/home/runner/work/ozone/ozone/hadoop-ozone/dist/target/ozone-2.1.0-SNAPSHOT/compose/result/ozone-balancer/ratis/om-sys-audit-om3.log'
renamed 'ozone-balancer/result/s3g-audit-ab69acc9e636.log' -> '/home/runner/work/ozone/ozone/hadoop-ozone/dist/target/ozone-2.1.0-SNAPSHOT/compose/result/ozone-balancer/ratis/s3g-audit-ab69acc9e636.log'
renamed 'ozone-balancer/result/scm-audit-100d07476559.log' -> '/home/runner/work/ozone/ozone/hadoop-ozone/dist/target/ozone-2.1.0-SNAPSHOT/compose/result/ozone-balancer/ratis/scm-audit-100d07476559.log'
renamed 'ozone-balancer/result/scm-audit-245ba8d6700b.log' -> '/home/runner/work/ozone/ozone/hadoop-ozone/dist/target/ozone-2.1.0-SNAPSHOT/compose/result/ozone-balancer/ratis/scm-audit-245ba8d6700b.log'
renamed 'ozone-balancer/result/scm-audit-80e9edbaff9a.log' -> '/home/runner/work/ozone/ozone/hadoop-ozone/dist/target/ozone-2.1.0-SNAPSHOT/compose/result/ozone-balancer/ratis/scm-audit-80e9edbaff9a.log'
To use Ozone please mount ozone folder to /opt/hadoop
Log:     /rebot-output/log.html
Report:  /rebot-output/report.html
renamed '/home/runner/work/ozone/ozone/hadoop-ozone/dist/target/ozone-2.1.0-SNAPSHOT/compose/result/rebot-9mVfw6/log.html' -> '/home/runner/work/ozone/ozone/hadoop-ozone/dist/target/ozone-2.1.0-SNAPSHOT/compose/result/log.html'
renamed '/home/runner/work/ozone/ozone/hadoop-ozone/dist/target/ozone-2.1.0-SNAPSHOT/compose/result/rebot-9mVfw6/report.html' -> '/home/runner/work/ozone/ozone/hadoop-ozone/dist/target/ozone-2.1.0-SNAPSHOT/compose/result/report.html'
removed directory '/tmp/robot-data-ZK07Tm'
