Using Docker Compose v2
Executing test ozone/test-legacy-bucket.sh
Using Docker Compose v2
Port 9860 is not available on scm yet
Port 9860 is not available on scm yet
Port 9860 is not available on scm yet
Port 9860 is not available on scm yet
Port 9860 is not available on scm yet
Port 9860 is not available on scm yet
Port 9860 is not available on scm yet
Port 9860 is not available on scm yet
Port 9860 is not available on scm yet
Port 9860 is not available on scm yet
Port 9860 is not available on scm yet
Port 9860 is not available on scm yet
Port 9860 is not available on scm yet
Port 9860 is not available on scm yet
Port 9860 is not available on scm yet
Port 9860 is not available on scm yet
Port 9860 is not available on scm yet
Port 9860 is not available on scm yet
Port 9860 is not available on scm yet
Port 9860 is not available on scm yet
Port 9860 is not available on scm yet
Port 9860 is available on scm
SCM is in safe mode. Will retry in 1 sec. Remaining time (sec): 239
SCM is in safe mode. Will retry in 1 sec. Remaining time (sec): 238
SCM is in safe mode. Will retry in 1 sec. Remaining time (sec): 237
SCM is in safe mode. Will retry in 1 sec. Remaining time (sec): 236
SCM is in safe mode. Will retry in 1 sec. Remaining time (sec): 235
SCM is in safe mode. Will retry in 1 sec. Remaining time (sec): 234
SCM is in safe mode. Will retry in 1 sec. Remaining time (sec): 233
SCM is in safe mode. Will retry in 1 sec. Remaining time (sec): 232
SCM is in safe mode. Will retry in 1 sec. Remaining time (sec): 231
SCM is in safe mode. Will retry in 1 sec. Remaining time (sec): 230
SCM is in safe mode. Will retry in 1 sec. Remaining time (sec): 229
SCM is in safe mode. Will retry in 1 sec. Remaining time (sec): 228
SCM is in safe mode. Will retry in 1 sec. Remaining time (sec): 227
SCM is in safe mode. Will retry in 1 sec. Remaining time (sec): 226
SCM is in safe mode. Will retry in 1 sec. Remaining time (sec): 225
SCM is in safe mode. Will retry in 1 sec. Remaining time (sec): 224
SCM is in safe mode. Will retry in 1 sec. Remaining time (sec): 223
SCM is in safe mode. Will retry in 1 sec. Remaining time (sec): 222
SCM is in safe mode. Will retry in 1 sec. Remaining time (sec): 221
SCM is in safe mode. Will retry in 1 sec. Remaining time (sec): 220
SCM is in safe mode. Will retry in 1 sec. Remaining time (sec): 219
SCM is in safe mode. Will retry in 1 sec. Remaining time (sec): 218
SCM is in safe mode. Will retry in 1 sec. Remaining time (sec): 217
SCM is in safe mode. Will retry in 1 sec. Remaining time (sec): 216
SCM is in safe mode. Will retry in 1 sec. Remaining time (sec): 215
SCM is in safe mode. Will retry in 1 sec. Remaining time (sec): 214
SCM is in safe mode. Will retry in 1 sec. Remaining time (sec): 213
SCM is in safe mode. Will retry in 1 sec. Remaining time (sec): 212
SCM is in safe mode. Will retry in 1 sec. Remaining time (sec): 211
SCM is in safe mode. Will retry in 1 sec. Remaining time (sec): 210
SCM is in safe mode. Will retry in 1 sec. Remaining time (sec): 209
SCM is in safe mode. Will retry in 1 sec. Remaining time (sec): 208
SCM is out of safe mode.
No OM HA service, no need to wait
==============================================================================
Recon-Nssummary :: Smoke test for Recon Namespace Summary Endpoint for LEGA...
==============================================================================
Check volume creation                                                 | PASS |
------------------------------------------------------------------------------
Check bucket creation                                                 | PASS |
------------------------------------------------------------------------------
Check keys creation                                                   | PASS |
------------------------------------------------------------------------------
Check Summary api access                                              | PASS |
------------------------------------------------------------------------------
Check Disk Usage api access                                           | PASS |
------------------------------------------------------------------------------
Check Quota Usage api access                                          | PASS |
------------------------------------------------------------------------------
Check File Size Distribution api access                               | PASS |
------------------------------------------------------------------------------
Check Recon Namespace Summary Root                                    | PASS |
------------------------------------------------------------------------------
Check Recon Namespace Summary Volume                                  | PASS |
------------------------------------------------------------------------------
Check Recon Namespace Summary Bucket                                  | PASS |
------------------------------------------------------------------------------
Check Recon Namespace Summary Key                                     | PASS |
------------------------------------------------------------------------------
Check Recon Namespace Summary Directory                               | PASS |
------------------------------------------------------------------------------
Check Recon Namespace Disk Usage                                      | PASS |
------------------------------------------------------------------------------
Check Recon Namespace Volume Quota Usage                              | PASS |
------------------------------------------------------------------------------
Check Recon Namespace Bucket Quota Usage                              | PASS |
------------------------------------------------------------------------------
Check Recon Namespace File Size Distribution Root                     | PASS |
------------------------------------------------------------------------------
Recon-Nssummary :: Smoke test for Recon Namespace Summary Endpoint... | PASS |
16 tests, 16 passed, 0 failed
==============================================================================
Output:  /tmp/smoketest/ozone/result/robot-001.xml
To use Ozone please mount ozone folder to /opt/hadoop
Output:  /rebot-output/ozone-legacy-bucket.xml
renamed '/home/runner/work/ozone/ozone/hadoop-ozone/dist/target/ozone-2.2.0-SNAPSHOT/compose/result/rebot-Q5nnSI/ozone-legacy-bucket.xml' -> '/home/runner/work/ozone/ozone/hadoop-ozone/dist/target/ozone-2.2.0-SNAPSHOT/compose/result/ozone-legacy-bucket.xml'
removed 'ozone/result/robot-001.xml'
mkdir: created directory '/home/runner/work/ozone/ozone/hadoop-ozone/dist/target/ozone-2.2.0-SNAPSHOT/compose/result/ozone'
mkdir: created directory '/home/runner/work/ozone/ozone/hadoop-ozone/dist/target/ozone-2.2.0-SNAPSHOT/compose/result/ozone/legacy-bucket'
renamed 'ozone/result/dn-audit-9b00102b4744.log' -> '/home/runner/work/ozone/ozone/hadoop-ozone/dist/target/ozone-2.2.0-SNAPSHOT/compose/result/ozone/legacy-bucket/dn-audit-9b00102b4744.log'
renamed 'ozone/result/dn-audit-ae0f2bec6436.log' -> '/home/runner/work/ozone/ozone/hadoop-ozone/dist/target/ozone-2.2.0-SNAPSHOT/compose/result/ozone/legacy-bucket/dn-audit-ae0f2bec6436.log'
renamed 'ozone/result/dn-audit-c725fbd9d3b4.log' -> '/home/runner/work/ozone/ozone/hadoop-ozone/dist/target/ozone-2.2.0-SNAPSHOT/compose/result/ozone/legacy-bucket/dn-audit-c725fbd9d3b4.log'
renamed 'ozone/result/docker-ozone-datanode-1.log' -> '/home/runner/work/ozone/ozone/hadoop-ozone/dist/target/ozone-2.2.0-SNAPSHOT/compose/result/ozone/legacy-bucket/docker-ozone-datanode-1.log'
renamed 'ozone/result/docker-ozone-datanode-2.log' -> '/home/runner/work/ozone/ozone/hadoop-ozone/dist/target/ozone-2.2.0-SNAPSHOT/compose/result/ozone/legacy-bucket/docker-ozone-datanode-2.log'
renamed 'ozone/result/docker-ozone-datanode-3.log' -> '/home/runner/work/ozone/ozone/hadoop-ozone/dist/target/ozone-2.2.0-SNAPSHOT/compose/result/ozone/legacy-bucket/docker-ozone-datanode-3.log'
renamed 'ozone/result/docker-ozone-httpfs-1.log' -> '/home/runner/work/ozone/ozone/hadoop-ozone/dist/target/ozone-2.2.0-SNAPSHOT/compose/result/ozone/legacy-bucket/docker-ozone-httpfs-1.log'
renamed 'ozone/result/docker-ozone-om-1.log' -> '/home/runner/work/ozone/ozone/hadoop-ozone/dist/target/ozone-2.2.0-SNAPSHOT/compose/result/ozone/legacy-bucket/docker-ozone-om-1.log'
renamed 'ozone/result/docker-ozone-recon-1.log' -> '/home/runner/work/ozone/ozone/hadoop-ozone/dist/target/ozone-2.2.0-SNAPSHOT/compose/result/ozone/legacy-bucket/docker-ozone-recon-1.log'
renamed 'ozone/result/docker-ozone-s3g-1.log' -> '/home/runner/work/ozone/ozone/hadoop-ozone/dist/target/ozone-2.2.0-SNAPSHOT/compose/result/ozone/legacy-bucket/docker-ozone-s3g-1.log'
renamed 'ozone/result/docker-ozone-scm-1.log' -> '/home/runner/work/ozone/ozone/hadoop-ozone/dist/target/ozone-2.2.0-SNAPSHOT/compose/result/ozone/legacy-bucket/docker-ozone-scm-1.log'
renamed 'ozone/result/om-audit-087d3fdd81c1.log' -> '/home/runner/work/ozone/ozone/hadoop-ozone/dist/target/ozone-2.2.0-SNAPSHOT/compose/result/ozone/legacy-bucket/om-audit-087d3fdd81c1.log'
renamed 'ozone/result/om-sys-audit-087d3fdd81c1.log' -> '/home/runner/work/ozone/ozone/hadoop-ozone/dist/target/ozone-2.2.0-SNAPSHOT/compose/result/ozone/legacy-bucket/om-sys-audit-087d3fdd81c1.log'
renamed 'ozone/result/s3g-audit-6b1b783d65b7.log' -> '/home/runner/work/ozone/ozone/hadoop-ozone/dist/target/ozone-2.2.0-SNAPSHOT/compose/result/ozone/legacy-bucket/s3g-audit-6b1b783d65b7.log'
renamed 'ozone/result/scm-audit-d67e93a0cea3.log' -> '/home/runner/work/ozone/ozone/hadoop-ozone/dist/target/ozone-2.2.0-SNAPSHOT/compose/result/ozone/legacy-bucket/scm-audit-d67e93a0cea3.log'
Executing test ozone/test.sh
Using Docker Compose v2
Port 9860 is not available on scm yet
Port 9860 is not available on scm yet
Port 9860 is not available on scm yet
Port 9860 is not available on scm yet
Port 9860 is not available on scm yet
Port 9860 is not available on scm yet
Port 9860 is not available on scm yet
Port 9860 is not available on scm yet
Port 9860 is not available on scm yet
Port 9860 is not available on scm yet
Port 9860 is not available on scm yet
Port 9860 is not available on scm yet
Port 9860 is not available on scm yet
Port 9860 is not available on scm yet
Port 9860 is not available on scm yet
Port 9860 is not available on scm yet
Port 9860 is not available on scm yet
Port 9860 is not available on scm yet
Port 9860 is not available on scm yet
Port 9860 is not available on scm yet
Port 9860 is not available on scm yet
Port 9860 is not available on scm yet
Port 9860 is not available on scm yet
Port 9860 is available on scm
SCM is in safe mode. Will retry in 1 sec. Remaining time (sec): 240
SCM is in safe mode. Will retry in 1 sec. Remaining time (sec): 239
SCM is in safe mode. Will retry in 1 sec. Remaining time (sec): 238
SCM is in safe mode. Will retry in 1 sec. Remaining time (sec): 237
SCM is in safe mode. Will retry in 1 sec. Remaining time (sec): 236
SCM is in safe mode. Will retry in 1 sec. Remaining time (sec): 235
SCM is in safe mode. Will retry in 1 sec. Remaining time (sec): 234
SCM is in safe mode. Will retry in 1 sec. Remaining time (sec): 233
SCM is in safe mode. Will retry in 1 sec. Remaining time (sec): 232
SCM is in safe mode. Will retry in 1 sec. Remaining time (sec): 231
SCM is in safe mode. Will retry in 1 sec. Remaining time (sec): 230
SCM is in safe mode. Will retry in 1 sec. Remaining time (sec): 229
SCM is in safe mode. Will retry in 1 sec. Remaining time (sec): 228
SCM is in safe mode. Will retry in 1 sec. Remaining time (sec): 227
SCM is in safe mode. Will retry in 1 sec. Remaining time (sec): 226
SCM is in safe mode. Will retry in 1 sec. Remaining time (sec): 225
SCM is in safe mode. Will retry in 1 sec. Remaining time (sec): 224
SCM is in safe mode. Will retry in 1 sec. Remaining time (sec): 223
SCM is in safe mode. Will retry in 1 sec. Remaining time (sec): 222
SCM is in safe mode. Will retry in 1 sec. Remaining time (sec): 221
SCM is in safe mode. Will retry in 1 sec. Remaining time (sec): 220
SCM is in safe mode. Will retry in 1 sec. Remaining time (sec): 219
SCM is in safe mode. Will retry in 1 sec. Remaining time (sec): 218
SCM is in safe mode. Will retry in 1 sec. Remaining time (sec): 217
SCM is in safe mode. Will retry in 1 sec. Remaining time (sec): 216
SCM is in safe mode. Will retry in 1 sec. Remaining time (sec): 215
SCM is in safe mode. Will retry in 1 sec. Remaining time (sec): 214
SCM is in safe mode. Will retry in 1 sec. Remaining time (sec): 213
SCM is in safe mode. Will retry in 1 sec. Remaining time (sec): 212
SCM is in safe mode. Will retry in 1 sec. Remaining time (sec): 211
SCM is in safe mode. Will retry in 1 sec. Remaining time (sec): 210
SCM is in safe mode. Will retry in 1 sec. Remaining time (sec): 209
SCM is in safe mode. Will retry in 1 sec. Remaining time (sec): 208
SCM is in safe mode. Will retry in 1 sec. Remaining time (sec): 207
SCM is out of safe mode.
No OM HA service, no need to wait
==============================================================================
Lib                                                                           
==============================================================================
Lib.Fs Tests                                                                  
==============================================================================
Format o3fs URL without path                                          | PASS |
------------------------------------------------------------------------------
Format o3fs URL with path                                             | PASS |
------------------------------------------------------------------------------
Format o3fs URL with OM                                               | PASS |
------------------------------------------------------------------------------
Format ofs URL without path                                           | PASS |
------------------------------------------------------------------------------
Format ofs URL with path                                              | PASS |
------------------------------------------------------------------------------
Format ofs URL with OM                                                | PASS |
------------------------------------------------------------------------------
Format FS URL with ofs scheme                                         | PASS |
------------------------------------------------------------------------------
Format FS URL with o3fs scheme                                        | PASS |
------------------------------------------------------------------------------
Format FS URL with unsupported scheme                                 | PASS |
------------------------------------------------------------------------------
Lib.Fs Tests                                                          | PASS |
9 tests, 9 passed, 0 failed
==============================================================================
Lib.Os Tests                                                                  
==============================================================================
Execute                                                               | PASS |
------------------------------------------------------------------------------
Execute failing command                                               | PASS |
------------------------------------------------------------------------------
Execute And Ignore Error                                              | PASS |
------------------------------------------------------------------------------
Execute and checkrc                                                   | PASS |
------------------------------------------------------------------------------
Execute and checkrc RC mismatch                                       | PASS |
------------------------------------------------------------------------------
Lib.Os Tests                                                          | PASS |
5 tests, 5 passed, 0 failed
==============================================================================
Lib.String Tests                                                              
==============================================================================
Ensure Leading without Leading                                        | PASS |
------------------------------------------------------------------------------
Ensure Leading with Leading                                           | PASS |
------------------------------------------------------------------------------
Ensure Leading for empty                                              | PASS |
------------------------------------------------------------------------------
Ensure Trailing without Trailing                                      | PASS |
------------------------------------------------------------------------------
Ensure Trailing with Trailing                                         | PASS |
------------------------------------------------------------------------------
Ensure Trailing for empty                                             | PASS |
------------------------------------------------------------------------------
Lib.String Tests                                                      | PASS |
6 tests, 6 passed, 0 failed
==============================================================================
Lib                                                                   | PASS |
20 tests, 20 passed, 0 failed
==============================================================================
Output:  /tmp/smoketest/ozone/result/robot-001.xml
==============================================================================
Ozone-Lib                                                                     
==============================================================================
Ozone-Lib.Shell Tests                                                         
==============================================================================
Bucket Exists should not if No Such Volume                            | PASS |
------------------------------------------------------------------------------
Bucket Exists should not if No Such Bucket                            | PASS |
------------------------------------------------------------------------------
Bucket Exists                                                         | PASS |
------------------------------------------------------------------------------
Bucket Exists should not if No Such OM service                        | PASS |
------------------------------------------------------------------------------
Key Should Match Local File                                           | PASS |
------------------------------------------------------------------------------
Compare Key With Local File with Different File                       | PASS |
------------------------------------------------------------------------------
Compare Key With Local File if File Does Not Exist                    | PASS |
------------------------------------------------------------------------------
Rejects Put Key With Zero Expected Generation                         | PASS |
------------------------------------------------------------------------------
Rejects Put Key With Negative Expected Generation                     | PASS |
------------------------------------------------------------------------------
Ozone-Lib.Shell Tests                                                 | PASS |
9 tests, 9 passed, 0 failed
==============================================================================
Ozone-Lib                                                             | PASS |
9 tests, 9 passed, 0 failed
==============================================================================
Output:  /tmp/smoketest/ozone/result/robot-002.xml
==============================================================================
Basic                                                                         
==============================================================================
Basic.Basic :: Smoketest ozone cluster startup                                
==============================================================================
Check webui static resources                                          | PASS |
------------------------------------------------------------------------------
Basic Freon smoketest                                                 | PASS |
------------------------------------------------------------------------------
Basic.Basic :: Smoketest ozone cluster startup                        | PASS |
2 tests, 2 passed, 0 failed
==============================================================================
Basic.Getconf :: Test 'ozone getconf' command                                 
==============================================================================
Get OM                                                                | PASS |
------------------------------------------------------------------------------
Get SCM                                                               | PASS |
------------------------------------------------------------------------------
Get existing config key                                               | PASS |
------------------------------------------------------------------------------
Get undefined config key                                              | PASS |
------------------------------------------------------------------------------
Basic.Getconf :: Test 'ozone getconf' command                         | PASS |
4 tests, 4 passed, 0 failed
==============================================================================
Basic.Links :: Test bucket links via Ozone CLI                                
==============================================================================
Link to non-existent bucket                                           | PASS |
------------------------------------------------------------------------------
Key create passthrough                                                | PASS |
------------------------------------------------------------------------------
Key read passthrough                                                  | PASS |
------------------------------------------------------------------------------
Key list passthrough                                                  | PASS |
------------------------------------------------------------------------------
Key delete passthrough                                                | PASS |
------------------------------------------------------------------------------
Bucket list contains links                                            | PASS |
------------------------------------------------------------------------------
Bucket info shows source                                              | PASS |
------------------------------------------------------------------------------
Source and target bucket have different ACLs                          | PASS |
------------------------------------------------------------------------------
Source and target key have same ACLs                                  | PASS |
------------------------------------------------------------------------------
Source and target prefix have same ACLs                               | PASS |
------------------------------------------------------------------------------
Buckets and links share namespace                                     | PASS |
------------------------------------------------------------------------------
Can follow link with read access                                      | PASS |
------------------------------------------------------------------------------
Cannot follow link without read access                                | PASS |
------------------------------------------------------------------------------
ACL verified on source and target bucket                              | PASS |
------------------------------------------------------------------------------
Loop in link chain is detected                                        | PASS |
------------------------------------------------------------------------------
Multiple links to same bucket are allowed                             | PASS |
------------------------------------------------------------------------------
Source bucket not affected by deleting link                           | PASS |
------------------------------------------------------------------------------
Setting bucket property on link not allowed                           | PASS |
------------------------------------------------------------------------------
Basic.Links :: Test bucket links via Ozone CLI                        | PASS |
18 tests, 18 passed, 0 failed
==============================================================================
[ ERROR ] Error in file '/opt/hadoop/smoketest/basic/ozone-shell-lib.robot' on line 21: Setting 'Suite Setup' is not allowed in resource file.
Basic.Ozone-Shell-Single :: Test ozone shell CLI usage                        
==============================================================================
Test ozone shell                                                      | PASS |
------------------------------------------------------------------------------
Basic.Ozone-Shell-Single :: Test ozone shell CLI usage                | PASS |
1 test, 1 passed, 0 failed
==============================================================================
Basic.Ozone-Shell :: Test ozone shell CLI usage                               
==============================================================================
RpcClient with port                                                   | PASS |
------------------------------------------------------------------------------
RpcClient with execution errors                                       | PASS |
------------------------------------------------------------------------------
RpcClient volume acls                                                 | PASS |
------------------------------------------------------------------------------
RpcClient bucket acls                                                 | PASS |
------------------------------------------------------------------------------
RpcClient key acls                                                    | PASS |
------------------------------------------------------------------------------
Test native authorizer                                                | PASS |
------------------------------------------------------------------------------
RpcClient prefix acls                                                 | PASS |
------------------------------------------------------------------------------
RpcClient without host                                                | PASS |
------------------------------------------------------------------------------
RpcClient Delete key                                                  | PASS |
------------------------------------------------------------------------------
Basic.Ozone-Shell :: Test ozone shell CLI usage                       | PASS |
9 tests, 9 passed, 0 failed
==============================================================================
Basic.Single Node :: Smoketest for one datanode                               
==============================================================================
Basic Freon smoketest for one datanode                                | PASS |
------------------------------------------------------------------------------
Basic.Single Node :: Smoketest for one datanode                       | PASS |
1 test, 1 passed, 0 failed
==============================================================================
Basic                                                                 | PASS |
35 tests, 35 passed, 0 failed
==============================================================================
Output:  /tmp/smoketest/ozone/result/robot-003.xml
==============================================================================
Gdpr                                                                          
==============================================================================
Gdpr.Gdpr :: Smoketest Ozone GDPR Feature                                     
==============================================================================
Test GDPR disabled                                                    | PASS |
------------------------------------------------------------------------------
Test GDPR --enforcegdpr=true                                          | PASS |
------------------------------------------------------------------------------
Test GDPR -g=true                                                     | PASS |
------------------------------------------------------------------------------
Test GDPR -g=false                                                    | PASS |
------------------------------------------------------------------------------
Gdpr.Gdpr :: Smoketest Ozone GDPR Feature                             | PASS |
4 tests, 4 passed, 0 failed
==============================================================================
Gdpr                                                                  | PASS |
4 tests, 4 passed, 0 failed
==============================================================================
Output:  /tmp/smoketest/ozone/result/robot-004.xml
==============================================================================
Ozone-Secure-Token :: Test token operations                                   
==============================================================================
Token Test                                                            | PASS |
------------------------------------------------------------------------------
Ozone-Secure-Token :: Test token operations                           | PASS |
1 test, 1 passed, 0 failed
==============================================================================
Output:  /tmp/smoketest/ozone/result/robot-005.xml
==============================================================================
Recon                                                                         
==============================================================================
Recon.Recon-Api :: Smoke test to start cluster with docker-compose environm...
==============================================================================
Check if Recon picks up OM data                                       | PASS |
------------------------------------------------------------------------------
Check if Recon picks up DN heartbeats                                 | PASS |
------------------------------------------------------------------------------
Check if Recon Web UI is up                                           | PASS |
------------------------------------------------------------------------------
Check web UI access                                                   | PASS |
------------------------------------------------------------------------------
Check admin only api access                                           | PASS |
------------------------------------------------------------------------------
Check unhealthy, (admin) api access                                   | PASS |
------------------------------------------------------------------------------
Check normal api access                                               | PASS |
------------------------------------------------------------------------------
Recon.Recon-Api :: Smoke test to start cluster with docker-compose... | PASS |
7 tests, 7 passed, 0 failed
==============================================================================
Recon.Recon-Nssummary :: Smoke test for Recon Namespace Summary Endpoint fo...
==============================================================================
Check volume creation                                                 | PASS |
------------------------------------------------------------------------------
Check bucket creation                                                 | PASS |
------------------------------------------------------------------------------
Check keys creation                                                   | PASS |
------------------------------------------------------------------------------
Check Summary api access                                              | PASS |
------------------------------------------------------------------------------
Check Disk Usage api access                                           | PASS |
------------------------------------------------------------------------------
Check Quota Usage api access                                          | PASS |
------------------------------------------------------------------------------
Check File Size Distribution api access                               | PASS |
------------------------------------------------------------------------------
Check Recon Namespace Summary Root                                    | PASS |
------------------------------------------------------------------------------
Check Recon Namespace Summary Volume                                  | PASS |
------------------------------------------------------------------------------
Check Recon Namespace Summary Bucket                                  | PASS |
------------------------------------------------------------------------------
Check Recon Namespace Summary Key                                     | PASS |
------------------------------------------------------------------------------
Check Recon Namespace Summary Directory                               | PASS |
------------------------------------------------------------------------------
Check Recon Namespace Disk Usage                                      | PASS |
------------------------------------------------------------------------------
Check Recon Namespace Volume Quota Usage                              | PASS |
------------------------------------------------------------------------------
Check Recon Namespace Bucket Quota Usage                              | PASS |
------------------------------------------------------------------------------
Check Recon Namespace File Size Distribution Root                     | PASS |
------------------------------------------------------------------------------
Recon.Recon-Nssummary :: Smoke test for Recon Namespace Summary En... | PASS |
16 tests, 16 passed, 0 failed
==============================================================================
Recon.Recon-Taskstatus :: Test to validate the recon task status API works ...
==============================================================================
Prepopulate Data and Trigger OM DB Sync :: Use Freon to prepopulat... | PASS |
------------------------------------------------------------------------------
Validate Task Status After Sync :: Validate that task status is up... | PASS |
------------------------------------------------------------------------------
Validate Stats for Specific Task :: Validate response for a specif... | PASS |
------------------------------------------------------------------------------
Validate All Tasks Updated After Sync :: Ensure all tasks have bee... | PASS |
------------------------------------------------------------------------------
Validate Sequence number is updated after sync                        | FAIL |
1520 != 1524
------------------------------------------------------------------------------
Recon.Recon-Taskstatus :: Test to validate the recon task status A... | FAIL |
5 tests, 4 passed, 1 failed
==============================================================================
Recon                                                                 | FAIL |
28 tests, 27 passed, 1 failed
==============================================================================
Output:  /tmp/smoketest/ozone/result/robot-006.xml
jstack 6 > /home/runner/work/ozone/ozone/hadoop-ozone/dist/target/ozone-2.2.0-SNAPSHOT/compose/ozone/result/ozone-datanode-1_HddsDatanodeService.stack
jstack 6 > /home/runner/work/ozone/ozone/hadoop-ozone/dist/target/ozone-2.2.0-SNAPSHOT/compose/ozone/result/ozone-datanode-2_HddsDatanodeService.stack
jstack 7 > /home/runner/work/ozone/ozone/hadoop-ozone/dist/target/ozone-2.2.0-SNAPSHOT/compose/ozone/result/ozone-datanode-3_HddsDatanodeService.stack
jstack 7 > /home/runner/work/ozone/ozone/hadoop-ozone/dist/target/ozone-2.2.0-SNAPSHOT/compose/ozone/result/ozone-om-1_OzoneManagerStarter.stack
jstack 7 > /home/runner/work/ozone/ozone/hadoop-ozone/dist/target/ozone-2.2.0-SNAPSHOT/compose/ozone/result/ozone-recon-1_ReconServer.stack
jstack 7 > /home/runner/work/ozone/ozone/hadoop-ozone/dist/target/ozone-2.2.0-SNAPSHOT/compose/ozone/result/ozone-s3g-1_Gateway.stack
jstack 8 > /home/runner/work/ozone/ozone/hadoop-ozone/dist/target/ozone-2.2.0-SNAPSHOT/compose/ozone/result/ozone-scm-1_StorageContainerManagerStarter.stack
ERROR: Test execution of ozone/test.sh is FAILED!!!!
To use Ozone please mount ozone folder to /opt/hadoop
Output:  /rebot-output/ozone.xml
renamed '/home/runner/work/ozone/ozone/hadoop-ozone/dist/target/ozone-2.2.0-SNAPSHOT/compose/result/rebot-V1M1or/ozone.xml' -> '/home/runner/work/ozone/ozone/hadoop-ozone/dist/target/ozone-2.2.0-SNAPSHOT/compose/result/ozone.xml'
removed 'ozone/result/robot-001.xml'
removed 'ozone/result/robot-002.xml'
removed 'ozone/result/robot-003.xml'
removed 'ozone/result/robot-004.xml'
removed 'ozone/result/robot-005.xml'
removed 'ozone/result/robot-006.xml'
renamed 'ozone/result/dn-audit-153aa1180bea.log' -> '/home/runner/work/ozone/ozone/hadoop-ozone/dist/target/ozone-2.2.0-SNAPSHOT/compose/result/ozone/dn-audit-153aa1180bea.log'
renamed 'ozone/result/dn-audit-61b71beb02ec.log' -> '/home/runner/work/ozone/ozone/hadoop-ozone/dist/target/ozone-2.2.0-SNAPSHOT/compose/result/ozone/dn-audit-61b71beb02ec.log'
renamed 'ozone/result/dn-audit-880dc5c481b2.log' -> '/home/runner/work/ozone/ozone/hadoop-ozone/dist/target/ozone-2.2.0-SNAPSHOT/compose/result/ozone/dn-audit-880dc5c481b2.log'
renamed 'ozone/result/docker-ozone-datanode-1.log' -> '/home/runner/work/ozone/ozone/hadoop-ozone/dist/target/ozone-2.2.0-SNAPSHOT/compose/result/ozone/docker-ozone-datanode-1.log'
renamed 'ozone/result/docker-ozone-datanode-2.log' -> '/home/runner/work/ozone/ozone/hadoop-ozone/dist/target/ozone-2.2.0-SNAPSHOT/compose/result/ozone/docker-ozone-datanode-2.log'
renamed 'ozone/result/docker-ozone-datanode-3.log' -> '/home/runner/work/ozone/ozone/hadoop-ozone/dist/target/ozone-2.2.0-SNAPSHOT/compose/result/ozone/docker-ozone-datanode-3.log'
renamed 'ozone/result/docker-ozone-httpfs-1.log' -> '/home/runner/work/ozone/ozone/hadoop-ozone/dist/target/ozone-2.2.0-SNAPSHOT/compose/result/ozone/docker-ozone-httpfs-1.log'
renamed 'ozone/result/docker-ozone-om-1.log' -> '/home/runner/work/ozone/ozone/hadoop-ozone/dist/target/ozone-2.2.0-SNAPSHOT/compose/result/ozone/docker-ozone-om-1.log'
renamed 'ozone/result/docker-ozone-recon-1.log' -> '/home/runner/work/ozone/ozone/hadoop-ozone/dist/target/ozone-2.2.0-SNAPSHOT/compose/result/ozone/docker-ozone-recon-1.log'
renamed 'ozone/result/docker-ozone-s3g-1.log' -> '/home/runner/work/ozone/ozone/hadoop-ozone/dist/target/ozone-2.2.0-SNAPSHOT/compose/result/ozone/docker-ozone-s3g-1.log'
renamed 'ozone/result/docker-ozone-scm-1.log' -> '/home/runner/work/ozone/ozone/hadoop-ozone/dist/target/ozone-2.2.0-SNAPSHOT/compose/result/ozone/docker-ozone-scm-1.log'
renamed 'ozone/result/om-audit-f7baba97cb90.log' -> '/home/runner/work/ozone/ozone/hadoop-ozone/dist/target/ozone-2.2.0-SNAPSHOT/compose/result/ozone/om-audit-f7baba97cb90.log'
renamed 'ozone/result/om-sys-audit-f7baba97cb90.log' -> '/home/runner/work/ozone/ozone/hadoop-ozone/dist/target/ozone-2.2.0-SNAPSHOT/compose/result/ozone/om-sys-audit-f7baba97cb90.log'
renamed 'ozone/result/ozone-datanode-1_HddsDatanodeService.stack' -> '/home/runner/work/ozone/ozone/hadoop-ozone/dist/target/ozone-2.2.0-SNAPSHOT/compose/result/ozone/ozone-datanode-1_HddsDatanodeService.stack'
renamed 'ozone/result/ozone-datanode-2_HddsDatanodeService.stack' -> '/home/runner/work/ozone/ozone/hadoop-ozone/dist/target/ozone-2.2.0-SNAPSHOT/compose/result/ozone/ozone-datanode-2_HddsDatanodeService.stack'
renamed 'ozone/result/ozone-datanode-3_HddsDatanodeService.stack' -> '/home/runner/work/ozone/ozone/hadoop-ozone/dist/target/ozone-2.2.0-SNAPSHOT/compose/result/ozone/ozone-datanode-3_HddsDatanodeService.stack'
renamed 'ozone/result/ozone-om-1_OzoneManagerStarter.stack' -> '/home/runner/work/ozone/ozone/hadoop-ozone/dist/target/ozone-2.2.0-SNAPSHOT/compose/result/ozone/ozone-om-1_OzoneManagerStarter.stack'
renamed 'ozone/result/ozone-recon-1_ReconServer.stack' -> '/home/runner/work/ozone/ozone/hadoop-ozone/dist/target/ozone-2.2.0-SNAPSHOT/compose/result/ozone/ozone-recon-1_ReconServer.stack'
renamed 'ozone/result/ozone-s3g-1_Gateway.stack' -> '/home/runner/work/ozone/ozone/hadoop-ozone/dist/target/ozone-2.2.0-SNAPSHOT/compose/result/ozone/ozone-s3g-1_Gateway.stack'
renamed 'ozone/result/ozone-scm-1_StorageContainerManagerStarter.stack' -> '/home/runner/work/ozone/ozone/hadoop-ozone/dist/target/ozone-2.2.0-SNAPSHOT/compose/result/ozone/ozone-scm-1_StorageContainerManagerStarter.stack'
renamed 'ozone/result/s3g-audit-799fd785d0b4.log' -> '/home/runner/work/ozone/ozone/hadoop-ozone/dist/target/ozone-2.2.0-SNAPSHOT/compose/result/ozone/s3g-audit-799fd785d0b4.log'
renamed 'ozone/result/scm-audit-4f7426c91261.log' -> '/home/runner/work/ozone/ozone/hadoop-ozone/dist/target/ozone-2.2.0-SNAPSHOT/compose/result/ozone/scm-audit-4f7426c91261.log'
To use Ozone please mount ozone folder to /opt/hadoop
Log:     /rebot-output/log.html
Report:  /rebot-output/report.html
renamed '/home/runner/work/ozone/ozone/hadoop-ozone/dist/target/ozone-2.2.0-SNAPSHOT/compose/result/rebot-w8mvYT/log.html' -> '/home/runner/work/ozone/ozone/hadoop-ozone/dist/target/ozone-2.2.0-SNAPSHOT/compose/result/log.html'
renamed '/home/runner/work/ozone/ozone/hadoop-ozone/dist/target/ozone-2.2.0-SNAPSHOT/compose/result/rebot-w8mvYT/report.html' -> '/home/runner/work/ozone/ozone/hadoop-ozone/dist/target/ozone-2.2.0-SNAPSHOT/compose/result/report.html'
removed directory '/tmp/robot-data-uBTuoP'
