rm: cannot remove '/home/runner/work/ozone/ozone/hadoop-ozone/dist/target/ozone-1.4.0-SNAPSHOT/compose/result/*': No such file or directory
Executing test ozone/test-ec.sh
Removing network ozone_default
Network ozone_default not found.
Creating network "ozone_default" with the default driver
Pulling datanode (apache/ozone-runner:20230615-1)...
20230615-1: Pulling from apache/ozone-runner
Digest: sha256:46c59e4f69c94a8f886d621c9f1898fda8cc4d5de59059c6c74175ffa4718474
Status: Downloaded newer image for apache/ozone-runner:20230615-1
Creating ozone_scm_1 ... 
Creating ozone_datanode_1 ... 
Creating ozone_datanode_2 ... 
Creating ozone_datanode_3 ... 
Creating ozone_datanode_4 ... 
Creating ozone_datanode_5 ... 
Creating ozone_s3g_1      ... 
Creating ozone_om_1       ... 
Creating ozone_httpfs_1   ... 
Creating ozone_recon_1    ... 
Creating ozone_datanode_4 ... done
Creating ozone_scm_1      ... done
Creating ozone_datanode_5 ... done
Creating ozone_datanode_2 ... done
Creating ozone_s3g_1      ... done
Creating ozone_recon_1    ... done
Creating ozone_om_1       ... done
Creating ozone_httpfs_1   ... done
Creating ozone_datanode_3 ... done
Creating ozone_datanode_1 ... done
Port 9860 is not available on scm yet
Port 9860 is not available on scm yet
Port 9860 is not available on scm yet
Port 9860 is not available on scm yet
Port 9860 is not available on scm yet
Port 9860 is not available on scm yet
Port 9860 is not available on scm yet
Port 9860 is not available on scm yet
Port 9860 is not available on scm yet
Port 9860 is not available on scm yet
Port 9860 is not available on scm yet
Port 9860 is not available on scm yet
Port 9860 is not available on scm yet
Port 9860 is not available on scm yet
Port 9860 is not available on scm yet
Port 9860 is not available on scm yet
Port 9860 is not available on scm yet
Port 9860 is not available on scm yet
Port 9860 is not available on scm yet
Port 9860 is not available on scm yet
Port 9860 is not available on scm yet
Port 9860 is not available on scm yet
Port 9860 is not available on scm yet
Port 9860 is not available on scm yet
Port 9860 is not available on scm yet
Port 9860 is not available on scm yet
Port 9860 is not available on scm yet
Port 9860 is not available on scm yet
Port 9860 is not available on scm yet
Port 9860 is not available on scm yet
Port 9860 is available on scm
SCM is in safe mode. Will retry in 1 sec. Remaining time (sec): 232
SCM is in safe mode. Will retry in 1 sec. Remaining time (sec): 231
SCM is in safe mode. Will retry in 1 sec. Remaining time (sec): 230
SCM is in safe mode. Will retry in 1 sec. Remaining time (sec): 229
SCM is in safe mode. Will retry in 1 sec. Remaining time (sec): 228
SCM is out of safe mode.
No OM HA service, no need to wait
==============================================================================
S3                                                                            
==============================================================================
S3.Awss3 :: S3 gateway test with aws cli                                      
==============================================================================
File upload and directory list                                        | PASS |
------------------------------------------------------------------------------
File upload with special chars                                        | PASS |
------------------------------------------------------------------------------
S3.Awss3 :: S3 gateway test with aws cli                              | PASS |
2 tests, 2 passed, 0 failed
==============================================================================
S3.Boto3 :: S3 gateway test with Boto3 Client                                 
==============================================================================
Boto3 Client Test                                                     | PASS |
------------------------------------------------------------------------------
S3.Boto3 :: S3 gateway test with Boto3 Client                         | PASS |
1 test, 1 passed, 0 failed
==============================================================================
S3.Bucketcreate :: S3 gateway test with aws cli                               
==============================================================================
Create new bucket                                                     | PASS |
------------------------------------------------------------------------------
Create bucket which already exists                                    | PASS |
------------------------------------------------------------------------------
Create bucket with invalid bucket name                                | PASS |
------------------------------------------------------------------------------
Create new bucket and check no group ACL                              | PASS |
------------------------------------------------------------------------------
S3.Bucketcreate :: S3 gateway test with aws cli                       | PASS |
4 tests, 4 passed, 0 failed
==============================================================================
S3.Bucketdelete :: S3 gateway test with aws cli                               
==============================================================================
Delete existing bucket                                                | PASS |
------------------------------------------------------------------------------
Delete non-existent bucket                                            | PASS |
------------------------------------------------------------------------------
S3.Bucketdelete :: S3 gateway test with aws cli                       | PASS |
2 tests, 2 passed, 0 failed
==============================================================================
S3.Buckethead :: S3 gateway test with aws cli                                 
==============================================================================
Head Bucket                                                           | PASS |
------------------------------------------------------------------------------
Head Bucket not existent                                              | PASS |
------------------------------------------------------------------------------
S3.Buckethead :: S3 gateway test with aws cli                         | PASS |
2 tests, 2 passed, 0 failed
==============================================================================
S3.Bucketlist :: S3 gateway test with aws cli                                 
==============================================================================
List buckets                                                          | PASS |
------------------------------------------------------------------------------
Get bucket info with Ozone Shell to check the owner field             | PASS |
Skipping this check as security is not enabled
------------------------------------------------------------------------------
List buckets with empty access id                                     | PASS |
------------------------------------------------------------------------------
S3.Bucketlist :: S3 gateway test with aws cli                         | PASS |
3 tests, 3 passed, 0 failed
==============================================================================
S3.Freon :: S3 gateway test with aws cli                                      
==============================================================================
Run Freon S3BG                                                        | PASS |
------------------------------------------------------------------------------
S3.Freon :: S3 gateway test with aws cli                              | PASS |
1 test, 1 passed, 0 failed
==============================================================================
S3.MultipartUpload :: S3 gateway test with aws cli                            
==============================================================================
Test Multipart Upload With Adjusted Length                            | PASS |
------------------------------------------------------------------------------
Test Multipart Upload                                                 | PASS |
------------------------------------------------------------------------------
Test Multipart Upload Complete                                        | PASS |
------------------------------------------------------------------------------
Test Multipart Upload Complete Entity too small                       | PASS |
------------------------------------------------------------------------------
Test Multipart Upload Complete Invalid part errors and complete mp... | PASS |
------------------------------------------------------------------------------
Test abort Multipart upload                                           | PASS |
------------------------------------------------------------------------------
Test abort Multipart upload with invalid uploadId                     | PASS |
------------------------------------------------------------------------------
Upload part with Incorrect uploadID                                   | SKIP |
TODO: HDDS-7811
------------------------------------------------------------------------------
Test list parts                                                       | PASS |
------------------------------------------------------------------------------
Test Multipart Upload with the simplified aws s3 cp API               | PASS |
------------------------------------------------------------------------------
Test Multipart Upload Put With Copy                                   | PASS |
------------------------------------------------------------------------------
Test Multipart Upload Put With Copy and range                         | PASS |
------------------------------------------------------------------------------
Test Multipart Upload Put With Copy and range with IfModifiedSince    | PASS |
------------------------------------------------------------------------------
Test Multipart Upload list                                            | PASS |
------------------------------------------------------------------------------
S3.MultipartUpload :: S3 gateway test with aws cli                    | PASS |
14 tests, 13 passed, 0 failed, 1 skipped
==============================================================================
S3.Objectcopy :: S3 gateway test with aws cli                                 
==============================================================================
Copy Object Happy Scenario                                            | PASS |
------------------------------------------------------------------------------
Copy Object Where Bucket is not available                             | PASS |
------------------------------------------------------------------------------
Copy Object Where both source and dest are same with change to sto... | PASS |
------------------------------------------------------------------------------
Copy Object Where Key not available                                   | PASS |
------------------------------------------------------------------------------
S3.Objectcopy :: S3 gateway test with aws cli                         | PASS |
4 tests, 4 passed, 0 failed
==============================================================================
S3.Objectdelete :: S3 gateway test with aws cli                               
==============================================================================
Delete file with s3api                                                | PASS |
------------------------------------------------------------------------------
Delete file with s3api, file doesn't exist                            | PASS |
------------------------------------------------------------------------------
Delete dir with s3api                                                 | PASS |
------------------------------------------------------------------------------
Delete file with s3api, file doesn't exist, prefix of a real file     | PASS |
------------------------------------------------------------------------------
Delete file with s3api, bucket doesn't exist                          | PASS |
------------------------------------------------------------------------------
S3.Objectdelete :: S3 gateway test with aws cli                       | PASS |
5 tests, 5 passed, 0 failed
==============================================================================
S3.Objecthead :: S3 gateway test with aws cli                                 
==============================================================================
Head existing object                                                  | PASS |
------------------------------------------------------------------------------
Head object in non existing bucket                                    | PASS |
------------------------------------------------------------------------------
Head object where path is a directory                                 | PASS |
------------------------------------------------------------------------------
Head directory objects                                                | PASS |
------------------------------------------------------------------------------
Head non existing key                                                 | PASS |
------------------------------------------------------------------------------
S3.Objecthead :: S3 gateway test with aws cli                         | PASS |
5 tests, 5 passed, 0 failed
==============================================================================
S3.Objectmultidelete :: S3 gateway test with aws cli                          
==============================================================================
Delete file with multi delete                                         | PASS |
------------------------------------------------------------------------------
S3.Objectmultidelete :: S3 gateway test with aws cli                  | PASS |
1 test, 1 passed, 0 failed
==============================================================================
S3.Objectputget :: S3 gateway test with aws cli                               
==============================================================================
Put object to s3                                                      | PASS |
------------------------------------------------------------------------------
Get object from s3                                                    | PASS |
------------------------------------------------------------------------------
Get object with wrong signature                                       | PASS |
Skip in unsecure cluster
------------------------------------------------------------------------------
Get Partial object from s3 with both start and endoffset              | PASS |
------------------------------------------------------------------------------
Get Partial object from s3 with both start and endoffset(start off... | PASS |
------------------------------------------------------------------------------
Get Partial object from s3 with both start and endoffset(end offse... | PASS |
------------------------------------------------------------------------------
Get Partial object from s3 with only start offset                     | PASS |
------------------------------------------------------------------------------
Get Partial object from s3 with both start and endoffset which are... | PASS |
------------------------------------------------------------------------------
Get Partial object from s3 to get last n bytes                        | PASS |
------------------------------------------------------------------------------
Incorrect values for end and start offset                             | PASS |
------------------------------------------------------------------------------
Zero byte file                                                        | PASS |
------------------------------------------------------------------------------
Create file with user defined metadata                                | PASS |
------------------------------------------------------------------------------
Create file with user defined metadata with gdpr enabled value in ... | PASS |
------------------------------------------------------------------------------
Create file with user defined metadata size larger than 2 KB          | PASS |
------------------------------------------------------------------------------
S3.Objectputget :: S3 gateway test with aws cli                       | PASS |
14 tests, 14 passed, 0 failed
==============================================================================
S3.S3 Getsecret :: Test ozone s3 getsecret command                            
==============================================================================
Without OM service ID                                                 | PASS |
N/A
------------------------------------------------------------------------------
With OM service ID                                                    | PASS |
duplicate test in non-HA env.
------------------------------------------------------------------------------
S3.S3 Getsecret :: Test ozone s3 getsecret command                    | PASS |
2 tests, 2 passed, 0 failed
==============================================================================
S3.Webui :: S3 gateway web ui test                                            
==============================================================================
S3 Gateway Web UI                                                     | PASS |
------------------------------------------------------------------------------
S3.Webui :: S3 gateway web ui test                                    | PASS |
1 test, 1 passed, 0 failed
==============================================================================
S3                                                                    | PASS |
61 tests, 60 passed, 0 failed, 1 skipped
==============================================================================
Output:  /tmp/smoketest/ozone/result/robot-1.xml
==============================================================================
Basic :: Test EC shell commands                                               
==============================================================================
Test Bucket Creation                                                  | PASS |
------------------------------------------------------------------------------
Create 1MB Key In EC Bucket                                           | PASS |
------------------------------------------------------------------------------
Create 2MB Key In EC Bucket                                           | PASS |
------------------------------------------------------------------------------
Create 3MB Key In EC Bucket                                           | PASS |
------------------------------------------------------------------------------
Create 100MB Key In EC Bucket                                         | PASS |
------------------------------------------------------------------------------
Create Key in Default Bucket                                          | PASS |
------------------------------------------------------------------------------
Create Key in Ratis Bucket                                            | PASS |
------------------------------------------------------------------------------
Create Ratis Key In EC Bucket                                         | PASS |
------------------------------------------------------------------------------
Create EC Key In Ratis Bucket                                         | PASS |
------------------------------------------------------------------------------
Test Invalid Replication Parameters                                   | PASS |
------------------------------------------------------------------------------
Invalid Replication With Misconfigured Client                         | PASS |
------------------------------------------------------------------------------
Check disk usage after create a file which uses EC replication type   | PASS |
------------------------------------------------------------------------------
Basic :: Test EC shell commands                                       | PASS |
12 tests, 12 passed, 0 failed
==============================================================================
Output:  /tmp/smoketest/ozone/result/robot-2.xml
Stopping and removing ozone_datanode_5 ... 
Stopping and removing ozone_datanode_5 ... done
==============================================================================
read-4-datanodes :: Test reading EC keys                                      
==============================================================================
Read 1MB EC Key                                                       | PASS |
------------------------------------------------------------------------------
Read 2MB EC Key                                                       | PASS |
------------------------------------------------------------------------------
Read 3MB EC Key                                                       | PASS |
------------------------------------------------------------------------------
Read 100MB EC Key                                                     | PASS |
------------------------------------------------------------------------------
Read EC Key in Ratis Bucket                                           | PASS |
------------------------------------------------------------------------------
read-4-datanodes :: Test reading EC keys                              | PASS |
5 tests, 5 passed, 0 failed
==============================================================================
Output:  /tmp/smoketest/ozone/result/robot-3.xml
Stopping and removing ozone_datanode_4 ... 
Stopping and removing ozone_datanode_4 ... done
==============================================================================
read-3-datanodes :: Test reading EC keys                                      
==============================================================================
Read 1MB EC Key                                                       | PASS |
------------------------------------------------------------------------------
Read 2MB EC Key                                                       | PASS |
------------------------------------------------------------------------------
Read 3MB EC Key                                                       | PASS |
------------------------------------------------------------------------------
Read 100MB EC Key                                                     | PASS |
------------------------------------------------------------------------------
Read EC Key in Ratis Bucket                                           | PASS |
------------------------------------------------------------------------------
read-3-datanodes :: Test reading EC keys                              | PASS |
5 tests, 5 passed, 0 failed
==============================================================================
Output:  /tmp/smoketest/ozone/result/robot-4.xml
Creating ozone_datanode_4 ... 
Creating ozone_datanode_5 ... 
Creating ozone_datanode_4 ... done
Creating ozone_datanode_5 ... done
==============================================================================
EC-recovery :: Wait for replication to succeed                                
==============================================================================
Wait Until Container Replicated                                       | FAIL |
Test timeout 5 minutes exceeded.
------------------------------------------------------------------------------
EC-recovery :: Wait for replication to succeed                        | FAIL |
1 test, 0 passed, 1 failed
==============================================================================
Output:  /tmp/smoketest/ozone/result/robot-5.xml
jstack 7 > /home/runner/work/ozone/ozone/hadoop-ozone/dist/target/ozone-1.4.0-SNAPSHOT/compose/ozone/result/ozone_datanode_1_HddsDatanodeService.stack
jstack 7 > /home/runner/work/ozone/ozone/hadoop-ozone/dist/target/ozone-1.4.0-SNAPSHOT/compose/ozone/result/ozone_datanode_2_HddsDatanodeService.stack
jstack 7 > /home/runner/work/ozone/ozone/hadoop-ozone/dist/target/ozone-1.4.0-SNAPSHOT/compose/ozone/result/ozone_datanode_3_HddsDatanodeService.stack
jstack 6 > /home/runner/work/ozone/ozone/hadoop-ozone/dist/target/ozone-1.4.0-SNAPSHOT/compose/ozone/result/ozone_datanode_4_HddsDatanodeService.stack
jstack 7 > /home/runner/work/ozone/ozone/hadoop-ozone/dist/target/ozone-1.4.0-SNAPSHOT/compose/ozone/result/ozone_datanode_5_HddsDatanodeService.stack
jstack 7 > /home/runner/work/ozone/ozone/hadoop-ozone/dist/target/ozone-1.4.0-SNAPSHOT/compose/ozone/result/ozone_om_1_OzoneManagerStarter.stack
jstack 7 > /home/runner/work/ozone/ozone/hadoop-ozone/dist/target/ozone-1.4.0-SNAPSHOT/compose/ozone/result/ozone_recon_1_ReconServer.stack
jstack 7 > /home/runner/work/ozone/ozone/hadoop-ozone/dist/target/ozone-1.4.0-SNAPSHOT/compose/ozone/result/ozone_s3g_1_Gateway.stack
jstack 7 > /home/runner/work/ozone/ozone/hadoop-ozone/dist/target/ozone-1.4.0-SNAPSHOT/compose/ozone/result/ozone_scm_1_StorageContainerManagerStarter.stack
Stopping ozone_datanode_5 ... 
Stopping ozone_datanode_4 ... 
Stopping ozone_httpfs_1   ... 
Stopping ozone_recon_1    ... 
Stopping ozone_datanode_1 ... 
Stopping ozone_datanode_3 ... 
Stopping ozone_s3g_1      ... 
Stopping ozone_om_1       ... 
Stopping ozone_datanode_2 ... 
Stopping ozone_scm_1      ... 
Stopping ozone_httpfs_1   ... done
Stopping ozone_s3g_1      ... done
Stopping ozone_recon_1    ... done
Stopping ozone_datanode_5 ... done
Stopping ozone_datanode_3 ... done
Stopping ozone_datanode_1 ... done
Stopping ozone_datanode_2 ... done
Stopping ozone_datanode_4 ... done
Stopping ozone_om_1       ... done
Stopping ozone_scm_1      ... done
Removing ozone_datanode_5 ... 
Removing ozone_datanode_4 ... 
Removing ozone_httpfs_1   ... 
Removing ozone_recon_1    ... 
Removing ozone_datanode_1 ... 
Removing ozone_datanode_3 ... 
Removing ozone_s3g_1      ... 
Removing ozone_om_1       ... 
Removing ozone_datanode_2 ... 
Removing ozone_scm_1      ... 
Removing ozone_httpfs_1   ... done
Removing ozone_om_1       ... done
Removing ozone_s3g_1      ... done
Removing ozone_datanode_2 ... done
Removing ozone_recon_1    ... done
Removing ozone_datanode_5 ... done
Removing ozone_datanode_1 ... done
Removing ozone_datanode_3 ... done
Removing ozone_datanode_4 ... done
Removing ozone_scm_1      ... done
Removing network ozone_default
ERROR: Test execution of ozone/test-ec.sh is FAILED!!!!
Output:  /home/runner/work/ozone/ozone/hadoop-ozone/dist/target/ozone-1.4.0-SNAPSHOT/compose/result/ozone-ec.xml
removed 'ozone/result/robot-1.xml'
removed 'ozone/result/robot-2.xml'
removed 'ozone/result/robot-3.xml'
removed 'ozone/result/robot-4.xml'
removed 'ozone/result/robot-5.xml'
renamed 'ozone/result/dn-audit-1cfd8d304e1f.log' -> '/home/runner/work/ozone/ozone/hadoop-ozone/dist/target/ozone-1.4.0-SNAPSHOT/compose/result/ozone/ec/dn-audit-1cfd8d304e1f.log'
renamed 'ozone/result/dn-audit-1d8ae23c0fec.log' -> '/home/runner/work/ozone/ozone/hadoop-ozone/dist/target/ozone-1.4.0-SNAPSHOT/compose/result/ozone/ec/dn-audit-1d8ae23c0fec.log'
renamed 'ozone/result/dn-audit-3919d254902d.log' -> '/home/runner/work/ozone/ozone/hadoop-ozone/dist/target/ozone-1.4.0-SNAPSHOT/compose/result/ozone/ec/dn-audit-3919d254902d.log'
renamed 'ozone/result/dn-audit-d4c05eb74078.log' -> '/home/runner/work/ozone/ozone/hadoop-ozone/dist/target/ozone-1.4.0-SNAPSHOT/compose/result/ozone/ec/dn-audit-d4c05eb74078.log'
renamed 'ozone/result/dn-audit-ff0b69ea8194.log' -> '/home/runner/work/ozone/ozone/hadoop-ozone/dist/target/ozone-1.4.0-SNAPSHOT/compose/result/ozone/ec/dn-audit-ff0b69ea8194.log'
renamed 'ozone/result/docker-ozone_datanode_1.log' -> '/home/runner/work/ozone/ozone/hadoop-ozone/dist/target/ozone-1.4.0-SNAPSHOT/compose/result/ozone/ec/docker-ozone_datanode_1.log'
renamed 'ozone/result/docker-ozone_datanode_2.log' -> '/home/runner/work/ozone/ozone/hadoop-ozone/dist/target/ozone-1.4.0-SNAPSHOT/compose/result/ozone/ec/docker-ozone_datanode_2.log'
renamed 'ozone/result/docker-ozone_datanode_3.log' -> '/home/runner/work/ozone/ozone/hadoop-ozone/dist/target/ozone-1.4.0-SNAPSHOT/compose/result/ozone/ec/docker-ozone_datanode_3.log'
renamed 'ozone/result/docker-ozone_datanode_4.log' -> '/home/runner/work/ozone/ozone/hadoop-ozone/dist/target/ozone-1.4.0-SNAPSHOT/compose/result/ozone/ec/docker-ozone_datanode_4.log'
renamed 'ozone/result/docker-ozone_datanode_5.log' -> '/home/runner/work/ozone/ozone/hadoop-ozone/dist/target/ozone-1.4.0-SNAPSHOT/compose/result/ozone/ec/docker-ozone_datanode_5.log'
renamed 'ozone/result/docker-ozone_httpfs_1.log' -> '/home/runner/work/ozone/ozone/hadoop-ozone/dist/target/ozone-1.4.0-SNAPSHOT/compose/result/ozone/ec/docker-ozone_httpfs_1.log'
renamed 'ozone/result/docker-ozone_om_1.log' -> '/home/runner/work/ozone/ozone/hadoop-ozone/dist/target/ozone-1.4.0-SNAPSHOT/compose/result/ozone/ec/docker-ozone_om_1.log'
renamed 'ozone/result/docker-ozone_recon_1.log' -> '/home/runner/work/ozone/ozone/hadoop-ozone/dist/target/ozone-1.4.0-SNAPSHOT/compose/result/ozone/ec/docker-ozone_recon_1.log'
renamed 'ozone/result/docker-ozone_s3g_1.log' -> '/home/runner/work/ozone/ozone/hadoop-ozone/dist/target/ozone-1.4.0-SNAPSHOT/compose/result/ozone/ec/docker-ozone_s3g_1.log'
renamed 'ozone/result/docker-ozone_scm_1.log' -> '/home/runner/work/ozone/ozone/hadoop-ozone/dist/target/ozone-1.4.0-SNAPSHOT/compose/result/ozone/ec/docker-ozone_scm_1.log'
renamed 'ozone/result/om-audit-1212d4679704.log' -> '/home/runner/work/ozone/ozone/hadoop-ozone/dist/target/ozone-1.4.0-SNAPSHOT/compose/result/ozone/ec/om-audit-1212d4679704.log'
renamed 'ozone/result/ozone_datanode_1_HddsDatanodeService.stack' -> '/home/runner/work/ozone/ozone/hadoop-ozone/dist/target/ozone-1.4.0-SNAPSHOT/compose/result/ozone/ec/ozone_datanode_1_HddsDatanodeService.stack'
renamed 'ozone/result/ozone_datanode_2_HddsDatanodeService.stack' -> '/home/runner/work/ozone/ozone/hadoop-ozone/dist/target/ozone-1.4.0-SNAPSHOT/compose/result/ozone/ec/ozone_datanode_2_HddsDatanodeService.stack'
renamed 'ozone/result/ozone_datanode_3_HddsDatanodeService.stack' -> '/home/runner/work/ozone/ozone/hadoop-ozone/dist/target/ozone-1.4.0-SNAPSHOT/compose/result/ozone/ec/ozone_datanode_3_HddsDatanodeService.stack'
renamed 'ozone/result/ozone_datanode_4_HddsDatanodeService.stack' -> '/home/runner/work/ozone/ozone/hadoop-ozone/dist/target/ozone-1.4.0-SNAPSHOT/compose/result/ozone/ec/ozone_datanode_4_HddsDatanodeService.stack'
renamed 'ozone/result/ozone_datanode_5_HddsDatanodeService.stack' -> '/home/runner/work/ozone/ozone/hadoop-ozone/dist/target/ozone-1.4.0-SNAPSHOT/compose/result/ozone/ec/ozone_datanode_5_HddsDatanodeService.stack'
renamed 'ozone/result/ozone_om_1_OzoneManagerStarter.stack' -> '/home/runner/work/ozone/ozone/hadoop-ozone/dist/target/ozone-1.4.0-SNAPSHOT/compose/result/ozone/ec/ozone_om_1_OzoneManagerStarter.stack'
renamed 'ozone/result/ozone_recon_1_ReconServer.stack' -> '/home/runner/work/ozone/ozone/hadoop-ozone/dist/target/ozone-1.4.0-SNAPSHOT/compose/result/ozone/ec/ozone_recon_1_ReconServer.stack'
renamed 'ozone/result/ozone_s3g_1_Gateway.stack' -> '/home/runner/work/ozone/ozone/hadoop-ozone/dist/target/ozone-1.4.0-SNAPSHOT/compose/result/ozone/ec/ozone_s3g_1_Gateway.stack'
renamed 'ozone/result/ozone_scm_1_StorageContainerManagerStarter.stack' -> '/home/runner/work/ozone/ozone/hadoop-ozone/dist/target/ozone-1.4.0-SNAPSHOT/compose/result/ozone/ec/ozone_scm_1_StorageContainerManagerStarter.stack'
renamed 'ozone/result/s3g-audit-052c6bf23409.log' -> '/home/runner/work/ozone/ozone/hadoop-ozone/dist/target/ozone-1.4.0-SNAPSHOT/compose/result/ozone/ec/s3g-audit-052c6bf23409.log'
renamed 'ozone/result/scm-audit-2cad8cf23dd6.log' -> '/home/runner/work/ozone/ozone/hadoop-ozone/dist/target/ozone-1.4.0-SNAPSHOT/compose/result/ozone/ec/scm-audit-2cad8cf23dd6.log'
Exception in thread "main" java.net.SocketException: Socket closed
Log:     /home/runner/work/ozone/ozone/hadoop-ozone/dist/target/ozone-1.4.0-SNAPSHOT/compose/result/log.html
Report:  /home/runner/work/ozone/ozone/hadoop-ozone/dist/target/ozone-1.4.0-SNAPSHOT/compose/result/report.html
