rm: cannot remove '/home/runner/work/ozone/ozone/hadoop-ozone/dist/target/ozone-1.4.0-SNAPSHOT/compose/result/*': No such file or directory
Executing test ozone/test-legacy-bucket.sh
Removing network ozone_default
Network ozone_default not found.
Creating network "ozone_default" with the default driver
Pulling datanode (apache/ozone-runner:20230503-1)...
20230503-1: Pulling from apache/ozone-runner
Digest: sha256:9c224951bb5655c8b5a0c58a72478a17dc594a75a5e4acb89c93bf0885c3fe73
Status: Downloaded newer image for apache/ozone-runner:20230503-1
Creating ozone_s3g_1 ... 
Creating ozone_recon_1 ... 
Creating ozone_datanode_1 ... 
Creating ozone_datanode_2 ... 
Creating ozone_datanode_3 ... 
Creating ozone_om_1       ... 
Creating ozone_scm_1      ... 
Creating ozone_httpfs_1   ... 
Creating ozone_s3g_1      ... done
Creating ozone_recon_1    ... done
Creating ozone_om_1       ... done
Creating ozone_scm_1      ... done
Creating ozone_datanode_1 ... done
Creating ozone_httpfs_1   ... done
Creating ozone_datanode_3 ... done
Creating ozone_datanode_2 ... done
SECONDS: 57
com.google.protobuf.ServiceException: java.net.ConnectException: Call From 584ec8dfbc7e/172.18.0.5 to scm:9860 failed on connection exception: java.net.ConnectException: Connection refused; For more details see: http://wiki.apache.org/hadoop/ConnectionRefused, while invoking $Proxy21.submitRequest over nodeId=scmNodeId,nodeAddress=scm/172.18.0.5:9860 after 1 failover attempts. Trying to failover after sleeping for 2000ms. Current retry count: 1. com.google.protobuf.ServiceException: java.net.ConnectException: Call From 584ec8dfbc7e/172.18.0.5 to scm:9860 failed on connection exception: java.net.ConnectException: Connection refused; For more details see: http://wiki.apache.org/hadoop/ConnectionRefused, while invoking $Proxy21.submitRequest over nodeId=scmNodeId,nodeAddress=scm/172.18.0.5:9860 after 2 failover attempts. Trying to failover after sleeping for 2000ms. Current retry count: 2. com.google.protobuf.ServiceException: java.net.ConnectException: Call From 584ec8dfbc7e/172.18.0.5 to scm:9860 failed on connection exception: java.net.ConnectException: Connection refused; For more details see: http://wiki.apache.org/hadoop/ConnectionRefused, while invoking $Proxy21.submitRequest over nodeId=scmNodeId,nodeAddress=scm/172.18.0.5:9860 after 3 failover attempts. Trying to failover after sleeping for 2000ms. Current retry count: 3. com.google.protobuf.ServiceException: java.net.ConnectException: Call From 584ec8dfbc7e/172.18.0.5 to scm:9860 failed on connection exception: java.net.ConnectException: Connection refused; For more details see: http://wiki.apache.org/hadoop/ConnectionRefused, while invoking $Proxy21.submitRequest over nodeId=scmNodeId,nodeAddress=scm/172.18.0.5:9860 after 4 failover attempts. Trying to failover after sleeping for 2000ms. Current retry count: 4. com.google.protobuf.ServiceException: org.apache.hadoop.ipc.RemoteException(org.apache.hadoop.hdds.ratis.ServerNotLeaderException): Server:5cb4fa03-94a8-4da2-80f5-6cd346e40286 is not the leader. Could not determine the leader node. at org.apache.hadoop.hdds.ratis.ServerNotLeaderException.convertToNotLeaderException(ServerNotLeaderException.java:109) at org.apache.hadoop.hdds.scm.ha.RatisUtil.checkRatisException(RatisUtil.java:249) at org.apache.hadoop.hdds.scm.protocol.StorageContainerLocationProtocolServerSideTranslatorPB.submitRequest(StorageContainerLocationProtocolServerSideTranslatorPB.java:199) at org.apache.hadoop.hdds.protocol.proto.StorageContainerLocationProtocolProtos$StorageContainerLocationProtocolService$2.callBlockingMethod(StorageContainerLocationProtocolProtos.java) at org.apache.hadoop.ipc.ProtobufRpcEngine$Server.processCall(ProtobufRpcEngine.java:484) at org.apache.hadoop.ipc.ProtobufRpcEngine2$Server$ProtoBufRpcInvoker.call(ProtobufRpcEngine2.java:595) at org.apache.hadoop.ipc.ProtobufRpcEngine2$Server$ProtoBufRpcInvoker.call(ProtobufRpcEngine2.java:573) at org.apache.hadoop.ipc.RPC$Server.call(RPC.java:1213) at org.apache.hadoop.ipc.Server$RpcCall.run(Server.java:1089) at org.apache.hadoop.ipc.Server$RpcCall.run(Server.java:1012) at java.base/java.security.AccessController.doPrivileged(Native Method) at java.base/javax.security.auth.Subject.doAs(Subject.java:423) at org.apache.hadoop.security.UserGroupInformation.doAs(UserGroupInformation.java:1899) at org.apache.hadoop.ipc.Server$Handler.run(Server.java:3026) , while invoking $Proxy21.submitRequest over nodeId=scmNodeId,nodeAddress=scm/172.18.0.5:9860 after 5 failover attempts. Trying to failover after sleeping for 2000ms. Current retry count: 5. com.google.protobuf.ServiceException: org.apache.hadoop.ipc.RemoteException(org.apache.hadoop.hdds.ratis.ServerNotLeaderException): Server:5cb4fa03-94a8-4da2-80f5-6cd346e40286 is not the leader. Could not determine the leader node. at org.apache.hadoop.hdds.ratis.ServerNotLeaderException.convertToNotLeaderException(ServerNotLeaderException.java:109) at org.apache.hadoop.hdds.scm.ha.RatisUtil.checkRatisException(RatisUtil.java:249) at org.apache.hadoop.hdds.scm.protocol.StorageContainerLocationProtocolServerSideTranslatorPB.submitRequest(StorageContainerLocationProtocolServerSideTranslatorPB.java:199) at org.apache.hadoop.hdds.protocol.proto.StorageContainerLocationProtocolProtos$StorageContainerLocationProtocolService$2.callBlockingMethod(StorageContainerLocationProtocolProtos.java) at org.apache.hadoop.ipc.ProtobufRpcEngine$Server.processCall(ProtobufRpcEngine.java:484) at org.apache.hadoop.ipc.ProtobufRpcEngine2$Server$ProtoBufRpcInvoker.call(ProtobufRpcEngine2.java:595) at org.apache.hadoop.ipc.ProtobufRpcEngine2$Server$ProtoBufRpcInvoker.call(ProtobufRpcEngine2.java:573) at org.apache.hadoop.ipc.RPC$Server.call(RPC.java:1213) at org.apache.hadoop.ipc.Server$RpcCall.run(Server.java:1089) at org.apache.hadoop.ipc.Server$RpcCall.run(Server.java:1012) at java.base/java.security.AccessController.doPrivileged(Native Method) at java.base/javax.security.auth.Subject.doAs(Subject.java:423) at org.apache.hadoop.security.UserGroupInformation.doAs(UserGroupInformation.java:1899) at org.apache.hadoop.ipc.Server$Handler.run(Server.java:3026) , while invoking $Proxy21.submitRequest over nodeId=scmNodeId,nodeAddress=scm/172.18.0.5:9860 after 6 failover attempts. Trying to failover after sleeping for 2000ms. Current retry count: 6. com.google.protobuf.ServiceException: org.apache.hadoop.ipc.RemoteException(org.apache.hadoop.hdds.ratis.ServerNotLeaderException): Server:5cb4fa03-94a8-4da2-80f5-6cd346e40286 is not the leader. Could not determine the leader node. at org.apache.hadoop.hdds.ratis.ServerNotLeaderException.convertToNotLeaderException(ServerNotLeaderException.java:109) at org.apache.hadoop.hdds.scm.ha.RatisUtil.checkRatisException(RatisUtil.java:249) at org.apache.hadoop.hdds.scm.protocol.StorageContainerLocationProtocolServerSideTranslatorPB.submitRequest(StorageContainerLocationProtocolServerSideTranslatorPB.java:199) at org.apache.hadoop.hdds.protocol.proto.StorageContainerLocationProtocolProtos$StorageContainerLocationProtocolService$2.callBlockingMethod(StorageContainerLocationProtocolProtos.java) at org.apache.hadoop.ipc.ProtobufRpcEngine$Server.processCall(ProtobufRpcEngine.java:484) at org.apache.hadoop.ipc.ProtobufRpcEngine2$Server$ProtoBufRpcInvoker.call(ProtobufRpcEngine2.java:595) at org.apache.hadoop.ipc.ProtobufRpcEngine2$Server$ProtoBufRpcInvoker.call(ProtobufRpcEngine2.java:573) at org.apache.hadoop.ipc.RPC$Server.call(RPC.java:1213) at org.apache.hadoop.ipc.Server$RpcCall.run(Server.java:1089) at org.apache.hadoop.ipc.Server$RpcCall.run(Server.java:1012) at java.base/java.security.AccessController.doPrivileged(Native Method) at java.base/javax.security.auth.Subject.doAs(Subject.java:423) at org.apache.hadoop.security.UserGroupInformation.doAs(UserGroupInformation.java:1899) at org.apache.hadoop.ipc.Server$Handler.run(Server.java:3026) , while invoking $Proxy21.submitRequest over nodeId=scmNodeId,nodeAddress=scm/172.18.0.5:9860 after 7 failover attempts. Trying to failover after sleeping for 2000ms. Current retry count: 7. SCM is in safe mode. validated:true, DataNodeSafeModeRule, registered datanodes (=3) >= required datanodes (=3) validated:false, HealthyPipelineSafeModeRule, healthy Ratis/THREE pipelines (=0) >= healthyPipelineThresholdCount (=1) validated:true, ContainerSafeModeRule, % of containers with at least one reported replica (=1.00) >= safeModeCutoff (=0.99) validated:true, AtleastOneDatanodeReportedRule, reported Ratis/THREE pipelines with at least one datanode (=0) >= threshold (=0)
SECONDS: 72
SCM is out of safe mode.
Safe mode is off
No OM HA service, no need to wait
==============================================================================
Recon-Nssummary :: Smoke test for Recon Namespace Summary Endpoint for LEGA...
==============================================================================
Check volume creation                                                 | PASS |
------------------------------------------------------------------------------
Check bucket creation                                                 | PASS |
------------------------------------------------------------------------------
Check keys creation                                                   | PASS |
------------------------------------------------------------------------------
Check Summary api access                                              | PASS |
------------------------------------------------------------------------------
Check Disk Usage api access                                           | PASS |
------------------------------------------------------------------------------
Check Quota Usage api access                                          | PASS |
------------------------------------------------------------------------------
Check File Size Distribution api access                               | PASS |
------------------------------------------------------------------------------
Check Recon Namespace Summary Root                                    | PASS |
------------------------------------------------------------------------------
Check Recon Namespace Summary Volume                                  | PASS |
------------------------------------------------------------------------------
Check Recon Namespace Summary Bucket                                  | PASS |
------------------------------------------------------------------------------
Check Recon Namespace Summary Key                                     | PASS |
------------------------------------------------------------------------------
Check Recon Namespace Summary Directory                               | PASS |
------------------------------------------------------------------------------
Check Recon Namespace Disk Usage                                      | PASS |
------------------------------------------------------------------------------
Check Recon Namespace Volume Quota Usage                              | PASS |
------------------------------------------------------------------------------
Check Recon Namespace Bucket Quota Usage                              | PASS |
------------------------------------------------------------------------------
Check Recon Namespace File Size Distribution Root                     | PASS |
------------------------------------------------------------------------------
Recon-Nssummary :: Smoke test for Recon Namespace Summary Endpoint... | PASS |
16 tests, 16 passed, 0 failed
==============================================================================
Output:  /tmp/smoketest/ozone/result/robot-ozone-ozone-recon-nssummary-scm.xml
Stopping ozone_httpfs_1   ... 
Stopping ozone_datanode_2 ... 
Stopping ozone_scm_1      ... 
Stopping ozone_datanode_3 ... 
Stopping ozone_om_1       ... 
Stopping ozone_datanode_1 ... 
Stopping ozone_recon_1    ... 
Stopping ozone_s3g_1      ... 
Stopping ozone_httpfs_1   ... done
Stopping ozone_s3g_1      ... done
Stopping ozone_recon_1    ... done
Stopping ozone_datanode_1 ... done
Stopping ozone_datanode_3 ... done
Stopping ozone_datanode_2 ... done
Stopping ozone_om_1       ... done
Stopping ozone_scm_1      ... done
Removing ozone_httpfs_1   ... 
Removing ozone_datanode_2 ... 
Removing ozone_scm_1      ... 
Removing ozone_datanode_3 ... 
Removing ozone_om_1       ... 
Removing ozone_datanode_1 ... 
Removing ozone_recon_1    ... 
Removing ozone_s3g_1      ... 
Removing ozone_om_1       ... done
Removing ozone_s3g_1      ... done
Removing ozone_datanode_2 ... done
Removing ozone_recon_1    ... done
Removing ozone_datanode_3 ... done
Removing ozone_scm_1      ... done
Removing ozone_httpfs_1   ... done
Removing ozone_datanode_1 ... done
Removing network ozone_default
Log:     /home/runner/work/ozone/ozone/hadoop-ozone/dist/target/ozone-1.4.0-SNAPSHOT/compose/ozone/result/log.html
Report:  /home/runner/work/ozone/ozone/hadoop-ozone/dist/target/ozone-1.4.0-SNAPSHOT/compose/ozone/result/report.html
Output:  /home/runner/work/ozone/ozone/hadoop-ozone/dist/target/ozone-1.4.0-SNAPSHOT/compose/result/ozone-legacy-bucket.xml
removed 'ozone/result/robot-ozone-ozone-recon-nssummary-scm.xml'
removed 'ozone/result/log.html'
removed 'ozone/result/report.html'
renamed 'ozone/result/dn-audit-1bacdca67840.log' -> '/home/runner/work/ozone/ozone/hadoop-ozone/dist/target/ozone-1.4.0-SNAPSHOT/compose/result/ozone/legacy-bucket/dn-audit-1bacdca67840.log'
renamed 'ozone/result/dn-audit-41385083ff25.log' -> '/home/runner/work/ozone/ozone/hadoop-ozone/dist/target/ozone-1.4.0-SNAPSHOT/compose/result/ozone/legacy-bucket/dn-audit-41385083ff25.log'
renamed 'ozone/result/dn-audit-d66490c8e6bb.log' -> '/home/runner/work/ozone/ozone/hadoop-ozone/dist/target/ozone-1.4.0-SNAPSHOT/compose/result/ozone/legacy-bucket/dn-audit-d66490c8e6bb.log'
renamed 'ozone/result/docker-ozone-ozone-recon-nssummary-scm.log' -> '/home/runner/work/ozone/ozone/hadoop-ozone/dist/target/ozone-1.4.0-SNAPSHOT/compose/result/ozone/legacy-bucket/docker-ozone-ozone-recon-nssummary-scm.log'
renamed 'ozone/result/om-audit-976e6962d728.log' -> '/home/runner/work/ozone/ozone/hadoop-ozone/dist/target/ozone-1.4.0-SNAPSHOT/compose/result/ozone/legacy-bucket/om-audit-976e6962d728.log'
renamed 'ozone/result/s3g-audit-44eaae4f6c09.log' -> '/home/runner/work/ozone/ozone/hadoop-ozone/dist/target/ozone-1.4.0-SNAPSHOT/compose/result/ozone/legacy-bucket/s3g-audit-44eaae4f6c09.log'
renamed 'ozone/result/scm-audit-584ec8dfbc7e.log' -> '/home/runner/work/ozone/ozone/hadoop-ozone/dist/target/ozone-1.4.0-SNAPSHOT/compose/result/ozone/legacy-bucket/scm-audit-584ec8dfbc7e.log'
Executing test ozone/test.sh
Removing network ozone_default
Network ozone_default not found.
Creating network "ozone_default" with the default driver
Creating ozone_om_1 ... 
Creating ozone_httpfs_1 ... 
Creating ozone_datanode_1 ... 
Creating ozone_datanode_2 ... 
Creating ozone_datanode_3 ... 
Creating ozone_recon_1    ... 
Creating ozone_scm_1      ... 
Creating ozone_s3g_1      ... 
Creating ozone_httpfs_1   ... done
Creating ozone_om_1       ... done
Creating ozone_datanode_3 ... done
Creating ozone_scm_1      ... done
Creating ozone_recon_1    ... done
Creating ozone_s3g_1      ... done
Creating ozone_datanode_1 ... done
Creating ozone_datanode_2 ... done
SECONDS: 54
com.google.protobuf.ServiceException: java.net.ConnectException: Call From 5a3c178d0797/172.19.0.6 to scm:9860 failed on connection exception: java.net.ConnectException: Connection refused; For more details see: http://wiki.apache.org/hadoop/ConnectionRefused, while invoking $Proxy21.submitRequest over nodeId=scmNodeId,nodeAddress=scm/172.19.0.6:9860 after 1 failover attempts. Trying to failover after sleeping for 2000ms. Current retry count: 1. com.google.protobuf.ServiceException: java.net.ConnectException: Call From 5a3c178d0797/172.19.0.6 to scm:9860 failed on connection exception: java.net.ConnectException: Connection refused; For more details see: http://wiki.apache.org/hadoop/ConnectionRefused, while invoking $Proxy21.submitRequest over nodeId=scmNodeId,nodeAddress=scm/172.19.0.6:9860 after 2 failover attempts. Trying to failover after sleeping for 2000ms. Current retry count: 2. com.google.protobuf.ServiceException: java.net.ConnectException: Call From 5a3c178d0797/172.19.0.6 to scm:9860 failed on connection exception: java.net.ConnectException: Connection refused; For more details see: http://wiki.apache.org/hadoop/ConnectionRefused, while invoking $Proxy21.submitRequest over nodeId=scmNodeId,nodeAddress=scm/172.19.0.6:9860 after 3 failover attempts. Trying to failover after sleeping for 2000ms. Current retry count: 3. com.google.protobuf.ServiceException: java.net.ConnectException: Call From 5a3c178d0797/172.19.0.6 to scm:9860 failed on connection exception: java.net.ConnectException: Connection refused; For more details see: http://wiki.apache.org/hadoop/ConnectionRefused, while invoking $Proxy21.submitRequest over nodeId=scmNodeId,nodeAddress=scm/172.19.0.6:9860 after 4 failover attempts. Trying to failover after sleeping for 2000ms. Current retry count: 4. com.google.protobuf.ServiceException: org.apache.hadoop.ipc.RemoteException(org.apache.hadoop.hdds.ratis.ServerNotLeaderException): Server:68bbdaee-97bf-4585-939a-c2abe7c9dc19 is not the leader. Could not determine the leader node. at org.apache.hadoop.hdds.ratis.ServerNotLeaderException.convertToNotLeaderException(ServerNotLeaderException.java:109) at org.apache.hadoop.hdds.scm.ha.RatisUtil.checkRatisException(RatisUtil.java:249) at org.apache.hadoop.hdds.scm.protocol.StorageContainerLocationProtocolServerSideTranslatorPB.submitRequest(StorageContainerLocationProtocolServerSideTranslatorPB.java:199) at org.apache.hadoop.hdds.protocol.proto.StorageContainerLocationProtocolProtos$StorageContainerLocationProtocolService$2.callBlockingMethod(StorageContainerLocationProtocolProtos.java) at org.apache.hadoop.ipc.ProtobufRpcEngine$Server.processCall(ProtobufRpcEngine.java:484) at org.apache.hadoop.ipc.ProtobufRpcEngine2$Server$ProtoBufRpcInvoker.call(ProtobufRpcEngine2.java:595) at org.apache.hadoop.ipc.ProtobufRpcEngine2$Server$ProtoBufRpcInvoker.call(ProtobufRpcEngine2.java:573) at org.apache.hadoop.ipc.RPC$Server.call(RPC.java:1213) at org.apache.hadoop.ipc.Server$RpcCall.run(Server.java:1089) at org.apache.hadoop.ipc.Server$RpcCall.run(Server.java:1012) at java.base/java.security.AccessController.doPrivileged(Native Method) at java.base/javax.security.auth.Subject.doAs(Subject.java:423) at org.apache.hadoop.security.UserGroupInformation.doAs(UserGroupInformation.java:1899) at org.apache.hadoop.ipc.Server$Handler.run(Server.java:3026) , while invoking $Proxy21.submitRequest over nodeId=scmNodeId,nodeAddress=scm/172.19.0.6:9860 after 5 failover attempts. Trying to failover after sleeping for 2000ms. Current retry count: 5. com.google.protobuf.ServiceException: org.apache.hadoop.ipc.RemoteException(org.apache.hadoop.hdds.ratis.ServerNotLeaderException): Server:68bbdaee-97bf-4585-939a-c2abe7c9dc19 is not the leader. Could not determine the leader node. at org.apache.hadoop.hdds.ratis.ServerNotLeaderException.convertToNotLeaderException(ServerNotLeaderException.java:109) at org.apache.hadoop.hdds.scm.ha.RatisUtil.checkRatisException(RatisUtil.java:249) at org.apache.hadoop.hdds.scm.protocol.StorageContainerLocationProtocolServerSideTranslatorPB.submitRequest(StorageContainerLocationProtocolServerSideTranslatorPB.java:199) at org.apache.hadoop.hdds.protocol.proto.StorageContainerLocationProtocolProtos$StorageContainerLocationProtocolService$2.callBlockingMethod(StorageContainerLocationProtocolProtos.java) at org.apache.hadoop.ipc.ProtobufRpcEngine$Server.processCall(ProtobufRpcEngine.java:484) at org.apache.hadoop.ipc.ProtobufRpcEngine2$Server$ProtoBufRpcInvoker.call(ProtobufRpcEngine2.java:595) at org.apache.hadoop.ipc.ProtobufRpcEngine2$Server$ProtoBufRpcInvoker.call(ProtobufRpcEngine2.java:573) at org.apache.hadoop.ipc.RPC$Server.call(RPC.java:1213) at org.apache.hadoop.ipc.Server$RpcCall.run(Server.java:1089) at org.apache.hadoop.ipc.Server$RpcCall.run(Server.java:1012) at java.base/java.security.AccessController.doPrivileged(Native Method) at java.base/javax.security.auth.Subject.doAs(Subject.java:423) at org.apache.hadoop.security.UserGroupInformation.doAs(UserGroupInformation.java:1899) at org.apache.hadoop.ipc.Server$Handler.run(Server.java:3026) , while invoking $Proxy21.submitRequest over nodeId=scmNodeId,nodeAddress=scm/172.19.0.6:9860 after 6 failover attempts. Trying to failover after sleeping for 2000ms. Current retry count: 6. SCM is in safe mode. validated:false, DataNodeSafeModeRule, registered datanodes (=1) >= required datanodes (=3) validated:false, HealthyPipelineSafeModeRule, healthy Ratis/THREE pipelines (=0) >= healthyPipelineThresholdCount (=1) validated:true, ContainerSafeModeRule, % of containers with at least one reported replica (=1.00) >= safeModeCutoff (=0.99) validated:true, AtleastOneDatanodeReportedRule, reported Ratis/THREE pipelines with at least one datanode (=0) >= threshold (=0)
SECONDS: 70
SCM is out of safe mode.
Safe mode is off
No OM HA service, no need to wait
==============================================================================
Lib                                                                           
==============================================================================
Lib.Fs Tests                                                                  
==============================================================================
Format o3fs URL without path                                          | PASS |
------------------------------------------------------------------------------
Format o3fs URL with path                                             | PASS |
------------------------------------------------------------------------------
Format o3fs URL with OM                                               | PASS |
------------------------------------------------------------------------------
Format ofs URL without path                                           | PASS |
------------------------------------------------------------------------------
Format ofs URL with path                                              | PASS |
------------------------------------------------------------------------------
Format ofs URL with OM                                                | PASS |
------------------------------------------------------------------------------
Format FS URL with ofs scheme                                         | PASS |
------------------------------------------------------------------------------
Format FS URL with o3fs scheme                                        | PASS |
------------------------------------------------------------------------------
Format FS URL with unsupported scheme                                 | PASS |
------------------------------------------------------------------------------
Lib.Fs Tests                                                          | PASS |
9 tests, 9 passed, 0 failed
==============================================================================
Lib.Os Tests                                                                  
==============================================================================
Execute                                                               | PASS |
------------------------------------------------------------------------------
Execute failing command                                               | PASS |
------------------------------------------------------------------------------
Execute And Ignore Error                                              | PASS |
------------------------------------------------------------------------------
Execute and checkrc                                                   | PASS |
------------------------------------------------------------------------------
Execute and checkrc RC mismatch                                       | PASS |
------------------------------------------------------------------------------
Lib.Os Tests                                                          | PASS |
5 tests, 5 passed, 0 failed
==============================================================================
Lib.String Tests                                                              
==============================================================================
Ensure Leading without Leading                                        | PASS |
------------------------------------------------------------------------------
Ensure Leading with Leading                                           | PASS |
------------------------------------------------------------------------------
Ensure Leading for empty                                              | PASS |
------------------------------------------------------------------------------
Ensure Trailing without Trailing                                      | PASS |
------------------------------------------------------------------------------
Ensure Trailing with Trailing                                         | PASS |
------------------------------------------------------------------------------
Ensure Trailing for empty                                             | PASS |
------------------------------------------------------------------------------
Lib.String Tests                                                      | PASS |
6 tests, 6 passed, 0 failed
==============================================================================
Lib                                                                   | PASS |
20 tests, 20 passed, 0 failed
==============================================================================
Output:  /tmp/smoketest/ozone/result/robot-ozone-ozone-lib-scm.xml
==============================================================================
Ozone-Lib                                                                     
==============================================================================
Ozone-Lib.Shell Tests                                                         
==============================================================================
Bucket Exists should not if No Such Volume                            | PASS |
------------------------------------------------------------------------------
Bucket Exists should not if No Such Bucket                            | PASS |
------------------------------------------------------------------------------
Bucket Exists                                                         | PASS |
------------------------------------------------------------------------------
Bucket Exists should not if No Such OM service                        | PASS |
------------------------------------------------------------------------------
Key Should Match Local File                                           | PASS |
------------------------------------------------------------------------------
Compare Key With Local File with Different File                       | PASS |
------------------------------------------------------------------------------
Compare Key With Local File if File Does Not Exist                    | PASS |
------------------------------------------------------------------------------
Ozone-Lib.Shell Tests                                                 | PASS |
7 tests, 7 passed, 0 failed
==============================================================================
Ozone-Lib                                                             | PASS |
7 tests, 7 passed, 0 failed
==============================================================================
Output:  /tmp/smoketest/ozone/result/robot-ozone-ozone-lib-scm-1.xml
==============================================================================
Auditparser                                                                   
==============================================================================
Auditparser.Auditparser :: Smoketest ozone cluster startup                    
==============================================================================
Testing audit parser                                                  | PASS |
------------------------------------------------------------------------------
Auditparser.Auditparser :: Smoketest ozone cluster startup            | PASS |
1 test, 1 passed, 0 failed
==============================================================================
Auditparser                                                           | PASS |
1 test, 1 passed, 0 failed
==============================================================================
Output:  /tmp/smoketest/ozone/result/robot-ozone-ozone-lib-scm-2.xml
==============================================================================
Basic                                                                         
==============================================================================
Basic.Basic :: Smoketest ozone cluster startup                                
==============================================================================
Check webui static resources                                          | PASS |
------------------------------------------------------------------------------
Basic Freon smoketest                                                 | PASS |
------------------------------------------------------------------------------
Basic.Basic :: Smoketest ozone cluster startup                        | PASS |
2 tests, 2 passed, 0 failed
==============================================================================
Basic.Getconf :: Test 'ozone getconf' command                                 
==============================================================================
Get OM                                                                | PASS |
------------------------------------------------------------------------------
Get SCM                                                               | PASS |
------------------------------------------------------------------------------
Get existing config key                                               | PASS |
------------------------------------------------------------------------------
Get undefined config key                                              | PASS |
------------------------------------------------------------------------------
Basic.Getconf :: Test 'ozone getconf' command                         | PASS |
4 tests, 4 passed, 0 failed
==============================================================================
Basic.Links :: Test bucket links via Ozone CLI                                
==============================================================================
Link to non-existent bucket                                           | PASS |
------------------------------------------------------------------------------
Key create passthrough                                                | PASS |
------------------------------------------------------------------------------
Key read passthrough                                                  | PASS |
------------------------------------------------------------------------------
Key list passthrough                                                  | PASS |
------------------------------------------------------------------------------
Key delete passthrough                                                | PASS |
------------------------------------------------------------------------------
Bucket list contains links                                            | PASS |
------------------------------------------------------------------------------
Bucket info shows source                                              | PASS |
------------------------------------------------------------------------------
Source and target bucket have different ACLs                          | PASS |
------------------------------------------------------------------------------
Source and target key have same ACLs                                  | PASS |
------------------------------------------------------------------------------
Buckets and links share namespace                                     | PASS |
------------------------------------------------------------------------------
Can follow link with read access                                      | PASS |
------------------------------------------------------------------------------
Cannot follow link without read access                                | PASS |
------------------------------------------------------------------------------
ACL verified on source and target bucket                              | PASS |
------------------------------------------------------------------------------
Loop in link chain is detected                                        | PASS |
------------------------------------------------------------------------------
Multiple links to same bucket are allowed                             | PASS |
------------------------------------------------------------------------------
Source bucket not affected by deleting link                           | PASS |
------------------------------------------------------------------------------
Setting bucket property on link not allowed                           | PASS |
------------------------------------------------------------------------------
Basic.Links :: Test bucket links via Ozone CLI                        | PASS |
17 tests, 17 passed, 0 failed
==============================================================================
Basic.Ozone-Shell-Single :: Test ozone shell CLI usage                        
==============================================================================
Test ozone shell                                                      | PASS |
------------------------------------------------------------------------------
Basic.Ozone-Shell-Single :: Test ozone shell CLI usage                | PASS |
1 test, 1 passed, 0 failed
==============================================================================
Basic.Ozone-Shell :: Test ozone shell CLI usage                               
==============================================================================
RpcClient with port                                                   | PASS |
------------------------------------------------------------------------------
RpcClient with execution errors                                       | PASS |
------------------------------------------------------------------------------
RpcClient volume acls                                                 | PASS |
------------------------------------------------------------------------------
RpcClient bucket acls                                                 | PASS |
------------------------------------------------------------------------------
RpcClient key acls                                                    | PASS |
------------------------------------------------------------------------------
RpcClient prefix acls                                                 | PASS |
------------------------------------------------------------------------------
RpcClient without host                                                | PASS |
------------------------------------------------------------------------------
RpcClient Delete key                                                  | PASS |
------------------------------------------------------------------------------
Basic.Ozone-Shell :: Test ozone shell CLI usage                       | PASS |
8 tests, 8 passed, 0 failed
==============================================================================
Basic.Single Node :: Smoketest for one datanode                               
==============================================================================
Basic Freon smoketest for one datanode                                | PASS |
------------------------------------------------------------------------------
Basic.Single Node :: Smoketest for one datanode                       | PASS |
1 test, 1 passed, 0 failed
==============================================================================
Basic                                                                 | PASS |
33 tests, 33 passed, 0 failed
==============================================================================
Output:  /tmp/smoketest/ozone/result/robot-ozone-ozone-lib-scm-3.xml
==============================================================================
Gdpr                                                                          
==============================================================================
Gdpr.Gdpr :: Smoketest Ozone GDPR Feature                                     
==============================================================================
Test GDPR disabled                                                    | PASS |
------------------------------------------------------------------------------
Test GDPR --enforcegdpr=true                                          | PASS |
------------------------------------------------------------------------------
Test GDPR -g=true                                                     | PASS |
------------------------------------------------------------------------------
Test GDPR -g=false                                                    | PASS |
------------------------------------------------------------------------------
Gdpr.Gdpr :: Smoketest Ozone GDPR Feature                             | PASS |
4 tests, 4 passed, 0 failed
==============================================================================
Gdpr                                                                  | PASS |
4 tests, 4 passed, 0 failed
==============================================================================
Output:  /tmp/smoketest/ozone/result/robot-ozone-ozone-lib-scm-4.xml
==============================================================================
Ozone-Secure-Token :: Test token operations                                   
==============================================================================
Token Test                                                            | PASS |
------------------------------------------------------------------------------
Ozone-Secure-Token :: Test token operations                           | PASS |
1 test, 1 passed, 0 failed
==============================================================================
Output:  /tmp/smoketest/ozone/result/robot-ozone-ozone-lib-scm-5.xml
==============================================================================
Recon                                                                         
==============================================================================
Recon.Recon-Api :: Smoke test to start cluster with docker-compose environm...
==============================================================================
Check if Recon picks up OM data                                       | PASS |
------------------------------------------------------------------------------
Check if Recon picks up DN heartbeats                                 | PASS |
------------------------------------------------------------------------------
Check if Recon Web UI is up                                           | PASS |
------------------------------------------------------------------------------
Check web UI access                                                   | PASS |
------------------------------------------------------------------------------
Check admin only api access                                           | PASS |
------------------------------------------------------------------------------
Check unhealthy, (admin) api access                                   | PASS |
------------------------------------------------------------------------------
Check normal api access                                               | PASS |
------------------------------------------------------------------------------
Recon.Recon-Api :: Smoke test to start cluster with docker-compose... | PASS |
7 tests, 7 passed, 0 failed
==============================================================================
Recon.Recon-Nssummary :: Smoke test for Recon Namespace Summary Endpoint fo...
==============================================================================
Check volume creation                                                 | PASS |
------------------------------------------------------------------------------
Check bucket creation                                                 | PASS |
------------------------------------------------------------------------------
Check keys creation                                                   | PASS |
------------------------------------------------------------------------------
Check Summary api access                                              | PASS |
------------------------------------------------------------------------------
Check Disk Usage api access                                           | PASS |
------------------------------------------------------------------------------
Check Quota Usage api access                                          | PASS |
------------------------------------------------------------------------------
Check File Size Distribution api access                               | PASS |
------------------------------------------------------------------------------
Check Recon Namespace Summary Root                                    | PASS |
------------------------------------------------------------------------------
Check Recon Namespace Summary Volume                                  | PASS |
------------------------------------------------------------------------------
Check Recon Namespace Summary Bucket                                  | PASS |
------------------------------------------------------------------------------
Check Recon Namespace Summary Key                                     | PASS |
------------------------------------------------------------------------------
Check Recon Namespace Summary Directory                               | PASS |
------------------------------------------------------------------------------
Check Recon Namespace Disk Usage                                      | PASS |
------------------------------------------------------------------------------
Check Recon Namespace Volume Quota Usage                              | PASS |
------------------------------------------------------------------------------
Check Recon Namespace Bucket Quota Usage                              | PASS |
------------------------------------------------------------------------------
Check Recon Namespace File Size Distribution Root                     | PASS |
------------------------------------------------------------------------------
Recon.Recon-Nssummary :: Smoke test for Recon Namespace Summary En... | PASS |
16 tests, 16 passed, 0 failed
==============================================================================
Recon                                                                 | PASS |
23 tests, 23 passed, 0 failed
==============================================================================
Output:  /tmp/smoketest/ozone/result/robot-ozone-ozone-lib-scm-6.xml
==============================================================================
Om-Ratis                                                                      
==============================================================================
Om-Ratis.testOMAdminCmd :: Smoketest ozone cluster startup                    
==============================================================================
Check om admin command                                                | PASS |
------------------------------------------------------------------------------
Om-Ratis.testOMAdminCmd :: Smoketest ozone cluster startup            | PASS |
1 test, 1 passed, 0 failed
==============================================================================
Om-Ratis                                                              | PASS |
1 test, 1 passed, 0 failed
==============================================================================
Output:  /tmp/smoketest/ozone/result/robot-ozone-ozone-lib-scm-7.xml
==============================================================================
Freon                                                                         
==============================================================================
Freon.echoRPCLoad :: Test freon echo RPC commands                             
==============================================================================
Ozone Echo RPC Load Generator with request payload and response pa... | PASS |
------------------------------------------------------------------------------
Ozone Echo RPC Load Generator with request payload and empty respo... | PASS |
------------------------------------------------------------------------------
Ozone Echo RPC Load Generator with empty request payload and respo... | PASS |
------------------------------------------------------------------------------
Ozone Echo RPC Load Generator with empty request payload and empty... | PASS |
------------------------------------------------------------------------------
Freon.echoRPCLoad :: Test freon echo RPC commands                     | PASS |
4 tests, 4 passed, 0 failed
==============================================================================
Freon.Generate-Chunk :: Test freon chunk generation commands                  
==============================================================================
DN Chunk Generator                                                    | PASS |
------------------------------------------------------------------------------
Freon.Generate-Chunk :: Test freon chunk generation commands          | PASS |
1 test, 1 passed, 0 failed
==============================================================================
Freon.Generate :: Test freon data generation commands                         
==============================================================================
Ozone Client Key Generator                                            | PASS |
------------------------------------------------------------------------------
OM Key Generator                                                      | PASS |
------------------------------------------------------------------------------
OM Bucket Generator                                                   | PASS |
------------------------------------------------------------------------------
Freon.Generate :: Test freon data generation commands                 | PASS |
3 tests, 3 passed, 0 failed
==============================================================================
Freon.Read-Write-Key :: Test freon read/write key commands                    
==============================================================================
Pre-generate 100 keys of size 1 byte each to Ozone                    | PASS |
------------------------------------------------------------------------------
Read 10 keys from pre-generated keys                                  | PASS |
------------------------------------------------------------------------------
Read 10 keys' metadata from pre-generated keys                        | PASS |
------------------------------------------------------------------------------
Write 10 keys of size 1 byte each from key index 0 to 99              | PASS |
------------------------------------------------------------------------------
Run 90 % of read-key tasks and 10 % of write-key tasks for 10 keys... | PASS |
------------------------------------------------------------------------------
Freon.Read-Write-Key :: Test freon read/write key commands            | PASS |
5 tests, 5 passed, 0 failed
==============================================================================
Freon.Remove :: Test freon data remove commands                               
==============================================================================
Ozone Client Key Remover                                              | PASS |
------------------------------------------------------------------------------
OM Bucket Remover                                                     | PASS |
------------------------------------------------------------------------------
Freon.Remove :: Test freon data remove commands                       | PASS |
2 tests, 2 passed, 0 failed
==============================================================================
Freon.Validate-Chunk :: Test freon chunk validation commands                  
==============================================================================
DN Chunk Validator                                                    | PASS |
------------------------------------------------------------------------------
Freon.Validate-Chunk :: Test freon chunk validation commands          | PASS |
1 test, 1 passed, 0 failed
==============================================================================
Freon.Validate :: Test freon data validation commands                         
==============================================================================
Ozone Client Key Validator                                            | PASS |
------------------------------------------------------------------------------
Freon.Validate :: Test freon data validation commands                 | PASS |
1 test, 1 passed, 0 failed
==============================================================================
Freon                                                                 | PASS |
17 tests, 17 passed, 0 failed
==============================================================================
Output:  /tmp/smoketest/ozone/result/robot-ozone-ozone-lib-scm-8.xml
==============================================================================
Cli                                                                           
==============================================================================
Cli.Classpath :: Test ozone classpath command                                 
==============================================================================
Ignores HADOOP_CLASSPATH if OZONE_CLASSPATH is set                    | PASS |
------------------------------------------------------------------------------
Picks up items from OZONE_CLASSPATH                                   | PASS |
------------------------------------------------------------------------------
Adds optional dir entries                                             | PASS |
------------------------------------------------------------------------------
Cli.Classpath :: Test ozone classpath command                         | PASS |
3 tests, 3 passed, 0 failed
==============================================================================
Cli.Envvars :: Test ozone envvars command                                     
==============================================================================
Ignores deprecated vars if new ones are set                           | PASS |
------------------------------------------------------------------------------
Find valid dirs                                                       | PASS |
------------------------------------------------------------------------------
Picks up deprecated vars if valid                                     | PASS |
------------------------------------------------------------------------------
Warning for deprecated vars can be suppressed                         | PASS |
------------------------------------------------------------------------------
Works with only OZONE_HOME defined                                    | PASS |
------------------------------------------------------------------------------
Cli.Envvars :: Test ozone envvars command                             | PASS |
5 tests, 5 passed, 0 failed
==============================================================================
Cli                                                                   | PASS |
8 tests, 8 passed, 0 failed
==============================================================================
Output:  /tmp/smoketest/ozone/result/robot-ozone-ozone-lib-scm-9.xml
==============================================================================
Admincli                                                                      
==============================================================================
Admincli.Admin :: Test ozone admin command                                    
==============================================================================
Incomplete command                                                    | PASS |
------------------------------------------------------------------------------
Admincli.Admin :: Test ozone admin command                            | PASS |
1 test, 1 passed, 0 failed
==============================================================================
Admincli.Container :: Test ozone admin container command                      
==============================================================================
Create container                                                      | PASS |
------------------------------------------------------------------------------
List containers                                                       | PASS |
------------------------------------------------------------------------------
List containers with explicit host                                    | PASS |
------------------------------------------------------------------------------
List containers with container state                                  | PASS |
------------------------------------------------------------------------------
List containers with replication factor ONE                           | PASS |
------------------------------------------------------------------------------
List containers with replication factor THREE                         | PASS |
------------------------------------------------------------------------------
Container info                                                        | PASS |
------------------------------------------------------------------------------
Verbose container info                                                | PASS |
------------------------------------------------------------------------------
Close container                                                       | PASS |
------------------------------------------------------------------------------
Incomplete command                                                    | PASS |
------------------------------------------------------------------------------
Cannot close container without admin privilege                        | PASS |
Skip privilege check in unsecure cluster
------------------------------------------------------------------------------
Cannot create container without admin privilege                       | PASS |
Skip privilege check in unsecure cluster
------------------------------------------------------------------------------
Admincli.Container :: Test ozone admin container command              | PASS |
12 tests, 12 passed, 0 failed
==============================================================================
Admincli.Datanode :: Test ozone admin datanode command                        
==============================================================================
List datanodes                                                        | PASS |
------------------------------------------------------------------------------
Filter list by UUID                                                   | PASS |
------------------------------------------------------------------------------
Filter list by NodeOperationalState                                   | PASS |
------------------------------------------------------------------------------
Filter list by NodeState                                              | PASS |
------------------------------------------------------------------------------
Incomplete command                                                    | PASS |
------------------------------------------------------------------------------
List datanodes as JSON                                                | PASS |
------------------------------------------------------------------------------
Admincli.Datanode :: Test ozone admin datanode command                | PASS |
6 tests, 6 passed, 0 failed
==============================================================================
Admincli.Pipeline :: Test ozone admin pipeline command                        
==============================================================================
Create pipeline                                                       | PASS |
------------------------------------------------------------------------------
List pipelines                                                        | PASS |
------------------------------------------------------------------------------
List pipelines with explicit host                                     | PASS |
------------------------------------------------------------------------------
Deactivate pipeline                                                   | PASS |
------------------------------------------------------------------------------
Activate pipeline                                                     | PASS |
------------------------------------------------------------------------------
Close pipeline                                                        | PASS |
------------------------------------------------------------------------------
Incomplete command                                                    | PASS |
------------------------------------------------------------------------------
Admincli.Pipeline :: Test ozone admin pipeline command                | PASS |
7 tests, 7 passed, 0 failed
==============================================================================
Admincli.Replicationmanager :: Test ozone admin replicationmanager command    
==============================================================================
Check replicationmanager                                              | PASS |
------------------------------------------------------------------------------
Check replicationmanager with explicit host                           | PASS |
------------------------------------------------------------------------------
Stop replicationmanager                                               | PASS |
------------------------------------------------------------------------------
Start replicationmanager                                              | PASS |
------------------------------------------------------------------------------
Incomplete command                                                    | PASS |
------------------------------------------------------------------------------
Admincli.Replicationmanager :: Test ozone admin replicationmanager... | PASS |
5 tests, 5 passed, 0 failed
==============================================================================
Admincli.Safemode :: Test ozone admin safemode command                        
==============================================================================
Check safemode                                                        | PASS |
------------------------------------------------------------------------------
Check safemode with explicit host                                     | PASS |
------------------------------------------------------------------------------
Wait for safemode exit                                                | PASS |
------------------------------------------------------------------------------
Incomplete command                                                    | PASS |
------------------------------------------------------------------------------
Admincli.Safemode :: Test ozone admin safemode command                | PASS |
4 tests, 4 passed, 0 failed
==============================================================================
Admincli.Scmrole :: Smoketest ozone cluster startup                           
==============================================================================
Run scm roles                                                         | PASS |
------------------------------------------------------------------------------
Admincli.Scmrole :: Smoketest ozone cluster startup                   | PASS |
1 test, 1 passed, 0 failed
==============================================================================
Admincli                                                              | PASS |
36 tests, 36 passed, 0 failed
==============================================================================
Output:  /tmp/smoketest/ozone/result/robot-ozone-ozone-lib-scm-10.xml
==============================================================================
Httpfs                                                                        
==============================================================================
Httpfs.Operations Tests :: HttpFS gateway test with curl commands             
==============================================================================
Kinit admin user                                                      | PASS |
This is for secured environment
------------------------------------------------------------------------------
Create volume                                                         | PASS |
------------------------------------------------------------------------------
Set owner of volume                                                   | PASS |
This is for secured environment
------------------------------------------------------------------------------
Kinit testuser                                                        | PASS |
This is for secured environment
------------------------------------------------------------------------------
Create first bucket                                                   | PASS |
------------------------------------------------------------------------------
Create second bucket                                                  | PASS |
------------------------------------------------------------------------------
Create local testfile                                                 | PASS |
------------------------------------------------------------------------------
Create testfile                                                       | PASS |
------------------------------------------------------------------------------
Read file                                                             | PASS |
------------------------------------------------------------------------------
Delete bucket                                                         | PASS |
------------------------------------------------------------------------------
Get status of bucket                                                  | PASS |
------------------------------------------------------------------------------
Get status of file                                                    | PASS |
------------------------------------------------------------------------------
List bucket                                                           | PASS |
------------------------------------------------------------------------------
List file                                                             | PASS |
------------------------------------------------------------------------------
Get content summary of directory                                      | PASS |
------------------------------------------------------------------------------
Get quota usage of directory                                          | PASS |
------------------------------------------------------------------------------
Get home directory                                                    | PASS |
------------------------------------------------------------------------------
Get trash root                                                        | PASS |
------------------------------------------------------------------------------
Httpfs.Operations Tests :: HttpFS gateway test with curl commands     | PASS |
18 tests, 18 passed, 0 failed
==============================================================================
Httpfs                                                                | PASS |
18 tests, 18 passed, 0 failed
==============================================================================
Output:  /tmp/smoketest/ozone/result/robot-ozone-ozone-lib-scm-11.xml
==============================================================================
Ozone-Debug-Tests :: Test ozone Debug CLI                                     
==============================================================================
Test ozone debug read-replicas                                        | PASS |
------------------------------------------------------------------------------
Ozone-Debug-Tests :: Test ozone Debug CLI                             | PASS |
1 test, 1 passed, 0 failed
==============================================================================
Output:  /tmp/smoketest/ozone/result/robot-ozone-ozone-lib-scm-12.xml
WARNING: An illegal reflective access operation has occurred
WARNING: Illegal reflective access by com.google.gson.internal.reflect.ReflectionHelper (file:/opt/hadoop/share/ozone/lib/gson-2.9.0.jar) to field java.time.Instant.seconds
WARNING: Please consider reporting this to the maintainers of com.google.gson.internal.reflect.ReflectionHelper
WARNING: Use --illegal-access=warn to enable warnings of further illegal reflective access operations
WARNING: All illegal access operations will be denied in a future release
==============================================================================
Ozone-Debug-Corrupt-Block :: Test read-replicas in case of a corrupt replica  
==============================================================================
Test ozone debug read-replicas with corrupt block replica             | PASS |
------------------------------------------------------------------------------
Ozone-Debug-Corrupt-Block :: Test read-replicas in case of a corru... | PASS |
1 test, 1 passed, 0 failed
==============================================================================
Output:  /tmp/smoketest/ozone/result/robot-ozone-ozone-lib-scm-13.xml
ozone_datanode_1
Waiting for ozone_datanode_1 to be STALE
SECONDS: 4
Waiting for ozone_datanode_1 to be STALE
SECONDS: 9
Waiting for ozone_datanode_1 to be STALE
SECONDS: 13
Waiting for ozone_datanode_1 to be STALE
SECONDS: 18
Waiting for ozone_datanode_1 to be STALE
SECONDS: 22
ozone_datanode_1 is STALE
==============================================================================
Ozone-Debug-Stale-Datanode :: Test read-replicas in case of one datanode is...
==============================================================================
Test ozone debug read-replicas with one datanode STALE                | PASS |
------------------------------------------------------------------------------
Ozone-Debug-Stale-Datanode :: Test read-replicas in case of one da... | PASS |
1 test, 1 passed, 0 failed
==============================================================================
Output:  /tmp/smoketest/ozone/result/robot-ozone-ozone-lib-scm-14.xml
ozone_datanode_1 is DEAD
==============================================================================
Ozone-Debug-Dead-Datanode :: Test read-replicas in case of one datanode is ...
==============================================================================
Test ozone debug read-replicas with one datanode DEAD                 | PASS |
------------------------------------------------------------------------------
Ozone-Debug-Dead-Datanode :: Test read-replicas in case of one dat... | PASS |
1 test, 1 passed, 0 failed
==============================================================================
Output:  /tmp/smoketest/ozone/result/robot-ozone-ozone-lib-scm-15.xml
ozone_datanode_1
Waiting for ozone_datanode_1 to be HEALTHY
SECONDS: 9
Waiting for ozone_datanode_1 to be HEALTHY
SECONDS: 15
ozone_datanode_1 is HEALTHY
==============================================================================
ozonefs-o3fs-bucket :: Ozone FS tests                                         
==============================================================================
List root                                                             | PASS |
------------------------------------------------------------------------------
List non-existent volume                                              | PASS |
------------------------------------------------------------------------------
List non-existent bucket                                              | PASS |
------------------------------------------------------------------------------
Create dir with parents                                               | PASS |
------------------------------------------------------------------------------
Copy from local                                                       | PASS |
------------------------------------------------------------------------------
Put                                                                   | PASS |
------------------------------------------------------------------------------
Check disk usage after create a file which uses RATIS replication ... | PASS |
------------------------------------------------------------------------------
Put with Streaming                                                    | PASS |
------------------------------------------------------------------------------
List                                                                  | PASS |
------------------------------------------------------------------------------
Move                                                                  | PASS |
------------------------------------------------------------------------------
Copy within FS                                                        | PASS |
------------------------------------------------------------------------------
Cat file                                                              | PASS |
------------------------------------------------------------------------------
Delete file                                                           | PASS |
------------------------------------------------------------------------------
Delete dir                                                            | PASS |
------------------------------------------------------------------------------
Touch file                                                            | PASS |
------------------------------------------------------------------------------
Delete file with Trash                                                | FAIL |
1 != 0
------------------------------------------------------------------------------
Delete recursively                                                    | PASS |
------------------------------------------------------------------------------
List recursively                                                      | PASS |
------------------------------------------------------------------------------
Copy to other bucket                                                  | PASS |
------------------------------------------------------------------------------
Copy to other volume                                                  | PASS |
------------------------------------------------------------------------------
List file created via shell                                           | PASS |
------------------------------------------------------------------------------
Reject overwrite existing                                             | PASS |
------------------------------------------------------------------------------
Get file                                                              | PASS |
------------------------------------------------------------------------------
ozonefs-o3fs-bucket :: Ozone FS tests                                 | FAIL |
23 tests, 22 passed, 1 failed
==============================================================================
Output:  /tmp/smoketest/ozone/result/robot-ozone-ozone-lib-scm-16.xml
jstack 8 > /home/runner/work/ozone/ozone/hadoop-ozone/dist/target/ozone-1.4.0-SNAPSHOT/compose/ozone/result/ozone_datanode_1_HddsDatanodeService.stack
jstack 6 > /home/runner/work/ozone/ozone/hadoop-ozone/dist/target/ozone-1.4.0-SNAPSHOT/compose/ozone/result/ozone_datanode_2_HddsDatanodeService.stack
jstack 7 > /home/runner/work/ozone/ozone/hadoop-ozone/dist/target/ozone-1.4.0-SNAPSHOT/compose/ozone/result/ozone_datanode_3_HddsDatanodeService.stack
jstack 7 > /home/runner/work/ozone/ozone/hadoop-ozone/dist/target/ozone-1.4.0-SNAPSHOT/compose/ozone/result/ozone_om_1_OzoneManagerStarter.stack
jstack 7 > /home/runner/work/ozone/ozone/hadoop-ozone/dist/target/ozone-1.4.0-SNAPSHOT/compose/ozone/result/ozone_recon_1_ReconServer.stack
jstack 6 > /home/runner/work/ozone/ozone/hadoop-ozone/dist/target/ozone-1.4.0-SNAPSHOT/compose/ozone/result/ozone_s3g_1_Gateway.stack
jstack 6 > /home/runner/work/ozone/ozone/hadoop-ozone/dist/target/ozone-1.4.0-SNAPSHOT/compose/ozone/result/ozone_scm_1_StorageContainerManagerStarter.stack
Stopping ozone_s3g_1      ... 
Stopping ozone_datanode_1 ... 
Stopping ozone_scm_1      ... 
Stopping ozone_datanode_2 ... 
Stopping ozone_recon_1    ... 
Stopping ozone_datanode_3 ... 
Stopping ozone_httpfs_1   ... 
Stopping ozone_om_1       ... 
Stopping ozone_s3g_1      ... done
Stopping ozone_httpfs_1   ... done
Stopping ozone_recon_1    ... done
Stopping ozone_datanode_2 ... done
Stopping ozone_datanode_1 ... done
Stopping ozone_datanode_3 ... done
Stopping ozone_om_1       ... done
Stopping ozone_scm_1      ... done
Removing ozone_s3g_1      ... 
Removing ozone_datanode_1 ... 
Removing ozone_scm_1      ... 
Removing ozone_datanode_2 ... 
Removing ozone_recon_1    ... 
Removing ozone_datanode_3 ... 
Removing ozone_httpfs_1   ... 
Removing ozone_om_1       ... 
Removing ozone_recon_1    ... done
Removing ozone_datanode_3 ... done
Removing ozone_scm_1      ... done
Removing ozone_s3g_1      ... done
Removing ozone_datanode_2 ... done
Removing ozone_httpfs_1   ... done
Removing ozone_om_1       ... done
Removing ozone_datanode_1 ... done
Removing network ozone_default
ERROR: Test execution of ozone/test.sh is FAILED!!!!
Output:  /home/runner/work/ozone/ozone/hadoop-ozone/dist/target/ozone-1.4.0-SNAPSHOT/compose/result/ozone.xml
removed 'ozone/result/robot-ozone-ozone-lib-scm-1.xml'
removed 'ozone/result/robot-ozone-ozone-lib-scm-10.xml'
removed 'ozone/result/robot-ozone-ozone-lib-scm-11.xml'
removed 'ozone/result/robot-ozone-ozone-lib-scm-12.xml'
removed 'ozone/result/robot-ozone-ozone-lib-scm-13.xml'
removed 'ozone/result/robot-ozone-ozone-lib-scm-14.xml'
removed 'ozone/result/robot-ozone-ozone-lib-scm-15.xml'
removed 'ozone/result/robot-ozone-ozone-lib-scm-16.xml'
removed 'ozone/result/robot-ozone-ozone-lib-scm-2.xml'
removed 'ozone/result/robot-ozone-ozone-lib-scm-3.xml'
removed 'ozone/result/robot-ozone-ozone-lib-scm-4.xml'
removed 'ozone/result/robot-ozone-ozone-lib-scm-5.xml'
removed 'ozone/result/robot-ozone-ozone-lib-scm-6.xml'
removed 'ozone/result/robot-ozone-ozone-lib-scm-7.xml'
removed 'ozone/result/robot-ozone-ozone-lib-scm-8.xml'
removed 'ozone/result/robot-ozone-ozone-lib-scm-9.xml'
removed 'ozone/result/robot-ozone-ozone-lib-scm.xml'
renamed 'ozone/result/dn-audit-17c6b152f368.log' -> '/home/runner/work/ozone/ozone/hadoop-ozone/dist/target/ozone-1.4.0-SNAPSHOT/compose/result/ozone/dn-audit-17c6b152f368.log'
renamed 'ozone/result/dn-audit-1a4f36c38acc.log' -> '/home/runner/work/ozone/ozone/hadoop-ozone/dist/target/ozone-1.4.0-SNAPSHOT/compose/result/ozone/dn-audit-1a4f36c38acc.log'
renamed 'ozone/result/dn-audit-ef27cbcd8b07.log' -> '/home/runner/work/ozone/ozone/hadoop-ozone/dist/target/ozone-1.4.0-SNAPSHOT/compose/result/ozone/dn-audit-ef27cbcd8b07.log'
renamed 'ozone/result/docker-ozone-ozone-lib-scm.log' -> '/home/runner/work/ozone/ozone/hadoop-ozone/dist/target/ozone-1.4.0-SNAPSHOT/compose/result/ozone/docker-ozone-ozone-lib-scm.log'
renamed 'ozone/result/om-audit-48d630b6d7f3.log' -> '/home/runner/work/ozone/ozone/hadoop-ozone/dist/target/ozone-1.4.0-SNAPSHOT/compose/result/ozone/om-audit-48d630b6d7f3.log'
renamed 'ozone/result/ozone_datanode_1_HddsDatanodeService.stack' -> '/home/runner/work/ozone/ozone/hadoop-ozone/dist/target/ozone-1.4.0-SNAPSHOT/compose/result/ozone/ozone_datanode_1_HddsDatanodeService.stack'
renamed 'ozone/result/ozone_datanode_2_HddsDatanodeService.stack' -> '/home/runner/work/ozone/ozone/hadoop-ozone/dist/target/ozone-1.4.0-SNAPSHOT/compose/result/ozone/ozone_datanode_2_HddsDatanodeService.stack'
renamed 'ozone/result/ozone_datanode_3_HddsDatanodeService.stack' -> '/home/runner/work/ozone/ozone/hadoop-ozone/dist/target/ozone-1.4.0-SNAPSHOT/compose/result/ozone/ozone_datanode_3_HddsDatanodeService.stack'
renamed 'ozone/result/ozone_om_1_OzoneManagerStarter.stack' -> '/home/runner/work/ozone/ozone/hadoop-ozone/dist/target/ozone-1.4.0-SNAPSHOT/compose/result/ozone/ozone_om_1_OzoneManagerStarter.stack'
renamed 'ozone/result/ozone_recon_1_ReconServer.stack' -> '/home/runner/work/ozone/ozone/hadoop-ozone/dist/target/ozone-1.4.0-SNAPSHOT/compose/result/ozone/ozone_recon_1_ReconServer.stack'
renamed 'ozone/result/ozone_s3g_1_Gateway.stack' -> '/home/runner/work/ozone/ozone/hadoop-ozone/dist/target/ozone-1.4.0-SNAPSHOT/compose/result/ozone/ozone_s3g_1_Gateway.stack'
renamed 'ozone/result/ozone_scm_1_StorageContainerManagerStarter.stack' -> '/home/runner/work/ozone/ozone/hadoop-ozone/dist/target/ozone-1.4.0-SNAPSHOT/compose/result/ozone/ozone_scm_1_StorageContainerManagerStarter.stack'
renamed 'ozone/result/s3g-audit-7b6f67aa8c05.log' -> '/home/runner/work/ozone/ozone/hadoop-ozone/dist/target/ozone-1.4.0-SNAPSHOT/compose/result/ozone/s3g-audit-7b6f67aa8c05.log'
renamed 'ozone/result/scm-audit-5a3c178d0797.log' -> '/home/runner/work/ozone/ozone/hadoop-ozone/dist/target/ozone-1.4.0-SNAPSHOT/compose/result/ozone/scm-audit-5a3c178d0797.log'
Log:     /home/runner/work/ozone/ozone/hadoop-ozone/dist/target/ozone-1.4.0-SNAPSHOT/compose/result/log.html
Report:  /home/runner/work/ozone/ozone/hadoop-ozone/dist/target/ozone-1.4.0-SNAPSHOT/compose/result/report.html
