#
# A fatal error has been detected by the Java Runtime Environment:
#
#  SIGSEGV (0xb) at pc=0x00007f990750bddb, pid=7872, tid=0x00007f98dc17b700
#
# JRE version: OpenJDK Runtime Environment (8.0_382-b05) (build 1.8.0_382-b05)
# Java VM: OpenJDK 64-Bit Server VM (25.382-b05 mixed mode linux-amd64 compressed oops)
# Problematic frame:
# C  [libc.so.6+0x81ddb]  fclose+0xb
#
# Failed to write core dump. Core dumps have been disabled. To enable core dumping, try "ulimit -c unlimited" before starting Java again
#
# If you would like to submit a bug report, please visit:
#   https://github.com/adoptium/adoptium-support/issues
# The crash happened outside the Java Virtual Machine in native code.
# See problematic frame for where to report the bug.
#

---------------  T H R E A D  ---------------

Current thread (0x00007f9900b9b800):  JavaThread "pool-5-thread-1" [_thread_in_native, id=7904, stack(0x00007f98dc07b000,0x00007f98dc17c000)]

siginfo: si_signo: 11 (SIGSEGV), si_code: 1 (SEGV_MAPERR), si_addr: 0x0000000000000000

Registers:
RAX=0x0000000000000000, RBX=0x00007f9900b9ba60, RCX=0x00007f98e4000030, RDX=0x00007f98e471f870
RSP=0x00007f98dc179ab0, RBP=0x0000000000000000, RSI=0x0000000000000001, RDI=0x0000000000000000
R8 =0x0000000000000007, R9 =0x0000000000000000, R10=0x00007f98e47224c0, R11=0x0000000000000000
R12=0x0000000000000006, R13=0x00007f98dc17a758, R14=0x00007f98dc179ad0, R15=0x0000000000000000
RIP=0x00007f990750bddb, EFLAGS=0x0000000000010297, CSGSFS=0x002b000000000033, ERR=0x0000000000000004
  TRAPNO=0x000000000000000e

Top of Stack: (sp=0x00007f98dc179ab0)
0x00007f98dc179ab0:   00007f9900b9ba60 00007f98dc17a690
0x00007f98dc179ac0:   0000000000000006 00007f98dd4d5548
0x00007f98dc179ad0:   00007f9900b9ba60 00007f98e47201e0
0x00007f98dc179ae0:   00007f98e471e3f0 00007f98e4722440
0x00007f98dc179af0:   00007f98e471f880 00007f98e471bb90
0x00007f98dc179b00:   0000000000000000 00007f9906020000
0x00007f98dc179b10:   00007f98dc179de0 00007f9900bacc10
0x00007f98dc179b20:   0000000000000000 00007f98dc17a0d0
0x00007f98dc179b30:   00007f98dc179b50 0000000500000000
0x00007f98dc179b40:   00007f9907423c18 0000000000000000
0x00007f98dc179b50:   0001000101000000 00007f98ddca35c0
0x00007f98dc179b60:   0000000000000000 0000000000000000
0x00007f98dc179b70:   0000000000000000 0000000000000000
0x00007f98dc179b80:   0000000000000000 0000000000000000
0x00007f98dc179b90:   ffffffffdc179b01 00007f9900000010
0x00007f98dc179ba0:   0000000000000000 0000000000000000
0x00007f98dc179bb0:   0000000000000000 00007f9906adf500
0x00007f98dc179bc0:   0000000000000000 0000000000000000
0x00007f98dc179bd0:   0000000000000000 00007f98dc179be8
0x00007f98dc179be0:   0000000000000000 00007f99066ef600
0x00007f98dc179bf0:   00007f98dc179c50 00007f98dc179c08
0x00007f98dc179c00:   0000000000000000 00007f99066e9900
0x00007f98dc179c10:   00007f98dc179c60 000000050775d800
0x00007f98dc179c20:   ffffffff00000002 ffffffff00000001
0x00007f98dc179c30:   0000000000000000 0000000000000000
0x00007f98dc179c40:   00000000000003e8 0000000000000000
0x00007f98dc179c50:   0000000040000000 00007f9900000006
0x00007f98dc179c60:   0000000000000000 0000000000000000
0x00007f98dc179c70:   0000000000400000 0000010100000000
0x00007f98dc179c80:   0000025800000258 00007f9900b9b800
0x00007f98dc179c90:   0000000000100000 00007f9900b9b801
0x00007f98dc179ca0:   0000000000000000 0000000000000000 

Instructions: (pc=0x00007f990750bddb)
0x00007f990750bdbb:   e9 2b ff ff ff e8 9b bd 00 00 e9 fd fe ff ff e8
0x00007f990750bdcb:   a1 dc 0a 00 90 f3 0f 1e fa 41 54 55 48 89 fd 53
0x00007f990750bddb:   8b 07 f6 c4 20 0f 85 ea 00 00 00 89 c2 81 e2 00
0x00007f990750bdeb:   80 00 00 0f 84 e9 00 00 00 c1 e0 1a c1 f8 1f 41 

Register to memory mapping:

RAX=0x0000000000000000 is an unknown value
RBX=0x00007f9900b9ba60 is an unknown value
RCX=0x00007f98e4000030 is an unknown value
RDX=0x00007f98e471f870 is an unknown value
RSP=0x00007f98dc179ab0 is pointing into the stack for thread: 0x00007f9900b9b800
RBP=0x0000000000000000 is an unknown value
RSI=0x0000000000000001 is an unknown value
RDI=0x0000000000000000 is an unknown value
R8 =0x0000000000000007 is an unknown value
R9 =0x0000000000000000 is an unknown value
R10=0x00007f98e47224c0 is an unknown value
R11=0x0000000000000000 is an unknown value
R12=0x0000000000000006 is an unknown value
R13=0x00007f98dc17a758 is pointing into the stack for thread: 0x00007f9900b9b800
R14=0x00007f98dc179ad0 is pointing into the stack for thread: 0x00007f9900b9b800
R15=0x0000000000000000 is an unknown value


Stack: [0x00007f98dc07b000,0x00007f98dc17c000],  sp=0x00007f98dc179ab0,  free space=1018k
Native frames: (J=compiled Java code, j=interpreted, Vv=VM code, C=native code)
C  [libc.so.6+0x81ddb]  fclose+0xb

Java frames: (J=compiled Java code, j=interpreted, Vv=VM code)
j  org.apache.hadoop.hdds.utils.db.managed.ManagedSSTDumpTool.runInternal([Ljava/lang/String;JJ)I+0
j  org.apache.hadoop.hdds.utils.db.managed.ManagedSSTDumpTool.lambda$run$0([Ljava/lang/String;Lorg/apache/hadoop/hdds/utils/db/managed/ManagedOptions;Lorg/apache/hadoop/hdds/utils/db/managed/PipeInputStream;)Ljava/lang/Integer;+27
j  org.apache.hadoop.hdds.utils.db.managed.ManagedSSTDumpTool$$Lambda$470.call()Ljava/lang/Object;+16
j  java.util.concurrent.FutureTask.run()V+42
j  java.util.concurrent.ThreadPoolExecutor.runWorker(Ljava/util/concurrent/ThreadPoolExecutor$Worker;)V+95
j  java.util.concurrent.ThreadPoolExecutor$Worker.run()V+5
j  java.lang.Thread.run()V+11
v  ~StubRoutines::call_stub

---------------  P R O C E S S  ---------------

Java Threads: ( => current thread )
=>0x00007f9900b9b800 JavaThread "pool-5-thread-1" [_thread_in_native, id=7904, stack(0x00007f98dc07b000,0x00007f98dc17c000)]
  0x00007f9900b14800 JavaThread "process reaper" daemon [_thread_blocked, id=7888, stack(0x00007f98dd017000,0x00007f98dd050000)]
  0x00007f9900871000 JavaThread "surefire-forkedjvm-command-thread" daemon [_thread_in_native, id=7886, stack(0x00007f98de0aa000,0x00007f98de1ab000)]
  0x00007f990073b800 JavaThread "Service Thread" daemon [_thread_blocked, id=7884, stack(0x00007f98de4b6000,0x00007f98de5b7000)]
  0x00007f9900738800 JavaThread "C1 CompilerThread1" daemon [_thread_blocked, id=7883, stack(0x00007f98de5b8000,0x00007f98de6b8000)]
  0x00007f9900747800 JavaThread "C2 CompilerThread0" daemon [_thread_in_native, id=7882, stack(0x00007f98de6b9000,0x00007f98de7b9000)]
  0x00007f9900140000 JavaThread "Signal Dispatcher" daemon [_thread_blocked, id=7881, stack(0x00007f98df09c000,0x00007f98df19d000)]
  0x00007f990010b000 JavaThread "Finalizer" daemon [_thread_blocked, id=7880, stack(0x00007f98df5f6000,0x00007f98df6f7000)]
  0x00007f9900106800 JavaThread "Reference Handler" daemon [_thread_blocked, id=7879, stack(0x00007f98df6f7000,0x00007f98df7f8000)]
  0x00007f990000c000 JavaThread "main" [_thread_in_native, id=7875, stack(0x00007f99061e3000,0x00007f99062e3000)]

Other Threads:
  0x00007f99000fc800 VMThread [stack: 0x00007f98df7f9000,0x00007f98df8f9000] [id=7878]
  0x00007f99007ce800 WatcherThread [stack: 0x00007f98de3b6000,0x00007f98de4b6000] [id=7885]

VM state:not at safepoint (normal execution)

VM Mutex/Monitor currently owned by a thread: None

heap address: 0x00000006c0000000, size: 4096 MB, Compressed Oops mode: Zero based, Oop shift amount: 3
Narrow klass base: 0x0000000000000000, Narrow klass shift: 3
Compressed class space size: 1073741824 Address: 0x00000007c0000000

Heap:
 PSYoungGen      total 60928K, used 18767K [0x000000076ab00000, 0x000000076eb00000, 0x00000007c0000000)
  eden space 56320K, 25% used [0x000000076ab00000,0x000000076b8d4e68,0x000000076e200000)
  from space 4608K, 99% used [0x000000076e680000,0x000000076eaff098,0x000000076eb00000)
  to   space 4608K, 0% used [0x000000076e200000,0x000000076e200000,0x000000076e680000)
 ParOldGen       total 75264K, used 5341K [0x00000006c0000000, 0x00000006c4980000, 0x000000076ab00000)
  object space 75264K, 7% used [0x00000006c0000000,0x00000006c0537718,0x00000006c4980000)
 Metaspace       used 14433K, capacity 15928K, committed 16256K, reserved 1062912K
  class space    used 1808K, capacity 2094K, committed 2176K, reserved 1048576K

Card table byte_map: [0x00007f9904d93000,0x00007f9905594000] byte_map_base: 0x00007f9901793000

Marking Bits: (ParMarkBitMap*) 0x00007f990746b740
 Begin Bits: [0x00007f98e9000000, 0x00007f98ed000000)
 End Bits:   [0x00007f98ed000000, 0x00007f98f1000000)

Polling page: 0x00007f99078fb000

CodeCache: size=245760Kb used=6139Kb max_used=6139Kb free=239620Kb
 bounds [0x00007f98f1000000, 0x00007f98f1610000, 0x00007f9900000000]
 total_blobs=2342 nmethods=1919 adapters=336
 compilation: enabled

Compilation events (10 events):
Event: 1.613 Thread 0x00007f9900738800 nmethod 1910 0x00007f98f15fb250 code [0x00007f98f15fb3c0, 0x00007f98f15fb788]
Event: 1.617 Thread 0x00007f9900747800 1918       4       sun.misc.URLClassPath::getResource (83 bytes)
Event: 1.621 Thread 0x00007f9900738800 1917   !   3       java.lang.reflect.Executable::declaredAnnotations (82 bytes)
Event: 1.621 Thread 0x00007f9900738800 nmethod 1917 0x00007f98f15fa2d0 code [0x00007f98f15fa4c0, 0x00007f98f15fade8]
Event: 1.625 Thread 0x00007f9900738800 1920       3       sun.misc.ProxyGenerator::code_aload (11 bytes)
Event: 1.625 Thread 0x00007f9900738800 nmethod 1920 0x00007f98f1600690 code [0x00007f98f1600800, 0x00007f98f16009a8]
Event: 1.629 Thread 0x00007f9900738800 1921       3       java.lang.Object::finalize (1 bytes)
Event: 1.629 Thread 0x00007f9900738800 nmethod 1921 0x00007f98f1600a50 code [0x00007f98f1600ba0, 0x00007f98f1600cf0]
Event: 1.629 Thread 0x00007f9900738800 1922       3       org.jacoco.agent.rt.internal_43f5073.asm.ClassReader::readClass (7 bytes)
Event: 1.630 Thread 0x00007f9900738800 nmethod 1922 0x00007f98f1600d50 code [0x00007f98f1600f00, 0x00007f98f16013e8]

GC Heap History (8 events):
Event: 0.554 GC heap before
{Heap before GC invocations=1 (full 0):
 PSYoungGen      total 32768K, used 28160K [0x000000076ab00000, 0x000000076cf80000, 0x00000007c0000000)
  eden space 28160K, 100% used [0x000000076ab00000,0x000000076c680000,0x000000076c680000)
  from space 4608K, 0% used [0x000000076cb00000,0x000000076cb00000,0x000000076cf80000)
  to   space 4608K, 0% used [0x000000076c680000,0x000000076c680000,0x000000076cb00000)
 ParOldGen       total 75264K, used 0K [0x00000006c0000000, 0x00000006c4980000, 0x000000076ab00000)
  object space 75264K, 0% used [0x00000006c0000000,0x00000006c0000000,0x00000006c4980000)
 Metaspace       used 6615K, capacity 6796K, committed 7040K, reserved 1056768K
  class space    used 735K, capacity 794K, committed 896K, reserved 1048576K
Event: 0.558 GC heap after
Heap after GC invocations=1 (full 0):
 PSYoungGen      total 32768K, used 2795K [0x000000076ab00000, 0x000000076cf80000, 0x00000007c0000000)
  eden space 28160K, 0% used [0x000000076ab00000,0x000000076ab00000,0x000000076c680000)
  from space 4608K, 60% used [0x000000076c680000,0x000000076c93ac30,0x000000076cb00000)
  to   space 4608K, 0% used [0x000000076cb00000,0x000000076cb00000,0x000000076cf80000)
 ParOldGen       total 75264K, used 0K [0x00000006c0000000, 0x00000006c4980000, 0x000000076ab00000)
  object space 75264K, 0% used [0x00000006c0000000,0x00000006c0000000,0x00000006c4980000)
 Metaspace       used 6615K, capacity 6796K, committed 7040K, reserved 1056768K
  class space    used 735K, capacity 794K, committed 896K, reserved 1048576K
}
Event: 0.737 GC heap before
{Heap before GC invocations=2 (full 0):
 PSYoungGen      total 32768K, used 30955K [0x000000076ab00000, 0x000000076cf80000, 0x00000007c0000000)
  eden space 28160K, 100% used [0x000000076ab00000,0x000000076c680000,0x000000076c680000)
  from space 4608K, 60% used [0x000000076c680000,0x000000076c93ac30,0x000000076cb00000)
  to   space 4608K, 0% used [0x000000076cb00000,0x000000076cb00000,0x000000076cf80000)
 ParOldGen       total 75264K, used 0K [0x00000006c0000000, 0x00000006c4980000, 0x000000076ab00000)
  object space 75264K, 0% used [0x00000006c0000000,0x00000006c0000000,0x00000006c4980000)
 Metaspace       used 9443K, capacity 9956K, committed 9984K, reserved 1058816K
  class space    used 1151K, capacity 1276K, committed 1280K, reserved 1048576K
Event: 0.741 GC heap after
Heap after GC invocations=2 (full 0):
 PSYoungGen      total 32768K, used 3150K [0x000000076ab00000, 0x000000076eb00000, 0x00000007c0000000)
  eden space 28160K, 0% used [0x000000076ab00000,0x000000076ab00000,0x000000076c680000)
  from space 4608K, 68% used [0x000000076cb00000,0x000000076ce13be0,0x000000076cf80000)
  to   space 4608K, 0% used [0x000000076c680000,0x000000076c680000,0x000000076cb00000)
 ParOldGen       total 75264K, used 8K [0x00000006c0000000, 0x00000006c4980000, 0x000000076ab00000)
  object space 75264K, 0% used [0x00000006c0000000,0x00000006c0002000,0x00000006c4980000)
 Metaspace       used 9443K, capacity 9956K, committed 9984K, reserved 1058816K
  class space    used 1151K, capacity 1276K, committed 1280K, reserved 1048576K
}
Event: 0.986 GC heap before
{Heap before GC invocations=3 (full 0):
 PSYoungGen      total 32768K, used 31310K [0x000000076ab00000, 0x000000076eb00000, 0x00000007c0000000)
  eden space 28160K, 100% used [0x000000076ab00000,0x000000076c680000,0x000000076c680000)
  from space 4608K, 68% used [0x000000076cb00000,0x000000076ce13be0,0x000000076cf80000)
  to   space 4608K, 0% used [0x000000076c680000,0x000000076c680000,0x000000076cb00000)
 ParOldGen       total 75264K, used 8K [0x00000006c0000000, 0x00000006c4980000, 0x000000076ab00000)
  object space 75264K, 0% used [0x00000006c0000000,0x00000006c0002000,0x00000006c4980000)
 Metaspace       used 11888K, capacity 13200K, committed 13440K, reserved 1060864K
  class space    used 1539K, capacity 1814K, committed 1920K, reserved 1048576K
Event: 0.989 GC heap after
Heap after GC invocations=3 (full 0):
 PSYoungGen      total 32768K, used 3459K [0x000000076ab00000, 0x000000076eb00000, 0x00000007c0000000)
  eden space 28160K, 0% used [0x000000076ab00000,0x000000076ab00000,0x000000076c680000)
  from space 4608K, 75% used [0x000000076c680000,0x000000076c9e0c98,0x000000076cb00000)
  to   space 4608K, 0% used [0x000000076e680000,0x000000076e680000,0x000000076eb00000)
 ParOldGen       total 75264K, used 16K [0x00000006c0000000, 0x00000006c4980000, 0x000000076ab00000)
  object space 75264K, 0% used [0x00000006c0000000,0x00000006c0004000,0x00000006c4980000)
 Metaspace       used 11888K, capacity 13200K, committed 13440K, reserved 1060864K
  class space    used 1539K, capacity 1814K, committed 1920K, reserved 1048576K
}
Event: 1.509 GC heap before
{Heap before GC invocations=4 (full 0):
 PSYoungGen      total 32768K, used 31619K [0x000000076ab00000, 0x000000076eb00000, 0x00000007c0000000)
  eden space 28160K, 100% used [0x000000076ab00000,0x000000076c680000,0x000000076c680000)
  from space 4608K, 75% used [0x000000076c680000,0x000000076c9e0c98,0x000000076cb00000)
  to   space 4608K, 0% used [0x000000076e680000,0x000000076e680000,0x000000076eb00000)
 ParOldGen       total 75264K, used 16K [0x00000006c0000000, 0x00000006c4980000, 0x000000076ab00000)
  object space 75264K, 0% used [0x00000006c0000000,0x00000006c0004000,0x00000006c4980000)
 Metaspace       used 13761K, capacity 15270K, committed 15360K, reserved 1062912K
  class space    used 1741K, capacity 2029K, committed 2048K, reserved 1048576K
Event: 1.518 GC heap after
Heap after GC invocations=4 (full 0):
 PSYoungGen      total 60928K, used 4604K [0x000000076ab00000, 0x000000076eb00000, 0x00000007c0000000)
  eden space 56320K, 0% used [0x000000076ab00000,0x000000076ab00000,0x000000076e200000)
  from space 4608K, 99% used [0x000000076e680000,0x000000076eaff098,0x000000076eb00000)
  to   space 4608K, 0% used [0x000000076e200000,0x000000076e200000,0x000000076e680000)
 ParOldGen       total 75264K, used 5341K [0x00000006c0000000, 0x00000006c4980000, 0x000000076ab00000)
  object space 75264K, 7% used [0x00000006c0000000,0x00000006c0537718,0x00000006c4980000)
 Metaspace       used 13761K, capacity 15270K, committed 15360K, reserved 1062912K
  class space    used 1741K, capacity 2029K, committed 2048K, reserved 1048576K
}

Deoptimization events (10 events):
Event: 1.339 Thread 0x00007f990000c000 Uncommon trap: reason=speculate_class_check action=maybe_recompile pc=0x00007f98f15264a4 method=java.nio.charset.CharsetDecoder.replaceWith(Ljava/lang/String;)Ljava/nio/charset/CharsetDecoder; @ 63
Event: 1.339 Thread 0x00007f990000c000 Uncommon trap: reason=class_check action=maybe_recompile pc=0x00007f98f152a6f0 method=java.lang.StringCoding.decode(Ljava/nio/charset/Charset;[BII)[C @ 1
Event: 1.339 Thread 0x00007f990000c000 Uncommon trap: reason=speculate_class_check action=maybe_recompile pc=0x00007f98f15264a4 method=java.nio.charset.CharsetDecoder.replaceWith(Ljava/lang/String;)Ljava/nio/charset/CharsetDecoder; @ 63
Event: 1.347 Thread 0x00007f990000c000 Uncommon trap: reason=class_check action=maybe_recompile pc=0x00007f98f152a6f0 method=java.lang.StringCoding.decode(Ljava/nio/charset/Charset;[BII)[C @ 1
Event: 1.347 Thread 0x00007f990000c000 Uncommon trap: reason=speculate_class_check action=maybe_recompile pc=0x00007f98f15264a4 method=java.nio.charset.CharsetDecoder.replaceWith(Ljava/lang/String;)Ljava/nio/charset/CharsetDecoder; @ 63
Event: 1.347 Thread 0x00007f990000c000 Uncommon trap: reason=class_check action=maybe_recompile pc=0x00007f98f152d88c method=java.lang.StringCoding.decode(Ljava/nio/charset/Charset;[BII)[C @ 1
Event: 1.347 Thread 0x00007f990000c000 Uncommon trap: reason=speculate_class_check action=maybe_recompile pc=0x00007f98f15264a4 method=java.nio.charset.CharsetDecoder.replaceWith(Ljava/lang/String;)Ljava/nio/charset/CharsetDecoder; @ 63
Event: 1.354 Thread 0x00007f990000c000 Uncommon trap: reason=unstable_if action=reinterpret pc=0x00007f98f1528c90 method=org.apache.hadoop.hdds.utils.db.managed.ManagedSSTDumpIterator.checkSanityOfProcess()V @ 46
Event: 1.362 Thread 0x00007f990000c000 Uncommon trap: reason=unstable_if action=reinterpret pc=0x00007f98f1525098 method=org.apache.commons.lang3.tuple.Pair.equals(Ljava/lang/Object;)Z @ 32
Event: 1.519 Thread 0x00007f990010b000 Uncommon trap: reason=unstable_if action=reinterpret pc=0x00007f98f146fb14 method=java.lang.ThreadLocal.get()Ljava/lang/Object; @ 11

Classes redefined (0 events):
No events

Internal exceptions (10 events):
Event: 1.629 Thread 0x00007f990010b000 Exception <a 'java/lang/NoClassDefFoundError': org/apache/hadoop/hdds/utils/db/managed/ManagedRocksObjectUtils> (0x000000076b6cf550) thrown at [/home/jenkins/workspace/build-scripts/jobs/release/jobs/jdk8u/jdk8u-release-linux-x64-temurin/workspace/build/s
Event: 1.629 Thread 0x00007f990010b000 Exception <a 'java/lang/NoClassDefFoundError': org/apache/hadoop/hdds/utils/db/managed/ManagedRocksObjectUtils> (0x000000076b6cf800) thrown at [/home/jenkins/workspace/build-scripts/jobs/release/jobs/jdk8u/jdk8u-release-linux-x64-temurin/workspace/build/s
Event: 1.629 Thread 0x00007f990010b000 Exception <a 'java/lang/NoClassDefFoundError': org/apache/hadoop/hdds/utils/db/managed/ManagedRocksObjectUtils> (0x000000076b6cfab0) thrown at [/home/jenkins/workspace/build-scripts/jobs/release/jobs/jdk8u/jdk8u-release-linux-x64-temurin/workspace/build/s
Event: 1.629 Thread 0x00007f990010b000 Exception <a 'java/lang/NoClassDefFoundError': org/apache/hadoop/hdds/utils/db/managed/ManagedRocksObjectUtils> (0x000000076b6cfd60) thrown at [/home/jenkins/workspace/build-scripts/jobs/release/jobs/jdk8u/jdk8u-release-linux-x64-temurin/workspace/build/s
Event: 1.629 Thread 0x00007f990010b000 Exception <a 'java/lang/NoClassDefFoundError': org/apache/hadoop/hdds/utils/db/managed/ManagedRocksObjectUtils> (0x000000076b6d0010) thrown at [/home/jenkins/workspace/build-scripts/jobs/release/jobs/jdk8u/jdk8u-release-linux-x64-temurin/workspace/build/s
Event: 1.629 Thread 0x00007f990010b000 Exception <a 'java/lang/NoClassDefFoundError': org/apache/hadoop/hdds/utils/db/managed/ManagedRocksObjectUtils> (0x000000076b6d02c0) thrown at [/home/jenkins/workspace/build-scripts/jobs/release/jobs/jdk8u/jdk8u-release-linux-x64-temurin/workspace/build/s
Event: 1.629 Thread 0x00007f990010b000 Exception <a 'java/lang/NoClassDefFoundError': org/apache/hadoop/hdds/utils/db/managed/ManagedRocksObjectUtils> (0x000000076b6d0570) thrown at [/home/jenkins/workspace/build-scripts/jobs/release/jobs/jdk8u/jdk8u-release-linux-x64-temurin/workspace/build/s
Event: 1.629 Thread 0x00007f990010b000 Exception <a 'java/lang/NoClassDefFoundError': org/apache/hadoop/hdds/utils/db/managed/ManagedRocksObjectUtils> (0x000000076b6d0820) thrown at [/home/jenkins/workspace/build-scripts/jobs/release/jobs/jdk8u/jdk8u-release-linux-x64-temurin/workspace/build/s
Event: 1.629 Thread 0x00007f990010b000 Exception <a 'java/lang/NoClassDefFoundError': org/apache/hadoop/hdds/utils/db/managed/ManagedRocksObjectUtils> (0x000000076b6d0ad0) thrown at [/home/jenkins/workspace/build-scripts/jobs/release/jobs/jdk8u/jdk8u-release-linux-x64-temurin/workspace/build/s
Event: 1.629 Thread 0x00007f990010b000 Exception <a 'java/lang/NoClassDefFoundError': org/apache/hadoop/hdds/utils/db/managed/ManagedRocksObjectUtils> (0x000000076b6d0d80) thrown at [/home/jenkins/workspace/build-scripts/jobs/release/jobs/jdk8u/jdk8u-release-linux-x64-temurin/workspace/build/s

Events (10 events):
Event: 1.619 Thread 0x00007f990000c000 DEOPT PACKING pc=0x00007f98f150d284 sp=0x00007f99062dd4e0
Event: 1.619 Thread 0x00007f990000c000 DEOPT UNPACKING pc=0x00007f98f10474c4 sp=0x00007f99062dd238 mode 0
Event: 1.621 Executing VM operation: Deoptimize
Event: 1.623 Executing VM operation: Deoptimize done
Event: 1.627 loading class org/apache/hadoop/hdds/utils/db/managed/ManagedRocksObjectUtils
Event: 1.627 loading class org/apache/hadoop/hdds/utils/db/managed/ManagedRocksObjectUtils done
Event: 1.628 loading class java/io/InterruptedIOException
Event: 1.628 loading class java/io/InterruptedIOException done
Event: 1.629 loading class org/apache/hadoop/hdds/utils/db/managed/ManagedRocksObjectUtils
Event: 1.629 loading class org/apache/hadoop/hdds/utils/db/managed/ManagedRocksObjectUtils done


Dynamic libraries:
6c0000000-6c4980000 rw-p 00000000 00:00 0 
6c4980000-76ab00000 ---p 00000000 00:00 0 
76ab00000-76eb00000 rw-p 00000000 00:00 0 
76eb00000-7c0000000 ---p 00000000 00:00 0 
7c0000000-7c0220000 rw-p 00000000 00:00 0 
7c0220000-800000000 ---p 00000000 00:00 0 
55a99fa00000-55a99fa01000 r-xp 00000000 08:11 4140414                    /usr/lib/jvm/temurin-8-jdk-amd64/jre/bin/java
55a99fc00000-55a99fc01000 r--p 00000000 08:11 4140414                    /usr/lib/jvm/temurin-8-jdk-amd64/jre/bin/java
55a99fc01000-55a99fc02000 rw-p 00001000 08:11 4140414                    /usr/lib/jvm/temurin-8-jdk-amd64/jre/bin/java
55a9a1515000-55a9a1a89000 rw-p 00000000 00:00 0                          [heap]
7f98dc07b000-7f98dc07e000 ---p 00000000 00:00 0 
7f98dc07e000-7f98dc33c000 rw-p 00000000 00:00 0 
7f98dc33c000-7f98dc37c000 ---p 00000000 00:00 0 
7f98dc37c000-7f98dcde4000 r-xp 00000000 08:11 149055                     /tmp/librocksdbjni8315682581297420032.so
7f98dcde4000-7f98dcfe4000 ---p 00a68000 08:11 149055                     /tmp/librocksdbjni8315682581297420032.so
7f98dcfe4000-7f98dd003000 r--p 00a68000 08:11 149055                     /tmp/librocksdbjni8315682581297420032.so
7f98dd003000-7f98dd010000 rw-p 00a87000 08:11 149055                     /tmp/librocksdbjni8315682581297420032.so
7f98dd010000-7f98dd017000 rw-p 00000000 00:00 0 
7f98dd017000-7f98dd01a000 ---p 00000000 00:00 0 
7f98dd01a000-7f98dd050000 rw-p 00000000 00:00 0 
7f98dd050000-7f98dd061000 r--s 001c5000 08:11 4140508                    /usr/lib/jvm/temurin-8-jdk-amd64/jre/lib/jsse.jar
7f98dd061000-7f98dd064000 r--p 00000000 08:11 4763                       /usr/lib/x86_64-linux-gnu/libgcc_s.so.1
7f98dd064000-7f98dd076000 r-xp 00003000 08:11 4763                       /usr/lib/x86_64-linux-gnu/libgcc_s.so.1
7f98dd076000-7f98dd07a000 r--p 00015000 08:11 4763                       /usr/lib/x86_64-linux-gnu/libgcc_s.so.1
7f98dd07a000-7f98dd07b000 r--p 00018000 08:11 4763                       /usr/lib/x86_64-linux-gnu/libgcc_s.so.1
7f98dd07b000-7f98dd07c000 rw-p 00019000 08:11 4763                       /usr/lib/x86_64-linux-gnu/libgcc_s.so.1
7f98dd07c000-7f98dd112000 r--p 00000000 08:11 4762                       /usr/lib/x86_64-linux-gnu/libstdc++.so.6.0.28
7f98dd112000-7f98dd203000 r-xp 00096000 08:11 4762                       /usr/lib/x86_64-linux-gnu/libstdc++.so.6.0.28
7f98dd203000-7f98dd24c000 r--p 00187000 08:11 4762                       /usr/lib/x86_64-linux-gnu/libstdc++.so.6.0.28
7f98dd24c000-7f98dd24d000 ---p 001d0000 08:11 4762                       /usr/lib/x86_64-linux-gnu/libstdc++.so.6.0.28
7f98dd24d000-7f98dd258000 r--p 001d0000 08:11 4762                       /usr/lib/x86_64-linux-gnu/libstdc++.so.6.0.28
7f98dd258000-7f98dd25b000 rw-p 001db000 08:11 4762                       /usr/lib/x86_64-linux-gnu/libstdc++.so.6.0.28
7f98dd25b000-7f98dd25e000 rw-p 00000000 00:00 0 
7f98dd26d000-7f98dd42f000 r--p 00000000 08:11 149050                     /home/runner/work/ozone/ozone/hadoop-hdds/rocks-native/target/native/rocksdb/libozone_rocksdb_tools.so
7f98dd42f000-7f98ddb77000 r-xp 001c2000 08:11 149050                     /home/runner/work/ozone/ozone/hadoop-hdds/rocks-native/target/native/rocksdb/libozone_rocksdb_tools.so
7f98ddb77000-7f98ddc7b000 r--p 0090a000 08:11 149050                     /home/runner/work/ozone/ozone/hadoop-hdds/rocks-native/target/native/rocksdb/libozone_rocksdb_tools.so
7f98ddc7b000-7f98ddc7c000 ---p 00a0e000 08:11 149050                     /home/runner/work/ozone/ozone/hadoop-hdds/rocks-native/target/native/rocksdb/libozone_rocksdb_tools.so
7f98ddc7c000-7f98ddc95000 r--p 00a0e000 08:11 149050                     /home/runner/work/ozone/ozone/hadoop-hdds/rocks-native/target/native/rocksdb/libozone_rocksdb_tools.so
7f98ddc95000-7f98ddca0000 rw-p 00a27000 08:11 149050                     /home/runner/work/ozone/ozone/hadoop-hdds/rocks-native/target/native/rocksdb/libozone_rocksdb_tools.so
7f98ddca0000-7f98ddeaa000 rw-p 00000000 00:00 0 
7f98ddeaa000-7f98de0aa000 rw-p 00000000 00:00 0 
7f98de0aa000-7f98de0ad000 ---p 00000000 00:00 0 
7f98de0ad000-7f98de1ab000 rw-p 00000000 00:00 0 
7f98de1ab000-7f98de1b3000 r-xp 00000000 08:11 4140452                    /usr/lib/jvm/temurin-8-jdk-amd64/jre/lib/amd64/libmanagement.so
7f98de1b3000-7f98de3b3000 ---p 00008000 08:11 4140452                    /usr/lib/jvm/temurin-8-jdk-amd64/jre/lib/amd64/libmanagement.so
7f98de3b3000-7f98de3b4000 r--p 00008000 08:11 4140452                    /usr/lib/jvm/temurin-8-jdk-amd64/jre/lib/amd64/libmanagement.so
7f98de3b4000-7f98de3b5000 rw-p 00009000 08:11 4140452                    /usr/lib/jvm/temurin-8-jdk-amd64/jre/lib/amd64/libmanagement.so
7f98de3b5000-7f98de3b6000 ---p 00000000 00:00 0 
7f98de3b6000-7f98de4b6000 rw-p 00000000 00:00 0 
7f98de4b6000-7f98de4b9000 ---p 00000000 00:00 0 
7f98de4b9000-7f98de5b7000 rw-p 00000000 00:00 0 
7f98de5b7000-7f98de5b8000 ---p 00000000 00:00 0 
7f98de5b8000-7f98de5bb000 ---p 00000000 00:00 0 
7f98de5bb000-7f98de6b8000 rw-p 00000000 00:00 0 
7f98de6b8000-7f98de6b9000 ---p 00000000 00:00 0 
7f98de6b9000-7f98de6bc000 ---p 00000000 00:00 0 
7f98de6bc000-7f98de7b9000 rw-p 00000000 00:00 0 
7f98de7b9000-7f98de7c0000 r--s 000d3000 08:11 4140507                    /usr/lib/jvm/temurin-8-jdk-amd64/jre/lib/jfr.jar
7f98de7c0000-7f98de7d8000 r-xp 00000000 08:11 4140454                    /usr/lib/jvm/temurin-8-jdk-amd64/jre/lib/amd64/libnet.so
7f98de7d8000-7f98de9d7000 ---p 00018000 08:11 4140454                    /usr/lib/jvm/temurin-8-jdk-amd64/jre/lib/amd64/libnet.so
7f98de9d7000-7f98de9d8000 r--p 00017000 08:11 4140454                    /usr/lib/jvm/temurin-8-jdk-amd64/jre/lib/amd64/libnet.so
7f98de9d8000-7f98de9d9000 rw-p 00018000 08:11 4140454                    /usr/lib/jvm/temurin-8-jdk-amd64/jre/lib/amd64/libnet.so
7f98de9d9000-7f98de9ea000 r-xp 00000000 08:11 4140455                    /usr/lib/jvm/temurin-8-jdk-amd64/jre/lib/amd64/libnio.so
7f98de9ea000-7f98debe9000 ---p 00011000 08:11 4140455                    /usr/lib/jvm/temurin-8-jdk-amd64/jre/lib/amd64/libnio.so
7f98debe9000-7f98debea000 r--p 00010000 08:11 4140455                    /usr/lib/jvm/temurin-8-jdk-amd64/jre/lib/amd64/libnio.so
7f98debea000-7f98debeb000 rw-p 00011000 08:11 4140455                    /usr/lib/jvm/temurin-8-jdk-amd64/jre/lib/amd64/libnio.so
7f98debeb000-7f98debf1000 r--s 0003f000 08:11 135629                     /home/runner/.m2/repository/org/jacoco/org.jacoco.agent/0.8.5/org.jacoco.agent-0.8.5-runtime.jar
7f98debf1000-7f98debf3000 r--s 0000f000 08:11 131591                     /home/runner/.m2/repository/org/junit/vintage/junit-vintage-engine/5.8.2/junit-vintage-engine-5.8.2.jar
7f98debf3000-7f98debf8000 r--s 00034000 08:11 131577                     /home/runner/.m2/repository/org/junit/jupiter/junit-jupiter-engine/5.8.2/junit-jupiter-engine-5.8.2.jar
7f98debf8000-7f98debfd000 r--s 00029000 08:11 131626                     /home/runner/.m2/repository/org/junit/platform/junit-platform-engine/1.8.2/junit-platform-engine-1.8.2.jar
7f98debfd000-7f98dec01000 r--s 00023000 08:11 131610                     /home/runner/.m2/repository/org/junit/platform/junit-platform-launcher/1.8.2/junit-platform-launcher-1.8.2.jar
7f98dec01000-7f98dec02000 r--s 00003000 08:11 135009                     /home/runner/.m2/repository/org/apache/maven/surefire/common-java5/3.0.0-M5/common-java5-3.0.0-M5.jar
7f98dec02000-7f98dec03000 r--s 00005000 08:11 135045                     /home/runner/.m2/repository/org/apache/maven/surefire/surefire-junit-platform/3.0.0-M5/surefire-junit-platform-3.0.0-M5.jar
7f98dec03000-7f98dec05000 r--s 00009000 08:11 137708                     /home/runner/.m2/repository/org/hamcrest/hamcrest-core/1.3/hamcrest-core-1.3.jar
7f98dec05000-7f98dec0f000 r--s 00054000 08:11 131541                     /home/runner/.m2/repository/junit/junit/4.13.1/junit-4.13.1.jar
7f98dec0f000-7f98dec10000 r--s 00000000 08:11 136201                     /home/runner/.m2/repository/org/mockito/mockito-inline/3.5.9/mockito-inline-3.5.9.jar
7f98dec10000-7f98dec12000 r--s 00005000 08:11 136562                     /home/runner/.m2/repository/org/objenesis/objenesis/1.0/objenesis-1.0.jar
7f98dec12000-7f98dec15000 r--s 0003d000 08:11 139492                     /home/runner/.m2/repository/net/bytebuddy/byte-buddy-agent/1.10.13/byte-buddy-agent-1.10.13.jar
7f98dec15000-7f98dec5f000 r--s 00308000 08:11 139513                     /home/runner/.m2/repository/net/bytebuddy/byte-buddy/1.10.13/byte-buddy-1.10.13.jar
7f98dec5f000-7f98dec71000 r--s 00092000 08:11 136187                     /home/runner/.m2/repository/org/mockito/mockito-core/3.5.9/mockito-core-3.5.9.jar
7f98dec71000-7f98dec72000 r--s 00001000 08:11 136205                     /home/runner/.m2/repository/org/mockito/mockito-junit-jupiter/3.5.9/mockito-junit-jupiter-3.5.9.jar
7f98dec72000-7f98dec7e000 r--s 00081000 08:11 131567                     /home/runner/.m2/repository/org/junit/jupiter/junit-jupiter-params/5.8.2/junit-jupiter-params-5.8.2.jar
7f98dec7e000-7f98dec7f000 r--s 00001000 08:11 136549                     /home/runner/.m2/repository/org/apiguardian/apiguardian-api/1.1.2/apiguardian-api-1.1.2.jar
7f98dec7f000-7f98dec81000 r--s 00017000 08:11 131601                     /home/runner/.m2/repository/org/junit/platform/junit-platform-commons/1.8.2/junit-platform-commons-1.8.2.jar
7f98dec81000-7f98dec82000 r--s 00001000 08:11 137726                     /home/runner/.m2/repository/org/opentest4j/opentest4j/1.2.0/opentest4j-1.2.0.jar
7f98dec82000-7f98dec88000 r--s 0002a000 08:11 131558                     /home/runner/.m2/repository/org/junit/jupiter/junit-jupiter-api/5.8.2/junit-jupiter-api-5.8.2.jar
7f98dec88000-7f98dec8b000 r--s 00006000 08:11 138933                     /home/runner/.m2/repository/com/google/code/findbugs/jsr305/3.0.0/jsr305-3.0.0.jar
7f98dec8b000-7f98dec8d000 r--s 00002000 08:11 139058                     /home/runner/.m2/repository/com/github/spotbugs/spotbugs-annotations/3.1.12/spotbugs-annotations-3.1.12.jar
7f98dec8d000-7f98dec96000 r--s 00086000 08:11 135832                     /home/runner/.m2/repository/org/eclipse/jetty/jetty-util/9.4.51.v20230217/jetty-util-9.4.51.v20230217.jar
7f98dec96000-7f98dec9a000 r--s 00029000 08:11 135914                     /home/runner/.m2/repository/org/eclipse/jetty/jetty-io/9.4.51.v20230217/jetty-io-9.4.51.v20230217.jar
7f98dec9a000-7f98dec9e000 r--s 0001b000 08:11 137717                     /home/runner/.m2/repository/org/hamcrest/hamcrest/2.1/hamcrest-2.1.jar
7f98dec9e000-7f98deca1000 r--s 00015000 08:11 138107                     /home/runner/.m2/repository/org/awaitility/awaitility/4.2.0/awaitility-4.2.0.jar
7f98deca1000-7f98deca7000 r--s 036fe000 08:11 136104                     /home/runner/.m2/repository/org/rocksdb/rocksdbjni/7.7.3/rocksdbjni-7.7.3.jar
7f98deca7000-7f98deca9000 r--s 00006000 08:11 140169                     /home/runner/.m2/repository/io/grpc/grpc-context/1.51.1/grpc-context-1.51.1.jar
7f98deca9000-7f98decaf000 r--s 0003a000 08:11 140126                     /home/runner/.m2/repository/io/grpc/grpc-api/1.51.1/grpc-api-1.51.1.jar
7f98decaf000-7f98decc2000 r--s 00156000 08:11 133149                     /home/runner/.m2/repository/org/apache/hadoop/thirdparty/hadoop-shaded-protobuf_3_7/1.1.1/hadoop-shaded-protobuf_3_7-1.1.1.jar
7f98decc2000-7f98deccc000 r--s 000aa000 08:11 135662                     /home/runner/.m2/repository/org/javassist/javassist/3.21.0-GA/javassist-3.21.0-GA.jar
7f98deccc000-7f98deccf000 r--s 0001d000 08:11 135710                     /home/runner/.m2/repository/org/reflections/reflections/0.9.11/reflections-0.9.11.jar
7f98deccf000-7f98decd6000 r--s 0004b000 08:11 135719                     /home/runner/.m2/repository/org/yaml/snakeyaml/2.0/snakeyaml-2.0.jar
7f98decd6000-7f98decd7000 r--s 00002000 08:11 140077                     /home/runner/.m2/repository/io/opentracing/opentracing-noop/0.33.0/opentracing-noop-0.33.0.jar
7f98decd7000-7f98decd9000 r--s 00003000 08:11 140102                     /home/runner/.m2/repository/io/opentracing/opentracing-api/0.33.0/opentracing-api-0.33.0.jar
7f98decd9000-7f98decda000 r--s 00001000 08:11 140090                     /home/runner/.m2/repository/io/opentracing/opentracing-util/0.33.0/opentracing-util-0.33.0.jar
7f98decda000-7f98decdc000 r--s 00003000 08:11 135541                     /home/runner/.m2/repository/org/jetbrains/annotations/13.0/annotations-13.0.jar
7f98decdc000-7f98dece4000 r--s 00029000 08:11 135526                     /home/runner/.m2/repository/org/jetbrains/kotlin/kotlin-stdlib-common/1.6.21/kotlin-stdlib-common-1.6.21.jar
7f98dece4000-7f98decf9000 r--s 0015c000 08:11 135532                     /home/runner/.m2/repository/org/jetbrains/kotlin/kotlin-stdlib/1.6.21/kotlin-stdlib-1.6.21.jar
7f98decf9000-7f98decfa000 r--s 00001000 08:11 140081                     /home/runner/.m2/repository/io/opentracing/contrib/opentracing-tracerresolver/0.1.8/opentracing-tracerresolver-0.1.8.jar
7f98decfa000-7f98decfb000 r--s 00000000 08:11 140056                     /home/runner/.m2/repository/io/jaegertracing/jaeger-tracerresolver/1.6.0/jaeger-tracerresolver-1.6.0.jar
7f98decfb000-7f98ded01000 r--s 00037000 08:11 138923                     /home/runner/.m2/repository/com/google/code/gson/gson/2.9.0/gson-2.9.0.jar
7f98ded01000-7f98ded05000 r--s 00020000 08:11 140043                     /home/runner/.m2/repository/io/jaegertracing/jaeger-core/1.6.0/jaeger-core-1.6.0.jar
7f98ded05000-7f98ded06000 r--s 00000000 08:11 135513                     /home/runner/.m2/repository/org/jetbrains/kotlin/kotlin-stdlib-jdk7/1.8.0/kotlin-stdlib-jdk7-1.8.0.jar
7f98ded06000-7f98ded07000 r--s 00000000 08:11 135518                     /home/runner/.m2/repository/org/jetbrains/kotlin/kotlin-stdlib-jdk8/1.8.0/kotlin-stdlib-jdk8-1.8.0.jar
7f98ded07000-7f98ded0a000 r--s 00055000 08:11 139038                     /home/runner/.m2/repository/com/squareup/okio/okio-jvm/3.4.0/okio-jvm-3.4.0.jar
7f98ded0a000-7f98ded0c000 r--s 00005000 08:11 139025                     /home/runner/.m2/repository/com/squareup/okio/okio/3.4.0/okio-3.4.0.jar
7f98ded0c000-7f98ded15000 r--s 000b9000 08:11 139019                     /home/runner/.m2/repository/com/squareup/okhttp3/okhttp/4.9.3/okhttp-4.9.3.jar
7f98ded15000-7f98ded1c000 r--s 00044000 08:11 131668                     /home/runner/.m2/repository/org/apache/thrift/libthrift/0.14.1/libthrift-0.14.1.jar
7f98ded1c000-7f98ded2b000 r--s 0009e000 08:11 140054                     /home/runner/.m2/repository/io/jaegertracing/jaeger-thrift/1.6.0/jaeger-thrift-1.6.0.jar
7f98ded2b000-7f98ded2c000 r--s 00000000 08:11 140036                     /home/runner/.m2/repository/io/jaegertracing/jaeger-client/1.6.0/jaeger-client-1.6.0.jar
7f98ded2c000-7f98ded39000 r--s 00083000 08:11 139672                     /home/runner/.m2/repository/commons-collections/commons-collections/3.2.2/commons-collections-3.2.2.jar
7f98ded39000-7f98ded3d000 r--s 00020000 08:11 139424                     /home/runner/.m2/repository/commons-digester/commons-digester/1.8.1/commons-digester-1.8.1.jar
7f98ded3d000-7f98ded42000 r--s 00038000 08:11 138331                     /home/runner/.m2/repository/commons-beanutils/commons-beanutils/1.9.4/commons-beanutils-1.9.4.jar
7f98ded42000-7f98ded46000 r--s 0002a000 08:11 139602                     /home/runner/.m2/repository/commons-validator/commons-validator/1.6/commons-validator-1.6.jar
7f98ded46000-7f98dedc0000 r--s 00536000 08:11 135625                     /home/runner/.m2/repository/org/bouncycastle/bcprov-jdk15on/1.67/bcprov-jdk15on-1.67.jar
7f98dedc0000-7f98dedd4000 r--s 000c5000 08:11 135612                     /home/runner/.m2/repository/org/bouncycastle/bcpkix-jdk15on/1.67/bcpkix-jdk15on-1.67.jar
7f98dedd4000-7f98dedd7000 r--s 0001d000 08:11 132650                     /home/runner/.m2/repository/org/apache/commons/commons-pool2/2.6.0/commons-pool2-2.6.0.jar
7f98dedd7000-7f98dedda000 r--s 00020000 08:11 131726                     /home/runner/.m2/repository/org/apache/ratis/ratis-grpc/2.5.1/ratis-grpc-2.5.1.jar
7f98dedda000-7f98deddd000 r--s 0001a000 08:11 131899                     /home/runner/.m2/repository/org/apache/ratis/ratis-netty/2.5.1/ratis-netty-2.5.1.jar
7f98deddd000-7f98deddf000 r--s 00005000 08:11 131775                     /home/runner/.m2/repository/org/apache/ratis/ratis-metrics/2.5.1/ratis-metrics-2.5.1.jar
7f98deddf000-7f98dede3000 r--s 00014000 08:11 131832                     /home/runner/.m2/repository/org/apache/ratis/ratis-server-api/2.5.1/ratis-server-api-2.5.1.jar
7f98dede3000-7f98dede6000 r--s 0001a000 08:11 131868                     /home/runner/.m2/repository/org/apache/ratis/ratis-client/2.5.1/ratis-client-2.5.1.jar
7f98dede6000-7f98deded000 r--s 0004d000 08:11 131853                     /home/runner/.m2/repository/org/apache/ratis/ratis-common/2.5.1/ratis-common-2.5.1.jar
7f98deded000-7f98dedfe000 r--s 00149000 08:11 131762                     /home/runner/.m2/repository/org/apache/ratis/ratis-proto/2.5.1/ratis-proto-2.5.1.jar
7f98dedfe000-7f98deef6000 r--s 00f58000 08:11 131909                     /home/runner/.m2/repository/org/apache/ratis/ratis-thirdparty-misc/1.0.4/ratis-thirdparty-misc-1.0.4.jar
7f98deef6000-7f98deefc000 r--s 00068000 08:11 131795                     /home/runner/.m2/repository/org/apache/ratis/ratis-server/2.5.1/ratis-server-2.5.1.jar
7f98deefc000-7f98def00000 r--s 0001e000 08:11 139750                     /home/runner/.m2/repository/io/dropwizard/metrics/metrics-core/3.2.4/metrics-core-3.2.4.jar
7f98def00000-7f98def02000 r--s 00005000 08:11 138246                     /home/runner/.m2/repository/javax/annotation/javax.annotation-api/1.2/javax.annotation-api-1.2.jar
7f98def02000-7f98def19000 r--s 0015f000 08:11 139168                     /home/runner/.m2/repository/com/fasterxml/jackson/core/jackson-databind/2.13.4.2/jackson-databind-2.13.4.2.jar
7f98def19000-7f98def1e000 r--s 00057000 08:11 139160                     /home/runner/.m2/repository/com/fasterxml/jackson/core/jackson-core/2.13.4/jackson-core-2.13.4.jar
7f98def1e000-7f98def21000 r--s 0001b000 08:11 139213                     /home/runner/.m2/repository/com/fasterxml/jackson/datatype/jackson-datatype-jsr310/2.13.4/jackson-datatype-jsr310-2.13.4.jar
7f98def21000-7f98def24000 r--s 00010000 08:11 139143                     /home/runner/.m2/repository/com/fasterxml/jackson/core/jackson-annotations/2.13.4/jackson-annotations-2.13.4.jar
7f98def24000-7f98def2c000 r--s 0007b000 08:11 139004                     /home/runner/.m2/repository/com/google/protobuf/protobuf-java/2.5.0/protobuf-java-2.5.0.jar
7f98def2c000-7f98def32000 r--s 0005d000 08:11 139316                     /home/runner/.m2/repository/info/picocli/picocli/4.6.1/picocli-4.6.1.jar
7f98def32000-7f98def7d000 r--s 005b9000 08:11 132957                     /home/runner/.m2/repository/org/apache/hadoop/hadoop-hdfs/3.3.6/hadoop-hdfs-3.3.6.jar
7f98def7d000-7f98def80000 r--s 001de000 08:11 136125                     /home/runner/.m2/repository/org/xerial/snappy/snappy-java/1.1.8.2/snappy-java-1.1.8.2.jar
7f98def80000-7f98def86000 r--s 0007a000 08:11 139101                     /home/runner/.m2/repository/com/fasterxml/woodstox/woodstox-core/5.4.0/woodstox-core-5.4.0.jar
7f98def86000-7f98def8a000 r--s 0002c000 08:11 136573                     /home/runner/.m2/repository/org/codehaus/woodstox/stax2-api/4.2.1/stax2-api-4.2.1.jar
7f98def8a000-7f98def8c000 r--s 00017000 08:11 132122                     /home/runner/.m2/repository/org/apache/kerby/kerby-asn1/1.0.1/kerby-asn1-1.0.1.jar
7f98def8c000-7f98defdd000 r--s 002e4000 08:11 133157                     /home/runner/.m2/repository/org/apache/hadoop/thirdparty/hadoop-shaded-guava/1.1.1/hadoop-shaded-guava-1.1.1.jar
7f98defdd000-7f98df022000 r--s 0041f000 08:11 133133                     /home/runner/.m2/repository/org/apache/hadoop/hadoop-common/3.3.6/hadoop-common-3.3.6.jar
7f98df022000-7f98df09c000 r--s 01107000 08:11 4140548                    /usr/lib/jvm/temurin-8-jdk-amd64/lib/tools.jar
7f98df09c000-7f98df09f000 ---p 00000000 00:00 0 
7f98df09f000-7f98df19d000 rw-p 00000000 00:00 0 
7f98df19d000-7f98df310000 r--p 00000000 08:11 6151                       /usr/lib/locale/C.UTF-8/LC_COLLATE
7f98df310000-7f98df5f6000 r--p 00000000 08:11 6146                       /usr/lib/locale/locale-archive
7f98df5f6000-7f98df5f9000 ---p 00000000 00:00 0 
7f98df5f9000-7f98df6f7000 rw-p 00000000 00:00 0 
7f98df6f7000-7f98df6fa000 ---p 00000000 00:00 0 
7f98df6fa000-7f98df7f8000 rw-p 00000000 00:00 0 
7f98df7f8000-7f98df7f9000 ---p 00000000 00:00 0 
7f98df7f9000-7f98e0000000 rw-p 00000000 00:00 0 
7f98e0000000-7f98e023b000 rw-p 00000000 00:00 0 
7f98e023b000-7f98e4000000 ---p 00000000 00:00 0 
7f98e4000000-7f98e492b000 rw-p 00000000 00:00 0 
7f98e492b000-7f98e8000000 ---p 00000000 00:00 0 
7f98e8000000-7f98f1000000 rw-p 00000000 00:00 0 
7f98f1000000-7f98f1610000 rwxp 00000000 00:00 0 
7f98f1610000-7f9900000000 ---p 00000000 00:00 0 
7f9900000000-7f9900ee4000 rw-p 00000000 00:00 0 
7f9900ee4000-7f9904000000 ---p 00000000 00:00 0 
7f9904000000-7f9904001000 r--s 00009000 08:11 132085                     /home/runner/.m2/repository/org/apache/kerby/kerby-util/1.0.1/kerby-util-1.0.1.jar
7f9904001000-7f9904008000 r--s 0002b000 08:11 132082                     /home/runner/.m2/repository/org/apache/kerby/kerby-pkix/1.0.1/kerby-pkix-1.0.1.jar
7f9904008000-7f990400f000 r--s 00031000 08:11 132092                     /home/runner/.m2/repository/org/apache/kerby/kerb-core/1.0.1/kerb-core-1.0.1.jar
7f990400f000-7f9904011000 r--s 00018000 08:11 133016                     /home/runner/.m2/repository/org/apache/hadoop/hadoop-auth/3.3.6/hadoop-auth-3.3.6.jar
7f9904011000-7f9904013000 r--s 0001e000 08:11 138915                     /home/runner/.m2/repository/com/google/re2j/re2j/1.1/re2j-1.1.jar
7f9904013000-7f990401f000 r--s 0008b000 08:11 132586                     /home/runner/.m2/repository/org/apache/commons/commons-configuration2/2.1.1/commons-configuration2-2.1.1.jar
7f990401f000-7f9904021000 r--s 0000a000 08:11 138151                     /home/runner/.m2/repository/jakarta/activation/jakarta.activation-api/1.2.2/jakarta.activation-api-1.2.2.jar
7f9904021000-7f9904029000 r--s 00049000 08:11 132276                     /home/runner/.m2/repository/org/apache/httpcomponents/httpcore/4.4.13/httpcore-4.4.13.jar
7f9904029000-7f9904036000 r--s 000b2000 08:11 132201                     /home/runner/.m2/repository/org/apache/httpcomponents/httpclient/4.5.13/httpclient-4.5.13.jar
7f9904036000-7f9904038000 r--s 00005000 08:11 132894                     /home/runner/.m2/repository/org/apache/hadoop/hadoop-annotations/3.3.6/hadoop-annotations-3.3.6.jar
7f9904038000-7f990403e000 r--s 00044000 08:11 132339                     /home/runner/.m2/repository/org/apache/logging/log4j/log4j-api/2.17.1/log4j-api-2.17.1.jar
7f990403e000-7f9904040000 r--s 00009000 08:11 136304                     /home/runner/.m2/repository/org/slf4j/slf4j-api/1.7.36/slf4j-api-1.7.36.jar
7f9904040000-7f9904048000 r--s 00072000 08:11 132624                     /home/runner/.m2/repository/org/apache/commons/commons-lang3/3.7/commons-lang3-3.7.jar
7f9904048000-7f990404f000 r--s 0004b000 08:11 140229                     /home/runner/.m2/repository/ch/qos/reload4j/reload4j/1.2.22/reload4j-1.2.22.jar
7f990404f000-7f9904051000 r--s 0000e000 08:11 139342                     /home/runner/.m2/repository/commons-logging/commons-logging/1.2/commons-logging-1.2.jar
7f9904051000-7f9904057000 r--s 0004a000 08:11 140179                     /home/runner/.m2/repository/commons-io/commons-io/2.11.0/commons-io-2.11.0.jar
7f9904057000-7f9904059000 r--s 00001000 08:11 138688                     /home/runner/.m2/repository/com/google/j2objc/j2objc-annotations/2.8/j2objc-annotations-2.8.jar
7f9904059000-7f990405b000 r--s 00002000 08:11 138682                     /home/runner/.m2/repository/com/google/errorprone/error_prone_annotations/2.2.0/error_prone_annotations-2.2.0.jar
7f990405b000-7f9904067000 r--s 0002b000 08:11 135598                     /home/runner/.m2/repository/org/checkerframework/checker-qual/3.33.0/checker-qual-3.33.0.jar
7f9904067000-7f9904068000 r--s 00000000 08:11 138735                     /home/runner/.m2/repository/com/google/guava/listenablefuture/9999.0-empty-to-avoid-conflict-with-guava/listenablefuture-9999.0-empty-to-avoid-conflict-with-guava.jar
7f9904068000-7f990406a000 r--s 00000000 08:11 138729                     /home/runner/.m2/repository/com/google/guava/failureaccess/1.0.1/failureaccess-1.0.1.jar
7f990406a000-7f990409d000 r--s 002b2000 08:11 138749                     /home/runner/.m2/repository/com/google/guava/guava/32.0.0-jre/guava-32.0.0-jre.jar
7f990409d000-7f99040bf000 r--s 001a5000 08:11 135008                     /home/runner/.m2/repository/org/apache/maven/surefire/surefire-shared-utils/3.0.0-M4/surefire-shared-utils-3.0.0-M4.jar
7f99040bf000-7f99040c1000 r--s 00002000 08:11 135050                     /home/runner/.m2/repository/org/apache/maven/surefire/surefire-logger-api/3.0.0-M5/surefire-logger-api-3.0.0-M5.jar
7f99040c1000-7f99040c6000 r--s 0001f000 08:11 135014                     /home/runner/.m2/repository/org/apache/maven/surefire/surefire-api/3.0.0-M5/surefire-api-3.0.0-M5.jar
7f99040c6000-7f99040f8000 r--p 00000000 08:11 6152                       /usr/lib/locale/C.UTF-8/LC_CTYPE
7f99040f8000-7f9904348000 rw-p 00000000 00:00 0 
7f9904348000-7f990451a000 r--s 03cc6000 08:11 4140522                    /usr/lib/jvm/temurin-8-jdk-amd64/jre/lib/rt.jar
7f990451a000-7f990463b000 rw-p 00000000 00:00 0 
7f990463b000-7f990463c000 ---p 00000000 00:00 0 
7f990463c000-7f990473c000 rw-p 00000000 00:00 0 
7f990473c000-7f990473d000 ---p 00000000 00:00 0 
7f990473d000-7f9904862000 rw-p 00000000 00:00 0 
7f9904862000-7f9904d93000 ---p 00000000 00:00 0 
7f9904d93000-7f9904db8000 rw-p 00000000 00:00 0 
7f9904db8000-7f99052e8000 ---p 00000000 00:00 0 
7f99052e8000-7f9905309000 rw-p 00000000 00:00 0 
7f9905309000-7f9905593000 ---p 00000000 00:00 0 
7f9905593000-7f99055ad000 rw-p 00000000 00:00 0 
7f99055ad000-7f9905954000 ---p 00000000 00:00 0 
7f9905954000-7f990596f000 r-xp 00000000 08:11 4140463                    /usr/lib/jvm/temurin-8-jdk-amd64/jre/lib/amd64/libzip.so
7f990596f000-7f9905b6e000 ---p 0001b000 08:11 4140463                    /usr/lib/jvm/temurin-8-jdk-amd64/jre/lib/amd64/libzip.so
7f9905b6e000-7f9905b6f000 r--p 0001a000 08:11 4140463                    /usr/lib/jvm/temurin-8-jdk-amd64/jre/lib/amd64/libzip.so
7f9905b6f000-7f9905b70000 rw-p 0001b000 08:11 4140463                    /usr/lib/jvm/temurin-8-jdk-amd64/jre/lib/amd64/libzip.so
7f9905b70000-7f9905b73000 r--p 00000000 08:11 4772                       /usr/lib/x86_64-linux-gnu/libnss_files-2.31.so
7f9905b73000-7f9905b7a000 r-xp 00003000 08:11 4772                       /usr/lib/x86_64-linux-gnu/libnss_files-2.31.so
7f9905b7a000-7f9905b7c000 r--p 0000a000 08:11 4772                       /usr/lib/x86_64-linux-gnu/libnss_files-2.31.so
7f9905b7c000-7f9905b7d000 r--p 0000b000 08:11 4772                       /usr/lib/x86_64-linux-gnu/libnss_files-2.31.so
7f9905b7d000-7f9905b7e000 rw-p 0000c000 08:11 4772                       /usr/lib/x86_64-linux-gnu/libnss_files-2.31.so
7f9905b7e000-7f9905b84000 rw-p 00000000 00:00 0 
7f9905b84000-7f9905b85000 r--s 00001000 08:11 135022                     /home/runner/.m2/repository/org/apache/maven/surefire/surefire-extensions-spi/3.0.0-M5/surefire-extensions-spi-3.0.0-M5.jar
7f9905b85000-7f9905b87000 r--s 00018000 08:11 135033                     /home/runner/.m2/repository/org/apache/maven/surefire/surefire-booter/3.0.0-M5/surefire-booter-3.0.0-M5.jar
7f9905b87000-7f9905b88000 r--s 00002000 08:11 149051                     /home/runner/work/ozone/ozone/hadoop-hdds/rocks-native/target/surefire/surefirebooter7699290642203183253.jar
7f9905b88000-7f9905b89000 r--p 00000000 08:11 6157                       /usr/lib/locale/C.UTF-8/LC_NUMERIC
7f9905b89000-7f9905b8a000 r--p 00000000 08:11 6160                       /usr/lib/locale/C.UTF-8/LC_TIME
7f9905b8a000-7f9905b8b000 r--p 00000000 08:11 6155                       /usr/lib/locale/C.UTF-8/LC_MONETARY
7f9905b8b000-7f9905b8c000 r--p 00000000 08:11 6149                       /usr/lib/locale/C.UTF-8/LC_MESSAGES/SYS_LC_MESSAGES
7f9905b8c000-7f9905b93000 r--s 00000000 08:11 3769                       /usr/lib/x86_64-linux-gnu/gconv/gconv-modules.cache
7f9905b93000-7f9905b9d000 r-xp 00000000 08:11 4140437                    /usr/lib/jvm/temurin-8-jdk-amd64/jre/lib/amd64/libinstrument.so
7f9905b9d000-7f9905d9c000 ---p 0000a000 08:11 4140437                    /usr/lib/jvm/temurin-8-jdk-amd64/jre/lib/amd64/libinstrument.so
7f9905d9c000-7f9905d9d000 r--p 00009000 08:11 4140437                    /usr/lib/jvm/temurin-8-jdk-amd64/jre/lib/amd64/libinstrument.so
7f9905d9d000-7f9905d9e000 rw-p 0000a000 08:11 4140437                    /usr/lib/jvm/temurin-8-jdk-amd64/jre/lib/amd64/libinstrument.so
7f9905d9e000-7f9905dc7000 r-xp 00000000 08:11 4140442                    /usr/lib/jvm/temurin-8-jdk-amd64/jre/lib/amd64/libjava.so
7f9905dc7000-7f9905fc6000 ---p 00029000 08:11 4140442                    /usr/lib/jvm/temurin-8-jdk-amd64/jre/lib/amd64/libjava.so
7f9905fc6000-7f9905fc7000 r--p 00028000 08:11 4140442                    /usr/lib/jvm/temurin-8-jdk-amd64/jre/lib/amd64/libjava.so
7f9905fc7000-7f9905fc9000 rw-p 00029000 08:11 4140442                    /usr/lib/jvm/temurin-8-jdk-amd64/jre/lib/amd64/libjava.so
7f9905fc9000-7f9905fd6000 r-xp 00000000 08:11 4140462                    /usr/lib/jvm/temurin-8-jdk-amd64/jre/lib/amd64/libverify.so
7f9905fd6000-7f99061d5000 ---p 0000d000 08:11 4140462                    /usr/lib/jvm/temurin-8-jdk-amd64/jre/lib/amd64/libverify.so
7f99061d5000-7f99061d7000 r--p 0000c000 08:11 4140462                    /usr/lib/jvm/temurin-8-jdk-amd64/jre/lib/amd64/libverify.so
7f99061d7000-7f99061d8000 rw-p 0000e000 08:11 4140462                    /usr/lib/jvm/temurin-8-jdk-amd64/jre/lib/amd64/libverify.so
7f99061d8000-7f99061da000 r--p 00000000 08:11 4779                       /usr/lib/x86_64-linux-gnu/librt-2.31.so
7f99061da000-7f99061de000 r-xp 00002000 08:11 4779                       /usr/lib/x86_64-linux-gnu/librt-2.31.so
7f99061de000-7f99061e0000 r--p 00006000 08:11 4779                       /usr/lib/x86_64-linux-gnu/librt-2.31.so
7f99061e0000-7f99061e1000 r--p 00007000 08:11 4779                       /usr/lib/x86_64-linux-gnu/librt-2.31.so
7f99061e1000-7f99061e2000 rw-p 00008000 08:11 4779                       /usr/lib/x86_64-linux-gnu/librt-2.31.so
7f99061e2000-7f99061e3000 ---p 00000000 00:00 0 
7f99061e3000-7f99061e6000 ---p 00000000 00:00 0 
7f99061e6000-7f99062e3000 rw-p 00000000 00:00 0 
7f99062e3000-7f99062f0000 r--p 00000000 08:11 4766                       /usr/lib/x86_64-linux-gnu/libm-2.31.so
7f99062f0000-7f9906397000 r-xp 0000d000 08:11 4766                       /usr/lib/x86_64-linux-gnu/libm-2.31.so
7f9906397000-7f9906430000 r--p 000b4000 08:11 4766                       /usr/lib/x86_64-linux-gnu/libm-2.31.so
7f9906430000-7f9906431000 r--p 0014c000 08:11 4766                       /usr/lib/x86_64-linux-gnu/libm-2.31.so
7f9906431000-7f9906432000 rw-p 0014d000 08:11 4766                       /usr/lib/x86_64-linux-gnu/libm-2.31.so
7f9906432000-7f9907195000 r-xp 00000000 08:11 4140466                    /usr/lib/jvm/temurin-8-jdk-amd64/jre/lib/amd64/server/libjvm.so
7f9907195000-7f9907395000 ---p 00d63000 08:11 4140466                    /usr/lib/jvm/temurin-8-jdk-amd64/jre/lib/amd64/server/libjvm.so
7f9907395000-7f990742c000 r--p 00d63000 08:11 4140466                    /usr/lib/jvm/temurin-8-jdk-amd64/jre/lib/amd64/server/libjvm.so
7f990742c000-7f9907455000 rw-p 00dfa000 08:11 4140466                    /usr/lib/jvm/temurin-8-jdk-amd64/jre/lib/amd64/server/libjvm.so
7f9907455000-7f990748a000 rw-p 00000000 00:00 0 
7f990748a000-7f99074ac000 r--p 00000000 08:11 4761                       /usr/lib/x86_64-linux-gnu/libc-2.31.so
7f99074ac000-7f9907624000 r-xp 00022000 08:11 4761                       /usr/lib/x86_64-linux-gnu/libc-2.31.so
7f9907624000-7f9907672000 r--p 0019a000 08:11 4761                       /usr/lib/x86_64-linux-gnu/libc-2.31.so
7f9907672000-7f9907676000 r--p 001e7000 08:11 4761                       /usr/lib/x86_64-linux-gnu/libc-2.31.so
7f9907676000-7f9907678000 rw-p 001eb000 08:11 4761                       /usr/lib/x86_64-linux-gnu/libc-2.31.so
7f9907678000-7f990767c000 rw-p 00000000 00:00 0 
7f990767c000-7f990767d000 r--p 00000000 08:11 4765                       /usr/lib/x86_64-linux-gnu/libdl-2.31.so
7f990767d000-7f990767f000 r-xp 00001000 08:11 4765                       /usr/lib/x86_64-linux-gnu/libdl-2.31.so
7f990767f000-7f9907680000 r--p 00003000 08:11 4765                       /usr/lib/x86_64-linux-gnu/libdl-2.31.so
7f9907680000-7f9907681000 r--p 00003000 08:11 4765                       /usr/lib/x86_64-linux-gnu/libdl-2.31.so
7f9907681000-7f9907682000 rw-p 00004000 08:11 4765                       /usr/lib/x86_64-linux-gnu/libdl-2.31.so
7f9907682000-7f990769a000 r-xp 00000000 08:11 4140428                    /usr/lib/jvm/temurin-8-jdk-amd64/jre/lib/amd64/jli/libjli.so
7f990769a000-7f9907899000 ---p 00018000 08:11 4140428                    /usr/lib/jvm/temurin-8-jdk-amd64/jre/lib/amd64/jli/libjli.so
7f9907899000-7f990789a000 r--p 00017000 08:11 4140428                    /usr/lib/jvm/temurin-8-jdk-amd64/jre/lib/amd64/jli/libjli.so
7f990789a000-7f990789b000 rw-p 00018000 08:11 4140428                    /usr/lib/jvm/temurin-8-jdk-amd64/jre/lib/amd64/jli/libjli.so
7f990789b000-7f99078a1000 r--p 00000000 08:11 4777                       /usr/lib/x86_64-linux-gnu/libpthread-2.31.so
7f99078a1000-7f99078b2000 r-xp 00006000 08:11 4777                       /usr/lib/x86_64-linux-gnu/libpthread-2.31.so
7f99078b2000-7f99078b8000 r--p 00017000 08:11 4777                       /usr/lib/x86_64-linux-gnu/libpthread-2.31.so
7f99078b8000-7f99078b9000 r--p 0001c000 08:11 4777                       /usr/lib/x86_64-linux-gnu/libpthread-2.31.so
7f99078b9000-7f99078ba000 rw-p 0001d000 08:11 4777                       /usr/lib/x86_64-linux-gnu/libpthread-2.31.so
7f99078ba000-7f99078be000 rw-p 00000000 00:00 0 
7f99078be000-7f99078bf000 r--p 00000000 08:11 6158                       /usr/lib/locale/C.UTF-8/LC_PAPER
7f99078bf000-7f99078c0000 r--p 00000000 08:11 6156                       /usr/lib/locale/C.UTF-8/LC_NAME
7f99078c0000-7f99078c1000 r--p 00000000 08:11 6150                       /usr/lib/locale/C.UTF-8/LC_ADDRESS
7f99078c1000-7f99078c2000 r--p 00000000 08:11 6159                       /usr/lib/locale/C.UTF-8/LC_TELEPHONE
7f99078c2000-7f99078c3000 r--p 00000000 08:11 6154                       /usr/lib/locale/C.UTF-8/LC_MEASUREMENT
7f99078c3000-7f99078c4000 r--p 00000000 08:11 6153                       /usr/lib/locale/C.UTF-8/LC_IDENTIFICATION
7f99078c4000-7f99078cc000 rw-s 00000000 08:11 149052                     /tmp/hsperfdata_runner/7872
7f99078cc000-7f99078cf000 rw-p 00000000 00:00 0 
7f99078cf000-7f99078d0000 r--p 00000000 08:11 4745                       /usr/lib/x86_64-linux-gnu/ld-2.31.so
7f99078d0000-7f99078f3000 r-xp 00001000 08:11 4745                       /usr/lib/x86_64-linux-gnu/ld-2.31.so
7f99078f3000-7f99078fb000 r--p 00024000 08:11 4745                       /usr/lib/x86_64-linux-gnu/ld-2.31.so
7f99078fb000-7f99078fc000 r--p 00000000 00:00 0 
7f99078fc000-7f99078fd000 r--p 0002c000 08:11 4745                       /usr/lib/x86_64-linux-gnu/ld-2.31.so
7f99078fd000-7f99078fe000 rw-p 0002d000 08:11 4745                       /usr/lib/x86_64-linux-gnu/ld-2.31.so
7f99078fe000-7f99078ff000 rw-p 00000000 00:00 0 
7ffe0f3d6000-7ffe0f3f8000 rw-p 00000000 00:00 0                          [stack]
7ffe0f3f9000-7ffe0f3fd000 r--p 00000000 00:00 0                          [vvar]
7ffe0f3fd000-7ffe0f3ff000 r-xp 00000000 00:00 0                          [vdso]
ffffffffff600000-ffffffffff601000 --xp 00000000 00:00 0                  [vsyscall]

VM Arguments:
jvm_args: -Xmx4096m -XX:+HeapDumpOnOutOfMemoryError -javaagent:/home/runner/.m2/repository/org/jacoco/org.jacoco.agent/0.8.5/org.jacoco.agent-0.8.5-runtime.jar=destfile=/home/runner/work/ozone/ozone/hadoop-hdds/rocks-native/target/jacoco.exec,includes=org.apache.hadoop.hdds.*:org.apache.hadoop.ozone.*:org.apache.hadoop.fs.ozone.* -Djava.library.path=/home/runner/work/ozone/ozone/hadoop-hdds/rocks-native/target/native/rocksdb 
java_command: /home/runner/work/ozone/ozone/hadoop-hdds/rocks-native/target/surefire/surefirebooter7699290642203183253.jar /home/runner/work/ozone/ozone/hadoop-hdds/rocks-native/target/surefire 2023-09-13T06-19-09_537-jvmRun1 surefire536613015416008224tmp surefire_05654605201906903874tmp
java_class_path (initial): /home/runner/work/ozone/ozone/hadoop-hdds/rocks-native/target/surefire/surefirebooter7699290642203183253.jar:/home/runner/.m2/repository/org/jacoco/org.jacoco.agent/0.8.5/org.jacoco.agent-0.8.5-runtime.jar
Launcher Type: SUN_STANDARD

Environment Variables:
JAVA_HOME=/opt/hostedtoolcache/Java_Temurin-Hotspot_jdk/8.0.382-5/x64
PATH=/opt/hostedtoolcache/Java_Temurin-Hotspot_jdk/8.0.382-5/x64/bin:/home/runner/.local/bin:/opt/pipx_bin:/home/runner/.cargo/bin:/home/runner/.config/composer/vendor/bin:/usr/local/.ghcup/bin:/home/runner/.dotnet/tools:/snap/bin:/usr/local/sbin:/usr/local/bin:/usr/sbin:/usr/bin:/sbin:/bin:/usr/games:/usr/local/games:/snap/bin

Signal Handlers:
SIGSEGV: [libjvm.so+0xb3da20], sa_mask[0]=11111111011111111101111111111110, sa_flags=SA_RESTART|SA_SIGINFO
SIGBUS: [libjvm.so+0xb3da20], sa_mask[0]=11111111011111111101111111111110, sa_flags=SA_RESTART|SA_SIGINFO
SIGFPE: [libjvm.so+0x965910], sa_mask[0]=11111111011111111101111111111110, sa_flags=SA_RESTART|SA_SIGINFO
SIGPIPE: [libjvm.so+0x965910], sa_mask[0]=11111111011111111101111111111110, sa_flags=SA_RESTART|SA_SIGINFO
SIGXFSZ: [libjvm.so+0x965910], sa_mask[0]=11111111011111111101111111111110, sa_flags=SA_RESTART|SA_SIGINFO
SIGILL: [libjvm.so+0x965910], sa_mask[0]=11111111011111111101111111111110, sa_flags=SA_RESTART|SA_SIGINFO
SIGUSR1: SIG_DFL, sa_mask[0]=00000000000000000000000000000000, sa_flags=none
SIGUSR2: [libjvm.so+0x965ec0], sa_mask[0]=00100000000000000000000000000000, sa_flags=SA_RESTART|SA_SIGINFO
SIGHUP: [libjvm.so+0x965e00], sa_mask[0]=11111111011111111101111111111110, sa_flags=SA_RESTART|SA_SIGINFO
SIGINT: [libjvm.so+0x965e00], sa_mask[0]=11111111011111111101111111111110, sa_flags=SA_RESTART|SA_SIGINFO
SIGTERM: [libjvm.so+0x965e00], sa_mask[0]=11111111011111111101111111111110, sa_flags=SA_RESTART|SA_SIGINFO
SIGQUIT: [libjvm.so+0x965e00], sa_mask[0]=11111111011111111101111111111110, sa_flags=SA_RESTART|SA_SIGINFO


---------------  S Y S T E M  ---------------

OS:DISTRIB_ID=Ubuntu
DISTRIB_RELEASE=20.04
DISTRIB_CODENAME=focal
DISTRIB_DESCRIPTION="Ubuntu 20.04.6 LTS"

uname:Linux 5.15.0-1045-azure #52~20.04.1-Ubuntu SMP Fri Aug 18 13:12:32 UTC 2023 x86_64
libc:glibc 2.31 NPTL 2.31 
rlimit: STACK 16384k, CORE 0k, NPROC 27692, NOFILE 65536, AS infinity
load average:1.94 1.86 1.19

/proc/meminfo:
MemTotal:        7098420 kB
MemFree:         1331844 kB
MemAvailable:    4773124 kB
Buffers:          173272 kB
Cached:          3397224 kB
SwapCached:        16872 kB
Active:          1791160 kB
Inactive:        3581420 kB
Active(anon):      47172 kB
Inactive(anon):  1786448 kB
Active(file):    1743988 kB
Inactive(file):  1794972 kB
Unevictable:       29824 kB
Mlocked:           26752 kB
SwapTotal:       4194300 kB
SwapFree:        4104568 kB
Dirty:            465000 kB
Writeback:             0 kB
AnonPages:       1799244 kB
Mapped:           340124 kB
Shmem:             23280 kB
KReclaimable:     211600 kB
Slab:             279388 kB
SReclaimable:     211600 kB
SUnreclaim:        67788 kB
KernelStack:        4432 kB
PageTables:        10972 kB
NFS_Unstable:          0 kB
Bounce:                0 kB
WritebackTmp:          0 kB
CommitLimit:     7743508 kB
Committed_AS:    4896188 kB
VmallocTotal:   34359738367 kB
VmallocUsed:       34288 kB
VmallocChunk:          0 kB
Percpu:             1896 kB
HardwareCorrupted:     0 kB
AnonHugePages:   1304576 kB
ShmemHugePages:        0 kB
ShmemPmdMapped:        0 kB
FileHugePages:         0 kB
FilePmdMapped:         0 kB
HugePages_Total:       0
HugePages_Free:        0
HugePages_Rsvd:        0
HugePages_Surp:        0
Hugepagesize:       2048 kB
Hugetlb:               0 kB
DirectMap4k:      131008 kB
DirectMap2M:     5111808 kB
DirectMap1G:     4194304 kB

container (cgroup) information:
container_type: cgroupv1
cpu_cpuset_cpus: 0-1
cpu_memory_nodes: 0
active_processor_count: 2
cpu_quota: -1
cpu_period: 100000
cpu_shares: -1
memory_limit_in_bytes: -1
memory_and_swap_limit_in_bytes: -1
memory_soft_limit_in_bytes: -1
memory_usage_in_bytes: 5070155776
memory_max_usage_in_bytes: 6312505344


CPU:total 2 (initial active 2) (2 cores per cpu, 1 threads per core) family 6 model 106 stepping 6, cmov, cx8, fxsr, mmx, sse, sse2, sse3, ssse3, sse4.1, sse4.2, popcnt, avx, avx2, aes, clmul, erms, rtm, 3dnowpref, lzcnt, tsc, bmi1, bmi2, adx

/proc/cpuinfo:
processor	: 0
vendor_id	: GenuineIntel
cpu family	: 6
model		: 106
model name	: Intel(R) Xeon(R) Platinum 8370C CPU @ 2.80GHz
stepping	: 6
microcode	: 0xffffffff
cpu MHz		: 2793.435
cache size	: 49152 KB
physical id	: 0
siblings	: 2
core id		: 0
cpu cores	: 2
apicid		: 0
initial apicid	: 0
fpu		: yes
fpu_exception	: yes
cpuid level	: 21
wp		: yes
flags		: fpu vme de pse tsc msr pae mce cx8 apic sep mtrr pge mca cmov pat pse36 clflush mmx fxsr sse sse2 ss ht syscall nx pdpe1gb rdtscp lm constant_tsc rep_good nopl xtopology cpuid pni pclmulqdq ssse3 fma cx16 pcid sse4_1 sse4_2 movbe popcnt aes xsave avx f16c rdrand hypervisor lahf_lm abm 3dnowprefetch invpcid_single pti fsgsbase bmi1 hle avx2 smep bmi2 erms invpcid rtm avx512f avx512dq rdseed adx smap clflushopt avx512cd avx512bw avx512vl xsaveopt xsavec xsaves md_clear
bugs		: cpu_meltdown spectre_v1 spectre_v2 spec_store_bypass l1tf mds swapgs taa itlb_multihit mmio_stale_data gds
bogomips	: 5586.87
clflush size	: 64
cache_alignment	: 64
address sizes	: 46 bits physical, 48 bits virtual
power management:

processor	: 1
vendor_id	: GenuineIntel
cpu family	: 6
model		: 106
model name	: Intel(R) Xeon(R) Platinum 8370C CPU @ 2.80GHz
stepping	: 6
microcode	: 0xffffffff
cpu MHz		: 2793.435
cache size	: 49152 KB
physical id	: 0
siblings	: 2
core id		: 1
cpu cores	: 2
apicid		: 1
initial apicid	: 1
fpu		: yes
fpu_exception	: yes
cpuid level	: 21
wp		: yes
flags		: fpu vme de pse tsc msr pae mce cx8 apic sep mtrr pge mca cmov pat pse36 clflush mmx fxsr sse sse2 ss ht syscall nx pdpe1gb rdtscp lm constant_tsc rep_good nopl xtopology cpuid pni pclmulqdq ssse3 fma cx16 pcid sse4_1 sse4_2 movbe popcnt aes xsave avx f16c rdrand hypervisor lahf_lm abm 3dnowprefetch invpcid_single pti fsgsbase bmi1 hle avx2 smep bmi2 erms invpcid rtm avx512f avx512dq rdseed adx smap clflushopt avx512cd avx512bw avx512vl xsaveopt xsavec xsaves md_clear
bugs		: cpu_meltdown spectre_v1 spectre_v2 spec_store_bypass l1tf mds swapgs taa itlb_multihit mmio_stale_data gds
bogomips	: 5586.87
clflush size	: 64
cache_alignment	: 64
address sizes	: 46 bits physical, 48 bits virtual
power management:



Memory: 4k page, physical 7098420k(1331844k free), swap 4194300k(4104568k free)

vm_info: OpenJDK 64-Bit Server VM (25.382-b05) for linux-amd64 JRE (1.8.0_382-b05), built on Jul 19 2023 15:36:27 by "jenkins" with gcc 7.5.0

time: Wed Sep 13 06:32:19 2023
timezone: UTC
elapsed time: 1.638350 seconds (0d 0h 0m 1s)

