Using Docker Compose v2
Executing test ozone/test-legacy-bucket.sh
Using Docker Compose v2
Error: Could not find or load main class org.apache.ozone.test.JacocoServer
Caused by: java.lang.ClassNotFoundException: org.apache.ozone.test.JacocoServer
Port 9860 is not available on scm yet
Port 9860 is not available on scm yet
Port 9860 is not available on scm yet
Port 9860 is not available on scm yet
Port 9860 is not available on scm yet
Port 9860 is not available on scm yet
Port 9860 is not available on scm yet
Port 9860 is not available on scm yet
Port 9860 is not available on scm yet
Error response from daemon: container 6228258ae07b8caa06c55adb442c7c9d1781f4f62c1479b8f937d2bc87c5f53a is not running
Port 9860 is not available on scm yet
service "scm" is not running
Port 9860 is not available on scm yet
service "scm" is not running
Port 9860 is not available on scm yet
service "scm" is not running
Port 9860 is not available on scm yet
service "scm" is not running
Port 9860 is not available on scm yet
service "scm" is not running
Port 9860 is not available on scm yet
service "scm" is not running
Port 9860 is not available on scm yet
service "scm" is not running
Port 9860 is not available on scm yet
service "scm" is not running
Port 9860 is not available on scm yet
service "scm" is not running
Port 9860 is not available on scm yet
service "scm" is not running
Port 9860 is not available on scm yet
service "scm" is not running
Port 9860 is not available on scm yet
service "scm" is not running
Port 9860 is not available on scm yet
service "scm" is not running
Port 9860 is not available on scm yet
service "scm" is not running
Port 9860 is not available on scm yet
service "scm" is not running
Port 9860 is not available on scm yet
service "scm" is not running
Port 9860 is not available on scm yet
service "scm" is not running
Port 9860 is not available on scm yet
service "scm" is not running
Port 9860 is not available on scm yet
service "scm" is not running
Port 9860 is not available on scm yet
service "scm" is not running
Port 9860 is not available on scm yet
service "scm" is not running
Port 9860 is not available on scm yet
service "scm" is not running
Port 9860 is not available on scm yet
service "scm" is not running
Port 9860 is not available on scm yet
service "scm" is not running
Port 9860 is not available on scm yet
service "scm" is not running
Port 9860 is not available on scm yet
service "scm" is not running
Port 9860 is not available on scm yet
service "scm" is not running
Port 9860 is not available on scm yet
service "scm" is not running
Port 9860 is not available on scm yet
service "scm" is not running
Port 9860 is not available on scm yet
service "scm" is not running
Port 9860 is not available on scm yet
service "scm" is not running
Port 9860 is not available on scm yet
service "scm" is not running
Port 9860 is not available on scm yet
service "scm" is not running
Port 9860 is not available on scm yet
service "scm" is not running
Port 9860 is not available on scm yet
service "scm" is not running
Port 9860 is not available on scm yet
service "scm" is not running
Port 9860 is not available on scm yet
service "scm" is not running
Port 9860 is not available on scm yet
service "scm" is not running
Port 9860 is not available on scm yet
service "scm" is not running
Port 9860 is not available on scm yet
service "scm" is not running
Port 9860 is not available on scm yet
service "scm" is not running
Port 9860 is not available on scm yet
service "scm" is not running
Port 9860 is not available on scm yet
service "scm" is not running
Port 9860 is not available on scm yet
service "scm" is not running
Port 9860 is not available on scm yet
service "scm" is not running
Port 9860 is not available on scm yet
service "scm" is not running
Port 9860 is not available on scm yet
service "scm" is not running
Port 9860 is not available on scm yet
service "scm" is not running
Port 9860 is not available on scm yet
service "scm" is not running
Port 9860 is not available on scm yet
service "scm" is not running
Port 9860 is not available on scm yet
service "scm" is not running
Port 9860 is not available on scm yet
service "scm" is not running
Port 9860 is not available on scm yet
service "scm" is not running
Port 9860 is not available on scm yet
service "scm" is not running
Port 9860 is not available on scm yet
service "scm" is not running
Port 9860 is not available on scm yet
service "scm" is not running
Port 9860 is not available on scm yet
service "scm" is not running
Port 9860 is not available on scm yet
service "scm" is not running
Port 9860 is not available on scm yet
service "scm" is not running
Port 9860 is not available on scm yet
service "scm" is not running
Port 9860 is not available on scm yet
service "scm" is not running
Port 9860 is not available on scm yet
service "scm" is not running
Port 9860 is not available on scm yet
service "scm" is not running
Port 9860 is not available on scm yet
service "scm" is not running
Port 9860 is not available on scm yet
service "scm" is not running
Port 9860 is not available on scm yet
service "scm" is not running
Port 9860 is not available on scm yet
service "scm" is not running
Port 9860 is not available on scm yet
service "scm" is not running
Port 9860 is not available on scm yet
service "scm" is not running
Port 9860 is not available on scm yet
service "scm" is not running
Port 9860 is not available on scm yet
service "scm" is not running
Port 9860 is not available on scm yet
service "scm" is not running
Port 9860 is not available on scm yet
service "scm" is not running
Port 9860 is not available on scm yet
service "scm" is not running
Port 9860 is not available on scm yet
service "scm" is not running
Port 9860 is not available on scm yet
service "scm" is not running
Port 9860 is not available on scm yet
service "scm" is not running
Port 9860 is not available on scm yet
service "scm" is not running
Port 9860 is not available on scm yet
service "scm" is not running
Port 9860 is not available on scm yet
service "scm" is not running
Port 9860 is not available on scm yet
service "scm" is not running
Port 9860 is not available on scm yet
service "scm" is not running
Port 9860 is not available on scm yet
service "scm" is not running
Port 9860 is not available on scm yet
service "scm" is not running
Port 9860 is not available on scm yet
service "scm" is not running
Port 9860 is not available on scm yet
service "scm" is not running
Port 9860 is not available on scm yet
service "scm" is not running
Port 9860 is not available on scm yet
service "scm" is not running
Port 9860 is not available on scm yet
service "scm" is not running
Port 9860 is not available on scm yet
service "scm" is not running
Port 9860 is not available on scm yet
service "scm" is not running
Port 9860 is not available on scm yet
service "scm" is not running
Port 9860 is not available on scm yet
service "scm" is not running
Port 9860 is not available on scm yet
service "scm" is not running
Port 9860 is not available on scm yet
service "scm" is not running
Port 9860 is not available on scm yet
service "scm" is not running
Port 9860 is not available on scm yet
service "scm" is not running
Port 9860 is not available on scm yet
service "scm" is not running
Port 9860 is not available on scm yet
service "scm" is not running
Port 9860 is not available on scm yet
Timed out waiting on scm 9860 to become available
ERROR: Test execution of ozone/test-legacy-bucket.sh is FAILED!!!!
mkdir: created directory '/home/runner/work/ozone/ozone/hadoop-ozone/dist/target/ozone-2.0.0-SNAPSHOT/compose/result/ozone'
mkdir: created directory '/home/runner/work/ozone/ozone/hadoop-ozone/dist/target/ozone-2.0.0-SNAPSHOT/compose/result/ozone/legacy-bucket'
renamed 'ozone/result/docker-ozone-datanode-1.log' -> '/home/runner/work/ozone/ozone/hadoop-ozone/dist/target/ozone-2.0.0-SNAPSHOT/compose/result/ozone/legacy-bucket/docker-ozone-datanode-1.log'
renamed 'ozone/result/docker-ozone-datanode-2.log' -> '/home/runner/work/ozone/ozone/hadoop-ozone/dist/target/ozone-2.0.0-SNAPSHOT/compose/result/ozone/legacy-bucket/docker-ozone-datanode-2.log'
renamed 'ozone/result/docker-ozone-datanode-3.log' -> '/home/runner/work/ozone/ozone/hadoop-ozone/dist/target/ozone-2.0.0-SNAPSHOT/compose/result/ozone/legacy-bucket/docker-ozone-datanode-3.log'
renamed 'ozone/result/docker-ozone-httpfs-1.log' -> '/home/runner/work/ozone/ozone/hadoop-ozone/dist/target/ozone-2.0.0-SNAPSHOT/compose/result/ozone/legacy-bucket/docker-ozone-httpfs-1.log'
renamed 'ozone/result/docker-ozone-om-1.log' -> '/home/runner/work/ozone/ozone/hadoop-ozone/dist/target/ozone-2.0.0-SNAPSHOT/compose/result/ozone/legacy-bucket/docker-ozone-om-1.log'
renamed 'ozone/result/docker-ozone-recon-1.log' -> '/home/runner/work/ozone/ozone/hadoop-ozone/dist/target/ozone-2.0.0-SNAPSHOT/compose/result/ozone/legacy-bucket/docker-ozone-recon-1.log'
renamed 'ozone/result/docker-ozone-s3g-1.log' -> '/home/runner/work/ozone/ozone/hadoop-ozone/dist/target/ozone-2.0.0-SNAPSHOT/compose/result/ozone/legacy-bucket/docker-ozone-s3g-1.log'
renamed 'ozone/result/docker-ozone-scm-1.log' -> '/home/runner/work/ozone/ozone/hadoop-ozone/dist/target/ozone-2.0.0-SNAPSHOT/compose/result/ozone/legacy-bucket/docker-ozone-scm-1.log'
Executing test ozone/test.sh
Using Docker Compose v2
Port 9860 is not available on scm yet
Port 9860 is not available on scm yet
Port 9860 is not available on scm yet
Port 9860 is not available on scm yet
Port 9860 is not available on scm yet
Port 9860 is not available on scm yet
Port 9860 is not available on scm yet
Port 9860 is not available on scm yet
Port 9860 is not available on scm yet
Port 9860 is not available on scm yet
service "scm" is not running
Port 9860 is not available on scm yet
service "scm" is not running
Port 9860 is not available on scm yet
service "scm" is not running
Port 9860 is not available on scm yet
service "scm" is not running
Port 9860 is not available on scm yet
service "scm" is not running
Port 9860 is not available on scm yet
service "scm" is not running
Port 9860 is not available on scm yet
service "scm" is not running
Port 9860 is not available on scm yet
service "scm" is not running
Port 9860 is not available on scm yet
service "scm" is not running
Port 9860 is not available on scm yet
service "scm" is not running
Port 9860 is not available on scm yet
service "scm" is not running
Port 9860 is not available on scm yet
service "scm" is not running
Port 9860 is not available on scm yet
service "scm" is not running
Port 9860 is not available on scm yet
service "scm" is not running
Port 9860 is not available on scm yet
service "scm" is not running
Port 9860 is not available on scm yet
service "scm" is not running
Port 9860 is not available on scm yet
service "scm" is not running
Port 9860 is not available on scm yet
service "scm" is not running
Port 9860 is not available on scm yet
service "scm" is not running
Port 9860 is not available on scm yet
service "scm" is not running
Port 9860 is not available on scm yet
service "scm" is not running
Port 9860 is not available on scm yet
service "scm" is not running
Port 9860 is not available on scm yet
service "scm" is not running
Port 9860 is not available on scm yet
service "scm" is not running
Port 9860 is not available on scm yet
service "scm" is not running
Port 9860 is not available on scm yet
service "scm" is not running
Port 9860 is not available on scm yet
service "scm" is not running
Port 9860 is not available on scm yet
service "scm" is not running
Port 9860 is not available on scm yet
service "scm" is not running
Port 9860 is not available on scm yet
service "scm" is not running
Port 9860 is not available on scm yet
service "scm" is not running
Port 9860 is not available on scm yet
service "scm" is not running
Port 9860 is not available on scm yet
service "scm" is not running
Port 9860 is not available on scm yet
service "scm" is not running
Port 9860 is not available on scm yet
service "scm" is not running
Port 9860 is not available on scm yet
service "scm" is not running
Port 9860 is not available on scm yet
service "scm" is not running
Port 9860 is not available on scm yet
service "scm" is not running
Port 9860 is not available on scm yet
service "scm" is not running
Port 9860 is not available on scm yet
service "scm" is not running
Port 9860 is not available on scm yet
service "scm" is not running
Port 9860 is not available on scm yet
service "scm" is not running
Port 9860 is not available on scm yet
service "scm" is not running
Port 9860 is not available on scm yet
service "scm" is not running
Port 9860 is not available on scm yet
service "scm" is not running
Port 9860 is not available on scm yet
service "scm" is not running
Port 9860 is not available on scm yet
service "scm" is not running
Port 9860 is not available on scm yet
service "scm" is not running
Port 9860 is not available on scm yet
service "scm" is not running
Port 9860 is not available on scm yet
service "scm" is not running
Port 9860 is not available on scm yet
service "scm" is not running
Port 9860 is not available on scm yet
service "scm" is not running
Port 9860 is not available on scm yet
service "scm" is not running
Port 9860 is not available on scm yet
service "scm" is not running
Port 9860 is not available on scm yet
service "scm" is not running
Port 9860 is not available on scm yet
service "scm" is not running
Port 9860 is not available on scm yet
service "scm" is not running
Port 9860 is not available on scm yet
service "scm" is not running
Port 9860 is not available on scm yet
service "scm" is not running
Port 9860 is not available on scm yet
service "scm" is not running
Port 9860 is not available on scm yet
service "scm" is not running
Port 9860 is not available on scm yet
service "scm" is not running
Port 9860 is not available on scm yet
service "scm" is not running
Port 9860 is not available on scm yet
service "scm" is not running
Port 9860 is not available on scm yet
service "scm" is not running
Port 9860 is not available on scm yet
service "scm" is not running
Port 9860 is not available on scm yet
service "scm" is not running
Port 9860 is not available on scm yet
service "scm" is not running
Port 9860 is not available on scm yet
service "scm" is not running
Port 9860 is not available on scm yet
service "scm" is not running
Port 9860 is not available on scm yet
service "scm" is not running
Port 9860 is not available on scm yet
service "scm" is not running
Port 9860 is not available on scm yet
service "scm" is not running
Port 9860 is not available on scm yet
service "scm" is not running
Port 9860 is not available on scm yet
service "scm" is not running
Port 9860 is not available on scm yet
service "scm" is not running
Port 9860 is not available on scm yet
service "scm" is not running
Port 9860 is not available on scm yet
service "scm" is not running
Port 9860 is not available on scm yet
service "scm" is not running
Port 9860 is not available on scm yet
service "scm" is not running
Port 9860 is not available on scm yet
service "scm" is not running
Port 9860 is not available on scm yet
service "scm" is not running
Port 9860 is not available on scm yet
service "scm" is not running
Port 9860 is not available on scm yet
service "scm" is not running
Port 9860 is not available on scm yet
service "scm" is not running
Port 9860 is not available on scm yet
service "scm" is not running
Port 9860 is not available on scm yet
service "scm" is not running
Port 9860 is not available on scm yet
service "scm" is not running
Port 9860 is not available on scm yet
service "scm" is not running
Port 9860 is not available on scm yet
service "scm" is not running
Port 9860 is not available on scm yet
service "scm" is not running
Port 9860 is not available on scm yet
service "scm" is not running
Port 9860 is not available on scm yet
service "scm" is not running
Port 9860 is not available on scm yet
service "scm" is not running
Port 9860 is not available on scm yet
service "scm" is not running
Port 9860 is not available on scm yet
service "scm" is not running
Port 9860 is not available on scm yet
service "scm" is not running
Port 9860 is not available on scm yet
service "scm" is not running
Port 9860 is not available on scm yet
service "scm" is not running
Port 9860 is not available on scm yet
service "scm" is not running
Port 9860 is not available on scm yet
Timed out waiting on scm 9860 to become available
ERROR: Test execution of ozone/test.sh is FAILED!!!!
renamed 'ozone/result/docker-ozone-datanode-1.log' -> '/home/runner/work/ozone/ozone/hadoop-ozone/dist/target/ozone-2.0.0-SNAPSHOT/compose/result/ozone/docker-ozone-datanode-1.log'
renamed 'ozone/result/docker-ozone-datanode-2.log' -> '/home/runner/work/ozone/ozone/hadoop-ozone/dist/target/ozone-2.0.0-SNAPSHOT/compose/result/ozone/docker-ozone-datanode-2.log'
renamed 'ozone/result/docker-ozone-datanode-3.log' -> '/home/runner/work/ozone/ozone/hadoop-ozone/dist/target/ozone-2.0.0-SNAPSHOT/compose/result/ozone/docker-ozone-datanode-3.log'
renamed 'ozone/result/docker-ozone-httpfs-1.log' -> '/home/runner/work/ozone/ozone/hadoop-ozone/dist/target/ozone-2.0.0-SNAPSHOT/compose/result/ozone/docker-ozone-httpfs-1.log'
renamed 'ozone/result/docker-ozone-om-1.log' -> '/home/runner/work/ozone/ozone/hadoop-ozone/dist/target/ozone-2.0.0-SNAPSHOT/compose/result/ozone/docker-ozone-om-1.log'
renamed 'ozone/result/docker-ozone-recon-1.log' -> '/home/runner/work/ozone/ozone/hadoop-ozone/dist/target/ozone-2.0.0-SNAPSHOT/compose/result/ozone/docker-ozone-recon-1.log'
renamed 'ozone/result/docker-ozone-s3g-1.log' -> '/home/runner/work/ozone/ozone/hadoop-ozone/dist/target/ozone-2.0.0-SNAPSHOT/compose/result/ozone/docker-ozone-s3g-1.log'
renamed 'ozone/result/docker-ozone-scm-1.log' -> '/home/runner/work/ozone/ozone/hadoop-ozone/dist/target/ozone-2.0.0-SNAPSHOT/compose/result/ozone/docker-ozone-scm-1.log'
removed directory '/tmp/robot-data-m1rwek'
