Using Docker Compose v2
Executing test ozone/test-ec.sh
Using Docker Compose v2
Error: Could not find or load main class org.apache.ozone.test.JacocoServer
Caused by: java.lang.ClassNotFoundException: org.apache.ozone.test.JacocoServer
Port 9860 is not available on scm yet
Port 9860 is not available on scm yet
Port 9860 is not available on scm yet
Port 9860 is not available on scm yet
Port 9860 is not available on scm yet
Port 9860 is not available on scm yet
Port 9860 is not available on scm yet
Port 9860 is not available on scm yet
Port 9860 is not available on scm yet
service "scm" is not running
Port 9860 is not available on scm yet
service "scm" is not running
Port 9860 is not available on scm yet
service "scm" is not running
Port 9860 is not available on scm yet
service "scm" is not running
Port 9860 is not available on scm yet
service "scm" is not running
Port 9860 is not available on scm yet
service "scm" is not running
Port 9860 is not available on scm yet
service "scm" is not running
Port 9860 is not available on scm yet
service "scm" is not running
Port 9860 is not available on scm yet
service "scm" is not running
Port 9860 is not available on scm yet
service "scm" is not running
Port 9860 is not available on scm yet
service "scm" is not running
Port 9860 is not available on scm yet
service "scm" is not running
Port 9860 is not available on scm yet
service "scm" is not running
Port 9860 is not available on scm yet
service "scm" is not running
Port 9860 is not available on scm yet
service "scm" is not running
Port 9860 is not available on scm yet
service "scm" is not running
Port 9860 is not available on scm yet
service "scm" is not running
Port 9860 is not available on scm yet
service "scm" is not running
Port 9860 is not available on scm yet
service "scm" is not running
Port 9860 is not available on scm yet
service "scm" is not running
Port 9860 is not available on scm yet
service "scm" is not running
Port 9860 is not available on scm yet
service "scm" is not running
Port 9860 is not available on scm yet
service "scm" is not running
Port 9860 is not available on scm yet
service "scm" is not running
Port 9860 is not available on scm yet
service "scm" is not running
Port 9860 is not available on scm yet
service "scm" is not running
Port 9860 is not available on scm yet
service "scm" is not running
Port 9860 is not available on scm yet
service "scm" is not running
Port 9860 is not available on scm yet
service "scm" is not running
Port 9860 is not available on scm yet
service "scm" is not running
Port 9860 is not available on scm yet
service "scm" is not running
Port 9860 is not available on scm yet
service "scm" is not running
Port 9860 is not available on scm yet
service "scm" is not running
Port 9860 is not available on scm yet
service "scm" is not running
Port 9860 is not available on scm yet
service "scm" is not running
Port 9860 is not available on scm yet
service "scm" is not running
Port 9860 is not available on scm yet
service "scm" is not running
Port 9860 is not available on scm yet
service "scm" is not running
Port 9860 is not available on scm yet
service "scm" is not running
Port 9860 is not available on scm yet
service "scm" is not running
Port 9860 is not available on scm yet
service "scm" is not running
Port 9860 is not available on scm yet
service "scm" is not running
Port 9860 is not available on scm yet
service "scm" is not running
Port 9860 is not available on scm yet
service "scm" is not running
Port 9860 is not available on scm yet
service "scm" is not running
Port 9860 is not available on scm yet
service "scm" is not running
Port 9860 is not available on scm yet
service "scm" is not running
Port 9860 is not available on scm yet
service "scm" is not running
Port 9860 is not available on scm yet
service "scm" is not running
Port 9860 is not available on scm yet
service "scm" is not running
Port 9860 is not available on scm yet
service "scm" is not running
Port 9860 is not available on scm yet
service "scm" is not running
Port 9860 is not available on scm yet
service "scm" is not running
Port 9860 is not available on scm yet
service "scm" is not running
Port 9860 is not available on scm yet
service "scm" is not running
Port 9860 is not available on scm yet
service "scm" is not running
Port 9860 is not available on scm yet
service "scm" is not running
Port 9860 is not available on scm yet
service "scm" is not running
Port 9860 is not available on scm yet
service "scm" is not running
Port 9860 is not available on scm yet
service "scm" is not running
Port 9860 is not available on scm yet
service "scm" is not running
Port 9860 is not available on scm yet
service "scm" is not running
Port 9860 is not available on scm yet
service "scm" is not running
Port 9860 is not available on scm yet
service "scm" is not running
Port 9860 is not available on scm yet
service "scm" is not running
Port 9860 is not available on scm yet
service "scm" is not running
Port 9860 is not available on scm yet
service "scm" is not running
Port 9860 is not available on scm yet
service "scm" is not running
Port 9860 is not available on scm yet
service "scm" is not running
Port 9860 is not available on scm yet
service "scm" is not running
Port 9860 is not available on scm yet
service "scm" is not running
Port 9860 is not available on scm yet
service "scm" is not running
Port 9860 is not available on scm yet
service "scm" is not running
Port 9860 is not available on scm yet
service "scm" is not running
Port 9860 is not available on scm yet
service "scm" is not running
Port 9860 is not available on scm yet
service "scm" is not running
Port 9860 is not available on scm yet
service "scm" is not running
Port 9860 is not available on scm yet
service "scm" is not running
Port 9860 is not available on scm yet
service "scm" is not running
Port 9860 is not available on scm yet
service "scm" is not running
Port 9860 is not available on scm yet
service "scm" is not running
Port 9860 is not available on scm yet
service "scm" is not running
Port 9860 is not available on scm yet
service "scm" is not running
Port 9860 is not available on scm yet
service "scm" is not running
Port 9860 is not available on scm yet
service "scm" is not running
Port 9860 is not available on scm yet
service "scm" is not running
Port 9860 is not available on scm yet
service "scm" is not running
Port 9860 is not available on scm yet
service "scm" is not running
Port 9860 is not available on scm yet
service "scm" is not running
Port 9860 is not available on scm yet
service "scm" is not running
Port 9860 is not available on scm yet
service "scm" is not running
Port 9860 is not available on scm yet
service "scm" is not running
Port 9860 is not available on scm yet
service "scm" is not running
Port 9860 is not available on scm yet
service "scm" is not running
Port 9860 is not available on scm yet
service "scm" is not running
Port 9860 is not available on scm yet
service "scm" is not running
Port 9860 is not available on scm yet
service "scm" is not running
Port 9860 is not available on scm yet
service "scm" is not running
Port 9860 is not available on scm yet
service "scm" is not running
Port 9860 is not available on scm yet
Timed out waiting on scm 9860 to become available
ERROR: Test execution of ozone/test-ec.sh is FAILED!!!!
mkdir: created directory '/home/runner/work/ozone/ozone/hadoop-ozone/dist/target/ozone-2.0.0-SNAPSHOT/compose/result/ozone'
mkdir: created directory '/home/runner/work/ozone/ozone/hadoop-ozone/dist/target/ozone-2.0.0-SNAPSHOT/compose/result/ozone/ec'
renamed 'ozone/result/docker-ozone-datanode-1.log' -> '/home/runner/work/ozone/ozone/hadoop-ozone/dist/target/ozone-2.0.0-SNAPSHOT/compose/result/ozone/ec/docker-ozone-datanode-1.log'
renamed 'ozone/result/docker-ozone-datanode-2.log' -> '/home/runner/work/ozone/ozone/hadoop-ozone/dist/target/ozone-2.0.0-SNAPSHOT/compose/result/ozone/ec/docker-ozone-datanode-2.log'
renamed 'ozone/result/docker-ozone-datanode-3.log' -> '/home/runner/work/ozone/ozone/hadoop-ozone/dist/target/ozone-2.0.0-SNAPSHOT/compose/result/ozone/ec/docker-ozone-datanode-3.log'
renamed 'ozone/result/docker-ozone-datanode-4.log' -> '/home/runner/work/ozone/ozone/hadoop-ozone/dist/target/ozone-2.0.0-SNAPSHOT/compose/result/ozone/ec/docker-ozone-datanode-4.log'
renamed 'ozone/result/docker-ozone-datanode-5.log' -> '/home/runner/work/ozone/ozone/hadoop-ozone/dist/target/ozone-2.0.0-SNAPSHOT/compose/result/ozone/ec/docker-ozone-datanode-5.log'
renamed 'ozone/result/docker-ozone-httpfs-1.log' -> '/home/runner/work/ozone/ozone/hadoop-ozone/dist/target/ozone-2.0.0-SNAPSHOT/compose/result/ozone/ec/docker-ozone-httpfs-1.log'
renamed 'ozone/result/docker-ozone-om-1.log' -> '/home/runner/work/ozone/ozone/hadoop-ozone/dist/target/ozone-2.0.0-SNAPSHOT/compose/result/ozone/ec/docker-ozone-om-1.log'
renamed 'ozone/result/docker-ozone-recon-1.log' -> '/home/runner/work/ozone/ozone/hadoop-ozone/dist/target/ozone-2.0.0-SNAPSHOT/compose/result/ozone/ec/docker-ozone-recon-1.log'
renamed 'ozone/result/docker-ozone-s3g-1.log' -> '/home/runner/work/ozone/ozone/hadoop-ozone/dist/target/ozone-2.0.0-SNAPSHOT/compose/result/ozone/ec/docker-ozone-s3g-1.log'
renamed 'ozone/result/docker-ozone-scm-1.log' -> '/home/runner/work/ozone/ozone/hadoop-ozone/dist/target/ozone-2.0.0-SNAPSHOT/compose/result/ozone/ec/docker-ozone-scm-1.log'
Executing test ozonesecure/test-ec.sh
Using Docker Compose v2
Port 88 is available on kdc
Port 9860 is not available on scm yet
Port 9860 is not available on scm yet
Port 9860 is not available on scm yet
Port 9860 is not available on scm yet
Port 9860 is not available on scm yet
Port 9860 is not available on scm yet
Port 9860 is not available on scm yet
Port 9860 is not available on scm yet
Port 9860 is not available on scm yet
Port 9860 is not available on scm yet
Port 9860 is not available on scm yet
Error response from daemon: container 0def51a453d662a9fa1eac8785781c25199e6831af81c7d8ade8f2e9269250b4 is not running
Port 9860 is not available on scm yet
service "scm" is not running
Port 9860 is not available on scm yet
service "scm" is not running
Port 9860 is not available on scm yet
service "scm" is not running
Port 9860 is not available on scm yet
service "scm" is not running
Port 9860 is not available on scm yet
service "scm" is not running
Port 9860 is not available on scm yet
service "scm" is not running
Port 9860 is not available on scm yet
service "scm" is not running
Port 9860 is not available on scm yet
service "scm" is not running
Port 9860 is not available on scm yet
service "scm" is not running
Port 9860 is not available on scm yet
service "scm" is not running
Port 9860 is not available on scm yet
service "scm" is not running
Port 9860 is not available on scm yet
service "scm" is not running
Port 9860 is not available on scm yet
service "scm" is not running
Port 9860 is not available on scm yet
service "scm" is not running
Port 9860 is not available on scm yet
service "scm" is not running
Port 9860 is not available on scm yet
service "scm" is not running
Port 9860 is not available on scm yet
service "scm" is not running
Port 9860 is not available on scm yet
service "scm" is not running
Port 9860 is not available on scm yet
service "scm" is not running
Port 9860 is not available on scm yet
service "scm" is not running
Port 9860 is not available on scm yet
service "scm" is not running
Port 9860 is not available on scm yet
service "scm" is not running
Port 9860 is not available on scm yet
service "scm" is not running
Port 9860 is not available on scm yet
service "scm" is not running
Port 9860 is not available on scm yet
service "scm" is not running
Port 9860 is not available on scm yet
service "scm" is not running
Port 9860 is not available on scm yet
service "scm" is not running
Port 9860 is not available on scm yet
service "scm" is not running
Port 9860 is not available on scm yet
service "scm" is not running
Port 9860 is not available on scm yet
service "scm" is not running
Port 9860 is not available on scm yet
service "scm" is not running
Port 9860 is not available on scm yet
service "scm" is not running
Port 9860 is not available on scm yet
service "scm" is not running
Port 9860 is not available on scm yet
service "scm" is not running
Port 9860 is not available on scm yet
service "scm" is not running
Port 9860 is not available on scm yet
service "scm" is not running
Port 9860 is not available on scm yet
service "scm" is not running
Port 9860 is not available on scm yet
service "scm" is not running
Port 9860 is not available on scm yet
service "scm" is not running
Port 9860 is not available on scm yet
service "scm" is not running
Port 9860 is not available on scm yet
service "scm" is not running
Port 9860 is not available on scm yet
service "scm" is not running
Port 9860 is not available on scm yet
service "scm" is not running
Port 9860 is not available on scm yet
service "scm" is not running
Port 9860 is not available on scm yet
service "scm" is not running
Port 9860 is not available on scm yet
service "scm" is not running
Port 9860 is not available on scm yet
service "scm" is not running
Port 9860 is not available on scm yet
service "scm" is not running
Port 9860 is not available on scm yet
service "scm" is not running
Port 9860 is not available on scm yet
service "scm" is not running
Port 9860 is not available on scm yet
service "scm" is not running
Port 9860 is not available on scm yet
service "scm" is not running
Port 9860 is not available on scm yet
service "scm" is not running
Port 9860 is not available on scm yet
service "scm" is not running
Port 9860 is not available on scm yet
service "scm" is not running
Port 9860 is not available on scm yet
service "scm" is not running
Port 9860 is not available on scm yet
service "scm" is not running
Port 9860 is not available on scm yet
service "scm" is not running
Port 9860 is not available on scm yet
service "scm" is not running
Port 9860 is not available on scm yet
service "scm" is not running
Port 9860 is not available on scm yet
service "scm" is not running
Port 9860 is not available on scm yet
service "scm" is not running
Port 9860 is not available on scm yet
service "scm" is not running
Port 9860 is not available on scm yet
service "scm" is not running
Port 9860 is not available on scm yet
service "scm" is not running
Port 9860 is not available on scm yet
service "scm" is not running
Port 9860 is not available on scm yet
service "scm" is not running
Port 9860 is not available on scm yet
service "scm" is not running
Port 9860 is not available on scm yet
service "scm" is not running
Port 9860 is not available on scm yet
service "scm" is not running
Port 9860 is not available on scm yet
service "scm" is not running
Port 9860 is not available on scm yet
service "scm" is not running
Port 9860 is not available on scm yet
service "scm" is not running
Port 9860 is not available on scm yet
service "scm" is not running
Port 9860 is not available on scm yet
service "scm" is not running
Port 9860 is not available on scm yet
service "scm" is not running
Port 9860 is not available on scm yet
service "scm" is not running
Port 9860 is not available on scm yet
service "scm" is not running
Port 9860 is not available on scm yet
service "scm" is not running
Port 9860 is not available on scm yet
service "scm" is not running
Port 9860 is not available on scm yet
service "scm" is not running
Port 9860 is not available on scm yet
service "scm" is not running
Port 9860 is not available on scm yet
service "scm" is not running
Port 9860 is not available on scm yet
service "scm" is not running
Port 9860 is not available on scm yet
service "scm" is not running
Port 9860 is not available on scm yet
service "scm" is not running
Port 9860 is not available on scm yet
service "scm" is not running
Port 9860 is not available on scm yet
service "scm" is not running
Port 9860 is not available on scm yet
service "scm" is not running
Port 9860 is not available on scm yet
service "scm" is not running
Port 9860 is not available on scm yet
service "scm" is not running
Port 9860 is not available on scm yet
service "scm" is not running
Port 9860 is not available on scm yet
service "scm" is not running
Port 9860 is not available on scm yet
service "scm" is not running
Port 9860 is not available on scm yet
service "scm" is not running
Port 9860 is not available on scm yet
service "scm" is not running
Port 9860 is not available on scm yet
Timed out waiting on scm 9860 to become available
ERROR: Test execution of ozonesecure/test-ec.sh is FAILED!!!!
mkdir: created directory '/home/runner/work/ozone/ozone/hadoop-ozone/dist/target/ozone-2.0.0-SNAPSHOT/compose/result/ozonesecure'
mkdir: created directory '/home/runner/work/ozone/ozone/hadoop-ozone/dist/target/ozone-2.0.0-SNAPSHOT/compose/result/ozonesecure/ec'
renamed 'ozonesecure/result/docker-ozonesecure-datanode-1.log' -> '/home/runner/work/ozone/ozone/hadoop-ozone/dist/target/ozone-2.0.0-SNAPSHOT/compose/result/ozonesecure/ec/docker-ozonesecure-datanode-1.log'
renamed 'ozonesecure/result/docker-ozonesecure-datanode-2.log' -> '/home/runner/work/ozone/ozone/hadoop-ozone/dist/target/ozone-2.0.0-SNAPSHOT/compose/result/ozonesecure/ec/docker-ozonesecure-datanode-2.log'
renamed 'ozonesecure/result/docker-ozonesecure-datanode-3.log' -> '/home/runner/work/ozone/ozone/hadoop-ozone/dist/target/ozone-2.0.0-SNAPSHOT/compose/result/ozonesecure/ec/docker-ozonesecure-datanode-3.log'
renamed 'ozonesecure/result/docker-ozonesecure-datanode-4.log' -> '/home/runner/work/ozone/ozone/hadoop-ozone/dist/target/ozone-2.0.0-SNAPSHOT/compose/result/ozonesecure/ec/docker-ozonesecure-datanode-4.log'
renamed 'ozonesecure/result/docker-ozonesecure-datanode-5.log' -> '/home/runner/work/ozone/ozone/hadoop-ozone/dist/target/ozone-2.0.0-SNAPSHOT/compose/result/ozonesecure/ec/docker-ozonesecure-datanode-5.log'
renamed 'ozonesecure/result/docker-ozonesecure-httpfs-1.log' -> '/home/runner/work/ozone/ozone/hadoop-ozone/dist/target/ozone-2.0.0-SNAPSHOT/compose/result/ozonesecure/ec/docker-ozonesecure-httpfs-1.log'
renamed 'ozonesecure/result/docker-ozonesecure-kdc-1.log' -> '/home/runner/work/ozone/ozone/hadoop-ozone/dist/target/ozone-2.0.0-SNAPSHOT/compose/result/ozonesecure/ec/docker-ozonesecure-kdc-1.log'
renamed 'ozonesecure/result/docker-ozonesecure-kms-1.log' -> '/home/runner/work/ozone/ozone/hadoop-ozone/dist/target/ozone-2.0.0-SNAPSHOT/compose/result/ozonesecure/ec/docker-ozonesecure-kms-1.log'
renamed 'ozonesecure/result/docker-ozonesecure-om-1.log' -> '/home/runner/work/ozone/ozone/hadoop-ozone/dist/target/ozone-2.0.0-SNAPSHOT/compose/result/ozonesecure/ec/docker-ozonesecure-om-1.log'
renamed 'ozonesecure/result/docker-ozonesecure-recon-1.log' -> '/home/runner/work/ozone/ozone/hadoop-ozone/dist/target/ozone-2.0.0-SNAPSHOT/compose/result/ozonesecure/ec/docker-ozonesecure-recon-1.log'
renamed 'ozonesecure/result/docker-ozonesecure-s3g-1.log' -> '/home/runner/work/ozone/ozone/hadoop-ozone/dist/target/ozone-2.0.0-SNAPSHOT/compose/result/ozonesecure/ec/docker-ozonesecure-s3g-1.log'
renamed 'ozonesecure/result/docker-ozonesecure-scm-1.log' -> '/home/runner/work/ozone/ozone/hadoop-ozone/dist/target/ozone-2.0.0-SNAPSHOT/compose/result/ozonesecure/ec/docker-ozonesecure-scm-1.log'
renamed 'ozonesecure/result/kms-audit.log' -> '/home/runner/work/ozone/ozone/hadoop-ozone/dist/target/ozone-2.0.0-SNAPSHOT/compose/result/ozonesecure/ec/kms-audit.log'
renamed 'ozonesecure/result/om-audit-om.log' -> '/home/runner/work/ozone/ozone/hadoop-ozone/dist/target/ozone-2.0.0-SNAPSHOT/compose/result/ozonesecure/ec/om-audit-om.log'
renamed 'ozonesecure/result/om-sys-audit-om.log' -> '/home/runner/work/ozone/ozone/hadoop-ozone/dist/target/ozone-2.0.0-SNAPSHOT/compose/result/ozonesecure/ec/om-sys-audit-om.log'
removed directory '/tmp/robot-data-8Dvvfh'
