rm: cannot remove '/home/runner/work/ozone/ozone/hadoop-ozone/dist/target/ozone-1.4.0-SNAPSHOT/compose/result/*': No such file or directory
Executing test ozonesecure-ha/test-root-ca-rotation.sh
Removing network ozonesecure-ha_ozone_net
Network ozonesecure-ha_ozone_net not found.
Creating network "ozonesecure-ha_ozone_net" with the default driver
Pulling om1 (apache/ozone-runner:20230615-1)...
20230615-1: Pulling from apache/ozone-runner
Digest: sha256:46c59e4f69c94a8f886d621c9f1898fda8cc4d5de59059c6c74175ffa4718474
Status: Downloaded newer image for apache/ozone-runner:20230615-1
Pulling kms (apache/hadoop:3.3.6)...
3.3.6: Pulling from apache/hadoop
Digest: sha256:62a22627f35a1bbf29c721192c02fe311c93749cc43d51df01792b2ac40ff144
Status: Downloaded newer image for apache/hadoop:3.3.6
Pulling kdc (apache/ozone-testkrb5:20230318-1)...
20230318-1: Pulling from apache/ozone-testkrb5
Digest: sha256:6a7eeac1ebd12e8968e34ab93fb8d21f2b92ae52bc0a85b662a2d41065f05d3a
Status: Downloaded newer image for apache/ozone-testkrb5:20230318-1
Creating ozonesecure-ha_datanode3_1 ... 
Creating ozonesecure-ha_om1_1       ... 
Creating ozonesecure-ha_datanode1_1 ... 
Creating ozonesecure-ha_scm2.org_1  ... 
Creating ozonesecure-ha_scm1.org_1  ... 
Creating ozonesecure-ha_om3_1       ... 
Creating ozonesecure-ha_httpfs_1    ... 
Creating ozonesecure-ha_om2_1       ... 
Creating ozonesecure-ha_kms_1       ... 
Creating ozonesecure-ha_kdc_1       ... 
Creating ozonesecure-ha_scm3.org_1  ... 
Creating ozonesecure-ha_datanode2_1 ... 
Creating ozonesecure-ha_recon_1     ... 
Creating ozonesecure-ha_s3g_1       ... 
Creating ozonesecure-ha_datanode1_1 ... done
Creating ozonesecure-ha_datanode3_1 ... done
Creating ozonesecure-ha_om1_1       ... done
Creating ozonesecure-ha_kdc_1       ... done
Creating ozonesecure-ha_scm1.org_1  ... done
Creating ozonesecure-ha_scm2.org_1  ... done
Creating ozonesecure-ha_httpfs_1    ... done
Creating ozonesecure-ha_recon_1     ... done
Creating ozonesecure-ha_datanode2_1 ... done
Creating ozonesecure-ha_kms_1       ... done
Creating ozonesecure-ha_s3g_1       ... done
Creating ozonesecure-ha_om2_1       ... done
Creating ozonesecure-ha_om3_1       ... done
Creating ozonesecure-ha_scm3.org_1  ... done
Port 88 is available on kdc
Port 9860 is not available on scm1.org yet
Port 9860 is not available on scm1.org yet
Port 9860 is not available on scm1.org yet
Port 9860 is not available on scm1.org yet
Port 9860 is not available on scm1.org yet
Port 9860 is not available on scm1.org yet
Port 9860 is not available on scm1.org yet
Port 9860 is not available on scm1.org yet
Port 9860 is not available on scm1.org yet
Port 9860 is not available on scm1.org yet
Port 9860 is not available on scm1.org yet
Port 9860 is not available on scm1.org yet
Port 9860 is not available on scm1.org yet
Port 9860 is not available on scm1.org yet
Port 9860 is not available on scm1.org yet
Port 9860 is available on scm1.org
SCM is in safe mode. Will retry in 1 sec. Remaining time (sec): 234
SCM is in safe mode. Will retry in 1 sec. Remaining time (sec): 233
SCM is in safe mode. Will retry in 1 sec. Remaining time (sec): 232
SCM is in safe mode. Will retry in 1 sec. Remaining time (sec): 231
SCM is in safe mode. Will retry in 1 sec. Remaining time (sec): 230
SCM is in safe mode. Will retry in 1 sec. Remaining time (sec): 229
SCM is in safe mode. Will retry in 1 sec. Remaining time (sec): 228
SCM is in safe mode. Will retry in 1 sec. Remaining time (sec): 227
SCM is in safe mode. Will retry in 1 sec. Remaining time (sec): 226
SCM is in safe mode. Will retry in 1 sec. Remaining time (sec): 225
SCM is in safe mode. Will retry in 1 sec. Remaining time (sec): 224
SCM is in safe mode. Will retry in 1 sec. Remaining time (sec): 223
SCM is in safe mode. Will retry in 1 sec. Remaining time (sec): 222
SCM is in safe mode. Will retry in 1 sec. Remaining time (sec): 221
SCM is in safe mode. Will retry in 1 sec. Remaining time (sec): 220
SCM is in safe mode. Will retry in 1 sec. Remaining time (sec): 219
SCM is in safe mode. Will retry in 1 sec. Remaining time (sec): 218
SCM is in safe mode. Will retry in 1 sec. Remaining time (sec): 217
SCM is in safe mode. Will retry in 1 sec. Remaining time (sec): 216
SCM is in safe mode. Will retry in 1 sec. Remaining time (sec): 215
SCM is in safe mode. Will retry in 1 sec. Remaining time (sec): 214
SCM is in safe mode. Will retry in 1 sec. Remaining time (sec): 213
SCM is in safe mode. Will retry in 1 sec. Remaining time (sec): 212
SCM is in safe mode. Will retry in 1 sec. Remaining time (sec): 211
SCM is in safe mode. Will retry in 1 sec. Remaining time (sec): 210
SCM is in safe mode. Will retry in 1 sec. Remaining time (sec): 209
SCM is in safe mode. Will retry in 1 sec. Remaining time (sec): 208
SCM is in safe mode. Will retry in 1 sec. Remaining time (sec): 207
SCM is in safe mode. Will retry in 1 sec. Remaining time (sec): 206
SCM is in safe mode. Will retry in 1 sec. Remaining time (sec): 205
SCM is in safe mode. Will retry in 1 sec. Remaining time (sec): 204
SCM is in safe mode. Will retry in 1 sec. Remaining time (sec): 203
SCM is in safe mode. Will retry in 1 sec. Remaining time (sec): 202
SCM is in safe mode. Will retry in 1 sec. Remaining time (sec): 201
SCM is in safe mode. Will retry in 1 sec. Remaining time (sec): 200
SCM is in safe mode. Will retry in 1 sec. Remaining time (sec): 199
SCM is in safe mode. Will retry in 1 sec. Remaining time (sec): 198
SCM is in safe mode. Will retry in 1 sec. Remaining time (sec): 197
SCM is in safe mode. Will retry in 1 sec. Remaining time (sec): 196
SCM is in safe mode. Will retry in 1 sec. Remaining time (sec): 195
SCM is in safe mode. Will retry in 1 sec. Remaining time (sec): 194
SCM is in safe mode. Will retry in 1 sec. Remaining time (sec): 193
SCM is in safe mode. Will retry in 1 sec. Remaining time (sec): 192
SCM is in safe mode. Will retry in 1 sec. Remaining time (sec): 191
SCM is in safe mode. Will retry in 1 sec. Remaining time (sec): 190
SCM is in safe mode. Will retry in 1 sec. Remaining time (sec): 189
SCM is in safe mode. Will retry in 1 sec. Remaining time (sec): 188
SCM is in safe mode. Will retry in 1 sec. Remaining time (sec): 187
SCM is in safe mode. Will retry in 1 sec. Remaining time (sec): 186
SCM is in safe mode. Will retry in 1 sec. Remaining time (sec): 185
SCM is in safe mode. Will retry in 1 sec. Remaining time (sec): 184
SCM is in safe mode. Will retry in 1 sec. Remaining time (sec): 182
SCM is in safe mode. Will retry in 1 sec. Remaining time (sec): 181
SCM is in safe mode. Will retry in 1 sec. Remaining time (sec): 180
SCM is in safe mode. Will retry in 1 sec. Remaining time (sec): 179
SCM is in safe mode. Will retry in 1 sec. Remaining time (sec): 178
SCM is in safe mode. Will retry in 1 sec. Remaining time (sec): 177
SCM is in safe mode. Will retry in 1 sec. Remaining time (sec): 176
SCM is in safe mode. Will retry in 1 sec. Remaining time (sec): 175
SCM is in safe mode. Will retry in 1 sec. Remaining time (sec): 174
SCM is in safe mode. Will retry in 1 sec. Remaining time (sec): 173
SCM is in safe mode. Will retry in 1 sec. Remaining time (sec): 172
SCM is in safe mode. Will retry in 1 sec. Remaining time (sec): 171
SCM is in safe mode. Will retry in 1 sec. Remaining time (sec): 170
SCM is in safe mode. Will retry in 1 sec. Remaining time (sec): 169
SCM is in safe mode. Will retry in 1 sec. Remaining time (sec): 168
SCM is in safe mode. Will retry in 1 sec. Remaining time (sec): 167
SCM is in safe mode. Will retry in 1 sec. Remaining time (sec): 166
SCM is in safe mode. Will retry in 1 sec. Remaining time (sec): 165
SCM is in safe mode. Will retry in 1 sec. Remaining time (sec): 164
SCM is in safe mode. Will retry in 1 sec. Remaining time (sec): 163
SCM is in safe mode. Will retry in 1 sec. Remaining time (sec): 162
SCM is in safe mode. Will retry in 1 sec. Remaining time (sec): 161
SCM is in safe mode. Will retry in 1 sec. Remaining time (sec): 160
SCM is in safe mode. Will retry in 1 sec. Remaining time (sec): 159
SCM is in safe mode. Will retry in 1 sec. Remaining time (sec): 158
SCM is in safe mode. Will retry in 1 sec. Remaining time (sec): 157
SCM is in safe mode. Will retry in 1 sec. Remaining time (sec): 156
SCM is in safe mode. Will retry in 1 sec. Remaining time (sec): 155
SCM is in safe mode. Will retry in 1 sec. Remaining time (sec): 154
SCM is in safe mode. Will retry in 1 sec. Remaining time (sec): 153
SCM is in safe mode. Will retry in 1 sec. Remaining time (sec): 152
SCM is in safe mode. Will retry in 1 sec. Remaining time (sec): 151
SCM is in safe mode. Will retry in 1 sec. Remaining time (sec): 150
SCM is in safe mode. Will retry in 1 sec. Remaining time (sec): 149
SCM is in safe mode. Will retry in 1 sec. Remaining time (sec): 148
SCM is in safe mode. Will retry in 1 sec. Remaining time (sec): 147
SCM is in safe mode. Will retry in 1 sec. Remaining time (sec): 146
SCM is in safe mode. Will retry in 1 sec. Remaining time (sec): 145
SCM is in safe mode. Will retry in 1 sec. Remaining time (sec): 144
SCM is in safe mode. Will retry in 1 sec. Remaining time (sec): 143
SCM is in safe mode. Will retry in 1 sec. Remaining time (sec): 142
SCM is in safe mode. Will retry in 1 sec. Remaining time (sec): 141
SCM is in safe mode. Will retry in 1 sec. Remaining time (sec): 140
SCM is in safe mode. Will retry in 1 sec. Remaining time (sec): 139
SCM is in safe mode. Will retry in 1 sec. Remaining time (sec): 138
SCM is in safe mode. Will retry in 1 sec. Remaining time (sec): 137
SCM is in safe mode. Will retry in 1 sec. Remaining time (sec): 136
SCM is in safe mode. Will retry in 1 sec. Remaining time (sec): 135
SCM is in safe mode. Will retry in 1 sec. Remaining time (sec): 134
SCM is in safe mode. Will retry in 1 sec. Remaining time (sec): 133
SCM is in safe mode. Will retry in 1 sec. Remaining time (sec): 132
SCM is in safe mode. Will retry in 1 sec. Remaining time (sec): 131
SCM is in safe mode. Will retry in 1 sec. Remaining time (sec): 130
SCM is in safe mode. Will retry in 1 sec. Remaining time (sec): 129
SCM is in safe mode. Will retry in 1 sec. Remaining time (sec): 128
SCM is in safe mode. Will retry in 1 sec. Remaining time (sec): 127
SCM is in safe mode. Will retry in 1 sec. Remaining time (sec): 126
SCM is in safe mode. Will retry in 1 sec. Remaining time (sec): 125
SCM is in safe mode. Will retry in 1 sec. Remaining time (sec): 124
SCM is in safe mode. Will retry in 1 sec. Remaining time (sec): 123
SCM is in safe mode. Will retry in 1 sec. Remaining time (sec): 122
SCM is in safe mode. Will retry in 1 sec. Remaining time (sec): 121
SCM is in safe mode. Will retry in 1 sec. Remaining time (sec): 120
SCM is in safe mode. Will retry in 1 sec. Remaining time (sec): 119
SCM is in safe mode. Will retry in 1 sec. Remaining time (sec): 118
SCM is in safe mode. Will retry in 1 sec. Remaining time (sec): 117
SCM is in safe mode. Will retry in 1 sec. Remaining time (sec): 116
SCM is in safe mode. Will retry in 1 sec. Remaining time (sec): 115
SCM is in safe mode. Will retry in 1 sec. Remaining time (sec): 114
SCM is in safe mode. Will retry in 1 sec. Remaining time (sec): 113
SCM is in safe mode. Will retry in 1 sec. Remaining time (sec): 112
SCM is in safe mode. Will retry in 1 sec. Remaining time (sec): 111
SCM is in safe mode. Will retry in 1 sec. Remaining time (sec): 110
SCM is in safe mode. Will retry in 1 sec. Remaining time (sec): 109
SCM is in safe mode. Will retry in 1 sec. Remaining time (sec): 108
SCM is in safe mode. Will retry in 1 sec. Remaining time (sec): 107
SCM is in safe mode. Will retry in 1 sec. Remaining time (sec): 106
SCM is in safe mode. Will retry in 1 sec. Remaining time (sec): 105
SCM is in safe mode. Will retry in 1 sec. Remaining time (sec): 104
SCM is in safe mode. Will retry in 1 sec. Remaining time (sec): 103
SCM is in safe mode. Will retry in 1 sec. Remaining time (sec): 102
SCM is in safe mode. Will retry in 1 sec. Remaining time (sec): 101
SCM is in safe mode. Will retry in 1 sec. Remaining time (sec): 100
SCM is in safe mode. Will retry in 1 sec. Remaining time (sec): 99
SCM is in safe mode. Will retry in 1 sec. Remaining time (sec): 98
SCM is in safe mode. Will retry in 1 sec. Remaining time (sec): 97
SCM is in safe mode. Will retry in 1 sec. Remaining time (sec): 96
SCM is in safe mode. Will retry in 1 sec. Remaining time (sec): 95
SCM is in safe mode. Will retry in 1 sec. Remaining time (sec): 94
SCM is in safe mode. Will retry in 1 sec. Remaining time (sec): 93
SCM is in safe mode. Will retry in 1 sec. Remaining time (sec): 92
SCM is in safe mode. Will retry in 1 sec. Remaining time (sec): 91
SCM is in safe mode. Will retry in 1 sec. Remaining time (sec): 90
SCM is in safe mode. Will retry in 1 sec. Remaining time (sec): 89
SCM is in safe mode. Will retry in 1 sec. Remaining time (sec): 88
SCM is in safe mode. Will retry in 1 sec. Remaining time (sec): 87
SCM is in safe mode. Will retry in 1 sec. Remaining time (sec): 86
SCM is in safe mode. Will retry in 1 sec. Remaining time (sec): 85
SCM is in safe mode. Will retry in 1 sec. Remaining time (sec): 84
SCM is in safe mode. Will retry in 1 sec. Remaining time (sec): 83
SCM is in safe mode. Will retry in 1 sec. Remaining time (sec): 81
SCM is in safe mode. Will retry in 1 sec. Remaining time (sec): 80
SCM is in safe mode. Will retry in 1 sec. Remaining time (sec): 79
SCM is in safe mode. Will retry in 1 sec. Remaining time (sec): 78
SCM is in safe mode. Will retry in 1 sec. Remaining time (sec): 77
SCM is in safe mode. Will retry in 1 sec. Remaining time (sec): 76
SCM is in safe mode. Will retry in 1 sec. Remaining time (sec): 75
SCM is in safe mode. Will retry in 1 sec. Remaining time (sec): 74
SCM is in safe mode. Will retry in 1 sec. Remaining time (sec): 73
SCM is in safe mode. Will retry in 1 sec. Remaining time (sec): 72
SCM is in safe mode. Will retry in 1 sec. Remaining time (sec): 71
SCM is in safe mode. Will retry in 1 sec. Remaining time (sec): 70
SCM is in safe mode. Will retry in 1 sec. Remaining time (sec): 69
SCM is in safe mode. Will retry in 1 sec. Remaining time (sec): 68
SCM is in safe mode. Will retry in 1 sec. Remaining time (sec): 67
SCM is in safe mode. Will retry in 1 sec. Remaining time (sec): 66
SCM is in safe mode. Will retry in 1 sec. Remaining time (sec): 65
SCM is out of safe mode.
Found OM leader for service omservice: om1 : LEADER (om1)
Replaced OM order with om1,om3,om2 in ozonesecure-ha_datanode1_1
Replaced OM order with om1,om3,om2 in ozonesecure-ha_datanode2_1
Replaced OM order with om1,om3,om2 in ozonesecure-ha_datanode3_1
Replaced OM order with om1,om3,om2 in ozonesecure-ha_recon_1
Replaced OM order with om1,om3,om2 in ozonesecure-ha_s3g_1
Replaced OM order with om1,om3,om2 in ozonesecure-ha_scm1.org_1
Replaced OM order with om1,om3,om2 in ozonesecure-ha_scm2.org_1
Replaced OM order with om1,om3,om2 in ozonesecure-ha_scm3.org_1
key1 has been successfully created with options Options{cipher='AES/CTR/NoPadding', bitLength=128, description='null', attributes=null}.
org.apache.hadoop.crypto.key.kms.LoadBalancingKMSClientProvider@662b4c69 has been updated.
==============================================================================
Kinit :: Kinit test user                                                      
==============================================================================
Kinit                                                                 | PASS |
------------------------------------------------------------------------------
Kinit :: Kinit test user                                              | PASS |
1 test, 1 passed, 0 failed
==============================================================================
Output:  /tmp/smoketest/ozonesecure-ha/result/robot-1.xml
"RootCARotationManager-Active" #271 daemon prio=5 os_prio=0 cpu=1080.35ms elapsed=238.38s tid=0x00007fc9d943c000 nid=0x264 waiting on condition  [0x00007fc9944f6000]
jps | grep StorageContainerManagerStarter | sed 's/StorageContainerManagerStarter//' | xargs  | xargs -I {} jstack {} | grep 'RootCARotationManager-Active' succeed
Certificate id: 2
  [0]         Version: 3
         SerialNumber: 2
             IssuerDN: CN=scm-2@scm1.org,OU=f1ef19dd-20fd-4548-a10d-60587fd1f927,O=CID-d7f7423f-d33c-4809-989f-b771333e8122
           Start Date: Thu Aug 10 23:11:34 UTC 2023
           Final Date: Thu Aug 10 23:15:34 UTC 2023
            SubjectDN: CN=scm-2@scm1.org,OU=f1ef19dd-20fd-4548-a10d-60587fd1f927,O=CID-d7f7423f-d33c-4809-989f-b771333e8122
           Public Key: RSA Public Key [54:95:de:7f:e0:c6:d6:0e:06:c5:04:69:04:43:2d:d0:2b:36:e1:2e],[56:66:d1:a4]
        modulus: a555373745f0f337796e3227be3f905a50ab883291d34205d97f9d2fbff63ec22a48e0c71876b56459dbb8192902eb429ae1214540a2c7efcf6c4a1bf6b215378f7c92734be85eea7aa2d64e1d0a19fca9f3626541a3fe02d120c8cef1d7ccd5c92c40d5605dd4d8d4d110968a7884ad6d1a5ac24082e2feb2dbeb654cba0fade5918ea43c8ce17acb56012f92a80ffbd30c1373717c21876f463ce8cb86149d4e12f5fcaa50ea370aeddcc6b52e3f9ce2b4e136a7784acb4a8a5a63ddcea24c9f45db648f13df954282ba6e3f097f0802d5b8da00b14decab31fb885c0e20e4079fb4d6b7605cc19b7c667a40693554289e0273a6a59bef94abda2e1004fc2f
public exponent: 10001

  Signature Algorithm: SHA256withRSA
            Signature: 9ffa4abff7a37223ed03bfa3a797d61796f266dc
                       8bee475a877c88458735f0675afd4bcb88fb0546
                       4baa86d66565afc4b886c1ba579ac4d7a8c4dc37
                       cf3ce680fc9b6862c887fdac53175deda9159f33
                       6e042a30efe26014efe1201910e94ae61c7696c4
                       146ddab5fc41c02d73705be7fed83b20bf73070d
                       a92bc1f7d5c7419ed8e426bcdc8c2ce9739f55ec
                       b7564fec351b1b46f17d2fd0a777e6d59d07402d
                       6017f219a5541d11c0666ebb5f32522202c20cd1
                       cc131a88ff4b5aeb3ec07736e3993a7253253674
                       e2cf24bce82977b876b27dfc942091e4c541405c
                       c0280d1c55aa7f2eab2a973215a7518d1a213ada
                       44e1b5a6524e5f0d428180c8fb3fd652
       Extensions: 
                       critical(true) BasicConstraints: isCa(true)
                       critical(true) KeyUsage: 0x6
                       critical(false) 2.5.29.17 value = Sequence
    Tagged [7] IMPLICIT 
        DER Octet String[4] 
    Tagged [2] IMPLICIT 
        DER Octet String[8] 


ozone admin cert info 2 succeed
==============================================================================
Scm-Leader-Transfer :: Smoketest ozone cluster startup                        
==============================================================================
Transfer Leadership                                                   | PASS |
------------------------------------------------------------------------------
Scm-Leader-Transfer :: Smoketest ozone cluster startup                | PASS |
1 test, 1 passed, 0 failed
==============================================================================
Output:  /tmp/smoketest/ozonesecure-ha/result/robot-2.xml
"RootCARotationManager-Inactive" #271 daemon prio=5 os_prio=0 cpu=1094.97ms elapsed=290.15s tid=0x00007fc9d943c000 nid=0x264 waiting on condition  [0x00007fc9944f6000]
jps | grep StorageContainerManagerStarter | sed 's/StorageContainerManagerStarter//' | xargs | xargs -I {} jstack {} | grep 'RootCARotationManager-Inactive' succeed
==============================================================================
Root-Ca-Rotation-Client-Checks :: Generate data                               
==============================================================================
Create a volume and bucket                                            | PASS |
------------------------------------------------------------------------------
Create key                                                            | PASS |
------------------------------------------------------------------------------
Read data from previously created key                                 | PASS |
------------------------------------------------------------------------------
Root-Ca-Rotation-Client-Checks :: Generate data                       | PASS |
3 tests, 3 passed, 0 failed
==============================================================================
Output:  /tmp/smoketest/ozonesecure-ha/result/robot-3.xml
==============================================================================
Pipeline :: Test ozone admin pipeline command                                 
==============================================================================
Create pipeline                                                       | PASS |
------------------------------------------------------------------------------
List pipelines                                                        | PASS |
------------------------------------------------------------------------------
List pipelines with explicit host                                     | PASS |
------------------------------------------------------------------------------
Deactivate pipeline                                                   | PASS |
------------------------------------------------------------------------------
Activate pipeline                                                     | PASS |
------------------------------------------------------------------------------
Close pipeline                                                        | PASS |
------------------------------------------------------------------------------
Incomplete command                                                    | PASS |
------------------------------------------------------------------------------
Pipeline :: Test ozone admin pipeline command                         | PASS |
7 tests, 7 passed, 0 failed
==============================================================================
Output:  /tmp/smoketest/ozonesecure-ha/result/robot-4.xml
Certificate id: 3
  [0]         Version: 3
         SerialNumber: 3
             IssuerDN: CN=scm-3@scm2.org,OU=9264c53f-ebf4-426b-b999-c4b51ea737c2,O=CID-d7f7423f-d33c-4809-989f-b771333e8122
           Start Date: Thu Aug 10 23:14:06 UTC 2023
           Final Date: Thu Aug 10 23:18:06 UTC 2023
            SubjectDN: CN=scm-3@scm2.org,OU=9264c53f-ebf4-426b-b999-c4b51ea737c2,O=CID-d7f7423f-d33c-4809-989f-b771333e8122
           Public Key: RSA Public Key [12:16:13:ed:c9:f3:4f:83:3c:f4:26:d4:70:46:9e:10:3b:c3:cc:a6],[56:66:d1:a4]
        modulus: df621c488c271808b958004f5e49599a29050743019699a6f33ea5aa43622748f00db99acda5b251587d262cdcb5f6734f3c1aa0bbf3e315078ebdeb0bdddc5c55ab5fae6aa4e10ddeaf58ccf798adbe32f74c589d0c5bf41cba1a639202b729c994192fde44cd1a7cca17dad7c92cafe836071639c74487c8755a0e1f20c5a48f37c8207ca59ace80750d8eda191f99a566f47e602501d17e6f874b9cfb10e311acb91713e41c784a9431f5d76b3314371d2010a9d74001c6ed901af5722fbf4dbcf9211a553009ca50cc98e2473caebb3ac3f7d1887d2b7d990e2cf3b770aa1b930600fabf8f7f5af90080120569897375e9fb8452488903be6a17424ebae3
public exponent: 10001

  Signature Algorithm: SHA256withRSA
            Signature: d7cf7d36f0db0d9caf228190b2155ff2ac31a5f8
                       40cd3199753d53dde9e5223c6fcb152735a82dff
                       d9640d65b8eb515a7760b082667e5f8db5762a39
                       394a41e61fd87b0e711d8ff341e4a7668e2efe39
                       8eac319905b91b18ad4687ccfdaf92316d723792
                       18d98ad369bc93e1d0654ff6ade96136cfb8d382
                       cde5e4758d1fd593eccfa373ecf62bd8b9ae61dc
                       1dc7819b94181fa94a8be55a1563b5e0ee64c64e
                       d20757286dc9ce68a3ab7c41e5e3483dd87e802c
                       5cb131ee4dfe1b667944dc2ff3e4a67fe23ac2c3
                       9c7add7470779861d1b16a18047ff587290a3942
                       8533718a34b5a34044121af6aac6d70d58fe616e
                       f1b7245cdfc1039dfa98403786304492
       Extensions: 
                       critical(true) BasicConstraints: isCa(true)
                       critical(true) KeyUsage: 0x6
                       critical(false) 2.5.29.17 value = Sequence
    Tagged [7] IMPLICIT 
        DER Octet String[4] 
    Tagged [2] IMPLICIT 
        DER Octet String[8] 


ozone admin cert info 3 succeed
Creating ozonesecure-ha_scm4.org_1 ... 
Creating ozonesecure-ha_scm4.org_1 ... done
Port 9894 is not available on scm4.org yet
Port 9894 is not available on scm4.org yet
Port 9894 is not available on scm4.org yet
Port 9894 is not available on scm4.org yet
Port 9894 is not available on scm4.org yet
Port 9894 is not available on scm4.org yet
Port 9894 is not available on scm4.org yet
Port 9894 is not available on scm4.org yet
Port 9894 is not available on scm4.org yet
Port 9894 is not available on scm4.org yet
Port 9894 is not available on scm4.org yet
Port 9894 is not available on scm4.org yet
Port 9894 is not available on scm4.org yet
Port 9894 is not available on scm4.org yet
Port 9894 is not available on scm4.org yet
Port 9894 is available on scm4.org
==============================================================================
Kinit :: Kinit test user                                                      
==============================================================================
Kinit                                                                 | PASS |
------------------------------------------------------------------------------
Kinit :: Kinit test user                                              | PASS |
1 test, 1 passed, 0 failed
==============================================================================
Output:  /tmp/smoketest/ozonesecure-ha/result/robot-5.xml
ozone admin scm roles | grep scm4.org hasn't succeed yet
ozone admin scm roles | grep scm4.org hasn't succeed yet
ozone admin scm roles | grep scm4.org hasn't succeed yet
ozone admin scm roles | grep scm4.org hasn't succeed yet
ozone admin scm roles | grep scm4.org hasn't succeed yet
Timed out waiting on ozone admin scm roles | grep scm4.org to be successful
Stopping ozonesecure-ha_scm4.org_1  ... 
Stopping ozonesecure-ha_s3g_1       ... 
Stopping ozonesecure-ha_kms_1       ... 
Stopping ozonesecure-ha_recon_1     ... 
Stopping ozonesecure-ha_datanode2_1 ... 
Stopping ozonesecure-ha_scm3.org_1  ... 
Stopping ozonesecure-ha_kdc_1       ... 
Stopping ozonesecure-ha_om3_1       ... 
Stopping ozonesecure-ha_om2_1       ... 
Stopping ozonesecure-ha_httpfs_1    ... 
Stopping ozonesecure-ha_scm2.org_1  ... 
Stopping ozonesecure-ha_scm1.org_1  ... 
Stopping ozonesecure-ha_datanode1_1 ... 
Stopping ozonesecure-ha_datanode3_1 ... 
Stopping ozonesecure-ha_om1_1       ... 
Stopping ozonesecure-ha_kdc_1       ... done
Stopping ozonesecure-ha_kms_1       ... done
Stopping ozonesecure-ha_httpfs_1    ... done
Stopping ozonesecure-ha_scm4.org_1  ... done
Stopping ozonesecure-ha_s3g_1       ... done
Stopping ozonesecure-ha_recon_1     ... done
Stopping ozonesecure-ha_datanode1_1 ... done
Stopping ozonesecure-ha_datanode3_1 ... done
Stopping ozonesecure-ha_datanode2_1 ... done
Stopping ozonesecure-ha_om2_1       ... done
Stopping ozonesecure-ha_om3_1       ... done
Stopping ozonesecure-ha_om1_1       ... done
Stopping ozonesecure-ha_scm3.org_1  ... done
Stopping ozonesecure-ha_scm1.org_1  ... done
Stopping ozonesecure-ha_scm2.org_1  ... done
Removing ozonesecure-ha_scm4.org_1  ... 
Removing ozonesecure-ha_s3g_1       ... 
Removing ozonesecure-ha_kms_1       ... 
Removing ozonesecure-ha_recon_1     ... 
Removing ozonesecure-ha_datanode2_1 ... 
Removing ozonesecure-ha_scm3.org_1  ... 
Removing ozonesecure-ha_kdc_1       ... 
Removing ozonesecure-ha_om3_1       ... 
Removing ozonesecure-ha_om2_1       ... 
Removing ozonesecure-ha_httpfs_1    ... 
Removing ozonesecure-ha_scm2.org_1  ... 
Removing ozonesecure-ha_scm1.org_1  ... 
Removing ozonesecure-ha_datanode1_1 ... 
Removing ozonesecure-ha_datanode3_1 ... 
Removing ozonesecure-ha_om1_1       ... 
Removing ozonesecure-ha_s3g_1       ... done
Removing ozonesecure-ha_om1_1       ... done
Removing ozonesecure-ha_httpfs_1    ... done
Removing ozonesecure-ha_scm1.org_1  ... done
Removing ozonesecure-ha_datanode2_1 ... done
Removing ozonesecure-ha_om3_1       ... done
Removing ozonesecure-ha_scm3.org_1  ... done
Removing ozonesecure-ha_scm4.org_1  ... done
Removing ozonesecure-ha_datanode1_1 ... done
Removing ozonesecure-ha_om2_1       ... done
Removing ozonesecure-ha_kdc_1       ... done
Removing ozonesecure-ha_recon_1     ... done
Removing ozonesecure-ha_kms_1       ... done
Removing ozonesecure-ha_datanode3_1 ... done
Removing ozonesecure-ha_scm2.org_1  ... done
Removing network ozonesecure-ha_ozone_net
ERROR: Test execution of ozonesecure-ha/test-root-ca-rotation.sh is FAILED!!!!
Output:  /home/runner/work/ozone/ozone/hadoop-ozone/dist/target/ozone-1.4.0-SNAPSHOT/compose/result/ozonesecure-ha-root-ca-rotation.xml
removed 'ozonesecure-ha/result/robot-1.xml'
removed 'ozonesecure-ha/result/robot-2.xml'
removed 'ozonesecure-ha/result/robot-3.xml'
removed 'ozonesecure-ha/result/robot-4.xml'
removed 'ozonesecure-ha/result/robot-5.xml'
renamed 'ozonesecure-ha/result/dn-audit-0a133431ac87.log' -> '/home/runner/work/ozone/ozone/hadoop-ozone/dist/target/ozone-1.4.0-SNAPSHOT/compose/result/ozonesecure-ha/root-ca-rotation/dn-audit-0a133431ac87.log'
renamed 'ozonesecure-ha/result/dn-audit-ccea792b4d89.log' -> '/home/runner/work/ozone/ozone/hadoop-ozone/dist/target/ozone-1.4.0-SNAPSHOT/compose/result/ozonesecure-ha/root-ca-rotation/dn-audit-ccea792b4d89.log'
renamed 'ozonesecure-ha/result/dn-audit-f388703c85d9.log' -> '/home/runner/work/ozone/ozone/hadoop-ozone/dist/target/ozone-1.4.0-SNAPSHOT/compose/result/ozonesecure-ha/root-ca-rotation/dn-audit-f388703c85d9.log'
renamed 'ozonesecure-ha/result/docker-ozonesecure-ha_datanode1_1.log' -> '/home/runner/work/ozone/ozone/hadoop-ozone/dist/target/ozone-1.4.0-SNAPSHOT/compose/result/ozonesecure-ha/root-ca-rotation/docker-ozonesecure-ha_datanode1_1.log'
renamed 'ozonesecure-ha/result/docker-ozonesecure-ha_datanode2_1.log' -> '/home/runner/work/ozone/ozone/hadoop-ozone/dist/target/ozone-1.4.0-SNAPSHOT/compose/result/ozonesecure-ha/root-ca-rotation/docker-ozonesecure-ha_datanode2_1.log'
renamed 'ozonesecure-ha/result/docker-ozonesecure-ha_datanode3_1.log' -> '/home/runner/work/ozone/ozone/hadoop-ozone/dist/target/ozone-1.4.0-SNAPSHOT/compose/result/ozonesecure-ha/root-ca-rotation/docker-ozonesecure-ha_datanode3_1.log'
renamed 'ozonesecure-ha/result/docker-ozonesecure-ha_httpfs_1.log' -> '/home/runner/work/ozone/ozone/hadoop-ozone/dist/target/ozone-1.4.0-SNAPSHOT/compose/result/ozonesecure-ha/root-ca-rotation/docker-ozonesecure-ha_httpfs_1.log'
renamed 'ozonesecure-ha/result/docker-ozonesecure-ha_kdc_1.log' -> '/home/runner/work/ozone/ozone/hadoop-ozone/dist/target/ozone-1.4.0-SNAPSHOT/compose/result/ozonesecure-ha/root-ca-rotation/docker-ozonesecure-ha_kdc_1.log'
renamed 'ozonesecure-ha/result/docker-ozonesecure-ha_kms_1.log' -> '/home/runner/work/ozone/ozone/hadoop-ozone/dist/target/ozone-1.4.0-SNAPSHOT/compose/result/ozonesecure-ha/root-ca-rotation/docker-ozonesecure-ha_kms_1.log'
renamed 'ozonesecure-ha/result/docker-ozonesecure-ha_om1_1.log' -> '/home/runner/work/ozone/ozone/hadoop-ozone/dist/target/ozone-1.4.0-SNAPSHOT/compose/result/ozonesecure-ha/root-ca-rotation/docker-ozonesecure-ha_om1_1.log'
renamed 'ozonesecure-ha/result/docker-ozonesecure-ha_om2_1.log' -> '/home/runner/work/ozone/ozone/hadoop-ozone/dist/target/ozone-1.4.0-SNAPSHOT/compose/result/ozonesecure-ha/root-ca-rotation/docker-ozonesecure-ha_om2_1.log'
renamed 'ozonesecure-ha/result/docker-ozonesecure-ha_om3_1.log' -> '/home/runner/work/ozone/ozone/hadoop-ozone/dist/target/ozone-1.4.0-SNAPSHOT/compose/result/ozonesecure-ha/root-ca-rotation/docker-ozonesecure-ha_om3_1.log'
renamed 'ozonesecure-ha/result/docker-ozonesecure-ha_recon_1.log' -> '/home/runner/work/ozone/ozone/hadoop-ozone/dist/target/ozone-1.4.0-SNAPSHOT/compose/result/ozonesecure-ha/root-ca-rotation/docker-ozonesecure-ha_recon_1.log'
renamed 'ozonesecure-ha/result/docker-ozonesecure-ha_s3g_1.log' -> '/home/runner/work/ozone/ozone/hadoop-ozone/dist/target/ozone-1.4.0-SNAPSHOT/compose/result/ozonesecure-ha/root-ca-rotation/docker-ozonesecure-ha_s3g_1.log'
renamed 'ozonesecure-ha/result/docker-ozonesecure-ha_scm1.org_1.log' -> '/home/runner/work/ozone/ozone/hadoop-ozone/dist/target/ozone-1.4.0-SNAPSHOT/compose/result/ozonesecure-ha/root-ca-rotation/docker-ozonesecure-ha_scm1.org_1.log'
renamed 'ozonesecure-ha/result/docker-ozonesecure-ha_scm2.org_1.log' -> '/home/runner/work/ozone/ozone/hadoop-ozone/dist/target/ozone-1.4.0-SNAPSHOT/compose/result/ozonesecure-ha/root-ca-rotation/docker-ozonesecure-ha_scm2.org_1.log'
renamed 'ozonesecure-ha/result/docker-ozonesecure-ha_scm3.org_1.log' -> '/home/runner/work/ozone/ozone/hadoop-ozone/dist/target/ozone-1.4.0-SNAPSHOT/compose/result/ozonesecure-ha/root-ca-rotation/docker-ozonesecure-ha_scm3.org_1.log'
renamed 'ozonesecure-ha/result/docker-ozonesecure-ha_scm4.org_1.log' -> '/home/runner/work/ozone/ozone/hadoop-ozone/dist/target/ozone-1.4.0-SNAPSHOT/compose/result/ozonesecure-ha/root-ca-rotation/docker-ozonesecure-ha_scm4.org_1.log'
renamed 'ozonesecure-ha/result/kms-audit.log' -> '/home/runner/work/ozone/ozone/hadoop-ozone/dist/target/ozone-1.4.0-SNAPSHOT/compose/result/ozonesecure-ha/root-ca-rotation/kms-audit.log'
renamed 'ozonesecure-ha/result/om-audit-om1.log' -> '/home/runner/work/ozone/ozone/hadoop-ozone/dist/target/ozone-1.4.0-SNAPSHOT/compose/result/ozonesecure-ha/root-ca-rotation/om-audit-om1.log'
renamed 'ozonesecure-ha/result/om-audit-om2.log' -> '/home/runner/work/ozone/ozone/hadoop-ozone/dist/target/ozone-1.4.0-SNAPSHOT/compose/result/ozonesecure-ha/root-ca-rotation/om-audit-om2.log'
renamed 'ozonesecure-ha/result/om-audit-om3.log' -> '/home/runner/work/ozone/ozone/hadoop-ozone/dist/target/ozone-1.4.0-SNAPSHOT/compose/result/ozonesecure-ha/root-ca-rotation/om-audit-om3.log'
renamed 'ozonesecure-ha/result/s3g-audit-s3g.log' -> '/home/runner/work/ozone/ozone/hadoop-ozone/dist/target/ozone-1.4.0-SNAPSHOT/compose/result/ozonesecure-ha/root-ca-rotation/s3g-audit-s3g.log'
renamed 'ozonesecure-ha/result/scm-audit-scm1.org.log' -> '/home/runner/work/ozone/ozone/hadoop-ozone/dist/target/ozone-1.4.0-SNAPSHOT/compose/result/ozonesecure-ha/root-ca-rotation/scm-audit-scm1.org.log'
renamed 'ozonesecure-ha/result/scm-audit-scm2.org.log' -> '/home/runner/work/ozone/ozone/hadoop-ozone/dist/target/ozone-1.4.0-SNAPSHOT/compose/result/ozonesecure-ha/root-ca-rotation/scm-audit-scm2.org.log'
renamed 'ozonesecure-ha/result/scm-audit-scm3.org.log' -> '/home/runner/work/ozone/ozone/hadoop-ozone/dist/target/ozone-1.4.0-SNAPSHOT/compose/result/ozonesecure-ha/root-ca-rotation/scm-audit-scm3.org.log'
renamed 'ozonesecure-ha/result/scm-audit-scm4.org.log' -> '/home/runner/work/ozone/ozone/hadoop-ozone/dist/target/ozone-1.4.0-SNAPSHOT/compose/result/ozonesecure-ha/root-ca-rotation/scm-audit-scm4.org.log'
Executing test ozonesecure/test-certificate-rotation.sh
Removing network ozonesecure_default
Network ozonesecure_default not found.
Creating network "ozonesecure_default" with the default driver
Creating ozonesecure_httpfs_1 ... 
Creating ozonesecure_datanode_1 ... 
Creating ozonesecure_datanode_2 ... 
Creating ozonesecure_datanode_3 ... 
Creating ozonesecure_recon_1    ... 
Creating ozonesecure_om_1       ... 
Creating ozonesecure_s3g_1      ... 
Creating ozonesecure_scm_1      ... 
Creating ozonesecure_kdc_1      ... 
Creating ozonesecure_kms_1      ... 
Creating ozonesecure_httpfs_1   ... done
Creating ozonesecure_datanode_2 ... done
Creating ozonesecure_s3g_1      ... done
Creating ozonesecure_datanode_3 ... done
Creating ozonesecure_datanode_1 ... done
Creating ozonesecure_om_1       ... done
Creating ozonesecure_kdc_1      ... done
Creating ozonesecure_recon_1    ... done
Creating ozonesecure_kms_1      ... done
Creating ozonesecure_scm_1      ... done
Port 88 is available on kdc
Port 9860 is not available on scm yet
Port 9860 is not available on scm yet
Port 9860 is not available on scm yet
Port 9860 is not available on scm yet
Port 9860 is not available on scm yet
Port 9860 is not available on scm yet
Port 9860 is not available on scm yet
Port 9860 is not available on scm yet
Port 9860 is not available on scm yet
Port 9860 is not available on scm yet
Port 9860 is not available on scm yet
Port 9860 is not available on scm yet
Port 9860 is not available on scm yet
Port 9860 is not available on scm yet
Port 9860 is not available on scm yet
Port 9860 is not available on scm yet
Port 9860 is not available on scm yet
Port 9860 is not available on scm yet
Port 9860 is not available on scm yet
Port 9860 is not available on scm yet
Port 9860 is not available on scm yet
Port 9860 is not available on scm yet
Port 9860 is not available on scm yet
Port 9860 is not available on scm yet
Port 9860 is not available on scm yet
Port 9860 is not available on scm yet
Port 9860 is available on scm
SCM is in safe mode. Will retry in 1 sec. Remaining time (sec): 226
SCM is in safe mode. Will retry in 1 sec. Remaining time (sec): 225
SCM is in safe mode. Will retry in 1 sec. Remaining time (sec): 224
SCM is in safe mode. Will retry in 1 sec. Remaining time (sec): 223
SCM is in safe mode. Will retry in 1 sec. Remaining time (sec): 222
SCM is in safe mode. Will retry in 1 sec. Remaining time (sec): 221
SCM is in safe mode. Will retry in 1 sec. Remaining time (sec): 220
SCM is in safe mode. Will retry in 1 sec. Remaining time (sec): 219
SCM is in safe mode. Will retry in 1 sec. Remaining time (sec): 218
SCM is in safe mode. Will retry in 1 sec. Remaining time (sec): 217
SCM is in safe mode. Will retry in 1 sec. Remaining time (sec): 216
SCM is in safe mode. Will retry in 1 sec. Remaining time (sec): 215
SCM is in safe mode. Will retry in 1 sec. Remaining time (sec): 214
SCM is in safe mode. Will retry in 1 sec. Remaining time (sec): 213
SCM is in safe mode. Will retry in 1 sec. Remaining time (sec): 212
SCM is in safe mode. Will retry in 1 sec. Remaining time (sec): 211
SCM is in safe mode. Will retry in 1 sec. Remaining time (sec): 210
SCM is in safe mode. Will retry in 1 sec. Remaining time (sec): 209
SCM is in safe mode. Will retry in 1 sec. Remaining time (sec): 208
SCM is in safe mode. Will retry in 1 sec. Remaining time (sec): 207
SCM is in safe mode. Will retry in 1 sec. Remaining time (sec): 206
SCM is in safe mode. Will retry in 1 sec. Remaining time (sec): 205
SCM is in safe mode. Will retry in 1 sec. Remaining time (sec): 204
SCM is in safe mode. Will retry in 1 sec. Remaining time (sec): 203
SCM is in safe mode. Will retry in 1 sec. Remaining time (sec): 202
SCM is in safe mode. Will retry in 1 sec. Remaining time (sec): 201
SCM is in safe mode. Will retry in 1 sec. Remaining time (sec): 200
SCM is in safe mode. Will retry in 1 sec. Remaining time (sec): 199
SCM is in safe mode. Will retry in 1 sec. Remaining time (sec): 198
SCM is in safe mode. Will retry in 1 sec. Remaining time (sec): 197
SCM is in safe mode. Will retry in 1 sec. Remaining time (sec): 196
SCM is in safe mode. Will retry in 1 sec. Remaining time (sec): 195
SCM is in safe mode. Will retry in 1 sec. Remaining time (sec): 194
SCM is in safe mode. Will retry in 1 sec. Remaining time (sec): 193
SCM is in safe mode. Will retry in 1 sec. Remaining time (sec): 192
SCM is out of safe mode.
No OM HA service, no need to wait
==============================================================================
Certrotation                                                                  
==============================================================================
Certrotation.Cert-Rotation :: Smoketest ozone cluster startup                 
==============================================================================
Test datanode functions before and after certificate rotation         depth=2 CN = scm-1@scm, OU = fd12b54e-f6b5-4506-9277-4080b0674b45, O = CID-4b426a6d-040a-4ad2-a8f8-9a431f08aa66
verify error:num=19:self signed certificate in certificate chain
depth=2 CN = scm-1@scm, OU = fd12b54e-f6b5-4506-9277-4080b0674b45, O = CID-4b426a6d-040a-4ad2-a8f8-9a431f08aa66
verify error:num=19:self signed certificate in certificate chain
| PASS |
------------------------------------------------------------------------------
Certrotation.Cert-Rotation :: Smoketest ozone cluster startup         | PASS |
1 test, 1 passed, 0 failed
==============================================================================
Certrotation.Root-Ca-Rotation-Client-Checks :: Generate data                  
==============================================================================
Create a volume and bucket                                            | PASS |
------------------------------------------------------------------------------
Create key                                                            | PASS |
------------------------------------------------------------------------------
Read data from previously created key                                 | PASS |
------------------------------------------------------------------------------
Certrotation.Root-Ca-Rotation-Client-Checks :: Generate data          | PASS |
3 tests, 3 passed, 0 failed
==============================================================================
Certrotation                                                          | PASS |
4 tests, 4 passed, 0 failed
==============================================================================
Output:  /tmp/smoketest/ozonesecure/result/robot-1.xml
Stopping ozonesecure_kms_1      ... 
Stopping ozonesecure_scm_1      ... 
Stopping ozonesecure_kdc_1      ... 
Stopping ozonesecure_s3g_1      ... 
Stopping ozonesecure_om_1       ... 
Stopping ozonesecure_recon_1    ... 
Stopping ozonesecure_datanode_2 ... 
Stopping ozonesecure_datanode_3 ... 
Stopping ozonesecure_datanode_1 ... 
Stopping ozonesecure_httpfs_1   ... 
Stopping ozonesecure_kdc_1      ... done
Stopping ozonesecure_kms_1      ... done
Stopping ozonesecure_httpfs_1   ... done
Stopping ozonesecure_s3g_1      ... done
Stopping ozonesecure_recon_1    ... done
Stopping ozonesecure_datanode_2 ... done
Stopping ozonesecure_datanode_3 ... done
Stopping ozonesecure_datanode_1 ... done
Stopping ozonesecure_om_1       ... done
Stopping ozonesecure_scm_1      ... done
Removing ozonesecure_kms_1      ... 
Removing ozonesecure_scm_1      ... 
Removing ozonesecure_kdc_1      ... 
Removing ozonesecure_s3g_1      ... 
Removing ozonesecure_om_1       ... 
Removing ozonesecure_recon_1    ... 
Removing ozonesecure_datanode_2 ... 
Removing ozonesecure_datanode_3 ... 
Removing ozonesecure_datanode_1 ... 
Removing ozonesecure_httpfs_1   ... 
Removing ozonesecure_datanode_2 ... done
Removing ozonesecure_s3g_1      ... done
Removing ozonesecure_scm_1      ... done
Removing ozonesecure_kdc_1      ... done
Removing ozonesecure_recon_1    ... done
Removing ozonesecure_httpfs_1   ... done
Removing ozonesecure_kms_1      ... done
Removing ozonesecure_om_1       ... done
Removing ozonesecure_datanode_3 ... done
Removing ozonesecure_datanode_1 ... done
Removing network ozonesecure_default
Output:  /home/runner/work/ozone/ozone/hadoop-ozone/dist/target/ozone-1.4.0-SNAPSHOT/compose/result/ozonesecure-certificate-rotation.xml
removed 'ozonesecure/result/robot-1.xml'
renamed 'ozonesecure/result/dn-audit-50442d6b1cdc.log' -> '/home/runner/work/ozone/ozone/hadoop-ozone/dist/target/ozone-1.4.0-SNAPSHOT/compose/result/ozonesecure/certificate-rotation/dn-audit-50442d6b1cdc.log'
renamed 'ozonesecure/result/dn-audit-6030251bf395.log' -> '/home/runner/work/ozone/ozone/hadoop-ozone/dist/target/ozone-1.4.0-SNAPSHOT/compose/result/ozonesecure/certificate-rotation/dn-audit-6030251bf395.log'
renamed 'ozonesecure/result/dn-audit-e66746c855f8.log' -> '/home/runner/work/ozone/ozone/hadoop-ozone/dist/target/ozone-1.4.0-SNAPSHOT/compose/result/ozonesecure/certificate-rotation/dn-audit-e66746c855f8.log'
renamed 'ozonesecure/result/docker-ozonesecure_datanode_1.log' -> '/home/runner/work/ozone/ozone/hadoop-ozone/dist/target/ozone-1.4.0-SNAPSHOT/compose/result/ozonesecure/certificate-rotation/docker-ozonesecure_datanode_1.log'
renamed 'ozonesecure/result/docker-ozonesecure_datanode_2.log' -> '/home/runner/work/ozone/ozone/hadoop-ozone/dist/target/ozone-1.4.0-SNAPSHOT/compose/result/ozonesecure/certificate-rotation/docker-ozonesecure_datanode_2.log'
renamed 'ozonesecure/result/docker-ozonesecure_datanode_3.log' -> '/home/runner/work/ozone/ozone/hadoop-ozone/dist/target/ozone-1.4.0-SNAPSHOT/compose/result/ozonesecure/certificate-rotation/docker-ozonesecure_datanode_3.log'
renamed 'ozonesecure/result/docker-ozonesecure_httpfs_1.log' -> '/home/runner/work/ozone/ozone/hadoop-ozone/dist/target/ozone-1.4.0-SNAPSHOT/compose/result/ozonesecure/certificate-rotation/docker-ozonesecure_httpfs_1.log'
renamed 'ozonesecure/result/docker-ozonesecure_kdc_1.log' -> '/home/runner/work/ozone/ozone/hadoop-ozone/dist/target/ozone-1.4.0-SNAPSHOT/compose/result/ozonesecure/certificate-rotation/docker-ozonesecure_kdc_1.log'
renamed 'ozonesecure/result/docker-ozonesecure_kms_1.log' -> '/home/runner/work/ozone/ozone/hadoop-ozone/dist/target/ozone-1.4.0-SNAPSHOT/compose/result/ozonesecure/certificate-rotation/docker-ozonesecure_kms_1.log'
renamed 'ozonesecure/result/docker-ozonesecure_om_1.log' -> '/home/runner/work/ozone/ozone/hadoop-ozone/dist/target/ozone-1.4.0-SNAPSHOT/compose/result/ozonesecure/certificate-rotation/docker-ozonesecure_om_1.log'
renamed 'ozonesecure/result/docker-ozonesecure_recon_1.log' -> '/home/runner/work/ozone/ozone/hadoop-ozone/dist/target/ozone-1.4.0-SNAPSHOT/compose/result/ozonesecure/certificate-rotation/docker-ozonesecure_recon_1.log'
renamed 'ozonesecure/result/docker-ozonesecure_s3g_1.log' -> '/home/runner/work/ozone/ozone/hadoop-ozone/dist/target/ozone-1.4.0-SNAPSHOT/compose/result/ozonesecure/certificate-rotation/docker-ozonesecure_s3g_1.log'
renamed 'ozonesecure/result/docker-ozonesecure_scm_1.log' -> '/home/runner/work/ozone/ozone/hadoop-ozone/dist/target/ozone-1.4.0-SNAPSHOT/compose/result/ozonesecure/certificate-rotation/docker-ozonesecure_scm_1.log'
renamed 'ozonesecure/result/kms-audit.log' -> '/home/runner/work/ozone/ozone/hadoop-ozone/dist/target/ozone-1.4.0-SNAPSHOT/compose/result/ozonesecure/certificate-rotation/kms-audit.log'
renamed 'ozonesecure/result/om-audit-om.log' -> '/home/runner/work/ozone/ozone/hadoop-ozone/dist/target/ozone-1.4.0-SNAPSHOT/compose/result/ozonesecure/certificate-rotation/om-audit-om.log'
renamed 'ozonesecure/result/s3g-audit-s3g.log' -> '/home/runner/work/ozone/ozone/hadoop-ozone/dist/target/ozone-1.4.0-SNAPSHOT/compose/result/ozonesecure/certificate-rotation/s3g-audit-s3g.log'
renamed 'ozonesecure/result/scm-audit-scm.log' -> '/home/runner/work/ozone/ozone/hadoop-ozone/dist/target/ozone-1.4.0-SNAPSHOT/compose/result/ozonesecure/certificate-rotation/scm-audit-scm.log'
Executing test ozonesecure/test-root-ca-rotation.sh
Removing network ozonesecure_default
Network ozonesecure_default not found.
Creating network "ozonesecure_default" with the default driver
Creating ozonesecure_kdc_1 ... 
Creating ozonesecure_scm_1 ... 
Creating ozonesecure_datanode_1 ... 
Creating ozonesecure_datanode_2 ... 
Creating ozonesecure_datanode_3 ... 
Creating ozonesecure_httpfs_1   ... 
Creating ozonesecure_s3g_1      ... 
Creating ozonesecure_om_1       ... 
Creating ozonesecure_recon_1    ... 
Creating ozonesecure_kms_1      ... 
Creating ozonesecure_kdc_1      ... done
Creating ozonesecure_datanode_1 ... done
Creating ozonesecure_httpfs_1   ... done
Creating ozonesecure_datanode_3 ... done
Creating ozonesecure_s3g_1      ... done
Creating ozonesecure_datanode_2 ... done
Creating ozonesecure_scm_1      ... done
Creating ozonesecure_kms_1      ... done
Creating ozonesecure_om_1       ... done
Creating ozonesecure_recon_1    ... done
Port 88 is available on kdc
Port 9860 is not available on scm yet
Port 9860 is not available on scm yet
Port 9860 is not available on scm yet
Port 9860 is not available on scm yet
Port 9860 is not available on scm yet
Port 9860 is not available on scm yet
Port 9860 is not available on scm yet
Port 9860 is not available on scm yet
Port 9860 is not available on scm yet
Port 9860 is not available on scm yet
Port 9860 is not available on scm yet
Port 9860 is not available on scm yet
Port 9860 is not available on scm yet
Port 9860 is not available on scm yet
Port 9860 is not available on scm yet
Port 9860 is not available on scm yet
Port 9860 is not available on scm yet
Port 9860 is not available on scm yet
Port 9860 is not available on scm yet
Port 9860 is not available on scm yet
Port 9860 is not available on scm yet
Port 9860 is not available on scm yet
Port 9860 is not available on scm yet
Port 9860 is not available on scm yet
Port 9860 is not available on scm yet
Port 9860 is available on scm
SCM is in safe mode. Will retry in 1 sec. Remaining time (sec): 228
SCM is in safe mode. Will retry in 1 sec. Remaining time (sec): 227
SCM is in safe mode. Will retry in 1 sec. Remaining time (sec): 226
SCM is in safe mode. Will retry in 1 sec. Remaining time (sec): 225
SCM is in safe mode. Will retry in 1 sec. Remaining time (sec): 224
SCM is in safe mode. Will retry in 1 sec. Remaining time (sec): 223
SCM is in safe mode. Will retry in 1 sec. Remaining time (sec): 222
SCM is in safe mode. Will retry in 1 sec. Remaining time (sec): 221
SCM is in safe mode. Will retry in 1 sec. Remaining time (sec): 220
SCM is in safe mode. Will retry in 1 sec. Remaining time (sec): 219
SCM is in safe mode. Will retry in 1 sec. Remaining time (sec): 218
SCM is in safe mode. Will retry in 1 sec. Remaining time (sec): 217
SCM is in safe mode. Will retry in 1 sec. Remaining time (sec): 216
SCM is in safe mode. Will retry in 1 sec. Remaining time (sec): 215
SCM is in safe mode. Will retry in 1 sec. Remaining time (sec): 214
SCM is in safe mode. Will retry in 1 sec. Remaining time (sec): 213
SCM is in safe mode. Will retry in 1 sec. Remaining time (sec): 212
SCM is in safe mode. Will retry in 1 sec. Remaining time (sec): 211
SCM is in safe mode. Will retry in 1 sec. Remaining time (sec): 210
SCM is in safe mode. Will retry in 1 sec. Remaining time (sec): 209
SCM is in safe mode. Will retry in 1 sec. Remaining time (sec): 208
SCM is in safe mode. Will retry in 1 sec. Remaining time (sec): 207
SCM is in safe mode. Will retry in 1 sec. Remaining time (sec): 206
SCM is in safe mode. Will retry in 1 sec. Remaining time (sec): 205
SCM is in safe mode. Will retry in 1 sec. Remaining time (sec): 204
SCM is out of safe mode.
No OM HA service, no need to wait
key1 has been successfully created with options Options{cipher='AES/CTR/NoPadding', bitLength=128, description='null', attributes=null}.
org.apache.hadoop.crypto.key.kms.LoadBalancingKMSClientProvider@662b4c69 has been updated.
==============================================================================
Kinit :: Kinit test user                                                      
==============================================================================
Kinit                                                                 | PASS |
------------------------------------------------------------------------------
Kinit :: Kinit test user                                              | PASS |
1 test, 1 passed, 0 failed
==============================================================================
Output:  /tmp/smoketest/ozonesecure/result/robot-1.xml
"RootCARotationManager-Active" #271 daemon prio=5 os_prio=0 cpu=14.42ms elapsed=64.33s tid=0x00007fb930daf800 nid=0x299 waiting on condition  [0x00007fb8ef41d000]
jps | grep StorageContainerManagerStarter |  sed 's/StorageContainerManagerStarter//' | xargs | xargs -I {} jstack {} | grep 'RootCARotationManager-Active' succeed
Certificate id: 2
  [0]         Version: 3
         SerialNumber: 2
             IssuerDN: CN=scm-2@scm,OU=c5b2c51e-b8e0-4016-92df-a08106f932a4,O=CID-2f66cf12-5732-4918-a68a-4d6c3f06b7de
           Start Date: Thu Aug 10 23:26:10 UTC 2023
           Final Date: Thu Aug 10 23:29:10 UTC 2023
            SubjectDN: CN=scm-2@scm,OU=c5b2c51e-b8e0-4016-92df-a08106f932a4,O=CID-2f66cf12-5732-4918-a68a-4d6c3f06b7de
           Public Key: RSA Public Key [5f:e0:74:b7:29:2c:1c:2a:06:de:96:cd:78:8b:c0:01:02:13:65:7e],[56:66:d1:a4]
        modulus: af460e90c7989b813833fc35e10e1e53574300b6e657e7c4f98326425b8ef82bda60238acb4c53dc5e8c332576b3e7158308b733e3946796aa60cf121c832a5cb0a754a1bbb36967c0141df99160ea4b17dbcda1bb82f13c641cde011fd39710cf631f0c013241bc8d54e42e689ffe7dccd1f28b81b420c63dfc2d2431805e0fc9e0ca83de09bcd46781aa5c9a606457d2de4e4de1d76255415a5638e544432576061124672188928a46247983d49530020fa719776079ebac0a75ce997c706c7c8b5fcfd418144077838c8471823659d21c6f9e038788d851217c0c315eb77ab41b4d4ff6d31fde7d5f83af8aac6e23bbcf7c8f8e9d302810ee7dbc0462e99d
public exponent: 10001

  Signature Algorithm: SHA256withRSA
            Signature: 2902b0a0050e2e3a6993169a171d0b5e1c7965ae
                       98c8e9b06abb5a5c707ebf652148ccd5b7ac6e4b
                       4739b8f623220300a53783f01b3ed7513fda05b3
                       f60853b44b43e7cefb10a22ca3dde16892321293
                       ccdbd74d97b2415a1b594a6ea4024dd851f0a771
                       369c651b5282c2901d0327fa0060f0d82f54392d
                       e9e15599af273c06fd1e85e8dd5e416d6e7f33c7
                       0f67d3360986163ffc7ea7695f142eddd67b0af1
                       642a5300681323cb2e9979058c145ba343dbcb45
                       53f04da296e86b3276fc89270c5058b802a063bf
                       54f9c5f9ddd5007e65cf4d7d1919522308b32af2
                       15d9c91e72699929f006a3f1b5fb72d0a990a903
                       3b296b32c7f5ec3bfc211c750e8f3bde
       Extensions: 
                       critical(true) BasicConstraints: isCa(true)
                       critical(true) KeyUsage: 0x6
                       critical(false) 2.5.29.17 value = Sequence
    Tagged [7] IMPLICIT 
        DER Octet String[4] 


ozone admin cert info 2 succeed
find: '/data/metadata/dn/certs/ROOTCA-2.crt': No such file or directory
find /data/metadata/dn/certs/ROOTCA-2.crt hasn't succeed yet
find: '/data/metadata/dn/certs/ROOTCA-2.crt': No such file or directory
find /data/metadata/dn/certs/ROOTCA-2.crt hasn't succeed yet
/data/metadata/dn/certs/ROOTCA-2.crt
find /data/metadata/dn/certs/ROOTCA-2.crt succeed
/data/metadata/om/certs/ROOTCA-2.crt
find /data/metadata/om/certs/ROOTCA-2.crt succeed
==============================================================================
Root-Ca-Rotation-Client-Checks :: Generate data                               
==============================================================================
Create a volume and bucket                                            | PASS |
------------------------------------------------------------------------------
Create key                                                            | PASS |
------------------------------------------------------------------------------
Read data from previously created key                                 | PASS |
------------------------------------------------------------------------------
Root-Ca-Rotation-Client-Checks :: Generate data                       | PASS |
3 tests, 3 passed, 0 failed
==============================================================================
Output:  /tmp/smoketest/ozonesecure/result/robot-2.xml
Certificate not found
ozone admin cert info 3 hasn't succeed yet
Certificate not found
ozone admin cert info 3 hasn't succeed yet
Certificate id: 3
  [0]         Version: 3
         SerialNumber: 3
             IssuerDN: CN=scm-3@scm,OU=c5b2c51e-b8e0-4016-92df-a08106f932a4,O=CID-2f66cf12-5732-4918-a68a-4d6c3f06b7de
           Start Date: Thu Aug 10 23:27:40 UTC 2023
           Final Date: Thu Aug 10 23:30:40 UTC 2023
            SubjectDN: CN=scm-3@scm,OU=c5b2c51e-b8e0-4016-92df-a08106f932a4,O=CID-2f66cf12-5732-4918-a68a-4d6c3f06b7de
           Public Key: RSA Public Key [98:0d:71:7b:db:11:1b:ab:09:1d:c4:d2:90:db:cf:b6:49:9c:d2:b6],[56:66:d1:a4]
        modulus: b90617846051295e4181c738f237d47bb8b66fd4c489439909cd19a229c02e08ebce19e91d1797147c133b0cb2bb5c5d08ab955659ca9277f9c6dc87675500f91c7249b63cd4cee6f9eb1bfd715f3b873cb4d351c4bda8da479a3cd5041d02bb26ce787138c1cb58cf68fadd692c3619040d548d7b252d6677b1dd4b2759535a0177148830a2b0d06a63ab5c8bd36e920e5baa6edbc494d954e485fc85aceffa44a0ba6c70ebc083e1f21ab0131d79c520424ca0f1358bf0116511b7cd5168cfa91aeb7381af6164a723a8d821bce3c8e23889d0f85437bedafb02720a2dc08227be9159711607ddf4b81ae8b0bbc3c8e9fb693c905c3c20e55e54aa50463ff7
public exponent: 10001

  Signature Algorithm: SHA256withRSA
            Signature: 666a1f0ff231bc6ae81b9edcff25f6978c432404
                       8fc7a17ede18923bc02c46e0c91047cbe56d5c4e
                       a8a8d4ac6dc0deb90a33d08256b4e7fd43fcf145
                       f875e0fc074f595d806eaa8c4fe9d06d00a16652
                       649eb3f05d6c0f8b2730343d92064da96b3c6973
                       69d9f7abb1720d184c26e2805ce0935bbb0059e4
                       4b1255200aae67bf19f46581e3c051ab35d9f9af
                       be9f55c812c2a810ef147806e3fb63f41b364be8
                       04698b492da64ea51286b57f2df0ee0e9ea84c72
                       c83628222699720bd1bcd35580e01af5b55c2d06
                       2c7b5e0643ed0b3580bdc3217abde4f78b2454ef
                       01ccff3e3b731c74a8f7425dec4320da81e5bb39
                       6a46b179854c390226cc68d5d957bc6c
       Extensions: 
                       critical(true) BasicConstraints: isCa(true)
                       critical(true) KeyUsage: 0x6
                       critical(false) 2.5.29.17 value = Sequence
    Tagged [7] IMPLICIT 
        DER Octet String[4] 


ozone admin cert info 3 succeed
find: '/data/metadata/om/certs/ROOTCA-3.crt': No such file or directory
find /data/metadata/om/certs/ROOTCA-3.crt hasn't succeed yet
find: '/data/metadata/om/certs/ROOTCA-3.crt': No such file or directory
find /data/metadata/om/certs/ROOTCA-3.crt hasn't succeed yet
find: '/data/metadata/om/certs/ROOTCA-3.crt': No such file or directory
find /data/metadata/om/certs/ROOTCA-3.crt hasn't succeed yet
find: '/data/metadata/om/certs/ROOTCA-3.crt': No such file or directory
find /data/metadata/om/certs/ROOTCA-3.crt hasn't succeed yet
find: '/data/metadata/om/certs/ROOTCA-3.crt': No such file or directory
find /data/metadata/om/certs/ROOTCA-3.crt hasn't succeed yet
find: '/data/metadata/om/certs/ROOTCA-3.crt': No such file or directory
find /data/metadata/om/certs/ROOTCA-3.crt hasn't succeed yet
/data/metadata/om/certs/ROOTCA-3.crt
find /data/metadata/om/certs/ROOTCA-3.crt succeed
Certificate not found
! ozone admin cert info 1 succeed
==============================================================================
Root-Ca-Rotation-Client-Checks :: Generate data                               
==============================================================================
Create a volume and bucket                                            | PASS |
------------------------------------------------------------------------------
Create key                                                            | PASS |
------------------------------------------------------------------------------
Read data from previously created key                                 | PASS |
------------------------------------------------------------------------------
Root-Ca-Rotation-Client-Checks :: Generate data                       | PASS |
3 tests, 3 passed, 0 failed
==============================================================================
Output:  /tmp/smoketest/ozonesecure/result/robot-3.xml
==============================================================================
Root-Ca-Rotation :: Smoketest ozone cluster startup                           
==============================================================================
Verify root CA rotation metrics                                       | PASS |
------------------------------------------------------------------------------
Root-Ca-Rotation :: Smoketest ozone cluster startup                   | PASS |
1 test, 1 passed, 0 failed
==============================================================================
Output:  /tmp/smoketest/ozonesecure/result/robot-4.xml
Stopping ozonesecure_kms_1      ... 
Stopping ozonesecure_recon_1    ... 
Stopping ozonesecure_om_1       ... 
Stopping ozonesecure_s3g_1      ... 
Stopping ozonesecure_datanode_2 ... 
Stopping ozonesecure_httpfs_1   ... 
Stopping ozonesecure_datanode_3 ... 
Stopping ozonesecure_datanode_1 ... 
Stopping ozonesecure_scm_1      ... 
Stopping ozonesecure_kdc_1      ... 
Stopping ozonesecure_kdc_1      ... done
Stopping ozonesecure_kms_1      ... done
Stopping ozonesecure_httpfs_1   ... done
Stopping ozonesecure_s3g_1      ... done
Stopping ozonesecure_recon_1    ... done
Stopping ozonesecure_datanode_2 ... done
Stopping ozonesecure_datanode_3 ... done
Stopping ozonesecure_datanode_1 ... done
Stopping ozonesecure_om_1       ... done
Stopping ozonesecure_scm_1      ... done
Removing ozonesecure_kms_1      ... 
Removing ozonesecure_recon_1    ... 
Removing ozonesecure_om_1       ... 
Removing ozonesecure_s3g_1      ... 
Removing ozonesecure_datanode_2 ... 
Removing ozonesecure_httpfs_1   ... 
Removing ozonesecure_datanode_3 ... 
Removing ozonesecure_datanode_1 ... 
Removing ozonesecure_scm_1      ... 
Removing ozonesecure_kdc_1      ... 
Removing ozonesecure_scm_1      ... done
Removing ozonesecure_httpfs_1   ... done
Removing ozonesecure_kms_1      ... done
Removing ozonesecure_datanode_1 ... done
Removing ozonesecure_kdc_1      ... done
Removing ozonesecure_s3g_1      ... done
Removing ozonesecure_datanode_2 ... done
Removing ozonesecure_recon_1    ... done
Removing ozonesecure_datanode_3 ... done
Removing ozonesecure_om_1       ... done
Removing network ozonesecure_default
Log:     /home/runner/work/ozone/ozone/hadoop-ozone/dist/target/ozone-1.4.0-SNAPSHOT/compose/ozonesecure/result/log.html
Report:  /home/runner/work/ozone/ozone/hadoop-ozone/dist/target/ozone-1.4.0-SNAPSHOT/compose/ozonesecure/result/report.html
Removing network ozonesecure_default
Network ozonesecure_default not found.
Output:  /home/runner/work/ozone/ozone/hadoop-ozone/dist/target/ozone-1.4.0-SNAPSHOT/compose/result/ozonesecure-root-ca-rotation.xml
removed 'ozonesecure/result/robot-1.xml'
removed 'ozonesecure/result/robot-2.xml'
removed 'ozonesecure/result/robot-3.xml'
removed 'ozonesecure/result/robot-4.xml'
removed 'ozonesecure/result/log.html'
removed 'ozonesecure/result/report.html'
renamed 'ozonesecure/result/dn-audit-89d9d2827db6.log' -> '/home/runner/work/ozone/ozone/hadoop-ozone/dist/target/ozone-1.4.0-SNAPSHOT/compose/result/ozonesecure/root-ca-rotation/dn-audit-89d9d2827db6.log'
renamed 'ozonesecure/result/dn-audit-cbd69a962551.log' -> '/home/runner/work/ozone/ozone/hadoop-ozone/dist/target/ozone-1.4.0-SNAPSHOT/compose/result/ozonesecure/root-ca-rotation/dn-audit-cbd69a962551.log'
renamed 'ozonesecure/result/dn-audit-da32bd1be5a5.log' -> '/home/runner/work/ozone/ozone/hadoop-ozone/dist/target/ozone-1.4.0-SNAPSHOT/compose/result/ozonesecure/root-ca-rotation/dn-audit-da32bd1be5a5.log'
renamed 'ozonesecure/result/docker-ozonesecure_datanode_1.log' -> '/home/runner/work/ozone/ozone/hadoop-ozone/dist/target/ozone-1.4.0-SNAPSHOT/compose/result/ozonesecure/root-ca-rotation/docker-ozonesecure_datanode_1.log'
renamed 'ozonesecure/result/docker-ozonesecure_datanode_2.log' -> '/home/runner/work/ozone/ozone/hadoop-ozone/dist/target/ozone-1.4.0-SNAPSHOT/compose/result/ozonesecure/root-ca-rotation/docker-ozonesecure_datanode_2.log'
renamed 'ozonesecure/result/docker-ozonesecure_datanode_3.log' -> '/home/runner/work/ozone/ozone/hadoop-ozone/dist/target/ozone-1.4.0-SNAPSHOT/compose/result/ozonesecure/root-ca-rotation/docker-ozonesecure_datanode_3.log'
renamed 'ozonesecure/result/docker-ozonesecure_httpfs_1.log' -> '/home/runner/work/ozone/ozone/hadoop-ozone/dist/target/ozone-1.4.0-SNAPSHOT/compose/result/ozonesecure/root-ca-rotation/docker-ozonesecure_httpfs_1.log'
renamed 'ozonesecure/result/docker-ozonesecure_kdc_1.log' -> '/home/runner/work/ozone/ozone/hadoop-ozone/dist/target/ozone-1.4.0-SNAPSHOT/compose/result/ozonesecure/root-ca-rotation/docker-ozonesecure_kdc_1.log'
renamed 'ozonesecure/result/docker-ozonesecure_kms_1.log' -> '/home/runner/work/ozone/ozone/hadoop-ozone/dist/target/ozone-1.4.0-SNAPSHOT/compose/result/ozonesecure/root-ca-rotation/docker-ozonesecure_kms_1.log'
renamed 'ozonesecure/result/docker-ozonesecure_om_1.log' -> '/home/runner/work/ozone/ozone/hadoop-ozone/dist/target/ozone-1.4.0-SNAPSHOT/compose/result/ozonesecure/root-ca-rotation/docker-ozonesecure_om_1.log'
renamed 'ozonesecure/result/docker-ozonesecure_recon_1.log' -> '/home/runner/work/ozone/ozone/hadoop-ozone/dist/target/ozone-1.4.0-SNAPSHOT/compose/result/ozonesecure/root-ca-rotation/docker-ozonesecure_recon_1.log'
renamed 'ozonesecure/result/docker-ozonesecure_s3g_1.log' -> '/home/runner/work/ozone/ozone/hadoop-ozone/dist/target/ozone-1.4.0-SNAPSHOT/compose/result/ozonesecure/root-ca-rotation/docker-ozonesecure_s3g_1.log'
renamed 'ozonesecure/result/docker-ozonesecure_scm_1.log' -> '/home/runner/work/ozone/ozone/hadoop-ozone/dist/target/ozone-1.4.0-SNAPSHOT/compose/result/ozonesecure/root-ca-rotation/docker-ozonesecure_scm_1.log'
renamed 'ozonesecure/result/kms-audit.log' -> '/home/runner/work/ozone/ozone/hadoop-ozone/dist/target/ozone-1.4.0-SNAPSHOT/compose/result/ozonesecure/root-ca-rotation/kms-audit.log'
renamed 'ozonesecure/result/om-audit-om.log' -> '/home/runner/work/ozone/ozone/hadoop-ozone/dist/target/ozone-1.4.0-SNAPSHOT/compose/result/ozonesecure/root-ca-rotation/om-audit-om.log'
renamed 'ozonesecure/result/s3g-audit-s3g.log' -> '/home/runner/work/ozone/ozone/hadoop-ozone/dist/target/ozone-1.4.0-SNAPSHOT/compose/result/ozonesecure/root-ca-rotation/s3g-audit-s3g.log'
renamed 'ozonesecure/result/scm-audit-scm.log' -> '/home/runner/work/ozone/ozone/hadoop-ozone/dist/target/ozone-1.4.0-SNAPSHOT/compose/result/ozonesecure/root-ca-rotation/scm-audit-scm.log'
Exception in thread "main" java.net.SocketException: Socket closed
	at java.base/java.net.PlainSocketImpl.socketAccept(Native Method)
	at java.base/java.net.AbstractPlainSocketImpl.accept(AbstractPlainSocketImpl.java:474)
	at java.base/java.net.ServerSocket.implAccept(ServerSocket.java:565)
	at java.base/java.net.ServerSocket.accept(ServerSocket.java:533)
	at org.apache.hadoop.test.JacocoServer.main(JacocoServer.java:60)
Log:     /home/runner/work/ozone/ozone/hadoop-ozone/dist/target/ozone-1.4.0-SNAPSHOT/compose/result/log.html
Report:  /home/runner/work/ozone/ozone/hadoop-ozone/dist/target/ozone-1.4.0-SNAPSHOT/compose/result/report.html
