rm: cannot remove '/home/runner/work/ozone/ozone/hadoop-ozone/dist/target/ozone-1.4.0-SNAPSHOT/compose/result/*': No such file or directory
Executing test ozonesecure-ha/test-scm-decommission.sh
Removing network ozonesecure-ha_ozone_net
Network ozonesecure-ha_ozone_net not found.
Creating network "ozonesecure-ha_ozone_net" with the default driver
Pulling kms (apache/hadoop:3.3.6)...
3.3.6: Pulling from apache/hadoop
Digest: sha256:62a22627f35a1bbf29c721192c02fe311c93749cc43d51df01792b2ac40ff144
Status: Downloaded newer image for apache/hadoop:3.3.6
Pulling scm3.org (apache/ozone-runner:20230615-1)...
20230615-1: Pulling from apache/ozone-runner
Digest: sha256:46c59e4f69c94a8f886d621c9f1898fda8cc4d5de59059c6c74175ffa4718474
Status: Downloaded newer image for apache/ozone-runner:20230615-1
Pulling kdc (apache/ozone-testkrb5:20230318-1)...
20230318-1: Pulling from apache/ozone-testkrb5
Digest: sha256:6a7eeac1ebd12e8968e34ab93fb8d21f2b92ae52bc0a85b662a2d41065f05d3a
Status: Downloaded newer image for apache/ozone-testkrb5:20230318-1
Creating ozonesecure-ha_scm3.org_1 ... 
Creating ozonesecure-ha_datanode3_1 ... 
Creating ozonesecure-ha_om2_1       ... 
Creating ozonesecure-ha_scm2.org_1  ... 
Creating ozonesecure-ha_kdc_1       ... 
Creating ozonesecure-ha_httpfs_1    ... 
Creating ozonesecure-ha_scm1.org_1  ... 
Creating ozonesecure-ha_kms_1       ... 
Creating ozonesecure-ha_om3_1       ... 
Creating ozonesecure-ha_s3g_1       ... 
Creating ozonesecure-ha_recon_1     ... 
Creating ozonesecure-ha_datanode1_1 ... 
Creating ozonesecure-ha_datanode2_1 ... 
Creating ozonesecure-ha_om1_1       ... 
Creating ozonesecure-ha_scm3.org_1  ... done
Creating ozonesecure-ha_datanode3_1 ... done
Creating ozonesecure-ha_kdc_1       ... done
Creating ozonesecure-ha_om2_1       ... done
Creating ozonesecure-ha_scm1.org_1  ... done
Creating ozonesecure-ha_httpfs_1    ... done
Creating ozonesecure-ha_datanode2_1 ... done
Creating ozonesecure-ha_scm2.org_1  ... done
Creating ozonesecure-ha_kms_1       ... done
Creating ozonesecure-ha_recon_1     ... done
Creating ozonesecure-ha_datanode1_1 ... done
Creating ozonesecure-ha_om3_1       ... done
Creating ozonesecure-ha_om1_1       ... done
Creating ozonesecure-ha_s3g_1       ... done
Port 88 is available on kdc
Port 9860 is not available on scm1.org yet
Port 9860 is not available on scm1.org yet
Port 9860 is not available on scm1.org yet
Port 9860 is not available on scm1.org yet
Port 9860 is not available on scm1.org yet
Port 9860 is not available on scm1.org yet
Port 9860 is not available on scm1.org yet
Port 9860 is not available on scm1.org yet
Port 9860 is not available on scm1.org yet
Port 9860 is not available on scm1.org yet
Port 9860 is not available on scm1.org yet
Port 9860 is not available on scm1.org yet
Port 9860 is not available on scm1.org yet
Port 9860 is not available on scm1.org yet
Port 9860 is available on scm1.org
SCM is in safe mode. Will retry in 1 sec. Remaining time (sec): 237
SCM is in safe mode. Will retry in 1 sec. Remaining time (sec): 236
SCM is in safe mode. Will retry in 1 sec. Remaining time (sec): 235
SCM is in safe mode. Will retry in 1 sec. Remaining time (sec): 234
SCM is in safe mode. Will retry in 1 sec. Remaining time (sec): 233
SCM is in safe mode. Will retry in 1 sec. Remaining time (sec): 232
SCM is in safe mode. Will retry in 1 sec. Remaining time (sec): 231
SCM is in safe mode. Will retry in 1 sec. Remaining time (sec): 230
SCM is in safe mode. Will retry in 1 sec. Remaining time (sec): 229
SCM is in safe mode. Will retry in 1 sec. Remaining time (sec): 228
SCM is in safe mode. Will retry in 1 sec. Remaining time (sec): 227
SCM is in safe mode. Will retry in 1 sec. Remaining time (sec): 226
SCM is in safe mode. Will retry in 1 sec. Remaining time (sec): 225
SCM is in safe mode. Will retry in 1 sec. Remaining time (sec): 224
SCM is in safe mode. Will retry in 1 sec. Remaining time (sec): 223
SCM is in safe mode. Will retry in 1 sec. Remaining time (sec): 222
SCM is in safe mode. Will retry in 1 sec. Remaining time (sec): 221
SCM is in safe mode. Will retry in 1 sec. Remaining time (sec): 220
SCM is in safe mode. Will retry in 1 sec. Remaining time (sec): 219
SCM is in safe mode. Will retry in 1 sec. Remaining time (sec): 218
SCM is in safe mode. Will retry in 1 sec. Remaining time (sec): 217
SCM is in safe mode. Will retry in 1 sec. Remaining time (sec): 216
SCM is in safe mode. Will retry in 1 sec. Remaining time (sec): 215
SCM is in safe mode. Will retry in 1 sec. Remaining time (sec): 214
SCM is in safe mode. Will retry in 1 sec. Remaining time (sec): 213
SCM is in safe mode. Will retry in 1 sec. Remaining time (sec): 212
SCM is in safe mode. Will retry in 1 sec. Remaining time (sec): 211
SCM is in safe mode. Will retry in 1 sec. Remaining time (sec): 210
SCM is in safe mode. Will retry in 1 sec. Remaining time (sec): 209
SCM is in safe mode. Will retry in 1 sec. Remaining time (sec): 208
SCM is in safe mode. Will retry in 1 sec. Remaining time (sec): 207
SCM is in safe mode. Will retry in 1 sec. Remaining time (sec): 206
SCM is in safe mode. Will retry in 1 sec. Remaining time (sec): 205
SCM is in safe mode. Will retry in 1 sec. Remaining time (sec): 204
SCM is in safe mode. Will retry in 1 sec. Remaining time (sec): 203
SCM is in safe mode. Will retry in 1 sec. Remaining time (sec): 202
SCM is in safe mode. Will retry in 1 sec. Remaining time (sec): 201
SCM is in safe mode. Will retry in 1 sec. Remaining time (sec): 200
SCM is in safe mode. Will retry in 1 sec. Remaining time (sec): 199
SCM is in safe mode. Will retry in 1 sec. Remaining time (sec): 198
SCM is in safe mode. Will retry in 1 sec. Remaining time (sec): 197
SCM is in safe mode. Will retry in 1 sec. Remaining time (sec): 196
SCM is in safe mode. Will retry in 1 sec. Remaining time (sec): 195
SCM is in safe mode. Will retry in 1 sec. Remaining time (sec): 194
SCM is in safe mode. Will retry in 1 sec. Remaining time (sec): 193
SCM is in safe mode. Will retry in 1 sec. Remaining time (sec): 192
SCM is in safe mode. Will retry in 1 sec. Remaining time (sec): 191
SCM is in safe mode. Will retry in 1 sec. Remaining time (sec): 190
SCM is in safe mode. Will retry in 1 sec. Remaining time (sec): 189
SCM is in safe mode. Will retry in 1 sec. Remaining time (sec): 188
SCM is in safe mode. Will retry in 1 sec. Remaining time (sec): 187
SCM is in safe mode. Will retry in 1 sec. Remaining time (sec): 186
SCM is in safe mode. Will retry in 1 sec. Remaining time (sec): 185
SCM is in safe mode. Will retry in 1 sec. Remaining time (sec): 184
SCM is in safe mode. Will retry in 1 sec. Remaining time (sec): 183
SCM is in safe mode. Will retry in 1 sec. Remaining time (sec): 182
SCM is in safe mode. Will retry in 1 sec. Remaining time (sec): 181
SCM is in safe mode. Will retry in 1 sec. Remaining time (sec): 180
SCM is in safe mode. Will retry in 1 sec. Remaining time (sec): 179
SCM is in safe mode. Will retry in 1 sec. Remaining time (sec): 178
SCM is in safe mode. Will retry in 1 sec. Remaining time (sec): 177
SCM is in safe mode. Will retry in 1 sec. Remaining time (sec): 176
SCM is in safe mode. Will retry in 1 sec. Remaining time (sec): 175
SCM is in safe mode. Will retry in 1 sec. Remaining time (sec): 174
SCM is in safe mode. Will retry in 1 sec. Remaining time (sec): 173
SCM is in safe mode. Will retry in 1 sec. Remaining time (sec): 172
SCM is in safe mode. Will retry in 1 sec. Remaining time (sec): 171
SCM is in safe mode. Will retry in 1 sec. Remaining time (sec): 170
SCM is in safe mode. Will retry in 1 sec. Remaining time (sec): 169
SCM is in safe mode. Will retry in 1 sec. Remaining time (sec): 168
SCM is in safe mode. Will retry in 1 sec. Remaining time (sec): 167
SCM is in safe mode. Will retry in 1 sec. Remaining time (sec): 166
SCM is in safe mode. Will retry in 1 sec. Remaining time (sec): 165
SCM is in safe mode. Will retry in 1 sec. Remaining time (sec): 164
SCM is in safe mode. Will retry in 1 sec. Remaining time (sec): 163
SCM is in safe mode. Will retry in 1 sec. Remaining time (sec): 162
SCM is in safe mode. Will retry in 1 sec. Remaining time (sec): 161
SCM is in safe mode. Will retry in 1 sec. Remaining time (sec): 160
SCM is in safe mode. Will retry in 1 sec. Remaining time (sec): 159
SCM is in safe mode. Will retry in 1 sec. Remaining time (sec): 158
SCM is in safe mode. Will retry in 1 sec. Remaining time (sec): 157
SCM is in safe mode. Will retry in 1 sec. Remaining time (sec): 156
SCM is in safe mode. Will retry in 1 sec. Remaining time (sec): 155
SCM is in safe mode. Will retry in 1 sec. Remaining time (sec): 154
SCM is in safe mode. Will retry in 1 sec. Remaining time (sec): 153
SCM is in safe mode. Will retry in 1 sec. Remaining time (sec): 152
SCM is in safe mode. Will retry in 1 sec. Remaining time (sec): 151
SCM is in safe mode. Will retry in 1 sec. Remaining time (sec): 150
SCM is in safe mode. Will retry in 1 sec. Remaining time (sec): 149
SCM is in safe mode. Will retry in 1 sec. Remaining time (sec): 148
SCM is in safe mode. Will retry in 1 sec. Remaining time (sec): 147
SCM is in safe mode. Will retry in 1 sec. Remaining time (sec): 146
SCM is in safe mode. Will retry in 1 sec. Remaining time (sec): 145
SCM is in safe mode. Will retry in 1 sec. Remaining time (sec): 144
SCM is in safe mode. Will retry in 1 sec. Remaining time (sec): 143
SCM is in safe mode. Will retry in 1 sec. Remaining time (sec): 142
SCM is in safe mode. Will retry in 1 sec. Remaining time (sec): 141
SCM is in safe mode. Will retry in 1 sec. Remaining time (sec): 140
SCM is in safe mode. Will retry in 1 sec. Remaining time (sec): 139
SCM is in safe mode. Will retry in 1 sec. Remaining time (sec): 138
SCM is in safe mode. Will retry in 1 sec. Remaining time (sec): 137
SCM is in safe mode. Will retry in 1 sec. Remaining time (sec): 136
SCM is in safe mode. Will retry in 1 sec. Remaining time (sec): 135
SCM is in safe mode. Will retry in 1 sec. Remaining time (sec): 134
SCM is out of safe mode.
Found OM leader for service omservice: om2 : LEADER (om2)
Replaced OM order with om2,om3,om1 in ozonesecure-ha_datanode1_1
Replaced OM order with om2,om3,om1 in ozonesecure-ha_datanode2_1
Replaced OM order with om2,om3,om1 in ozonesecure-ha_datanode3_1
Replaced OM order with om2,om3,om1 in ozonesecure-ha_recon_1
Replaced OM order with om2,om3,om1 in ozonesecure-ha_s3g_1
Replaced OM order with om2,om3,om1 in ozonesecure-ha_scm1.org_1
Replaced OM order with om2,om3,om1 in ozonesecure-ha_scm2.org_1
Replaced OM order with om2,om3,om1 in ozonesecure-ha_scm3.org_1
Creating ozonesecure-ha_scm4.org_1 ... 
Creating ozonesecure-ha_scm4.org_1 ... done
Port 9894 is not available on scm4.org yet
Port 9894 is not available on scm4.org yet
Port 9894 is not available on scm4.org yet
Port 9894 is not available on scm4.org yet
Port 9894 is not available on scm4.org yet
Port 9894 is not available on scm4.org yet
Port 9894 is not available on scm4.org yet
Port 9894 is not available on scm4.org yet
Port 9894 is available on scm4.org
==============================================================================
Kinit :: Kinit test user                                                      
==============================================================================
Kinit                                                                 | PASS |
------------------------------------------------------------------------------
Kinit :: Kinit test user                                              | PASS |
1 test, 1 passed, 0 failed
==============================================================================
Output:  /tmp/smoketest/ozonesecure-ha/result/robot-1.xml
scm4.org:9894:FOLLOWER:dc422d77-1d31-4343-b1df-7458db8980fc:172.25.0.120
ozone admin scm roles | grep scm4.org succeed
==============================================================================
Primordial-Scm :: Smoketest ozone cluster startup                             
==============================================================================
Verify SCM Count                                                      | PASS |
------------------------------------------------------------------------------
Transfer Leader to SCM4                                               | PASS |
------------------------------------------------------------------------------
Verify SCM4 Certificate                                               | PASS |
------------------------------------------------------------------------------
Primordial-Scm :: Smoketest ozone cluster startup                     | PASS |
3 tests, 3 passed, 0 failed
==============================================================================
Output:  /tmp/smoketest/ozonesecure-ha/result/robot-2.xml
Creating ozonesecure-ha_datanode4_1 ... 
Creating ozonesecure-ha_datanode4_1 ... done
Port 9856 is not available on datanode4 yet
Port 9856 is not available on datanode4 yet
Port 9856 is not available on datanode4 yet
Port 9856 is not available on datanode4 yet
Port 9856 is not available on datanode4 yet
Port 9856 is not available on datanode4 yet
Port 9856 is not available on datanode4 yet
Port 9856 is not available on datanode4 yet
Port 9856 is not available on datanode4 yet
Port 9856 is not available on datanode4 yet
Port 9856 is available on datanode4
Datanode: a1855ace-aa76-42b4-9631-870cbc38528b (/default-rack/172.25.0.121/ozonesecure-ha_datanode4_1.ozonesecure-ha_ozone_net/1 pipelines)
ozone admin datanode list | grep datanode4 succeed
Stopping ozonesecure-ha_scm4.org_1 ... 
Stopping ozonesecure-ha_scm4.org_1 ... done
==============================================================================
Kinit :: Kinit test user                                                      
==============================================================================
Kinit                                                                 | PASS |
------------------------------------------------------------------------------
Kinit :: Kinit test user                                              | PASS |
1 test, 1 passed, 0 failed
==============================================================================
Output:  /tmp/smoketest/ozonesecure-ha/result/robot-3.xml
Decommissioned Scm dc422d77-1d31-4343-b1df-7458db8980fc
ozone admin scm decommission --nodeid=dc422d77-1d31-4343-b1df-7458db8980fc | grep Decommissioned succeed
==============================================================================
Scm-Decommission :: Smoketest ozone cluster startup                           
==============================================================================
Transfer Leader to non-primordial node Follower                       | PASS |
------------------------------------------------------------------------------
Decommission SCM Primordial Node                                      | PASS |
------------------------------------------------------------------------------
Scm-Decommission :: Smoketest ozone cluster startup                   | PASS |
2 tests, 2 passed, 0 failed
==============================================================================
Output:  /tmp/smoketest/ozonesecure-ha/result/robot-4.xml
Stopping ozonesecure-ha_datanode4_1 ... 
Stopping ozonesecure-ha_om1_1       ... 
Stopping ozonesecure-ha_kms_1       ... 
Stopping ozonesecure-ha_datanode1_1 ... 
Stopping ozonesecure-ha_recon_1     ... 
Stopping ozonesecure-ha_om3_1       ... 
Stopping ozonesecure-ha_datanode2_1 ... 
Stopping ozonesecure-ha_s3g_1       ... 
Stopping ozonesecure-ha_kdc_1       ... 
Stopping ozonesecure-ha_httpfs_1    ... 
Stopping ozonesecure-ha_scm2.org_1  ... 
Stopping ozonesecure-ha_datanode3_1 ... 
Stopping ozonesecure-ha_om2_1       ... 
Stopping ozonesecure-ha_scm3.org_1  ... 
Stopping ozonesecure-ha_kdc_1       ... done
Stopping ozonesecure-ha_kms_1       ... done
Stopping ozonesecure-ha_httpfs_1    ... done
Stopping ozonesecure-ha_recon_1     ... done
Stopping ozonesecure-ha_s3g_1       ... done
Stopping ozonesecure-ha_datanode1_1 ... done
Stopping ozonesecure-ha_datanode3_1 ... done
Stopping ozonesecure-ha_datanode2_1 ... done
Stopping ozonesecure-ha_om1_1       ... done
Stopping ozonesecure-ha_om3_1       ... done
Stopping ozonesecure-ha_om2_1       ... done
Stopping ozonesecure-ha_datanode4_1 ... done
Stopping ozonesecure-ha_scm3.org_1  ... done
Stopping ozonesecure-ha_scm2.org_1  ... done
Removing ozonesecure-ha_datanode4_1 ... 
Removing ozonesecure-ha_scm4.org_1  ... 
Removing ozonesecure-ha_om1_1       ... 
Removing ozonesecure-ha_kms_1       ... 
Removing ozonesecure-ha_datanode1_1 ... 
Removing ozonesecure-ha_recon_1     ... 
Removing ozonesecure-ha_om3_1       ... 
Removing ozonesecure-ha_datanode2_1 ... 
Removing ozonesecure-ha_s3g_1       ... 
Removing ozonesecure-ha_scm1.org_1  ... 
Removing ozonesecure-ha_kdc_1       ... 
Removing ozonesecure-ha_httpfs_1    ... 
Removing ozonesecure-ha_scm2.org_1  ... 
Removing ozonesecure-ha_datanode3_1 ... 
Removing ozonesecure-ha_om2_1       ... 
Removing ozonesecure-ha_scm3.org_1  ... 
Removing ozonesecure-ha_httpfs_1    ... done
Removing ozonesecure-ha_scm3.org_1  ... done
Removing ozonesecure-ha_s3g_1       ... done
Removing ozonesecure-ha_kms_1       ... done
Removing ozonesecure-ha_datanode4_1 ... done
Removing ozonesecure-ha_scm2.org_1  ... done
Removing ozonesecure-ha_kdc_1       ... done
Removing ozonesecure-ha_datanode1_1 ... done
Removing ozonesecure-ha_datanode2_1 ... done
Removing ozonesecure-ha_om3_1       ... done
Removing ozonesecure-ha_om1_1       ... done
Removing ozonesecure-ha_recon_1     ... done
Removing ozonesecure-ha_om2_1       ... done
Removing ozonesecure-ha_scm1.org_1  ... done
Removing ozonesecure-ha_scm4.org_1  ... done
Removing ozonesecure-ha_datanode3_1 ... done
Removing network ozonesecure-ha_ozone_net
Output:  /home/runner/work/ozone/ozone/hadoop-ozone/dist/target/ozone-1.4.0-SNAPSHOT/compose/result/ozonesecure-ha-scm-decommission.xml
removed 'ozonesecure-ha/result/robot-1.xml'
removed 'ozonesecure-ha/result/robot-2.xml'
removed 'ozonesecure-ha/result/robot-3.xml'
removed 'ozonesecure-ha/result/robot-4.xml'
renamed 'ozonesecure-ha/result/dn-audit-53850af76755.log' -> '/home/runner/work/ozone/ozone/hadoop-ozone/dist/target/ozone-1.4.0-SNAPSHOT/compose/result/ozonesecure-ha/scm-decommission/dn-audit-53850af76755.log'
renamed 'ozonesecure-ha/result/dn-audit-55118c49c766.log' -> '/home/runner/work/ozone/ozone/hadoop-ozone/dist/target/ozone-1.4.0-SNAPSHOT/compose/result/ozonesecure-ha/scm-decommission/dn-audit-55118c49c766.log'
renamed 'ozonesecure-ha/result/dn-audit-7949e7fcde86.log' -> '/home/runner/work/ozone/ozone/hadoop-ozone/dist/target/ozone-1.4.0-SNAPSHOT/compose/result/ozonesecure-ha/scm-decommission/dn-audit-7949e7fcde86.log'
renamed 'ozonesecure-ha/result/dn-audit-8631ae183ef6.log' -> '/home/runner/work/ozone/ozone/hadoop-ozone/dist/target/ozone-1.4.0-SNAPSHOT/compose/result/ozonesecure-ha/scm-decommission/dn-audit-8631ae183ef6.log'
renamed 'ozonesecure-ha/result/docker-ozonesecure-ha_datanode1_1.log' -> '/home/runner/work/ozone/ozone/hadoop-ozone/dist/target/ozone-1.4.0-SNAPSHOT/compose/result/ozonesecure-ha/scm-decommission/docker-ozonesecure-ha_datanode1_1.log'
renamed 'ozonesecure-ha/result/docker-ozonesecure-ha_datanode2_1.log' -> '/home/runner/work/ozone/ozone/hadoop-ozone/dist/target/ozone-1.4.0-SNAPSHOT/compose/result/ozonesecure-ha/scm-decommission/docker-ozonesecure-ha_datanode2_1.log'
renamed 'ozonesecure-ha/result/docker-ozonesecure-ha_datanode3_1.log' -> '/home/runner/work/ozone/ozone/hadoop-ozone/dist/target/ozone-1.4.0-SNAPSHOT/compose/result/ozonesecure-ha/scm-decommission/docker-ozonesecure-ha_datanode3_1.log'
renamed 'ozonesecure-ha/result/docker-ozonesecure-ha_datanode4_1.log' -> '/home/runner/work/ozone/ozone/hadoop-ozone/dist/target/ozone-1.4.0-SNAPSHOT/compose/result/ozonesecure-ha/scm-decommission/docker-ozonesecure-ha_datanode4_1.log'
renamed 'ozonesecure-ha/result/docker-ozonesecure-ha_httpfs_1.log' -> '/home/runner/work/ozone/ozone/hadoop-ozone/dist/target/ozone-1.4.0-SNAPSHOT/compose/result/ozonesecure-ha/scm-decommission/docker-ozonesecure-ha_httpfs_1.log'
renamed 'ozonesecure-ha/result/docker-ozonesecure-ha_kdc_1.log' -> '/home/runner/work/ozone/ozone/hadoop-ozone/dist/target/ozone-1.4.0-SNAPSHOT/compose/result/ozonesecure-ha/scm-decommission/docker-ozonesecure-ha_kdc_1.log'
renamed 'ozonesecure-ha/result/docker-ozonesecure-ha_kms_1.log' -> '/home/runner/work/ozone/ozone/hadoop-ozone/dist/target/ozone-1.4.0-SNAPSHOT/compose/result/ozonesecure-ha/scm-decommission/docker-ozonesecure-ha_kms_1.log'
renamed 'ozonesecure-ha/result/docker-ozonesecure-ha_om1_1.log' -> '/home/runner/work/ozone/ozone/hadoop-ozone/dist/target/ozone-1.4.0-SNAPSHOT/compose/result/ozonesecure-ha/scm-decommission/docker-ozonesecure-ha_om1_1.log'
renamed 'ozonesecure-ha/result/docker-ozonesecure-ha_om2_1.log' -> '/home/runner/work/ozone/ozone/hadoop-ozone/dist/target/ozone-1.4.0-SNAPSHOT/compose/result/ozonesecure-ha/scm-decommission/docker-ozonesecure-ha_om2_1.log'
renamed 'ozonesecure-ha/result/docker-ozonesecure-ha_om3_1.log' -> '/home/runner/work/ozone/ozone/hadoop-ozone/dist/target/ozone-1.4.0-SNAPSHOT/compose/result/ozonesecure-ha/scm-decommission/docker-ozonesecure-ha_om3_1.log'
renamed 'ozonesecure-ha/result/docker-ozonesecure-ha_recon_1.log' -> '/home/runner/work/ozone/ozone/hadoop-ozone/dist/target/ozone-1.4.0-SNAPSHOT/compose/result/ozonesecure-ha/scm-decommission/docker-ozonesecure-ha_recon_1.log'
renamed 'ozonesecure-ha/result/docker-ozonesecure-ha_s3g_1.log' -> '/home/runner/work/ozone/ozone/hadoop-ozone/dist/target/ozone-1.4.0-SNAPSHOT/compose/result/ozonesecure-ha/scm-decommission/docker-ozonesecure-ha_s3g_1.log'
renamed 'ozonesecure-ha/result/docker-ozonesecure-ha_scm1.org_1.log' -> '/home/runner/work/ozone/ozone/hadoop-ozone/dist/target/ozone-1.4.0-SNAPSHOT/compose/result/ozonesecure-ha/scm-decommission/docker-ozonesecure-ha_scm1.org_1.log'
renamed 'ozonesecure-ha/result/docker-ozonesecure-ha_scm2.org_1.log' -> '/home/runner/work/ozone/ozone/hadoop-ozone/dist/target/ozone-1.4.0-SNAPSHOT/compose/result/ozonesecure-ha/scm-decommission/docker-ozonesecure-ha_scm2.org_1.log'
renamed 'ozonesecure-ha/result/docker-ozonesecure-ha_scm3.org_1.log' -> '/home/runner/work/ozone/ozone/hadoop-ozone/dist/target/ozone-1.4.0-SNAPSHOT/compose/result/ozonesecure-ha/scm-decommission/docker-ozonesecure-ha_scm3.org_1.log'
renamed 'ozonesecure-ha/result/docker-ozonesecure-ha_scm4.org_1.log' -> '/home/runner/work/ozone/ozone/hadoop-ozone/dist/target/ozone-1.4.0-SNAPSHOT/compose/result/ozonesecure-ha/scm-decommission/docker-ozonesecure-ha_scm4.org_1.log'
renamed 'ozonesecure-ha/result/kms-audit.log' -> '/home/runner/work/ozone/ozone/hadoop-ozone/dist/target/ozone-1.4.0-SNAPSHOT/compose/result/ozonesecure-ha/scm-decommission/kms-audit.log'
renamed 'ozonesecure-ha/result/om-audit-om1.log' -> '/home/runner/work/ozone/ozone/hadoop-ozone/dist/target/ozone-1.4.0-SNAPSHOT/compose/result/ozonesecure-ha/scm-decommission/om-audit-om1.log'
renamed 'ozonesecure-ha/result/om-audit-om2.log' -> '/home/runner/work/ozone/ozone/hadoop-ozone/dist/target/ozone-1.4.0-SNAPSHOT/compose/result/ozonesecure-ha/scm-decommission/om-audit-om2.log'
renamed 'ozonesecure-ha/result/om-audit-om3.log' -> '/home/runner/work/ozone/ozone/hadoop-ozone/dist/target/ozone-1.4.0-SNAPSHOT/compose/result/ozonesecure-ha/scm-decommission/om-audit-om3.log'
renamed 'ozonesecure-ha/result/s3g-audit-s3g.log' -> '/home/runner/work/ozone/ozone/hadoop-ozone/dist/target/ozone-1.4.0-SNAPSHOT/compose/result/ozonesecure-ha/scm-decommission/s3g-audit-s3g.log'
renamed 'ozonesecure-ha/result/scm-audit-scm2.org.log' -> '/home/runner/work/ozone/ozone/hadoop-ozone/dist/target/ozone-1.4.0-SNAPSHOT/compose/result/ozonesecure-ha/scm-decommission/scm-audit-scm2.org.log'
renamed 'ozonesecure-ha/result/scm-audit-scm3.org.log' -> '/home/runner/work/ozone/ozone/hadoop-ozone/dist/target/ozone-1.4.0-SNAPSHOT/compose/result/ozonesecure-ha/scm-decommission/scm-audit-scm3.org.log'
Executing test ozonesecure-ha/test.sh
Removing network ozonesecure-ha_ozone_net
Network ozonesecure-ha_ozone_net not found.
Creating network "ozonesecure-ha_ozone_net" with the default driver
Creating ozonesecure-ha_om1_1 ... 
Creating ozonesecure-ha_datanode3_1 ... 
Creating ozonesecure-ha_om3_1       ... 
Creating ozonesecure-ha_s3g_1       ... 
Creating ozonesecure-ha_datanode2_1 ... 
Creating ozonesecure-ha_httpfs_1    ... 
Creating ozonesecure-ha_scm3.org_1  ... 
Creating ozonesecure-ha_kms_1       ... 
Creating ozonesecure-ha_scm2.org_1  ... 
Creating ozonesecure-ha_kdc_1       ... 
Creating ozonesecure-ha_om2_1       ... 
Creating ozonesecure-ha_recon_1     ... 
Creating ozonesecure-ha_scm1.org_1  ... 
Creating ozonesecure-ha_datanode1_1 ... 
Creating ozonesecure-ha_om1_1       ... done
Creating ozonesecure-ha_s3g_1       ... done
Creating ozonesecure-ha_datanode2_1 ... done
Creating ozonesecure-ha_datanode3_1 ... done
Creating ozonesecure-ha_httpfs_1    ... done
Creating ozonesecure-ha_recon_1     ... done
Creating ozonesecure-ha_kms_1       ... done
Creating ozonesecure-ha_scm3.org_1  ... done
Creating ozonesecure-ha_kdc_1       ... done
Creating ozonesecure-ha_om3_1       ... done
Creating ozonesecure-ha_datanode1_1 ... done
Creating ozonesecure-ha_om2_1       ... done
Creating ozonesecure-ha_scm2.org_1  ... done
Creating ozonesecure-ha_scm1.org_1  ... done
Port 88 is available on kdc
Port 9860 is not available on scm1.org yet
Port 9860 is not available on scm1.org yet
Port 9860 is not available on scm1.org yet
Port 9860 is not available on scm1.org yet
Port 9860 is not available on scm1.org yet
Port 9860 is not available on scm1.org yet
Port 9860 is not available on scm1.org yet
Port 9860 is not available on scm1.org yet
Port 9860 is not available on scm1.org yet
Port 9860 is not available on scm1.org yet
Port 9860 is not available on scm1.org yet
Port 9860 is not available on scm1.org yet
Port 9860 is not available on scm1.org yet
Port 9860 is not available on scm1.org yet
Port 9860 is not available on scm1.org yet
Port 9860 is not available on scm1.org yet
Port 9860 is available on scm1.org
SCM is in safe mode. Will retry in 1 sec. Remaining time (sec): 237
SCM is in safe mode. Will retry in 1 sec. Remaining time (sec): 236
SCM is in safe mode. Will retry in 1 sec. Remaining time (sec): 235
SCM is in safe mode. Will retry in 1 sec. Remaining time (sec): 234
SCM is in safe mode. Will retry in 1 sec. Remaining time (sec): 233
SCM is in safe mode. Will retry in 1 sec. Remaining time (sec): 232
SCM is in safe mode. Will retry in 1 sec. Remaining time (sec): 231
SCM is in safe mode. Will retry in 1 sec. Remaining time (sec): 230
SCM is in safe mode. Will retry in 1 sec. Remaining time (sec): 229
SCM is in safe mode. Will retry in 1 sec. Remaining time (sec): 228
SCM is in safe mode. Will retry in 1 sec. Remaining time (sec): 227
SCM is in safe mode. Will retry in 1 sec. Remaining time (sec): 226
SCM is in safe mode. Will retry in 1 sec. Remaining time (sec): 225
SCM is in safe mode. Will retry in 1 sec. Remaining time (sec): 224
SCM is in safe mode. Will retry in 1 sec. Remaining time (sec): 223
SCM is in safe mode. Will retry in 1 sec. Remaining time (sec): 222
SCM is in safe mode. Will retry in 1 sec. Remaining time (sec): 221
SCM is in safe mode. Will retry in 1 sec. Remaining time (sec): 220
SCM is in safe mode. Will retry in 1 sec. Remaining time (sec): 219
SCM is in safe mode. Will retry in 1 sec. Remaining time (sec): 218
SCM is in safe mode. Will retry in 1 sec. Remaining time (sec): 217
SCM is in safe mode. Will retry in 1 sec. Remaining time (sec): 216
SCM is in safe mode. Will retry in 1 sec. Remaining time (sec): 215
SCM is in safe mode. Will retry in 1 sec. Remaining time (sec): 214
SCM is in safe mode. Will retry in 1 sec. Remaining time (sec): 213
SCM is in safe mode. Will retry in 1 sec. Remaining time (sec): 212
SCM is in safe mode. Will retry in 1 sec. Remaining time (sec): 211
SCM is in safe mode. Will retry in 1 sec. Remaining time (sec): 210
SCM is in safe mode. Will retry in 1 sec. Remaining time (sec): 209
SCM is in safe mode. Will retry in 1 sec. Remaining time (sec): 208
SCM is in safe mode. Will retry in 1 sec. Remaining time (sec): 207
SCM is in safe mode. Will retry in 1 sec. Remaining time (sec): 206
SCM is in safe mode. Will retry in 1 sec. Remaining time (sec): 205
SCM is in safe mode. Will retry in 1 sec. Remaining time (sec): 204
SCM is in safe mode. Will retry in 1 sec. Remaining time (sec): 203
SCM is in safe mode. Will retry in 1 sec. Remaining time (sec): 202
SCM is in safe mode. Will retry in 1 sec. Remaining time (sec): 201
SCM is in safe mode. Will retry in 1 sec. Remaining time (sec): 200
SCM is in safe mode. Will retry in 1 sec. Remaining time (sec): 199
SCM is in safe mode. Will retry in 1 sec. Remaining time (sec): 198
SCM is in safe mode. Will retry in 1 sec. Remaining time (sec): 197
SCM is in safe mode. Will retry in 1 sec. Remaining time (sec): 196
SCM is in safe mode. Will retry in 1 sec. Remaining time (sec): 195
SCM is in safe mode. Will retry in 1 sec. Remaining time (sec): 194
SCM is in safe mode. Will retry in 1 sec. Remaining time (sec): 193
SCM is in safe mode. Will retry in 1 sec. Remaining time (sec): 192
SCM is in safe mode. Will retry in 1 sec. Remaining time (sec): 191
SCM is in safe mode. Will retry in 1 sec. Remaining time (sec): 190
SCM is in safe mode. Will retry in 1 sec. Remaining time (sec): 189
SCM is in safe mode. Will retry in 1 sec. Remaining time (sec): 188
SCM is in safe mode. Will retry in 1 sec. Remaining time (sec): 187
SCM is in safe mode. Will retry in 1 sec. Remaining time (sec): 186
SCM is in safe mode. Will retry in 1 sec. Remaining time (sec): 185
SCM is in safe mode. Will retry in 1 sec. Remaining time (sec): 184
SCM is in safe mode. Will retry in 1 sec. Remaining time (sec): 183
SCM is in safe mode. Will retry in 1 sec. Remaining time (sec): 182
SCM is in safe mode. Will retry in 1 sec. Remaining time (sec): 181
SCM is in safe mode. Will retry in 1 sec. Remaining time (sec): 180
SCM is in safe mode. Will retry in 1 sec. Remaining time (sec): 179
SCM is in safe mode. Will retry in 1 sec. Remaining time (sec): 178
SCM is in safe mode. Will retry in 1 sec. Remaining time (sec): 177
SCM is in safe mode. Will retry in 1 sec. Remaining time (sec): 176
SCM is in safe mode. Will retry in 1 sec. Remaining time (sec): 175
SCM is in safe mode. Will retry in 1 sec. Remaining time (sec): 174
SCM is in safe mode. Will retry in 1 sec. Remaining time (sec): 173
SCM is in safe mode. Will retry in 1 sec. Remaining time (sec): 172
SCM is in safe mode. Will retry in 1 sec. Remaining time (sec): 171
SCM is in safe mode. Will retry in 1 sec. Remaining time (sec): 170
SCM is in safe mode. Will retry in 1 sec. Remaining time (sec): 169
SCM is in safe mode. Will retry in 1 sec. Remaining time (sec): 168
SCM is in safe mode. Will retry in 1 sec. Remaining time (sec): 167
SCM is in safe mode. Will retry in 1 sec. Remaining time (sec): 166
SCM is in safe mode. Will retry in 1 sec. Remaining time (sec): 165
SCM is in safe mode. Will retry in 1 sec. Remaining time (sec): 164
SCM is in safe mode. Will retry in 1 sec. Remaining time (sec): 163
SCM is in safe mode. Will retry in 1 sec. Remaining time (sec): 162
SCM is in safe mode. Will retry in 1 sec. Remaining time (sec): 161
SCM is in safe mode. Will retry in 1 sec. Remaining time (sec): 160
SCM is in safe mode. Will retry in 1 sec. Remaining time (sec): 159
SCM is in safe mode. Will retry in 1 sec. Remaining time (sec): 158
SCM is in safe mode. Will retry in 1 sec. Remaining time (sec): 157
SCM is in safe mode. Will retry in 1 sec. Remaining time (sec): 156
SCM is in safe mode. Will retry in 1 sec. Remaining time (sec): 155
SCM is in safe mode. Will retry in 1 sec. Remaining time (sec): 154
SCM is in safe mode. Will retry in 1 sec. Remaining time (sec): 153
SCM is in safe mode. Will retry in 1 sec. Remaining time (sec): 152
SCM is in safe mode. Will retry in 1 sec. Remaining time (sec): 151
SCM is in safe mode. Will retry in 1 sec. Remaining time (sec): 150
SCM is in safe mode. Will retry in 1 sec. Remaining time (sec): 149
SCM is in safe mode. Will retry in 1 sec. Remaining time (sec): 148
SCM is in safe mode. Will retry in 1 sec. Remaining time (sec): 147
SCM is in safe mode. Will retry in 1 sec. Remaining time (sec): 146
SCM is in safe mode. Will retry in 1 sec. Remaining time (sec): 145
SCM is in safe mode. Will retry in 1 sec. Remaining time (sec): 144
SCM is in safe mode. Will retry in 1 sec. Remaining time (sec): 143
SCM is in safe mode. Will retry in 1 sec. Remaining time (sec): 142
SCM is in safe mode. Will retry in 1 sec. Remaining time (sec): 141
SCM is in safe mode. Will retry in 1 sec. Remaining time (sec): 140
SCM is in safe mode. Will retry in 1 sec. Remaining time (sec): 139
SCM is in safe mode. Will retry in 1 sec. Remaining time (sec): 138
SCM is in safe mode. Will retry in 1 sec. Remaining time (sec): 137
SCM is in safe mode. Will retry in 1 sec. Remaining time (sec): 136
SCM is in safe mode. Will retry in 1 sec. Remaining time (sec): 135
SCM is in safe mode. Will retry in 1 sec. Remaining time (sec): 134
SCM is in safe mode. Will retry in 1 sec. Remaining time (sec): 133
SCM is in safe mode. Will retry in 1 sec. Remaining time (sec): 132
SCM is in safe mode. Will retry in 1 sec. Remaining time (sec): 131
SCM is in safe mode. Will retry in 1 sec. Remaining time (sec): 130
SCM is in safe mode. Will retry in 1 sec. Remaining time (sec): 129
SCM is in safe mode. Will retry in 1 sec. Remaining time (sec): 128
SCM is out of safe mode.
Found OM leader for service omservice: om2 : LEADER (om2)
Replaced OM order with om2,om3,om1 in ozonesecure-ha_datanode1_1
Replaced OM order with om2,om3,om1 in ozonesecure-ha_datanode2_1
Replaced OM order with om2,om3,om1 in ozonesecure-ha_datanode3_1
Replaced OM order with om2,om3,om1 in ozonesecure-ha_recon_1
Replaced OM order with om2,om3,om1 in ozonesecure-ha_s3g_1
Replaced OM order with om2,om3,om1 in ozonesecure-ha_scm1.org_1
Replaced OM order with om2,om3,om1 in ozonesecure-ha_scm2.org_1
Replaced OM order with om2,om3,om1 in ozonesecure-ha_scm3.org_1
key1 has been successfully created with options Options{cipher='AES/CTR/NoPadding', bitLength=128, description='null', attributes=null}.
org.apache.hadoop.crypto.key.kms.LoadBalancingKMSClientProvider@662b4c69 has been updated.
==============================================================================
Kinit :: Kinit test user                                                      
==============================================================================
Kinit                                                                 | PASS |
------------------------------------------------------------------------------
Kinit :: Kinit test user                                              | PASS |
1 test, 1 passed, 0 failed
==============================================================================
Output:  /tmp/smoketest/ozonesecure-ha/result/robot-1.xml
==============================================================================
Freon                                                                         
==============================================================================
Freon.echoRPCLoad :: Test freon echo RPC commands                             
==============================================================================
[Read] Ozone Echo RPC Load Generator with request payload and resp... | PASS |
------------------------------------------------------------------------------
[Read] Ozone Echo RPC Load Generator with request payload and empt... | PASS |
------------------------------------------------------------------------------
[Read] Ozone Echo RPC Load Generator with empty request payload an... | PASS |
------------------------------------------------------------------------------
[Read] Ozone Echo RPC Load Generator with empty request payload an... | PASS |
------------------------------------------------------------------------------
[Write] Ozone Echo RPC Load Generator with request payload and res... | PASS |
------------------------------------------------------------------------------
[Write] Ozone Echo RPC Load Generator with request payload and emp... | PASS |
------------------------------------------------------------------------------
[Write] Ozone Echo RPC Load Generator with empty request payload a... | PASS |
------------------------------------------------------------------------------
[Write] Ozone Echo RPC Load Generator with empty request payload a... | PASS |
------------------------------------------------------------------------------
Freon.echoRPCLoad :: Test freon echo RPC commands                     | PASS |
8 tests, 8 passed, 0 failed
==============================================================================
Freon.Generate-Chunk :: Test freon chunk generation commands                  
==============================================================================
DN Chunk Generator                                                    | PASS |
------------------------------------------------------------------------------
Freon.Generate-Chunk :: Test freon chunk generation commands          | PASS |
1 test, 1 passed, 0 failed
==============================================================================
Freon.Generate :: Test freon data generation commands                         
==============================================================================
Ozone Client Key Generator                                            | PASS |
------------------------------------------------------------------------------
OM Key Generator                                                      | PASS |
------------------------------------------------------------------------------
OM Bucket Generator                                                   | PASS |
------------------------------------------------------------------------------
Freon.Generate :: Test freon data generation commands                 | PASS |
3 tests, 3 passed, 0 failed
==============================================================================
Freon.Read-Write-Key :: Test freon read/write key commands                    
==============================================================================
Pre-generate 100 keys of size 1 byte each to Ozone                    | PASS |
------------------------------------------------------------------------------
Read 10 keys from pre-generated keys                                  | PASS |
------------------------------------------------------------------------------
Read 10 keys' metadata from pre-generated keys                        | PASS |
------------------------------------------------------------------------------
Write 10 keys of size 1 byte each from key index 0 to 99              | PASS |
------------------------------------------------------------------------------
Run 90 % of read-key tasks and 10 % of write-key tasks for 10 keys... | PASS |
------------------------------------------------------------------------------
Run 50 % of read-key tasks, 40 % list-key tasks and 10 % of write-... | PASS |
------------------------------------------------------------------------------
Freon.Read-Write-Key :: Test freon read/write key commands            | PASS |
6 tests, 6 passed, 0 failed
==============================================================================
Freon.Remove :: Test freon data remove commands                               
==============================================================================
Ozone Client Key Remover                                              | PASS |
------------------------------------------------------------------------------
OM Bucket Remover                                                     | PASS |
------------------------------------------------------------------------------
Freon.Remove :: Test freon data remove commands                       | PASS |
2 tests, 2 passed, 0 failed
==============================================================================
Freon.Validate-Chunk :: Test freon chunk validation commands                  
==============================================================================
DN Chunk Validator                                                    | PASS |
------------------------------------------------------------------------------
Freon.Validate-Chunk :: Test freon chunk validation commands          | PASS |
1 test, 1 passed, 0 failed
==============================================================================
Freon.Validate :: Test freon data validation commands                         
==============================================================================
Ozone Client Key Validator                                            | PASS |
------------------------------------------------------------------------------
Freon.Validate :: Test freon data validation commands                 | PASS |
1 test, 1 passed, 0 failed
==============================================================================
Freon                                                                 | PASS |
22 tests, 22 passed, 0 failed
==============================================================================
Output:  /tmp/smoketest/ozonesecure-ha/result/robot-2.xml
==============================================================================
ozonefs-o3fs-link :: Ozone FS tests                                           
==============================================================================
List root                                                             | PASS |
------------------------------------------------------------------------------
List non-existent volume                                              | PASS |
------------------------------------------------------------------------------
List non-existent bucket                                              | PASS |
------------------------------------------------------------------------------
Create dir with parents                                               | PASS |
------------------------------------------------------------------------------
Copy from local                                                       | PASS |
------------------------------------------------------------------------------
Put                                                                   | PASS |
------------------------------------------------------------------------------
Check disk usage after create a file which uses RATIS replication ... | PASS |
------------------------------------------------------------------------------
Put with Streaming                                                    | PASS |
------------------------------------------------------------------------------
List                                                                  | PASS |
------------------------------------------------------------------------------
Move                                                                  | PASS |
------------------------------------------------------------------------------
Copy within FS                                                        | PASS |
------------------------------------------------------------------------------
Cat file                                                              | PASS |
------------------------------------------------------------------------------
Delete file                                                           | PASS |
------------------------------------------------------------------------------
Delete dir                                                            | PASS |
------------------------------------------------------------------------------
Touch file                                                            | PASS |
------------------------------------------------------------------------------
Delete file with Trash                                                | FAIL |
1 != 0
------------------------------------------------------------------------------
Delete recursively                                                    | PASS |
------------------------------------------------------------------------------
List recursively                                                      | PASS |
------------------------------------------------------------------------------
Copy to other bucket                                                  | PASS |
------------------------------------------------------------------------------
Copy to other volume                                                  | PASS |
------------------------------------------------------------------------------
List file created via shell                                           | PASS |
------------------------------------------------------------------------------
Reject overwrite existing                                             | PASS |
------------------------------------------------------------------------------
Get file                                                              | PASS |
------------------------------------------------------------------------------
ozonefs-o3fs-link :: Ozone FS tests                                   | FAIL |
23 tests, 22 passed, 1 failed
==============================================================================
Output:  /tmp/smoketest/ozonesecure-ha/result/robot-3.xml
jstack 7 > /home/runner/work/ozone/ozone/hadoop-ozone/dist/target/ozone-1.4.0-SNAPSHOT/compose/ozonesecure-ha/result/ozonesecure-ha_datanode1_1_HddsDatanodeService.stack
jstack 6 > /home/runner/work/ozone/ozone/hadoop-ozone/dist/target/ozone-1.4.0-SNAPSHOT/compose/ozonesecure-ha/result/ozonesecure-ha_datanode2_1_HddsDatanodeService.stack
jstack 6 > /home/runner/work/ozone/ozone/hadoop-ozone/dist/target/ozone-1.4.0-SNAPSHOT/compose/ozonesecure-ha/result/ozonesecure-ha_datanode3_1_HddsDatanodeService.stack
jstack 6 > /home/runner/work/ozone/ozone/hadoop-ozone/dist/target/ozone-1.4.0-SNAPSHOT/compose/ozonesecure-ha/result/ozonesecure-ha_om1_1_OzoneManagerStarter.stack
jstack 6 > /home/runner/work/ozone/ozone/hadoop-ozone/dist/target/ozone-1.4.0-SNAPSHOT/compose/ozonesecure-ha/result/ozonesecure-ha_om2_1_OzoneManagerStarter.stack
jstack 7 > /home/runner/work/ozone/ozone/hadoop-ozone/dist/target/ozone-1.4.0-SNAPSHOT/compose/ozonesecure-ha/result/ozonesecure-ha_om3_1_OzoneManagerStarter.stack
jstack 7 > /home/runner/work/ozone/ozone/hadoop-ozone/dist/target/ozone-1.4.0-SNAPSHOT/compose/ozonesecure-ha/result/ozonesecure-ha_recon_1_ReconServer.stack
jstack 7 > /home/runner/work/ozone/ozone/hadoop-ozone/dist/target/ozone-1.4.0-SNAPSHOT/compose/ozonesecure-ha/result/ozonesecure-ha_s3g_1_Gateway.stack
jstack 6 > /home/runner/work/ozone/ozone/hadoop-ozone/dist/target/ozone-1.4.0-SNAPSHOT/compose/ozonesecure-ha/result/ozonesecure-ha_scm1.org_1_StorageContainerManagerStarter.stack
jstack 7 > /home/runner/work/ozone/ozone/hadoop-ozone/dist/target/ozone-1.4.0-SNAPSHOT/compose/ozonesecure-ha/result/ozonesecure-ha_scm2.org_1_StorageContainerManagerStarter.stack
jstack 7 > /home/runner/work/ozone/ozone/hadoop-ozone/dist/target/ozone-1.4.0-SNAPSHOT/compose/ozonesecure-ha/result/ozonesecure-ha_scm3.org_1_StorageContainerManagerStarter.stack
Stopping ozonesecure-ha_datanode1_1 ... 
Stopping ozonesecure-ha_scm1.org_1  ... 
Stopping ozonesecure-ha_recon_1     ... 
Stopping ozonesecure-ha_om2_1       ... 
Stopping ozonesecure-ha_kdc_1       ... 
Stopping ozonesecure-ha_scm2.org_1  ... 
Stopping ozonesecure-ha_kms_1       ... 
Stopping ozonesecure-ha_scm3.org_1  ... 
Stopping ozonesecure-ha_httpfs_1    ... 
Stopping ozonesecure-ha_datanode2_1 ... 
Stopping ozonesecure-ha_om3_1       ... 
Stopping ozonesecure-ha_s3g_1       ... 
Stopping ozonesecure-ha_datanode3_1 ... 
Stopping ozonesecure-ha_om1_1       ... 
Stopping ozonesecure-ha_kdc_1       ... done
Stopping ozonesecure-ha_kms_1       ... done
Stopping ozonesecure-ha_httpfs_1    ... done
Stopping ozonesecure-ha_s3g_1       ... done
Stopping ozonesecure-ha_recon_1     ... done
Stopping ozonesecure-ha_datanode3_1 ... done
Stopping ozonesecure-ha_datanode2_1 ... done
Stopping ozonesecure-ha_datanode1_1 ... done
Stopping ozonesecure-ha_om1_1       ... done
Stopping ozonesecure-ha_om3_1       ... done
Stopping ozonesecure-ha_om2_1       ... done
Stopping ozonesecure-ha_scm1.org_1  ... done
Stopping ozonesecure-ha_scm3.org_1  ... done
Stopping ozonesecure-ha_scm2.org_1  ... done
Removing ozonesecure-ha_datanode1_1 ... 
Removing ozonesecure-ha_scm1.org_1  ... 
Removing ozonesecure-ha_recon_1     ... 
Removing ozonesecure-ha_om2_1       ... 
Removing ozonesecure-ha_kdc_1       ... 
Removing ozonesecure-ha_scm2.org_1  ... 
Removing ozonesecure-ha_kms_1       ... 
Removing ozonesecure-ha_scm3.org_1  ... 
Removing ozonesecure-ha_httpfs_1    ... 
Removing ozonesecure-ha_datanode2_1 ... 
Removing ozonesecure-ha_om3_1       ... 
Removing ozonesecure-ha_s3g_1       ... 
Removing ozonesecure-ha_datanode3_1 ... 
Removing ozonesecure-ha_om1_1       ... 
Removing ozonesecure-ha_scm3.org_1  ... done
Removing ozonesecure-ha_datanode2_1 ... done
Removing ozonesecure-ha_om1_1       ... done
Removing ozonesecure-ha_httpfs_1    ... done
Removing ozonesecure-ha_scm1.org_1  ... done
Removing ozonesecure-ha_recon_1     ... done
Removing ozonesecure-ha_kdc_1       ... done
Removing ozonesecure-ha_s3g_1       ... done
Removing ozonesecure-ha_kms_1       ... done
Removing ozonesecure-ha_scm2.org_1  ... done
Removing ozonesecure-ha_om3_1       ... done
Removing ozonesecure-ha_datanode1_1 ... done
Removing ozonesecure-ha_om2_1       ... done
Removing ozonesecure-ha_datanode3_1 ... done
Removing network ozonesecure-ha_ozone_net
ERROR: Test execution of ozonesecure-ha/test.sh is FAILED!!!!
Output:  /home/runner/work/ozone/ozone/hadoop-ozone/dist/target/ozone-1.4.0-SNAPSHOT/compose/result/ozonesecure-ha.xml
removed 'ozonesecure-ha/result/robot-1.xml'
removed 'ozonesecure-ha/result/robot-2.xml'
removed 'ozonesecure-ha/result/robot-3.xml'
renamed 'ozonesecure-ha/result/dn-audit-160e4ba2cf94.log' -> '/home/runner/work/ozone/ozone/hadoop-ozone/dist/target/ozone-1.4.0-SNAPSHOT/compose/result/ozonesecure-ha/dn-audit-160e4ba2cf94.log'
renamed 'ozonesecure-ha/result/dn-audit-2e98283af8b0.log' -> '/home/runner/work/ozone/ozone/hadoop-ozone/dist/target/ozone-1.4.0-SNAPSHOT/compose/result/ozonesecure-ha/dn-audit-2e98283af8b0.log'
renamed 'ozonesecure-ha/result/dn-audit-be4aaf6dacf1.log' -> '/home/runner/work/ozone/ozone/hadoop-ozone/dist/target/ozone-1.4.0-SNAPSHOT/compose/result/ozonesecure-ha/dn-audit-be4aaf6dacf1.log'
renamed 'ozonesecure-ha/result/docker-ozonesecure-ha_datanode1_1.log' -> '/home/runner/work/ozone/ozone/hadoop-ozone/dist/target/ozone-1.4.0-SNAPSHOT/compose/result/ozonesecure-ha/docker-ozonesecure-ha_datanode1_1.log'
renamed 'ozonesecure-ha/result/docker-ozonesecure-ha_datanode2_1.log' -> '/home/runner/work/ozone/ozone/hadoop-ozone/dist/target/ozone-1.4.0-SNAPSHOT/compose/result/ozonesecure-ha/docker-ozonesecure-ha_datanode2_1.log'
renamed 'ozonesecure-ha/result/docker-ozonesecure-ha_datanode3_1.log' -> '/home/runner/work/ozone/ozone/hadoop-ozone/dist/target/ozone-1.4.0-SNAPSHOT/compose/result/ozonesecure-ha/docker-ozonesecure-ha_datanode3_1.log'
renamed 'ozonesecure-ha/result/docker-ozonesecure-ha_httpfs_1.log' -> '/home/runner/work/ozone/ozone/hadoop-ozone/dist/target/ozone-1.4.0-SNAPSHOT/compose/result/ozonesecure-ha/docker-ozonesecure-ha_httpfs_1.log'
renamed 'ozonesecure-ha/result/docker-ozonesecure-ha_kdc_1.log' -> '/home/runner/work/ozone/ozone/hadoop-ozone/dist/target/ozone-1.4.0-SNAPSHOT/compose/result/ozonesecure-ha/docker-ozonesecure-ha_kdc_1.log'
renamed 'ozonesecure-ha/result/docker-ozonesecure-ha_kms_1.log' -> '/home/runner/work/ozone/ozone/hadoop-ozone/dist/target/ozone-1.4.0-SNAPSHOT/compose/result/ozonesecure-ha/docker-ozonesecure-ha_kms_1.log'
renamed 'ozonesecure-ha/result/docker-ozonesecure-ha_om1_1.log' -> '/home/runner/work/ozone/ozone/hadoop-ozone/dist/target/ozone-1.4.0-SNAPSHOT/compose/result/ozonesecure-ha/docker-ozonesecure-ha_om1_1.log'
renamed 'ozonesecure-ha/result/docker-ozonesecure-ha_om2_1.log' -> '/home/runner/work/ozone/ozone/hadoop-ozone/dist/target/ozone-1.4.0-SNAPSHOT/compose/result/ozonesecure-ha/docker-ozonesecure-ha_om2_1.log'
renamed 'ozonesecure-ha/result/docker-ozonesecure-ha_om3_1.log' -> '/home/runner/work/ozone/ozone/hadoop-ozone/dist/target/ozone-1.4.0-SNAPSHOT/compose/result/ozonesecure-ha/docker-ozonesecure-ha_om3_1.log'
renamed 'ozonesecure-ha/result/docker-ozonesecure-ha_recon_1.log' -> '/home/runner/work/ozone/ozone/hadoop-ozone/dist/target/ozone-1.4.0-SNAPSHOT/compose/result/ozonesecure-ha/docker-ozonesecure-ha_recon_1.log'
renamed 'ozonesecure-ha/result/docker-ozonesecure-ha_s3g_1.log' -> '/home/runner/work/ozone/ozone/hadoop-ozone/dist/target/ozone-1.4.0-SNAPSHOT/compose/result/ozonesecure-ha/docker-ozonesecure-ha_s3g_1.log'
renamed 'ozonesecure-ha/result/docker-ozonesecure-ha_scm1.org_1.log' -> '/home/runner/work/ozone/ozone/hadoop-ozone/dist/target/ozone-1.4.0-SNAPSHOT/compose/result/ozonesecure-ha/docker-ozonesecure-ha_scm1.org_1.log'
renamed 'ozonesecure-ha/result/docker-ozonesecure-ha_scm2.org_1.log' -> '/home/runner/work/ozone/ozone/hadoop-ozone/dist/target/ozone-1.4.0-SNAPSHOT/compose/result/ozonesecure-ha/docker-ozonesecure-ha_scm2.org_1.log'
renamed 'ozonesecure-ha/result/docker-ozonesecure-ha_scm3.org_1.log' -> '/home/runner/work/ozone/ozone/hadoop-ozone/dist/target/ozone-1.4.0-SNAPSHOT/compose/result/ozonesecure-ha/docker-ozonesecure-ha_scm3.org_1.log'
renamed 'ozonesecure-ha/result/kms-audit.log' -> '/home/runner/work/ozone/ozone/hadoop-ozone/dist/target/ozone-1.4.0-SNAPSHOT/compose/result/ozonesecure-ha/kms-audit.log'
renamed 'ozonesecure-ha/result/kms-audit.log.2023-09-05' -> '/home/runner/work/ozone/ozone/hadoop-ozone/dist/target/ozone-1.4.0-SNAPSHOT/compose/result/ozonesecure-ha/kms-audit.log.2023-09-05'
renamed 'ozonesecure-ha/result/om-audit-om1.log' -> '/home/runner/work/ozone/ozone/hadoop-ozone/dist/target/ozone-1.4.0-SNAPSHOT/compose/result/ozonesecure-ha/om-audit-om1.log'
renamed 'ozonesecure-ha/result/om-audit-om2.log' -> '/home/runner/work/ozone/ozone/hadoop-ozone/dist/target/ozone-1.4.0-SNAPSHOT/compose/result/ozonesecure-ha/om-audit-om2.log'
renamed 'ozonesecure-ha/result/om-audit-om3.log' -> '/home/runner/work/ozone/ozone/hadoop-ozone/dist/target/ozone-1.4.0-SNAPSHOT/compose/result/ozonesecure-ha/om-audit-om3.log'
renamed 'ozonesecure-ha/result/ozonesecure-ha_datanode1_1_HddsDatanodeService.stack' -> '/home/runner/work/ozone/ozone/hadoop-ozone/dist/target/ozone-1.4.0-SNAPSHOT/compose/result/ozonesecure-ha/ozonesecure-ha_datanode1_1_HddsDatanodeService.stack'
renamed 'ozonesecure-ha/result/ozonesecure-ha_datanode2_1_HddsDatanodeService.stack' -> '/home/runner/work/ozone/ozone/hadoop-ozone/dist/target/ozone-1.4.0-SNAPSHOT/compose/result/ozonesecure-ha/ozonesecure-ha_datanode2_1_HddsDatanodeService.stack'
renamed 'ozonesecure-ha/result/ozonesecure-ha_datanode3_1_HddsDatanodeService.stack' -> '/home/runner/work/ozone/ozone/hadoop-ozone/dist/target/ozone-1.4.0-SNAPSHOT/compose/result/ozonesecure-ha/ozonesecure-ha_datanode3_1_HddsDatanodeService.stack'
renamed 'ozonesecure-ha/result/ozonesecure-ha_om1_1_OzoneManagerStarter.stack' -> '/home/runner/work/ozone/ozone/hadoop-ozone/dist/target/ozone-1.4.0-SNAPSHOT/compose/result/ozonesecure-ha/ozonesecure-ha_om1_1_OzoneManagerStarter.stack'
renamed 'ozonesecure-ha/result/ozonesecure-ha_om2_1_OzoneManagerStarter.stack' -> '/home/runner/work/ozone/ozone/hadoop-ozone/dist/target/ozone-1.4.0-SNAPSHOT/compose/result/ozonesecure-ha/ozonesecure-ha_om2_1_OzoneManagerStarter.stack'
renamed 'ozonesecure-ha/result/ozonesecure-ha_om3_1_OzoneManagerStarter.stack' -> '/home/runner/work/ozone/ozone/hadoop-ozone/dist/target/ozone-1.4.0-SNAPSHOT/compose/result/ozonesecure-ha/ozonesecure-ha_om3_1_OzoneManagerStarter.stack'
renamed 'ozonesecure-ha/result/ozonesecure-ha_recon_1_ReconServer.stack' -> '/home/runner/work/ozone/ozone/hadoop-ozone/dist/target/ozone-1.4.0-SNAPSHOT/compose/result/ozonesecure-ha/ozonesecure-ha_recon_1_ReconServer.stack'
renamed 'ozonesecure-ha/result/ozonesecure-ha_s3g_1_Gateway.stack' -> '/home/runner/work/ozone/ozone/hadoop-ozone/dist/target/ozone-1.4.0-SNAPSHOT/compose/result/ozonesecure-ha/ozonesecure-ha_s3g_1_Gateway.stack'
renamed 'ozonesecure-ha/result/ozonesecure-ha_scm1.org_1_StorageContainerManagerStarter.stack' -> '/home/runner/work/ozone/ozone/hadoop-ozone/dist/target/ozone-1.4.0-SNAPSHOT/compose/result/ozonesecure-ha/ozonesecure-ha_scm1.org_1_StorageContainerManagerStarter.stack'
renamed 'ozonesecure-ha/result/ozonesecure-ha_scm2.org_1_StorageContainerManagerStarter.stack' -> '/home/runner/work/ozone/ozone/hadoop-ozone/dist/target/ozone-1.4.0-SNAPSHOT/compose/result/ozonesecure-ha/ozonesecure-ha_scm2.org_1_StorageContainerManagerStarter.stack'
renamed 'ozonesecure-ha/result/ozonesecure-ha_scm3.org_1_StorageContainerManagerStarter.stack' -> '/home/runner/work/ozone/ozone/hadoop-ozone/dist/target/ozone-1.4.0-SNAPSHOT/compose/result/ozonesecure-ha/ozonesecure-ha_scm3.org_1_StorageContainerManagerStarter.stack'
renamed 'ozonesecure-ha/result/s3g-audit-s3g.log' -> '/home/runner/work/ozone/ozone/hadoop-ozone/dist/target/ozone-1.4.0-SNAPSHOT/compose/result/ozonesecure-ha/s3g-audit-s3g.log'
renamed 'ozonesecure-ha/result/scm-audit-scm1.org.log' -> '/home/runner/work/ozone/ozone/hadoop-ozone/dist/target/ozone-1.4.0-SNAPSHOT/compose/result/ozonesecure-ha/scm-audit-scm1.org.log'
renamed 'ozonesecure-ha/result/scm-audit-scm2.org.log' -> '/home/runner/work/ozone/ozone/hadoop-ozone/dist/target/ozone-1.4.0-SNAPSHOT/compose/result/ozonesecure-ha/scm-audit-scm2.org.log'
renamed 'ozonesecure-ha/result/scm-audit-scm3.org.log' -> '/home/runner/work/ozone/ozone/hadoop-ozone/dist/target/ozone-1.4.0-SNAPSHOT/compose/result/ozonesecure-ha/scm-audit-scm3.org.log'
Exception in thread "main" java.net.SocketException: Socket closed
Log:     /home/runner/work/ozone/ozone/hadoop-ozone/dist/target/ozone-1.4.0-SNAPSHOT/compose/result/log.html
Report:  /home/runner/work/ozone/ozone/hadoop-ozone/dist/target/ozone-1.4.0-SNAPSHOT/compose/result/report.html
