rm: cannot remove '/home/runner/work/ozone/ozone/hadoop-ozone/dist/target/ozone-1.4.0-SNAPSHOT/compose/result/*': No such file or directory
Executing test ozonesecure-ha/test-root-ca-rotation.sh
Removing network ozonesecure-ha_ozone_net
Network ozonesecure-ha_ozone_net not found.
Creating network "ozonesecure-ha_ozone_net" with the default driver
Pulling httpfs (apache/ozone-runner:20230615-1)...
20230615-1: Pulling from apache/ozone-runner
Digest: sha256:46c59e4f69c94a8f886d621c9f1898fda8cc4d5de59059c6c74175ffa4718474
Status: Downloaded newer image for apache/ozone-runner:20230615-1
Pulling kms (apache/hadoop:3.3.6)...
3.3.6: Pulling from apache/hadoop
Digest: sha256:62a22627f35a1bbf29c721192c02fe311c93749cc43d51df01792b2ac40ff144
Status: Downloaded newer image for apache/hadoop:3.3.6
Pulling kdc (apache/ozone-testkrb5:20230318-1)...
20230318-1: Pulling from apache/ozone-testkrb5
Digest: sha256:6a7eeac1ebd12e8968e34ab93fb8d21f2b92ae52bc0a85b662a2d41065f05d3a
Status: Downloaded newer image for apache/ozone-testkrb5:20230318-1
Creating ozonesecure-ha_scm3.org_1 ... 
Creating ozonesecure-ha_datanode2_1 ... 
Creating ozonesecure-ha_datanode3_1 ... 
Creating ozonesecure-ha_kdc_1       ... 
Creating ozonesecure-ha_scm2.org_1  ... 
Creating ozonesecure-ha_recon_1     ... 
Creating ozonesecure-ha_scm1.org_1  ... 
Creating ozonesecure-ha_datanode1_1 ... 
Creating ozonesecure-ha_om2_1       ... 
Creating ozonesecure-ha_httpfs_1    ... 
Creating ozonesecure-ha_om1_1       ... 
Creating ozonesecure-ha_s3g_1       ... 
Creating ozonesecure-ha_kms_1       ... 
Creating ozonesecure-ha_om3_1       ... 
Creating ozonesecure-ha_kdc_1       ... done
Creating ozonesecure-ha_scm3.org_1  ... done
Creating ozonesecure-ha_datanode3_1 ... done
Creating ozonesecure-ha_datanode2_1 ... done
Creating ozonesecure-ha_recon_1     ... done
Creating ozonesecure-ha_datanode1_1 ... done
Creating ozonesecure-ha_s3g_1       ... done
Creating ozonesecure-ha_scm2.org_1  ... done
Creating ozonesecure-ha_httpfs_1    ... done
Creating ozonesecure-ha_kms_1       ... done
Creating ozonesecure-ha_scm1.org_1  ... done
Creating ozonesecure-ha_om1_1       ... done
Creating ozonesecure-ha_om3_1       ... done
Creating ozonesecure-ha_om2_1       ... done
Port 88 is available on kdc
Port 9860 is not available on scm1.org yet
Port 9860 is not available on scm1.org yet
Port 9860 is not available on scm1.org yet
Port 9860 is not available on scm1.org yet
Port 9860 is not available on scm1.org yet
Port 9860 is not available on scm1.org yet
Port 9860 is not available on scm1.org yet
Port 9860 is not available on scm1.org yet
Port 9860 is not available on scm1.org yet
Port 9860 is not available on scm1.org yet
Port 9860 is not available on scm1.org yet
Port 9860 is not available on scm1.org yet
Port 9860 is not available on scm1.org yet
Port 9860 is not available on scm1.org yet
Port 9860 is not available on scm1.org yet
Port 9860 is not available on scm1.org yet
Port 9860 is not available on scm1.org yet
Port 9860 is not available on scm1.org yet
Port 9860 is available on scm1.org
SCM is in safe mode. Will retry in 1 sec. Remaining time (sec): 234
SCM is in safe mode. Will retry in 1 sec. Remaining time (sec): 233
SCM is in safe mode. Will retry in 1 sec. Remaining time (sec): 232
SCM is in safe mode. Will retry in 1 sec. Remaining time (sec): 231
SCM is in safe mode. Will retry in 1 sec. Remaining time (sec): 230
SCM is in safe mode. Will retry in 1 sec. Remaining time (sec): 229
SCM is in safe mode. Will retry in 1 sec. Remaining time (sec): 228
SCM is in safe mode. Will retry in 1 sec. Remaining time (sec): 227
SCM is in safe mode. Will retry in 1 sec. Remaining time (sec): 226
SCM is in safe mode. Will retry in 1 sec. Remaining time (sec): 225
SCM is in safe mode. Will retry in 1 sec. Remaining time (sec): 224
SCM is in safe mode. Will retry in 1 sec. Remaining time (sec): 223
SCM is in safe mode. Will retry in 1 sec. Remaining time (sec): 222
SCM is in safe mode. Will retry in 1 sec. Remaining time (sec): 221
SCM is in safe mode. Will retry in 1 sec. Remaining time (sec): 220
SCM is in safe mode. Will retry in 1 sec. Remaining time (sec): 219
SCM is in safe mode. Will retry in 1 sec. Remaining time (sec): 218
SCM is in safe mode. Will retry in 1 sec. Remaining time (sec): 217
SCM is in safe mode. Will retry in 1 sec. Remaining time (sec): 216
SCM is in safe mode. Will retry in 1 sec. Remaining time (sec): 215
SCM is in safe mode. Will retry in 1 sec. Remaining time (sec): 214
SCM is in safe mode. Will retry in 1 sec. Remaining time (sec): 213
SCM is in safe mode. Will retry in 1 sec. Remaining time (sec): 212
SCM is in safe mode. Will retry in 1 sec. Remaining time (sec): 211
SCM is in safe mode. Will retry in 1 sec. Remaining time (sec): 210
SCM is in safe mode. Will retry in 1 sec. Remaining time (sec): 209
SCM is in safe mode. Will retry in 1 sec. Remaining time (sec): 208
SCM is in safe mode. Will retry in 1 sec. Remaining time (sec): 207
SCM is in safe mode. Will retry in 1 sec. Remaining time (sec): 206
SCM is in safe mode. Will retry in 1 sec. Remaining time (sec): 205
SCM is in safe mode. Will retry in 1 sec. Remaining time (sec): 204
SCM is in safe mode. Will retry in 1 sec. Remaining time (sec): 203
SCM is in safe mode. Will retry in 1 sec. Remaining time (sec): 202
SCM is in safe mode. Will retry in 1 sec. Remaining time (sec): 201
SCM is in safe mode. Will retry in 1 sec. Remaining time (sec): 200
SCM is in safe mode. Will retry in 1 sec. Remaining time (sec): 199
SCM is in safe mode. Will retry in 1 sec. Remaining time (sec): 198
SCM is in safe mode. Will retry in 1 sec. Remaining time (sec): 197
SCM is in safe mode. Will retry in 1 sec. Remaining time (sec): 196
SCM is in safe mode. Will retry in 1 sec. Remaining time (sec): 195
SCM is in safe mode. Will retry in 1 sec. Remaining time (sec): 194
SCM is in safe mode. Will retry in 1 sec. Remaining time (sec): 193
SCM is in safe mode. Will retry in 1 sec. Remaining time (sec): 192
SCM is in safe mode. Will retry in 1 sec. Remaining time (sec): 191
SCM is in safe mode. Will retry in 1 sec. Remaining time (sec): 190
SCM is in safe mode. Will retry in 1 sec. Remaining time (sec): 189
SCM is in safe mode. Will retry in 1 sec. Remaining time (sec): 188
SCM is in safe mode. Will retry in 1 sec. Remaining time (sec): 187
SCM is in safe mode. Will retry in 1 sec. Remaining time (sec): 185
SCM is in safe mode. Will retry in 1 sec. Remaining time (sec): 184
SCM is in safe mode. Will retry in 1 sec. Remaining time (sec): 183
SCM is in safe mode. Will retry in 1 sec. Remaining time (sec): 182
SCM is in safe mode. Will retry in 1 sec. Remaining time (sec): 181
SCM is in safe mode. Will retry in 1 sec. Remaining time (sec): 180
SCM is in safe mode. Will retry in 1 sec. Remaining time (sec): 179
SCM is in safe mode. Will retry in 1 sec. Remaining time (sec): 178
SCM is in safe mode. Will retry in 1 sec. Remaining time (sec): 177
SCM is in safe mode. Will retry in 1 sec. Remaining time (sec): 176
SCM is in safe mode. Will retry in 1 sec. Remaining time (sec): 175
SCM is in safe mode. Will retry in 1 sec. Remaining time (sec): 174
SCM is in safe mode. Will retry in 1 sec. Remaining time (sec): 173
SCM is in safe mode. Will retry in 1 sec. Remaining time (sec): 172
SCM is in safe mode. Will retry in 1 sec. Remaining time (sec): 171
SCM is in safe mode. Will retry in 1 sec. Remaining time (sec): 170
SCM is in safe mode. Will retry in 1 sec. Remaining time (sec): 169
SCM is in safe mode. Will retry in 1 sec. Remaining time (sec): 168
SCM is in safe mode. Will retry in 1 sec. Remaining time (sec): 167
SCM is in safe mode. Will retry in 1 sec. Remaining time (sec): 166
SCM is in safe mode. Will retry in 1 sec. Remaining time (sec): 165
SCM is in safe mode. Will retry in 1 sec. Remaining time (sec): 164
SCM is in safe mode. Will retry in 1 sec. Remaining time (sec): 163
SCM is in safe mode. Will retry in 1 sec. Remaining time (sec): 162
SCM is in safe mode. Will retry in 1 sec. Remaining time (sec): 161
SCM is in safe mode. Will retry in 1 sec. Remaining time (sec): 160
SCM is in safe mode. Will retry in 1 sec. Remaining time (sec): 159
SCM is in safe mode. Will retry in 1 sec. Remaining time (sec): 158
SCM is in safe mode. Will retry in 1 sec. Remaining time (sec): 157
SCM is in safe mode. Will retry in 1 sec. Remaining time (sec): 156
SCM is in safe mode. Will retry in 1 sec. Remaining time (sec): 155
SCM is in safe mode. Will retry in 1 sec. Remaining time (sec): 154
SCM is in safe mode. Will retry in 1 sec. Remaining time (sec): 153
SCM is in safe mode. Will retry in 1 sec. Remaining time (sec): 152
SCM is in safe mode. Will retry in 1 sec. Remaining time (sec): 151
SCM is in safe mode. Will retry in 1 sec. Remaining time (sec): 150
SCM is in safe mode. Will retry in 1 sec. Remaining time (sec): 149
SCM is in safe mode. Will retry in 1 sec. Remaining time (sec): 148
SCM is in safe mode. Will retry in 1 sec. Remaining time (sec): 147
SCM is in safe mode. Will retry in 1 sec. Remaining time (sec): 146
SCM is in safe mode. Will retry in 1 sec. Remaining time (sec): 145
SCM is in safe mode. Will retry in 1 sec. Remaining time (sec): 144
SCM is in safe mode. Will retry in 1 sec. Remaining time (sec): 143
SCM is in safe mode. Will retry in 1 sec. Remaining time (sec): 142
SCM is in safe mode. Will retry in 1 sec. Remaining time (sec): 141
SCM is in safe mode. Will retry in 1 sec. Remaining time (sec): 140
SCM is in safe mode. Will retry in 1 sec. Remaining time (sec): 139
SCM is in safe mode. Will retry in 1 sec. Remaining time (sec): 138
SCM is in safe mode. Will retry in 1 sec. Remaining time (sec): 137
SCM is in safe mode. Will retry in 1 sec. Remaining time (sec): 136
SCM is in safe mode. Will retry in 1 sec. Remaining time (sec): 135
SCM is in safe mode. Will retry in 1 sec. Remaining time (sec): 134
SCM is in safe mode. Will retry in 1 sec. Remaining time (sec): 133
SCM is in safe mode. Will retry in 1 sec. Remaining time (sec): 132
SCM is in safe mode. Will retry in 1 sec. Remaining time (sec): 131
SCM is in safe mode. Will retry in 1 sec. Remaining time (sec): 130
SCM is in safe mode. Will retry in 1 sec. Remaining time (sec): 129
SCM is in safe mode. Will retry in 1 sec. Remaining time (sec): 128
SCM is in safe mode. Will retry in 1 sec. Remaining time (sec): 127
SCM is in safe mode. Will retry in 1 sec. Remaining time (sec): 126
SCM is in safe mode. Will retry in 1 sec. Remaining time (sec): 125
SCM is in safe mode. Will retry in 1 sec. Remaining time (sec): 123
SCM is in safe mode. Will retry in 1 sec. Remaining time (sec): 122
SCM is in safe mode. Will retry in 1 sec. Remaining time (sec): 121
SCM is in safe mode. Will retry in 1 sec. Remaining time (sec): 120
SCM is in safe mode. Will retry in 1 sec. Remaining time (sec): 119
SCM is in safe mode. Will retry in 1 sec. Remaining time (sec): 118
SCM is in safe mode. Will retry in 1 sec. Remaining time (sec): 117
SCM is in safe mode. Will retry in 1 sec. Remaining time (sec): 116
SCM is in safe mode. Will retry in 1 sec. Remaining time (sec): 115
SCM is in safe mode. Will retry in 1 sec. Remaining time (sec): 114
SCM is in safe mode. Will retry in 1 sec. Remaining time (sec): 113
SCM is in safe mode. Will retry in 1 sec. Remaining time (sec): 112
SCM is in safe mode. Will retry in 1 sec. Remaining time (sec): 111
SCM is in safe mode. Will retry in 1 sec. Remaining time (sec): 110
SCM is in safe mode. Will retry in 1 sec. Remaining time (sec): 109
SCM is in safe mode. Will retry in 1 sec. Remaining time (sec): 108
SCM is in safe mode. Will retry in 1 sec. Remaining time (sec): 107
SCM is in safe mode. Will retry in 1 sec. Remaining time (sec): 106
SCM is in safe mode. Will retry in 1 sec. Remaining time (sec): 105
SCM is in safe mode. Will retry in 1 sec. Remaining time (sec): 104
SCM is in safe mode. Will retry in 1 sec. Remaining time (sec): 103
SCM is in safe mode. Will retry in 1 sec. Remaining time (sec): 102
SCM is in safe mode. Will retry in 1 sec. Remaining time (sec): 101
SCM is in safe mode. Will retry in 1 sec. Remaining time (sec): 100
SCM is in safe mode. Will retry in 1 sec. Remaining time (sec): 99
SCM is in safe mode. Will retry in 1 sec. Remaining time (sec): 98
SCM is in safe mode. Will retry in 1 sec. Remaining time (sec): 97
SCM is in safe mode. Will retry in 1 sec. Remaining time (sec): 96
SCM is in safe mode. Will retry in 1 sec. Remaining time (sec): 95
SCM is in safe mode. Will retry in 1 sec. Remaining time (sec): 94
SCM is in safe mode. Will retry in 1 sec. Remaining time (sec): 93
SCM is in safe mode. Will retry in 1 sec. Remaining time (sec): 92
SCM is in safe mode. Will retry in 1 sec. Remaining time (sec): 91
SCM is in safe mode. Will retry in 1 sec. Remaining time (sec): 90
SCM is in safe mode. Will retry in 1 sec. Remaining time (sec): 89
SCM is in safe mode. Will retry in 1 sec. Remaining time (sec): 88
SCM is in safe mode. Will retry in 1 sec. Remaining time (sec): 87
SCM is in safe mode. Will retry in 1 sec. Remaining time (sec): 86
SCM is in safe mode. Will retry in 1 sec. Remaining time (sec): 85
SCM is in safe mode. Will retry in 1 sec. Remaining time (sec): 84
SCM is in safe mode. Will retry in 1 sec. Remaining time (sec): 83
SCM is in safe mode. Will retry in 1 sec. Remaining time (sec): 82
SCM is in safe mode. Will retry in 1 sec. Remaining time (sec): 81
SCM is in safe mode. Will retry in 1 sec. Remaining time (sec): 80
SCM is in safe mode. Will retry in 1 sec. Remaining time (sec): 79
SCM is in safe mode. Will retry in 1 sec. Remaining time (sec): 78
SCM is in safe mode. Will retry in 1 sec. Remaining time (sec): 77
SCM is in safe mode. Will retry in 1 sec. Remaining time (sec): 76
SCM is in safe mode. Will retry in 1 sec. Remaining time (sec): 75
SCM is in safe mode. Will retry in 1 sec. Remaining time (sec): 74
SCM is in safe mode. Will retry in 1 sec. Remaining time (sec): 73
SCM is in safe mode. Will retry in 1 sec. Remaining time (sec): 72
SCM is in safe mode. Will retry in 1 sec. Remaining time (sec): 71
SCM is in safe mode. Will retry in 1 sec. Remaining time (sec): 70
SCM is in safe mode. Will retry in 1 sec. Remaining time (sec): 69
SCM is in safe mode. Will retry in 1 sec. Remaining time (sec): 67
SCM is in safe mode. Will retry in 1 sec. Remaining time (sec): 66
SCM is in safe mode. Will retry in 1 sec. Remaining time (sec): 65
SCM is in safe mode. Will retry in 1 sec. Remaining time (sec): 64
SCM is in safe mode. Will retry in 1 sec. Remaining time (sec): 63
SCM is in safe mode. Will retry in 1 sec. Remaining time (sec): 62
SCM is in safe mode. Will retry in 1 sec. Remaining time (sec): 61
SCM is in safe mode. Will retry in 1 sec. Remaining time (sec): 60
SCM is in safe mode. Will retry in 1 sec. Remaining time (sec): 59
SCM is in safe mode. Will retry in 1 sec. Remaining time (sec): 58
SCM is in safe mode. Will retry in 1 sec. Remaining time (sec): 57
SCM is in safe mode. Will retry in 1 sec. Remaining time (sec): 56
SCM is in safe mode. Will retry in 1 sec. Remaining time (sec): 55
SCM is in safe mode. Will retry in 1 sec. Remaining time (sec): 54
SCM is in safe mode. Will retry in 1 sec. Remaining time (sec): 53
SCM is in safe mode. Will retry in 1 sec. Remaining time (sec): 52
SCM is in safe mode. Will retry in 1 sec. Remaining time (sec): 51
SCM is in safe mode. Will retry in 1 sec. Remaining time (sec): 50
SCM is in safe mode. Will retry in 1 sec. Remaining time (sec): 49
SCM is in safe mode. Will retry in 1 sec. Remaining time (sec): 48
SCM is in safe mode. Will retry in 1 sec. Remaining time (sec): 47
SCM is in safe mode. Will retry in 1 sec. Remaining time (sec): 46
SCM is in safe mode. Will retry in 1 sec. Remaining time (sec): 45
SCM is in safe mode. Will retry in 1 sec. Remaining time (sec): 44
SCM is in safe mode. Will retry in 1 sec. Remaining time (sec): 43
SCM is in safe mode. Will retry in 1 sec. Remaining time (sec): 42
SCM is out of safe mode.
OM:om3 is not the leader. Could not determine the leader node.
Waiting for OM leader for service omservice
SECONDS: 378
WARNING: OM leader still not found for service omservice
Stopping ozonesecure-ha_om1_1       ... 
Stopping ozonesecure-ha_s3g_1       ... 
Stopping ozonesecure-ha_om3_1       ... 
Stopping ozonesecure-ha_kms_1       ... 
Stopping ozonesecure-ha_om2_1       ... 
Stopping ozonesecure-ha_httpfs_1    ... 
Stopping ozonesecure-ha_datanode1_1 ... 
Stopping ozonesecure-ha_datanode2_1 ... 
Stopping ozonesecure-ha_scm1.org_1  ... 
Stopping ozonesecure-ha_recon_1     ... 
Stopping ozonesecure-ha_datanode3_1 ... 
Stopping ozonesecure-ha_kdc_1       ... 
Stopping ozonesecure-ha_kdc_1       ... done
Stopping ozonesecure-ha_kms_1       ... done
Stopping ozonesecure-ha_httpfs_1    ... done
Stopping ozonesecure-ha_s3g_1       ... done
Stopping ozonesecure-ha_scm1.org_1  ... done
Stopping ozonesecure-ha_recon_1     ... done
Stopping ozonesecure-ha_om1_1       ... done
Stopping ozonesecure-ha_datanode1_1 ... done
Stopping ozonesecure-ha_om2_1       ... done
Stopping ozonesecure-ha_datanode3_1 ... done
Stopping ozonesecure-ha_om3_1       ... done
Stopping ozonesecure-ha_datanode2_1 ... done
Removing ozonesecure-ha_om1_1       ... 
Removing ozonesecure-ha_s3g_1       ... 
Removing ozonesecure-ha_om3_1       ... 
Removing ozonesecure-ha_kms_1       ... 
Removing ozonesecure-ha_om2_1       ... 
Removing ozonesecure-ha_httpfs_1    ... 
Removing ozonesecure-ha_datanode1_1 ... 
Removing ozonesecure-ha_datanode2_1 ... 
Removing ozonesecure-ha_scm1.org_1  ... 
Removing ozonesecure-ha_recon_1     ... 
Removing ozonesecure-ha_scm2.org_1  ... 
Removing ozonesecure-ha_datanode3_1 ... 
Removing ozonesecure-ha_kdc_1       ... 
Removing ozonesecure-ha_scm3.org_1  ... 
Removing ozonesecure-ha_datanode1_1 ... done
Removing ozonesecure-ha_httpfs_1    ... done
Removing ozonesecure-ha_kms_1       ... done
Removing ozonesecure-ha_om2_1       ... done
Removing ozonesecure-ha_om1_1       ... done
Removing ozonesecure-ha_s3g_1       ... done
Removing ozonesecure-ha_kdc_1       ... done
Removing ozonesecure-ha_scm3.org_1  ... done
Removing ozonesecure-ha_recon_1     ... done
Removing ozonesecure-ha_scm2.org_1  ... done
Removing ozonesecure-ha_datanode2_1 ... done
Removing ozonesecure-ha_scm1.org_1  ... done
Removing ozonesecure-ha_om3_1       ... done
Removing ozonesecure-ha_datanode3_1 ... done
Removing network ozonesecure-ha_ozone_net
ERROR: Test execution of ozonesecure-ha/test-root-ca-rotation.sh is FAILED!!!!
renamed 'ozonesecure-ha/result/dn-audit-79b47d963d9d.log' -> '/home/runner/work/ozone/ozone/hadoop-ozone/dist/target/ozone-1.4.0-SNAPSHOT/compose/result/ozonesecure-ha/root-ca-rotation/dn-audit-79b47d963d9d.log'
renamed 'ozonesecure-ha/result/dn-audit-cc716b239b27.log' -> '/home/runner/work/ozone/ozone/hadoop-ozone/dist/target/ozone-1.4.0-SNAPSHOT/compose/result/ozonesecure-ha/root-ca-rotation/dn-audit-cc716b239b27.log'
renamed 'ozonesecure-ha/result/dn-audit-d4e5c869133d.log' -> '/home/runner/work/ozone/ozone/hadoop-ozone/dist/target/ozone-1.4.0-SNAPSHOT/compose/result/ozonesecure-ha/root-ca-rotation/dn-audit-d4e5c869133d.log'
renamed 'ozonesecure-ha/result/docker-ozonesecure-ha_datanode1_1.log' -> '/home/runner/work/ozone/ozone/hadoop-ozone/dist/target/ozone-1.4.0-SNAPSHOT/compose/result/ozonesecure-ha/root-ca-rotation/docker-ozonesecure-ha_datanode1_1.log'
renamed 'ozonesecure-ha/result/docker-ozonesecure-ha_datanode2_1.log' -> '/home/runner/work/ozone/ozone/hadoop-ozone/dist/target/ozone-1.4.0-SNAPSHOT/compose/result/ozonesecure-ha/root-ca-rotation/docker-ozonesecure-ha_datanode2_1.log'
renamed 'ozonesecure-ha/result/docker-ozonesecure-ha_datanode3_1.log' -> '/home/runner/work/ozone/ozone/hadoop-ozone/dist/target/ozone-1.4.0-SNAPSHOT/compose/result/ozonesecure-ha/root-ca-rotation/docker-ozonesecure-ha_datanode3_1.log'
renamed 'ozonesecure-ha/result/docker-ozonesecure-ha_httpfs_1.log' -> '/home/runner/work/ozone/ozone/hadoop-ozone/dist/target/ozone-1.4.0-SNAPSHOT/compose/result/ozonesecure-ha/root-ca-rotation/docker-ozonesecure-ha_httpfs_1.log'
renamed 'ozonesecure-ha/result/docker-ozonesecure-ha_kdc_1.log' -> '/home/runner/work/ozone/ozone/hadoop-ozone/dist/target/ozone-1.4.0-SNAPSHOT/compose/result/ozonesecure-ha/root-ca-rotation/docker-ozonesecure-ha_kdc_1.log'
renamed 'ozonesecure-ha/result/docker-ozonesecure-ha_kms_1.log' -> '/home/runner/work/ozone/ozone/hadoop-ozone/dist/target/ozone-1.4.0-SNAPSHOT/compose/result/ozonesecure-ha/root-ca-rotation/docker-ozonesecure-ha_kms_1.log'
renamed 'ozonesecure-ha/result/docker-ozonesecure-ha_om1_1.log' -> '/home/runner/work/ozone/ozone/hadoop-ozone/dist/target/ozone-1.4.0-SNAPSHOT/compose/result/ozonesecure-ha/root-ca-rotation/docker-ozonesecure-ha_om1_1.log'
renamed 'ozonesecure-ha/result/docker-ozonesecure-ha_om2_1.log' -> '/home/runner/work/ozone/ozone/hadoop-ozone/dist/target/ozone-1.4.0-SNAPSHOT/compose/result/ozonesecure-ha/root-ca-rotation/docker-ozonesecure-ha_om2_1.log'
renamed 'ozonesecure-ha/result/docker-ozonesecure-ha_om3_1.log' -> '/home/runner/work/ozone/ozone/hadoop-ozone/dist/target/ozone-1.4.0-SNAPSHOT/compose/result/ozonesecure-ha/root-ca-rotation/docker-ozonesecure-ha_om3_1.log'
renamed 'ozonesecure-ha/result/docker-ozonesecure-ha_recon_1.log' -> '/home/runner/work/ozone/ozone/hadoop-ozone/dist/target/ozone-1.4.0-SNAPSHOT/compose/result/ozonesecure-ha/root-ca-rotation/docker-ozonesecure-ha_recon_1.log'
renamed 'ozonesecure-ha/result/docker-ozonesecure-ha_s3g_1.log' -> '/home/runner/work/ozone/ozone/hadoop-ozone/dist/target/ozone-1.4.0-SNAPSHOT/compose/result/ozonesecure-ha/root-ca-rotation/docker-ozonesecure-ha_s3g_1.log'
renamed 'ozonesecure-ha/result/docker-ozonesecure-ha_scm1.org_1.log' -> '/home/runner/work/ozone/ozone/hadoop-ozone/dist/target/ozone-1.4.0-SNAPSHOT/compose/result/ozonesecure-ha/root-ca-rotation/docker-ozonesecure-ha_scm1.org_1.log'
renamed 'ozonesecure-ha/result/docker-ozonesecure-ha_scm2.org_1.log' -> '/home/runner/work/ozone/ozone/hadoop-ozone/dist/target/ozone-1.4.0-SNAPSHOT/compose/result/ozonesecure-ha/root-ca-rotation/docker-ozonesecure-ha_scm2.org_1.log'
renamed 'ozonesecure-ha/result/docker-ozonesecure-ha_scm3.org_1.log' -> '/home/runner/work/ozone/ozone/hadoop-ozone/dist/target/ozone-1.4.0-SNAPSHOT/compose/result/ozonesecure-ha/root-ca-rotation/docker-ozonesecure-ha_scm3.org_1.log'
renamed 'ozonesecure-ha/result/kms-audit.log' -> '/home/runner/work/ozone/ozone/hadoop-ozone/dist/target/ozone-1.4.0-SNAPSHOT/compose/result/ozonesecure-ha/root-ca-rotation/kms-audit.log'
renamed 'ozonesecure-ha/result/om-audit-om1.log' -> '/home/runner/work/ozone/ozone/hadoop-ozone/dist/target/ozone-1.4.0-SNAPSHOT/compose/result/ozonesecure-ha/root-ca-rotation/om-audit-om1.log'
renamed 'ozonesecure-ha/result/om-audit-om2.log' -> '/home/runner/work/ozone/ozone/hadoop-ozone/dist/target/ozone-1.4.0-SNAPSHOT/compose/result/ozonesecure-ha/root-ca-rotation/om-audit-om2.log'
renamed 'ozonesecure-ha/result/om-audit-om3.log' -> '/home/runner/work/ozone/ozone/hadoop-ozone/dist/target/ozone-1.4.0-SNAPSHOT/compose/result/ozonesecure-ha/root-ca-rotation/om-audit-om3.log'
renamed 'ozonesecure-ha/result/s3g-audit-s3g.log' -> '/home/runner/work/ozone/ozone/hadoop-ozone/dist/target/ozone-1.4.0-SNAPSHOT/compose/result/ozonesecure-ha/root-ca-rotation/s3g-audit-s3g.log'
renamed 'ozonesecure-ha/result/scm-audit-scm1.org.log' -> '/home/runner/work/ozone/ozone/hadoop-ozone/dist/target/ozone-1.4.0-SNAPSHOT/compose/result/ozonesecure-ha/root-ca-rotation/scm-audit-scm1.org.log'
Executing test ozonesecure/test-certificate-rotation.sh
Removing network ozonesecure_default
Network ozonesecure_default not found.
Creating network "ozonesecure_default" with the default driver
Creating ozonesecure_recon_1 ... 
Creating ozonesecure_httpfs_1 ... 
Creating ozonesecure_datanode_1 ... 
Creating ozonesecure_datanode_2 ... 
Creating ozonesecure_datanode_3 ... 
Creating ozonesecure_kdc_1      ... 
Creating ozonesecure_s3g_1      ... 
Creating ozonesecure_om_1       ... 
Creating ozonesecure_scm_1      ... 
Creating ozonesecure_kms_1      ... 
Creating ozonesecure_recon_1    ... done
Creating ozonesecure_kdc_1      ... done
Creating ozonesecure_datanode_3 ... done
Creating ozonesecure_httpfs_1   ... done
Creating ozonesecure_datanode_1 ... done
Creating ozonesecure_s3g_1      ... done
Creating ozonesecure_kms_1      ... done
Creating ozonesecure_scm_1      ... done
Creating ozonesecure_om_1       ... done
Creating ozonesecure_datanode_2 ... done
Port 88 is available on kdc
Port 9860 is not available on scm yet
Port 9860 is not available on scm yet
Port 9860 is not available on scm yet
Port 9860 is not available on scm yet
Port 9860 is not available on scm yet
Port 9860 is not available on scm yet
Port 9860 is not available on scm yet
Port 9860 is not available on scm yet
Port 9860 is not available on scm yet
Port 9860 is not available on scm yet
Port 9860 is not available on scm yet
Port 9860 is not available on scm yet
Port 9860 is not available on scm yet
Port 9860 is not available on scm yet
Port 9860 is not available on scm yet
Port 9860 is not available on scm yet
Port 9860 is not available on scm yet
Port 9860 is not available on scm yet
Port 9860 is not available on scm yet
Port 9860 is not available on scm yet
Port 9860 is not available on scm yet
Port 9860 is not available on scm yet
Port 9860 is not available on scm yet
Port 9860 is not available on scm yet
Port 9860 is not available on scm yet
Port 9860 is not available on scm yet
Port 9860 is not available on scm yet
Port 9860 is not available on scm yet
Port 9860 is available on scm
SCM is in safe mode. Will retry in 1 sec. Remaining time (sec): 223
SCM is in safe mode. Will retry in 1 sec. Remaining time (sec): 222
SCM is in safe mode. Will retry in 1 sec. Remaining time (sec): 221
SCM is in safe mode. Will retry in 1 sec. Remaining time (sec): 220
SCM is in safe mode. Will retry in 1 sec. Remaining time (sec): 219
SCM is in safe mode. Will retry in 1 sec. Remaining time (sec): 218
SCM is in safe mode. Will retry in 1 sec. Remaining time (sec): 217
SCM is in safe mode. Will retry in 1 sec. Remaining time (sec): 216
SCM is in safe mode. Will retry in 1 sec. Remaining time (sec): 215
SCM is in safe mode. Will retry in 1 sec. Remaining time (sec): 214
SCM is in safe mode. Will retry in 1 sec. Remaining time (sec): 213
SCM is in safe mode. Will retry in 1 sec. Remaining time (sec): 212
SCM is in safe mode. Will retry in 1 sec. Remaining time (sec): 211
SCM is in safe mode. Will retry in 1 sec. Remaining time (sec): 210
SCM is in safe mode. Will retry in 1 sec. Remaining time (sec): 209
SCM is in safe mode. Will retry in 1 sec. Remaining time (sec): 208
SCM is in safe mode. Will retry in 1 sec. Remaining time (sec): 206
SCM is in safe mode. Will retry in 1 sec. Remaining time (sec): 205
SCM is in safe mode. Will retry in 1 sec. Remaining time (sec): 204
SCM is in safe mode. Will retry in 1 sec. Remaining time (sec): 203
SCM is in safe mode. Will retry in 1 sec. Remaining time (sec): 202
SCM is in safe mode. Will retry in 1 sec. Remaining time (sec): 201
SCM is in safe mode. Will retry in 1 sec. Remaining time (sec): 200
SCM is in safe mode. Will retry in 1 sec. Remaining time (sec): 199
SCM is in safe mode. Will retry in 1 sec. Remaining time (sec): 198
SCM is in safe mode. Will retry in 1 sec. Remaining time (sec): 197
SCM is in safe mode. Will retry in 1 sec. Remaining time (sec): 196
SCM is out of safe mode.
No OM HA service, no need to wait
==============================================================================
Certrotation                                                                  
==============================================================================
Certrotation.Cert-Rotation :: Smoketest ozone cluster startup                 
==============================================================================
Test datanode functions before and after certificate rotation         depth=2 CN = scm-1@scm, OU = a2c9aed4-9fe0-4451-a88f-559e1652db52, O = CID-5d8b24eb-a8e6-41ca-813b-5bcf4cd1bea7
verify error:num=19:self signed certificate in certificate chain
depth=2 CN = scm-1@scm, OU = a2c9aed4-9fe0-4451-a88f-559e1652db52, O = CID-5d8b24eb-a8e6-41ca-813b-5bcf4cd1bea7
verify error:num=19:self signed certificate in certificate chain
depth=2 CN = scm-1@scm, OU = a2c9aed4-9fe0-4451-a88f-559e1652db52, O = CID-5d8b24eb-a8e6-41ca-813b-5bcf4cd1bea7
verify error:num=19:self signed certificate in certificate chain
| PASS |
------------------------------------------------------------------------------
Certrotation.Cert-Rotation :: Smoketest ozone cluster startup         | PASS |
1 test, 1 passed, 0 failed
==============================================================================
Certrotation.Root-Ca-Rotation-Client-Checks :: Generate data                  
==============================================================================
Create a volume and bucket                                            | PASS |
------------------------------------------------------------------------------
Create key                                                            | PASS |
------------------------------------------------------------------------------
Read data from previously created key                                 | PASS |
------------------------------------------------------------------------------
Certrotation.Root-Ca-Rotation-Client-Checks :: Generate data          | PASS |
3 tests, 3 passed, 0 failed
==============================================================================
Certrotation                                                          | PASS |
4 tests, 4 passed, 0 failed
==============================================================================
Output:  /tmp/smoketest/ozonesecure/result/robot-1.xml
Stopping ozonesecure_scm_1      ... 
Stopping ozonesecure_kms_1      ... 
Stopping ozonesecure_datanode_2 ... 
Stopping ozonesecure_datanode_1 ... 
Stopping ozonesecure_datanode_3 ... 
Stopping ozonesecure_om_1       ... 
Stopping ozonesecure_kdc_1      ... 
Stopping ozonesecure_s3g_1      ... 
Stopping ozonesecure_httpfs_1   ... 
Stopping ozonesecure_recon_1    ... 
Stopping ozonesecure_kdc_1      ... done
Stopping ozonesecure_kms_1      ... done
Stopping ozonesecure_httpfs_1   ... done
Stopping ozonesecure_s3g_1      ... done
Stopping ozonesecure_recon_1    ... done
Stopping ozonesecure_datanode_2 ... done
Stopping ozonesecure_datanode_1 ... done
Stopping ozonesecure_datanode_3 ... done
Stopping ozonesecure_om_1       ... done
Stopping ozonesecure_scm_1      ... done
Removing ozonesecure_scm_1      ... 
Removing ozonesecure_kms_1      ... 
Removing ozonesecure_datanode_2 ... 
Removing ozonesecure_datanode_1 ... 
Removing ozonesecure_datanode_3 ... 
Removing ozonesecure_om_1       ... 
Removing ozonesecure_kdc_1      ... 
Removing ozonesecure_s3g_1      ... 
Removing ozonesecure_httpfs_1   ... 
Removing ozonesecure_recon_1    ... 
Removing ozonesecure_kms_1      ... done
Removing ozonesecure_datanode_2 ... done
Removing ozonesecure_recon_1    ... done
Removing ozonesecure_om_1       ... done
Removing ozonesecure_kdc_1      ... done
Removing ozonesecure_httpfs_1   ... done
Removing ozonesecure_datanode_3 ... done
Removing ozonesecure_s3g_1      ... done
Removing ozonesecure_datanode_1 ... done
Removing ozonesecure_scm_1      ... done
Removing network ozonesecure_default
Output:  /home/runner/work/ozone/ozone/hadoop-ozone/dist/target/ozone-1.4.0-SNAPSHOT/compose/result/ozonesecure-certificate-rotation.xml
removed 'ozonesecure/result/robot-1.xml'
renamed 'ozonesecure/result/dn-audit-1967f6e46678.log' -> '/home/runner/work/ozone/ozone/hadoop-ozone/dist/target/ozone-1.4.0-SNAPSHOT/compose/result/ozonesecure/certificate-rotation/dn-audit-1967f6e46678.log'
renamed 'ozonesecure/result/dn-audit-4a61225567af.log' -> '/home/runner/work/ozone/ozone/hadoop-ozone/dist/target/ozone-1.4.0-SNAPSHOT/compose/result/ozonesecure/certificate-rotation/dn-audit-4a61225567af.log'
renamed 'ozonesecure/result/dn-audit-cd96edb355f9.log' -> '/home/runner/work/ozone/ozone/hadoop-ozone/dist/target/ozone-1.4.0-SNAPSHOT/compose/result/ozonesecure/certificate-rotation/dn-audit-cd96edb355f9.log'
renamed 'ozonesecure/result/docker-ozonesecure_datanode_1.log' -> '/home/runner/work/ozone/ozone/hadoop-ozone/dist/target/ozone-1.4.0-SNAPSHOT/compose/result/ozonesecure/certificate-rotation/docker-ozonesecure_datanode_1.log'
renamed 'ozonesecure/result/docker-ozonesecure_datanode_2.log' -> '/home/runner/work/ozone/ozone/hadoop-ozone/dist/target/ozone-1.4.0-SNAPSHOT/compose/result/ozonesecure/certificate-rotation/docker-ozonesecure_datanode_2.log'
renamed 'ozonesecure/result/docker-ozonesecure_datanode_3.log' -> '/home/runner/work/ozone/ozone/hadoop-ozone/dist/target/ozone-1.4.0-SNAPSHOT/compose/result/ozonesecure/certificate-rotation/docker-ozonesecure_datanode_3.log'
renamed 'ozonesecure/result/docker-ozonesecure_httpfs_1.log' -> '/home/runner/work/ozone/ozone/hadoop-ozone/dist/target/ozone-1.4.0-SNAPSHOT/compose/result/ozonesecure/certificate-rotation/docker-ozonesecure_httpfs_1.log'
renamed 'ozonesecure/result/docker-ozonesecure_kdc_1.log' -> '/home/runner/work/ozone/ozone/hadoop-ozone/dist/target/ozone-1.4.0-SNAPSHOT/compose/result/ozonesecure/certificate-rotation/docker-ozonesecure_kdc_1.log'
renamed 'ozonesecure/result/docker-ozonesecure_kms_1.log' -> '/home/runner/work/ozone/ozone/hadoop-ozone/dist/target/ozone-1.4.0-SNAPSHOT/compose/result/ozonesecure/certificate-rotation/docker-ozonesecure_kms_1.log'
renamed 'ozonesecure/result/docker-ozonesecure_om_1.log' -> '/home/runner/work/ozone/ozone/hadoop-ozone/dist/target/ozone-1.4.0-SNAPSHOT/compose/result/ozonesecure/certificate-rotation/docker-ozonesecure_om_1.log'
renamed 'ozonesecure/result/docker-ozonesecure_recon_1.log' -> '/home/runner/work/ozone/ozone/hadoop-ozone/dist/target/ozone-1.4.0-SNAPSHOT/compose/result/ozonesecure/certificate-rotation/docker-ozonesecure_recon_1.log'
renamed 'ozonesecure/result/docker-ozonesecure_s3g_1.log' -> '/home/runner/work/ozone/ozone/hadoop-ozone/dist/target/ozone-1.4.0-SNAPSHOT/compose/result/ozonesecure/certificate-rotation/docker-ozonesecure_s3g_1.log'
renamed 'ozonesecure/result/docker-ozonesecure_scm_1.log' -> '/home/runner/work/ozone/ozone/hadoop-ozone/dist/target/ozone-1.4.0-SNAPSHOT/compose/result/ozonesecure/certificate-rotation/docker-ozonesecure_scm_1.log'
renamed 'ozonesecure/result/kms-audit.log' -> '/home/runner/work/ozone/ozone/hadoop-ozone/dist/target/ozone-1.4.0-SNAPSHOT/compose/result/ozonesecure/certificate-rotation/kms-audit.log'
renamed 'ozonesecure/result/om-audit-om.log' -> '/home/runner/work/ozone/ozone/hadoop-ozone/dist/target/ozone-1.4.0-SNAPSHOT/compose/result/ozonesecure/certificate-rotation/om-audit-om.log'
renamed 'ozonesecure/result/s3g-audit-s3g.log' -> '/home/runner/work/ozone/ozone/hadoop-ozone/dist/target/ozone-1.4.0-SNAPSHOT/compose/result/ozonesecure/certificate-rotation/s3g-audit-s3g.log'
renamed 'ozonesecure/result/scm-audit-scm.log' -> '/home/runner/work/ozone/ozone/hadoop-ozone/dist/target/ozone-1.4.0-SNAPSHOT/compose/result/ozonesecure/certificate-rotation/scm-audit-scm.log'
Executing test ozonesecure/test-root-ca-rotation.sh
Removing network ozonesecure_default
Network ozonesecure_default not found.
Creating network "ozonesecure_default" with the default driver
Creating ozonesecure_scm_1 ... 
Creating ozonesecure_httpfs_1 ... 
Creating ozonesecure_kdc_1    ... 
Creating ozonesecure_recon_1  ... 
Creating ozonesecure_datanode_1 ... 
Creating ozonesecure_datanode_2 ... 
Creating ozonesecure_datanode_3 ... 
Creating ozonesecure_kms_1      ... 
Creating ozonesecure_om_1       ... 
Creating ozonesecure_s3g_1      ... 
Creating ozonesecure_kdc_1      ... done
Creating ozonesecure_scm_1      ... done
Creating ozonesecure_recon_1    ... done
Creating ozonesecure_datanode_1 ... done
Creating ozonesecure_httpfs_1   ... done
Creating ozonesecure_kms_1      ... done
Creating ozonesecure_datanode_2 ... done
Creating ozonesecure_datanode_3 ... done
Creating ozonesecure_s3g_1      ... done
Creating ozonesecure_om_1       ... done
Port 88 is available on kdc
Port 9860 is not available on scm yet
Port 9860 is not available on scm yet
Port 9860 is not available on scm yet
Port 9860 is not available on scm yet
Port 9860 is not available on scm yet
Port 9860 is not available on scm yet
Port 9860 is not available on scm yet
Port 9860 is not available on scm yet
Port 9860 is not available on scm yet
Port 9860 is not available on scm yet
Port 9860 is not available on scm yet
Port 9860 is not available on scm yet
Port 9860 is not available on scm yet
Port 9860 is not available on scm yet
Port 9860 is not available on scm yet
Port 9860 is not available on scm yet
Port 9860 is not available on scm yet
Port 9860 is not available on scm yet
Port 9860 is not available on scm yet
Port 9860 is not available on scm yet
Port 9860 is not available on scm yet
Port 9860 is not available on scm yet
Port 9860 is not available on scm yet
Port 9860 is not available on scm yet
Port 9860 is not available on scm yet
Port 9860 is not available on scm yet
Port 9860 is not available on scm yet
Port 9860 is not available on scm yet
Port 9860 is available on scm
SCM is in safe mode. Will retry in 1 sec. Remaining time (sec): 221
SCM is in safe mode. Will retry in 1 sec. Remaining time (sec): 219
SCM is in safe mode. Will retry in 1 sec. Remaining time (sec): 218
SCM is in safe mode. Will retry in 1 sec. Remaining time (sec): 217
SCM is in safe mode. Will retry in 1 sec. Remaining time (sec): 216
SCM is in safe mode. Will retry in 1 sec. Remaining time (sec): 215
SCM is in safe mode. Will retry in 1 sec. Remaining time (sec): 214
SCM is in safe mode. Will retry in 1 sec. Remaining time (sec): 213
SCM is in safe mode. Will retry in 1 sec. Remaining time (sec): 212
SCM is in safe mode. Will retry in 1 sec. Remaining time (sec): 211
SCM is in safe mode. Will retry in 1 sec. Remaining time (sec): 210
SCM is in safe mode. Will retry in 1 sec. Remaining time (sec): 209
SCM is in safe mode. Will retry in 1 sec. Remaining time (sec): 208
SCM is in safe mode. Will retry in 1 sec. Remaining time (sec): 207
SCM is in safe mode. Will retry in 1 sec. Remaining time (sec): 206
SCM is in safe mode. Will retry in 1 sec. Remaining time (sec): 205
SCM is in safe mode. Will retry in 1 sec. Remaining time (sec): 204
SCM is in safe mode. Will retry in 1 sec. Remaining time (sec): 203
SCM is out of safe mode.
No OM HA service, no need to wait
key1 has been successfully created with options Options{cipher='AES/CTR/NoPadding', bitLength=128, description='null', attributes=null}.
org.apache.hadoop.crypto.key.kms.LoadBalancingKMSClientProvider@662b4c69 has been updated.
==============================================================================
Kinit :: Kinit test user                                                      
==============================================================================
Kinit                                                                 | PASS |
------------------------------------------------------------------------------
Kinit :: Kinit test user                                              | PASS |
1 test, 1 passed, 0 failed
==============================================================================
Output:  /tmp/smoketest/ozonesecure/result/robot-1.xml
"RootCARotationManager-Active" #271 daemon prio=5 os_prio=0 cpu=692.83ms elapsed=84.69s tid=0x00007f924e4a4800 nid=0x2b2 waiting on condition  [0x00007f9208a7c000]
jps | grep StorageContainerManagerStarter |  sed 's/StorageContainerManagerStarter//' | xargs | xargs -I {} jstack {} | grep 'RootCARotationManager-Active' succeed
Certificate id: 2
  [0]         Version: 3
         SerialNumber: 2
             IssuerDN: CN=scm-2@scm,OU=a876dcfb-8947-4015-811e-76963a291e08,O=CID-5df26a1a-e529-4fb9-b4ed-b19c992e58ba
           Start Date: Sat Sep 09 17:19:30 UTC 2023
           Final Date: Sat Sep 09 17:22:30 UTC 2023
            SubjectDN: CN=scm-2@scm,OU=a876dcfb-8947-4015-811e-76963a291e08,O=CID-5df26a1a-e529-4fb9-b4ed-b19c992e58ba
           Public Key: RSA Public Key [68:2d:57:f0:ee:c3:ac:00:59:09:3f:e5:64:88:7a:21:7c:91:00:97],[56:66:d1:a4]
        modulus: dea68979ef0b0090b7082215687367f1a65b5b70bff11a463cefa99ee9d304d49a282df56a42b446624953f3ad349ee1e21741840038ab0fb478d9918eda58810fee0f7382f604c355e4b0a8097569add9d7d2cba771bc40f72c36c69a4b0394a41809496d8bae6a2936e3963479a89a16608fcd401f50bfea8de8bf2bdc14d6f7d02c8b0d2a17181646f6af4996ab7c4cfe2946f8a4cd72cf757f5be8b256ec368bbbe89be9324a5bb458beb17f13fb4ad342d73696e436f0420ad2be19133f16f0c7b8cf3bc35ef0648ef10b493d2c6b21ae13b3ebb0cc758489737cb8e037580e2d5b8d1128fd801fc237a087b647c14741bff17ebd52fc58f626f569c637
public exponent: 10001

  Signature Algorithm: SHA256withRSA
            Signature: 48f12db1d62612c31b5eeb1b7333301aca6604f4
                       3d6babe074885c6fe992b80d424cec9abae2f7a0
                       a0ce0e03bd69b39260320b7a18324d1a9158348f
                       30c634076634af736b3f57f513221960cb874ebc
                       2c9738ea7057183876831e29829e4f4e2f5f44e7
                       a963e11c444a44a9d2c72bb14541ad2942e2e3fe
                       b501f9ce1fe7b2c020ce00254ae8d6c3c7415c2e
                       8438d814313f67e7c8e725b1a1cafa78396b7981
                       d9574ac3afbdaa08ca3684a88cadce379302182c
                       2bf5b6d5c534bc2c4a298e217609ed9ed6df5d8f
                       e3dd3dd08f1e6b5f690245887846caa86b770570
                       28016b611070da08cfb7efb1cafec68a5cea2f7f
                       44eb96160db8b9f82df1d0b427c7cb32
       Extensions: 
                       critical(true) BasicConstraints: isCa(true)
                       critical(true) KeyUsage: 0x6
                       critical(false) 2.5.29.17 value = Sequence
    Tagged [7] IMPLICIT 
        DER Octet String[4] 


ozone admin cert info 2 succeed
/data/metadata/dn/certs/ROOTCA-2.crt
find /data/metadata/dn/certs/ROOTCA-2.crt succeed
/data/metadata/om/certs/ROOTCA-2.crt
find /data/metadata/om/certs/ROOTCA-2.crt succeed
==============================================================================
Root-Ca-Rotation-Client-Checks :: Generate data                               
==============================================================================
Create a volume and bucket                                            | PASS |
------------------------------------------------------------------------------
Create key                                                            | PASS |
------------------------------------------------------------------------------
Read data from previously created key                                 | PASS |
------------------------------------------------------------------------------
Root-Ca-Rotation-Client-Checks :: Generate data                       | PASS |
3 tests, 3 passed, 0 failed
==============================================================================
Output:  /tmp/smoketest/ozonesecure/result/robot-2.xml
Certificate id: 3
  [0]         Version: 3
         SerialNumber: 3
             IssuerDN: CN=scm-3@scm,OU=a876dcfb-8947-4015-811e-76963a291e08,O=CID-5df26a1a-e529-4fb9-b4ed-b19c992e58ba
           Start Date: Sat Sep 09 17:21:01 UTC 2023
           Final Date: Sat Sep 09 17:24:01 UTC 2023
            SubjectDN: CN=scm-3@scm,OU=a876dcfb-8947-4015-811e-76963a291e08,O=CID-5df26a1a-e529-4fb9-b4ed-b19c992e58ba
           Public Key: RSA Public Key [f0:5c:21:6d:de:59:96:01:3c:26:5b:b5:5c:f0:73:79:3c:ae:1b:1e],[56:66:d1:a4]
        modulus: aaef0cbe897728b3148ae10d4832cbbcb76abd09a641468c95092c9d873a03078137ced5a29bc49de97ef830937037709a94515bcda6dc74dc45e0238a5f2e6fdf0746a6be5b92f5a04278299e825a66b7a152eb45a6ed6e418743df77eda424baed433f93796f062446072a060da48b21d465d71b103cc22aac79fa11ed2010bbb293b8e1ba4b1bba5fb2ad73ae2e8192fb93fb9224c4e62814df24443f98de1c3de50d99117ea3b50b76781f53ad89c82f62a9e74e19db83bf6bc06b88649616c880bfc65a9bb23b801597148df25ea1609d5ac333955a209687d9d335a46214c938a62af93d41743ab8cdd8f239d0ab9864a56146dfb0384958b32880059f
public exponent: 10001

  Signature Algorithm: SHA256withRSA
            Signature: 6340109de3b0d10504da5c166480687b74f179e5
                       1d3afced01dcb0e5a0ff2db2ac1dc6c311a211c8
                       966c5ebae3fba5fc100d69fec14b98772c774aeb
                       ab4027ee4e32b96972954b128d306e6f6965f883
                       2d2cc179fe06b76a8a643f6a88ded2a6846d8004
                       32e0275e16c281ba74b86ffe9fee9f4492dbbb62
                       42f27408c0b744702695f925d4afc04c28994548
                       7858c084ad92745cf80b170ef15ec440cd7d9ef7
                       894892385c812fcaab85671a7871763f440c116c
                       0a1206125a65c45ac840bb7c4394c0559ef6e84b
                       864899f78833f7a82e239516dcc11070371e62b8
                       ad7a84c16f44fd37fffc4cc9fa158025ca05008e
                       86bc2376b8b5925cbac567c4f9df8170
       Extensions: 
                       critical(true) BasicConstraints: isCa(true)
                       critical(true) KeyUsage: 0x6
                       critical(false) 2.5.29.17 value = Sequence
    Tagged [7] IMPLICIT 
        DER Octet String[4] 


ozone admin cert info 3 succeed
/data/metadata/om/certs/ROOTCA-3.crt
find /data/metadata/om/certs/ROOTCA-3.crt succeed
Certificate not found
! ozone admin cert info 1 succeed
==============================================================================
Root-Ca-Rotation-Client-Checks :: Generate data                               
==============================================================================
Create a volume and bucket                                            | PASS |
------------------------------------------------------------------------------
Create key                                                            | PASS |
------------------------------------------------------------------------------
Read data from previously created key                                 | PASS |
------------------------------------------------------------------------------
Root-Ca-Rotation-Client-Checks :: Generate data                       | PASS |
3 tests, 3 passed, 0 failed
==============================================================================
Output:  /tmp/smoketest/ozonesecure/result/robot-3.xml
==============================================================================
Root-Ca-Rotation :: Smoketest ozone cluster startup                           
==============================================================================
Verify root CA rotation metrics                                       | PASS |
------------------------------------------------------------------------------
Root-Ca-Rotation :: Smoketest ozone cluster startup                   | PASS |
1 test, 1 passed, 0 failed
==============================================================================
Output:  /tmp/smoketest/ozonesecure/result/robot-4.xml
Stopping ozonesecure_s3g_1      ... 
Stopping ozonesecure_om_1       ... 
Stopping ozonesecure_datanode_3 ... 
Stopping ozonesecure_datanode_2 ... 
Stopping ozonesecure_datanode_1 ... 
Stopping ozonesecure_kms_1      ... 
Stopping ozonesecure_recon_1    ... 
Stopping ozonesecure_kdc_1      ... 
Stopping ozonesecure_scm_1      ... 
Stopping ozonesecure_httpfs_1   ... 
Stopping ozonesecure_kms_1      ... done
Stopping ozonesecure_kdc_1      ... done
Stopping ozonesecure_httpfs_1   ... done
Stopping ozonesecure_s3g_1      ... done
Stopping ozonesecure_recon_1    ... done
Stopping ozonesecure_datanode_1 ... done
Stopping ozonesecure_datanode_3 ... done
Stopping ozonesecure_datanode_2 ... done
Stopping ozonesecure_om_1       ... done
Stopping ozonesecure_scm_1      ... done
Removing ozonesecure_s3g_1      ... 
Removing ozonesecure_om_1       ... 
Removing ozonesecure_datanode_3 ... 
Removing ozonesecure_datanode_2 ... 
Removing ozonesecure_datanode_1 ... 
Removing ozonesecure_kms_1      ... 
Removing ozonesecure_recon_1    ... 
Removing ozonesecure_kdc_1      ... 
Removing ozonesecure_scm_1      ... 
Removing ozonesecure_httpfs_1   ... 
Removing ozonesecure_httpfs_1   ... done
Removing ozonesecure_datanode_3 ... done
Removing ozonesecure_kms_1      ... done
Removing ozonesecure_om_1       ... done
Removing ozonesecure_datanode_2 ... done
Removing ozonesecure_scm_1      ... done
Removing ozonesecure_kdc_1      ... done
Removing ozonesecure_recon_1    ... done
Removing ozonesecure_datanode_1 ... done
Removing ozonesecure_s3g_1      ... done
Removing network ozonesecure_default
Log:     /home/runner/work/ozone/ozone/hadoop-ozone/dist/target/ozone-1.4.0-SNAPSHOT/compose/ozonesecure/result/log.html
Report:  /home/runner/work/ozone/ozone/hadoop-ozone/dist/target/ozone-1.4.0-SNAPSHOT/compose/ozonesecure/result/report.html
Removing network ozonesecure_default
Network ozonesecure_default not found.
Output:  /home/runner/work/ozone/ozone/hadoop-ozone/dist/target/ozone-1.4.0-SNAPSHOT/compose/result/ozonesecure-root-ca-rotation.xml
removed 'ozonesecure/result/robot-1.xml'
removed 'ozonesecure/result/robot-2.xml'
removed 'ozonesecure/result/robot-3.xml'
removed 'ozonesecure/result/robot-4.xml'
removed 'ozonesecure/result/log.html'
removed 'ozonesecure/result/report.html'
renamed 'ozonesecure/result/dn-audit-1539c8c4fe90.log' -> '/home/runner/work/ozone/ozone/hadoop-ozone/dist/target/ozone-1.4.0-SNAPSHOT/compose/result/ozonesecure/root-ca-rotation/dn-audit-1539c8c4fe90.log'
renamed 'ozonesecure/result/dn-audit-802cf1d37d9e.log' -> '/home/runner/work/ozone/ozone/hadoop-ozone/dist/target/ozone-1.4.0-SNAPSHOT/compose/result/ozonesecure/root-ca-rotation/dn-audit-802cf1d37d9e.log'
renamed 'ozonesecure/result/dn-audit-c7b101441663.log' -> '/home/runner/work/ozone/ozone/hadoop-ozone/dist/target/ozone-1.4.0-SNAPSHOT/compose/result/ozonesecure/root-ca-rotation/dn-audit-c7b101441663.log'
renamed 'ozonesecure/result/docker-ozonesecure_datanode_1.log' -> '/home/runner/work/ozone/ozone/hadoop-ozone/dist/target/ozone-1.4.0-SNAPSHOT/compose/result/ozonesecure/root-ca-rotation/docker-ozonesecure_datanode_1.log'
renamed 'ozonesecure/result/docker-ozonesecure_datanode_2.log' -> '/home/runner/work/ozone/ozone/hadoop-ozone/dist/target/ozone-1.4.0-SNAPSHOT/compose/result/ozonesecure/root-ca-rotation/docker-ozonesecure_datanode_2.log'
renamed 'ozonesecure/result/docker-ozonesecure_datanode_3.log' -> '/home/runner/work/ozone/ozone/hadoop-ozone/dist/target/ozone-1.4.0-SNAPSHOT/compose/result/ozonesecure/root-ca-rotation/docker-ozonesecure_datanode_3.log'
renamed 'ozonesecure/result/docker-ozonesecure_httpfs_1.log' -> '/home/runner/work/ozone/ozone/hadoop-ozone/dist/target/ozone-1.4.0-SNAPSHOT/compose/result/ozonesecure/root-ca-rotation/docker-ozonesecure_httpfs_1.log'
renamed 'ozonesecure/result/docker-ozonesecure_kdc_1.log' -> '/home/runner/work/ozone/ozone/hadoop-ozone/dist/target/ozone-1.4.0-SNAPSHOT/compose/result/ozonesecure/root-ca-rotation/docker-ozonesecure_kdc_1.log'
renamed 'ozonesecure/result/docker-ozonesecure_kms_1.log' -> '/home/runner/work/ozone/ozone/hadoop-ozone/dist/target/ozone-1.4.0-SNAPSHOT/compose/result/ozonesecure/root-ca-rotation/docker-ozonesecure_kms_1.log'
renamed 'ozonesecure/result/docker-ozonesecure_om_1.log' -> '/home/runner/work/ozone/ozone/hadoop-ozone/dist/target/ozone-1.4.0-SNAPSHOT/compose/result/ozonesecure/root-ca-rotation/docker-ozonesecure_om_1.log'
renamed 'ozonesecure/result/docker-ozonesecure_recon_1.log' -> '/home/runner/work/ozone/ozone/hadoop-ozone/dist/target/ozone-1.4.0-SNAPSHOT/compose/result/ozonesecure/root-ca-rotation/docker-ozonesecure_recon_1.log'
renamed 'ozonesecure/result/docker-ozonesecure_s3g_1.log' -> '/home/runner/work/ozone/ozone/hadoop-ozone/dist/target/ozone-1.4.0-SNAPSHOT/compose/result/ozonesecure/root-ca-rotation/docker-ozonesecure_s3g_1.log'
renamed 'ozonesecure/result/docker-ozonesecure_scm_1.log' -> '/home/runner/work/ozone/ozone/hadoop-ozone/dist/target/ozone-1.4.0-SNAPSHOT/compose/result/ozonesecure/root-ca-rotation/docker-ozonesecure_scm_1.log'
renamed 'ozonesecure/result/kms-audit.log' -> '/home/runner/work/ozone/ozone/hadoop-ozone/dist/target/ozone-1.4.0-SNAPSHOT/compose/result/ozonesecure/root-ca-rotation/kms-audit.log'
renamed 'ozonesecure/result/om-audit-om.log' -> '/home/runner/work/ozone/ozone/hadoop-ozone/dist/target/ozone-1.4.0-SNAPSHOT/compose/result/ozonesecure/root-ca-rotation/om-audit-om.log'
renamed 'ozonesecure/result/s3g-audit-s3g.log' -> '/home/runner/work/ozone/ozone/hadoop-ozone/dist/target/ozone-1.4.0-SNAPSHOT/compose/result/ozonesecure/root-ca-rotation/s3g-audit-s3g.log'
renamed 'ozonesecure/result/scm-audit-scm.log' -> '/home/runner/work/ozone/ozone/hadoop-ozone/dist/target/ozone-1.4.0-SNAPSHOT/compose/result/ozonesecure/root-ca-rotation/scm-audit-scm.log'
Exception in thread "main" java.net.SocketException: Socket closed
	at java.base/java.net.PlainSocketImpl.socketAccept(Native Method)
	at java.base/java.net.AbstractPlainSocketImpl.accept(AbstractPlainSocketImpl.java:474)
	at java.base/java.net.ServerSocket.implAccept(ServerSocket.java:565)
	at java.base/java.net.ServerSocket.accept(ServerSocket.java:533)
	at org.apache.hadoop.test.JacocoServer.main(JacocoServer.java:60)
Log:     /home/runner/work/ozone/ozone/hadoop-ozone/dist/target/ozone-1.4.0-SNAPSHOT/compose/result/log.html
Report:  /home/runner/work/ozone/ozone/hadoop-ozone/dist/target/ozone-1.4.0-SNAPSHOT/compose/result/report.html
