rm: cannot remove '/home/runner/work/ozone/ozone/hadoop-ozone/dist/target/ozone-1.4.0-SNAPSHOT/compose/result/*': No such file or directory
Executing test in ozonesecure-ha
Removing network ozonesecure-ha_ozone_net
Network ozonesecure-ha_ozone_net not found.
Creating network "ozonesecure-ha_ozone_net" with the default driver
Pulling kdc (apache/ozone-testkrb5:20230318-1)...
20230318-1: Pulling from apache/ozone-testkrb5
Digest: sha256:6a7eeac1ebd12e8968e34ab93fb8d21f2b92ae52bc0a85b662a2d41065f05d3a
Status: Downloaded newer image for apache/ozone-testkrb5:20230318-1
Pulling kms (apache/hadoop:3)...
3: Pulling from apache/hadoop
Digest: sha256:1c33d429560ebc1b4fba1d61758ff5c73a2c9027572568769f56a68c4eaadbf6
Status: Downloaded newer image for apache/hadoop:3
Pulling datanode1 (apache/ozone-runner:20230104-1)...
20230104-1: Pulling from apache/ozone-runner
Digest: sha256:bc4c3ecdf9e653e2287e8b99449222807ee6011b520beae9a8874d9b8fc037f3
Status: Downloaded newer image for apache/ozone-runner:20230104-1
Creating ozonesecure-ha_s3g_1 ... 
Creating ozonesecure-ha_scm1.org_1 ... 
Creating ozonesecure-ha_datanode2_1 ... 
Creating ozonesecure-ha_kdc_1       ... 
Creating ozonesecure-ha_om1_1       ... 
Creating ozonesecure-ha_httpfs_1    ... 
Creating ozonesecure-ha_recon_1     ... 
Creating ozonesecure-ha_datanode1_1 ... 
Creating ozonesecure-ha_scm2.org_1  ... 
Creating ozonesecure-ha_kms_1       ... 
Creating ozonesecure-ha_om3_1       ... 
Creating ozonesecure-ha_datanode3_1 ... 
Creating ozonesecure-ha_scm3.org_1  ... 
Creating ozonesecure-ha_om2_1       ... 
Creating ozonesecure-ha_kdc_1       ... done
Creating ozonesecure-ha_s3g_1       ... done
Creating ozonesecure-ha_om1_1       ... done
Creating ozonesecure-ha_datanode2_1 ... done
Creating ozonesecure-ha_scm1.org_1  ... done
Creating ozonesecure-ha_kms_1       ... done
Creating ozonesecure-ha_recon_1     ... done
Creating ozonesecure-ha_scm2.org_1  ... done
Creating ozonesecure-ha_datanode1_1 ... done
Creating ozonesecure-ha_httpfs_1    ... done
Creating ozonesecure-ha_datanode3_1 ... done
Creating ozonesecure-ha_om3_1       ... done
Creating ozonesecure-ha_om2_1       ... done
Creating ozonesecure-ha_scm3.org_1  ... done
SECONDS: 39
com.google.protobuf.ServiceException: java.net.ConnectException: Call From scm1.org/172.25.0.116 to scm1.org:9860 failed on connection exception: java.net.ConnectException: Connection refused; For more details see: http://wiki.apache.org/hadoop/ConnectionRefused, while invoking $Proxy21.submitRequest over nodeId=scm1,nodeAddress=scm1.org/172.25.0.116:9860 after 3 failover attempts. Trying to failover after sleeping for 2000ms. Current retry count: 3. com.google.protobuf.ServiceException: java.net.ConnectException: Call From scm1.org/172.25.0.116 to scm2.org:9860 failed on connection exception: java.net.ConnectException: Connection refused; For more details see: http://wiki.apache.org/hadoop/ConnectionRefused, while invoking $Proxy21.submitRequest over nodeId=scm2,nodeAddress=scm2.org/172.25.0.117:9860 after 4 failover attempts. Trying to failover after sleeping for 2000ms. Current retry count: 4. com.google.protobuf.ServiceException: java.net.ConnectException: Call From scm1.org/172.25.0.116 to scm3.org:9860 failed on connection exception: java.net.ConnectException: Connection refused; For more details see: http://wiki.apache.org/hadoop/ConnectionRefused, while invoking $Proxy21.submitRequest over nodeId=scm3,nodeAddress=scm3.org/172.25.0.118:9860 after 5 failover attempts. Trying to failover after sleeping for 2000ms. Current retry count: 5. com.google.protobuf.ServiceException: java.net.ConnectException: Call From scm1.org/172.25.0.116 to scm1.org:9860 failed on connection exception: java.net.ConnectException: Connection refused; For more details see: http://wiki.apache.org/hadoop/ConnectionRefused, while invoking $Proxy21.submitRequest over nodeId=scm1,nodeAddress=scm1.org/172.25.0.116:9860 after 6 failover attempts. Trying to failover after sleeping for 2000ms. Current retry count: 6. com.google.protobuf.ServiceException: java.net.ConnectException: Call From scm1.org/172.25.0.116 to scm2.org:9860 failed on connection exception: java.net.ConnectException: Connection refused; For more details see: http://wiki.apache.org/hadoop/ConnectionRefused, while invoking $Proxy21.submitRequest over nodeId=scm2,nodeAddress=scm2.org/172.25.0.117:9860 after 7 failover attempts. Trying to failover after sleeping for 2000ms. Current retry count: 7. com.google.protobuf.ServiceException: java.net.ConnectException: Call From scm1.org/172.25.0.116 to scm3.org:9860 failed on connection exception: java.net.ConnectException: Connection refused; For more details see: http://wiki.apache.org/hadoop/ConnectionRefused, while invoking $Proxy21.submitRequest over nodeId=scm3,nodeAddress=scm3.org/172.25.0.118:9860 after 8 failover attempts. Trying to failover after sleeping for 2000ms. Current retry count: 8. SCM is in safe mode. validated:false, DataNodeSafeModeRule, registered datanodes (=0) >= required datanodes (=3) validated:false, HealthyPipelineSafeModeRule, healthy Ratis/THREE pipelines (=0) >= healthyPipelineThresholdCount (=1) validated:true, ContainerSafeModeRule, % of containers with at least one reported replica (=1.00) >= safeModeCutoff (=0.99) validated:true, AtleastOneDatanodeReportedRule, reported Ratis/THREE pipelines with at least one datanode (=0) >= threshold (=0)
SECONDS: 57
SCM is in safe mode. validated:false, DataNodeSafeModeRule, registered datanodes (=0) >= required datanodes (=3) validated:false, HealthyPipelineSafeModeRule, healthy Ratis/THREE pipelines (=0) >= healthyPipelineThresholdCount (=1) validated:true, ContainerSafeModeRule, % of containers with at least one reported replica (=1.00) >= safeModeCutoff (=0.99) validated:true, AtleastOneDatanodeReportedRule, reported Ratis/THREE pipelines with at least one datanode (=0) >= threshold (=0)
SECONDS: 72
SCM is in safe mode. validated:false, DataNodeSafeModeRule, registered datanodes (=0) >= required datanodes (=3) validated:false, HealthyPipelineSafeModeRule, healthy Ratis/THREE pipelines (=0) >= healthyPipelineThresholdCount (=1) validated:true, ContainerSafeModeRule, % of containers with at least one reported replica (=1.00) >= safeModeCutoff (=0.99) validated:true, AtleastOneDatanodeReportedRule, reported Ratis/THREE pipelines with at least one datanode (=0) >= threshold (=0)
SECONDS: 94
SCM is in safe mode. validated:false, DataNodeSafeModeRule, registered datanodes (=0) >= required datanodes (=3) validated:false, HealthyPipelineSafeModeRule, healthy Ratis/THREE pipelines (=0) >= healthyPipelineThresholdCount (=1) validated:true, ContainerSafeModeRule, % of containers with at least one reported replica (=1.00) >= safeModeCutoff (=0.99) validated:true, AtleastOneDatanodeReportedRule, reported Ratis/THREE pipelines with at least one datanode (=0) >= threshold (=0)
SECONDS: 144
SCM is in safe mode. validated:false, DataNodeSafeModeRule, registered datanodes (=0) >= required datanodes (=3) validated:false, HealthyPipelineSafeModeRule, healthy Ratis/THREE pipelines (=0) >= healthyPipelineThresholdCount (=1) validated:true, ContainerSafeModeRule, % of containers with at least one reported replica (=1.00) >= safeModeCutoff (=0.99) validated:true, AtleastOneDatanodeReportedRule, reported Ratis/THREE pipelines with at least one datanode (=0) >= threshold (=0)
SECONDS: 185
SCM is out of safe mode.
Safe mode is off
Found OM leader for service omservice: om2 : LEADER (om2)
Replaced OM order with om2,om3,om1 in ozonesecure-ha_datanode1_1
Replaced OM order with om2,om3,om1 in ozonesecure-ha_datanode2_1
Replaced OM order with om2,om3,om1 in ozonesecure-ha_datanode3_1
Replaced OM order with om2,om3,om1 in ozonesecure-ha_recon_1
Replaced OM order with om2,om3,om1 in ozonesecure-ha_s3g_1
Replaced OM order with om2,om3,om1 in ozonesecure-ha_scm1.org_1
Replaced OM order with om2,om3,om1 in ozonesecure-ha_scm2.org_1
Replaced OM order with om2,om3,om1 in ozonesecure-ha_scm3.org_1
key1 has been successfully created with options Options{cipher='AES/CTR/NoPadding', bitLength=128, description='null', attributes=null}.
org.apache.hadoop.crypto.key.kms.LoadBalancingKMSClientProvider@25084a1e has been updated.
==============================================================================
Kinit :: Kinit test user                                                      
==============================================================================
Kinit                                                                 | PASS |
------------------------------------------------------------------------------
Kinit :: Kinit test user                                              | PASS |
1 test, 1 passed, 0 failed
==============================================================================
Output:  /tmp/smoketest/ozonesecure-ha/result/robot-ozonesecure-ha-ozonesecure-ha-kinit-s3g.xml
==============================================================================
Freon                                                                         
==============================================================================
Freon.echoRPCLoad :: Test freon echo RPC commands                             
==============================================================================
Ozone Echo RPC Load Generator with request payload and response pa... | PASS |
------------------------------------------------------------------------------
Ozone Echo RPC Load Generator with request payload and empty respo... | PASS |
------------------------------------------------------------------------------
Ozone Echo RPC Load Generator with empty request payload and respo... | PASS |
------------------------------------------------------------------------------
Ozone Echo RPC Load Generator with empty request payload and empty... | PASS |
------------------------------------------------------------------------------
Freon.echoRPCLoad :: Test freon echo RPC commands                     | PASS |
4 tests, 4 passed, 0 failed
==============================================================================
Freon.Generate-Chunk :: Test freon chunk generation commands                  
==============================================================================
DN Chunk Generator                                                    | PASS |
------------------------------------------------------------------------------
Freon.Generate-Chunk :: Test freon chunk generation commands          | PASS |
1 test, 1 passed, 0 failed
==============================================================================
Freon.Generate :: Test freon data generation commands                         
==============================================================================
Ozone Client Key Generator                                            | PASS |
------------------------------------------------------------------------------
OM Key Generator                                                      | PASS |
------------------------------------------------------------------------------
OM Bucket Generator                                                   | PASS |
------------------------------------------------------------------------------
Freon.Generate :: Test freon data generation commands                 | PASS |
3 tests, 3 passed, 0 failed
==============================================================================
Freon.Read-Write-Key :: Test freon read/write key commands                    
==============================================================================
Pre-generate 100 keys of size 1 byte each to Ozone                    | PASS |
------------------------------------------------------------------------------
Read 10 keys from pre-generated keys                                  | PASS |
------------------------------------------------------------------------------
Read 10 keys' metadata from pre-generated keys                        | PASS |
------------------------------------------------------------------------------
Write 10 keys of size 1 byte each from key index 0 to 99              | PASS |
------------------------------------------------------------------------------
Run 90 % of read-key tasks and 10 % of write-key tasks for 10 keys... | PASS |
------------------------------------------------------------------------------
Freon.Read-Write-Key :: Test freon read/write key commands            | PASS |
5 tests, 5 passed, 0 failed
==============================================================================
Freon.Remove :: Test freon data remove commands                               
==============================================================================
Ozone Client Key Remover                                              | PASS |
------------------------------------------------------------------------------
OM Bucket Remover                                                     | PASS |
------------------------------------------------------------------------------
Freon.Remove :: Test freon data remove commands                       | PASS |
2 tests, 2 passed, 0 failed
==============================================================================
Freon.Validate-Chunk :: Test freon chunk validation commands                  
==============================================================================
DN Chunk Validator                                                    | PASS |
------------------------------------------------------------------------------
Freon.Validate-Chunk :: Test freon chunk validation commands          | PASS |
1 test, 1 passed, 0 failed
==============================================================================
Freon.Validate :: Test freon data validation commands                         
==============================================================================
Ozone Client Key Validator                                            | PASS |
------------------------------------------------------------------------------
Freon.Validate :: Test freon data validation commands                 | PASS |
1 test, 1 passed, 0 failed
==============================================================================
Freon                                                                 | PASS |
17 tests, 17 passed, 0 failed
==============================================================================
Output:  /tmp/smoketest/ozonesecure-ha/result/robot-ozonesecure-ha-ozonesecure-ha-kinit-s3g-1.xml
==============================================================================
ozonefs-o3fs-link :: Ozone FS tests                                           
==============================================================================
List root                                                             | PASS |
------------------------------------------------------------------------------
List non-existent volume                                              | PASS |
------------------------------------------------------------------------------
List non-existent bucket                                              | PASS |
------------------------------------------------------------------------------
Create dir with parents                                               | PASS |
------------------------------------------------------------------------------
Copy from local                                                       | PASS |
------------------------------------------------------------------------------
Put                                                                   | PASS |
------------------------------------------------------------------------------
Check disk usage after create a file which uses RATIS replication ... | PASS |
------------------------------------------------------------------------------
Put with Streaming                                                    | PASS |
------------------------------------------------------------------------------
List                                                                  | PASS |
------------------------------------------------------------------------------
Move                                                                  | PASS |
------------------------------------------------------------------------------
Copy within FS                                                        | PASS |
------------------------------------------------------------------------------
Cat file                                                              | PASS |
------------------------------------------------------------------------------
Delete file                                                           | PASS |
------------------------------------------------------------------------------
Delete dir                                                            | PASS |
------------------------------------------------------------------------------
Touch file                                                            | PASS |
------------------------------------------------------------------------------
Delete file with Trash                                                | PASS |
------------------------------------------------------------------------------
Delete recursively                                                    | PASS |
------------------------------------------------------------------------------
List recursively                                                      | PASS |
------------------------------------------------------------------------------
Copy to other bucket                                                  | PASS |
------------------------------------------------------------------------------
Copy to other volume                                                  | PASS |
------------------------------------------------------------------------------
List file created via shell                                           | PASS |
------------------------------------------------------------------------------
Reject overwrite existing                                             | PASS |
------------------------------------------------------------------------------
Get file                                                              | PASS |
------------------------------------------------------------------------------
ozonefs-o3fs-link :: Ozone FS tests                                   | PASS |
23 tests, 23 passed, 0 failed
==============================================================================
Output:  /tmp/smoketest/ozonesecure-ha/result/robot-ozonesecure-ha-ozonesecure-ha-kinit-s3g-2.xml
==============================================================================
Links :: Test bucket links via Ozone CLI                                      
==============================================================================
Link to non-existent bucket                                           | PASS |
------------------------------------------------------------------------------
Key create passthrough                                                | PASS |
------------------------------------------------------------------------------
Key read passthrough                                                  | PASS |
------------------------------------------------------------------------------
Key list passthrough                                                  | PASS |
------------------------------------------------------------------------------
Key delete passthrough                                                | PASS |
------------------------------------------------------------------------------
Bucket list contains links                                            | PASS |
------------------------------------------------------------------------------
Bucket info shows source                                              | PASS |
------------------------------------------------------------------------------
Source and target have separate ACLs                                  | PASS |
------------------------------------------------------------------------------
Buckets and links share namespace                                     | PASS |
------------------------------------------------------------------------------
Can follow link with read access                                      | PASS |
------------------------------------------------------------------------------
Cannot follow link without read access                                | PASS |
------------------------------------------------------------------------------
ACL verified on source bucket                                         | PASS |
------------------------------------------------------------------------------
Loop in link chain is detected                                        | PASS |
------------------------------------------------------------------------------
Multiple links to same bucket are allowed                             | PASS |
------------------------------------------------------------------------------
Source bucket not affected by deleting link                           | PASS |
------------------------------------------------------------------------------
Setting bucket property on link not allowed                           | PASS |
------------------------------------------------------------------------------
Links :: Test bucket links via Ozone CLI                              | PASS |
16 tests, 16 passed, 0 failed
==============================================================================
Output:  /tmp/smoketest/ozonesecure-ha/result/robot-ozonesecure-ha-ozonesecure-ha-kinit-s3g-3.xml
==============================================================================
s3-encrypted                                                                  
==============================================================================
s3-encrypted.Awss3 :: S3 gateway test with aws cli                            
==============================================================================
File upload and directory list                                        | PASS |
------------------------------------------------------------------------------
File upload with special chars                                        | PASS |
------------------------------------------------------------------------------
s3-encrypted.Awss3 :: S3 gateway test with aws cli                    | PASS |
2 tests, 2 passed, 0 failed
==============================================================================
s3-encrypted.Boto3 :: S3 gateway test with Boto3 Client                       
==============================================================================
Boto3 Client Test                                                     | PASS |
------------------------------------------------------------------------------
s3-encrypted.Boto3 :: S3 gateway test with Boto3 Client               | PASS |
1 test, 1 passed, 0 failed
==============================================================================
s3-encrypted.Bucketcreate :: S3 gateway test with aws cli                     
==============================================================================
Create new bucket                                                     | PASS |
------------------------------------------------------------------------------
Create bucket which already exists                                    | PASS |
------------------------------------------------------------------------------
Create bucket with invalid bucket name                                | PASS |
------------------------------------------------------------------------------
Create new bucket and check no group ACL                              | PASS |
------------------------------------------------------------------------------
s3-encrypted.Bucketcreate :: S3 gateway test with aws cli             | PASS |
4 tests, 4 passed, 0 failed
==============================================================================
s3-encrypted.Bucketdelete :: S3 gateway test with aws cli                     
==============================================================================
Delete existing bucket                                                | PASS |
------------------------------------------------------------------------------
Delete non-existent bucket                                            | PASS |
------------------------------------------------------------------------------
s3-encrypted.Bucketdelete :: S3 gateway test with aws cli             | PASS |
2 tests, 2 passed, 0 failed
==============================================================================
s3-encrypted.Buckethead :: S3 gateway test with aws cli                       
==============================================================================
Head Bucket                                                           | PASS |
------------------------------------------------------------------------------
Head Bucket not existent                                              | PASS |
------------------------------------------------------------------------------
s3-encrypted.Buckethead :: S3 gateway test with aws cli               | PASS |
2 tests, 2 passed, 0 failed
==============================================================================
s3-encrypted.Bucketlist :: S3 gateway test with aws cli                       
==============================================================================
List buckets                                                          | PASS |
------------------------------------------------------------------------------
Get bucket info with Ozone Shell to check the owner field             | PASS |
------------------------------------------------------------------------------
List buckets with empty access id                                     | PASS |
------------------------------------------------------------------------------
s3-encrypted.Bucketlist :: S3 gateway test with aws cli               | PASS |
3 tests, 3 passed, 0 failed
==============================================================================
s3-encrypted.Freon :: S3 gateway test with aws cli                            
==============================================================================
Run Freon S3BG                                                        | PASS |
------------------------------------------------------------------------------
s3-encrypted.Freon :: S3 gateway test with aws cli                    | PASS |
1 test, 1 passed, 0 failed
==============================================================================
s3-encrypted.MultipartUpload :: S3 gateway test with aws cli                  
==============================================================================
Test Multipart Upload With Adjusted Length                            | PASS |
------------------------------------------------------------------------------
Test Multipart Upload                                                 | PASS |
------------------------------------------------------------------------------
Test Multipart Upload Complete                                        | PASS |
------------------------------------------------------------------------------
Test Multipart Upload Complete Entity too small                       | PASS |
------------------------------------------------------------------------------
Test Multipart Upload Complete Invalid part errors and complete mp... | PASS |
------------------------------------------------------------------------------
Test abort Multipart upload                                           | PASS |
------------------------------------------------------------------------------
Test abort Multipart upload with invalid uploadId                     | PASS |
------------------------------------------------------------------------------
Upload part with Incorrect uploadID                                   | SKIP |
TODO: HDDS-7811
------------------------------------------------------------------------------
Test list parts                                                       | PASS |
------------------------------------------------------------------------------
Test Multipart Upload with the simplified aws s3 cp API               | PASS |
------------------------------------------------------------------------------
Test Multipart Upload Put With Copy                                   | PASS |
------------------------------------------------------------------------------
Test Multipart Upload Put With Copy and range                         | PASS |
------------------------------------------------------------------------------
Test Multipart Upload Put With Copy and range with IfModifiedSince    | PASS |
------------------------------------------------------------------------------
Test Multipart Upload list                                            | PASS |
------------------------------------------------------------------------------
s3-encrypted.MultipartUpload :: S3 gateway test with aws cli          | PASS |
14 tests, 13 passed, 0 failed, 1 skipped
==============================================================================
s3-encrypted.Objectcopy :: S3 gateway test with aws cli                       
==============================================================================
Copy Object Happy Scenario                                            | PASS |
------------------------------------------------------------------------------
Copy Object Where Bucket is not available                             | PASS |
------------------------------------------------------------------------------
Copy Object Where both source and dest are same with change to sto... | PASS |
------------------------------------------------------------------------------
Copy Object Where Key not available                                   | PASS |
------------------------------------------------------------------------------
s3-encrypted.Objectcopy :: S3 gateway test with aws cli               | PASS |
4 tests, 4 passed, 0 failed
==============================================================================
s3-encrypted.Objectdelete :: S3 gateway test with aws cli                     
==============================================================================
Delete file with s3api                                                | PASS |
------------------------------------------------------------------------------
Delete file with s3api, file doesn't exist                            | PASS |
------------------------------------------------------------------------------
Delete dir with s3api                                                 | PASS |
------------------------------------------------------------------------------
Delete file with s3api, file doesn't exist, prefix of a real file     | PASS |
------------------------------------------------------------------------------
Delete file with s3api, bucket doesn't exist                          | PASS |
------------------------------------------------------------------------------
s3-encrypted.Objectdelete :: S3 gateway test with aws cli             | PASS |
5 tests, 5 passed, 0 failed
==============================================================================
s3-encrypted.Objecthead :: S3 gateway test with aws cli                       
==============================================================================
Head existing object                                                  | PASS |
------------------------------------------------------------------------------
Head object in non existing bucket                                    | PASS |
------------------------------------------------------------------------------
Head object where path is a directory                                 | PASS |
------------------------------------------------------------------------------
Head directory objects                                                | PASS |
------------------------------------------------------------------------------
Head non existing key                                                 | PASS |
------------------------------------------------------------------------------
s3-encrypted.Objecthead :: S3 gateway test with aws cli               | PASS |
5 tests, 5 passed, 0 failed
==============================================================================
s3-encrypted.Objectmultidelete :: S3 gateway test with aws cli                
==============================================================================
Delete file with multi delete                                         | PASS |
------------------------------------------------------------------------------
s3-encrypted.Objectmultidelete :: S3 gateway test with aws cli        | PASS |
1 test, 1 passed, 0 failed
==============================================================================
s3-encrypted.Objectputget :: S3 gateway test with aws cli                     
==============================================================================
Put object to s3                                                      | PASS |
------------------------------------------------------------------------------
Get object from s3                                                    | PASS |
------------------------------------------------------------------------------
Get object with wrong signature                                       | PASS |
------------------------------------------------------------------------------
Get Partial object from s3 with both start and endoffset              | PASS |
------------------------------------------------------------------------------
Get Partial object from s3 with both start and endoffset(start off... | PASS |
------------------------------------------------------------------------------
Get Partial object from s3 with both start and endoffset(end offse... | PASS |
------------------------------------------------------------------------------
Get Partial object from s3 with only start offset                     | PASS |
------------------------------------------------------------------------------
Get Partial object from s3 with both start and endoffset which are... | PASS |
------------------------------------------------------------------------------
Get Partial object from s3 to get last n bytes                        | PASS |
------------------------------------------------------------------------------
Incorrect values for end and start offset                             | PASS |
------------------------------------------------------------------------------
Zero byte file                                                        | PASS |
------------------------------------------------------------------------------
Create file with user defined metadata                                | PASS |
------------------------------------------------------------------------------
Create file with user defined metadata with gdpr enabled value in ... | PASS |
------------------------------------------------------------------------------
Create file with user defined metadata size larger than 2 KB          | PASS |
------------------------------------------------------------------------------
s3-encrypted.Objectputget :: S3 gateway test with aws cli             | PASS |
14 tests, 14 passed, 0 failed
==============================================================================
s3-encrypted.Webui :: S3 gateway web ui test                                  
==============================================================================
S3 Gateway Web UI                                                     | PASS |
------------------------------------------------------------------------------
s3-encrypted.Webui :: S3 gateway web ui test                          | PASS |
1 test, 1 passed, 0 failed
==============================================================================
s3-encrypted                                                          | PASS |
59 tests, 58 passed, 0 failed, 1 skipped
==============================================================================
Output:  /tmp/smoketest/ozonesecure-ha/result/robot-ozonesecure-ha-ozonesecure-ha-kinit-s3g-4.xml
==============================================================================
s3-link                                                                       
==============================================================================
s3-link.Awss3 :: S3 gateway test with aws cli                                 
==============================================================================
File upload and directory list                                        | PASS |
------------------------------------------------------------------------------
File upload with special chars                                        | PASS |
------------------------------------------------------------------------------
s3-link.Awss3 :: S3 gateway test with aws cli                         | PASS |
2 tests, 2 passed, 0 failed
==============================================================================
s3-link.Boto3 :: S3 gateway test with Boto3 Client                            
==============================================================================
Boto3 Client Test                                                     | PASS |
------------------------------------------------------------------------------
s3-link.Boto3 :: S3 gateway test with Boto3 Client                    | PASS |
1 test, 1 passed, 0 failed
==============================================================================
s3-link.Bucketdelete :: S3 gateway test with aws cli                          
==============================================================================
Delete existing bucket                                                | PASS |
------------------------------------------------------------------------------
s3-link.Bucketdelete :: S3 gateway test with aws cli                  | PASS |
1 test, 1 passed, 0 failed
==============================================================================
s3-link.Buckethead :: S3 gateway test with aws cli                            
==============================================================================
Head Bucket                                                           | PASS |
------------------------------------------------------------------------------
s3-link.Buckethead :: S3 gateway test with aws cli                    | PASS |
1 test, 1 passed, 0 failed
==============================================================================
s3-link.Bucketlist :: S3 gateway test with aws cli                            
==============================================================================
List buckets                                                          | PASS |
------------------------------------------------------------------------------
Get bucket info with Ozone Shell to check the owner field             | PASS |
------------------------------------------------------------------------------
List buckets with empty access id                                     | PASS |
------------------------------------------------------------------------------
s3-link.Bucketlist :: S3 gateway test with aws cli                    | PASS |
3 tests, 3 passed, 0 failed
==============================================================================
s3-link.Freon :: S3 gateway test with aws cli                                 
==============================================================================
Run Freon S3BG                                                        | PASS |
------------------------------------------------------------------------------
s3-link.Freon :: S3 gateway test with aws cli                         | PASS |
1 test, 1 passed, 0 failed
==============================================================================
s3-link.MultipartUpload :: S3 gateway test with aws cli                       
==============================================================================
Test Multipart Upload With Adjusted Length                            | PASS |
------------------------------------------------------------------------------
Test Multipart Upload                                                 | PASS |
------------------------------------------------------------------------------
Test Multipart Upload Complete                                        | PASS |
------------------------------------------------------------------------------
Test Multipart Upload Complete Entity too small                       | PASS |
------------------------------------------------------------------------------
Test Multipart Upload Complete Invalid part errors and complete mp... | PASS |
------------------------------------------------------------------------------
Test abort Multipart upload                                           | PASS |
------------------------------------------------------------------------------
Test abort Multipart upload with invalid uploadId                     | PASS |
------------------------------------------------------------------------------
Upload part with Incorrect uploadID                                   | SKIP |
TODO: HDDS-7811
------------------------------------------------------------------------------
Test list parts                                                       | PASS |
------------------------------------------------------------------------------
Test Multipart Upload with the simplified aws s3 cp API               | PASS |
------------------------------------------------------------------------------
Test Multipart Upload Put With Copy                                   | PASS |
------------------------------------------------------------------------------
Test Multipart Upload Put With Copy and range                         | PASS |
------------------------------------------------------------------------------
Test Multipart Upload Put With Copy and range with IfModifiedSince    | PASS |
------------------------------------------------------------------------------
Test Multipart Upload list                                            | PASS |
------------------------------------------------------------------------------
s3-link.MultipartUpload :: S3 gateway test with aws cli               | PASS |
14 tests, 13 passed, 0 failed, 1 skipped
==============================================================================
s3-link.Objectcopy :: S3 gateway test with aws cli                            
==============================================================================
Copy Object Happy Scenario                                            | PASS |
------------------------------------------------------------------------------
Copy Object Where Bucket is not available                             | PASS |
------------------------------------------------------------------------------
Copy Object Where both source and dest are same with change to sto... | PASS |
------------------------------------------------------------------------------
Copy Object Where Key not available                                   | PASS |
------------------------------------------------------------------------------
s3-link.Objectcopy :: S3 gateway test with aws cli                    | PASS |
4 tests, 4 passed, 0 failed
==============================================================================
s3-link.Objectdelete :: S3 gateway test with aws cli                          
==============================================================================
Delete file with s3api                                                | PASS |
------------------------------------------------------------------------------
Delete file with s3api, file doesn't exist                            | PASS |
------------------------------------------------------------------------------
Delete dir with s3api                                                 | PASS |
------------------------------------------------------------------------------
Delete file with s3api, file doesn't exist, prefix of a real file     | PASS |
------------------------------------------------------------------------------
Delete file with s3api, bucket doesn't exist                          | PASS |
------------------------------------------------------------------------------
s3-link.Objectdelete :: S3 gateway test with aws cli                  | PASS |
5 tests, 5 passed, 0 failed
==============================================================================
s3-link.Objecthead :: S3 gateway test with aws cli                            
==============================================================================
Head existing object                                                  | PASS |
------------------------------------------------------------------------------
Head object in non existing bucket                                    | PASS |
------------------------------------------------------------------------------
Head object where path is a directory                                 | PASS |
------------------------------------------------------------------------------
Head directory objects                                                | PASS |
------------------------------------------------------------------------------
Head non existing key                                                 | PASS |
------------------------------------------------------------------------------
s3-link.Objecthead :: S3 gateway test with aws cli                    | PASS |
5 tests, 5 passed, 0 failed
==============================================================================
s3-link.Objectmultidelete :: S3 gateway test with aws cli                     
==============================================================================
Delete file with multi delete                                         | PASS |
------------------------------------------------------------------------------
s3-link.Objectmultidelete :: S3 gateway test with aws cli             | PASS |
1 test, 1 passed, 0 failed
==============================================================================
s3-link.Objectputget :: S3 gateway test with aws cli                          
==============================================================================
Put object to s3                                                      | PASS |
------------------------------------------------------------------------------
Get object from s3                                                    | PASS |
------------------------------------------------------------------------------
Get object with wrong signature                                       | PASS |
------------------------------------------------------------------------------
Get Partial object from s3 with both start and endoffset              | PASS |
------------------------------------------------------------------------------
Get Partial object from s3 with both start and endoffset(start off... | PASS |
------------------------------------------------------------------------------
Get Partial object from s3 with both start and endoffset(end offse... | PASS |
------------------------------------------------------------------------------
Get Partial object from s3 with only start offset                     | PASS |
------------------------------------------------------------------------------
Get Partial object from s3 with both start and endoffset which are... | PASS |
------------------------------------------------------------------------------
Get Partial object from s3 to get last n bytes                        | PASS |
------------------------------------------------------------------------------
Incorrect values for end and start offset                             | PASS |
------------------------------------------------------------------------------
Zero byte file                                                        | PASS |
------------------------------------------------------------------------------
Create file with user defined metadata                                | PASS |
------------------------------------------------------------------------------
Create file with user defined metadata with gdpr enabled value in ... | PASS |
------------------------------------------------------------------------------
Create file with user defined metadata size larger than 2 KB          | PASS |
------------------------------------------------------------------------------
s3-link.Objectputget :: S3 gateway test with aws cli                  | PASS |
14 tests, 14 passed, 0 failed
==============================================================================
s3-link                                                               | PASS |
52 tests, 51 passed, 0 failed, 1 skipped
==============================================================================
Output:  /tmp/smoketest/ozonesecure-ha/result/robot-ozonesecure-ha-ozonesecure-ha-kinit-s3g-5.xml
==============================================================================
Admincli                                                                      
==============================================================================
Admincli.Admin :: Test ozone admin command                                    
==============================================================================
Incomplete command                                                    | PASS |
------------------------------------------------------------------------------
Admincli.Admin :: Test ozone admin command                            | PASS |
1 test, 1 passed, 0 failed
==============================================================================
Admincli.Container :: Test ozone admin container command                      
==============================================================================
Create container                                                      | PASS |
------------------------------------------------------------------------------
List containers                                                       | PASS |
------------------------------------------------------------------------------
List containers with explicit host                                    | PASS |
------------------------------------------------------------------------------
List containers with container state                                  | PASS |
------------------------------------------------------------------------------
List containers with replication factor ONE                           | PASS |
------------------------------------------------------------------------------
List containers with replication factor THREE                         | PASS |
------------------------------------------------------------------------------
Container info                                                        | PASS |
------------------------------------------------------------------------------
Verbose container info                                                | PASS |
------------------------------------------------------------------------------
Close container                                                       | PASS |
------------------------------------------------------------------------------
Incomplete command                                                    | PASS |
------------------------------------------------------------------------------
Cannot close container without admin privilege                        | PASS |
------------------------------------------------------------------------------
Cannot create container without admin privilege                       | PASS |
------------------------------------------------------------------------------
Admincli.Container :: Test ozone admin container command              | PASS |
12 tests, 12 passed, 0 failed
==============================================================================
Admincli.Datanode :: Test ozone admin datanode command                        
==============================================================================
List datanodes                                                        | PASS |
------------------------------------------------------------------------------
Filter list by UUID                                                   | PASS |
------------------------------------------------------------------------------
Filter list by NodeOperationalState                                   | PASS |
------------------------------------------------------------------------------
Filter list by NodeState                                              | PASS |
------------------------------------------------------------------------------
Incomplete command                                                    | PASS |
------------------------------------------------------------------------------
List datanodes as JSON                                                | PASS |
------------------------------------------------------------------------------
Admincli.Datanode :: Test ozone admin datanode command                | PASS |
6 tests, 6 passed, 0 failed
==============================================================================
Admincli.Pipeline :: Test ozone admin pipeline command                        
==============================================================================
Create pipeline                                                       | PASS |
------------------------------------------------------------------------------
List pipelines                                                        | PASS |
------------------------------------------------------------------------------
List pipelines with explicit host                                     | PASS |
------------------------------------------------------------------------------
Deactivate pipeline                                                   | PASS |
------------------------------------------------------------------------------
Activate pipeline                                                     | PASS |
------------------------------------------------------------------------------
Close pipeline                                                        | PASS |
------------------------------------------------------------------------------
Incomplete command                                                    | PASS |
------------------------------------------------------------------------------
Admincli.Pipeline :: Test ozone admin pipeline command                | PASS |
7 tests, 7 passed, 0 failed
==============================================================================
Admincli.Replicationmanager :: Test ozone admin replicationmanager command    
==============================================================================
Check replicationmanager                                              | PASS |
------------------------------------------------------------------------------
Check replicationmanager with explicit host                           | PASS |
------------------------------------------------------------------------------
Stop replicationmanager                                               | PASS |
------------------------------------------------------------------------------
Start replicationmanager                                              | PASS |
------------------------------------------------------------------------------
Incomplete command                                                    | PASS |
------------------------------------------------------------------------------
Admincli.Replicationmanager :: Test ozone admin replicationmanager... | PASS |
5 tests, 5 passed, 0 failed
==============================================================================
Admincli.Safemode :: Test ozone admin safemode command                        
==============================================================================
Check safemode                                                        | PASS |
------------------------------------------------------------------------------
Check safemode with explicit host                                     | PASS |
------------------------------------------------------------------------------
Wait for safemode exit                                                | PASS |
------------------------------------------------------------------------------
Incomplete command                                                    | PASS |
------------------------------------------------------------------------------
Admincli.Safemode :: Test ozone admin safemode command                | PASS |
4 tests, 4 passed, 0 failed
==============================================================================
Admincli.Scmrole :: Smoketest ozone cluster startup                           
==============================================================================
Run scm roles                                                         | PASS |
------------------------------------------------------------------------------
Admincli.Scmrole :: Smoketest ozone cluster startup                   | PASS |
1 test, 1 passed, 0 failed
==============================================================================
Admincli                                                              | PASS |
36 tests, 36 passed, 0 failed
==============================================================================
Output:  /tmp/smoketest/ozonesecure-ha/result/robot-ozonesecure-ha-ozonesecure-ha-kinit-s3g-6.xml
==============================================================================
Om-Leader-Transfer :: Smoketest ozone cluster startup                         
==============================================================================
Transfer Leadership for OM                                            | PASS |
------------------------------------------------------------------------------
Transfer Leadership for OM randomly                                   | PASS |
------------------------------------------------------------------------------
Om-Leader-Transfer :: Smoketest ozone cluster startup                 | PASS |
2 tests, 2 passed, 0 failed
==============================================================================
Output:  /tmp/smoketest/ozonesecure-ha/result/robot-ozonesecure-ha-ozonesecure-ha-kinit-s3g-7.xml
==============================================================================
Scm-Leader-Transfer :: Smoketest ozone cluster startup                        
==============================================================================
Transfer Leadership randomly                                          | PASS |
------------------------------------------------------------------------------
Scm-Leader-Transfer :: Smoketest ozone cluster startup                | PASS |
1 test, 1 passed, 0 failed
==============================================================================
Output:  /tmp/smoketest/ozonesecure-ha/result/robot-ozonesecure-ha-ozonesecure-ha-kinit-s3g-8.xml
==============================================================================
Httpfs                                                                        
==============================================================================
Httpfs.Operations Tests :: HttpFS gateway test with curl commands             
==============================================================================
Kinit admin user                                                      | PASS |
------------------------------------------------------------------------------
Create volume                                                         | PASS |
------------------------------------------------------------------------------
Set owner of volume                                                   | PASS |
------------------------------------------------------------------------------
Kinit testuser                                                        | PASS |
------------------------------------------------------------------------------
Create first bucket                                                   | PASS |
------------------------------------------------------------------------------
Create second bucket                                                  | PASS |
------------------------------------------------------------------------------
Create local testfile                                                 | PASS |
------------------------------------------------------------------------------
Create testfile                                                       | PASS |
------------------------------------------------------------------------------
Read file                                                             | PASS |
------------------------------------------------------------------------------
Delete bucket                                                         | PASS |
------------------------------------------------------------------------------
Get status of bucket                                                  | PASS |
------------------------------------------------------------------------------
Get status of file                                                    | PASS |
------------------------------------------------------------------------------
List bucket                                                           | PASS |
------------------------------------------------------------------------------
List file                                                             | PASS |
------------------------------------------------------------------------------
Get content summary of directory                                      | PASS |
------------------------------------------------------------------------------
Get quota usage of directory                                          | PASS |
------------------------------------------------------------------------------
Get home directory                                                    | PASS |
------------------------------------------------------------------------------
Get trash root                                                        | PASS |
------------------------------------------------------------------------------
Httpfs.Operations Tests :: HttpFS gateway test with curl commands     | PASS |
18 tests, 18 passed, 0 failed
==============================================================================
Httpfs                                                                | PASS |
18 tests, 18 passed, 0 failed
==============================================================================
Output:  /tmp/smoketest/ozonesecure-ha/result/robot-ozonesecure-ha-ozonesecure-ha-kinit-s3g-9.xml
==============================================================================
Admincli                                                                      
==============================================================================
Admincli.Admin :: Test ozone admin command                                    
==============================================================================
Incomplete command                                                    | PASS |
------------------------------------------------------------------------------
Admincli.Admin :: Test ozone admin command                            | PASS |
1 test, 1 passed, 0 failed
==============================================================================
Admincli.Container :: Test ozone admin container command                      
==============================================================================
Create container                                                      | PASS |
------------------------------------------------------------------------------
List containers                                                       | PASS |
------------------------------------------------------------------------------
List containers with explicit host                                    | PASS |
------------------------------------------------------------------------------
List containers with container state                                  | PASS |
------------------------------------------------------------------------------
List containers with replication factor ONE                           | PASS |
------------------------------------------------------------------------------
List containers with replication factor THREE                         | PASS |
------------------------------------------------------------------------------
Container info                                                        | PASS |
------------------------------------------------------------------------------
Verbose container info                                                | PASS |
------------------------------------------------------------------------------
Close container                                                       | PASS |
------------------------------------------------------------------------------
Incomplete command                                                    | PASS |
------------------------------------------------------------------------------
Cannot close container without admin privilege                        | PASS |
------------------------------------------------------------------------------
Cannot create container without admin privilege                       | PASS |
------------------------------------------------------------------------------
Admincli.Container :: Test ozone admin container command              | PASS |
12 tests, 12 passed, 0 failed
==============================================================================
Admincli.Datanode :: Test ozone admin datanode command                        
==============================================================================
List datanodes                                                        | PASS |
------------------------------------------------------------------------------
Filter list by UUID                                                   | PASS |
------------------------------------------------------------------------------
Filter list by NodeOperationalState                                   | PASS |
------------------------------------------------------------------------------
Filter list by NodeState                                              | PASS |
------------------------------------------------------------------------------
Incomplete command                                                    | PASS |
------------------------------------------------------------------------------
List datanodes as JSON                                                | PASS |
------------------------------------------------------------------------------
Admincli.Datanode :: Test ozone admin datanode command                | PASS |
6 tests, 6 passed, 0 failed
==============================================================================
Admincli.Pipeline :: Test ozone admin pipeline command                        
==============================================================================
Create pipeline                                                       | PASS |
------------------------------------------------------------------------------
List pipelines                                                        | PASS |
------------------------------------------------------------------------------
List pipelines with explicit host                                     | PASS |
------------------------------------------------------------------------------
Deactivate pipeline                                                   | PASS |
------------------------------------------------------------------------------
Activate pipeline                                                     | PASS |
------------------------------------------------------------------------------
Close pipeline                                                        | PASS |
------------------------------------------------------------------------------
Incomplete command                                                    | PASS |
------------------------------------------------------------------------------
Admincli.Pipeline :: Test ozone admin pipeline command                | PASS |
7 tests, 7 passed, 0 failed
==============================================================================
Admincli.Replicationmanager :: Test ozone admin replicationmanager command    
==============================================================================
Check replicationmanager                                              | PASS |
------------------------------------------------------------------------------
Check replicationmanager with explicit host                           | PASS |
------------------------------------------------------------------------------
Stop replicationmanager                                               | PASS |
------------------------------------------------------------------------------
Start replicationmanager                                              | PASS |
------------------------------------------------------------------------------
Incomplete command                                                    | PASS |
------------------------------------------------------------------------------
Admincli.Replicationmanager :: Test ozone admin replicationmanager... | PASS |
5 tests, 5 passed, 0 failed
==============================================================================
Admincli.Safemode :: Test ozone admin safemode command                        
==============================================================================
Check safemode                                                        | PASS |
------------------------------------------------------------------------------
Check safemode with explicit host                                     | PASS |
------------------------------------------------------------------------------
Wait for safemode exit                                                | PASS |
------------------------------------------------------------------------------
Incomplete command                                                    | PASS |
------------------------------------------------------------------------------
Admincli.Safemode :: Test ozone admin safemode command                | PASS |
4 tests, 4 passed, 0 failed
==============================================================================
Admincli.Scmrole :: Smoketest ozone cluster startup                           
==============================================================================
Run scm roles                                                         | PASS |
------------------------------------------------------------------------------
Admincli.Scmrole :: Smoketest ozone cluster startup                   | PASS |
1 test, 1 passed, 0 failed
==============================================================================
Admincli                                                              | PASS |
36 tests, 36 passed, 0 failed
==============================================================================
Output:  /tmp/smoketest/ozonesecure-ha/result/robot-ozonesecure-ha-ozonesecure-ha-kinit-s3g-10.xml
Creating ozonesecure-ha_scm4.org_1 ... 
Creating ozonesecure-ha_scm4.org_1 ... done
Port 9894 is not available on scm4.org yet
Port 9894 is not available on scm4.org yet
Port 9894 is not available on scm4.org yet
Port 9894 is not available on scm4.org yet
Port 9894 is not available on scm4.org yet
Port 9894 is not available on scm4.org yet
Port 9894 is not available on scm4.org yet
Port 9894 is not available on scm4.org yet
Port 9894 is not available on scm4.org yet
Port 9894 is not available on scm4.org yet
Port 9894 is not available on scm4.org yet
Port 9894 is not available on scm4.org yet
Port 9894 is not available on scm4.org yet
Port 9894 is not available on scm4.org yet
Port 9894 is not available on scm4.org yet
Port 9894 is not available on scm4.org yet
Port 9894 is available on scm4.org
==============================================================================
Kinit :: Kinit test user                                                      
==============================================================================
Kinit                                                                 | PASS |
------------------------------------------------------------------------------
Kinit :: Kinit test user                                              | PASS |
1 test, 1 passed, 0 failed
==============================================================================
Output:  /tmp/smoketest/ozonesecure-ha/result/robot-ozonesecure-ha-ozonesecure-ha-kinit-s3g-11.xml
ozone admin scm roles | grep scm4.org succeed
==============================================================================
Primordial-Scm :: Smoketest ozone cluster startup                             
==============================================================================
Verify SCM Count                                                      | PASS |
------------------------------------------------------------------------------
Transfer Leader to SCM4                                               | FAIL |
255 != 0
------------------------------------------------------------------------------
Verify SCM4 Certificate                                               | PASS |
------------------------------------------------------------------------------
Primordial-Scm :: Smoketest ozone cluster startup                     | FAIL |
3 tests, 2 passed, 1 failed
==============================================================================
Output:  /tmp/smoketest/ozonesecure-ha/result/robot-ozonesecure-ha-ozonesecure-ha-kinit-s3g-12.xml
jstack 7 > /home/runner/work/ozone/ozone/hadoop-ozone/dist/target/ozone-1.4.0-SNAPSHOT/compose/ozonesecure-ha/result/ozonesecure-ha_datanode1_1_HddsDatanodeService.stack
jstack 6 > /home/runner/work/ozone/ozone/hadoop-ozone/dist/target/ozone-1.4.0-SNAPSHOT/compose/ozonesecure-ha/result/ozonesecure-ha_datanode2_1_HddsDatanodeService.stack
jstack 7 > /home/runner/work/ozone/ozone/hadoop-ozone/dist/target/ozone-1.4.0-SNAPSHOT/compose/ozonesecure-ha/result/ozonesecure-ha_datanode3_1_HddsDatanodeService.stack
jstack 7 > /home/runner/work/ozone/ozone/hadoop-ozone/dist/target/ozone-1.4.0-SNAPSHOT/compose/ozonesecure-ha/result/ozonesecure-ha_om1_1_OzoneManagerStarter.stack
jstack 7 > /home/runner/work/ozone/ozone/hadoop-ozone/dist/target/ozone-1.4.0-SNAPSHOT/compose/ozonesecure-ha/result/ozonesecure-ha_om2_1_OzoneManagerStarter.stack
jstack 6 > /home/runner/work/ozone/ozone/hadoop-ozone/dist/target/ozone-1.4.0-SNAPSHOT/compose/ozonesecure-ha/result/ozonesecure-ha_om3_1_OzoneManagerStarter.stack
jstack 6 > /home/runner/work/ozone/ozone/hadoop-ozone/dist/target/ozone-1.4.0-SNAPSHOT/compose/ozonesecure-ha/result/ozonesecure-ha_recon_1_ReconServer.stack
jstack 7 > /home/runner/work/ozone/ozone/hadoop-ozone/dist/target/ozone-1.4.0-SNAPSHOT/compose/ozonesecure-ha/result/ozonesecure-ha_s3g_1_Gateway.stack
jstack 6 > /home/runner/work/ozone/ozone/hadoop-ozone/dist/target/ozone-1.4.0-SNAPSHOT/compose/ozonesecure-ha/result/ozonesecure-ha_scm1.org_1_StorageContainerManagerStarter.stack
jstack 6 > /home/runner/work/ozone/ozone/hadoop-ozone/dist/target/ozone-1.4.0-SNAPSHOT/compose/ozonesecure-ha/result/ozonesecure-ha_scm2.org_1_StorageContainerManagerStarter.stack
jstack 7 > /home/runner/work/ozone/ozone/hadoop-ozone/dist/target/ozone-1.4.0-SNAPSHOT/compose/ozonesecure-ha/result/ozonesecure-ha_scm3.org_1_StorageContainerManagerStarter.stack
jstack 7 > /home/runner/work/ozone/ozone/hadoop-ozone/dist/target/ozone-1.4.0-SNAPSHOT/compose/ozonesecure-ha/result/ozonesecure-ha_scm4.org_1_StorageContainerManagerStarter.stack
Stopping ozonesecure-ha_scm4.org_1  ... 
Stopping ozonesecure-ha_om2_1       ... 
Stopping ozonesecure-ha_scm3.org_1  ... 
Stopping ozonesecure-ha_datanode3_1 ... 
Stopping ozonesecure-ha_om3_1       ... 
Stopping ozonesecure-ha_kms_1       ... 
Stopping ozonesecure-ha_datanode1_1 ... 
Stopping ozonesecure-ha_scm2.org_1  ... 
Stopping ozonesecure-ha_httpfs_1    ... 
Stopping ozonesecure-ha_recon_1     ... 
Stopping ozonesecure-ha_datanode2_1 ... 
Stopping ozonesecure-ha_om1_1       ... 
Stopping ozonesecure-ha_kdc_1       ... 
Stopping ozonesecure-ha_s3g_1       ... 
Stopping ozonesecure-ha_scm1.org_1  ... 
Stopping ozonesecure-ha_kdc_1       ... done
Stopping ozonesecure-ha_kms_1       ... done
Stopping ozonesecure-ha_httpfs_1    ... done
Stopping ozonesecure-ha_s3g_1       ... done
Stopping ozonesecure-ha_om1_1       ... done
Stopping ozonesecure-ha_om3_1       ... done
Stopping ozonesecure-ha_om2_1       ... done
Stopping ozonesecure-ha_recon_1     ... done
Stopping ozonesecure-ha_datanode3_1 ... done
Stopping ozonesecure-ha_datanode2_1 ... done
Stopping ozonesecure-ha_datanode1_1 ... done
Stopping ozonesecure-ha_scm2.org_1  ... done
Stopping ozonesecure-ha_scm4.org_1  ... done
Stopping ozonesecure-ha_scm3.org_1  ... done
Stopping ozonesecure-ha_scm1.org_1  ... done
Removing ozonesecure-ha_scm4.org_1  ... 
Removing ozonesecure-ha_om2_1       ... 
Removing ozonesecure-ha_scm3.org_1  ... 
Removing ozonesecure-ha_datanode3_1 ... 
Removing ozonesecure-ha_om3_1       ... 
Removing ozonesecure-ha_kms_1       ... 
Removing ozonesecure-ha_datanode1_1 ... 
Removing ozonesecure-ha_scm2.org_1  ... 
Removing ozonesecure-ha_httpfs_1    ... 
Removing ozonesecure-ha_recon_1     ... 
Removing ozonesecure-ha_datanode2_1 ... 
Removing ozonesecure-ha_om1_1       ... 
Removing ozonesecure-ha_kdc_1       ... 
Removing ozonesecure-ha_s3g_1       ... 
Removing ozonesecure-ha_scm1.org_1  ... 
Removing ozonesecure-ha_recon_1     ... done
Removing ozonesecure-ha_s3g_1       ... done
Removing ozonesecure-ha_httpfs_1    ... done
Removing ozonesecure-ha_scm3.org_1  ... done
Removing ozonesecure-ha_scm2.org_1  ... done
Removing ozonesecure-ha_kms_1       ... done
Removing ozonesecure-ha_om2_1       ... done
Removing ozonesecure-ha_kdc_1       ... done
Removing ozonesecure-ha_scm4.org_1  ... done
Removing ozonesecure-ha_scm1.org_1  ... done
Removing ozonesecure-ha_om3_1       ... done
Removing ozonesecure-ha_om1_1       ... done
Removing ozonesecure-ha_datanode1_1 ... done
Removing ozonesecure-ha_datanode3_1 ... done
Removing ozonesecure-ha_datanode2_1 ... done
Removing network ozonesecure-ha_ozone_net
ERROR: Test execution of ozonesecure-ha is FAILED!!!!
Output:  /home/runner/work/ozone/ozone/hadoop-ozone/dist/target/ozone-1.4.0-SNAPSHOT/compose/result/ozonesecure-ha.xml
removed 'ozonesecure-ha/result/robot-ozonesecure-ha-ozonesecure-ha-kinit-s3g-1.xml'
removed 'ozonesecure-ha/result/robot-ozonesecure-ha-ozonesecure-ha-kinit-s3g-10.xml'
removed 'ozonesecure-ha/result/robot-ozonesecure-ha-ozonesecure-ha-kinit-s3g-11.xml'
removed 'ozonesecure-ha/result/robot-ozonesecure-ha-ozonesecure-ha-kinit-s3g-12.xml'
removed 'ozonesecure-ha/result/robot-ozonesecure-ha-ozonesecure-ha-kinit-s3g-2.xml'
removed 'ozonesecure-ha/result/robot-ozonesecure-ha-ozonesecure-ha-kinit-s3g-3.xml'
removed 'ozonesecure-ha/result/robot-ozonesecure-ha-ozonesecure-ha-kinit-s3g-4.xml'
removed 'ozonesecure-ha/result/robot-ozonesecure-ha-ozonesecure-ha-kinit-s3g-5.xml'
removed 'ozonesecure-ha/result/robot-ozonesecure-ha-ozonesecure-ha-kinit-s3g-6.xml'
removed 'ozonesecure-ha/result/robot-ozonesecure-ha-ozonesecure-ha-kinit-s3g-7.xml'
removed 'ozonesecure-ha/result/robot-ozonesecure-ha-ozonesecure-ha-kinit-s3g-8.xml'
removed 'ozonesecure-ha/result/robot-ozonesecure-ha-ozonesecure-ha-kinit-s3g-9.xml'
removed 'ozonesecure-ha/result/robot-ozonesecure-ha-ozonesecure-ha-kinit-s3g.xml'
renamed 'ozonesecure-ha/result/dn-audit-2d88eb4cfd2c.log' -> '/home/runner/work/ozone/ozone/hadoop-ozone/dist/target/ozone-1.4.0-SNAPSHOT/compose/result/ozonesecure-ha/dn-audit-2d88eb4cfd2c.log'
renamed 'ozonesecure-ha/result/dn-audit-396162d8147f.log' -> '/home/runner/work/ozone/ozone/hadoop-ozone/dist/target/ozone-1.4.0-SNAPSHOT/compose/result/ozonesecure-ha/dn-audit-396162d8147f.log'
renamed 'ozonesecure-ha/result/dn-audit-411290337aab.log' -> '/home/runner/work/ozone/ozone/hadoop-ozone/dist/target/ozone-1.4.0-SNAPSHOT/compose/result/ozonesecure-ha/dn-audit-411290337aab.log'
renamed 'ozonesecure-ha/result/docker-ozonesecure-ha-ozonesecure-ha-kinit-s3g.log' -> '/home/runner/work/ozone/ozone/hadoop-ozone/dist/target/ozone-1.4.0-SNAPSHOT/compose/result/ozonesecure-ha/docker-ozonesecure-ha-ozonesecure-ha-kinit-s3g.log'
renamed 'ozonesecure-ha/result/kms-audit.log' -> '/home/runner/work/ozone/ozone/hadoop-ozone/dist/target/ozone-1.4.0-SNAPSHOT/compose/result/ozonesecure-ha/kms-audit.log'
renamed 'ozonesecure-ha/result/om-audit-om1.log' -> '/home/runner/work/ozone/ozone/hadoop-ozone/dist/target/ozone-1.4.0-SNAPSHOT/compose/result/ozonesecure-ha/om-audit-om1.log'
renamed 'ozonesecure-ha/result/om-audit-om2.log' -> '/home/runner/work/ozone/ozone/hadoop-ozone/dist/target/ozone-1.4.0-SNAPSHOT/compose/result/ozonesecure-ha/om-audit-om2.log'
renamed 'ozonesecure-ha/result/om-audit-om3.log' -> '/home/runner/work/ozone/ozone/hadoop-ozone/dist/target/ozone-1.4.0-SNAPSHOT/compose/result/ozonesecure-ha/om-audit-om3.log'
renamed 'ozonesecure-ha/result/ozonesecure-ha_datanode1_1_HddsDatanodeService.stack' -> '/home/runner/work/ozone/ozone/hadoop-ozone/dist/target/ozone-1.4.0-SNAPSHOT/compose/result/ozonesecure-ha/ozonesecure-ha_datanode1_1_HddsDatanodeService.stack'
renamed 'ozonesecure-ha/result/ozonesecure-ha_datanode2_1_HddsDatanodeService.stack' -> '/home/runner/work/ozone/ozone/hadoop-ozone/dist/target/ozone-1.4.0-SNAPSHOT/compose/result/ozonesecure-ha/ozonesecure-ha_datanode2_1_HddsDatanodeService.stack'
renamed 'ozonesecure-ha/result/ozonesecure-ha_datanode3_1_HddsDatanodeService.stack' -> '/home/runner/work/ozone/ozone/hadoop-ozone/dist/target/ozone-1.4.0-SNAPSHOT/compose/result/ozonesecure-ha/ozonesecure-ha_datanode3_1_HddsDatanodeService.stack'
renamed 'ozonesecure-ha/result/ozonesecure-ha_om1_1_OzoneManagerStarter.stack' -> '/home/runner/work/ozone/ozone/hadoop-ozone/dist/target/ozone-1.4.0-SNAPSHOT/compose/result/ozonesecure-ha/ozonesecure-ha_om1_1_OzoneManagerStarter.stack'
renamed 'ozonesecure-ha/result/ozonesecure-ha_om2_1_OzoneManagerStarter.stack' -> '/home/runner/work/ozone/ozone/hadoop-ozone/dist/target/ozone-1.4.0-SNAPSHOT/compose/result/ozonesecure-ha/ozonesecure-ha_om2_1_OzoneManagerStarter.stack'
renamed 'ozonesecure-ha/result/ozonesecure-ha_om3_1_OzoneManagerStarter.stack' -> '/home/runner/work/ozone/ozone/hadoop-ozone/dist/target/ozone-1.4.0-SNAPSHOT/compose/result/ozonesecure-ha/ozonesecure-ha_om3_1_OzoneManagerStarter.stack'
renamed 'ozonesecure-ha/result/ozonesecure-ha_recon_1_ReconServer.stack' -> '/home/runner/work/ozone/ozone/hadoop-ozone/dist/target/ozone-1.4.0-SNAPSHOT/compose/result/ozonesecure-ha/ozonesecure-ha_recon_1_ReconServer.stack'
renamed 'ozonesecure-ha/result/ozonesecure-ha_s3g_1_Gateway.stack' -> '/home/runner/work/ozone/ozone/hadoop-ozone/dist/target/ozone-1.4.0-SNAPSHOT/compose/result/ozonesecure-ha/ozonesecure-ha_s3g_1_Gateway.stack'
renamed 'ozonesecure-ha/result/ozonesecure-ha_scm1.org_1_StorageContainerManagerStarter.stack' -> '/home/runner/work/ozone/ozone/hadoop-ozone/dist/target/ozone-1.4.0-SNAPSHOT/compose/result/ozonesecure-ha/ozonesecure-ha_scm1.org_1_StorageContainerManagerStarter.stack'
renamed 'ozonesecure-ha/result/ozonesecure-ha_scm2.org_1_StorageContainerManagerStarter.stack' -> '/home/runner/work/ozone/ozone/hadoop-ozone/dist/target/ozone-1.4.0-SNAPSHOT/compose/result/ozonesecure-ha/ozonesecure-ha_scm2.org_1_StorageContainerManagerStarter.stack'
renamed 'ozonesecure-ha/result/ozonesecure-ha_scm3.org_1_StorageContainerManagerStarter.stack' -> '/home/runner/work/ozone/ozone/hadoop-ozone/dist/target/ozone-1.4.0-SNAPSHOT/compose/result/ozonesecure-ha/ozonesecure-ha_scm3.org_1_StorageContainerManagerStarter.stack'
renamed 'ozonesecure-ha/result/ozonesecure-ha_scm4.org_1_StorageContainerManagerStarter.stack' -> '/home/runner/work/ozone/ozone/hadoop-ozone/dist/target/ozone-1.4.0-SNAPSHOT/compose/result/ozonesecure-ha/ozonesecure-ha_scm4.org_1_StorageContainerManagerStarter.stack'
renamed 'ozonesecure-ha/result/s3g-audit-s3g.log' -> '/home/runner/work/ozone/ozone/hadoop-ozone/dist/target/ozone-1.4.0-SNAPSHOT/compose/result/ozonesecure-ha/s3g-audit-s3g.log'
renamed 'ozonesecure-ha/result/scm-audit-scm1.org.log' -> '/home/runner/work/ozone/ozone/hadoop-ozone/dist/target/ozone-1.4.0-SNAPSHOT/compose/result/ozonesecure-ha/scm-audit-scm1.org.log'
renamed 'ozonesecure-ha/result/scm-audit-scm2.org.log' -> '/home/runner/work/ozone/ozone/hadoop-ozone/dist/target/ozone-1.4.0-SNAPSHOT/compose/result/ozonesecure-ha/scm-audit-scm2.org.log'
renamed 'ozonesecure-ha/result/scm-audit-scm3.org.log' -> '/home/runner/work/ozone/ozone/hadoop-ozone/dist/target/ozone-1.4.0-SNAPSHOT/compose/result/ozonesecure-ha/scm-audit-scm3.org.log'
renamed 'ozonesecure-ha/result/scm-audit-scm4.org.log' -> '/home/runner/work/ozone/ozone/hadoop-ozone/dist/target/ozone-1.4.0-SNAPSHOT/compose/result/ozonesecure-ha/scm-audit-scm4.org.log'
Exception in thread "main" java.net.SocketException: Socket closed
	at java.base/java.net.PlainSocketImpl.socketAccept(Native Method)
	at java.base/java.net.AbstractPlainSocketImpl.accept(AbstractPlainSocketImpl.java:474)
	at java.base/java.net.ServerSocket.implAccept(ServerSocket.java:565)
	at java.base/java.net.ServerSocket.accept(ServerSocket.java:533)
	at org.apache.hadoop.test.JacocoServer.main(JacocoServer.java:60)
Log:     /home/runner/work/ozone/ozone/hadoop-ozone/dist/target/ozone-1.4.0-SNAPSHOT/compose/result/log.html
Report:  /home/runner/work/ozone/ozone/hadoop-ozone/dist/target/ozone-1.4.0-SNAPSHOT/compose/result/report.html
