rm: cannot remove '/home/runner/work/ozone/ozone/hadoop-ozone/dist/target/ozone-1.4.0-SNAPSHOT/compose/result/*': No such file or directory
Executing test ozonesecure-ha/test-root-ca-rotation.sh
Removing network ozonesecure-ha_ozone_net
Network ozonesecure-ha_ozone_net not found.
Creating network "ozonesecure-ha_ozone_net" with the default driver
Pulling datanode1 (apache/ozone-runner:20230615-1)...
20230615-1: Pulling from apache/ozone-runner
Digest: sha256:46c59e4f69c94a8f886d621c9f1898fda8cc4d5de59059c6c74175ffa4718474
Status: Downloaded newer image for apache/ozone-runner:20230615-1
Pulling kdc (apache/ozone-testkrb5:20230318-1)...
20230318-1: Pulling from apache/ozone-testkrb5
Digest: sha256:6a7eeac1ebd12e8968e34ab93fb8d21f2b92ae52bc0a85b662a2d41065f05d3a
Status: Downloaded newer image for apache/ozone-testkrb5:20230318-1
Pulling kms (apache/hadoop:3.3.6)...
3.3.6: Pulling from apache/hadoop
Digest: sha256:62a22627f35a1bbf29c721192c02fe311c93749cc43d51df01792b2ac40ff144
Status: Downloaded newer image for apache/hadoop:3.3.6
Creating ozonesecure-ha_scm2.org_1 ... 
Creating ozonesecure-ha_om2_1      ... 
Creating ozonesecure-ha_om3_1      ... 
Creating ozonesecure-ha_scm3.org_1 ... 
Creating ozonesecure-ha_recon_1    ... 
Creating ozonesecure-ha_datanode3_1 ... 
Creating ozonesecure-ha_kms_1       ... 
Creating ozonesecure-ha_datanode1_1 ... 
Creating ozonesecure-ha_datanode2_1 ... 
Creating ozonesecure-ha_kdc_1       ... 
Creating ozonesecure-ha_scm1.org_1  ... 
Creating ozonesecure-ha_s3g_1       ... 
Creating ozonesecure-ha_om1_1       ... 
Creating ozonesecure-ha_httpfs_1    ... 
Creating ozonesecure-ha_scm2.org_1  ... done
Creating ozonesecure-ha_kms_1       ... done
Creating ozonesecure-ha_recon_1     ... done
Creating ozonesecure-ha_om2_1       ... done
Creating ozonesecure-ha_kdc_1       ... done
Creating ozonesecure-ha_datanode3_1 ... done
Creating ozonesecure-ha_om3_1       ... done
Creating ozonesecure-ha_httpfs_1    ... done
Creating ozonesecure-ha_datanode2_1 ... done
Creating ozonesecure-ha_s3g_1       ... done
Creating ozonesecure-ha_scm3.org_1  ... done
Creating ozonesecure-ha_datanode1_1 ... done
Creating ozonesecure-ha_om1_1       ... done
Creating ozonesecure-ha_scm1.org_1  ... done
Port 88 is available on kdc
Port 9860 is not available on scm1.org yet
Port 9860 is not available on scm1.org yet
Port 9860 is not available on scm1.org yet
Port 9860 is not available on scm1.org yet
Port 9860 is not available on scm1.org yet
Port 9860 is not available on scm1.org yet
Port 9860 is not available on scm1.org yet
Port 9860 is not available on scm1.org yet
Port 9860 is not available on scm1.org yet
Port 9860 is not available on scm1.org yet
Port 9860 is not available on scm1.org yet
Port 9860 is not available on scm1.org yet
Port 9860 is not available on scm1.org yet
Port 9860 is not available on scm1.org yet
Port 9860 is not available on scm1.org yet
Port 9860 is available on scm1.org
SCM is in safe mode. Will retry in 1 sec. Remaining time (sec): 236
SCM is in safe mode. Will retry in 1 sec. Remaining time (sec): 235
SCM is in safe mode. Will retry in 1 sec. Remaining time (sec): 234
SCM is in safe mode. Will retry in 1 sec. Remaining time (sec): 233
SCM is in safe mode. Will retry in 1 sec. Remaining time (sec): 232
SCM is in safe mode. Will retry in 1 sec. Remaining time (sec): 231
SCM is in safe mode. Will retry in 1 sec. Remaining time (sec): 230
SCM is in safe mode. Will retry in 1 sec. Remaining time (sec): 229
SCM is in safe mode. Will retry in 1 sec. Remaining time (sec): 228
SCM is in safe mode. Will retry in 1 sec. Remaining time (sec): 227
SCM is in safe mode. Will retry in 1 sec. Remaining time (sec): 226
SCM is in safe mode. Will retry in 1 sec. Remaining time (sec): 225
SCM is in safe mode. Will retry in 1 sec. Remaining time (sec): 224
SCM is in safe mode. Will retry in 1 sec. Remaining time (sec): 223
SCM is in safe mode. Will retry in 1 sec. Remaining time (sec): 222
SCM is in safe mode. Will retry in 1 sec. Remaining time (sec): 221
SCM is in safe mode. Will retry in 1 sec. Remaining time (sec): 220
SCM is in safe mode. Will retry in 1 sec. Remaining time (sec): 219
SCM is in safe mode. Will retry in 1 sec. Remaining time (sec): 218
SCM is in safe mode. Will retry in 1 sec. Remaining time (sec): 217
SCM is in safe mode. Will retry in 1 sec. Remaining time (sec): 216
SCM is in safe mode. Will retry in 1 sec. Remaining time (sec): 215
SCM is in safe mode. Will retry in 1 sec. Remaining time (sec): 214
SCM is in safe mode. Will retry in 1 sec. Remaining time (sec): 213
SCM is in safe mode. Will retry in 1 sec. Remaining time (sec): 212
SCM is in safe mode. Will retry in 1 sec. Remaining time (sec): 211
SCM is in safe mode. Will retry in 1 sec. Remaining time (sec): 210
SCM is in safe mode. Will retry in 1 sec. Remaining time (sec): 209
SCM is in safe mode. Will retry in 1 sec. Remaining time (sec): 208
SCM is in safe mode. Will retry in 1 sec. Remaining time (sec): 207
SCM is in safe mode. Will retry in 1 sec. Remaining time (sec): 206
SCM is in safe mode. Will retry in 1 sec. Remaining time (sec): 205
SCM is in safe mode. Will retry in 1 sec. Remaining time (sec): 204
SCM is in safe mode. Will retry in 1 sec. Remaining time (sec): 203
SCM is in safe mode. Will retry in 1 sec. Remaining time (sec): 202
SCM is in safe mode. Will retry in 1 sec. Remaining time (sec): 201
SCM is in safe mode. Will retry in 1 sec. Remaining time (sec): 200
SCM is in safe mode. Will retry in 1 sec. Remaining time (sec): 199
SCM is in safe mode. Will retry in 1 sec. Remaining time (sec): 198
SCM is in safe mode. Will retry in 1 sec. Remaining time (sec): 197
SCM is in safe mode. Will retry in 1 sec. Remaining time (sec): 196
SCM is in safe mode. Will retry in 1 sec. Remaining time (sec): 195
SCM is in safe mode. Will retry in 1 sec. Remaining time (sec): 194
SCM is in safe mode. Will retry in 1 sec. Remaining time (sec): 193
SCM is in safe mode. Will retry in 1 sec. Remaining time (sec): 192
SCM is in safe mode. Will retry in 1 sec. Remaining time (sec): 191
SCM is in safe mode. Will retry in 1 sec. Remaining time (sec): 190
SCM is in safe mode. Will retry in 1 sec. Remaining time (sec): 189
SCM is in safe mode. Will retry in 1 sec. Remaining time (sec): 188
SCM is in safe mode. Will retry in 1 sec. Remaining time (sec): 187
SCM is in safe mode. Will retry in 1 sec. Remaining time (sec): 186
SCM is in safe mode. Will retry in 1 sec. Remaining time (sec): 185
SCM is in safe mode. Will retry in 1 sec. Remaining time (sec): 184
SCM is in safe mode. Will retry in 1 sec. Remaining time (sec): 183
SCM is in safe mode. Will retry in 1 sec. Remaining time (sec): 182
SCM is in safe mode. Will retry in 1 sec. Remaining time (sec): 181
SCM is in safe mode. Will retry in 1 sec. Remaining time (sec): 180
SCM is in safe mode. Will retry in 1 sec. Remaining time (sec): 179
SCM is in safe mode. Will retry in 1 sec. Remaining time (sec): 178
SCM is in safe mode. Will retry in 1 sec. Remaining time (sec): 177
SCM is in safe mode. Will retry in 1 sec. Remaining time (sec): 176
SCM is in safe mode. Will retry in 1 sec. Remaining time (sec): 175
SCM is in safe mode. Will retry in 1 sec. Remaining time (sec): 174
SCM is in safe mode. Will retry in 1 sec. Remaining time (sec): 173
SCM is in safe mode. Will retry in 1 sec. Remaining time (sec): 172
SCM is in safe mode. Will retry in 1 sec. Remaining time (sec): 171
SCM is in safe mode. Will retry in 1 sec. Remaining time (sec): 170
SCM is in safe mode. Will retry in 1 sec. Remaining time (sec): 169
SCM is in safe mode. Will retry in 1 sec. Remaining time (sec): 168
SCM is in safe mode. Will retry in 1 sec. Remaining time (sec): 167
SCM is in safe mode. Will retry in 1 sec. Remaining time (sec): 166
SCM is in safe mode. Will retry in 1 sec. Remaining time (sec): 165
SCM is in safe mode. Will retry in 1 sec. Remaining time (sec): 164
SCM is in safe mode. Will retry in 1 sec. Remaining time (sec): 163
SCM is in safe mode. Will retry in 1 sec. Remaining time (sec): 161
SCM is in safe mode. Will retry in 1 sec. Remaining time (sec): 160
SCM is in safe mode. Will retry in 1 sec. Remaining time (sec): 159
SCM is in safe mode. Will retry in 1 sec. Remaining time (sec): 158
SCM is in safe mode. Will retry in 1 sec. Remaining time (sec): 157
SCM is in safe mode. Will retry in 1 sec. Remaining time (sec): 156
SCM is in safe mode. Will retry in 1 sec. Remaining time (sec): 155
SCM is in safe mode. Will retry in 1 sec. Remaining time (sec): 154
SCM is in safe mode. Will retry in 1 sec. Remaining time (sec): 153
SCM is in safe mode. Will retry in 1 sec. Remaining time (sec): 152
SCM is in safe mode. Will retry in 1 sec. Remaining time (sec): 151
SCM is in safe mode. Will retry in 1 sec. Remaining time (sec): 150
SCM is in safe mode. Will retry in 1 sec. Remaining time (sec): 149
SCM is in safe mode. Will retry in 1 sec. Remaining time (sec): 148
SCM is in safe mode. Will retry in 1 sec. Remaining time (sec): 147
SCM is in safe mode. Will retry in 1 sec. Remaining time (sec): 146
SCM is in safe mode. Will retry in 1 sec. Remaining time (sec): 145
SCM is in safe mode. Will retry in 1 sec. Remaining time (sec): 144
SCM is in safe mode. Will retry in 1 sec. Remaining time (sec): 143
SCM is in safe mode. Will retry in 1 sec. Remaining time (sec): 142
SCM is in safe mode. Will retry in 1 sec. Remaining time (sec): 141
SCM is in safe mode. Will retry in 1 sec. Remaining time (sec): 140
SCM is in safe mode. Will retry in 1 sec. Remaining time (sec): 139
SCM is in safe mode. Will retry in 1 sec. Remaining time (sec): 138
SCM is in safe mode. Will retry in 1 sec. Remaining time (sec): 137
SCM is in safe mode. Will retry in 1 sec. Remaining time (sec): 136
SCM is in safe mode. Will retry in 1 sec. Remaining time (sec): 135
SCM is in safe mode. Will retry in 1 sec. Remaining time (sec): 134
SCM is in safe mode. Will retry in 1 sec. Remaining time (sec): 133
SCM is in safe mode. Will retry in 1 sec. Remaining time (sec): 132
SCM is in safe mode. Will retry in 1 sec. Remaining time (sec): 131
SCM is in safe mode. Will retry in 1 sec. Remaining time (sec): 130
SCM is in safe mode. Will retry in 1 sec. Remaining time (sec): 129
SCM is in safe mode. Will retry in 1 sec. Remaining time (sec): 128
SCM is in safe mode. Will retry in 1 sec. Remaining time (sec): 127
SCM is in safe mode. Will retry in 1 sec. Remaining time (sec): 126
SCM is in safe mode. Will retry in 1 sec. Remaining time (sec): 125
SCM is in safe mode. Will retry in 1 sec. Remaining time (sec): 124
SCM is in safe mode. Will retry in 1 sec. Remaining time (sec): 123
SCM is in safe mode. Will retry in 1 sec. Remaining time (sec): 122
SCM is in safe mode. Will retry in 1 sec. Remaining time (sec): 121
SCM is in safe mode. Will retry in 1 sec. Remaining time (sec): 120
SCM is in safe mode. Will retry in 1 sec. Remaining time (sec): 119
SCM is in safe mode. Will retry in 1 sec. Remaining time (sec): 118
SCM is in safe mode. Will retry in 1 sec. Remaining time (sec): 117
SCM is in safe mode. Will retry in 1 sec. Remaining time (sec): 116
SCM is in safe mode. Will retry in 1 sec. Remaining time (sec): 115
SCM is in safe mode. Will retry in 1 sec. Remaining time (sec): 114
SCM is in safe mode. Will retry in 1 sec. Remaining time (sec): 113
SCM is in safe mode. Will retry in 1 sec. Remaining time (sec): 112
SCM is in safe mode. Will retry in 1 sec. Remaining time (sec): 111
SCM is in safe mode. Will retry in 1 sec. Remaining time (sec): 110
SCM is in safe mode. Will retry in 1 sec. Remaining time (sec): 109
SCM is in safe mode. Will retry in 1 sec. Remaining time (sec): 108
SCM is in safe mode. Will retry in 1 sec. Remaining time (sec): 107
SCM is in safe mode. Will retry in 1 sec. Remaining time (sec): 106
SCM is in safe mode. Will retry in 1 sec. Remaining time (sec): 105
SCM is in safe mode. Will retry in 1 sec. Remaining time (sec): 104
SCM is in safe mode. Will retry in 1 sec. Remaining time (sec): 103
SCM is in safe mode. Will retry in 1 sec. Remaining time (sec): 102
SCM is in safe mode. Will retry in 1 sec. Remaining time (sec): 101
SCM is in safe mode. Will retry in 1 sec. Remaining time (sec): 100
SCM is in safe mode. Will retry in 1 sec. Remaining time (sec): 99
SCM is in safe mode. Will retry in 1 sec. Remaining time (sec): 98
SCM is in safe mode. Will retry in 1 sec. Remaining time (sec): 97
SCM is in safe mode. Will retry in 1 sec. Remaining time (sec): 95
SCM is in safe mode. Will retry in 1 sec. Remaining time (sec): 94
SCM is in safe mode. Will retry in 1 sec. Remaining time (sec): 93
SCM is in safe mode. Will retry in 1 sec. Remaining time (sec): 92
SCM is out of safe mode.
Found OM leader for service omservice: om3 : LEADER (om3)
Replaced OM order with om3,om2,om1 in ozonesecure-ha_datanode1_1
Replaced OM order with om3,om2,om1 in ozonesecure-ha_datanode2_1
Replaced OM order with om3,om2,om1 in ozonesecure-ha_datanode3_1
Replaced OM order with om3,om2,om1 in ozonesecure-ha_recon_1
Replaced OM order with om3,om2,om1 in ozonesecure-ha_s3g_1
Replaced OM order with om3,om2,om1 in ozonesecure-ha_scm1.org_1
Replaced OM order with om3,om2,om1 in ozonesecure-ha_scm2.org_1
Replaced OM order with om3,om2,om1 in ozonesecure-ha_scm3.org_1
key1 has been successfully created with options Options{cipher='AES/CTR/NoPadding', bitLength=128, description='null', attributes=null}.
org.apache.hadoop.crypto.key.kms.LoadBalancingKMSClientProvider@662b4c69 has been updated.
==============================================================================
Kinit :: Kinit test user                                                      
==============================================================================
Kinit                                                                 | PASS |
------------------------------------------------------------------------------
Kinit :: Kinit test user                                              | PASS |
1 test, 1 passed, 0 failed
==============================================================================
Output:  /tmp/smoketest/ozonesecure-ha/result/robot-1.xml
"RootCARotationManager-Active" #271 daemon prio=5 os_prio=0 cpu=628.09ms elapsed=236.22s tid=0x00007ff499537000 nid=0x265 waiting on condition  [0x00007ff456181000]
jps | grep StorageContainerManagerStarter | sed 's/StorageContainerManagerStarter//' | xargs  | xargs -I {} jstack {} | grep 'RootCARotationManager-Active' succeed
Certificate id: 2
  [0]         Version: 3
         SerialNumber: 2
             IssuerDN: CN=scm-2@scm1.org,OU=7a4d457b-993d-4a2e-ba6f-83c4bde437c4,O=CID-5521ea55-d524-43cf-9876-cc68aa480f7b
           Start Date: Tue Jul 25 09:09:24 UTC 2023
           Final Date: Tue Jul 25 09:13:24 UTC 2023
            SubjectDN: CN=scm-2@scm1.org,OU=7a4d457b-993d-4a2e-ba6f-83c4bde437c4,O=CID-5521ea55-d524-43cf-9876-cc68aa480f7b
           Public Key: RSA Public Key [d7:f0:40:c8:ba:dc:96:f6:cb:1b:22:19:df:fa:6c:08:92:7c:de:a4],[56:66:d1:a4]
        modulus: d0efbb37f09fd0056663b5a5199f90a55c9af3b8eba5b15aba012d2eb532a4290019dfefe08b6bb89496f4914e2e52cfd1eba1dbe448341e55f8b603202ac62ccabd7c8c2204f30180507241cef2abec3f0dfccbb2e4856eac7af5f343711ab4e2fb18f2e78e9ec3e255e35566799c231cb5bf4f113875ccaaf40bfe61b804d879bd38b848f9b3d3f692e784d988684e1637553ae4b851717d18865204f09a81802d9b1c90bef28359b0b63472dde37999c3ed140074230a2deda431f9f4faa6ba8b163a0cd5bc6aa23fb1c5f98a0aa7d00861700fc71b7ae8927f2c3623eab4f5e1bf0bec55ee2fedc54993a3e367d2168528a2f53406f69f70044e81ef6065
public exponent: 10001

  Signature Algorithm: SHA256withRSA
            Signature: c543275dffc6bfd813f239b4fdb3c7518924a57a
                       f5780fc56a41314740c138a2e8d2701dfe6cea57
                       6d35212eeec85188d8e3ee258889d3bfaaca398d
                       dca3683dafa7b108410c3342abfa537bde209118
                       c197b7cb52486110e3f1c5e0ac0bb7580ee61c2b
                       d4f9daea6c330ad7bc5682131239af419bb84232
                       a5fd22e1038837dac546c5b01a2b681f1f6d37ef
                       051a4a4b78ff61382c43bd872ef34671a63e8ec3
                       414de1f78472e4769482940d268067b3028bf5ca
                       0e9292485bf48a78943c4cfc9103de9d54502d14
                       185baee48ca0f724619dcfa376f3bbaaa7785743
                       3379bd4225bc426197b3498ff8cea63cc36aa3c2
                       bb0dee289a371986d8f3b407d09c0a8e
       Extensions: 
                       critical(true) BasicConstraints: isCa(true)
                       critical(true) KeyUsage: 0x6
                       critical(false) 2.5.29.17 value = Sequence
    Tagged [7] IMPLICIT 
        DER Octet String[4] 
    Tagged [2] IMPLICIT 
        DER Octet String[8] 


ozone admin cert info 2 succeed
==============================================================================
Scm-Leader-Transfer :: Smoketest ozone cluster startup                        
==============================================================================
Transfer Leadership                                                   | PASS |
------------------------------------------------------------------------------
Scm-Leader-Transfer :: Smoketest ozone cluster startup                | PASS |
1 test, 1 passed, 0 failed
==============================================================================
Output:  /tmp/smoketest/ozonesecure-ha/result/robot-2.xml
"RootCARotationManager-Inactive" #271 daemon prio=5 os_prio=0 cpu=642.49ms elapsed=288.53s tid=0x00007ff499537000 nid=0x265 waiting on condition  [0x00007ff456181000]
jps | grep StorageContainerManagerStarter | sed 's/StorageContainerManagerStarter//' | xargs | xargs -I {} jstack {} | grep 'RootCARotationManager-Inactive' succeed
==============================================================================
Root-Ca-Rotation-Client-Checks :: Generate data                               
==============================================================================
Create a volume and bucket                                            | PASS |
------------------------------------------------------------------------------
Create key                                                            | FAIL |
Test timeout 5 minutes exceeded.
------------------------------------------------------------------------------
Read data from previously created key                                 | FAIL |
255 != 0
------------------------------------------------------------------------------
Root-Ca-Rotation-Client-Checks :: Generate data                       | FAIL |
3 tests, 1 passed, 2 failed
==============================================================================
Output:  /tmp/smoketest/ozonesecure-ha/result/robot-3.xml
jstack 7 > /home/runner/work/ozone/ozone/hadoop-ozone/dist/target/ozone-1.4.0-SNAPSHOT/compose/ozonesecure-ha/result/ozonesecure-ha_datanode1_1_HddsDatanodeService.stack
jstack 6 > /home/runner/work/ozone/ozone/hadoop-ozone/dist/target/ozone-1.4.0-SNAPSHOT/compose/ozonesecure-ha/result/ozonesecure-ha_datanode2_1_HddsDatanodeService.stack
jstack 7 > /home/runner/work/ozone/ozone/hadoop-ozone/dist/target/ozone-1.4.0-SNAPSHOT/compose/ozonesecure-ha/result/ozonesecure-ha_datanode3_1_HddsDatanodeService.stack
jstack 6 > /home/runner/work/ozone/ozone/hadoop-ozone/dist/target/ozone-1.4.0-SNAPSHOT/compose/ozonesecure-ha/result/ozonesecure-ha_om1_1_OzoneManagerStarter.stack
jstack 7 > /home/runner/work/ozone/ozone/hadoop-ozone/dist/target/ozone-1.4.0-SNAPSHOT/compose/ozonesecure-ha/result/ozonesecure-ha_om2_1_OzoneManagerStarter.stack
jstack 7 > /home/runner/work/ozone/ozone/hadoop-ozone/dist/target/ozone-1.4.0-SNAPSHOT/compose/ozonesecure-ha/result/ozonesecure-ha_om3_1_OzoneManagerStarter.stack
jstack 7 > /home/runner/work/ozone/ozone/hadoop-ozone/dist/target/ozone-1.4.0-SNAPSHOT/compose/ozonesecure-ha/result/ozonesecure-ha_recon_1_ReconServer.stack
jstack 6 > /home/runner/work/ozone/ozone/hadoop-ozone/dist/target/ozone-1.4.0-SNAPSHOT/compose/ozonesecure-ha/result/ozonesecure-ha_s3g_1_Gateway.stack
jstack 7 > /home/runner/work/ozone/ozone/hadoop-ozone/dist/target/ozone-1.4.0-SNAPSHOT/compose/ozonesecure-ha/result/ozonesecure-ha_scm1.org_1_StorageContainerManagerStarter.stack
jstack 2077 > /home/runner/work/ozone/ozone/hadoop-ozone/dist/target/ozone-1.4.0-SNAPSHOT/compose/ozonesecure-ha/result/ozonesecure-ha_scm1.org_1_OzoneShell.stack
jstack 7 > /home/runner/work/ozone/ozone/hadoop-ozone/dist/target/ozone-1.4.0-SNAPSHOT/compose/ozonesecure-ha/result/ozonesecure-ha_scm2.org_1_StorageContainerManagerStarter.stack
jstack 7 > /home/runner/work/ozone/ozone/hadoop-ozone/dist/target/ozone-1.4.0-SNAPSHOT/compose/ozonesecure-ha/result/ozonesecure-ha_scm3.org_1_StorageContainerManagerStarter.stack
Stopping ozonesecure-ha_httpfs_1    ... 
Stopping ozonesecure-ha_s3g_1       ... 
Stopping ozonesecure-ha_scm1.org_1  ... 
Stopping ozonesecure-ha_datanode2_1 ... 
Stopping ozonesecure-ha_om1_1       ... 
Stopping ozonesecure-ha_kdc_1       ... 
Stopping ozonesecure-ha_kms_1       ... 
Stopping ozonesecure-ha_datanode1_1 ... 
Stopping ozonesecure-ha_datanode3_1 ... 
Stopping ozonesecure-ha_scm3.org_1  ... 
Stopping ozonesecure-ha_recon_1     ... 
Stopping ozonesecure-ha_om3_1       ... 
Stopping ozonesecure-ha_om2_1       ... 
Stopping ozonesecure-ha_scm2.org_1  ... 
Stopping ozonesecure-ha_kdc_1       ... done
Stopping ozonesecure-ha_kms_1       ... done
Stopping ozonesecure-ha_httpfs_1    ... done
Stopping ozonesecure-ha_s3g_1       ... done
Stopping ozonesecure-ha_datanode3_1 ... done
Stopping ozonesecure-ha_datanode2_1 ... done
Stopping ozonesecure-ha_datanode1_1 ... done
Stopping ozonesecure-ha_om3_1       ... done
Stopping ozonesecure-ha_om2_1       ... done
Stopping ozonesecure-ha_om1_1       ... done
Stopping ozonesecure-ha_recon_1     ... done
Stopping ozonesecure-ha_scm3.org_1  ... done
Stopping ozonesecure-ha_scm2.org_1  ... done
Stopping ozonesecure-ha_scm1.org_1  ... done
Removing ozonesecure-ha_httpfs_1    ... 
Removing ozonesecure-ha_s3g_1       ... 
Removing ozonesecure-ha_scm1.org_1  ... 
Removing ozonesecure-ha_datanode2_1 ... 
Removing ozonesecure-ha_om1_1       ... 
Removing ozonesecure-ha_kdc_1       ... 
Removing ozonesecure-ha_kms_1       ... 
Removing ozonesecure-ha_datanode1_1 ... 
Removing ozonesecure-ha_datanode3_1 ... 
Removing ozonesecure-ha_scm3.org_1  ... 
Removing ozonesecure-ha_recon_1     ... 
Removing ozonesecure-ha_om3_1       ... 
Removing ozonesecure-ha_om2_1       ... 
Removing ozonesecure-ha_scm2.org_1  ... 
Removing ozonesecure-ha_httpfs_1    ... done
Removing ozonesecure-ha_datanode2_1 ... done
Removing ozonesecure-ha_kdc_1       ... done
Removing ozonesecure-ha_scm1.org_1  ... done
Removing ozonesecure-ha_om2_1       ... done
Removing ozonesecure-ha_s3g_1       ... done
Removing ozonesecure-ha_datanode1_1 ... done
Removing ozonesecure-ha_scm2.org_1  ... done
Removing ozonesecure-ha_scm3.org_1  ... done
Removing ozonesecure-ha_om1_1       ... done
Removing ozonesecure-ha_datanode3_1 ... done
Removing ozonesecure-ha_kms_1       ... done
Removing ozonesecure-ha_recon_1     ... done
Removing ozonesecure-ha_om3_1       ... done
Removing network ozonesecure-ha_ozone_net
ERROR: Test execution of ozonesecure-ha/test-root-ca-rotation.sh is FAILED!!!!
Output:  /home/runner/work/ozone/ozone/hadoop-ozone/dist/target/ozone-1.4.0-SNAPSHOT/compose/result/ozonesecure-ha-root-ca-rotation.xml
removed 'ozonesecure-ha/result/robot-1.xml'
removed 'ozonesecure-ha/result/robot-2.xml'
removed 'ozonesecure-ha/result/robot-3.xml'
renamed 'ozonesecure-ha/result/dn-audit-7d130cb78a27.log' -> '/home/runner/work/ozone/ozone/hadoop-ozone/dist/target/ozone-1.4.0-SNAPSHOT/compose/result/ozonesecure-ha/root-ca-rotation/dn-audit-7d130cb78a27.log'
renamed 'ozonesecure-ha/result/dn-audit-7e7224dded6a.log' -> '/home/runner/work/ozone/ozone/hadoop-ozone/dist/target/ozone-1.4.0-SNAPSHOT/compose/result/ozonesecure-ha/root-ca-rotation/dn-audit-7e7224dded6a.log'
renamed 'ozonesecure-ha/result/dn-audit-8ec747b1b13b.log' -> '/home/runner/work/ozone/ozone/hadoop-ozone/dist/target/ozone-1.4.0-SNAPSHOT/compose/result/ozonesecure-ha/root-ca-rotation/dn-audit-8ec747b1b13b.log'
renamed 'ozonesecure-ha/result/docker-ozonesecure-ha_datanode1_1.log' -> '/home/runner/work/ozone/ozone/hadoop-ozone/dist/target/ozone-1.4.0-SNAPSHOT/compose/result/ozonesecure-ha/root-ca-rotation/docker-ozonesecure-ha_datanode1_1.log'
renamed 'ozonesecure-ha/result/docker-ozonesecure-ha_datanode2_1.log' -> '/home/runner/work/ozone/ozone/hadoop-ozone/dist/target/ozone-1.4.0-SNAPSHOT/compose/result/ozonesecure-ha/root-ca-rotation/docker-ozonesecure-ha_datanode2_1.log'
renamed 'ozonesecure-ha/result/docker-ozonesecure-ha_datanode3_1.log' -> '/home/runner/work/ozone/ozone/hadoop-ozone/dist/target/ozone-1.4.0-SNAPSHOT/compose/result/ozonesecure-ha/root-ca-rotation/docker-ozonesecure-ha_datanode3_1.log'
renamed 'ozonesecure-ha/result/docker-ozonesecure-ha_httpfs_1.log' -> '/home/runner/work/ozone/ozone/hadoop-ozone/dist/target/ozone-1.4.0-SNAPSHOT/compose/result/ozonesecure-ha/root-ca-rotation/docker-ozonesecure-ha_httpfs_1.log'
renamed 'ozonesecure-ha/result/docker-ozonesecure-ha_kdc_1.log' -> '/home/runner/work/ozone/ozone/hadoop-ozone/dist/target/ozone-1.4.0-SNAPSHOT/compose/result/ozonesecure-ha/root-ca-rotation/docker-ozonesecure-ha_kdc_1.log'
renamed 'ozonesecure-ha/result/docker-ozonesecure-ha_kms_1.log' -> '/home/runner/work/ozone/ozone/hadoop-ozone/dist/target/ozone-1.4.0-SNAPSHOT/compose/result/ozonesecure-ha/root-ca-rotation/docker-ozonesecure-ha_kms_1.log'
renamed 'ozonesecure-ha/result/docker-ozonesecure-ha_om1_1.log' -> '/home/runner/work/ozone/ozone/hadoop-ozone/dist/target/ozone-1.4.0-SNAPSHOT/compose/result/ozonesecure-ha/root-ca-rotation/docker-ozonesecure-ha_om1_1.log'
renamed 'ozonesecure-ha/result/docker-ozonesecure-ha_om2_1.log' -> '/home/runner/work/ozone/ozone/hadoop-ozone/dist/target/ozone-1.4.0-SNAPSHOT/compose/result/ozonesecure-ha/root-ca-rotation/docker-ozonesecure-ha_om2_1.log'
renamed 'ozonesecure-ha/result/docker-ozonesecure-ha_om3_1.log' -> '/home/runner/work/ozone/ozone/hadoop-ozone/dist/target/ozone-1.4.0-SNAPSHOT/compose/result/ozonesecure-ha/root-ca-rotation/docker-ozonesecure-ha_om3_1.log'
renamed 'ozonesecure-ha/result/docker-ozonesecure-ha_recon_1.log' -> '/home/runner/work/ozone/ozone/hadoop-ozone/dist/target/ozone-1.4.0-SNAPSHOT/compose/result/ozonesecure-ha/root-ca-rotation/docker-ozonesecure-ha_recon_1.log'
renamed 'ozonesecure-ha/result/docker-ozonesecure-ha_s3g_1.log' -> '/home/runner/work/ozone/ozone/hadoop-ozone/dist/target/ozone-1.4.0-SNAPSHOT/compose/result/ozonesecure-ha/root-ca-rotation/docker-ozonesecure-ha_s3g_1.log'
renamed 'ozonesecure-ha/result/docker-ozonesecure-ha_scm1.org_1.log' -> '/home/runner/work/ozone/ozone/hadoop-ozone/dist/target/ozone-1.4.0-SNAPSHOT/compose/result/ozonesecure-ha/root-ca-rotation/docker-ozonesecure-ha_scm1.org_1.log'
renamed 'ozonesecure-ha/result/docker-ozonesecure-ha_scm2.org_1.log' -> '/home/runner/work/ozone/ozone/hadoop-ozone/dist/target/ozone-1.4.0-SNAPSHOT/compose/result/ozonesecure-ha/root-ca-rotation/docker-ozonesecure-ha_scm2.org_1.log'
renamed 'ozonesecure-ha/result/docker-ozonesecure-ha_scm3.org_1.log' -> '/home/runner/work/ozone/ozone/hadoop-ozone/dist/target/ozone-1.4.0-SNAPSHOT/compose/result/ozonesecure-ha/root-ca-rotation/docker-ozonesecure-ha_scm3.org_1.log'
renamed 'ozonesecure-ha/result/kms-audit.log' -> '/home/runner/work/ozone/ozone/hadoop-ozone/dist/target/ozone-1.4.0-SNAPSHOT/compose/result/ozonesecure-ha/root-ca-rotation/kms-audit.log'
renamed 'ozonesecure-ha/result/om-audit-om1.log' -> '/home/runner/work/ozone/ozone/hadoop-ozone/dist/target/ozone-1.4.0-SNAPSHOT/compose/result/ozonesecure-ha/root-ca-rotation/om-audit-om1.log'
renamed 'ozonesecure-ha/result/om-audit-om2.log' -> '/home/runner/work/ozone/ozone/hadoop-ozone/dist/target/ozone-1.4.0-SNAPSHOT/compose/result/ozonesecure-ha/root-ca-rotation/om-audit-om2.log'
renamed 'ozonesecure-ha/result/om-audit-om3.log' -> '/home/runner/work/ozone/ozone/hadoop-ozone/dist/target/ozone-1.4.0-SNAPSHOT/compose/result/ozonesecure-ha/root-ca-rotation/om-audit-om3.log'
renamed 'ozonesecure-ha/result/ozonesecure-ha_datanode1_1_HddsDatanodeService.stack' -> '/home/runner/work/ozone/ozone/hadoop-ozone/dist/target/ozone-1.4.0-SNAPSHOT/compose/result/ozonesecure-ha/root-ca-rotation/ozonesecure-ha_datanode1_1_HddsDatanodeService.stack'
renamed 'ozonesecure-ha/result/ozonesecure-ha_datanode2_1_HddsDatanodeService.stack' -> '/home/runner/work/ozone/ozone/hadoop-ozone/dist/target/ozone-1.4.0-SNAPSHOT/compose/result/ozonesecure-ha/root-ca-rotation/ozonesecure-ha_datanode2_1_HddsDatanodeService.stack'
renamed 'ozonesecure-ha/result/ozonesecure-ha_datanode3_1_HddsDatanodeService.stack' -> '/home/runner/work/ozone/ozone/hadoop-ozone/dist/target/ozone-1.4.0-SNAPSHOT/compose/result/ozonesecure-ha/root-ca-rotation/ozonesecure-ha_datanode3_1_HddsDatanodeService.stack'
renamed 'ozonesecure-ha/result/ozonesecure-ha_om1_1_OzoneManagerStarter.stack' -> '/home/runner/work/ozone/ozone/hadoop-ozone/dist/target/ozone-1.4.0-SNAPSHOT/compose/result/ozonesecure-ha/root-ca-rotation/ozonesecure-ha_om1_1_OzoneManagerStarter.stack'
renamed 'ozonesecure-ha/result/ozonesecure-ha_om2_1_OzoneManagerStarter.stack' -> '/home/runner/work/ozone/ozone/hadoop-ozone/dist/target/ozone-1.4.0-SNAPSHOT/compose/result/ozonesecure-ha/root-ca-rotation/ozonesecure-ha_om2_1_OzoneManagerStarter.stack'
renamed 'ozonesecure-ha/result/ozonesecure-ha_om3_1_OzoneManagerStarter.stack' -> '/home/runner/work/ozone/ozone/hadoop-ozone/dist/target/ozone-1.4.0-SNAPSHOT/compose/result/ozonesecure-ha/root-ca-rotation/ozonesecure-ha_om3_1_OzoneManagerStarter.stack'
renamed 'ozonesecure-ha/result/ozonesecure-ha_recon_1_ReconServer.stack' -> '/home/runner/work/ozone/ozone/hadoop-ozone/dist/target/ozone-1.4.0-SNAPSHOT/compose/result/ozonesecure-ha/root-ca-rotation/ozonesecure-ha_recon_1_ReconServer.stack'
renamed 'ozonesecure-ha/result/ozonesecure-ha_s3g_1_Gateway.stack' -> '/home/runner/work/ozone/ozone/hadoop-ozone/dist/target/ozone-1.4.0-SNAPSHOT/compose/result/ozonesecure-ha/root-ca-rotation/ozonesecure-ha_s3g_1_Gateway.stack'
renamed 'ozonesecure-ha/result/ozonesecure-ha_scm1.org_1_OzoneShell.stack' -> '/home/runner/work/ozone/ozone/hadoop-ozone/dist/target/ozone-1.4.0-SNAPSHOT/compose/result/ozonesecure-ha/root-ca-rotation/ozonesecure-ha_scm1.org_1_OzoneShell.stack'
renamed 'ozonesecure-ha/result/ozonesecure-ha_scm1.org_1_StorageContainerManagerStarter.stack' -> '/home/runner/work/ozone/ozone/hadoop-ozone/dist/target/ozone-1.4.0-SNAPSHOT/compose/result/ozonesecure-ha/root-ca-rotation/ozonesecure-ha_scm1.org_1_StorageContainerManagerStarter.stack'
renamed 'ozonesecure-ha/result/ozonesecure-ha_scm2.org_1_StorageContainerManagerStarter.stack' -> '/home/runner/work/ozone/ozone/hadoop-ozone/dist/target/ozone-1.4.0-SNAPSHOT/compose/result/ozonesecure-ha/root-ca-rotation/ozonesecure-ha_scm2.org_1_StorageContainerManagerStarter.stack'
renamed 'ozonesecure-ha/result/ozonesecure-ha_scm3.org_1_StorageContainerManagerStarter.stack' -> '/home/runner/work/ozone/ozone/hadoop-ozone/dist/target/ozone-1.4.0-SNAPSHOT/compose/result/ozonesecure-ha/root-ca-rotation/ozonesecure-ha_scm3.org_1_StorageContainerManagerStarter.stack'
renamed 'ozonesecure-ha/result/s3g-audit-s3g.log' -> '/home/runner/work/ozone/ozone/hadoop-ozone/dist/target/ozone-1.4.0-SNAPSHOT/compose/result/ozonesecure-ha/root-ca-rotation/s3g-audit-s3g.log'
renamed 'ozonesecure-ha/result/scm-audit-scm1.org.log' -> '/home/runner/work/ozone/ozone/hadoop-ozone/dist/target/ozone-1.4.0-SNAPSHOT/compose/result/ozonesecure-ha/root-ca-rotation/scm-audit-scm1.org.log'
renamed 'ozonesecure-ha/result/scm-audit-scm2.org.log' -> '/home/runner/work/ozone/ozone/hadoop-ozone/dist/target/ozone-1.4.0-SNAPSHOT/compose/result/ozonesecure-ha/root-ca-rotation/scm-audit-scm2.org.log'
renamed 'ozonesecure-ha/result/scm-audit-scm3.org.log' -> '/home/runner/work/ozone/ozone/hadoop-ozone/dist/target/ozone-1.4.0-SNAPSHOT/compose/result/ozonesecure-ha/root-ca-rotation/scm-audit-scm3.org.log'
Executing test ozonesecure/test-certificate-rotation.sh
Removing network ozonesecure_default
Network ozonesecure_default not found.
Creating network "ozonesecure_default" with the default driver
Creating ozonesecure_s3g_1 ... 
Creating ozonesecure_recon_1 ... 
Creating ozonesecure_kms_1   ... 
Creating ozonesecure_scm_1   ... 
Creating ozonesecure_om_1    ... 
Creating ozonesecure_httpfs_1 ... 
Creating ozonesecure_datanode_1 ... 
Creating ozonesecure_datanode_2 ... 
Creating ozonesecure_datanode_3 ... 
Creating ozonesecure_kdc_1      ... 
Creating ozonesecure_kms_1      ... done
Creating ozonesecure_kdc_1      ... done
Creating ozonesecure_recon_1    ... done
Creating ozonesecure_datanode_1 ... done
Creating ozonesecure_scm_1      ... done
Creating ozonesecure_datanode_2 ... done
Creating ozonesecure_om_1       ... done
Creating ozonesecure_httpfs_1   ... done
Creating ozonesecure_s3g_1      ... done
Creating ozonesecure_datanode_3 ... done
Port 88 is available on kdc
Port 9860 is not available on scm yet
Port 9860 is not available on scm yet
Port 9860 is not available on scm yet
Port 9860 is not available on scm yet
Port 9860 is not available on scm yet
Port 9860 is not available on scm yet
Port 9860 is not available on scm yet
Port 9860 is not available on scm yet
Port 9860 is not available on scm yet
Port 9860 is not available on scm yet
Port 9860 is not available on scm yet
Port 9860 is not available on scm yet
Port 9860 is not available on scm yet
Port 9860 is not available on scm yet
Port 9860 is not available on scm yet
Port 9860 is not available on scm yet
Port 9860 is not available on scm yet
Port 9860 is not available on scm yet
Port 9860 is not available on scm yet
Port 9860 is not available on scm yet
Port 9860 is not available on scm yet
Port 9860 is not available on scm yet
Port 9860 is not available on scm yet
Port 9860 is not available on scm yet
Port 9860 is not available on scm yet
Port 9860 is not available on scm yet
Port 9860 is available on scm
SCM is in safe mode. Will retry in 1 sec. Remaining time (sec): 229
SCM is in safe mode. Will retry in 1 sec. Remaining time (sec): 228
SCM is in safe mode. Will retry in 1 sec. Remaining time (sec): 227
SCM is in safe mode. Will retry in 1 sec. Remaining time (sec): 226
SCM is in safe mode. Will retry in 1 sec. Remaining time (sec): 225
SCM is in safe mode. Will retry in 1 sec. Remaining time (sec): 224
SCM is in safe mode. Will retry in 1 sec. Remaining time (sec): 223
SCM is in safe mode. Will retry in 1 sec. Remaining time (sec): 222
SCM is in safe mode. Will retry in 1 sec. Remaining time (sec): 221
SCM is in safe mode. Will retry in 1 sec. Remaining time (sec): 220
SCM is in safe mode. Will retry in 1 sec. Remaining time (sec): 219
SCM is in safe mode. Will retry in 1 sec. Remaining time (sec): 218
SCM is in safe mode. Will retry in 1 sec. Remaining time (sec): 217
SCM is in safe mode. Will retry in 1 sec. Remaining time (sec): 216
SCM is in safe mode. Will retry in 1 sec. Remaining time (sec): 215
SCM is in safe mode. Will retry in 1 sec. Remaining time (sec): 214
SCM is in safe mode. Will retry in 1 sec. Remaining time (sec): 213
SCM is in safe mode. Will retry in 1 sec. Remaining time (sec): 212
SCM is in safe mode. Will retry in 1 sec. Remaining time (sec): 211
SCM is in safe mode. Will retry in 1 sec. Remaining time (sec): 210
SCM is in safe mode. Will retry in 1 sec. Remaining time (sec): 209
SCM is in safe mode. Will retry in 1 sec. Remaining time (sec): 208
SCM is in safe mode. Will retry in 1 sec. Remaining time (sec): 207
SCM is in safe mode. Will retry in 1 sec. Remaining time (sec): 206
SCM is in safe mode. Will retry in 1 sec. Remaining time (sec): 205
SCM is in safe mode. Will retry in 1 sec. Remaining time (sec): 204
SCM is in safe mode. Will retry in 1 sec. Remaining time (sec): 203
SCM is in safe mode. Will retry in 1 sec. Remaining time (sec): 202
SCM is in safe mode. Will retry in 1 sec. Remaining time (sec): 201
SCM is in safe mode. Will retry in 1 sec. Remaining time (sec): 200
SCM is in safe mode. Will retry in 1 sec. Remaining time (sec): 199
SCM is in safe mode. Will retry in 1 sec. Remaining time (sec): 198
SCM is in safe mode. Will retry in 1 sec. Remaining time (sec): 197
SCM is out of safe mode.
No OM HA service, no need to wait
==============================================================================
Certrotation                                                                  
==============================================================================
Certrotation.Cert-Rotation :: Smoketest ozone cluster startup                 
==============================================================================
Test datanode functions before and after certificate rotation         depth=2 CN = scm-1@scm, OU = a86f6a55-0892-451f-90ad-1604790f8f6d, O = CID-7c111a8e-d0d1-4d1e-82e1-30699523e976
verify error:num=19:self signed certificate in certificate chain
depth=2 CN = scm-1@scm, OU = a86f6a55-0892-451f-90ad-1604790f8f6d, O = CID-7c111a8e-d0d1-4d1e-82e1-30699523e976
verify error:num=19:self signed certificate in certificate chain
depth=2 CN = scm-1@scm, OU = a86f6a55-0892-451f-90ad-1604790f8f6d, O = CID-7c111a8e-d0d1-4d1e-82e1-30699523e976
verify error:num=19:self signed certificate in certificate chain
| PASS |
------------------------------------------------------------------------------
Certrotation.Cert-Rotation :: Smoketest ozone cluster startup         | PASS |
1 test, 1 passed, 0 failed
==============================================================================
Certrotation.Root-Ca-Rotation-Client-Checks :: Generate data                  
==============================================================================
Create a volume and bucket                                            | PASS |
------------------------------------------------------------------------------
Create key                                                            | PASS |
------------------------------------------------------------------------------
Read data from previously created key                                 | PASS |
------------------------------------------------------------------------------
Certrotation.Root-Ca-Rotation-Client-Checks :: Generate data          | PASS |
3 tests, 3 passed, 0 failed
==============================================================================
Certrotation                                                          | PASS |
4 tests, 4 passed, 0 failed
==============================================================================
Output:  /tmp/smoketest/ozonesecure/result/robot-1.xml
Stopping ozonesecure_datanode_2 ... 
Stopping ozonesecure_scm_1      ... 
Stopping ozonesecure_kdc_1      ... 
Stopping ozonesecure_httpfs_1   ... 
Stopping ozonesecure_om_1       ... 
Stopping ozonesecure_datanode_3 ... 
Stopping ozonesecure_datanode_1 ... 
Stopping ozonesecure_kms_1      ... 
Stopping ozonesecure_s3g_1      ... 
Stopping ozonesecure_recon_1    ... 
Stopping ozonesecure_kms_1      ... done
Stopping ozonesecure_kdc_1      ... done
Stopping ozonesecure_httpfs_1   ... done
Stopping ozonesecure_s3g_1      ... done
Stopping ozonesecure_recon_1    ... done
Stopping ozonesecure_datanode_2 ... done
Stopping ozonesecure_datanode_3 ... done
Stopping ozonesecure_datanode_1 ... done
Stopping ozonesecure_om_1       ... done
Stopping ozonesecure_scm_1      ... done
Removing ozonesecure_datanode_2 ... 
Removing ozonesecure_scm_1      ... 
Removing ozonesecure_kdc_1      ... 
Removing ozonesecure_httpfs_1   ... 
Removing ozonesecure_om_1       ... 
Removing ozonesecure_datanode_3 ... 
Removing ozonesecure_datanode_1 ... 
Removing ozonesecure_kms_1      ... 
Removing ozonesecure_s3g_1      ... 
Removing ozonesecure_recon_1    ... 
Removing ozonesecure_om_1       ... done
Removing ozonesecure_datanode_1 ... done
Removing ozonesecure_recon_1    ... done
Removing ozonesecure_datanode_2 ... done
Removing ozonesecure_kdc_1      ... done
Removing ozonesecure_kms_1      ... done
Removing ozonesecure_s3g_1      ... done
Removing ozonesecure_httpfs_1   ... done
Removing ozonesecure_datanode_3 ... done
Removing ozonesecure_scm_1      ... done
Removing network ozonesecure_default
Output:  /home/runner/work/ozone/ozone/hadoop-ozone/dist/target/ozone-1.4.0-SNAPSHOT/compose/result/ozonesecure-certificate-rotation.xml
removed 'ozonesecure/result/robot-1.xml'
renamed 'ozonesecure/result/dn-audit-7f09446e9f15.log' -> '/home/runner/work/ozone/ozone/hadoop-ozone/dist/target/ozone-1.4.0-SNAPSHOT/compose/result/ozonesecure/certificate-rotation/dn-audit-7f09446e9f15.log'
renamed 'ozonesecure/result/dn-audit-c2ca9e15b20e.log' -> '/home/runner/work/ozone/ozone/hadoop-ozone/dist/target/ozone-1.4.0-SNAPSHOT/compose/result/ozonesecure/certificate-rotation/dn-audit-c2ca9e15b20e.log'
renamed 'ozonesecure/result/dn-audit-d3d2fce285db.log' -> '/home/runner/work/ozone/ozone/hadoop-ozone/dist/target/ozone-1.4.0-SNAPSHOT/compose/result/ozonesecure/certificate-rotation/dn-audit-d3d2fce285db.log'
renamed 'ozonesecure/result/docker-ozonesecure_datanode_1.log' -> '/home/runner/work/ozone/ozone/hadoop-ozone/dist/target/ozone-1.4.0-SNAPSHOT/compose/result/ozonesecure/certificate-rotation/docker-ozonesecure_datanode_1.log'
renamed 'ozonesecure/result/docker-ozonesecure_datanode_2.log' -> '/home/runner/work/ozone/ozone/hadoop-ozone/dist/target/ozone-1.4.0-SNAPSHOT/compose/result/ozonesecure/certificate-rotation/docker-ozonesecure_datanode_2.log'
renamed 'ozonesecure/result/docker-ozonesecure_datanode_3.log' -> '/home/runner/work/ozone/ozone/hadoop-ozone/dist/target/ozone-1.4.0-SNAPSHOT/compose/result/ozonesecure/certificate-rotation/docker-ozonesecure_datanode_3.log'
renamed 'ozonesecure/result/docker-ozonesecure_httpfs_1.log' -> '/home/runner/work/ozone/ozone/hadoop-ozone/dist/target/ozone-1.4.0-SNAPSHOT/compose/result/ozonesecure/certificate-rotation/docker-ozonesecure_httpfs_1.log'
renamed 'ozonesecure/result/docker-ozonesecure_kdc_1.log' -> '/home/runner/work/ozone/ozone/hadoop-ozone/dist/target/ozone-1.4.0-SNAPSHOT/compose/result/ozonesecure/certificate-rotation/docker-ozonesecure_kdc_1.log'
renamed 'ozonesecure/result/docker-ozonesecure_kms_1.log' -> '/home/runner/work/ozone/ozone/hadoop-ozone/dist/target/ozone-1.4.0-SNAPSHOT/compose/result/ozonesecure/certificate-rotation/docker-ozonesecure_kms_1.log'
renamed 'ozonesecure/result/docker-ozonesecure_om_1.log' -> '/home/runner/work/ozone/ozone/hadoop-ozone/dist/target/ozone-1.4.0-SNAPSHOT/compose/result/ozonesecure/certificate-rotation/docker-ozonesecure_om_1.log'
renamed 'ozonesecure/result/docker-ozonesecure_recon_1.log' -> '/home/runner/work/ozone/ozone/hadoop-ozone/dist/target/ozone-1.4.0-SNAPSHOT/compose/result/ozonesecure/certificate-rotation/docker-ozonesecure_recon_1.log'
renamed 'ozonesecure/result/docker-ozonesecure_s3g_1.log' -> '/home/runner/work/ozone/ozone/hadoop-ozone/dist/target/ozone-1.4.0-SNAPSHOT/compose/result/ozonesecure/certificate-rotation/docker-ozonesecure_s3g_1.log'
renamed 'ozonesecure/result/docker-ozonesecure_scm_1.log' -> '/home/runner/work/ozone/ozone/hadoop-ozone/dist/target/ozone-1.4.0-SNAPSHOT/compose/result/ozonesecure/certificate-rotation/docker-ozonesecure_scm_1.log'
renamed 'ozonesecure/result/kms-audit.log' -> '/home/runner/work/ozone/ozone/hadoop-ozone/dist/target/ozone-1.4.0-SNAPSHOT/compose/result/ozonesecure/certificate-rotation/kms-audit.log'
renamed 'ozonesecure/result/om-audit-om.log' -> '/home/runner/work/ozone/ozone/hadoop-ozone/dist/target/ozone-1.4.0-SNAPSHOT/compose/result/ozonesecure/certificate-rotation/om-audit-om.log'
renamed 'ozonesecure/result/s3g-audit-s3g.log' -> '/home/runner/work/ozone/ozone/hadoop-ozone/dist/target/ozone-1.4.0-SNAPSHOT/compose/result/ozonesecure/certificate-rotation/s3g-audit-s3g.log'
renamed 'ozonesecure/result/scm-audit-scm.log' -> '/home/runner/work/ozone/ozone/hadoop-ozone/dist/target/ozone-1.4.0-SNAPSHOT/compose/result/ozonesecure/certificate-rotation/scm-audit-scm.log'
Executing test ozonesecure/test-root-ca-rotation.sh
Removing network ozonesecure_default
Network ozonesecure_default not found.
Creating network "ozonesecure_default" with the default driver
Creating ozonesecure_om_1 ... 
Creating ozonesecure_httpfs_1 ... 
Creating ozonesecure_datanode_1 ... 
Creating ozonesecure_datanode_2 ... 
Creating ozonesecure_datanode_3 ... 
Creating ozonesecure_kms_1      ... 
Creating ozonesecure_recon_1    ... 
Creating ozonesecure_s3g_1      ... 
Creating ozonesecure_scm_1      ... 
Creating ozonesecure_kdc_1      ... 
Creating ozonesecure_httpfs_1   ... done
Creating ozonesecure_kms_1      ... done
Creating ozonesecure_datanode_1 ... done
Creating ozonesecure_om_1       ... done
Creating ozonesecure_s3g_1      ... done
Creating ozonesecure_scm_1      ... done
Creating ozonesecure_datanode_2 ... done
Creating ozonesecure_kdc_1      ... done
Creating ozonesecure_datanode_3 ... done
Creating ozonesecure_recon_1    ... done
Port 88 is available on kdc
Port 9860 is not available on scm yet
Port 9860 is not available on scm yet
Port 9860 is not available on scm yet
Port 9860 is not available on scm yet
Port 9860 is not available on scm yet
Port 9860 is not available on scm yet
Port 9860 is not available on scm yet
Port 9860 is not available on scm yet
Port 9860 is not available on scm yet
Port 9860 is not available on scm yet
Port 9860 is not available on scm yet
Port 9860 is not available on scm yet
Port 9860 is not available on scm yet
Port 9860 is not available on scm yet
Port 9860 is not available on scm yet
Port 9860 is not available on scm yet
Port 9860 is not available on scm yet
Port 9860 is not available on scm yet
Port 9860 is not available on scm yet
Port 9860 is not available on scm yet
Port 9860 is not available on scm yet
Port 9860 is not available on scm yet
Port 9860 is not available on scm yet
Port 9860 is not available on scm yet
Port 9860 is not available on scm yet
Port 9860 is not available on scm yet
Port 9860 is available on scm
SCM is in safe mode. Will retry in 1 sec. Remaining time (sec): 225
SCM is in safe mode. Will retry in 1 sec. Remaining time (sec): 224
SCM is in safe mode. Will retry in 1 sec. Remaining time (sec): 223
SCM is in safe mode. Will retry in 1 sec. Remaining time (sec): 222
SCM is in safe mode. Will retry in 1 sec. Remaining time (sec): 221
SCM is in safe mode. Will retry in 1 sec. Remaining time (sec): 220
SCM is in safe mode. Will retry in 1 sec. Remaining time (sec): 219
SCM is in safe mode. Will retry in 1 sec. Remaining time (sec): 218
SCM is in safe mode. Will retry in 1 sec. Remaining time (sec): 217
SCM is in safe mode. Will retry in 1 sec. Remaining time (sec): 216
SCM is in safe mode. Will retry in 1 sec. Remaining time (sec): 215
SCM is in safe mode. Will retry in 1 sec. Remaining time (sec): 214
SCM is in safe mode. Will retry in 1 sec. Remaining time (sec): 213
SCM is in safe mode. Will retry in 1 sec. Remaining time (sec): 212
SCM is in safe mode. Will retry in 1 sec. Remaining time (sec): 211
SCM is in safe mode. Will retry in 1 sec. Remaining time (sec): 210
SCM is in safe mode. Will retry in 1 sec. Remaining time (sec): 208
SCM is in safe mode. Will retry in 1 sec. Remaining time (sec): 207
SCM is in safe mode. Will retry in 1 sec. Remaining time (sec): 206
SCM is out of safe mode.
No OM HA service, no need to wait
key1 has been successfully created with options Options{cipher='AES/CTR/NoPadding', bitLength=128, description='null', attributes=null}.
org.apache.hadoop.crypto.key.kms.LoadBalancingKMSClientProvider@662b4c69 has been updated.
==============================================================================
Kinit :: Kinit test user                                                      
==============================================================================
Kinit                                                                 | PASS |
------------------------------------------------------------------------------
Kinit :: Kinit test user                                              | PASS |
1 test, 1 passed, 0 failed
==============================================================================
Output:  /tmp/smoketest/ozonesecure/result/robot-1.xml
"RootCARotationManager-Active" #271 daemon prio=5 os_prio=0 cpu=13.56ms elapsed=63.16s tid=0x00007f1dc8bb2000 nid=0x2a1 waiting on condition  [0x00007f1d85f81000]
jps | grep StorageContainerManagerStarter |  sed 's/StorageContainerManagerStarter//' | xargs | xargs -I {} jstack {} | grep 'RootCARotationManager-Active' succeed
Certificate id: 2
  [0]         Version: 3
         SerialNumber: 2
             IssuerDN: CN=scm-2@scm,OU=f49b8113-4c74-4160-9266-0aedc75203b0,O=CID-09b63179-9d17-4a84-8d00-8004152f2505
           Start Date: Tue Jul 25 09:24:16 UTC 2023
           Final Date: Tue Jul 25 09:27:16 UTC 2023
            SubjectDN: CN=scm-2@scm,OU=f49b8113-4c74-4160-9266-0aedc75203b0,O=CID-09b63179-9d17-4a84-8d00-8004152f2505
           Public Key: RSA Public Key [7b:77:de:a3:9c:80:31:aa:aa:db:35:4a:07:08:9b:aa:42:54:ab:6b],[56:66:d1:a4]
        modulus: a0d63398b9051efd5f68fa72efcd5e0e90967e794ada519d6cec1b587618976cfc8d280e0eb2bfaec4616c88fa4a7854632467d0c5220d4a9a8270696912b9bd6d21403b92c434e1c0e2978c643d43e7f18fb3c56580c322b21e119a0863034868dcd5c4975ecb6c69b32cba48c9404335d498ab37a10bd6e31e5302745857d805613c113a6755af248302d920ad6aaa930e555d884e009656ece889509deb1b9d8cdf73676bc9a782d0322c6f75ff5056c620769407903c957d8c8eeff9c039edb6255ed152b7aa83ceda9cf91f4ad44eaa4006fa1abdd8045fe7d069b6fc028782e7e3686d943d77318f893be6310e0e8aa1b8a6ade34ed51edb7b0780cf4b
public exponent: 10001

  Signature Algorithm: SHA256withRSA
            Signature: 8d27c8fb3bb9bd889e70b78dca19b6e811c070a7
                       e276f8e63aefcd63012ecfb27fb91dce59be390a
                       467ec7ad3f7f724b6f597ff9ca0d7a98fbe64764
                       50dd773c04846421d27089f445cc76ed267ba2db
                       2a3fd927369e91af415a016426f7b255e5d2335d
                       63e64e11a91305adbf77c2bef7bc2a9bbc70f47d
                       8f8da4de6f3152bffd22ad502e2f6f614ac3a41b
                       3021e495c5a7ba97f1eda0b6b16db2df75e683ee
                       4ff3fc97a2a671c6eb29dad58b143b2faa6c90c2
                       af888de4861db27d952f7423e008a1db2f5a6e46
                       244f375841d44f920acd66532266346d5afbed16
                       7c77b138f2bfa0531a660f8d64960922256359cd
                       7dc7aace8216011ed678cee7809f9c49
       Extensions: 
                       critical(true) BasicConstraints: isCa(true)
                       critical(true) KeyUsage: 0x6
                       critical(false) 2.5.29.17 value = Sequence
    Tagged [7] IMPLICIT 
        DER Octet String[4] 


ozone admin cert info 2 succeed
/data/metadata/dn/certs/ROOTCA-2.crt
find /data/metadata/dn/certs/ROOTCA-2.crt succeed
/data/metadata/om/certs/ROOTCA-2.crt
find /data/metadata/om/certs/ROOTCA-2.crt succeed
==============================================================================
Root-Ca-Rotation-Client-Checks :: Generate data                               
==============================================================================
Create a volume and bucket                                            | PASS |
------------------------------------------------------------------------------
Create key                                                            | PASS |
------------------------------------------------------------------------------
Read data from previously created key                                 | PASS |
------------------------------------------------------------------------------
Root-Ca-Rotation-Client-Checks :: Generate data                       | PASS |
3 tests, 3 passed, 0 failed
==============================================================================
Output:  /tmp/smoketest/ozonesecure/result/robot-2.xml
Certificate not found
ozone admin cert info 3 hasn't succeed yet
Certificate not found
ozone admin cert info 3 hasn't succeed yet
Certificate not found
ozone admin cert info 3 hasn't succeed yet
Certificate id: 3
  [0]         Version: 3
         SerialNumber: 3
             IssuerDN: CN=scm-3@scm,OU=f49b8113-4c74-4160-9266-0aedc75203b0,O=CID-09b63179-9d17-4a84-8d00-8004152f2505
           Start Date: Tue Jul 25 09:25:46 UTC 2023
           Final Date: Tue Jul 25 09:28:46 UTC 2023
            SubjectDN: CN=scm-3@scm,OU=f49b8113-4c74-4160-9266-0aedc75203b0,O=CID-09b63179-9d17-4a84-8d00-8004152f2505
           Public Key: RSA Public Key [22:bc:7d:34:d4:43:e4:47:bb:e5:dc:71:4d:f2:a2:9d:8a:8f:1d:b6],[56:66:d1:a4]
        modulus: f72ec8f5798cd2740bb64769d560075aab2c56859654fb66170e312a6d734c452961cbe9d88b9665163249e1ceccb6d30f22c4013738ab358366f65a676129c62923c8ec198e985dc629785e42bf9c3dcf4f46de539b5b8821b7cd3ee7ab3f6b66e0a015fb97d301e6cec24405e41f79f9e5e686794bae4c8a79fc96701518c9369245903eb0837942bfa6e6726a67cd4a086490993a198cf1e3a4272eeb43cca4a02363be465802f76dc020a0ea85f0231ab93283c5cb77e2e440539f33d3d36d4b84ebc8a357c58421926430ee62ddcc4e61e4d8c9a6c0c75d618ac820b68f602c809360bbde98ed288c43080b013f14570fa0d8b70a6c2b06cdec5c4c473f
public exponent: 10001

  Signature Algorithm: SHA256withRSA
            Signature: 258409f0f08990305531ec9b9fadbb19507b3c5d
                       70a07d9db82721fc4086615070725eb44de4793b
                       b0eeee0afa0ae4324d5c92d7f90ec412cd9c1aad
                       a507c8962edeea4d4dfc717a99b34bc4de4c02bc
                       44bfcd10a1854a611642f3e1461b8aa2301fca10
                       66bae85ddb357a1332d06b1522b4bb554f832a66
                       2e1477852c933b52f3c566a64177ad2c160f2de2
                       70c8d3808d5b63c00b37c241c4995ab99c779c3f
                       d4e75bb1bb0977779a03b76c6279f79216d255b2
                       3c7b0b943e5f99220fec547ac401aab741d4ac79
                       7bc699c15b9dc00d1c96d3373dfbf209c2a3a4b6
                       45a98507bce0265fbc1c931ffe6b3fefbed286c9
                       d751142018f33f0ee1c06dc3828d711b
       Extensions: 
                       critical(true) BasicConstraints: isCa(true)
                       critical(true) KeyUsage: 0x6
                       critical(false) 2.5.29.17 value = Sequence
    Tagged [7] IMPLICIT 
        DER Octet String[4] 


ozone admin cert info 3 succeed
/data/metadata/om/certs/ROOTCA-3.crt
find /data/metadata/om/certs/ROOTCA-3.crt succeed
==============================================================================
Root-Ca-Rotation-Client-Checks :: Generate data                               
==============================================================================
Create a volume and bucket                                            | PASS |
------------------------------------------------------------------------------
Create key                                                            | PASS |
------------------------------------------------------------------------------
Read data from previously created key                                 | PASS |
------------------------------------------------------------------------------
Root-Ca-Rotation-Client-Checks :: Generate data                       | PASS |
3 tests, 3 passed, 0 failed
==============================================================================
Output:  /tmp/smoketest/ozonesecure/result/robot-3.xml
==============================================================================
Root-Ca-Rotation :: Smoketest ozone cluster startup                           
==============================================================================
Verify root CA rotation metrics                                       | PASS |
------------------------------------------------------------------------------
Root-Ca-Rotation :: Smoketest ozone cluster startup                   | PASS |
1 test, 1 passed, 0 failed
==============================================================================
Output:  /tmp/smoketest/ozonesecure/result/robot-4.xml
Stopping ozonesecure_scm_1      ... 
Stopping ozonesecure_s3g_1      ... 
Stopping ozonesecure_kdc_1      ... 
Stopping ozonesecure_recon_1    ... 
Stopping ozonesecure_datanode_3 ... 
Stopping ozonesecure_datanode_2 ... 
Stopping ozonesecure_datanode_1 ... 
Stopping ozonesecure_kms_1      ... 
Stopping ozonesecure_httpfs_1   ... 
Stopping ozonesecure_om_1       ... 
Stopping ozonesecure_kdc_1      ... done
Stopping ozonesecure_kms_1      ... done
Stopping ozonesecure_httpfs_1   ... done
Stopping ozonesecure_s3g_1      ... done
Stopping ozonesecure_recon_1    ... done
Stopping ozonesecure_datanode_1 ... done
Stopping ozonesecure_datanode_3 ... done
Stopping ozonesecure_datanode_2 ... done
Stopping ozonesecure_om_1       ... done
Stopping ozonesecure_scm_1      ... done
Removing ozonesecure_scm_1      ... 
Removing ozonesecure_s3g_1      ... 
Removing ozonesecure_kdc_1      ... 
Removing ozonesecure_recon_1    ... 
Removing ozonesecure_datanode_3 ... 
Removing ozonesecure_datanode_2 ... 
Removing ozonesecure_datanode_1 ... 
Removing ozonesecure_kms_1      ... 
Removing ozonesecure_httpfs_1   ... 
Removing ozonesecure_om_1       ... 
Removing ozonesecure_datanode_3 ... done
Removing ozonesecure_recon_1    ... done
Removing ozonesecure_s3g_1      ... done
Removing ozonesecure_scm_1      ... done
Removing ozonesecure_httpfs_1   ... done
Removing ozonesecure_kms_1      ... done
Removing ozonesecure_datanode_2 ... done
Removing ozonesecure_datanode_1 ... done
Removing ozonesecure_kdc_1      ... done
Removing ozonesecure_om_1       ... done
Removing network ozonesecure_default
Log:     /home/runner/work/ozone/ozone/hadoop-ozone/dist/target/ozone-1.4.0-SNAPSHOT/compose/ozonesecure/result/log.html
Report:  /home/runner/work/ozone/ozone/hadoop-ozone/dist/target/ozone-1.4.0-SNAPSHOT/compose/ozonesecure/result/report.html
Removing network ozonesecure_default
Network ozonesecure_default not found.
Output:  /home/runner/work/ozone/ozone/hadoop-ozone/dist/target/ozone-1.4.0-SNAPSHOT/compose/result/ozonesecure-root-ca-rotation.xml
removed 'ozonesecure/result/robot-1.xml'
removed 'ozonesecure/result/robot-2.xml'
removed 'ozonesecure/result/robot-3.xml'
removed 'ozonesecure/result/robot-4.xml'
removed 'ozonesecure/result/log.html'
removed 'ozonesecure/result/report.html'
renamed 'ozonesecure/result/dn-audit-5b056a6cddf6.log' -> '/home/runner/work/ozone/ozone/hadoop-ozone/dist/target/ozone-1.4.0-SNAPSHOT/compose/result/ozonesecure/root-ca-rotation/dn-audit-5b056a6cddf6.log'
renamed 'ozonesecure/result/dn-audit-9e9650bf99d9.log' -> '/home/runner/work/ozone/ozone/hadoop-ozone/dist/target/ozone-1.4.0-SNAPSHOT/compose/result/ozonesecure/root-ca-rotation/dn-audit-9e9650bf99d9.log'
renamed 'ozonesecure/result/dn-audit-ecf5e1f0cc1a.log' -> '/home/runner/work/ozone/ozone/hadoop-ozone/dist/target/ozone-1.4.0-SNAPSHOT/compose/result/ozonesecure/root-ca-rotation/dn-audit-ecf5e1f0cc1a.log'
renamed 'ozonesecure/result/docker-ozonesecure_datanode_1.log' -> '/home/runner/work/ozone/ozone/hadoop-ozone/dist/target/ozone-1.4.0-SNAPSHOT/compose/result/ozonesecure/root-ca-rotation/docker-ozonesecure_datanode_1.log'
renamed 'ozonesecure/result/docker-ozonesecure_datanode_2.log' -> '/home/runner/work/ozone/ozone/hadoop-ozone/dist/target/ozone-1.4.0-SNAPSHOT/compose/result/ozonesecure/root-ca-rotation/docker-ozonesecure_datanode_2.log'
renamed 'ozonesecure/result/docker-ozonesecure_datanode_3.log' -> '/home/runner/work/ozone/ozone/hadoop-ozone/dist/target/ozone-1.4.0-SNAPSHOT/compose/result/ozonesecure/root-ca-rotation/docker-ozonesecure_datanode_3.log'
renamed 'ozonesecure/result/docker-ozonesecure_httpfs_1.log' -> '/home/runner/work/ozone/ozone/hadoop-ozone/dist/target/ozone-1.4.0-SNAPSHOT/compose/result/ozonesecure/root-ca-rotation/docker-ozonesecure_httpfs_1.log'
renamed 'ozonesecure/result/docker-ozonesecure_kdc_1.log' -> '/home/runner/work/ozone/ozone/hadoop-ozone/dist/target/ozone-1.4.0-SNAPSHOT/compose/result/ozonesecure/root-ca-rotation/docker-ozonesecure_kdc_1.log'
renamed 'ozonesecure/result/docker-ozonesecure_kms_1.log' -> '/home/runner/work/ozone/ozone/hadoop-ozone/dist/target/ozone-1.4.0-SNAPSHOT/compose/result/ozonesecure/root-ca-rotation/docker-ozonesecure_kms_1.log'
renamed 'ozonesecure/result/docker-ozonesecure_om_1.log' -> '/home/runner/work/ozone/ozone/hadoop-ozone/dist/target/ozone-1.4.0-SNAPSHOT/compose/result/ozonesecure/root-ca-rotation/docker-ozonesecure_om_1.log'
renamed 'ozonesecure/result/docker-ozonesecure_recon_1.log' -> '/home/runner/work/ozone/ozone/hadoop-ozone/dist/target/ozone-1.4.0-SNAPSHOT/compose/result/ozonesecure/root-ca-rotation/docker-ozonesecure_recon_1.log'
renamed 'ozonesecure/result/docker-ozonesecure_s3g_1.log' -> '/home/runner/work/ozone/ozone/hadoop-ozone/dist/target/ozone-1.4.0-SNAPSHOT/compose/result/ozonesecure/root-ca-rotation/docker-ozonesecure_s3g_1.log'
renamed 'ozonesecure/result/docker-ozonesecure_scm_1.log' -> '/home/runner/work/ozone/ozone/hadoop-ozone/dist/target/ozone-1.4.0-SNAPSHOT/compose/result/ozonesecure/root-ca-rotation/docker-ozonesecure_scm_1.log'
renamed 'ozonesecure/result/kms-audit.log' -> '/home/runner/work/ozone/ozone/hadoop-ozone/dist/target/ozone-1.4.0-SNAPSHOT/compose/result/ozonesecure/root-ca-rotation/kms-audit.log'
renamed 'ozonesecure/result/om-audit-om.log' -> '/home/runner/work/ozone/ozone/hadoop-ozone/dist/target/ozone-1.4.0-SNAPSHOT/compose/result/ozonesecure/root-ca-rotation/om-audit-om.log'
renamed 'ozonesecure/result/s3g-audit-s3g.log' -> '/home/runner/work/ozone/ozone/hadoop-ozone/dist/target/ozone-1.4.0-SNAPSHOT/compose/result/ozonesecure/root-ca-rotation/s3g-audit-s3g.log'
renamed 'ozonesecure/result/scm-audit-scm.log' -> '/home/runner/work/ozone/ozone/hadoop-ozone/dist/target/ozone-1.4.0-SNAPSHOT/compose/result/ozonesecure/root-ca-rotation/scm-audit-scm.log'
Exception in thread "main" java.net.SocketException: Socket closed
	at java.base/java.net.PlainSocketImpl.socketAccept(Native Method)
	at java.base/java.net.AbstractPlainSocketImpl.accept(AbstractPlainSocketImpl.java:474)
	at java.base/java.net.ServerSocket.implAccept(ServerSocket.java:565)
	at java.base/java.net.ServerSocket.accept(ServerSocket.java:533)
	at org.apache.hadoop.test.JacocoServer.main(JacocoServer.java:60)
Log:     /home/runner/work/ozone/ozone/hadoop-ozone/dist/target/ozone-1.4.0-SNAPSHOT/compose/result/log.html
Report:  /home/runner/work/ozone/ozone/hadoop-ozone/dist/target/ozone-1.4.0-SNAPSHOT/compose/result/report.html
