rm: cannot remove '/home/runner/work/ozone/ozone/hadoop-ozone/dist/target/ozone-1.4.0-SNAPSHOT/compose/result/*': No such file or directory
Executing test ozonesecure-ha/test-root-ca-rotation.sh
Removing network ozonesecure-ha_ozone_net
Network ozonesecure-ha_ozone_net not found.
Creating network "ozonesecure-ha_ozone_net" with the default driver
Pulling s3g (apache/ozone-runner:20230615-1)...
20230615-1: Pulling from apache/ozone-runner
Digest: sha256:46c59e4f69c94a8f886d621c9f1898fda8cc4d5de59059c6c74175ffa4718474
Status: Downloaded newer image for apache/ozone-runner:20230615-1
Pulling kdc (apache/ozone-testkrb5:20230318-1)...
20230318-1: Pulling from apache/ozone-testkrb5
Digest: sha256:6a7eeac1ebd12e8968e34ab93fb8d21f2b92ae52bc0a85b662a2d41065f05d3a
Status: Downloaded newer image for apache/ozone-testkrb5:20230318-1
Pulling kms (apache/hadoop:3.3.6)...
3.3.6: Pulling from apache/hadoop
Digest: sha256:62a22627f35a1bbf29c721192c02fe311c93749cc43d51df01792b2ac40ff144
Status: Downloaded newer image for apache/hadoop:3.3.6
Creating ozonesecure-ha_kdc_1 ... 
Creating ozonesecure-ha_kms_1 ... 
Creating ozonesecure-ha_datanode2_1 ... 
Creating ozonesecure-ha_datanode3_1 ... 
Creating ozonesecure-ha_scm1.org_1  ... 
Creating ozonesecure-ha_s3g_1       ... 
Creating ozonesecure-ha_om2_1       ... 
Creating ozonesecure-ha_om3_1       ... 
Creating ozonesecure-ha_datanode1_1 ... 
Creating ozonesecure-ha_scm3.org_1  ... 
Creating ozonesecure-ha_httpfs_1    ... 
Creating ozonesecure-ha_scm2.org_1  ... 
Creating ozonesecure-ha_om1_1       ... 
Creating ozonesecure-ha_recon_1     ... 
Creating ozonesecure-ha_kdc_1       ... done
Creating ozonesecure-ha_datanode2_1 ... done
Creating ozonesecure-ha_kms_1       ... done
Creating ozonesecure-ha_datanode3_1 ... done
Creating ozonesecure-ha_s3g_1       ... done
Creating ozonesecure-ha_recon_1     ... done
Creating ozonesecure-ha_datanode1_1 ... done
Creating ozonesecure-ha_httpfs_1    ... done
Creating ozonesecure-ha_om2_1       ... done
Creating ozonesecure-ha_scm1.org_1  ... done
Creating ozonesecure-ha_scm3.org_1  ... done
Creating ozonesecure-ha_scm2.org_1  ... done
Creating ozonesecure-ha_om1_1       ... done
Creating ozonesecure-ha_om3_1       ... done
Port 88 is available on kdc
Port 9860 is not available on scm1.org yet
Port 9860 is not available on scm1.org yet
Port 9860 is not available on scm1.org yet
Port 9860 is not available on scm1.org yet
Port 9860 is not available on scm1.org yet
Port 9860 is not available on scm1.org yet
Port 9860 is not available on scm1.org yet
Port 9860 is not available on scm1.org yet
Port 9860 is not available on scm1.org yet
Port 9860 is not available on scm1.org yet
Port 9860 is not available on scm1.org yet
Port 9860 is not available on scm1.org yet
Port 9860 is not available on scm1.org yet
Port 9860 is not available on scm1.org yet
Port 9860 is not available on scm1.org yet
Port 9860 is not available on scm1.org yet
Port 9860 is not available on scm1.org yet
Port 9860 is not available on scm1.org yet
Port 9860 is available on scm1.org
SCM is in safe mode. Will retry in 1 sec. Remaining time (sec): 231
SCM is in safe mode. Will retry in 1 sec. Remaining time (sec): 230
SCM is in safe mode. Will retry in 1 sec. Remaining time (sec): 229
SCM is in safe mode. Will retry in 1 sec. Remaining time (sec): 228
SCM is in safe mode. Will retry in 1 sec. Remaining time (sec): 227
SCM is in safe mode. Will retry in 1 sec. Remaining time (sec): 226
SCM is in safe mode. Will retry in 1 sec. Remaining time (sec): 225
SCM is in safe mode. Will retry in 1 sec. Remaining time (sec): 224
SCM is in safe mode. Will retry in 1 sec. Remaining time (sec): 223
SCM is in safe mode. Will retry in 1 sec. Remaining time (sec): 222
SCM is in safe mode. Will retry in 1 sec. Remaining time (sec): 221
SCM is in safe mode. Will retry in 1 sec. Remaining time (sec): 220
SCM is in safe mode. Will retry in 1 sec. Remaining time (sec): 219
SCM is in safe mode. Will retry in 1 sec. Remaining time (sec): 218
SCM is in safe mode. Will retry in 1 sec. Remaining time (sec): 217
SCM is in safe mode. Will retry in 1 sec. Remaining time (sec): 216
SCM is in safe mode. Will retry in 1 sec. Remaining time (sec): 215
SCM is in safe mode. Will retry in 1 sec. Remaining time (sec): 214
SCM is in safe mode. Will retry in 1 sec. Remaining time (sec): 213
SCM is in safe mode. Will retry in 1 sec. Remaining time (sec): 212
SCM is in safe mode. Will retry in 1 sec. Remaining time (sec): 211
SCM is in safe mode. Will retry in 1 sec. Remaining time (sec): 210
SCM is in safe mode. Will retry in 1 sec. Remaining time (sec): 209
SCM is in safe mode. Will retry in 1 sec. Remaining time (sec): 208
SCM is in safe mode. Will retry in 1 sec. Remaining time (sec): 207
SCM is in safe mode. Will retry in 1 sec. Remaining time (sec): 206
SCM is in safe mode. Will retry in 1 sec. Remaining time (sec): 205
SCM is in safe mode. Will retry in 1 sec. Remaining time (sec): 204
SCM is in safe mode. Will retry in 1 sec. Remaining time (sec): 203
SCM is in safe mode. Will retry in 1 sec. Remaining time (sec): 202
SCM is in safe mode. Will retry in 1 sec. Remaining time (sec): 201
SCM is in safe mode. Will retry in 1 sec. Remaining time (sec): 200
SCM is in safe mode. Will retry in 1 sec. Remaining time (sec): 199
SCM is in safe mode. Will retry in 1 sec. Remaining time (sec): 198
SCM is in safe mode. Will retry in 1 sec. Remaining time (sec): 197
SCM is in safe mode. Will retry in 1 sec. Remaining time (sec): 196
SCM is in safe mode. Will retry in 1 sec. Remaining time (sec): 195
SCM is in safe mode. Will retry in 1 sec. Remaining time (sec): 194
SCM is in safe mode. Will retry in 1 sec. Remaining time (sec): 193
SCM is in safe mode. Will retry in 1 sec. Remaining time (sec): 192
SCM is in safe mode. Will retry in 1 sec. Remaining time (sec): 191
SCM is in safe mode. Will retry in 1 sec. Remaining time (sec): 190
SCM is in safe mode. Will retry in 1 sec. Remaining time (sec): 189
SCM is in safe mode. Will retry in 1 sec. Remaining time (sec): 188
SCM is in safe mode. Will retry in 1 sec. Remaining time (sec): 187
SCM is in safe mode. Will retry in 1 sec. Remaining time (sec): 186
SCM is in safe mode. Will retry in 1 sec. Remaining time (sec): 185
SCM is in safe mode. Will retry in 1 sec. Remaining time (sec): 184
SCM is in safe mode. Will retry in 1 sec. Remaining time (sec): 183
SCM is in safe mode. Will retry in 1 sec. Remaining time (sec): 182
SCM is in safe mode. Will retry in 1 sec. Remaining time (sec): 181
SCM is in safe mode. Will retry in 1 sec. Remaining time (sec): 180
SCM is in safe mode. Will retry in 1 sec. Remaining time (sec): 179
SCM is in safe mode. Will retry in 1 sec. Remaining time (sec): 178
SCM is in safe mode. Will retry in 1 sec. Remaining time (sec): 177
SCM is in safe mode. Will retry in 1 sec. Remaining time (sec): 176
SCM is in safe mode. Will retry in 1 sec. Remaining time (sec): 175
SCM is in safe mode. Will retry in 1 sec. Remaining time (sec): 174
SCM is in safe mode. Will retry in 1 sec. Remaining time (sec): 173
SCM is in safe mode. Will retry in 1 sec. Remaining time (sec): 172
SCM is in safe mode. Will retry in 1 sec. Remaining time (sec): 171
SCM is in safe mode. Will retry in 1 sec. Remaining time (sec): 170
SCM is in safe mode. Will retry in 1 sec. Remaining time (sec): 169
SCM is in safe mode. Will retry in 1 sec. Remaining time (sec): 168
SCM is in safe mode. Will retry in 1 sec. Remaining time (sec): 167
SCM is in safe mode. Will retry in 1 sec. Remaining time (sec): 166
SCM is in safe mode. Will retry in 1 sec. Remaining time (sec): 165
SCM is in safe mode. Will retry in 1 sec. Remaining time (sec): 164
SCM is in safe mode. Will retry in 1 sec. Remaining time (sec): 163
SCM is in safe mode. Will retry in 1 sec. Remaining time (sec): 162
SCM is in safe mode. Will retry in 1 sec. Remaining time (sec): 161
SCM is in safe mode. Will retry in 1 sec. Remaining time (sec): 160
SCM is in safe mode. Will retry in 1 sec. Remaining time (sec): 159
SCM is in safe mode. Will retry in 1 sec. Remaining time (sec): 158
SCM is in safe mode. Will retry in 1 sec. Remaining time (sec): 157
SCM is in safe mode. Will retry in 1 sec. Remaining time (sec): 156
SCM is in safe mode. Will retry in 1 sec. Remaining time (sec): 155
SCM is in safe mode. Will retry in 1 sec. Remaining time (sec): 154
SCM is in safe mode. Will retry in 1 sec. Remaining time (sec): 153
SCM is in safe mode. Will retry in 1 sec. Remaining time (sec): 151
SCM is in safe mode. Will retry in 1 sec. Remaining time (sec): 150
SCM is in safe mode. Will retry in 1 sec. Remaining time (sec): 149
SCM is in safe mode. Will retry in 1 sec. Remaining time (sec): 148
SCM is in safe mode. Will retry in 1 sec. Remaining time (sec): 147
SCM is in safe mode. Will retry in 1 sec. Remaining time (sec): 146
SCM is in safe mode. Will retry in 1 sec. Remaining time (sec): 145
SCM is in safe mode. Will retry in 1 sec. Remaining time (sec): 144
SCM is in safe mode. Will retry in 1 sec. Remaining time (sec): 143
SCM is in safe mode. Will retry in 1 sec. Remaining time (sec): 142
SCM is in safe mode. Will retry in 1 sec. Remaining time (sec): 141
SCM is in safe mode. Will retry in 1 sec. Remaining time (sec): 140
SCM is in safe mode. Will retry in 1 sec. Remaining time (sec): 139
SCM is in safe mode. Will retry in 1 sec. Remaining time (sec): 138
SCM is in safe mode. Will retry in 1 sec. Remaining time (sec): 137
SCM is in safe mode. Will retry in 1 sec. Remaining time (sec): 136
SCM is in safe mode. Will retry in 1 sec. Remaining time (sec): 135
SCM is in safe mode. Will retry in 1 sec. Remaining time (sec): 134
SCM is in safe mode. Will retry in 1 sec. Remaining time (sec): 133
SCM is in safe mode. Will retry in 1 sec. Remaining time (sec): 132
SCM is in safe mode. Will retry in 1 sec. Remaining time (sec): 131
SCM is in safe mode. Will retry in 1 sec. Remaining time (sec): 130
SCM is in safe mode. Will retry in 1 sec. Remaining time (sec): 129
SCM is in safe mode. Will retry in 1 sec. Remaining time (sec): 128
SCM is in safe mode. Will retry in 1 sec. Remaining time (sec): 127
SCM is in safe mode. Will retry in 1 sec. Remaining time (sec): 126
SCM is in safe mode. Will retry in 1 sec. Remaining time (sec): 125
SCM is in safe mode. Will retry in 1 sec. Remaining time (sec): 124
SCM is in safe mode. Will retry in 1 sec. Remaining time (sec): 123
SCM is in safe mode. Will retry in 1 sec. Remaining time (sec): 122
SCM is in safe mode. Will retry in 1 sec. Remaining time (sec): 121
SCM is in safe mode. Will retry in 1 sec. Remaining time (sec): 120
SCM is in safe mode. Will retry in 1 sec. Remaining time (sec): 119
SCM is in safe mode. Will retry in 1 sec. Remaining time (sec): 118
SCM is in safe mode. Will retry in 1 sec. Remaining time (sec): 117
SCM is in safe mode. Will retry in 1 sec. Remaining time (sec): 116
SCM is in safe mode. Will retry in 1 sec. Remaining time (sec): 115
SCM is in safe mode. Will retry in 1 sec. Remaining time (sec): 114
SCM is in safe mode. Will retry in 1 sec. Remaining time (sec): 113
SCM is in safe mode. Will retry in 1 sec. Remaining time (sec): 112
SCM is in safe mode. Will retry in 1 sec. Remaining time (sec): 111
SCM is in safe mode. Will retry in 1 sec. Remaining time (sec): 110
SCM is in safe mode. Will retry in 1 sec. Remaining time (sec): 109
SCM is in safe mode. Will retry in 1 sec. Remaining time (sec): 108
SCM is in safe mode. Will retry in 1 sec. Remaining time (sec): 107
SCM is in safe mode. Will retry in 1 sec. Remaining time (sec): 106
SCM is in safe mode. Will retry in 1 sec. Remaining time (sec): 105
SCM is in safe mode. Will retry in 1 sec. Remaining time (sec): 104
SCM is in safe mode. Will retry in 1 sec. Remaining time (sec): 103
SCM is in safe mode. Will retry in 1 sec. Remaining time (sec): 102
SCM is in safe mode. Will retry in 1 sec. Remaining time (sec): 101
SCM is in safe mode. Will retry in 1 sec. Remaining time (sec): 100
SCM is in safe mode. Will retry in 1 sec. Remaining time (sec): 98
SCM is in safe mode. Will retry in 1 sec. Remaining time (sec): 97
SCM is in safe mode. Will retry in 1 sec. Remaining time (sec): 96
SCM is in safe mode. Will retry in 1 sec. Remaining time (sec): 95
SCM is in safe mode. Will retry in 1 sec. Remaining time (sec): 94
SCM is in safe mode. Will retry in 1 sec. Remaining time (sec): 93
SCM is in safe mode. Will retry in 1 sec. Remaining time (sec): 92
SCM is in safe mode. Will retry in 1 sec. Remaining time (sec): 91
SCM is in safe mode. Will retry in 1 sec. Remaining time (sec): 90
SCM is in safe mode. Will retry in 1 sec. Remaining time (sec): 89
SCM is in safe mode. Will retry in 1 sec. Remaining time (sec): 88
SCM is in safe mode. Will retry in 1 sec. Remaining time (sec): 87
SCM is in safe mode. Will retry in 1 sec. Remaining time (sec): 86
SCM is in safe mode. Will retry in 1 sec. Remaining time (sec): 85
SCM is in safe mode. Will retry in 1 sec. Remaining time (sec): 84
SCM is in safe mode. Will retry in 1 sec. Remaining time (sec): 83
SCM is in safe mode. Will retry in 1 sec. Remaining time (sec): 82
SCM is in safe mode. Will retry in 1 sec. Remaining time (sec): 81
SCM is in safe mode. Will retry in 1 sec. Remaining time (sec): 80
SCM is in safe mode. Will retry in 1 sec. Remaining time (sec): 79
SCM is in safe mode. Will retry in 1 sec. Remaining time (sec): 78
SCM is in safe mode. Will retry in 1 sec. Remaining time (sec): 77
SCM is in safe mode. Will retry in 1 sec. Remaining time (sec): 76
SCM is in safe mode. Will retry in 1 sec. Remaining time (sec): 75
SCM is in safe mode. Will retry in 1 sec. Remaining time (sec): 74
SCM is in safe mode. Will retry in 1 sec. Remaining time (sec): 73
SCM is in safe mode. Will retry in 1 sec. Remaining time (sec): 72
SCM is in safe mode. Will retry in 1 sec. Remaining time (sec): 71
SCM is in safe mode. Will retry in 1 sec. Remaining time (sec): 70
SCM is in safe mode. Will retry in 1 sec. Remaining time (sec): 69
SCM is in safe mode. Will retry in 1 sec. Remaining time (sec): 68
SCM is in safe mode. Will retry in 1 sec. Remaining time (sec): 67
SCM is in safe mode. Will retry in 1 sec. Remaining time (sec): 65
SCM is in safe mode. Will retry in 1 sec. Remaining time (sec): 64
SCM is in safe mode. Will retry in 1 sec. Remaining time (sec): 63
SCM is in safe mode. Will retry in 1 sec. Remaining time (sec): 62
SCM is in safe mode. Will retry in 1 sec. Remaining time (sec): 61
SCM is in safe mode. Will retry in 1 sec. Remaining time (sec): 60
SCM is in safe mode. Will retry in 1 sec. Remaining time (sec): 59
SCM is in safe mode. Will retry in 1 sec. Remaining time (sec): 58
SCM is in safe mode. Will retry in 1 sec. Remaining time (sec): 57
SCM is in safe mode. Will retry in 1 sec. Remaining time (sec): 56
SCM is in safe mode. Will retry in 1 sec. Remaining time (sec): 55
SCM is in safe mode. Will retry in 1 sec. Remaining time (sec): 54
SCM is in safe mode. Will retry in 1 sec. Remaining time (sec): 53
SCM is in safe mode. Will retry in 1 sec. Remaining time (sec): 52
SCM is in safe mode. Will retry in 1 sec. Remaining time (sec): 51
SCM is in safe mode. Will retry in 1 sec. Remaining time (sec): 50
SCM is in safe mode. Will retry in 1 sec. Remaining time (sec): 49
SCM is in safe mode. Will retry in 1 sec. Remaining time (sec): 48
SCM is in safe mode. Will retry in 1 sec. Remaining time (sec): 47
SCM is in safe mode. Will retry in 1 sec. Remaining time (sec): 46
SCM is in safe mode. Will retry in 1 sec. Remaining time (sec): 45
SCM is in safe mode. Will retry in 1 sec. Remaining time (sec): 44
SCM is in safe mode. Will retry in 1 sec. Remaining time (sec): 43
SCM is in safe mode. Will retry in 1 sec. Remaining time (sec): 42
SCM is in safe mode. Will retry in 1 sec. Remaining time (sec): 41
SCM is in safe mode. Will retry in 1 sec. Remaining time (sec): 40
SCM is in safe mode. Will retry in 1 sec. Remaining time (sec): 39
SCM is in safe mode. Will retry in 1 sec. Remaining time (sec): 38
SCM is in safe mode. Will retry in 1 sec. Remaining time (sec): 37
SCM is in safe mode. Will retry in 1 sec. Remaining time (sec): 36
SCM is in safe mode. Will retry in 1 sec. Remaining time (sec): 35
SCM is in safe mode. Will retry in 1 sec. Remaining time (sec): 34
SCM is in safe mode. Will retry in 1 sec. Remaining time (sec): 33
SCM is in safe mode. Will retry in 1 sec. Remaining time (sec): 32
SCM is in safe mode. Will retry in 1 sec. Remaining time (sec): 31
SCM is in safe mode. Will retry in 1 sec. Remaining time (sec): 30
SCM is in safe mode. Will retry in 1 sec. Remaining time (sec): 29
SCM is in safe mode. Will retry in 1 sec. Remaining time (sec): 28
SCM is in safe mode. Will retry in 1 sec. Remaining time (sec): 27
SCM is in safe mode. Will retry in 1 sec. Remaining time (sec): 26
SCM is in safe mode. Will retry in 1 sec. Remaining time (sec): 25
SCM is in safe mode. Will retry in 1 sec. Remaining time (sec): 24
SCM is in safe mode. Will retry in 1 sec. Remaining time (sec): 23
SCM is in safe mode. Will retry in 1 sec. Remaining time (sec): 22
SCM is in safe mode. Will retry in 1 sec. Remaining time (sec): 21
SCM is in safe mode. Will retry in 1 sec. Remaining time (sec): 20
SCM is in safe mode. Will retry in 1 sec. Remaining time (sec): 19
SCM is in safe mode. Will retry in 1 sec. Remaining time (sec): 18
SCM is in safe mode. Will retry in 1 sec. Remaining time (sec): 17
SCM is in safe mode. Will retry in 1 sec. Remaining time (sec): 16
SCM is in safe mode. Will retry in 1 sec. Remaining time (sec): 15
SCM is in safe mode. Will retry in 1 sec. Remaining time (sec): 14
SCM is in safe mode. Will retry in 1 sec. Remaining time (sec): 13
SCM is in safe mode. Will retry in 1 sec. Remaining time (sec): 12
SCM is in safe mode. Will retry in 1 sec. Remaining time (sec): 11
SCM is in safe mode. Will retry in 1 sec. Remaining time (sec): 10
SCM is in safe mode. Will retry in 1 sec. Remaining time (sec): 9
SCM is in safe mode. Will retry in 1 sec. Remaining time (sec): 8
SCM is in safe mode. Will retry in 1 sec. Remaining time (sec): 7
SCM is in safe mode. Will retry in 1 sec. Remaining time (sec): 5
SCM is in safe mode. Will retry in 1 sec. Remaining time (sec): 4
SCM is in safe mode. Will retry in 1 sec. Remaining time (sec): 3
SCM is in safe mode. Will retry in 1 sec. Remaining time (sec): 2
SCM is in safe mode. Will retry in 1 sec. Remaining time (sec): 1
SCM is in safe mode. No more retries.
Safe mode is not ended within the timeout period.
Stopping ozonesecure-ha_recon_1     ... 
Stopping ozonesecure-ha_om1_1       ... 
Stopping ozonesecure-ha_scm2.org_1  ... 
Stopping ozonesecure-ha_httpfs_1    ... 
Stopping ozonesecure-ha_om3_1       ... 
Stopping ozonesecure-ha_datanode1_1 ... 
Stopping ozonesecure-ha_scm3.org_1  ... 
Stopping ozonesecure-ha_om2_1       ... 
Stopping ozonesecure-ha_s3g_1       ... 
Stopping ozonesecure-ha_scm1.org_1  ... 
Stopping ozonesecure-ha_datanode3_1 ... 
Stopping ozonesecure-ha_datanode2_1 ... 
Stopping ozonesecure-ha_kms_1       ... 
Stopping ozonesecure-ha_kdc_1       ... 
Stopping ozonesecure-ha_kdc_1       ... done
Stopping ozonesecure-ha_kms_1       ... done
Stopping ozonesecure-ha_httpfs_1    ... done
Stopping ozonesecure-ha_recon_1     ... done
Stopping ozonesecure-ha_s3g_1       ... done
Stopping ozonesecure-ha_om3_1       ... done
Stopping ozonesecure-ha_om1_1       ... done
Stopping ozonesecure-ha_om2_1       ... done
Stopping ozonesecure-ha_scm1.org_1  ... done
Stopping ozonesecure-ha_scm3.org_1  ... done
Stopping ozonesecure-ha_datanode3_1 ... done
Stopping ozonesecure-ha_datanode2_1 ... done
Stopping ozonesecure-ha_scm2.org_1  ... done
Stopping ozonesecure-ha_datanode1_1 ... done
Removing ozonesecure-ha_recon_1     ... 
Removing ozonesecure-ha_om1_1       ... 
Removing ozonesecure-ha_scm2.org_1  ... 
Removing ozonesecure-ha_httpfs_1    ... 
Removing ozonesecure-ha_om3_1       ... 
Removing ozonesecure-ha_datanode1_1 ... 
Removing ozonesecure-ha_scm3.org_1  ... 
Removing ozonesecure-ha_om2_1       ... 
Removing ozonesecure-ha_s3g_1       ... 
Removing ozonesecure-ha_scm1.org_1  ... 
Removing ozonesecure-ha_datanode3_1 ... 
Removing ozonesecure-ha_datanode2_1 ... 
Removing ozonesecure-ha_kms_1       ... 
Removing ozonesecure-ha_kdc_1       ... 
Removing ozonesecure-ha_datanode1_1 ... done
Removing ozonesecure-ha_scm3.org_1  ... done
Removing ozonesecure-ha_datanode3_1 ... done
Removing ozonesecure-ha_om1_1       ... done
Removing ozonesecure-ha_s3g_1       ... done
Removing ozonesecure-ha_scm1.org_1  ... done
Removing ozonesecure-ha_kms_1       ... done
Removing ozonesecure-ha_om2_1       ... done
Removing ozonesecure-ha_kdc_1       ... done
Removing ozonesecure-ha_httpfs_1    ... done
Removing ozonesecure-ha_scm2.org_1  ... done
Removing ozonesecure-ha_datanode2_1 ... done
Removing ozonesecure-ha_recon_1     ... done
Removing ozonesecure-ha_om3_1       ... done
Removing network ozonesecure-ha_ozone_net
ERROR: Test execution of ozonesecure-ha/test-root-ca-rotation.sh is FAILED!!!!
renamed 'ozonesecure-ha/result/dn-audit-268987bcb764.log' -> '/home/runner/work/ozone/ozone/hadoop-ozone/dist/target/ozone-1.4.0-SNAPSHOT/compose/result/ozonesecure-ha/root-ca-rotation/dn-audit-268987bcb764.log'
renamed 'ozonesecure-ha/result/dn-audit-64a7b43bfb9d.log' -> '/home/runner/work/ozone/ozone/hadoop-ozone/dist/target/ozone-1.4.0-SNAPSHOT/compose/result/ozonesecure-ha/root-ca-rotation/dn-audit-64a7b43bfb9d.log'
renamed 'ozonesecure-ha/result/dn-audit-6ad779f1dad3.log' -> '/home/runner/work/ozone/ozone/hadoop-ozone/dist/target/ozone-1.4.0-SNAPSHOT/compose/result/ozonesecure-ha/root-ca-rotation/dn-audit-6ad779f1dad3.log'
renamed 'ozonesecure-ha/result/docker-ozonesecure-ha_datanode1_1.log' -> '/home/runner/work/ozone/ozone/hadoop-ozone/dist/target/ozone-1.4.0-SNAPSHOT/compose/result/ozonesecure-ha/root-ca-rotation/docker-ozonesecure-ha_datanode1_1.log'
renamed 'ozonesecure-ha/result/docker-ozonesecure-ha_datanode2_1.log' -> '/home/runner/work/ozone/ozone/hadoop-ozone/dist/target/ozone-1.4.0-SNAPSHOT/compose/result/ozonesecure-ha/root-ca-rotation/docker-ozonesecure-ha_datanode2_1.log'
renamed 'ozonesecure-ha/result/docker-ozonesecure-ha_datanode3_1.log' -> '/home/runner/work/ozone/ozone/hadoop-ozone/dist/target/ozone-1.4.0-SNAPSHOT/compose/result/ozonesecure-ha/root-ca-rotation/docker-ozonesecure-ha_datanode3_1.log'
renamed 'ozonesecure-ha/result/docker-ozonesecure-ha_httpfs_1.log' -> '/home/runner/work/ozone/ozone/hadoop-ozone/dist/target/ozone-1.4.0-SNAPSHOT/compose/result/ozonesecure-ha/root-ca-rotation/docker-ozonesecure-ha_httpfs_1.log'
renamed 'ozonesecure-ha/result/docker-ozonesecure-ha_kdc_1.log' -> '/home/runner/work/ozone/ozone/hadoop-ozone/dist/target/ozone-1.4.0-SNAPSHOT/compose/result/ozonesecure-ha/root-ca-rotation/docker-ozonesecure-ha_kdc_1.log'
renamed 'ozonesecure-ha/result/docker-ozonesecure-ha_kms_1.log' -> '/home/runner/work/ozone/ozone/hadoop-ozone/dist/target/ozone-1.4.0-SNAPSHOT/compose/result/ozonesecure-ha/root-ca-rotation/docker-ozonesecure-ha_kms_1.log'
renamed 'ozonesecure-ha/result/docker-ozonesecure-ha_om1_1.log' -> '/home/runner/work/ozone/ozone/hadoop-ozone/dist/target/ozone-1.4.0-SNAPSHOT/compose/result/ozonesecure-ha/root-ca-rotation/docker-ozonesecure-ha_om1_1.log'
renamed 'ozonesecure-ha/result/docker-ozonesecure-ha_om2_1.log' -> '/home/runner/work/ozone/ozone/hadoop-ozone/dist/target/ozone-1.4.0-SNAPSHOT/compose/result/ozonesecure-ha/root-ca-rotation/docker-ozonesecure-ha_om2_1.log'
renamed 'ozonesecure-ha/result/docker-ozonesecure-ha_om3_1.log' -> '/home/runner/work/ozone/ozone/hadoop-ozone/dist/target/ozone-1.4.0-SNAPSHOT/compose/result/ozonesecure-ha/root-ca-rotation/docker-ozonesecure-ha_om3_1.log'
renamed 'ozonesecure-ha/result/docker-ozonesecure-ha_recon_1.log' -> '/home/runner/work/ozone/ozone/hadoop-ozone/dist/target/ozone-1.4.0-SNAPSHOT/compose/result/ozonesecure-ha/root-ca-rotation/docker-ozonesecure-ha_recon_1.log'
renamed 'ozonesecure-ha/result/docker-ozonesecure-ha_s3g_1.log' -> '/home/runner/work/ozone/ozone/hadoop-ozone/dist/target/ozone-1.4.0-SNAPSHOT/compose/result/ozonesecure-ha/root-ca-rotation/docker-ozonesecure-ha_s3g_1.log'
renamed 'ozonesecure-ha/result/docker-ozonesecure-ha_scm1.org_1.log' -> '/home/runner/work/ozone/ozone/hadoop-ozone/dist/target/ozone-1.4.0-SNAPSHOT/compose/result/ozonesecure-ha/root-ca-rotation/docker-ozonesecure-ha_scm1.org_1.log'
renamed 'ozonesecure-ha/result/docker-ozonesecure-ha_scm2.org_1.log' -> '/home/runner/work/ozone/ozone/hadoop-ozone/dist/target/ozone-1.4.0-SNAPSHOT/compose/result/ozonesecure-ha/root-ca-rotation/docker-ozonesecure-ha_scm2.org_1.log'
renamed 'ozonesecure-ha/result/docker-ozonesecure-ha_scm3.org_1.log' -> '/home/runner/work/ozone/ozone/hadoop-ozone/dist/target/ozone-1.4.0-SNAPSHOT/compose/result/ozonesecure-ha/root-ca-rotation/docker-ozonesecure-ha_scm3.org_1.log'
renamed 'ozonesecure-ha/result/kms-audit.log' -> '/home/runner/work/ozone/ozone/hadoop-ozone/dist/target/ozone-1.4.0-SNAPSHOT/compose/result/ozonesecure-ha/root-ca-rotation/kms-audit.log'
renamed 'ozonesecure-ha/result/om-audit-om1.log' -> '/home/runner/work/ozone/ozone/hadoop-ozone/dist/target/ozone-1.4.0-SNAPSHOT/compose/result/ozonesecure-ha/root-ca-rotation/om-audit-om1.log'
renamed 'ozonesecure-ha/result/om-audit-om2.log' -> '/home/runner/work/ozone/ozone/hadoop-ozone/dist/target/ozone-1.4.0-SNAPSHOT/compose/result/ozonesecure-ha/root-ca-rotation/om-audit-om2.log'
renamed 'ozonesecure-ha/result/om-audit-om3.log' -> '/home/runner/work/ozone/ozone/hadoop-ozone/dist/target/ozone-1.4.0-SNAPSHOT/compose/result/ozonesecure-ha/root-ca-rotation/om-audit-om3.log'
renamed 'ozonesecure-ha/result/s3g-audit-s3g.log' -> '/home/runner/work/ozone/ozone/hadoop-ozone/dist/target/ozone-1.4.0-SNAPSHOT/compose/result/ozonesecure-ha/root-ca-rotation/s3g-audit-s3g.log'
renamed 'ozonesecure-ha/result/scm-audit-scm1.org.log' -> '/home/runner/work/ozone/ozone/hadoop-ozone/dist/target/ozone-1.4.0-SNAPSHOT/compose/result/ozonesecure-ha/root-ca-rotation/scm-audit-scm1.org.log'
renamed 'ozonesecure-ha/result/scm-audit-scm2.org.log' -> '/home/runner/work/ozone/ozone/hadoop-ozone/dist/target/ozone-1.4.0-SNAPSHOT/compose/result/ozonesecure-ha/root-ca-rotation/scm-audit-scm2.org.log'
renamed 'ozonesecure-ha/result/scm-audit-scm3.org.log' -> '/home/runner/work/ozone/ozone/hadoop-ozone/dist/target/ozone-1.4.0-SNAPSHOT/compose/result/ozonesecure-ha/root-ca-rotation/scm-audit-scm3.org.log'
Executing test ozonesecure/test-certificate-rotation.sh
Removing network ozonesecure_default
Network ozonesecure_default not found.
Creating network "ozonesecure_default" with the default driver
Creating ozonesecure_kms_1 ... 
Creating ozonesecure_datanode_1 ... 
Creating ozonesecure_datanode_2 ... 
Creating ozonesecure_datanode_3 ... 
Creating ozonesecure_httpfs_1   ... 
Creating ozonesecure_recon_1    ... 
Creating ozonesecure_kdc_1      ... 
Creating ozonesecure_s3g_1      ... 
Creating ozonesecure_om_1       ... 
Creating ozonesecure_scm_1      ... 
Creating ozonesecure_kdc_1      ... done
Creating ozonesecure_kms_1      ... done
Creating ozonesecure_datanode_1 ... done
Creating ozonesecure_datanode_3 ... done
Creating ozonesecure_recon_1    ... done
Creating ozonesecure_httpfs_1   ... done
Creating ozonesecure_datanode_2 ... done
Creating ozonesecure_scm_1      ... done
Creating ozonesecure_om_1       ... done
Creating ozonesecure_s3g_1      ... done
Port 88 is available on kdc
Port 9860 is not available on scm yet
Port 9860 is not available on scm yet
Port 9860 is not available on scm yet
Port 9860 is not available on scm yet
Port 9860 is not available on scm yet
Port 9860 is not available on scm yet
Port 9860 is not available on scm yet
Port 9860 is not available on scm yet
Port 9860 is not available on scm yet
Port 9860 is not available on scm yet
Port 9860 is not available on scm yet
Port 9860 is not available on scm yet
Port 9860 is not available on scm yet
Port 9860 is not available on scm yet
Port 9860 is not available on scm yet
Port 9860 is not available on scm yet
Port 9860 is not available on scm yet
Port 9860 is not available on scm yet
Port 9860 is not available on scm yet
Port 9860 is not available on scm yet
Port 9860 is not available on scm yet
Port 9860 is not available on scm yet
Port 9860 is not available on scm yet
Port 9860 is not available on scm yet
Port 9860 is not available on scm yet
Port 9860 is not available on scm yet
Port 9860 is not available on scm yet
Port 9860 is not available on scm yet
Port 9860 is not available on scm yet
Port 9860 is not available on scm yet
Port 9860 is available on scm
SCM is in safe mode. Will retry in 1 sec. Remaining time (sec): 219
SCM is in safe mode. Will retry in 1 sec. Remaining time (sec): 218
SCM is in safe mode. Will retry in 1 sec. Remaining time (sec): 217
SCM is in safe mode. Will retry in 1 sec. Remaining time (sec): 216
SCM is in safe mode. Will retry in 1 sec. Remaining time (sec): 215
SCM is in safe mode. Will retry in 1 sec. Remaining time (sec): 214
SCM is in safe mode. Will retry in 1 sec. Remaining time (sec): 213
SCM is in safe mode. Will retry in 1 sec. Remaining time (sec): 212
SCM is in safe mode. Will retry in 1 sec. Remaining time (sec): 211
SCM is in safe mode. Will retry in 1 sec. Remaining time (sec): 210
SCM is in safe mode. Will retry in 1 sec. Remaining time (sec): 209
SCM is in safe mode. Will retry in 1 sec. Remaining time (sec): 208
SCM is in safe mode. Will retry in 1 sec. Remaining time (sec): 207
SCM is in safe mode. Will retry in 1 sec. Remaining time (sec): 206
SCM is in safe mode. Will retry in 1 sec. Remaining time (sec): 205
SCM is in safe mode. Will retry in 1 sec. Remaining time (sec): 204
SCM is in safe mode. Will retry in 1 sec. Remaining time (sec): 203
SCM is in safe mode. Will retry in 1 sec. Remaining time (sec): 202
SCM is in safe mode. Will retry in 1 sec. Remaining time (sec): 201
SCM is in safe mode. Will retry in 1 sec. Remaining time (sec): 200
SCM is in safe mode. Will retry in 1 sec. Remaining time (sec): 199
SCM is in safe mode. Will retry in 1 sec. Remaining time (sec): 198
SCM is in safe mode. Will retry in 1 sec. Remaining time (sec): 197
SCM is in safe mode. Will retry in 1 sec. Remaining time (sec): 196
SCM is in safe mode. Will retry in 1 sec. Remaining time (sec): 195
SCM is in safe mode. Will retry in 1 sec. Remaining time (sec): 194
SCM is in safe mode. Will retry in 1 sec. Remaining time (sec): 193
SCM is in safe mode. Will retry in 1 sec. Remaining time (sec): 192
SCM is in safe mode. Will retry in 1 sec. Remaining time (sec): 190
SCM is in safe mode. Will retry in 1 sec. Remaining time (sec): 189
SCM is in safe mode. Will retry in 1 sec. Remaining time (sec): 188
SCM is in safe mode. Will retry in 1 sec. Remaining time (sec): 187
SCM is in safe mode. Will retry in 1 sec. Remaining time (sec): 186
SCM is in safe mode. Will retry in 1 sec. Remaining time (sec): 185
SCM is in safe mode. Will retry in 1 sec. Remaining time (sec): 184
SCM is in safe mode. Will retry in 1 sec. Remaining time (sec): 183
SCM is in safe mode. Will retry in 1 sec. Remaining time (sec): 182
SCM is in safe mode. Will retry in 1 sec. Remaining time (sec): 181
SCM is in safe mode. Will retry in 1 sec. Remaining time (sec): 180
SCM is in safe mode. Will retry in 1 sec. Remaining time (sec): 179
SCM is in safe mode. Will retry in 1 sec. Remaining time (sec): 178
SCM is in safe mode. Will retry in 1 sec. Remaining time (sec): 177
SCM is out of safe mode.
No OM HA service, no need to wait
==============================================================================
Certrotation                                                                  
==============================================================================
Certrotation.Cert-Rotation :: Smoketest ozone cluster startup                 
==============================================================================
Test datanode functions before and after certificate rotation         depth=2 CN = scm-1@scm, OU = b9126b6f-24fc-4275-b21a-6c9b2c8d8880, O = CID-51607aad-b9fa-490a-a9ae-5d83813ab914
verify error:num=19:self signed certificate in certificate chain
depth=2 CN = scm-1@scm, OU = b9126b6f-24fc-4275-b21a-6c9b2c8d8880, O = CID-51607aad-b9fa-490a-a9ae-5d83813ab914
verify error:num=19:self signed certificate in certificate chain
depth=2 CN = scm-1@scm, OU = b9126b6f-24fc-4275-b21a-6c9b2c8d8880, O = CID-51607aad-b9fa-490a-a9ae-5d83813ab914
verify error:num=19:self signed certificate in certificate chain
depth=2 CN = scm-1@scm, OU = b9126b6f-24fc-4275-b21a-6c9b2c8d8880, O = CID-51607aad-b9fa-490a-a9ae-5d83813ab914
verify error:num=19:self signed certificate in certificate chain
| PASS |
------------------------------------------------------------------------------
Certrotation.Cert-Rotation :: Smoketest ozone cluster startup         | PASS |
1 test, 1 passed, 0 failed
==============================================================================
Certrotation.Root-Ca-Rotation-Client-Checks :: Generate data                  
==============================================================================
Create a volume and bucket                                            | PASS |
------------------------------------------------------------------------------
Create key                                                            | PASS |
------------------------------------------------------------------------------
Read data from previously created key                                 | PASS |
------------------------------------------------------------------------------
Certrotation.Root-Ca-Rotation-Client-Checks :: Generate data          | PASS |
3 tests, 3 passed, 0 failed
==============================================================================
Certrotation                                                          | PASS |
4 tests, 4 passed, 0 failed
==============================================================================
Output:  /tmp/smoketest/ozonesecure/result/robot-1.xml
Stopping ozonesecure_om_1       ... 
Stopping ozonesecure_scm_1      ... 
Stopping ozonesecure_s3g_1      ... 
Stopping ozonesecure_datanode_2 ... 
Stopping ozonesecure_kdc_1      ... 
Stopping ozonesecure_recon_1    ... 
Stopping ozonesecure_datanode_3 ... 
Stopping ozonesecure_httpfs_1   ... 
Stopping ozonesecure_datanode_1 ... 
Stopping ozonesecure_kms_1      ... 
Stopping ozonesecure_kdc_1      ... done
Stopping ozonesecure_kms_1      ... done
Stopping ozonesecure_httpfs_1   ... done
Stopping ozonesecure_s3g_1      ... done
Stopping ozonesecure_recon_1    ... done
Stopping ozonesecure_datanode_3 ... done
Stopping ozonesecure_datanode_2 ... done
Stopping ozonesecure_datanode_1 ... done
Stopping ozonesecure_om_1       ... done
Stopping ozonesecure_scm_1      ... done
Removing ozonesecure_om_1       ... 
Removing ozonesecure_scm_1      ... 
Removing ozonesecure_s3g_1      ... 
Removing ozonesecure_datanode_2 ... 
Removing ozonesecure_kdc_1      ... 
Removing ozonesecure_recon_1    ... 
Removing ozonesecure_datanode_3 ... 
Removing ozonesecure_httpfs_1   ... 
Removing ozonesecure_datanode_1 ... 
Removing ozonesecure_kms_1      ... 
Removing ozonesecure_kms_1      ... done
Removing ozonesecure_s3g_1      ... done
Removing ozonesecure_scm_1      ... done
Removing ozonesecure_datanode_1 ... done
Removing ozonesecure_datanode_2 ... done
Removing ozonesecure_kdc_1      ... done
Removing ozonesecure_datanode_3 ... done
Removing ozonesecure_om_1       ... done
Removing ozonesecure_httpfs_1   ... done
Removing ozonesecure_recon_1    ... done
Removing network ozonesecure_default
Output:  /home/runner/work/ozone/ozone/hadoop-ozone/dist/target/ozone-1.4.0-SNAPSHOT/compose/result/ozonesecure-certificate-rotation.xml
removed 'ozonesecure/result/robot-1.xml'
renamed 'ozonesecure/result/dn-audit-89370b43b694.log' -> '/home/runner/work/ozone/ozone/hadoop-ozone/dist/target/ozone-1.4.0-SNAPSHOT/compose/result/ozonesecure/certificate-rotation/dn-audit-89370b43b694.log'
renamed 'ozonesecure/result/dn-audit-9904f4b4bd41.log' -> '/home/runner/work/ozone/ozone/hadoop-ozone/dist/target/ozone-1.4.0-SNAPSHOT/compose/result/ozonesecure/certificate-rotation/dn-audit-9904f4b4bd41.log'
renamed 'ozonesecure/result/dn-audit-f1695561bbe9.log' -> '/home/runner/work/ozone/ozone/hadoop-ozone/dist/target/ozone-1.4.0-SNAPSHOT/compose/result/ozonesecure/certificate-rotation/dn-audit-f1695561bbe9.log'
renamed 'ozonesecure/result/docker-ozonesecure_datanode_1.log' -> '/home/runner/work/ozone/ozone/hadoop-ozone/dist/target/ozone-1.4.0-SNAPSHOT/compose/result/ozonesecure/certificate-rotation/docker-ozonesecure_datanode_1.log'
renamed 'ozonesecure/result/docker-ozonesecure_datanode_2.log' -> '/home/runner/work/ozone/ozone/hadoop-ozone/dist/target/ozone-1.4.0-SNAPSHOT/compose/result/ozonesecure/certificate-rotation/docker-ozonesecure_datanode_2.log'
renamed 'ozonesecure/result/docker-ozonesecure_datanode_3.log' -> '/home/runner/work/ozone/ozone/hadoop-ozone/dist/target/ozone-1.4.0-SNAPSHOT/compose/result/ozonesecure/certificate-rotation/docker-ozonesecure_datanode_3.log'
renamed 'ozonesecure/result/docker-ozonesecure_httpfs_1.log' -> '/home/runner/work/ozone/ozone/hadoop-ozone/dist/target/ozone-1.4.0-SNAPSHOT/compose/result/ozonesecure/certificate-rotation/docker-ozonesecure_httpfs_1.log'
renamed 'ozonesecure/result/docker-ozonesecure_kdc_1.log' -> '/home/runner/work/ozone/ozone/hadoop-ozone/dist/target/ozone-1.4.0-SNAPSHOT/compose/result/ozonesecure/certificate-rotation/docker-ozonesecure_kdc_1.log'
renamed 'ozonesecure/result/docker-ozonesecure_kms_1.log' -> '/home/runner/work/ozone/ozone/hadoop-ozone/dist/target/ozone-1.4.0-SNAPSHOT/compose/result/ozonesecure/certificate-rotation/docker-ozonesecure_kms_1.log'
renamed 'ozonesecure/result/docker-ozonesecure_om_1.log' -> '/home/runner/work/ozone/ozone/hadoop-ozone/dist/target/ozone-1.4.0-SNAPSHOT/compose/result/ozonesecure/certificate-rotation/docker-ozonesecure_om_1.log'
renamed 'ozonesecure/result/docker-ozonesecure_recon_1.log' -> '/home/runner/work/ozone/ozone/hadoop-ozone/dist/target/ozone-1.4.0-SNAPSHOT/compose/result/ozonesecure/certificate-rotation/docker-ozonesecure_recon_1.log'
renamed 'ozonesecure/result/docker-ozonesecure_s3g_1.log' -> '/home/runner/work/ozone/ozone/hadoop-ozone/dist/target/ozone-1.4.0-SNAPSHOT/compose/result/ozonesecure/certificate-rotation/docker-ozonesecure_s3g_1.log'
renamed 'ozonesecure/result/docker-ozonesecure_scm_1.log' -> '/home/runner/work/ozone/ozone/hadoop-ozone/dist/target/ozone-1.4.0-SNAPSHOT/compose/result/ozonesecure/certificate-rotation/docker-ozonesecure_scm_1.log'
renamed 'ozonesecure/result/kms-audit.log' -> '/home/runner/work/ozone/ozone/hadoop-ozone/dist/target/ozone-1.4.0-SNAPSHOT/compose/result/ozonesecure/certificate-rotation/kms-audit.log'
renamed 'ozonesecure/result/om-audit-om.log' -> '/home/runner/work/ozone/ozone/hadoop-ozone/dist/target/ozone-1.4.0-SNAPSHOT/compose/result/ozonesecure/certificate-rotation/om-audit-om.log'
renamed 'ozonesecure/result/s3g-audit-s3g.log' -> '/home/runner/work/ozone/ozone/hadoop-ozone/dist/target/ozone-1.4.0-SNAPSHOT/compose/result/ozonesecure/certificate-rotation/s3g-audit-s3g.log'
renamed 'ozonesecure/result/scm-audit-scm.log' -> '/home/runner/work/ozone/ozone/hadoop-ozone/dist/target/ozone-1.4.0-SNAPSHOT/compose/result/ozonesecure/certificate-rotation/scm-audit-scm.log'
Executing test ozonesecure/test-root-ca-rotation.sh
Removing network ozonesecure_default
Network ozonesecure_default not found.
Creating network "ozonesecure_default" with the default driver
Creating ozonesecure_scm_1 ... 
Creating ozonesecure_kdc_1 ... 
Creating ozonesecure_datanode_1 ... 
Creating ozonesecure_httpfs_1   ... 
Creating ozonesecure_datanode_2 ... 
Creating ozonesecure_s3g_1      ... 
Creating ozonesecure_datanode_3 ... 
Creating ozonesecure_kms_1      ... 
Creating ozonesecure_om_1       ... 
Creating ozonesecure_recon_1    ... 
Creating ozonesecure_kdc_1      ... done
Creating ozonesecure_datanode_3 ... done
Creating ozonesecure_scm_1      ... done
Creating ozonesecure_kms_1      ... done
Creating ozonesecure_datanode_1 ... done
Creating ozonesecure_httpfs_1   ... done
Creating ozonesecure_s3g_1      ... done
Creating ozonesecure_recon_1    ... done
Creating ozonesecure_datanode_2 ... done
Creating ozonesecure_om_1       ... done
Port 88 is available on kdc
Port 9860 is not available on scm yet
Port 9860 is not available on scm yet
Port 9860 is not available on scm yet
Port 9860 is not available on scm yet
Port 9860 is not available on scm yet
Port 9860 is not available on scm yet
Port 9860 is not available on scm yet
Port 9860 is not available on scm yet
Port 9860 is not available on scm yet
Port 9860 is not available on scm yet
Port 9860 is not available on scm yet
Port 9860 is not available on scm yet
Port 9860 is not available on scm yet
Port 9860 is not available on scm yet
Port 9860 is not available on scm yet
Port 9860 is not available on scm yet
Port 9860 is not available on scm yet
Port 9860 is not available on scm yet
Port 9860 is not available on scm yet
Port 9860 is not available on scm yet
Port 9860 is not available on scm yet
Port 9860 is not available on scm yet
Port 9860 is not available on scm yet
Port 9860 is not available on scm yet
Port 9860 is not available on scm yet
Port 9860 is not available on scm yet
Port 9860 is not available on scm yet
Port 9860 is not available on scm yet
Port 9860 is available on scm
SCM is in safe mode. Will retry in 1 sec. Remaining time (sec): 221
SCM is in safe mode. Will retry in 1 sec. Remaining time (sec): 220
SCM is in safe mode. Will retry in 1 sec. Remaining time (sec): 219
SCM is in safe mode. Will retry in 1 sec. Remaining time (sec): 218
SCM is in safe mode. Will retry in 1 sec. Remaining time (sec): 217
SCM is in safe mode. Will retry in 1 sec. Remaining time (sec): 216
SCM is in safe mode. Will retry in 1 sec. Remaining time (sec): 215
SCM is in safe mode. Will retry in 1 sec. Remaining time (sec): 214
SCM is in safe mode. Will retry in 1 sec. Remaining time (sec): 213
SCM is in safe mode. Will retry in 1 sec. Remaining time (sec): 212
SCM is in safe mode. Will retry in 1 sec. Remaining time (sec): 211
SCM is in safe mode. Will retry in 1 sec. Remaining time (sec): 210
SCM is in safe mode. Will retry in 1 sec. Remaining time (sec): 209
SCM is in safe mode. Will retry in 1 sec. Remaining time (sec): 208
SCM is in safe mode. Will retry in 1 sec. Remaining time (sec): 207
SCM is in safe mode. Will retry in 1 sec. Remaining time (sec): 206
SCM is in safe mode. Will retry in 1 sec. Remaining time (sec): 205
SCM is in safe mode. Will retry in 1 sec. Remaining time (sec): 204
SCM is in safe mode. Will retry in 1 sec. Remaining time (sec): 203
SCM is in safe mode. Will retry in 1 sec. Remaining time (sec): 201
SCM is in safe mode. Will retry in 1 sec. Remaining time (sec): 200
SCM is in safe mode. Will retry in 1 sec. Remaining time (sec): 199
SCM is in safe mode. Will retry in 1 sec. Remaining time (sec): 198
SCM is in safe mode. Will retry in 1 sec. Remaining time (sec): 197
SCM is in safe mode. Will retry in 1 sec. Remaining time (sec): 196
SCM is in safe mode. Will retry in 1 sec. Remaining time (sec): 195
SCM is in safe mode. Will retry in 1 sec. Remaining time (sec): 194
SCM is in safe mode. Will retry in 1 sec. Remaining time (sec): 193
SCM is in safe mode. Will retry in 1 sec. Remaining time (sec): 192
SCM is in safe mode. Will retry in 1 sec. Remaining time (sec): 191
SCM is in safe mode. Will retry in 1 sec. Remaining time (sec): 190
SCM is in safe mode. Will retry in 1 sec. Remaining time (sec): 189
SCM is in safe mode. Will retry in 1 sec. Remaining time (sec): 188
SCM is in safe mode. Will retry in 1 sec. Remaining time (sec): 187
SCM is in safe mode. Will retry in 1 sec. Remaining time (sec): 186
SCM is in safe mode. Will retry in 1 sec. Remaining time (sec): 185
SCM is in safe mode. Will retry in 1 sec. Remaining time (sec): 184
SCM is in safe mode. Will retry in 1 sec. Remaining time (sec): 183
SCM is in safe mode. Will retry in 1 sec. Remaining time (sec): 182
SCM is in safe mode. Will retry in 1 sec. Remaining time (sec): 181
SCM is in safe mode. Will retry in 1 sec. Remaining time (sec): 180
SCM is in safe mode. Will retry in 1 sec. Remaining time (sec): 179
SCM is in safe mode. Will retry in 1 sec. Remaining time (sec): 178
SCM is in safe mode. Will retry in 1 sec. Remaining time (sec): 177
SCM is in safe mode. Will retry in 1 sec. Remaining time (sec): 176
SCM is in safe mode. Will retry in 1 sec. Remaining time (sec): 175
SCM is in safe mode. Will retry in 1 sec. Remaining time (sec): 174
SCM is in safe mode. Will retry in 1 sec. Remaining time (sec): 173
SCM is in safe mode. Will retry in 1 sec. Remaining time (sec): 172
SCM is in safe mode. Will retry in 1 sec. Remaining time (sec): 171
SCM is in safe mode. Will retry in 1 sec. Remaining time (sec): 170
SCM is in safe mode. Will retry in 1 sec. Remaining time (sec): 169
SCM is in safe mode. Will retry in 1 sec. Remaining time (sec): 168
SCM is in safe mode. Will retry in 1 sec. Remaining time (sec): 167
SCM is in safe mode. Will retry in 1 sec. Remaining time (sec): 166
SCM is in safe mode. Will retry in 1 sec. Remaining time (sec): 165
SCM is out of safe mode.
No OM HA service, no need to wait
key1 has been successfully created with options Options{cipher='AES/CTR/NoPadding', bitLength=128, description='null', attributes=null}.
org.apache.hadoop.crypto.key.kms.LoadBalancingKMSClientProvider@662b4c69 has been updated.
==============================================================================
Kinit :: Kinit test user                                                      
==============================================================================
Kinit                                                                 | PASS |
------------------------------------------------------------------------------
Kinit :: Kinit test user                                              | PASS |
1 test, 1 passed, 0 failed
==============================================================================
Output:  /tmp/smoketest/ozonesecure/result/robot-1.xml
"RootCARotationManager-Active" #271 daemon prio=5 os_prio=0 cpu=704.05ms elapsed=107.78s tid=0x00007f5f46361800 nid=0x2bc waiting on condition  [0x00007f5f00986000]
jps | grep StorageContainerManagerStarter |  sed 's/StorageContainerManagerStarter//' | xargs | xargs -I {} jstack {} | grep 'RootCARotationManager-Active' succeed
Certificate id: 2
  [0]         Version: 3
         SerialNumber: 2
             IssuerDN: CN=scm-2@scm,OU=e80321df-6dd6-4f00-a560-1af4e4652905,O=CID-b3460773-cdac-462b-b3a1-207c77be5b92
           Start Date: Thu Jul 27 19:24:44 UTC 2023
           Final Date: Thu Jul 27 19:27:44 UTC 2023
            SubjectDN: CN=scm-2@scm,OU=e80321df-6dd6-4f00-a560-1af4e4652905,O=CID-b3460773-cdac-462b-b3a1-207c77be5b92
           Public Key: RSA Public Key [b9:3e:b0:ef:58:87:83:ce:d5:5f:f8:96:c5:41:d8:76:cc:f9:65:cf],[56:66:d1:a4]
        modulus: 967e7eb362b3bb0eed08d27d3294b185bd9e025968c7b3b3df3cd57c17d11b481aaf0dd7d0f88cd55793e19b342ea4f1a86a9fd81af4c97705451d75e3f54150387b7b85efb6e38e81abe9ae6683ff5d2312a87dc224b9161aa0cc8f735aeeababa10664ceb52b33e2468f38b4c5cfcc8387f5f8c73e843752833c27bc27f2ffb38a56ced3d318e880a4eb5b8958a3c280ade03bd5168550ca97504c53c64e68400cc34f588ad7ce79752cc67f50d957922e9bfe7add0b0df0849a733e145597e5ef87dd334a2007599bb9665d5e30d3800b99f740a2fffe63b4f17ea5ba83b3e9e7a396e121466ffb9d1ef4f4f6d237807142c4b9db51aff8815cdff19c4cbd
public exponent: 10001

  Signature Algorithm: SHA256withRSA
            Signature: 6cd6f172d24789b64c2ce0348269530d7f0de725
                       cab1a95da1a2e6f64720199ded2ac01111c5fb20
                       2ff687d2af8f77db6637da353d4be6c15dada690
                       8475d837035427eacf1dc6c341215b548c2cf69f
                       8423a20e271c67f8d61c84936c87974d5eaf2710
                       709d4c1e9dced20f8b0ae4aff2d57abb85652380
                       336e052169ce01f483ab3e19f75e8c7dcd4f1d93
                       ac16e2f5319b10b16bcb0803a3196205c57a602e
                       6809033ad89d45a946e092f5f9fb10bd0817a3b9
                       5dae2bbf6580477d7bc3516bccce542eb8135c97
                       64e72071eb54c8775ff6c6dc24ca1266c817fa5d
                       12765b6ef2ab9ce595b0f84b8e8ce88c2886314f
                       2d77baccacc12b1ed551adc7834778c9
       Extensions: 
                       critical(true) BasicConstraints: isCa(true)
                       critical(true) KeyUsage: 0x6
                       critical(false) 2.5.29.17 value = Sequence
    Tagged [7] IMPLICIT 
        DER Octet String[4] 


ozone admin cert info 2 succeed
/data/metadata/dn/certs/ROOTCA-2.crt
find /data/metadata/dn/certs/ROOTCA-2.crt succeed
/data/metadata/om/certs/ROOTCA-2.crt
find /data/metadata/om/certs/ROOTCA-2.crt succeed
==============================================================================
Root-Ca-Rotation-Client-Checks :: Generate data                               
==============================================================================
Create a volume and bucket                                            | PASS |
------------------------------------------------------------------------------
Create key                                                            | PASS |
------------------------------------------------------------------------------
Read data from previously created key                                 | PASS |
------------------------------------------------------------------------------
Root-Ca-Rotation-Client-Checks :: Generate data                       | PASS |
3 tests, 3 passed, 0 failed
==============================================================================
Output:  /tmp/smoketest/ozonesecure/result/robot-2.xml
Certificate id: 3
  [0]         Version: 3
         SerialNumber: 3
             IssuerDN: CN=scm-3@scm,OU=e80321df-6dd6-4f00-a560-1af4e4652905,O=CID-b3460773-cdac-462b-b3a1-207c77be5b92
           Start Date: Thu Jul 27 19:26:14 UTC 2023
           Final Date: Thu Jul 27 19:29:14 UTC 2023
            SubjectDN: CN=scm-3@scm,OU=e80321df-6dd6-4f00-a560-1af4e4652905,O=CID-b3460773-cdac-462b-b3a1-207c77be5b92
           Public Key: RSA Public Key [0c:f3:8b:08:a2:69:73:8a:b1:8c:8d:8f:83:a4:3e:14:4f:2e:df:bb],[56:66:d1:a4]
        modulus: d957a8bfb022f18136a9a8b1839310997f369a628856d6f308720c7c67b08110be1cebaa1c26d93f9086df641aabb6d60185fae4622c06ad4134bcc103711c597662c767a03c8921ce8e924cbd5b7292cfa5f848cbbb5baae8d1ebbec9e03942232a88cfff2c42b78ae8b4423e8726b5ca277830bf558e5f77859858b7df523707da0f1f275ed73d079ae8fe1a5ce2ea4b5848a6575afd934bb642a8fb84e3f89bead66cc2169ca19a325b42c8479da528a40989015ff382d5b297778eac27bee86dbc16b90fc1bc94353b11eaeb05e3dad204fdd8977f6d9fbfffdce2a739e5defb3e6e383da0de07aa0886a477129bbf91ea8bf147aecce6ff15b9152cb249
public exponent: 10001

  Signature Algorithm: SHA256withRSA
            Signature: 0753ff874debc04cf2e1d6ae714e8cd83ba182ed
                       d74a5b35afe11d8b5ee2bb9496c319eda9ac23ee
                       020116822533154649d3c7021f63352b19ffc850
                       604478e1d2297f5fb2c7ca81d3594fdae95cd4fa
                       518cb4229cae56ba5bce5e5cdc089f1fcea8421f
                       6744fc937df6691a5d4c8e42db51e5553fdcace7
                       2c89adb5fde63e3fc4574a18895b2f5f2873e562
                       8c8421d28dc45192c61b3177961218815c8de135
                       d6e8c675f4018492e2264adc6e7f28d64cbad2be
                       eb16fab3ea1f425ce6a6f073f80fb9d924b90c05
                       58c45da48249d55013811c733a2bd20e8ee89165
                       abb7816667ee5651a39a2742cc32ebd5bafbbd54
                       22ce42d9866b7c7b7f750475bf69207c
       Extensions: 
                       critical(true) BasicConstraints: isCa(true)
                       critical(true) KeyUsage: 0x6
                       critical(false) 2.5.29.17 value = Sequence
    Tagged [7] IMPLICIT 
        DER Octet String[4] 


ozone admin cert info 3 succeed
/data/metadata/om/certs/ROOTCA-3.crt
find /data/metadata/om/certs/ROOTCA-3.crt succeed
==============================================================================
Root-Ca-Rotation-Client-Checks :: Generate data                               
==============================================================================
Create a volume and bucket                                            | PASS |
------------------------------------------------------------------------------
Create key                                                            | PASS |
------------------------------------------------------------------------------
Read data from previously created key                                 | PASS |
------------------------------------------------------------------------------
Root-Ca-Rotation-Client-Checks :: Generate data                       | PASS |
3 tests, 3 passed, 0 failed
==============================================================================
Output:  /tmp/smoketest/ozonesecure/result/robot-3.xml
==============================================================================
Root-Ca-Rotation :: Smoketest ozone cluster startup                           
==============================================================================
Verify root CA rotation metrics                                       | PASS |
------------------------------------------------------------------------------
Root-Ca-Rotation :: Smoketest ozone cluster startup                   | PASS |
1 test, 1 passed, 0 failed
==============================================================================
Output:  /tmp/smoketest/ozonesecure/result/robot-4.xml
Stopping ozonesecure_recon_1    ... 
Stopping ozonesecure_datanode_2 ... 
Stopping ozonesecure_om_1       ... 
Stopping ozonesecure_datanode_1 ... 
Stopping ozonesecure_httpfs_1   ... 
Stopping ozonesecure_s3g_1      ... 
Stopping ozonesecure_kms_1      ... 
Stopping ozonesecure_datanode_3 ... 
Stopping ozonesecure_scm_1      ... 
Stopping ozonesecure_kdc_1      ... 
Stopping ozonesecure_kdc_1      ... done
Stopping ozonesecure_kms_1      ... done
Stopping ozonesecure_httpfs_1   ... done
Stopping ozonesecure_s3g_1      ... done
Stopping ozonesecure_recon_1    ... done
Stopping ozonesecure_datanode_1 ... done
Stopping ozonesecure_datanode_3 ... done
Stopping ozonesecure_om_1       ... done
Stopping ozonesecure_datanode_2 ... done
Stopping ozonesecure_scm_1      ... done
Removing ozonesecure_recon_1    ... 
Removing ozonesecure_datanode_2 ... 
Removing ozonesecure_om_1       ... 
Removing ozonesecure_datanode_1 ... 
Removing ozonesecure_httpfs_1   ... 
Removing ozonesecure_s3g_1      ... 
Removing ozonesecure_kms_1      ... 
Removing ozonesecure_datanode_3 ... 
Removing ozonesecure_scm_1      ... 
Removing ozonesecure_kdc_1      ... 
Removing ozonesecure_kdc_1      ... done
Removing ozonesecure_kms_1      ... done
Removing ozonesecure_om_1       ... done
Removing ozonesecure_datanode_2 ... done
Removing ozonesecure_datanode_1 ... done
Removing ozonesecure_s3g_1      ... done
Removing ozonesecure_httpfs_1   ... done
Removing ozonesecure_scm_1      ... done
Removing ozonesecure_datanode_3 ... done
Removing ozonesecure_recon_1    ... done
Removing network ozonesecure_default
Log:     /home/runner/work/ozone/ozone/hadoop-ozone/dist/target/ozone-1.4.0-SNAPSHOT/compose/ozonesecure/result/log.html
Report:  /home/runner/work/ozone/ozone/hadoop-ozone/dist/target/ozone-1.4.0-SNAPSHOT/compose/ozonesecure/result/report.html
Removing network ozonesecure_default
Network ozonesecure_default not found.
Output:  /home/runner/work/ozone/ozone/hadoop-ozone/dist/target/ozone-1.4.0-SNAPSHOT/compose/result/ozonesecure-root-ca-rotation.xml
removed 'ozonesecure/result/robot-1.xml'
removed 'ozonesecure/result/robot-2.xml'
removed 'ozonesecure/result/robot-3.xml'
removed 'ozonesecure/result/robot-4.xml'
removed 'ozonesecure/result/log.html'
removed 'ozonesecure/result/report.html'
renamed 'ozonesecure/result/dn-audit-13dd754f1521.log' -> '/home/runner/work/ozone/ozone/hadoop-ozone/dist/target/ozone-1.4.0-SNAPSHOT/compose/result/ozonesecure/root-ca-rotation/dn-audit-13dd754f1521.log'
renamed 'ozonesecure/result/dn-audit-cfdc036c564a.log' -> '/home/runner/work/ozone/ozone/hadoop-ozone/dist/target/ozone-1.4.0-SNAPSHOT/compose/result/ozonesecure/root-ca-rotation/dn-audit-cfdc036c564a.log'
renamed 'ozonesecure/result/dn-audit-e45d8a43c6f3.log' -> '/home/runner/work/ozone/ozone/hadoop-ozone/dist/target/ozone-1.4.0-SNAPSHOT/compose/result/ozonesecure/root-ca-rotation/dn-audit-e45d8a43c6f3.log'
renamed 'ozonesecure/result/docker-ozonesecure_datanode_1.log' -> '/home/runner/work/ozone/ozone/hadoop-ozone/dist/target/ozone-1.4.0-SNAPSHOT/compose/result/ozonesecure/root-ca-rotation/docker-ozonesecure_datanode_1.log'
renamed 'ozonesecure/result/docker-ozonesecure_datanode_2.log' -> '/home/runner/work/ozone/ozone/hadoop-ozone/dist/target/ozone-1.4.0-SNAPSHOT/compose/result/ozonesecure/root-ca-rotation/docker-ozonesecure_datanode_2.log'
renamed 'ozonesecure/result/docker-ozonesecure_datanode_3.log' -> '/home/runner/work/ozone/ozone/hadoop-ozone/dist/target/ozone-1.4.0-SNAPSHOT/compose/result/ozonesecure/root-ca-rotation/docker-ozonesecure_datanode_3.log'
renamed 'ozonesecure/result/docker-ozonesecure_httpfs_1.log' -> '/home/runner/work/ozone/ozone/hadoop-ozone/dist/target/ozone-1.4.0-SNAPSHOT/compose/result/ozonesecure/root-ca-rotation/docker-ozonesecure_httpfs_1.log'
renamed 'ozonesecure/result/docker-ozonesecure_kdc_1.log' -> '/home/runner/work/ozone/ozone/hadoop-ozone/dist/target/ozone-1.4.0-SNAPSHOT/compose/result/ozonesecure/root-ca-rotation/docker-ozonesecure_kdc_1.log'
renamed 'ozonesecure/result/docker-ozonesecure_kms_1.log' -> '/home/runner/work/ozone/ozone/hadoop-ozone/dist/target/ozone-1.4.0-SNAPSHOT/compose/result/ozonesecure/root-ca-rotation/docker-ozonesecure_kms_1.log'
renamed 'ozonesecure/result/docker-ozonesecure_om_1.log' -> '/home/runner/work/ozone/ozone/hadoop-ozone/dist/target/ozone-1.4.0-SNAPSHOT/compose/result/ozonesecure/root-ca-rotation/docker-ozonesecure_om_1.log'
renamed 'ozonesecure/result/docker-ozonesecure_recon_1.log' -> '/home/runner/work/ozone/ozone/hadoop-ozone/dist/target/ozone-1.4.0-SNAPSHOT/compose/result/ozonesecure/root-ca-rotation/docker-ozonesecure_recon_1.log'
renamed 'ozonesecure/result/docker-ozonesecure_s3g_1.log' -> '/home/runner/work/ozone/ozone/hadoop-ozone/dist/target/ozone-1.4.0-SNAPSHOT/compose/result/ozonesecure/root-ca-rotation/docker-ozonesecure_s3g_1.log'
renamed 'ozonesecure/result/docker-ozonesecure_scm_1.log' -> '/home/runner/work/ozone/ozone/hadoop-ozone/dist/target/ozone-1.4.0-SNAPSHOT/compose/result/ozonesecure/root-ca-rotation/docker-ozonesecure_scm_1.log'
renamed 'ozonesecure/result/kms-audit.log' -> '/home/runner/work/ozone/ozone/hadoop-ozone/dist/target/ozone-1.4.0-SNAPSHOT/compose/result/ozonesecure/root-ca-rotation/kms-audit.log'
renamed 'ozonesecure/result/om-audit-om.log' -> '/home/runner/work/ozone/ozone/hadoop-ozone/dist/target/ozone-1.4.0-SNAPSHOT/compose/result/ozonesecure/root-ca-rotation/om-audit-om.log'
renamed 'ozonesecure/result/s3g-audit-s3g.log' -> '/home/runner/work/ozone/ozone/hadoop-ozone/dist/target/ozone-1.4.0-SNAPSHOT/compose/result/ozonesecure/root-ca-rotation/s3g-audit-s3g.log'
renamed 'ozonesecure/result/scm-audit-scm.log' -> '/home/runner/work/ozone/ozone/hadoop-ozone/dist/target/ozone-1.4.0-SNAPSHOT/compose/result/ozonesecure/root-ca-rotation/scm-audit-scm.log'
Exception in thread "main" Log:     /home/runner/work/ozone/ozone/hadoop-ozone/dist/target/ozone-1.4.0-SNAPSHOT/compose/result/log.html
Report:  /home/runner/work/ozone/ozone/hadoop-ozone/dist/target/ozone-1.4.0-SNAPSHOT/compose/result/report.html
