#
# A fatal error has been detected by the Java Runtime Environment:
#
#  SIGSEGV (0xb) at pc=0x00007f74a869c325, pid=7831, tid=0x00007f748130d700
#
# JRE version: OpenJDK Runtime Environment (8.0_382-b05) (build 1.8.0_382-b05)
# Java VM: OpenJDK 64-Bit Server VM (25.382-b05 mixed mode linux-amd64 compressed oops)
# Problematic frame:
# C  [libc.so.6+0x83325]  fwrite+0x25
#
# Failed to write core dump. Core dumps have been disabled. To enable core dumping, try "ulimit -c unlimited" before starting Java again
#
# If you would like to submit a bug report, please visit:
#   https://github.com/adoptium/adoptium-support/issues
# The crash happened outside the Java Virtual Machine in native code.
# See problematic frame for where to report the bug.
#

---------------  T H R E A D  ---------------

Current thread (0x00007f74a0ba2000):  JavaThread "pool-4-thread-1" [_thread_in_native, id=7862, stack(0x00007f748120d000,0x00007f748130e000)]

siginfo: si_signo: 11 (SIGSEGV), si_code: 1 (SEGV_MAPERR), si_addr: 0x0000000000000000

Registers:
RAX=0x0000000000000000, RBX=0x0000000000000006, RCX=0x0000000000000000, RDX=0x0000000000000001
RSP=0x00007f748130a830, RBP=0x0000000000000001, RSI=0x0000000000000004, RDI=0x00007f748130a874
R8 =0x000055a77b8743c0, R9 =0x0000000000000000, R10=0x000055a77b874f90, R11=0x0000000000000000
R12=0x0000000000000004, R13=0x000055a77b874408, R14=0x000000000000000e, R15=0x000055a77b874408
RIP=0x00007f74a869c325, EFLAGS=0x0000000000010202, CSGSFS=0x002b000000000033, ERR=0x0000000000000004
  TRAPNO=0x000000000000000e

Top of Stack: (sp=0x00007f748130a830)
0x00007f748130a830:   00007f748130a840 0000000000000006
0x00007f748130a840:   00007f748130a880 0000000000000000
0x00007f748130a850:   000055a77b874408 000000000000000e
0x00007f748130a860:   000055a77b874408 00007f74829c7016
0x00007f748130a870:   0600000001000100 840f960da44d2a00
0x00007f748130a880:   00007f748130a8b0 00007f74829c7053
0x00007f748130a890:   00007f748130aa00 00007f748130a960
0x00007f748130a8a0:   0000000000000000 0000000000000001
0x00007f748130a8b0:   00007f748130a8d0 00007f74829c7136
0x00007f748130a8c0:   00007f748130ae20 000055a77b8742c0
0x00007f748130a8d0:   00007f748130aa60 00007f74829c9bb8
0x00007f748130a8e0:   0000000000000000 0000000000000000
0x00007f748130a8f0:   00007f74a0b889e0 0000017484018610
0x00007f748130a900:   00007f748130ac20 ffffffffffffffff
0x00007f748130a910:   000055a77bab9403 000000000000000b
0x00007f748130a920:   0000000000000000 0000000000000000
0x00007f748130a930:   000000000000ff01 00007ffffffffff2
0x00007f748130a940:   0000000000000000 0000000100000000
0x00007f748130a950:   00007f748130c000 0000000000000000
0x00007f748130a960:   000055a77b874408 0000000000000006
0x00007f748130a970:   0000000000000000 0000000100000001
0x00007f748130a980:   00007f748130aa10 000000000000000e
0x00007f748130a990:   00ffffffffffffff 0000000000000016
0x00007f748130a9a0:   0000000000000000 0000000000000000
0x00007f748130a9b0:   0000000010000000 0000000000000000
0x00007f748130a9c0:   0000000000000000 000055a77bac4b10
0x00007f748130a9d0:   000055a77babb6a0 0000000000000000
0x00007f748130a9e0:   0000000000000029 000055a77b8754d0
0x00007f748130a9f0:   000055a77bac6340 00007f74822b8b29
0x00007f748130aa00:   00007f748130aa10 000000000000000e
0x00007f748130aa10:   ff16393979656b27 0000ffffffffffff
0x00007f748130aa20:   0000000000000000 840f960da44d2a00 

Instructions: (pc=0x00007f74a869c325)
0x00007f74a869c305:   57 41 56 41 55 41 54 49 89 f4 55 4c 0f af e2 53
0x00007f74a869c315:   48 83 ec 08 4d 85 e4 0f 84 e7 00 00 00 48 89 d5
0x00007f74a869c325:   8b 11 49 89 fe 49 89 f5 48 89 cb 81 e2 00 80 00
0x00007f74a869c335:   00 75 3d 48 8b b9 88 00 00 00 64 4c 8b 3c 25 10 

Register to memory mapping:

RAX=0x0000000000000000 is an unknown value
RBX=0x0000000000000006 is an unknown value
RCX=0x0000000000000000 is an unknown value
RDX=0x0000000000000001 is an unknown value
RSP=0x00007f748130a830 is pointing into the stack for thread: 0x00007f74a0ba2000
RBP=0x0000000000000001 is an unknown value
RSI=0x0000000000000004 is an unknown value
RDI=0x00007f748130a874 is pointing into the stack for thread: 0x00007f74a0ba2000
R8 =0x000055a77b8743c0 is an unknown value
R9 =0x0000000000000000 is an unknown value
R10=0x000055a77b874f90 is an unknown value
R11=0x0000000000000000 is an unknown value
R12=0x0000000000000004 is an unknown value
R13=0x000055a77b874408 is an unknown value
R14=0x000000000000000e is an unknown value
R15=0x000055a77b874408 is an unknown value


Stack: [0x00007f748120d000,0x00007f748130e000],  sp=0x00007f748130a830,  free space=1014k
Native frames: (J=compiled Java code, j=interpreted, Vv=VM code, C=native code)
C  [libc.so.6+0x83325]  fwrite+0x25

Java frames: (J=compiled Java code, j=interpreted, Vv=VM code)
j  org.apache.hadoop.hdds.utils.db.managed.ManagedSSTDumpTool.runInternal([Ljava/lang/String;JJ)I+0
j  org.apache.hadoop.hdds.utils.db.managed.ManagedSSTDumpTool.lambda$run$0([Ljava/lang/String;Lorg/apache/hadoop/hdds/utils/db/managed/ManagedOptions;Lorg/apache/hadoop/hdds/utils/db/managed/PipeInputStream;)Ljava/lang/Integer;+27
j  org.apache.hadoop.hdds.utils.db.managed.ManagedSSTDumpTool$$Lambda$470.call()Ljava/lang/Object;+16
J 1746 C1 java.util.concurrent.FutureTask.run()V (126 bytes) @ 0x00007f7491571354 [0x00007f7491571100+0x254]
j  java.util.concurrent.ThreadPoolExecutor.runWorker(Ljava/util/concurrent/ThreadPoolExecutor$Worker;)V+95
j  java.util.concurrent.ThreadPoolExecutor$Worker.run()V+5
j  java.lang.Thread.run()V+11
v  ~StubRoutines::call_stub

---------------  P R O C E S S  ---------------

Java Threads: ( => current thread )
=>0x00007f74a0ba2000 JavaThread "pool-4-thread-1" [_thread_in_native, id=7862, stack(0x00007f748120d000,0x00007f748130e000)]
  0x00007f74a0b03000 JavaThread "process reaper" daemon [_thread_blocked, id=7847, stack(0x00007f74821a9000,0x00007f74821e2000)]
  0x00007f74a07f7800 JavaThread "surefire-forkedjvm-command-thread" daemon [_thread_in_native, id=7845, stack(0x00007f7483239000,0x00007f748333a000)]
  0x00007f74a07d4800 JavaThread "Service Thread" daemon [_thread_blocked, id=7843, stack(0x00007f7483645000,0x00007f7483746000)]
  0x00007f74a074d800 JavaThread "C1 CompilerThread1" daemon [_thread_blocked, id=7842, stack(0x00007f7483747000,0x00007f7483847000)]
  0x00007f74a07dc800 JavaThread "C2 CompilerThread0" daemon [_thread_blocked, id=7841, stack(0x00007f7483848000,0x00007f7483948000)]
  0x00007f74a0140000 JavaThread "Signal Dispatcher" daemon [_thread_blocked, id=7840, stack(0x00007f748829e000,0x00007f748839f000)]
  0x00007f74a010b000 JavaThread "Finalizer" daemon [_thread_in_vm, id=7839, stack(0x00007f74887f8000,0x00007f74888f9000)]
  0x00007f74a0106800 JavaThread "Reference Handler" daemon [_thread_blocked, id=7838, stack(0x00007f74888f9000,0x00007f74889fa000)]
  0x00007f74a000c000 JavaThread "main" [_thread_in_native, id=7832, stack(0x00007f74a7372000,0x00007f74a7472000)]

Other Threads:
  0x00007f74a00fc800 VMThread [stack: 0x00007f74889fb000,0x00007f7488afb000] [id=7837]
  0x00007f74a07d7000 WatcherThread [stack: 0x00007f7483545000,0x00007f7483645000] [id=7844]

VM state:not at safepoint (normal execution)

VM Mutex/Monitor currently owned by a thread: None

heap address: 0x00000006c0000000, size: 4096 MB, Compressed Oops mode: Zero based, Oop shift amount: 3
Narrow klass base: 0x0000000000000000, Narrow klass shift: 3
Compressed class space size: 1073741824 Address: 0x00000007c0000000

Heap:
 PSYoungGen      total 60928K, used 6822K [0x000000076ab00000, 0x000000076eb00000, 0x00000007c0000000)
  eden space 56320K, 3% used [0x000000076ab00000,0x000000076ad2aa38,0x000000076e200000)
  from space 4608K, 99% used [0x000000076e680000,0x000000076eaff0b8,0x000000076eb00000)
  to   space 4608K, 0% used [0x000000076e200000,0x000000076e200000,0x000000076e680000)
 ParOldGen       total 75264K, used 5878K [0x00000006c0000000, 0x00000006c4980000, 0x000000076ab00000)
  object space 75264K, 7% used [0x00000006c0000000,0x00000006c05bd860,0x00000006c4980000)
 Metaspace       used 13796K, capacity 15298K, committed 15488K, reserved 1062912K
  class space    used 1749K, capacity 2061K, committed 2176K, reserved 1048576K

Card table byte_map: [0x00007f74a5f22000,0x00007f74a6723000] byte_map_base: 0x00007f74a2922000

Marking Bits: (ParMarkBitMap*) 0x00007f74a85fa740
 Begin Bits: [0x00007f7489000000, 0x00007f748d000000)
 End Bits:   [0x00007f748d000000, 0x00007f7491000000)

Polling page: 0x00007f74a8a8a000

CodeCache: size=245760Kb used=5868Kb max_used=5868Kb free=239891Kb
 bounds [0x00007f7491000000, 0x00007f74915c0000, 0x00007f74a0000000]
 total_blobs=2270 nmethods=1855 adapters=328
 compilation: enabled

Compilation events (10 events):
Event: 2.083 Thread 0x00007f74a074d800 1850       3       org.apache.hadoop.hdds.utils.db.managed.ManagedSSTDumpTool$$Lambda$469/2087785333::apply (5 bytes)
Event: 2.083 Thread 0x00007f74a074d800 nmethod 1850 0x00007f74915bc650 code [0x00007f74915bc7c0, 0x00007f74915bca68]
Event: 2.083 Thread 0x00007f74a074d800 1851       3       org.apache.hadoop.hdds.utils.db.managed.ManagedSSTDumpTool::lambda$run$2 (14 bytes)
Event: 2.084 Thread 0x00007f74a074d800 nmethod 1851 0x00007f74915bcc10 code [0x00007f74915bcd80, 0x00007f74915bcfa8]
Event: 2.084 Thread 0x00007f74a074d800 1852       3       org.apache.hadoop.hdds.utils.db.managed.ManagedSSTDumpTool::run (54 bytes)
Event: 2.100 Thread 0x00007f74a074d800 nmethod 1852 0x00007f74915bd0d0 code [0x00007f74915bd2e0, 0x00007f74915bdb28]
Event: 2.100 Thread 0x00007f74a074d800 1853       3       org.apache.hadoop.hdds.utils.db.managed.PipeInputStream::<init> (93 bytes)
Event: 2.101 Thread 0x00007f74a074d800 nmethod 1853 0x00007f74915be150 code [0x00007f74915be340, 0x00007f74915bea18]
Event: 2.101 Thread 0x00007f74a074d800 1855       3       org.apache.hadoop.hdds.utils.db.managed.ManagedSSTDumpTool$$Lambda$470/1846501247::get$Lambda (12 bytes)
Event: 2.101 Thread 0x00007f74a074d800 nmethod 1855 0x00007f74915bee10 code [0x00007f74915bef80, 0x00007f74915bf230]

GC Heap History (8 events):
Event: 0.660 GC heap before
{Heap before GC invocations=1 (full 0):
 PSYoungGen      total 32768K, used 28160K [0x000000076ab00000, 0x000000076cf80000, 0x00000007c0000000)
  eden space 28160K, 100% used [0x000000076ab00000,0x000000076c680000,0x000000076c680000)
  from space 4608K, 0% used [0x000000076cb00000,0x000000076cb00000,0x000000076cf80000)
  to   space 4608K, 0% used [0x000000076c680000,0x000000076c680000,0x000000076cb00000)
 ParOldGen       total 75264K, used 0K [0x00000006c0000000, 0x00000006c4980000, 0x000000076ab00000)
  object space 75264K, 0% used [0x00000006c0000000,0x00000006c0000000,0x00000006c4980000)
 Metaspace       used 6620K, capacity 6784K, committed 7040K, reserved 1056768K
  class space    used 735K, capacity 794K, committed 896K, reserved 1048576K
Event: 0.663 GC heap after
Heap after GC invocations=1 (full 0):
 PSYoungGen      total 32768K, used 2801K [0x000000076ab00000, 0x000000076cf80000, 0x00000007c0000000)
  eden space 28160K, 0% used [0x000000076ab00000,0x000000076ab00000,0x000000076c680000)
  from space 4608K, 60% used [0x000000076c680000,0x000000076c93c558,0x000000076cb00000)
  to   space 4608K, 0% used [0x000000076cb00000,0x000000076cb00000,0x000000076cf80000)
 ParOldGen       total 75264K, used 8K [0x00000006c0000000, 0x00000006c4980000, 0x000000076ab00000)
  object space 75264K, 0% used [0x00000006c0000000,0x00000006c0002000,0x00000006c4980000)
 Metaspace       used 6620K, capacity 6784K, committed 7040K, reserved 1056768K
  class space    used 735K, capacity 794K, committed 896K, reserved 1048576K
}
Event: 0.945 GC heap before
{Heap before GC invocations=2 (full 0):
 PSYoungGen      total 32768K, used 30961K [0x000000076ab00000, 0x000000076cf80000, 0x00000007c0000000)
  eden space 28160K, 100% used [0x000000076ab00000,0x000000076c680000,0x000000076c680000)
  from space 4608K, 60% used [0x000000076c680000,0x000000076c93c558,0x000000076cb00000)
  to   space 4608K, 0% used [0x000000076cb00000,0x000000076cb00000,0x000000076cf80000)
 ParOldGen       total 75264K, used 8K [0x00000006c0000000, 0x00000006c4980000, 0x000000076ab00000)
  object space 75264K, 0% used [0x00000006c0000000,0x00000006c0002000,0x00000006c4980000)
 Metaspace       used 9517K, capacity 9992K, committed 10368K, reserved 1058816K
  class space    used 1170K, capacity 1286K, committed 1408K, reserved 1048576K
Event: 0.950 GC heap after
Heap after GC invocations=2 (full 0):
 PSYoungGen      total 32768K, used 3171K [0x000000076ab00000, 0x000000076eb00000, 0x00000007c0000000)
  eden space 28160K, 0% used [0x000000076ab00000,0x000000076ab00000,0x000000076c680000)
  from space 4608K, 68% used [0x000000076cb00000,0x000000076ce18d00,0x000000076cf80000)
  to   space 4608K, 0% used [0x000000076c680000,0x000000076c680000,0x000000076cb00000)
 ParOldGen       total 75264K, used 24K [0x00000006c0000000, 0x00000006c4980000, 0x000000076ab00000)
  object space 75264K, 0% used [0x00000006c0000000,0x00000006c0006000,0x00000006c4980000)
 Metaspace       used 9517K, capacity 9992K, committed 10368K, reserved 1058816K
  class space    used 1170K, capacity 1286K, committed 1408K, reserved 1048576K
}
Event: 1.269 GC heap before
{Heap before GC invocations=3 (full 0):
 PSYoungGen      total 32768K, used 31331K [0x000000076ab00000, 0x000000076eb00000, 0x00000007c0000000)
  eden space 28160K, 100% used [0x000000076ab00000,0x000000076c680000,0x000000076c680000)
  from space 4608K, 68% used [0x000000076cb00000,0x000000076ce18d00,0x000000076cf80000)
  to   space 4608K, 0% used [0x000000076c680000,0x000000076c680000,0x000000076cb00000)
 ParOldGen       total 75264K, used 24K [0x00000006c0000000, 0x00000006c4980000, 0x000000076ab00000)
  object space 75264K, 0% used [0x00000006c0000000,0x00000006c0006000,0x00000006c4980000)
 Metaspace       used 12072K, capacity 13310K, committed 13440K, reserved 1060864K
  class space    used 1570K, capacity 1835K, committed 1920K, reserved 1048576K
Event: 1.273 GC heap after
Heap after GC invocations=3 (full 0):
 PSYoungGen      total 32768K, used 3504K [0x000000076ab00000, 0x000000076eb00000, 0x00000007c0000000)
  eden space 28160K, 0% used [0x000000076ab00000,0x000000076ab00000,0x000000076c680000)
  from space 4608K, 76% used [0x000000076c680000,0x000000076c9ec278,0x000000076cb00000)
  to   space 4608K, 0% used [0x000000076e680000,0x000000076e680000,0x000000076eb00000)
 ParOldGen       total 75264K, used 32K [0x00000006c0000000, 0x00000006c4980000, 0x000000076ab00000)
  object space 75264K, 0% used [0x00000006c0000000,0x00000006c0008000,0x00000006c4980000)
 Metaspace       used 12072K, capacity 13310K, committed 13440K, reserved 1060864K
  class space    used 1570K, capacity 1835K, committed 1920K, reserved 1048576K
}
Event: 2.084 GC heap before
{Heap before GC invocations=4 (full 0):
 PSYoungGen      total 32768K, used 31664K [0x000000076ab00000, 0x000000076eb00000, 0x00000007c0000000)
  eden space 28160K, 100% used [0x000000076ab00000,0x000000076c680000,0x000000076c680000)
  from space 4608K, 76% used [0x000000076c680000,0x000000076c9ec278,0x000000076cb00000)
  to   space 4608K, 0% used [0x000000076e680000,0x000000076e680000,0x000000076eb00000)
 ParOldGen       total 75264K, used 32K [0x00000006c0000000, 0x00000006c4980000, 0x000000076ab00000)
  object space 75264K, 0% used [0x00000006c0000000,0x00000006c0008000,0x00000006c4980000)
 Metaspace       used 13788K, capacity 15298K, committed 15488K, reserved 1062912K
  class space    used 1748K, capacity 2061K, committed 2176K, reserved 1048576K
Event: 2.099 GC heap after
Heap after GC invocations=4 (full 0):
 PSYoungGen      total 60928K, used 4604K [0x000000076ab00000, 0x000000076eb00000, 0x00000007c0000000)
  eden space 56320K, 0% used [0x000000076ab00000,0x000000076ab00000,0x000000076e200000)
  from space 4608K, 99% used [0x000000076e680000,0x000000076eaff0b8,0x000000076eb00000)
  to   space 4608K, 0% used [0x000000076e200000,0x000000076e200000,0x000000076e680000)
 ParOldGen       total 75264K, used 5878K [0x00000006c0000000, 0x00000006c4980000, 0x000000076ab00000)
  object space 75264K, 7% used [0x00000006c0000000,0x00000006c05bd860,0x00000006c4980000)
 Metaspace       used 13788K, capacity 15298K, committed 15488K, reserved 1062912K
  class space    used 1748K, capacity 2061K, committed 2176K, reserved 1048576K
}

Deoptimization events (10 events):
Event: 1.455 Thread 0x00007f74a000c000 Uncommon trap: reason=bimorphic action=maybe_recompile pc=0x00007f7491489b34 method=java.lang.ThreadLocal.get()Ljava/lang/Object; @ 6
Event: 1.455 Thread 0x00007f74a000c000 Uncommon trap: reason=bimorphic action=maybe_recompile pc=0x00007f7491489b34 method=java.lang.ThreadLocal.get()Ljava/lang/Object; @ 6
Event: 1.455 Thread 0x00007f74a000c000 Uncommon trap: reason=bimorphic action=maybe_recompile pc=0x00007f7491489b34 method=java.lang.ThreadLocal.get()Ljava/lang/Object; @ 6
Event: 1.778 Thread 0x00007f74a000c000 Uncommon trap: reason=unstable_if action=reinterpret pc=0x00007f74914eca34 method=java.util.Optional.ofNullable(Ljava/lang/Object;)Ljava/util/Optional; @ 1
Event: 1.779 Thread 0x00007f74a000c000 Uncommon trap: reason=class_check action=maybe_recompile pc=0x00007f7491529570 method=java.lang.StringCoding.decode(Ljava/nio/charset/Charset;[BII)[C @ 1
Event: 1.779 Thread 0x00007f74a000c000 Uncommon trap: reason=class_check action=maybe_recompile pc=0x00007f7491529570 method=java.lang.StringCoding.decode(Ljava/nio/charset/Charset;[BII)[C @ 1
Event: 1.779 Thread 0x00007f74a000c000 Uncommon trap: reason=class_check action=maybe_recompile pc=0x00007f7491529570 method=java.lang.StringCoding.decode(Ljava/nio/charset/Charset;[BII)[C @ 1
Event: 1.790 Thread 0x00007f74a000c000 Uncommon trap: reason=class_check action=maybe_recompile pc=0x00007f7491529570 method=java.lang.StringCoding.decode(Ljava/nio/charset/Charset;[BII)[C @ 1
Event: 1.804 Thread 0x00007f74a000c000 Uncommon trap: reason=unstable_if action=reinterpret pc=0x00007f74914f16d8 method=org.apache.commons.lang3.tuple.Pair.equals(Ljava/lang/Object;)Z @ 32
Event: 2.102 Thread 0x00007f74a010b000 Uncommon trap: reason=unstable_if action=reinterpret pc=0x00007f749152ac80 method=java.lang.ThreadLocal.get()Ljava/lang/Object; @ 11

Classes redefined (0 events):
No events

Internal exceptions (10 events):
Event: 1.778 Thread 0x00007f74a000c000 Implicit null exception at 0x00007f7491222e28 to 0x00007f749122364e
Event: 1.778 Thread 0x00007f74a000c000 Exception <a 'java/lang/NullPointerException'> (0x000000076b9d97a8) thrown at [/home/jenkins/workspace/build-scripts/jobs/release/jobs/jdk8u/jdk8u-release-linux-x64-temurin/workspace/build/src/hotspot/src/share/vm/runtime/sharedRuntime.cpp, line 609]
Event: 1.778 Thread 0x00007f74a000c000 Implicit null exception at 0x00007f7491222e28 to 0x00007f749122364e
Event: 1.778 Thread 0x00007f74a000c000 Exception <a 'java/lang/NullPointerException'> (0x000000076b9dc958) thrown at [/home/jenkins/workspace/build-scripts/jobs/release/jobs/jdk8u/jdk8u-release-linux-x64-temurin/workspace/build/src/hotspot/src/share/vm/runtime/sharedRuntime.cpp, line 609]
Event: 1.787 Thread 0x00007f74a000c000 Implicit null exception at 0x00007f7491222e28 to 0x00007f749122364e
Event: 1.787 Thread 0x00007f74a000c000 Exception <a 'java/lang/NullPointerException'> (0x000000076ba26a98) thrown at [/home/jenkins/workspace/build-scripts/jobs/release/jobs/jdk8u/jdk8u-release-linux-x64-temurin/workspace/build/src/hotspot/src/share/vm/runtime/sharedRuntime.cpp, line 609]
Event: 2.102 Thread 0x00007f74a010b000 Implicit null exception at 0x00007f749152a5f3 to 0x00007f749152ac69
Event: 2.103 Thread 0x00007f74a010b000 Exception <a 'java/io/IOException'> (0x000000076ab078b8) thrown at [/home/jenkins/workspace/build-scripts/jobs/release/jobs/jdk8u/jdk8u-release-linux-x64-temurin/workspace/build/src/hotspot/src/share/vm/prims/jni.cpp, line 709]
Event: 2.103 Thread 0x00007f74a010b000 Exception <a 'java/security/PrivilegedActionException'> (0x000000076ab07f90) thrown at [/home/jenkins/workspace/build-scripts/jobs/release/jobs/jdk8u/jdk8u-release-linux-x64-temurin/workspace/build/src/hotspot/src/share/vm/prims/jvm.cpp, line 1514]
Event: 2.103 Thread 0x00007f74a010b000 Exception <a 'java/lang/NoClassDefFoundError': org/apache/hadoop/hdds/utils/db/managed/ManagedRocksObjectMetrics> (0x000000076ab08250) thrown at [/home/jenkins/workspace/build-scripts/jobs/release/jobs/jdk8u/jdk8u-release-linux-x64-temurin/workspace/build

Events (10 events):
Event: 2.100 Executing VM operation: ParallelGCFailedAllocation done
Event: 2.102 loading class org/apache/hadoop/hdds/utils/db/managed/ManagedRocksObjectMetrics
Event: 2.102 loading class org/apache/hadoop/hdds/utils/db/managed/ManagedRocksObjectMetrics done
Event: 2.102 Thread 0x00007f74a010b000 Uncommon trap: trap_request=0xffffff65 fr.pc=0x00007f749152ac80
Event: 2.102 Thread 0x00007f74a010b000 DEOPT PACKING pc=0x00007f749152ac80 sp=0x00007f74888f5580
Event: 2.102 Thread 0x00007f74a010b000 DEOPT UNPACKING pc=0x00007f749104547a sp=0x00007f74888f5408 mode 2
Event: 2.103 loading class java/io/InterruptedIOException
Event: 2.103 loading class java/io/InterruptedIOException done
Event: 2.103 loading class org/apache/hadoop/hdds/utils/db/managed/ManagedRocksObjectUtils
Event: 2.103 loading class org/apache/hadoop/hdds/utils/db/managed/ManagedRocksObjectUtils done


Dynamic libraries:
6c0000000-6c4980000 rw-p 00000000 00:00 0 
6c4980000-76ab00000 ---p 00000000 00:00 0 
76ab00000-76eb00000 rw-p 00000000 00:00 0 
76eb00000-7c0000000 ---p 00000000 00:00 0 
7c0000000-7c0220000 rw-p 00000000 00:00 0 
7c0220000-800000000 ---p 00000000 00:00 0 
55a779e00000-55a779e01000 r-xp 00000000 08:01 3638277                    /usr/lib/jvm/temurin-8-jdk-amd64/jre/bin/java
55a77a000000-55a77a001000 r--p 00000000 08:01 3638277                    /usr/lib/jvm/temurin-8-jdk-amd64/jre/bin/java
55a77a001000-55a77a002000 rw-p 00001000 08:01 3638277                    /usr/lib/jvm/temurin-8-jdk-amd64/jre/bin/java
55a77b715000-55a77bf1c000 rw-p 00000000 00:00 0                          [heap]
7f747c000000-7f747c496000 rw-p 00000000 00:00 0 
7f747c496000-7f7480000000 ---p 00000000 00:00 0 
7f748120d000-7f7481210000 ---p 00000000 00:00 0 
7f7481210000-7f748140e000 rw-p 00000000 00:00 0 
7f748140e000-7f748150e000 ---p 00000000 00:00 0 
7f748150e000-7f7481f76000 r-xp 00000000 08:01 133149                     /tmp/librocksdbjni2832040404126966547.so
7f7481f76000-7f7482176000 ---p 00a68000 08:01 133149                     /tmp/librocksdbjni2832040404126966547.so
7f7482176000-7f7482195000 r--p 00a68000 08:01 133149                     /tmp/librocksdbjni2832040404126966547.so
7f7482195000-7f74821a2000 rw-p 00a87000 08:01 133149                     /tmp/librocksdbjni2832040404126966547.so
7f74821a2000-7f74821a9000 rw-p 00000000 00:00 0 
7f74821a9000-7f74821ac000 ---p 00000000 00:00 0 
7f74821ac000-7f74821e2000 rw-p 00000000 00:00 0 
7f74821e2000-7f74821f3000 r--s 001c5000 08:01 3638371                    /usr/lib/jvm/temurin-8-jdk-amd64/jre/lib/jsse.jar
7f74821f3000-7f74821f6000 r--p 00000000 08:01 4763                       /usr/lib/x86_64-linux-gnu/libgcc_s.so.1
7f74821f6000-7f7482208000 r-xp 00003000 08:01 4763                       /usr/lib/x86_64-linux-gnu/libgcc_s.so.1
7f7482208000-7f748220c000 r--p 00015000 08:01 4763                       /usr/lib/x86_64-linux-gnu/libgcc_s.so.1
7f748220c000-7f748220d000 r--p 00018000 08:01 4763                       /usr/lib/x86_64-linux-gnu/libgcc_s.so.1
7f748220d000-7f748220e000 rw-p 00019000 08:01 4763                       /usr/lib/x86_64-linux-gnu/libgcc_s.so.1
7f748220e000-7f74822a4000 r--p 00000000 08:01 4762                       /usr/lib/x86_64-linux-gnu/libstdc++.so.6.0.28
7f74822a4000-7f7482395000 r-xp 00096000 08:01 4762                       /usr/lib/x86_64-linux-gnu/libstdc++.so.6.0.28
7f7482395000-7f74823de000 r--p 00187000 08:01 4762                       /usr/lib/x86_64-linux-gnu/libstdc++.so.6.0.28
7f74823de000-7f74823df000 ---p 001d0000 08:01 4762                       /usr/lib/x86_64-linux-gnu/libstdc++.so.6.0.28
7f74823df000-7f74823ea000 r--p 001d0000 08:01 4762                       /usr/lib/x86_64-linux-gnu/libstdc++.so.6.0.28
7f74823ea000-7f74823ed000 rw-p 001db000 08:01 4762                       /usr/lib/x86_64-linux-gnu/libstdc++.so.6.0.28
7f74823ed000-7f74823f0000 rw-p 00000000 00:00 0 
7f74823ff000-7f74825c1000 r--p 00000000 08:01 133144                     /home/runner/work/ozone/ozone/hadoop-hdds/rocks-native/target/native/rocksdb/libozone_rocksdb_tools.so
7f74825c1000-7f7482d07000 r-xp 001c2000 08:01 133144                     /home/runner/work/ozone/ozone/hadoop-hdds/rocks-native/target/native/rocksdb/libozone_rocksdb_tools.so
7f7482d07000-7f7482e0b000 r--p 00908000 08:01 133144                     /home/runner/work/ozone/ozone/hadoop-hdds/rocks-native/target/native/rocksdb/libozone_rocksdb_tools.so
7f7482e0b000-7f7482e24000 r--p 00a0b000 08:01 133144                     /home/runner/work/ozone/ozone/hadoop-hdds/rocks-native/target/native/rocksdb/libozone_rocksdb_tools.so
7f7482e24000-7f7482e2f000 rw-p 00a24000 08:01 133144                     /home/runner/work/ozone/ozone/hadoop-hdds/rocks-native/target/native/rocksdb/libozone_rocksdb_tools.so
7f7482e2f000-7f7483039000 rw-p 00000000 00:00 0 
7f7483039000-7f7483239000 rw-p 00000000 00:00 0 
7f7483239000-7f748323c000 ---p 00000000 00:00 0 
7f748323c000-7f748333a000 rw-p 00000000 00:00 0 
7f748333a000-7f7483342000 r-xp 00000000 08:01 3638315                    /usr/lib/jvm/temurin-8-jdk-amd64/jre/lib/amd64/libmanagement.so
7f7483342000-7f7483542000 ---p 00008000 08:01 3638315                    /usr/lib/jvm/temurin-8-jdk-amd64/jre/lib/amd64/libmanagement.so
7f7483542000-7f7483543000 r--p 00008000 08:01 3638315                    /usr/lib/jvm/temurin-8-jdk-amd64/jre/lib/amd64/libmanagement.so
7f7483543000-7f7483544000 rw-p 00009000 08:01 3638315                    /usr/lib/jvm/temurin-8-jdk-amd64/jre/lib/amd64/libmanagement.so
7f7483544000-7f7483545000 ---p 00000000 00:00 0 
7f7483545000-7f7483645000 rw-p 00000000 00:00 0 
7f7483645000-7f7483648000 ---p 00000000 00:00 0 
7f7483648000-7f7483746000 rw-p 00000000 00:00 0 
7f7483746000-7f7483747000 ---p 00000000 00:00 0 
7f7483747000-7f748374a000 ---p 00000000 00:00 0 
7f748374a000-7f7483847000 rw-p 00000000 00:00 0 
7f7483847000-7f7483848000 ---p 00000000 00:00 0 
7f7483848000-7f748384b000 ---p 00000000 00:00 0 
7f748384b000-7f7483948000 rw-p 00000000 00:00 0 
7f7483948000-7f748394f000 r--s 000d3000 08:01 3638370                    /usr/lib/jvm/temurin-8-jdk-amd64/jre/lib/jfr.jar
7f748394f000-7f7483967000 r-xp 00000000 08:01 3638317                    /usr/lib/jvm/temurin-8-jdk-amd64/jre/lib/amd64/libnet.so
7f7483967000-7f7483b66000 ---p 00018000 08:01 3638317                    /usr/lib/jvm/temurin-8-jdk-amd64/jre/lib/amd64/libnet.so
7f7483b66000-7f7483b67000 r--p 00017000 08:01 3638317                    /usr/lib/jvm/temurin-8-jdk-amd64/jre/lib/amd64/libnet.so
7f7483b67000-7f7483b68000 rw-p 00018000 08:01 3638317                    /usr/lib/jvm/temurin-8-jdk-amd64/jre/lib/amd64/libnet.so
7f7483b68000-7f7483b79000 r-xp 00000000 08:01 3638318                    /usr/lib/jvm/temurin-8-jdk-amd64/jre/lib/amd64/libnio.so
7f7483b79000-7f7483d78000 ---p 00011000 08:01 3638318                    /usr/lib/jvm/temurin-8-jdk-amd64/jre/lib/amd64/libnio.so
7f7483d78000-7f7483d79000 r--p 00010000 08:01 3638318                    /usr/lib/jvm/temurin-8-jdk-amd64/jre/lib/amd64/libnio.so
7f7483d79000-7f7483d7a000 rw-p 00011000 08:01 3638318                    /usr/lib/jvm/temurin-8-jdk-amd64/jre/lib/amd64/libnio.so
7f7483d7a000-7f7483d80000 r--s 0003f000 08:01 119620                     /home/runner/.m2/repository/org/jacoco/org.jacoco.agent/0.8.5/org.jacoco.agent-0.8.5-runtime.jar
7f7483d80000-7f7483d82000 r--s 0000f000 08:01 115582                     /home/runner/.m2/repository/org/junit/vintage/junit-vintage-engine/5.8.2/junit-vintage-engine-5.8.2.jar
7f7483d82000-7f7483d87000 r--s 00034000 08:01 115568                     /home/runner/.m2/repository/org/junit/jupiter/junit-jupiter-engine/5.8.2/junit-jupiter-engine-5.8.2.jar
7f7483d87000-7f7483d8c000 r--s 00029000 08:01 115617                     /home/runner/.m2/repository/org/junit/platform/junit-platform-engine/1.8.2/junit-platform-engine-1.8.2.jar
7f7483d8c000-7f7483d90000 r--s 00023000 08:01 115601                     /home/runner/.m2/repository/org/junit/platform/junit-platform-launcher/1.8.2/junit-platform-launcher-1.8.2.jar
7f7483d90000-7f7483d91000 r--s 00003000 08:01 119000                     /home/runner/.m2/repository/org/apache/maven/surefire/common-java5/3.0.0-M5/common-java5-3.0.0-M5.jar
7f7483d91000-7f7483d92000 r--s 00005000 08:01 119036                     /home/runner/.m2/repository/org/apache/maven/surefire/surefire-junit-platform/3.0.0-M5/surefire-junit-platform-3.0.0-M5.jar
7f7483d92000-7f7483d94000 r--s 00009000 08:01 121773                     /home/runner/.m2/repository/org/hamcrest/hamcrest-core/1.3/hamcrest-core-1.3.jar
7f7483d94000-7f7483d9e000 r--s 00054000 08:01 115532                     /home/runner/.m2/repository/junit/junit/4.13.1/junit-4.13.1.jar
7f7483d9e000-7f7483d9f000 r--s 00000000 08:01 120266                     /home/runner/.m2/repository/org/mockito/mockito-inline/3.5.9/mockito-inline-3.5.9.jar
7f7483d9f000-7f7483da1000 r--s 00005000 08:01 120627                     /home/runner/.m2/repository/org/objenesis/objenesis/1.0/objenesis-1.0.jar
7f7483da1000-7f7483da4000 r--s 0003d000 08:01 123557                     /home/runner/.m2/repository/net/bytebuddy/byte-buddy-agent/1.10.13/byte-buddy-agent-1.10.13.jar
7f7483da4000-7f7483dee000 r--s 00308000 08:01 123578                     /home/runner/.m2/repository/net/bytebuddy/byte-buddy/1.10.13/byte-buddy-1.10.13.jar
7f7483dee000-7f7483e00000 r--s 00092000 08:01 120252                     /home/runner/.m2/repository/org/mockito/mockito-core/3.5.9/mockito-core-3.5.9.jar
7f7483e00000-7f7483e01000 r--s 00001000 08:01 120270                     /home/runner/.m2/repository/org/mockito/mockito-junit-jupiter/3.5.9/mockito-junit-jupiter-3.5.9.jar
7f7483e01000-7f7483e0d000 r--s 00081000 08:01 115558                     /home/runner/.m2/repository/org/junit/jupiter/junit-jupiter-params/5.8.2/junit-jupiter-params-5.8.2.jar
7f7483e0d000-7f7483e0e000 r--s 00001000 08:01 120614                     /home/runner/.m2/repository/org/apiguardian/apiguardian-api/1.1.2/apiguardian-api-1.1.2.jar
7f7483e0e000-7f7483e10000 r--s 00017000 08:01 115592                     /home/runner/.m2/repository/org/junit/platform/junit-platform-commons/1.8.2/junit-platform-commons-1.8.2.jar
7f7483e10000-7f7483e11000 r--s 00001000 08:01 121791                     /home/runner/.m2/repository/org/opentest4j/opentest4j/1.2.0/opentest4j-1.2.0.jar
7f7483e11000-7f7483e17000 r--s 0002a000 08:01 115549                     /home/runner/.m2/repository/org/junit/jupiter/junit-jupiter-api/5.8.2/junit-jupiter-api-5.8.2.jar
7f7483e17000-7f7483e1a000 r--s 00006000 08:01 122998                     /home/runner/.m2/repository/com/google/code/findbugs/jsr305/3.0.0/jsr305-3.0.0.jar
7f7483e1a000-7f7483e1c000 r--s 00002000 08:01 123123                     /home/runner/.m2/repository/com/github/spotbugs/spotbugs-annotations/3.1.12/spotbugs-annotations-3.1.12.jar
7f7483e1c000-7f7483e25000 r--s 00086000 08:01 119846                     /home/runner/.m2/repository/org/eclipse/jetty/jetty-util/9.4.52.v20230823/jetty-util-9.4.52.v20230823.jar
7f7483e25000-7f7483e29000 r--s 00029000 08:01 119969                     /home/runner/.m2/repository/org/eclipse/jetty/jetty-io/9.4.52.v20230823/jetty-io-9.4.52.v20230823.jar
7f7483e29000-7f7483e2d000 r--s 0001b000 08:01 121782                     /home/runner/.m2/repository/org/hamcrest/hamcrest/2.1/hamcrest-2.1.jar
7f7483e2d000-7f7483e30000 r--s 00015000 08:01 122172                     /home/runner/.m2/repository/org/awaitility/awaitility/4.2.0/awaitility-4.2.0.jar
7f7483e30000-7f7483e36000 r--s 036fe000 08:01 120169                     /home/runner/.m2/repository/org/rocksdb/rocksdbjni/7.7.3/rocksdbjni-7.7.3.jar
7f7483e36000-7f7483e38000 r--s 00006000 08:01 124234                     /home/runner/.m2/repository/io/grpc/grpc-context/1.51.1/grpc-context-1.51.1.jar
7f7483e38000-7f7483e3e000 r--s 0003a000 08:01 124191                     /home/runner/.m2/repository/io/grpc/grpc-api/1.51.1/grpc-api-1.51.1.jar
7f7483e3e000-7f7483e51000 r--s 00156000 08:01 117140                     /home/runner/.m2/repository/org/apache/hadoop/thirdparty/hadoop-shaded-protobuf_3_7/1.1.1/hadoop-shaded-protobuf_3_7-1.1.1.jar
7f7483e51000-7f7483e5b000 r--s 000aa000 08:01 119653                     /home/runner/.m2/repository/org/javassist/javassist/3.21.0-GA/javassist-3.21.0-GA.jar
7f7483e5b000-7f7483e5e000 r--s 0001d000 08:01 119701                     /home/runner/.m2/repository/org/reflections/reflections/0.9.11/reflections-0.9.11.jar
7f7483e5e000-7f7483e65000 r--s 0004b000 08:01 119710                     /home/runner/.m2/repository/org/yaml/snakeyaml/2.0/snakeyaml-2.0.jar
7f7483e65000-7f7483e66000 r--s 00002000 08:01 124142                     /home/runner/.m2/repository/io/opentracing/opentracing-noop/0.33.0/opentracing-noop-0.33.0.jar
7f7483e66000-7f7483e68000 r--s 00003000 08:01 124167                     /home/runner/.m2/repository/io/opentracing/opentracing-api/0.33.0/opentracing-api-0.33.0.jar
7f7483e68000-7f7483e69000 r--s 00001000 08:01 124155                     /home/runner/.m2/repository/io/opentracing/opentracing-util/0.33.0/opentracing-util-0.33.0.jar
7f7483e69000-7f7483e6b000 r--s 00003000 08:01 119532                     /home/runner/.m2/repository/org/jetbrains/annotations/13.0/annotations-13.0.jar
7f7483e6b000-7f7483e73000 r--s 00029000 08:01 119517                     /home/runner/.m2/repository/org/jetbrains/kotlin/kotlin-stdlib-common/1.6.21/kotlin-stdlib-common-1.6.21.jar
7f7483e73000-7f7483e88000 r--s 0015c000 08:01 119523                     /home/runner/.m2/repository/org/jetbrains/kotlin/kotlin-stdlib/1.6.21/kotlin-stdlib-1.6.21.jar
7f7483e88000-7f7483e8e000 r--s 00037000 08:01 122988                     /home/runner/.m2/repository/com/google/code/gson/gson/2.9.0/gson-2.9.0.jar
7f7483e8e000-7f7483f08000 r--s 00536000 08:01 119616                     /home/runner/.m2/repository/org/bouncycastle/bcprov-jdk15on/1.67/bcprov-jdk15on-1.67.jar
7f7483f08000-7f7484000000 r--s 00f58000 08:01 115900                     /home/runner/.m2/repository/org/apache/ratis/ratis-thirdparty-misc/1.0.4/ratis-thirdparty-misc-1.0.4.jar
7f7484000000-7f748422b000 rw-p 00000000 00:00 0 
7f748422b000-7f7488000000 ---p 00000000 00:00 0 
7f7488000000-7f7488001000 r--s 00001000 08:01 124146                     /home/runner/.m2/repository/io/opentracing/contrib/opentracing-tracerresolver/0.1.8/opentracing-tracerresolver-0.1.8.jar
7f7488001000-7f7488002000 r--s 00000000 08:01 124121                     /home/runner/.m2/repository/io/jaegertracing/jaeger-tracerresolver/1.6.0/jaeger-tracerresolver-1.6.0.jar
7f7488002000-7f7488006000 r--s 00020000 08:01 124108                     /home/runner/.m2/repository/io/jaegertracing/jaeger-core/1.6.0/jaeger-core-1.6.0.jar
7f7488006000-7f7488007000 r--s 00000000 08:01 119504                     /home/runner/.m2/repository/org/jetbrains/kotlin/kotlin-stdlib-jdk7/1.8.0/kotlin-stdlib-jdk7-1.8.0.jar
7f7488007000-7f7488008000 r--s 00000000 08:01 119509                     /home/runner/.m2/repository/org/jetbrains/kotlin/kotlin-stdlib-jdk8/1.8.0/kotlin-stdlib-jdk8-1.8.0.jar
7f7488008000-7f748800b000 r--s 00055000 08:01 123103                     /home/runner/.m2/repository/com/squareup/okio/okio-jvm/3.4.0/okio-jvm-3.4.0.jar
7f748800b000-7f748800d000 r--s 00005000 08:01 123090                     /home/runner/.m2/repository/com/squareup/okio/okio/3.4.0/okio-3.4.0.jar
7f748800d000-7f7488016000 r--s 000b9000 08:01 123084                     /home/runner/.m2/repository/com/squareup/okhttp3/okhttp/4.9.3/okhttp-4.9.3.jar
7f7488016000-7f748801d000 r--s 00044000 08:01 115659                     /home/runner/.m2/repository/org/apache/thrift/libthrift/0.14.1/libthrift-0.14.1.jar
7f748801d000-7f748802c000 r--s 0009e000 08:01 124119                     /home/runner/.m2/repository/io/jaegertracing/jaeger-thrift/1.6.0/jaeger-thrift-1.6.0.jar
7f748802c000-7f748802d000 r--s 00000000 08:01 124101                     /home/runner/.m2/repository/io/jaegertracing/jaeger-client/1.6.0/jaeger-client-1.6.0.jar
7f748802d000-7f748803a000 r--s 00083000 08:01 123737                     /home/runner/.m2/repository/commons-collections/commons-collections/3.2.2/commons-collections-3.2.2.jar
7f748803a000-7f748803e000 r--s 00020000 08:01 123489                     /home/runner/.m2/repository/commons-digester/commons-digester/1.8.1/commons-digester-1.8.1.jar
7f748803e000-7f7488043000 r--s 00038000 08:01 122396                     /home/runner/.m2/repository/commons-beanutils/commons-beanutils/1.9.4/commons-beanutils-1.9.4.jar
7f7488043000-7f7488047000 r--s 0002a000 08:01 123667                     /home/runner/.m2/repository/commons-validator/commons-validator/1.6/commons-validator-1.6.jar
7f7488047000-7f748805b000 r--s 000c5000 08:01 119603                     /home/runner/.m2/repository/org/bouncycastle/bcpkix-jdk15on/1.67/bcpkix-jdk15on-1.67.jar
7f748805b000-7f748805e000 r--s 0001d000 08:01 116641                     /home/runner/.m2/repository/org/apache/commons/commons-pool2/2.6.0/commons-pool2-2.6.0.jar
7f748805e000-7f7488061000 r--s 00020000 08:01 115717                     /home/runner/.m2/repository/org/apache/ratis/ratis-grpc/2.5.1/ratis-grpc-2.5.1.jar
7f7488061000-7f7488064000 r--s 0001a000 08:01 115890                     /home/runner/.m2/repository/org/apache/ratis/ratis-netty/2.5.1/ratis-netty-2.5.1.jar
7f7488064000-7f7488066000 r--s 00005000 08:01 115766                     /home/runner/.m2/repository/org/apache/ratis/ratis-metrics/2.5.1/ratis-metrics-2.5.1.jar
7f7488066000-7f748806a000 r--s 00014000 08:01 115823                     /home/runner/.m2/repository/org/apache/ratis/ratis-server-api/2.5.1/ratis-server-api-2.5.1.jar
7f748806a000-7f748806d000 r--s 0001a000 08:01 115859                     /home/runner/.m2/repository/org/apache/ratis/ratis-client/2.5.1/ratis-client-2.5.1.jar
7f748806d000-7f7488074000 r--s 0004d000 08:01 115844                     /home/runner/.m2/repository/org/apache/ratis/ratis-common/2.5.1/ratis-common-2.5.1.jar
7f7488074000-7f7488085000 r--s 00149000 08:01 115753                     /home/runner/.m2/repository/org/apache/ratis/ratis-proto/2.5.1/ratis-proto-2.5.1.jar
7f7488085000-7f748808b000 r--s 00068000 08:01 115786                     /home/runner/.m2/repository/org/apache/ratis/ratis-server/2.5.1/ratis-server-2.5.1.jar
7f748808b000-7f748808f000 r--s 0001e000 08:01 123815                     /home/runner/.m2/repository/io/dropwizard/metrics/metrics-core/3.2.4/metrics-core-3.2.4.jar
7f748808f000-7f7488091000 r--s 00005000 08:01 122311                     /home/runner/.m2/repository/javax/annotation/javax.annotation-api/1.2/javax.annotation-api-1.2.jar
7f7488091000-7f74880a8000 r--s 0015f000 08:01 123233                     /home/runner/.m2/repository/com/fasterxml/jackson/core/jackson-databind/2.13.4.2/jackson-databind-2.13.4.2.jar
7f74880a8000-7f74880ad000 r--s 00057000 08:01 123225                     /home/runner/.m2/repository/com/fasterxml/jackson/core/jackson-core/2.13.4/jackson-core-2.13.4.jar
7f74880ad000-7f74880b0000 r--s 0001b000 08:01 123278                     /home/runner/.m2/repository/com/fasterxml/jackson/datatype/jackson-datatype-jsr310/2.13.4/jackson-datatype-jsr310-2.13.4.jar
7f74880b0000-7f74880b3000 r--s 00010000 08:01 123208                     /home/runner/.m2/repository/com/fasterxml/jackson/core/jackson-annotations/2.13.4/jackson-annotations-2.13.4.jar
7f74880b3000-7f74880bb000 r--s 0007b000 08:01 123069                     /home/runner/.m2/repository/com/google/protobuf/protobuf-java/2.5.0/protobuf-java-2.5.0.jar
7f74880bb000-7f74880c1000 r--s 0005d000 08:01 123381                     /home/runner/.m2/repository/info/picocli/picocli/4.6.1/picocli-4.6.1.jar
7f74880c1000-7f748810c000 r--s 005b9000 08:01 116948                     /home/runner/.m2/repository/org/apache/hadoop/hadoop-hdfs/3.3.6/hadoop-hdfs-3.3.6.jar
7f748810c000-7f748810f000 r--s 001de000 08:01 120190                     /home/runner/.m2/repository/org/xerial/snappy/snappy-java/1.1.8.2/snappy-java-1.1.8.2.jar
7f748810f000-7f7488115000 r--s 0007a000 08:01 123166                     /home/runner/.m2/repository/com/fasterxml/woodstox/woodstox-core/5.4.0/woodstox-core-5.4.0.jar
7f7488115000-7f7488119000 r--s 0002c000 08:01 120638                     /home/runner/.m2/repository/org/codehaus/woodstox/stax2-api/4.2.1/stax2-api-4.2.1.jar
7f7488119000-7f748811a000 r--s 00009000 08:01 116076                     /home/runner/.m2/repository/org/apache/kerby/kerby-util/1.0.1/kerby-util-1.0.1.jar
7f748811a000-7f748811c000 r--s 00017000 08:01 116113                     /home/runner/.m2/repository/org/apache/kerby/kerby-asn1/1.0.1/kerby-asn1-1.0.1.jar
7f748811c000-7f7488123000 r--s 0002b000 08:01 116073                     /home/runner/.m2/repository/org/apache/kerby/kerby-pkix/1.0.1/kerby-pkix-1.0.1.jar
7f7488123000-7f748812a000 r--s 00031000 08:01 116083                     /home/runner/.m2/repository/org/apache/kerby/kerb-core/1.0.1/kerb-core-1.0.1.jar
7f748812a000-7f748812c000 r--s 00018000 08:01 117007                     /home/runner/.m2/repository/org/apache/hadoop/hadoop-auth/3.3.6/hadoop-auth-3.3.6.jar
7f748812c000-7f748812e000 r--s 0001e000 08:01 122980                     /home/runner/.m2/repository/com/google/re2j/re2j/1.1/re2j-1.1.jar
7f748812e000-7f748813a000 r--s 0008b000 08:01 116577                     /home/runner/.m2/repository/org/apache/commons/commons-configuration2/2.1.1/commons-configuration2-2.1.1.jar
7f748813a000-7f748813c000 r--s 0000a000 08:01 122216                     /home/runner/.m2/repository/jakarta/activation/jakarta.activation-api/1.2.2/jakarta.activation-api-1.2.2.jar
7f748813c000-7f7488144000 r--s 00049000 08:01 116267                     /home/runner/.m2/repository/org/apache/httpcomponents/httpcore/4.4.13/httpcore-4.4.13.jar
7f7488144000-7f7488151000 r--s 000b2000 08:01 116192                     /home/runner/.m2/repository/org/apache/httpcomponents/httpclient/4.5.13/httpclient-4.5.13.jar
7f7488151000-7f74881a2000 r--s 002e4000 08:01 117148                     /home/runner/.m2/repository/org/apache/hadoop/thirdparty/hadoop-shaded-guava/1.1.1/hadoop-shaded-guava-1.1.1.jar
7f74881a2000-7f74881e7000 r--s 0041f000 08:01 117124                     /home/runner/.m2/repository/org/apache/hadoop/hadoop-common/3.3.6/hadoop-common-3.3.6.jar
7f74881e7000-7f7488261000 r--s 01107000 08:01 3638411                    /usr/lib/jvm/temurin-8-jdk-amd64/lib/tools.jar
7f7488261000-7f7488263000 r--s 00005000 08:01 116885                     /home/runner/.m2/repository/org/apache/hadoop/hadoop-annotations/3.3.6/hadoop-annotations-3.3.6.jar
7f7488263000-7f7488269000 r--s 00044000 08:01 116330                     /home/runner/.m2/repository/org/apache/logging/log4j/log4j-api/2.17.1/log4j-api-2.17.1.jar
7f7488269000-7f748826b000 r--s 00009000 08:01 120369                     /home/runner/.m2/repository/org/slf4j/slf4j-api/1.7.36/slf4j-api-1.7.36.jar
7f748826b000-7f748829e000 r--s 002b2000 08:01 122814                     /home/runner/.m2/repository/com/google/guava/guava/32.0.0-jre/guava-32.0.0-jre.jar
7f748829e000-7f74882a1000 ---p 00000000 00:00 0 
7f74882a1000-7f748839f000 rw-p 00000000 00:00 0 
7f748839f000-7f7488512000 r--p 00000000 08:01 6151                       /usr/lib/locale/C.UTF-8/LC_COLLATE
7f7488512000-7f74887f8000 r--p 00000000 08:01 6146                       /usr/lib/locale/locale-archive
7f74887f8000-7f74887fb000 ---p 00000000 00:00 0 
7f74887fb000-7f74888f9000 rw-p 00000000 00:00 0 
7f74888f9000-7f74888fc000 ---p 00000000 00:00 0 
7f74888fc000-7f74889fa000 rw-p 00000000 00:00 0 
7f74889fa000-7f74889fb000 ---p 00000000 00:00 0 
7f74889fb000-7f7491000000 rw-p 00000000 00:00 0 
7f7491000000-7f74915d0000 rwxp 00000000 00:00 0 
7f74915d0000-7f74a0000000 ---p 00000000 00:00 0 
7f74a0000000-7f74a0ecc000 rw-p 00000000 00:00 0 
7f74a0ecc000-7f74a4000000 ---p 00000000 00:00 0 
7f74a4000000-7f74a4008000 r--s 00072000 08:01 116615                     /home/runner/.m2/repository/org/apache/commons/commons-lang3/3.7/commons-lang3-3.7.jar
7f74a4008000-7f74a400f000 r--s 0004b000 08:01 124294                     /home/runner/.m2/repository/ch/qos/reload4j/reload4j/1.2.22/reload4j-1.2.22.jar
7f74a400f000-7f74a4011000 r--s 0000e000 08:01 123407                     /home/runner/.m2/repository/commons-logging/commons-logging/1.2/commons-logging-1.2.jar
7f74a4011000-7f74a4017000 r--s 0004a000 08:01 124244                     /home/runner/.m2/repository/commons-io/commons-io/2.11.0/commons-io-2.11.0.jar
7f74a4017000-7f74a4019000 r--s 00001000 08:01 122753                     /home/runner/.m2/repository/com/google/j2objc/j2objc-annotations/2.8/j2objc-annotations-2.8.jar
7f74a4019000-7f74a401b000 r--s 00002000 08:01 122747                     /home/runner/.m2/repository/com/google/errorprone/error_prone_annotations/2.2.0/error_prone_annotations-2.2.0.jar
7f74a401b000-7f74a4027000 r--s 0002b000 08:01 119589                     /home/runner/.m2/repository/org/checkerframework/checker-qual/3.33.0/checker-qual-3.33.0.jar
7f74a4027000-7f74a4028000 r--s 00000000 08:01 122800                     /home/runner/.m2/repository/com/google/guava/listenablefuture/9999.0-empty-to-avoid-conflict-with-guava/listenablefuture-9999.0-empty-to-avoid-conflict-with-guava.jar
7f74a4028000-7f74a402a000 r--s 00000000 08:01 122794                     /home/runner/.m2/repository/com/google/guava/failureaccess/1.0.1/failureaccess-1.0.1.jar
7f74a402a000-7f74a404c000 r--s 001a5000 08:01 118999                     /home/runner/.m2/repository/org/apache/maven/surefire/surefire-shared-utils/3.0.0-M4/surefire-shared-utils-3.0.0-M4.jar
7f74a404c000-7f74a404e000 r--s 00002000 08:01 119041                     /home/runner/.m2/repository/org/apache/maven/surefire/surefire-logger-api/3.0.0-M5/surefire-logger-api-3.0.0-M5.jar
7f74a404e000-7f74a4053000 r--s 0001f000 08:01 119005                     /home/runner/.m2/repository/org/apache/maven/surefire/surefire-api/3.0.0-M5/surefire-api-3.0.0-M5.jar
7f74a4053000-7f74a4085000 r--p 00000000 08:01 6152                       /usr/lib/locale/C.UTF-8/LC_CTYPE
7f74a4085000-7f74a44d7000 rw-p 00000000 00:00 0 
7f74a44d7000-7f74a46a9000 r--s 03cc6000 08:01 3638385                    /usr/lib/jvm/temurin-8-jdk-amd64/jre/lib/rt.jar
7f74a46a9000-7f74a57ca000 rw-p 00000000 00:00 0 
7f74a57ca000-7f74a57cb000 ---p 00000000 00:00 0 
7f74a57cb000-7f74a58cb000 rw-p 00000000 00:00 0 
7f74a58cb000-7f74a58cc000 ---p 00000000 00:00 0 
7f74a58cc000-7f74a59f1000 rw-p 00000000 00:00 0 
7f74a59f1000-7f74a5f22000 ---p 00000000 00:00 0 
7f74a5f22000-7f74a5f47000 rw-p 00000000 00:00 0 
7f74a5f47000-7f74a6477000 ---p 00000000 00:00 0 
7f74a6477000-7f74a6498000 rw-p 00000000 00:00 0 
7f74a6498000-7f74a6722000 ---p 00000000 00:00 0 
7f74a6722000-7f74a673b000 rw-p 00000000 00:00 0 
7f74a673b000-7f74a6ae3000 ---p 00000000 00:00 0 
7f74a6ae3000-7f74a6afe000 r-xp 00000000 08:01 3638326                    /usr/lib/jvm/temurin-8-jdk-amd64/jre/lib/amd64/libzip.so
7f74a6afe000-7f74a6cfd000 ---p 0001b000 08:01 3638326                    /usr/lib/jvm/temurin-8-jdk-amd64/jre/lib/amd64/libzip.so
7f74a6cfd000-7f74a6cfe000 r--p 0001a000 08:01 3638326                    /usr/lib/jvm/temurin-8-jdk-amd64/jre/lib/amd64/libzip.so
7f74a6cfe000-7f74a6cff000 rw-p 0001b000 08:01 3638326                    /usr/lib/jvm/temurin-8-jdk-amd64/jre/lib/amd64/libzip.so
7f74a6cff000-7f74a6d02000 r--p 00000000 08:01 4772                       /usr/lib/x86_64-linux-gnu/libnss_files-2.31.so
7f74a6d02000-7f74a6d09000 r-xp 00003000 08:01 4772                       /usr/lib/x86_64-linux-gnu/libnss_files-2.31.so
7f74a6d09000-7f74a6d0b000 r--p 0000a000 08:01 4772                       /usr/lib/x86_64-linux-gnu/libnss_files-2.31.so
7f74a6d0b000-7f74a6d0c000 r--p 0000b000 08:01 4772                       /usr/lib/x86_64-linux-gnu/libnss_files-2.31.so
7f74a6d0c000-7f74a6d0d000 rw-p 0000c000 08:01 4772                       /usr/lib/x86_64-linux-gnu/libnss_files-2.31.so
7f74a6d0d000-7f74a6d13000 rw-p 00000000 00:00 0 
7f74a6d13000-7f74a6d14000 r--s 00001000 08:01 119013                     /home/runner/.m2/repository/org/apache/maven/surefire/surefire-extensions-spi/3.0.0-M5/surefire-extensions-spi-3.0.0-M5.jar
7f74a6d14000-7f74a6d16000 r--s 00018000 08:01 119024                     /home/runner/.m2/repository/org/apache/maven/surefire/surefire-booter/3.0.0-M5/surefire-booter-3.0.0-M5.jar
7f74a6d16000-7f74a6d17000 r--s 00002000 08:01 133145                     /home/runner/work/ozone/ozone/hadoop-hdds/rocks-native/target/surefire/surefirebooter2761025553223375560.jar
7f74a6d17000-7f74a6d18000 r--p 00000000 08:01 6157                       /usr/lib/locale/C.UTF-8/LC_NUMERIC
7f74a6d18000-7f74a6d19000 r--p 00000000 08:01 6160                       /usr/lib/locale/C.UTF-8/LC_TIME
7f74a6d19000-7f74a6d1a000 r--p 00000000 08:01 6155                       /usr/lib/locale/C.UTF-8/LC_MONETARY
7f74a6d1a000-7f74a6d1b000 r--p 00000000 08:01 6149                       /usr/lib/locale/C.UTF-8/LC_MESSAGES/SYS_LC_MESSAGES
7f74a6d1b000-7f74a6d22000 r--s 00000000 08:01 3769                       /usr/lib/x86_64-linux-gnu/gconv/gconv-modules.cache
7f74a6d22000-7f74a6d2c000 r-xp 00000000 08:01 3638300                    /usr/lib/jvm/temurin-8-jdk-amd64/jre/lib/amd64/libinstrument.so
7f74a6d2c000-7f74a6f2b000 ---p 0000a000 08:01 3638300                    /usr/lib/jvm/temurin-8-jdk-amd64/jre/lib/amd64/libinstrument.so
7f74a6f2b000-7f74a6f2c000 r--p 00009000 08:01 3638300                    /usr/lib/jvm/temurin-8-jdk-amd64/jre/lib/amd64/libinstrument.so
7f74a6f2c000-7f74a6f2d000 rw-p 0000a000 08:01 3638300                    /usr/lib/jvm/temurin-8-jdk-amd64/jre/lib/amd64/libinstrument.so
7f74a6f2d000-7f74a6f56000 r-xp 00000000 08:01 3638305                    /usr/lib/jvm/temurin-8-jdk-amd64/jre/lib/amd64/libjava.so
7f74a6f56000-7f74a7155000 ---p 00029000 08:01 3638305                    /usr/lib/jvm/temurin-8-jdk-amd64/jre/lib/amd64/libjava.so
7f74a7155000-7f74a7156000 r--p 00028000 08:01 3638305                    /usr/lib/jvm/temurin-8-jdk-amd64/jre/lib/amd64/libjava.so
7f74a7156000-7f74a7158000 rw-p 00029000 08:01 3638305                    /usr/lib/jvm/temurin-8-jdk-amd64/jre/lib/amd64/libjava.so
7f74a7158000-7f74a7165000 r-xp 00000000 08:01 3638325                    /usr/lib/jvm/temurin-8-jdk-amd64/jre/lib/amd64/libverify.so
7f74a7165000-7f74a7364000 ---p 0000d000 08:01 3638325                    /usr/lib/jvm/temurin-8-jdk-amd64/jre/lib/amd64/libverify.so
7f74a7364000-7f74a7366000 r--p 0000c000 08:01 3638325                    /usr/lib/jvm/temurin-8-jdk-amd64/jre/lib/amd64/libverify.so
7f74a7366000-7f74a7367000 rw-p 0000e000 08:01 3638325                    /usr/lib/jvm/temurin-8-jdk-amd64/jre/lib/amd64/libverify.so
7f74a7367000-7f74a7369000 r--p 00000000 08:01 4779                       /usr/lib/x86_64-linux-gnu/librt-2.31.so
7f74a7369000-7f74a736d000 r-xp 00002000 08:01 4779                       /usr/lib/x86_64-linux-gnu/librt-2.31.so
7f74a736d000-7f74a736f000 r--p 00006000 08:01 4779                       /usr/lib/x86_64-linux-gnu/librt-2.31.so
7f74a736f000-7f74a7370000 r--p 00007000 08:01 4779                       /usr/lib/x86_64-linux-gnu/librt-2.31.so
7f74a7370000-7f74a7371000 rw-p 00008000 08:01 4779                       /usr/lib/x86_64-linux-gnu/librt-2.31.so
7f74a7371000-7f74a7372000 ---p 00000000 00:00 0 
7f74a7372000-7f74a7375000 ---p 00000000 00:00 0 
7f74a7375000-7f74a7472000 rw-p 00000000 00:00 0 
7f74a7472000-7f74a747f000 r--p 00000000 08:01 4766                       /usr/lib/x86_64-linux-gnu/libm-2.31.so
7f74a747f000-7f74a7526000 r-xp 0000d000 08:01 4766                       /usr/lib/x86_64-linux-gnu/libm-2.31.so
7f74a7526000-7f74a75bf000 r--p 000b4000 08:01 4766                       /usr/lib/x86_64-linux-gnu/libm-2.31.so
7f74a75bf000-7f74a75c0000 r--p 0014c000 08:01 4766                       /usr/lib/x86_64-linux-gnu/libm-2.31.so
7f74a75c0000-7f74a75c1000 rw-p 0014d000 08:01 4766                       /usr/lib/x86_64-linux-gnu/libm-2.31.so
7f74a75c1000-7f74a8324000 r-xp 00000000 08:01 3638329                    /usr/lib/jvm/temurin-8-jdk-amd64/jre/lib/amd64/server/libjvm.so
7f74a8324000-7f74a8524000 ---p 00d63000 08:01 3638329                    /usr/lib/jvm/temurin-8-jdk-amd64/jre/lib/amd64/server/libjvm.so
7f74a8524000-7f74a85bb000 r--p 00d63000 08:01 3638329                    /usr/lib/jvm/temurin-8-jdk-amd64/jre/lib/amd64/server/libjvm.so
7f74a85bb000-7f74a85e4000 rw-p 00dfa000 08:01 3638329                    /usr/lib/jvm/temurin-8-jdk-amd64/jre/lib/amd64/server/libjvm.so
7f74a85e4000-7f74a8619000 rw-p 00000000 00:00 0 
7f74a8619000-7f74a863b000 r--p 00000000 08:01 4761                       /usr/lib/x86_64-linux-gnu/libc-2.31.so
7f74a863b000-7f74a87b3000 r-xp 00022000 08:01 4761                       /usr/lib/x86_64-linux-gnu/libc-2.31.so
7f74a87b3000-7f74a8801000 r--p 0019a000 08:01 4761                       /usr/lib/x86_64-linux-gnu/libc-2.31.so
7f74a8801000-7f74a8805000 r--p 001e7000 08:01 4761                       /usr/lib/x86_64-linux-gnu/libc-2.31.so
7f74a8805000-7f74a8807000 rw-p 001eb000 08:01 4761                       /usr/lib/x86_64-linux-gnu/libc-2.31.so
7f74a8807000-7f74a880b000 rw-p 00000000 00:00 0 
7f74a880b000-7f74a880c000 r--p 00000000 08:01 4765                       /usr/lib/x86_64-linux-gnu/libdl-2.31.so
7f74a880c000-7f74a880e000 r-xp 00001000 08:01 4765                       /usr/lib/x86_64-linux-gnu/libdl-2.31.so
7f74a880e000-7f74a880f000 r--p 00003000 08:01 4765                       /usr/lib/x86_64-linux-gnu/libdl-2.31.so
7f74a880f000-7f74a8810000 r--p 00003000 08:01 4765                       /usr/lib/x86_64-linux-gnu/libdl-2.31.so
7f74a8810000-7f74a8811000 rw-p 00004000 08:01 4765                       /usr/lib/x86_64-linux-gnu/libdl-2.31.so
7f74a8811000-7f74a8829000 r-xp 00000000 08:01 3638291                    /usr/lib/jvm/temurin-8-jdk-amd64/jre/lib/amd64/jli/libjli.so
7f74a8829000-7f74a8a28000 ---p 00018000 08:01 3638291                    /usr/lib/jvm/temurin-8-jdk-amd64/jre/lib/amd64/jli/libjli.so
7f74a8a28000-7f74a8a29000 r--p 00017000 08:01 3638291                    /usr/lib/jvm/temurin-8-jdk-amd64/jre/lib/amd64/jli/libjli.so
7f74a8a29000-7f74a8a2a000 rw-p 00018000 08:01 3638291                    /usr/lib/jvm/temurin-8-jdk-amd64/jre/lib/amd64/jli/libjli.so
7f74a8a2a000-7f74a8a30000 r--p 00000000 08:01 4777                       /usr/lib/x86_64-linux-gnu/libpthread-2.31.so
7f74a8a30000-7f74a8a41000 r-xp 00006000 08:01 4777                       /usr/lib/x86_64-linux-gnu/libpthread-2.31.so
7f74a8a41000-7f74a8a47000 r--p 00017000 08:01 4777                       /usr/lib/x86_64-linux-gnu/libpthread-2.31.so
7f74a8a47000-7f74a8a48000 r--p 0001c000 08:01 4777                       /usr/lib/x86_64-linux-gnu/libpthread-2.31.so
7f74a8a48000-7f74a8a49000 rw-p 0001d000 08:01 4777                       /usr/lib/x86_64-linux-gnu/libpthread-2.31.so
7f74a8a49000-7f74a8a4d000 rw-p 00000000 00:00 0 
7f74a8a4d000-7f74a8a4e000 r--p 00000000 08:01 6158                       /usr/lib/locale/C.UTF-8/LC_PAPER
7f74a8a4e000-7f74a8a4f000 r--p 00000000 08:01 6156                       /usr/lib/locale/C.UTF-8/LC_NAME
7f74a8a4f000-7f74a8a50000 r--p 00000000 08:01 6150                       /usr/lib/locale/C.UTF-8/LC_ADDRESS
7f74a8a50000-7f74a8a51000 r--p 00000000 08:01 6159                       /usr/lib/locale/C.UTF-8/LC_TELEPHONE
7f74a8a51000-7f74a8a52000 r--p 00000000 08:01 6154                       /usr/lib/locale/C.UTF-8/LC_MEASUREMENT
7f74a8a52000-7f74a8a53000 r--p 00000000 08:01 6153                       /usr/lib/locale/C.UTF-8/LC_IDENTIFICATION
7f74a8a53000-7f74a8a5b000 rw-s 00000000 08:01 133146                     /tmp/hsperfdata_runner/7831
7f74a8a5b000-7f74a8a5e000 rw-p 00000000 00:00 0 
7f74a8a5e000-7f74a8a5f000 r--p 00000000 08:01 4745                       /usr/lib/x86_64-linux-gnu/ld-2.31.so
7f74a8a5f000-7f74a8a82000 r-xp 00001000 08:01 4745                       /usr/lib/x86_64-linux-gnu/ld-2.31.so
7f74a8a82000-7f74a8a8a000 r--p 00024000 08:01 4745                       /usr/lib/x86_64-linux-gnu/ld-2.31.so
7f74a8a8a000-7f74a8a8b000 r--p 00000000 00:00 0 
7f74a8a8b000-7f74a8a8c000 r--p 0002c000 08:01 4745                       /usr/lib/x86_64-linux-gnu/ld-2.31.so
7f74a8a8c000-7f74a8a8d000 rw-p 0002d000 08:01 4745                       /usr/lib/x86_64-linux-gnu/ld-2.31.so
7f74a8a8d000-7f74a8a8e000 rw-p 00000000 00:00 0 
7ffe6c0ae000-7ffe6c0d0000 rw-p 00000000 00:00 0                          [stack]
7ffe6c1ce000-7ffe6c1d2000 r--p 00000000 00:00 0                          [vvar]
7ffe6c1d2000-7ffe6c1d4000 r-xp 00000000 00:00 0                          [vdso]
ffffffffff600000-ffffffffff601000 --xp 00000000 00:00 0                  [vsyscall]

VM Arguments:
jvm_args: -Xmx4096m -XX:+HeapDumpOnOutOfMemoryError -javaagent:/home/runner/.m2/repository/org/jacoco/org.jacoco.agent/0.8.5/org.jacoco.agent-0.8.5-runtime.jar=destfile=/home/runner/work/ozone/ozone/hadoop-hdds/rocks-native/target/jacoco.exec,includes=org.apache.hadoop.hdds.*:org.apache.hadoop.ozone.*:org.apache.hadoop.fs.ozone.* -Djava.library.path=/home/runner/work/ozone/ozone/hadoop-hdds/rocks-native/target/native/rocksdb 
java_command: /home/runner/work/ozone/ozone/hadoop-hdds/rocks-native/target/surefire/surefirebooter2761025553223375560.jar /home/runner/work/ozone/ozone/hadoop-hdds/rocks-native/target/surefire 2023-09-19T01-46-18_155-jvmRun1 surefire5058738636212615313tmp surefire_04096065145863949018tmp
java_class_path (initial): /home/runner/work/ozone/ozone/hadoop-hdds/rocks-native/target/surefire/surefirebooter2761025553223375560.jar:/home/runner/.m2/repository/org/jacoco/org.jacoco.agent/0.8.5/org.jacoco.agent-0.8.5-runtime.jar
Launcher Type: SUN_STANDARD

Environment Variables:
JAVA_HOME=/opt/hostedtoolcache/Java_Temurin-Hotspot_jdk/8.0.382-5/x64
PATH=/opt/hostedtoolcache/Java_Temurin-Hotspot_jdk/8.0.382-5/x64/bin:/home/runner/.local/bin:/opt/pipx_bin:/home/runner/.cargo/bin:/home/runner/.config/composer/vendor/bin:/usr/local/.ghcup/bin:/home/runner/.dotnet/tools:/snap/bin:/usr/local/sbin:/usr/local/bin:/usr/sbin:/usr/bin:/sbin:/bin:/usr/games:/usr/local/games:/snap/bin

Signal Handlers:
SIGSEGV: [libjvm.so+0xb3da20], sa_mask[0]=11111111011111111101111111111110, sa_flags=SA_RESTART|SA_SIGINFO
SIGBUS: [libjvm.so+0xb3da20], sa_mask[0]=11111111011111111101111111111110, sa_flags=SA_RESTART|SA_SIGINFO
SIGFPE: [libjvm.so+0x965910], sa_mask[0]=11111111011111111101111111111110, sa_flags=SA_RESTART|SA_SIGINFO
SIGPIPE: [libjvm.so+0x965910], sa_mask[0]=11111111011111111101111111111110, sa_flags=SA_RESTART|SA_SIGINFO
SIGXFSZ: [libjvm.so+0x965910], sa_mask[0]=11111111011111111101111111111110, sa_flags=SA_RESTART|SA_SIGINFO
SIGILL: [libjvm.so+0x965910], sa_mask[0]=11111111011111111101111111111110, sa_flags=SA_RESTART|SA_SIGINFO
SIGUSR1: SIG_DFL, sa_mask[0]=00000000000000000000000000000000, sa_flags=none
SIGUSR2: [libjvm.so+0x965ec0], sa_mask[0]=00100000000000000000000000000000, sa_flags=SA_RESTART|SA_SIGINFO
SIGHUP: [libjvm.so+0x965e00], sa_mask[0]=11111111011111111101111111111110, sa_flags=SA_RESTART|SA_SIGINFO
SIGINT: [libjvm.so+0x965e00], sa_mask[0]=11111111011111111101111111111110, sa_flags=SA_RESTART|SA_SIGINFO
SIGTERM: [libjvm.so+0x965e00], sa_mask[0]=11111111011111111101111111111110, sa_flags=SA_RESTART|SA_SIGINFO
SIGQUIT: [libjvm.so+0x965e00], sa_mask[0]=11111111011111111101111111111110, sa_flags=SA_RESTART|SA_SIGINFO


---------------  S Y S T E M  ---------------

OS:DISTRIB_ID=Ubuntu
DISTRIB_RELEASE=20.04
DISTRIB_CODENAME=focal
DISTRIB_DESCRIPTION="Ubuntu 20.04.6 LTS"

uname:Linux 5.15.0-1046-azure #53~20.04.1-Ubuntu SMP Mon Aug 28 14:17:23 UTC 2023 x86_64
libc:glibc 2.31 NPTL 2.31 
rlimit: STACK 16384k, CORE 0k, NPROC 27692, NOFILE 65536, AS infinity
load average:2.07 2.00 1.55

/proc/meminfo:
MemTotal:        7098424 kB
MemFree:         1359376 kB
MemAvailable:    4753864 kB
Buffers:          139520 kB
Cached:          3342560 kB
SwapCached:        16444 kB
Active:          1822452 kB
Inactive:        3478792 kB
Active(anon):      72132 kB
Inactive(anon):  1780968 kB
Active(file):    1750320 kB
Inactive(file):  1697824 kB
Unevictable:       29824 kB
Mlocked:           26752 kB
SwapTotal:       4194300 kB
SwapFree:        4072944 kB
Dirty:            416356 kB
Writeback:             0 kB
AnonPages:       1821404 kB
Mapped:           328304 kB
Shmem:             25708 kB
KReclaimable:     255624 kB
Slab:             325176 kB
SReclaimable:     255624 kB
SUnreclaim:        69552 kB
KernelStack:        4480 kB
PageTables:        11068 kB
NFS_Unstable:          0 kB
Bounce:                0 kB
WritebackTmp:          0 kB
CommitLimit:     7743512 kB
Committed_AS:    4993716 kB
VmallocTotal:   34359738367 kB
VmallocUsed:       34304 kB
VmallocChunk:          0 kB
Percpu:             1920 kB
HardwareCorrupted:     0 kB
AnonHugePages:   1333248 kB
ShmemHugePages:        0 kB
ShmemPmdMapped:        0 kB
FileHugePages:         0 kB
FilePmdMapped:         0 kB
HugePages_Total:       0
HugePages_Free:        0
HugePages_Rsvd:        0
HugePages_Surp:        0
Hugepagesize:       2048 kB
Hugetlb:               0 kB
DirectMap4k:      135104 kB
DirectMap2M:     5107712 kB
DirectMap1G:     4194304 kB

container (cgroup) information:
container_type: cgroupv1
cpu_cpuset_cpus: 0-1
cpu_memory_nodes: 0
active_processor_count: 2
cpu_quota: -1
cpu_period: 100000
cpu_shares: -1
memory_limit_in_bytes: -1
memory_and_swap_limit_in_bytes: -1
memory_soft_limit_in_bytes: -1
memory_usage_in_bytes: 5045788672
memory_max_usage_in_bytes: 6316613632


CPU:total 2 (initial active 2) (2 cores per cpu, 1 threads per core) family 6 model 79 stepping 1, cmov, cx8, fxsr, mmx, sse, sse2, sse3, ssse3, sse4.1, sse4.2, popcnt, avx, avx2, aes, clmul, erms, rtm, 3dnowpref, lzcnt, tsc, bmi1, bmi2, adx

/proc/cpuinfo:
processor	: 0
vendor_id	: GenuineIntel
cpu family	: 6
model		: 79
model name	: Intel(R) Xeon(R) CPU E5-2673 v4 @ 2.30GHz
stepping	: 1
microcode	: 0xffffffff
cpu MHz		: 2294.688
cache size	: 51200 KB
physical id	: 0
siblings	: 2
core id		: 0
cpu cores	: 2
apicid		: 0
initial apicid	: 0
fpu		: yes
fpu_exception	: yes
cpuid level	: 20
wp		: yes
flags		: fpu vme de pse tsc msr pae mce cx8 apic sep mtrr pge mca cmov pat pse36 clflush mmx fxsr sse sse2 ss ht syscall nx pdpe1gb rdtscp lm constant_tsc rep_good nopl xtopology cpuid pni pclmulqdq ssse3 fma cx16 pcid sse4_1 sse4_2 movbe popcnt aes xsave avx f16c rdrand hypervisor lahf_lm abm 3dnowprefetch invpcid_single pti fsgsbase bmi1 hle avx2 smep bmi2 erms invpcid rtm rdseed adx smap xsaveopt md_clear
bugs		: cpu_meltdown spectre_v1 spectre_v2 spec_store_bypass l1tf mds swapgs taa itlb_multihit mmio_stale_data
bogomips	: 4589.37
clflush size	: 64
cache_alignment	: 64
address sizes	: 46 bits physical, 48 bits virtual
power management:

processor	: 1
vendor_id	: GenuineIntel
cpu family	: 6
model		: 79
model name	: Intel(R) Xeon(R) CPU E5-2673 v4 @ 2.30GHz
stepping	: 1
microcode	: 0xffffffff
cpu MHz		: 2294.688
cache size	: 51200 KB
physical id	: 0
siblings	: 2
core id		: 1
cpu cores	: 2
apicid		: 1
initial apicid	: 1
fpu		: yes
fpu_exception	: yes
cpuid level	: 20
wp		: yes
flags		: fpu vme de pse tsc msr pae mce cx8 apic sep mtrr pge mca cmov pat pse36 clflush mmx fxsr sse sse2 ss ht syscall nx pdpe1gb rdtscp lm constant_tsc rep_good nopl xtopology cpuid pni pclmulqdq ssse3 fma cx16 pcid sse4_1 sse4_2 movbe popcnt aes xsave avx f16c rdrand hypervisor lahf_lm abm 3dnowprefetch invpcid_single pti fsgsbase bmi1 hle avx2 smep bmi2 erms invpcid rtm rdseed adx smap xsaveopt md_clear
bugs		: cpu_meltdown spectre_v1 spectre_v2 spec_store_bypass l1tf mds swapgs taa itlb_multihit mmio_stale_data
bogomips	: 4589.37
clflush size	: 64
cache_alignment	: 64
address sizes	: 46 bits physical, 48 bits virtual
power management:



Memory: 4k page, physical 7098424k(1359376k free), swap 4194300k(4072944k free)

vm_info: OpenJDK 64-Bit Server VM (25.382-b05) for linux-amd64 JRE (1.8.0_382-b05), built on Jul 19 2023 15:36:27 by "jenkins" with gcc 7.5.0

time: Tue Sep 19 02:05:54 2023
timezone: UTC
elapsed time: 2.131055 seconds (0d 0h 0m 2s)

