rm: cannot remove '/home/runner/work/ozone/ozone/hadoop-ozone/dist/target/ozone-1.4.0-SNAPSHOT/compose/result/*': No such file or directory
Executing test ozonesecure-ha/test-root-ca-rotation.sh
Removing network ozonesecure-ha_ozone_net
Network ozonesecure-ha_ozone_net not found.
Creating network "ozonesecure-ha_ozone_net" with the default driver
Pulling om2 (apache/ozone-runner:20230615-1)...
20230615-1: Pulling from apache/ozone-runner
Digest: sha256:46c59e4f69c94a8f886d621c9f1898fda8cc4d5de59059c6c74175ffa4718474
Status: Downloaded newer image for apache/ozone-runner:20230615-1
Pulling kms (apache/hadoop:3.3.6)...
3.3.6: Pulling from apache/hadoop
Digest: sha256:62a22627f35a1bbf29c721192c02fe311c93749cc43d51df01792b2ac40ff144
Status: Downloaded newer image for apache/hadoop:3.3.6
Pulling kdc (apache/ozone-testkrb5:20230318-1)...
20230318-1: Pulling from apache/ozone-testkrb5
Digest: sha256:6a7eeac1ebd12e8968e34ab93fb8d21f2b92ae52bc0a85b662a2d41065f05d3a
Status: Downloaded newer image for apache/ozone-testkrb5:20230318-1
Creating ozonesecure-ha_om1_1 ... 
Creating ozonesecure-ha_recon_1 ... 
Creating ozonesecure-ha_datanode3_1 ... 
Creating ozonesecure-ha_scm1.org_1  ... 
Creating ozonesecure-ha_scm3.org_1  ... 
Creating ozonesecure-ha_httpfs_1    ... 
Creating ozonesecure-ha_s3g_1       ... 
Creating ozonesecure-ha_datanode1_1 ... 
Creating ozonesecure-ha_om2_1       ... 
Creating ozonesecure-ha_om3_1       ... 
Creating ozonesecure-ha_kms_1       ... 
Creating ozonesecure-ha_kdc_1       ... 
Creating ozonesecure-ha_datanode2_1 ... 
Creating ozonesecure-ha_scm2.org_1  ... 
Creating ozonesecure-ha_recon_1     ... done
Creating ozonesecure-ha_datanode3_1 ... done
Creating ozonesecure-ha_scm3.org_1  ... done
Creating ozonesecure-ha_datanode1_1 ... done
Creating ozonesecure-ha_scm1.org_1  ... done
Creating ozonesecure-ha_kdc_1       ... done
Creating ozonesecure-ha_om1_1       ... done
Creating ozonesecure-ha_httpfs_1    ... done
Creating ozonesecure-ha_s3g_1       ... done
Creating ozonesecure-ha_kms_1       ... done
Creating ozonesecure-ha_om2_1       ... done
Creating ozonesecure-ha_datanode2_1 ... done
Creating ozonesecure-ha_om3_1       ... done
Creating ozonesecure-ha_scm2.org_1  ... done
Port 88 is available on kdc
Port 9860 is not available on scm1.org yet
Port 9860 is not available on scm1.org yet
Port 9860 is not available on scm1.org yet
Port 9860 is not available on scm1.org yet
Port 9860 is not available on scm1.org yet
Port 9860 is not available on scm1.org yet
Port 9860 is not available on scm1.org yet
Port 9860 is not available on scm1.org yet
Port 9860 is not available on scm1.org yet
Port 9860 is not available on scm1.org yet
Port 9860 is not available on scm1.org yet
Port 9860 is not available on scm1.org yet
Port 9860 is not available on scm1.org yet
Port 9860 is not available on scm1.org yet
Port 9860 is not available on scm1.org yet
Port 9860 is not available on scm1.org yet
Port 9860 is available on scm1.org
SCM is in safe mode. Will retry in 1 sec. Remaining time (sec): 234
SCM is in safe mode. Will retry in 1 sec. Remaining time (sec): 233
SCM is in safe mode. Will retry in 1 sec. Remaining time (sec): 232
SCM is in safe mode. Will retry in 1 sec. Remaining time (sec): 231
SCM is in safe mode. Will retry in 1 sec. Remaining time (sec): 230
SCM is in safe mode. Will retry in 1 sec. Remaining time (sec): 229
SCM is in safe mode. Will retry in 1 sec. Remaining time (sec): 228
SCM is in safe mode. Will retry in 1 sec. Remaining time (sec): 227
SCM is in safe mode. Will retry in 1 sec. Remaining time (sec): 226
SCM is in safe mode. Will retry in 1 sec. Remaining time (sec): 225
SCM is in safe mode. Will retry in 1 sec. Remaining time (sec): 224
SCM is in safe mode. Will retry in 1 sec. Remaining time (sec): 223
SCM is in safe mode. Will retry in 1 sec. Remaining time (sec): 222
SCM is in safe mode. Will retry in 1 sec. Remaining time (sec): 221
SCM is in safe mode. Will retry in 1 sec. Remaining time (sec): 220
SCM is in safe mode. Will retry in 1 sec. Remaining time (sec): 219
SCM is in safe mode. Will retry in 1 sec. Remaining time (sec): 218
SCM is in safe mode. Will retry in 1 sec. Remaining time (sec): 217
SCM is in safe mode. Will retry in 1 sec. Remaining time (sec): 216
SCM is in safe mode. Will retry in 1 sec. Remaining time (sec): 215
SCM is in safe mode. Will retry in 1 sec. Remaining time (sec): 214
SCM is in safe mode. Will retry in 1 sec. Remaining time (sec): 213
SCM is in safe mode. Will retry in 1 sec. Remaining time (sec): 212
SCM is in safe mode. Will retry in 1 sec. Remaining time (sec): 211
SCM is in safe mode. Will retry in 1 sec. Remaining time (sec): 210
SCM is in safe mode. Will retry in 1 sec. Remaining time (sec): 209
SCM is in safe mode. Will retry in 1 sec. Remaining time (sec): 208
SCM is in safe mode. Will retry in 1 sec. Remaining time (sec): 207
SCM is in safe mode. Will retry in 1 sec. Remaining time (sec): 206
SCM is in safe mode. Will retry in 1 sec. Remaining time (sec): 205
SCM is in safe mode. Will retry in 1 sec. Remaining time (sec): 204
SCM is in safe mode. Will retry in 1 sec. Remaining time (sec): 203
SCM is in safe mode. Will retry in 1 sec. Remaining time (sec): 202
SCM is in safe mode. Will retry in 1 sec. Remaining time (sec): 201
SCM is in safe mode. Will retry in 1 sec. Remaining time (sec): 200
SCM is in safe mode. Will retry in 1 sec. Remaining time (sec): 199
SCM is in safe mode. Will retry in 1 sec. Remaining time (sec): 198
SCM is in safe mode. Will retry in 1 sec. Remaining time (sec): 197
SCM is in safe mode. Will retry in 1 sec. Remaining time (sec): 196
SCM is in safe mode. Will retry in 1 sec. Remaining time (sec): 195
SCM is in safe mode. Will retry in 1 sec. Remaining time (sec): 194
SCM is in safe mode. Will retry in 1 sec. Remaining time (sec): 193
SCM is in safe mode. Will retry in 1 sec. Remaining time (sec): 192
SCM is in safe mode. Will retry in 1 sec. Remaining time (sec): 191
SCM is in safe mode. Will retry in 1 sec. Remaining time (sec): 190
SCM is in safe mode. Will retry in 1 sec. Remaining time (sec): 189
SCM is in safe mode. Will retry in 1 sec. Remaining time (sec): 188
SCM is in safe mode. Will retry in 1 sec. Remaining time (sec): 187
SCM is in safe mode. Will retry in 1 sec. Remaining time (sec): 186
SCM is in safe mode. Will retry in 1 sec. Remaining time (sec): 185
SCM is in safe mode. Will retry in 1 sec. Remaining time (sec): 184
SCM is in safe mode. Will retry in 1 sec. Remaining time (sec): 183
SCM is in safe mode. Will retry in 1 sec. Remaining time (sec): 182
SCM is in safe mode. Will retry in 1 sec. Remaining time (sec): 181
SCM is in safe mode. Will retry in 1 sec. Remaining time (sec): 180
SCM is in safe mode. Will retry in 1 sec. Remaining time (sec): 179
SCM is in safe mode. Will retry in 1 sec. Remaining time (sec): 178
SCM is in safe mode. Will retry in 1 sec. Remaining time (sec): 177
SCM is in safe mode. Will retry in 1 sec. Remaining time (sec): 176
SCM is in safe mode. Will retry in 1 sec. Remaining time (sec): 175
SCM is in safe mode. Will retry in 1 sec. Remaining time (sec): 174
SCM is in safe mode. Will retry in 1 sec. Remaining time (sec): 173
SCM is in safe mode. Will retry in 1 sec. Remaining time (sec): 172
SCM is in safe mode. Will retry in 1 sec. Remaining time (sec): 171
SCM is in safe mode. Will retry in 1 sec. Remaining time (sec): 170
SCM is in safe mode. Will retry in 1 sec. Remaining time (sec): 169
SCM is in safe mode. Will retry in 1 sec. Remaining time (sec): 168
SCM is in safe mode. Will retry in 1 sec. Remaining time (sec): 167
SCM is in safe mode. Will retry in 1 sec. Remaining time (sec): 166
SCM is in safe mode. Will retry in 1 sec. Remaining time (sec): 165
SCM is in safe mode. Will retry in 1 sec. Remaining time (sec): 164
SCM is in safe mode. Will retry in 1 sec. Remaining time (sec): 163
SCM is in safe mode. Will retry in 1 sec. Remaining time (sec): 162
SCM is in safe mode. Will retry in 1 sec. Remaining time (sec): 161
SCM is in safe mode. Will retry in 1 sec. Remaining time (sec): 160
SCM is in safe mode. Will retry in 1 sec. Remaining time (sec): 159
SCM is in safe mode. Will retry in 1 sec. Remaining time (sec): 158
SCM is in safe mode. Will retry in 1 sec. Remaining time (sec): 157
SCM is in safe mode. Will retry in 1 sec. Remaining time (sec): 156
SCM is in safe mode. Will retry in 1 sec. Remaining time (sec): 155
SCM is in safe mode. Will retry in 1 sec. Remaining time (sec): 154
SCM is in safe mode. Will retry in 1 sec. Remaining time (sec): 153
SCM is in safe mode. Will retry in 1 sec. Remaining time (sec): 152
SCM is in safe mode. Will retry in 1 sec. Remaining time (sec): 150
SCM is in safe mode. Will retry in 1 sec. Remaining time (sec): 149
SCM is in safe mode. Will retry in 1 sec. Remaining time (sec): 148
SCM is in safe mode. Will retry in 1 sec. Remaining time (sec): 147
SCM is in safe mode. Will retry in 1 sec. Remaining time (sec): 146
SCM is in safe mode. Will retry in 1 sec. Remaining time (sec): 145
SCM is in safe mode. Will retry in 1 sec. Remaining time (sec): 144
SCM is in safe mode. Will retry in 1 sec. Remaining time (sec): 143
SCM is in safe mode. Will retry in 1 sec. Remaining time (sec): 142
SCM is in safe mode. Will retry in 1 sec. Remaining time (sec): 141
SCM is in safe mode. Will retry in 1 sec. Remaining time (sec): 140
SCM is in safe mode. Will retry in 1 sec. Remaining time (sec): 139
SCM is in safe mode. Will retry in 1 sec. Remaining time (sec): 138
SCM is in safe mode. Will retry in 1 sec. Remaining time (sec): 137
SCM is in safe mode. Will retry in 1 sec. Remaining time (sec): 136
SCM is in safe mode. Will retry in 1 sec. Remaining time (sec): 135
SCM is in safe mode. Will retry in 1 sec. Remaining time (sec): 134
SCM is in safe mode. Will retry in 1 sec. Remaining time (sec): 133
SCM is in safe mode. Will retry in 1 sec. Remaining time (sec): 132
SCM is in safe mode. Will retry in 1 sec. Remaining time (sec): 131
SCM is in safe mode. Will retry in 1 sec. Remaining time (sec): 130
SCM is in safe mode. Will retry in 1 sec. Remaining time (sec): 129
SCM is in safe mode. Will retry in 1 sec. Remaining time (sec): 128
SCM is in safe mode. Will retry in 1 sec. Remaining time (sec): 127
SCM is in safe mode. Will retry in 1 sec. Remaining time (sec): 126
SCM is in safe mode. Will retry in 1 sec. Remaining time (sec): 125
SCM is in safe mode. Will retry in 1 sec. Remaining time (sec): 124
SCM is in safe mode. Will retry in 1 sec. Remaining time (sec): 123
SCM is in safe mode. Will retry in 1 sec. Remaining time (sec): 122
SCM is in safe mode. Will retry in 1 sec. Remaining time (sec): 121
SCM is in safe mode. Will retry in 1 sec. Remaining time (sec): 120
SCM is in safe mode. Will retry in 1 sec. Remaining time (sec): 119
SCM is in safe mode. Will retry in 1 sec. Remaining time (sec): 118
SCM is in safe mode. Will retry in 1 sec. Remaining time (sec): 117
SCM is in safe mode. Will retry in 1 sec. Remaining time (sec): 116
SCM is in safe mode. Will retry in 1 sec. Remaining time (sec): 115
SCM is in safe mode. Will retry in 1 sec. Remaining time (sec): 114
SCM is in safe mode. Will retry in 1 sec. Remaining time (sec): 113
SCM is in safe mode. Will retry in 1 sec. Remaining time (sec): 112
SCM is in safe mode. Will retry in 1 sec. Remaining time (sec): 111
SCM is in safe mode. Will retry in 1 sec. Remaining time (sec): 110
SCM is in safe mode. Will retry in 1 sec. Remaining time (sec): 109
SCM is in safe mode. Will retry in 1 sec. Remaining time (sec): 108
SCM is in safe mode. Will retry in 1 sec. Remaining time (sec): 107
SCM is in safe mode. Will retry in 1 sec. Remaining time (sec): 106
SCM is in safe mode. Will retry in 1 sec. Remaining time (sec): 105
SCM is in safe mode. Will retry in 1 sec. Remaining time (sec): 104
SCM is in safe mode. Will retry in 1 sec. Remaining time (sec): 103
SCM is in safe mode. Will retry in 1 sec. Remaining time (sec): 102
SCM is in safe mode. Will retry in 1 sec. Remaining time (sec): 101
SCM is in safe mode. Will retry in 1 sec. Remaining time (sec): 100
SCM is in safe mode. Will retry in 1 sec. Remaining time (sec): 99
SCM is in safe mode. Will retry in 1 sec. Remaining time (sec): 98
SCM is in safe mode. Will retry in 1 sec. Remaining time (sec): 96
SCM is in safe mode. Will retry in 1 sec. Remaining time (sec): 95
SCM is in safe mode. Will retry in 1 sec. Remaining time (sec): 94
SCM is in safe mode. Will retry in 1 sec. Remaining time (sec): 93
SCM is in safe mode. Will retry in 1 sec. Remaining time (sec): 92
SCM is in safe mode. Will retry in 1 sec. Remaining time (sec): 91
SCM is in safe mode. Will retry in 1 sec. Remaining time (sec): 90
SCM is in safe mode. Will retry in 1 sec. Remaining time (sec): 89
SCM is in safe mode. Will retry in 1 sec. Remaining time (sec): 88
SCM is in safe mode. Will retry in 1 sec. Remaining time (sec): 87
SCM is in safe mode. Will retry in 1 sec. Remaining time (sec): 86
SCM is in safe mode. Will retry in 1 sec. Remaining time (sec): 85
SCM is in safe mode. Will retry in 1 sec. Remaining time (sec): 84
SCM is in safe mode. Will retry in 1 sec. Remaining time (sec): 83
SCM is in safe mode. Will retry in 1 sec. Remaining time (sec): 82
SCM is in safe mode. Will retry in 1 sec. Remaining time (sec): 81
SCM is in safe mode. Will retry in 1 sec. Remaining time (sec): 80
SCM is in safe mode. Will retry in 1 sec. Remaining time (sec): 79
SCM is in safe mode. Will retry in 1 sec. Remaining time (sec): 78
SCM is in safe mode. Will retry in 1 sec. Remaining time (sec): 77
SCM is in safe mode. Will retry in 1 sec. Remaining time (sec): 76
SCM is in safe mode. Will retry in 1 sec. Remaining time (sec): 75
SCM is in safe mode. Will retry in 1 sec. Remaining time (sec): 74
SCM is in safe mode. Will retry in 1 sec. Remaining time (sec): 73
SCM is in safe mode. Will retry in 1 sec. Remaining time (sec): 72
SCM is in safe mode. Will retry in 1 sec. Remaining time (sec): 71
SCM is in safe mode. Will retry in 1 sec. Remaining time (sec): 70
SCM is in safe mode. Will retry in 1 sec. Remaining time (sec): 69
SCM is in safe mode. Will retry in 1 sec. Remaining time (sec): 68
SCM is in safe mode. Will retry in 1 sec. Remaining time (sec): 67
SCM is in safe mode. Will retry in 1 sec. Remaining time (sec): 66
SCM is in safe mode. Will retry in 1 sec. Remaining time (sec): 65
SCM is in safe mode. Will retry in 1 sec. Remaining time (sec): 64
SCM is in safe mode. Will retry in 1 sec. Remaining time (sec): 63
SCM is in safe mode. Will retry in 1 sec. Remaining time (sec): 62
SCM is in safe mode. Will retry in 1 sec. Remaining time (sec): 61
SCM is in safe mode. Will retry in 1 sec. Remaining time (sec): 60
SCM is in safe mode. Will retry in 1 sec. Remaining time (sec): 59
SCM is in safe mode. Will retry in 1 sec. Remaining time (sec): 58
SCM is in safe mode. Will retry in 1 sec. Remaining time (sec): 57
SCM is in safe mode. Will retry in 1 sec. Remaining time (sec): 56
SCM is in safe mode. Will retry in 1 sec. Remaining time (sec): 55
SCM is in safe mode. Will retry in 1 sec. Remaining time (sec): 54
SCM is out of safe mode.
Found OM leader for service omservice: om3 : LEADER (om3)
Replaced OM order with om3,om2,om1 in ozonesecure-ha_datanode1_1
Replaced OM order with om3,om2,om1 in ozonesecure-ha_datanode2_1
Replaced OM order with om3,om2,om1 in ozonesecure-ha_datanode3_1
Replaced OM order with om3,om2,om1 in ozonesecure-ha_recon_1
Replaced OM order with om3,om2,om1 in ozonesecure-ha_s3g_1
Replaced OM order with om3,om2,om1 in ozonesecure-ha_scm1.org_1
Replaced OM order with om3,om2,om1 in ozonesecure-ha_scm2.org_1
Replaced OM order with om3,om2,om1 in ozonesecure-ha_scm3.org_1
key1 has been successfully created with options Options{cipher='AES/CTR/NoPadding', bitLength=128, description='null', attributes=null}.
org.apache.hadoop.crypto.key.kms.LoadBalancingKMSClientProvider@662b4c69 has been updated.
==============================================================================
Kinit :: Kinit test user                                                      
==============================================================================
Kinit                                                                 | PASS |
------------------------------------------------------------------------------
Kinit :: Kinit test user                                              | PASS |
1 test, 1 passed, 0 failed
==============================================================================
Output:  /tmp/smoketest/ozonesecure-ha/result/robot-1.xml
"RootCARotationManager-Active" #271 daemon prio=5 os_prio=0 cpu=734.78ms elapsed=279.16s tid=0x00007fad8dcd3000 nid=0x265 waiting on condition  [0x00007fad4acb5000]
jps | grep StorageContainerManagerStarter | sed 's/StorageContainerManagerStarter//' | xargs  | xargs -I {} jstack {} | grep 'RootCARotationManager-Active' succeed
java.io.EOFException
	at java.base/java.io.DataInputStream.readByte(DataInputStream.java:272)
	at org.jacoco.core.internal.data.CompactDataInput.readBooleanArray(CompactDataInput.java:64)
	at org.jacoco.core.data.ExecutionDataReader.readExecutionData(ExecutionDataReader.java:150)
	at org.jacoco.core.data.ExecutionDataReader.readBlock(ExecutionDataReader.java:116)
	at org.jacoco.core.runtime.RemoteControlReader.readBlock(RemoteControlReader.java:48)
	at org.jacoco.core.data.ExecutionDataReader.read(ExecutionDataReader.java:93)
	at org.apache.hadoop.test.JacocoServer.lambda$main$1(JacocoServer.java:71)
	at java.base/java.lang.Thread.run(Thread.java:829)
ozone admin cert info 2 hasn't succeed yet
ozone admin cert info 2 hasn't succeed yet
ozone admin cert info 2 hasn't succeed yet
ozone admin cert info 2 hasn't succeed yet
ozone admin cert info 2 hasn't succeed yet
ozone admin cert info 2 hasn't succeed yet
ozone admin cert info 2 hasn't succeed yet
ozone admin cert info 2 hasn't succeed yet
ozone admin cert info 2 hasn't succeed yet
ozone admin cert info 2 hasn't succeed yet
ozone admin cert info 2 hasn't succeed yet
ozone admin cert info 2 hasn't succeed yet
ozone admin cert info 2 hasn't succeed yet
ozone admin cert info 2 hasn't succeed yet
ozone admin cert info 2 hasn't succeed yet
ozone admin cert info 2 hasn't succeed yet
ozone admin cert info 2 hasn't succeed yet
ozone admin cert info 2 hasn't succeed yet
ozone admin cert info 2 hasn't succeed yet
ozone admin cert info 2 hasn't succeed yet
ozone admin cert info 2 hasn't succeed yet
ozone admin cert info 2 hasn't succeed yet
ozone admin cert info 2 hasn't succeed yet
ozone admin cert info 2 hasn't succeed yet
ozone admin cert info 2 hasn't succeed yet
ozone admin cert info 2 hasn't succeed yet
ozone admin cert info 2 hasn't succeed yet
ozone admin cert info 2 hasn't succeed yet
ozone admin cert info 2 hasn't succeed yet
ozone admin cert info 2 hasn't succeed yet
ozone admin cert info 2 hasn't succeed yet
ozone admin cert info 2 hasn't succeed yet
ozone admin cert info 2 hasn't succeed yet
ozone admin cert info 2 hasn't succeed yet
ozone admin cert info 2 hasn't succeed yet
ozone admin cert info 2 hasn't succeed yet
ozone admin cert info 2 hasn't succeed yet
ozone admin cert info 2 hasn't succeed yet
ozone admin cert info 2 hasn't succeed yet
ozone admin cert info 2 hasn't succeed yet
ozone admin cert info 2 hasn't succeed yet
ozone admin cert info 2 hasn't succeed yet
ozone admin cert info 2 hasn't succeed yet
ozone admin cert info 2 hasn't succeed yet
ozone admin cert info 2 hasn't succeed yet
ozone admin cert info 2 hasn't succeed yet
ozone admin cert info 2 hasn't succeed yet
ozone admin cert info 2 hasn't succeed yet
ozone admin cert info 2 hasn't succeed yet
ozone admin cert info 2 hasn't succeed yet
ozone admin cert info 2 hasn't succeed yet
ozone admin cert info 2 hasn't succeed yet
ozone admin cert info 2 hasn't succeed yet
ozone admin cert info 2 hasn't succeed yet
ozone admin cert info 2 hasn't succeed yet
ozone admin cert info 2 hasn't succeed yet
ozone admin cert info 2 hasn't succeed yet
ozone admin cert info 2 hasn't succeed yet
ozone admin cert info 2 hasn't succeed yet
ozone admin cert info 2 hasn't succeed yet
ozone admin cert info 2 hasn't succeed yet
ozone admin cert info 2 hasn't succeed yet
ozone admin cert info 2 hasn't succeed yet
ozone admin cert info 2 hasn't succeed yet
ozone admin cert info 2 hasn't succeed yet
ozone admin cert info 2 hasn't succeed yet
ozone admin cert info 2 hasn't succeed yet
ozone admin cert info 2 hasn't succeed yet
ozone admin cert info 2 hasn't succeed yet
ozone admin cert info 2 hasn't succeed yet
ozone admin cert info 2 hasn't succeed yet
ozone admin cert info 2 hasn't succeed yet
ozone admin cert info 2 hasn't succeed yet
ozone admin cert info 2 hasn't succeed yet
ozone admin cert info 2 hasn't succeed yet
ozone admin cert info 2 hasn't succeed yet
ozone admin cert info 2 hasn't succeed yet
ozone admin cert info 2 hasn't succeed yet
ozone admin cert info 2 hasn't succeed yet
ozone admin cert info 2 hasn't succeed yet
ozone admin cert info 2 hasn't succeed yet
ozone admin cert info 2 hasn't succeed yet
ozone admin cert info 2 hasn't succeed yet
ozone admin cert info 2 hasn't succeed yet
ozone admin cert info 2 hasn't succeed yet
ozone admin cert info 2 hasn't succeed yet
ozone admin cert info 2 hasn't succeed yet
Timed out waiting on ozone admin cert info 2 to be successful
Stopping ozonesecure-ha_scm2.org_1  ... 
Stopping ozonesecure-ha_kdc_1       ... 
Stopping ozonesecure-ha_datanode2_1 ... 
Stopping ozonesecure-ha_kms_1       ... 
Stopping ozonesecure-ha_datanode1_1 ... 
Stopping ozonesecure-ha_httpfs_1    ... 
Stopping ozonesecure-ha_om3_1       ... 
Stopping ozonesecure-ha_s3g_1       ... 
Stopping ozonesecure-ha_om2_1       ... 
Stopping ozonesecure-ha_datanode3_1 ... 
Stopping ozonesecure-ha_om1_1       ... 
Stopping ozonesecure-ha_recon_1     ... 
Stopping ozonesecure-ha_kdc_1       ... done
Stopping ozonesecure-ha_kms_1       ... done
Stopping ozonesecure-ha_httpfs_1    ... done
Stopping ozonesecure-ha_s3g_1       ... done
Stopping ozonesecure-ha_scm2.org_1  ... done
Stopping ozonesecure-ha_recon_1     ... done
Stopping ozonesecure-ha_datanode3_1 ... done
Stopping ozonesecure-ha_datanode2_1 ... done
Stopping ozonesecure-ha_datanode1_1 ... done
Stopping ozonesecure-ha_om3_1       ... done
Stopping ozonesecure-ha_om2_1       ... done
Stopping ozonesecure-ha_om1_1       ... done
Removing ozonesecure-ha_scm2.org_1  ... 
Removing ozonesecure-ha_kdc_1       ... 
Removing ozonesecure-ha_datanode2_1 ... 
Removing ozonesecure-ha_kms_1       ... 
Removing ozonesecure-ha_datanode1_1 ... 
Removing ozonesecure-ha_httpfs_1    ... 
Removing ozonesecure-ha_om3_1       ... 
Removing ozonesecure-ha_s3g_1       ... 
Removing ozonesecure-ha_om2_1       ... 
Removing ozonesecure-ha_scm3.org_1  ... 
Removing ozonesecure-ha_scm1.org_1  ... 
Removing ozonesecure-ha_datanode3_1 ... 
Removing ozonesecure-ha_om1_1       ... 
Removing ozonesecure-ha_recon_1     ... 
Removing ozonesecure-ha_om2_1       ... done
Removing ozonesecure-ha_scm3.org_1  ... done
Removing ozonesecure-ha_om3_1       ... done
Removing ozonesecure-ha_datanode3_1 ... done
Removing ozonesecure-ha_om1_1       ... done
Removing ozonesecure-ha_httpfs_1    ... done
Removing ozonesecure-ha_recon_1     ... done
Removing ozonesecure-ha_scm2.org_1  ... done
Removing ozonesecure-ha_kms_1       ... done
Removing ozonesecure-ha_kdc_1       ... done
Removing ozonesecure-ha_datanode2_1 ... done
Removing ozonesecure-ha_s3g_1       ... done
Removing ozonesecure-ha_datanode1_1 ... done
Removing ozonesecure-ha_scm1.org_1  ... done
Removing network ozonesecure-ha_ozone_net
ERROR: Test execution of ozonesecure-ha/test-root-ca-rotation.sh is FAILED!!!!
Output:  /home/runner/work/ozone/ozone/hadoop-ozone/dist/target/ozone-1.4.0-SNAPSHOT/compose/result/ozonesecure-ha-root-ca-rotation.xml
removed 'ozonesecure-ha/result/robot-1.xml'
renamed 'ozonesecure-ha/result/dn-audit-00ba80b84f2d.log' -> '/home/runner/work/ozone/ozone/hadoop-ozone/dist/target/ozone-1.4.0-SNAPSHOT/compose/result/ozonesecure-ha/root-ca-rotation/dn-audit-00ba80b84f2d.log'
renamed 'ozonesecure-ha/result/dn-audit-ac48cc12da41.log' -> '/home/runner/work/ozone/ozone/hadoop-ozone/dist/target/ozone-1.4.0-SNAPSHOT/compose/result/ozonesecure-ha/root-ca-rotation/dn-audit-ac48cc12da41.log'
renamed 'ozonesecure-ha/result/dn-audit-d2884e0bf638.log' -> '/home/runner/work/ozone/ozone/hadoop-ozone/dist/target/ozone-1.4.0-SNAPSHOT/compose/result/ozonesecure-ha/root-ca-rotation/dn-audit-d2884e0bf638.log'
renamed 'ozonesecure-ha/result/docker-ozonesecure-ha_datanode1_1.log' -> '/home/runner/work/ozone/ozone/hadoop-ozone/dist/target/ozone-1.4.0-SNAPSHOT/compose/result/ozonesecure-ha/root-ca-rotation/docker-ozonesecure-ha_datanode1_1.log'
renamed 'ozonesecure-ha/result/docker-ozonesecure-ha_datanode2_1.log' -> '/home/runner/work/ozone/ozone/hadoop-ozone/dist/target/ozone-1.4.0-SNAPSHOT/compose/result/ozonesecure-ha/root-ca-rotation/docker-ozonesecure-ha_datanode2_1.log'
renamed 'ozonesecure-ha/result/docker-ozonesecure-ha_datanode3_1.log' -> '/home/runner/work/ozone/ozone/hadoop-ozone/dist/target/ozone-1.4.0-SNAPSHOT/compose/result/ozonesecure-ha/root-ca-rotation/docker-ozonesecure-ha_datanode3_1.log'
renamed 'ozonesecure-ha/result/docker-ozonesecure-ha_httpfs_1.log' -> '/home/runner/work/ozone/ozone/hadoop-ozone/dist/target/ozone-1.4.0-SNAPSHOT/compose/result/ozonesecure-ha/root-ca-rotation/docker-ozonesecure-ha_httpfs_1.log'
renamed 'ozonesecure-ha/result/docker-ozonesecure-ha_kdc_1.log' -> '/home/runner/work/ozone/ozone/hadoop-ozone/dist/target/ozone-1.4.0-SNAPSHOT/compose/result/ozonesecure-ha/root-ca-rotation/docker-ozonesecure-ha_kdc_1.log'
renamed 'ozonesecure-ha/result/docker-ozonesecure-ha_kms_1.log' -> '/home/runner/work/ozone/ozone/hadoop-ozone/dist/target/ozone-1.4.0-SNAPSHOT/compose/result/ozonesecure-ha/root-ca-rotation/docker-ozonesecure-ha_kms_1.log'
renamed 'ozonesecure-ha/result/docker-ozonesecure-ha_om1_1.log' -> '/home/runner/work/ozone/ozone/hadoop-ozone/dist/target/ozone-1.4.0-SNAPSHOT/compose/result/ozonesecure-ha/root-ca-rotation/docker-ozonesecure-ha_om1_1.log'
renamed 'ozonesecure-ha/result/docker-ozonesecure-ha_om2_1.log' -> '/home/runner/work/ozone/ozone/hadoop-ozone/dist/target/ozone-1.4.0-SNAPSHOT/compose/result/ozonesecure-ha/root-ca-rotation/docker-ozonesecure-ha_om2_1.log'
renamed 'ozonesecure-ha/result/docker-ozonesecure-ha_om3_1.log' -> '/home/runner/work/ozone/ozone/hadoop-ozone/dist/target/ozone-1.4.0-SNAPSHOT/compose/result/ozonesecure-ha/root-ca-rotation/docker-ozonesecure-ha_om3_1.log'
renamed 'ozonesecure-ha/result/docker-ozonesecure-ha_recon_1.log' -> '/home/runner/work/ozone/ozone/hadoop-ozone/dist/target/ozone-1.4.0-SNAPSHOT/compose/result/ozonesecure-ha/root-ca-rotation/docker-ozonesecure-ha_recon_1.log'
renamed 'ozonesecure-ha/result/docker-ozonesecure-ha_s3g_1.log' -> '/home/runner/work/ozone/ozone/hadoop-ozone/dist/target/ozone-1.4.0-SNAPSHOT/compose/result/ozonesecure-ha/root-ca-rotation/docker-ozonesecure-ha_s3g_1.log'
renamed 'ozonesecure-ha/result/docker-ozonesecure-ha_scm1.org_1.log' -> '/home/runner/work/ozone/ozone/hadoop-ozone/dist/target/ozone-1.4.0-SNAPSHOT/compose/result/ozonesecure-ha/root-ca-rotation/docker-ozonesecure-ha_scm1.org_1.log'
renamed 'ozonesecure-ha/result/docker-ozonesecure-ha_scm2.org_1.log' -> '/home/runner/work/ozone/ozone/hadoop-ozone/dist/target/ozone-1.4.0-SNAPSHOT/compose/result/ozonesecure-ha/root-ca-rotation/docker-ozonesecure-ha_scm2.org_1.log'
renamed 'ozonesecure-ha/result/docker-ozonesecure-ha_scm3.org_1.log' -> '/home/runner/work/ozone/ozone/hadoop-ozone/dist/target/ozone-1.4.0-SNAPSHOT/compose/result/ozonesecure-ha/root-ca-rotation/docker-ozonesecure-ha_scm3.org_1.log'
renamed 'ozonesecure-ha/result/kms-audit.log' -> '/home/runner/work/ozone/ozone/hadoop-ozone/dist/target/ozone-1.4.0-SNAPSHOT/compose/result/ozonesecure-ha/root-ca-rotation/kms-audit.log'
renamed 'ozonesecure-ha/result/om-audit-om1.log' -> '/home/runner/work/ozone/ozone/hadoop-ozone/dist/target/ozone-1.4.0-SNAPSHOT/compose/result/ozonesecure-ha/root-ca-rotation/om-audit-om1.log'
renamed 'ozonesecure-ha/result/om-audit-om2.log' -> '/home/runner/work/ozone/ozone/hadoop-ozone/dist/target/ozone-1.4.0-SNAPSHOT/compose/result/ozonesecure-ha/root-ca-rotation/om-audit-om2.log'
renamed 'ozonesecure-ha/result/om-audit-om3.log' -> '/home/runner/work/ozone/ozone/hadoop-ozone/dist/target/ozone-1.4.0-SNAPSHOT/compose/result/ozonesecure-ha/root-ca-rotation/om-audit-om3.log'
renamed 'ozonesecure-ha/result/s3g-audit-s3g.log' -> '/home/runner/work/ozone/ozone/hadoop-ozone/dist/target/ozone-1.4.0-SNAPSHOT/compose/result/ozonesecure-ha/root-ca-rotation/s3g-audit-s3g.log'
renamed 'ozonesecure-ha/result/scm-audit-scm2.org.log' -> '/home/runner/work/ozone/ozone/hadoop-ozone/dist/target/ozone-1.4.0-SNAPSHOT/compose/result/ozonesecure-ha/root-ca-rotation/scm-audit-scm2.org.log'
Executing test ozonesecure/test-certificate-rotation.sh
Removing network ozonesecure_default
Network ozonesecure_default not found.
Creating network "ozonesecure_default" with the default driver
Creating ozonesecure_datanode_1 ... 
Creating ozonesecure_datanode_2 ... 
Creating ozonesecure_datanode_3 ... 
Creating ozonesecure_recon_1    ... 
Creating ozonesecure_kdc_1      ... 
Creating ozonesecure_s3g_1      ... 
Creating ozonesecure_scm_1      ... 
Creating ozonesecure_kms_1      ... 
Creating ozonesecure_om_1       ... 
Creating ozonesecure_httpfs_1   ... 
Creating ozonesecure_kdc_1      ... done
Creating ozonesecure_datanode_1 ... done
Creating ozonesecure_datanode_3 ... done
Creating ozonesecure_recon_1    ... done
Creating ozonesecure_s3g_1      ... done
Creating ozonesecure_datanode_2 ... done
Creating ozonesecure_kms_1      ... done
Creating ozonesecure_httpfs_1   ... done
Creating ozonesecure_scm_1      ... done
Creating ozonesecure_om_1       ... done
Port 88 is available on kdc
Port 9860 is not available on scm yet
Port 9860 is not available on scm yet
Port 9860 is not available on scm yet
Port 9860 is not available on scm yet
Port 9860 is not available on scm yet
Port 9860 is not available on scm yet
Port 9860 is not available on scm yet
Port 9860 is not available on scm yet
Port 9860 is not available on scm yet
Port 9860 is not available on scm yet
Port 9860 is not available on scm yet
Port 9860 is not available on scm yet
Port 9860 is not available on scm yet
Port 9860 is not available on scm yet
Port 9860 is not available on scm yet
Port 9860 is not available on scm yet
Port 9860 is not available on scm yet
Port 9860 is not available on scm yet
Port 9860 is not available on scm yet
Port 9860 is not available on scm yet
Port 9860 is not available on scm yet
Port 9860 is not available on scm yet
Port 9860 is not available on scm yet
Port 9860 is not available on scm yet
Port 9860 is not available on scm yet
Port 9860 is not available on scm yet
Port 9860 is available on scm
SCM is in safe mode. Will retry in 1 sec. Remaining time (sec): 228
SCM is in safe mode. Will retry in 1 sec. Remaining time (sec): 227
SCM is in safe mode. Will retry in 1 sec. Remaining time (sec): 226
SCM is in safe mode. Will retry in 1 sec. Remaining time (sec): 225
SCM is in safe mode. Will retry in 1 sec. Remaining time (sec): 224
SCM is in safe mode. Will retry in 1 sec. Remaining time (sec): 223
SCM is in safe mode. Will retry in 1 sec. Remaining time (sec): 222
SCM is in safe mode. Will retry in 1 sec. Remaining time (sec): 221
SCM is in safe mode. Will retry in 1 sec. Remaining time (sec): 220
SCM is in safe mode. Will retry in 1 sec. Remaining time (sec): 219
SCM is in safe mode. Will retry in 1 sec. Remaining time (sec): 218
SCM is in safe mode. Will retry in 1 sec. Remaining time (sec): 217
SCM is in safe mode. Will retry in 1 sec. Remaining time (sec): 216
SCM is in safe mode. Will retry in 1 sec. Remaining time (sec): 215
SCM is in safe mode. Will retry in 1 sec. Remaining time (sec): 214
SCM is in safe mode. Will retry in 1 sec. Remaining time (sec): 213
SCM is in safe mode. Will retry in 1 sec. Remaining time (sec): 212
SCM is in safe mode. Will retry in 1 sec. Remaining time (sec): 211
SCM is in safe mode. Will retry in 1 sec. Remaining time (sec): 210
SCM is in safe mode. Will retry in 1 sec. Remaining time (sec): 209
SCM is in safe mode. Will retry in 1 sec. Remaining time (sec): 208
SCM is in safe mode. Will retry in 1 sec. Remaining time (sec): 207
SCM is in safe mode. Will retry in 1 sec. Remaining time (sec): 206
SCM is in safe mode. Will retry in 1 sec. Remaining time (sec): 205
SCM is in safe mode. Will retry in 1 sec. Remaining time (sec): 204
SCM is in safe mode. Will retry in 1 sec. Remaining time (sec): 203
SCM is in safe mode. Will retry in 1 sec. Remaining time (sec): 202
SCM is in safe mode. Will retry in 1 sec. Remaining time (sec): 201
SCM is in safe mode. Will retry in 1 sec. Remaining time (sec): 200
SCM is in safe mode. Will retry in 1 sec. Remaining time (sec): 199
SCM is in safe mode. Will retry in 1 sec. Remaining time (sec): 198
SCM is in safe mode. Will retry in 1 sec. Remaining time (sec): 197
SCM is in safe mode. Will retry in 1 sec. Remaining time (sec): 196
SCM is in safe mode. Will retry in 1 sec. Remaining time (sec): 195
SCM is in safe mode. Will retry in 1 sec. Remaining time (sec): 194
SCM is in safe mode. Will retry in 1 sec. Remaining time (sec): 193
SCM is out of safe mode.
No OM HA service, no need to wait
==============================================================================
Certrotation                                                                  
==============================================================================
Certrotation.Cert-Rotation :: Smoketest ozone cluster startup                 
==============================================================================
Test datanode functions before and after certificate rotation         depth=2 CN = scm-1@scm, OU = 6d04c82e-af53-4140-80d8-2aabee41c8c5, O = CID-e5e95bfb-8bbc-411b-a516-43811bba8b0c
verify error:num=19:self signed certificate in certificate chain
depth=2 CN = scm-1@scm, OU = 6d04c82e-af53-4140-80d8-2aabee41c8c5, O = CID-e5e95bfb-8bbc-411b-a516-43811bba8b0c
verify error:num=19:self signed certificate in certificate chain
depth=2 CN = scm-1@scm, OU = 6d04c82e-af53-4140-80d8-2aabee41c8c5, O = CID-e5e95bfb-8bbc-411b-a516-43811bba8b0c
verify error:num=19:self signed certificate in certificate chain
| PASS |
------------------------------------------------------------------------------
Certrotation.Cert-Rotation :: Smoketest ozone cluster startup         | PASS |
1 test, 1 passed, 0 failed
==============================================================================
Certrotation.Root-Ca-Rotation-Client-Checks :: Generate data                  
==============================================================================
Create a volume and bucket                                            | PASS |
------------------------------------------------------------------------------
Create key                                                            | PASS |
------------------------------------------------------------------------------
Read data from previously created key                                 | PASS |
------------------------------------------------------------------------------
Certrotation.Root-Ca-Rotation-Client-Checks :: Generate data          | PASS |
3 tests, 3 passed, 0 failed
==============================================================================
Certrotation                                                          | PASS |
4 tests, 4 passed, 0 failed
==============================================================================
Output:  /tmp/smoketest/ozonesecure/result/robot-1.xml
Stopping ozonesecure_om_1       ... 
Stopping ozonesecure_kms_1      ... 
Stopping ozonesecure_httpfs_1   ... 
Stopping ozonesecure_scm_1      ... 
Stopping ozonesecure_s3g_1      ... 
Stopping ozonesecure_datanode_2 ... 
Stopping ozonesecure_kdc_1      ... 
Stopping ozonesecure_datanode_1 ... 
Stopping ozonesecure_recon_1    ... 
Stopping ozonesecure_datanode_3 ... 
Stopping ozonesecure_kdc_1      ... done
Stopping ozonesecure_kms_1      ... done
Stopping ozonesecure_httpfs_1   ... done
Stopping ozonesecure_s3g_1      ... done
Stopping ozonesecure_recon_1    ... done
Stopping ozonesecure_datanode_3 ... done
Stopping ozonesecure_datanode_2 ... done
Stopping ozonesecure_datanode_1 ... done
Stopping ozonesecure_om_1       ... done
Stopping ozonesecure_scm_1      ... done
Removing ozonesecure_om_1       ... 
Removing ozonesecure_kms_1      ... 
Removing ozonesecure_httpfs_1   ... 
Removing ozonesecure_scm_1      ... 
Removing ozonesecure_s3g_1      ... 
Removing ozonesecure_datanode_2 ... 
Removing ozonesecure_kdc_1      ... 
Removing ozonesecure_datanode_1 ... 
Removing ozonesecure_recon_1    ... 
Removing ozonesecure_datanode_3 ... 
Removing ozonesecure_datanode_1 ... done
Removing ozonesecure_datanode_2 ... done
Removing ozonesecure_kms_1      ... done
Removing ozonesecure_httpfs_1   ... done
Removing ozonesecure_scm_1      ... done
Removing ozonesecure_kdc_1      ... done
Removing ozonesecure_s3g_1      ... done
Removing ozonesecure_recon_1    ... done
Removing ozonesecure_om_1       ... done
Removing ozonesecure_datanode_3 ... done
Removing network ozonesecure_default
Output:  /home/runner/work/ozone/ozone/hadoop-ozone/dist/target/ozone-1.4.0-SNAPSHOT/compose/result/ozonesecure-certificate-rotation.xml
removed 'ozonesecure/result/robot-1.xml'
renamed 'ozonesecure/result/dn-audit-49d3bc420d5d.log' -> '/home/runner/work/ozone/ozone/hadoop-ozone/dist/target/ozone-1.4.0-SNAPSHOT/compose/result/ozonesecure/certificate-rotation/dn-audit-49d3bc420d5d.log'
renamed 'ozonesecure/result/dn-audit-bce770f5c963.log' -> '/home/runner/work/ozone/ozone/hadoop-ozone/dist/target/ozone-1.4.0-SNAPSHOT/compose/result/ozonesecure/certificate-rotation/dn-audit-bce770f5c963.log'
renamed 'ozonesecure/result/dn-audit-e8c52f19723f.log' -> '/home/runner/work/ozone/ozone/hadoop-ozone/dist/target/ozone-1.4.0-SNAPSHOT/compose/result/ozonesecure/certificate-rotation/dn-audit-e8c52f19723f.log'
renamed 'ozonesecure/result/docker-ozonesecure_datanode_1.log' -> '/home/runner/work/ozone/ozone/hadoop-ozone/dist/target/ozone-1.4.0-SNAPSHOT/compose/result/ozonesecure/certificate-rotation/docker-ozonesecure_datanode_1.log'
renamed 'ozonesecure/result/docker-ozonesecure_datanode_2.log' -> '/home/runner/work/ozone/ozone/hadoop-ozone/dist/target/ozone-1.4.0-SNAPSHOT/compose/result/ozonesecure/certificate-rotation/docker-ozonesecure_datanode_2.log'
renamed 'ozonesecure/result/docker-ozonesecure_datanode_3.log' -> '/home/runner/work/ozone/ozone/hadoop-ozone/dist/target/ozone-1.4.0-SNAPSHOT/compose/result/ozonesecure/certificate-rotation/docker-ozonesecure_datanode_3.log'
renamed 'ozonesecure/result/docker-ozonesecure_httpfs_1.log' -> '/home/runner/work/ozone/ozone/hadoop-ozone/dist/target/ozone-1.4.0-SNAPSHOT/compose/result/ozonesecure/certificate-rotation/docker-ozonesecure_httpfs_1.log'
renamed 'ozonesecure/result/docker-ozonesecure_kdc_1.log' -> '/home/runner/work/ozone/ozone/hadoop-ozone/dist/target/ozone-1.4.0-SNAPSHOT/compose/result/ozonesecure/certificate-rotation/docker-ozonesecure_kdc_1.log'
renamed 'ozonesecure/result/docker-ozonesecure_kms_1.log' -> '/home/runner/work/ozone/ozone/hadoop-ozone/dist/target/ozone-1.4.0-SNAPSHOT/compose/result/ozonesecure/certificate-rotation/docker-ozonesecure_kms_1.log'
renamed 'ozonesecure/result/docker-ozonesecure_om_1.log' -> '/home/runner/work/ozone/ozone/hadoop-ozone/dist/target/ozone-1.4.0-SNAPSHOT/compose/result/ozonesecure/certificate-rotation/docker-ozonesecure_om_1.log'
renamed 'ozonesecure/result/docker-ozonesecure_recon_1.log' -> '/home/runner/work/ozone/ozone/hadoop-ozone/dist/target/ozone-1.4.0-SNAPSHOT/compose/result/ozonesecure/certificate-rotation/docker-ozonesecure_recon_1.log'
renamed 'ozonesecure/result/docker-ozonesecure_s3g_1.log' -> '/home/runner/work/ozone/ozone/hadoop-ozone/dist/target/ozone-1.4.0-SNAPSHOT/compose/result/ozonesecure/certificate-rotation/docker-ozonesecure_s3g_1.log'
renamed 'ozonesecure/result/docker-ozonesecure_scm_1.log' -> '/home/runner/work/ozone/ozone/hadoop-ozone/dist/target/ozone-1.4.0-SNAPSHOT/compose/result/ozonesecure/certificate-rotation/docker-ozonesecure_scm_1.log'
renamed 'ozonesecure/result/kms-audit.log' -> '/home/runner/work/ozone/ozone/hadoop-ozone/dist/target/ozone-1.4.0-SNAPSHOT/compose/result/ozonesecure/certificate-rotation/kms-audit.log'
renamed 'ozonesecure/result/om-audit-om.log' -> '/home/runner/work/ozone/ozone/hadoop-ozone/dist/target/ozone-1.4.0-SNAPSHOT/compose/result/ozonesecure/certificate-rotation/om-audit-om.log'
renamed 'ozonesecure/result/s3g-audit-s3g.log' -> '/home/runner/work/ozone/ozone/hadoop-ozone/dist/target/ozone-1.4.0-SNAPSHOT/compose/result/ozonesecure/certificate-rotation/s3g-audit-s3g.log'
renamed 'ozonesecure/result/scm-audit-scm.log' -> '/home/runner/work/ozone/ozone/hadoop-ozone/dist/target/ozone-1.4.0-SNAPSHOT/compose/result/ozonesecure/certificate-rotation/scm-audit-scm.log'
Executing test ozonesecure/test-root-ca-rotation.sh
Removing network ozonesecure_default
Network ozonesecure_default not found.
Creating network "ozonesecure_default" with the default driver
Creating ozonesecure_om_1 ... 
Creating ozonesecure_httpfs_1 ... 
Creating ozonesecure_scm_1    ... 
Creating ozonesecure_datanode_1 ... 
Creating ozonesecure_datanode_2 ... 
Creating ozonesecure_datanode_3 ... 
Creating ozonesecure_s3g_1      ... 
Creating ozonesecure_kms_1      ... 
Creating ozonesecure_recon_1    ... 
Creating ozonesecure_kdc_1      ... 
Creating ozonesecure_httpfs_1   ... done
Creating ozonesecure_om_1       ... done
Creating ozonesecure_datanode_1 ... done
Creating ozonesecure_scm_1      ... done
Creating ozonesecure_datanode_2 ... done
Creating ozonesecure_kms_1      ... done
Creating ozonesecure_datanode_3 ... done
Creating ozonesecure_recon_1    ... done
Creating ozonesecure_kdc_1      ... done
Creating ozonesecure_s3g_1      ... done
Port 88 is available on kdc
Port 9860 is not available on scm yet
Port 9860 is not available on scm yet
Port 9860 is not available on scm yet
Port 9860 is not available on scm yet
Port 9860 is not available on scm yet
Port 9860 is not available on scm yet
Port 9860 is not available on scm yet
Port 9860 is not available on scm yet
Port 9860 is not available on scm yet
Port 9860 is not available on scm yet
Port 9860 is not available on scm yet
Port 9860 is not available on scm yet
Port 9860 is not available on scm yet
Port 9860 is not available on scm yet
Port 9860 is not available on scm yet
Port 9860 is not available on scm yet
Port 9860 is not available on scm yet
Port 9860 is not available on scm yet
Port 9860 is not available on scm yet
Port 9860 is not available on scm yet
Port 9860 is not available on scm yet
Port 9860 is not available on scm yet
Port 9860 is not available on scm yet
Port 9860 is not available on scm yet
Port 9860 is not available on scm yet
Port 9860 is not available on scm yet
Port 9860 is available on scm
SCM is in safe mode. Will retry in 1 sec. Remaining time (sec): 222
SCM is in safe mode. Will retry in 1 sec. Remaining time (sec): 221
SCM is in safe mode. Will retry in 1 sec. Remaining time (sec): 220
SCM is in safe mode. Will retry in 1 sec. Remaining time (sec): 219
SCM is in safe mode. Will retry in 1 sec. Remaining time (sec): 218
SCM is in safe mode. Will retry in 1 sec. Remaining time (sec): 217
SCM is in safe mode. Will retry in 1 sec. Remaining time (sec): 216
SCM is in safe mode. Will retry in 1 sec. Remaining time (sec): 215
SCM is in safe mode. Will retry in 1 sec. Remaining time (sec): 214
SCM is in safe mode. Will retry in 1 sec. Remaining time (sec): 213
SCM is in safe mode. Will retry in 1 sec. Remaining time (sec): 212
SCM is in safe mode. Will retry in 1 sec. Remaining time (sec): 211
SCM is in safe mode. Will retry in 1 sec. Remaining time (sec): 210
SCM is in safe mode. Will retry in 1 sec. Remaining time (sec): 209
SCM is in safe mode. Will retry in 1 sec. Remaining time (sec): 208
SCM is in safe mode. Will retry in 1 sec. Remaining time (sec): 207
SCM is in safe mode. Will retry in 1 sec. Remaining time (sec): 206
SCM is in safe mode. Will retry in 1 sec. Remaining time (sec): 205
SCM is in safe mode. Will retry in 1 sec. Remaining time (sec): 204
SCM is in safe mode. Will retry in 1 sec. Remaining time (sec): 203
SCM is in safe mode. Will retry in 1 sec. Remaining time (sec): 202
SCM is in safe mode. Will retry in 1 sec. Remaining time (sec): 201
SCM is in safe mode. Will retry in 1 sec. Remaining time (sec): 200
SCM is in safe mode. Will retry in 1 sec. Remaining time (sec): 199
SCM is in safe mode. Will retry in 1 sec. Remaining time (sec): 198
SCM is in safe mode. Will retry in 1 sec. Remaining time (sec): 197
SCM is out of safe mode.
No OM HA service, no need to wait
key1 has been successfully created with options Options{cipher='AES/CTR/NoPadding', bitLength=128, description='null', attributes=null}.
org.apache.hadoop.crypto.key.kms.LoadBalancingKMSClientProvider@662b4c69 has been updated.
==============================================================================
Kinit :: Kinit test user                                                      
==============================================================================
Kinit                                                                 | PASS |
------------------------------------------------------------------------------
Kinit :: Kinit test user                                              | PASS |
1 test, 1 passed, 0 failed
==============================================================================
Output:  /tmp/smoketest/ozonesecure/result/robot-1.xml
"RootCARotationManager-Active" #271 daemon prio=5 os_prio=0 cpu=652.98ms elapsed=73.80s tid=0x00007fd308e84800 nid=0x2a7 waiting on condition  [0x00007fd2c69b0000]
jps | grep StorageContainerManagerStarter |  sed 's/StorageContainerManagerStarter//' | xargs | xargs -I {} jstack {} | grep 'RootCARotationManager-Active' succeed
Certificate id: 2
  [0]         Version: 3
         SerialNumber: 2
             IssuerDN: CN=scm-2@scm,OU=1b138b1f-86f7-4b6e-96c5-8ccf2348b8ac,O=CID-1bf12e85-cbd3-48fd-8bcb-3acaf3418d7b
           Start Date: Fri Sep 15 07:10:33 UTC 2023
           Final Date: Fri Sep 15 07:13:33 UTC 2023
            SubjectDN: CN=scm-2@scm,OU=1b138b1f-86f7-4b6e-96c5-8ccf2348b8ac,O=CID-1bf12e85-cbd3-48fd-8bcb-3acaf3418d7b
           Public Key: RSA Public Key [20:0e:f6:f9:3e:5b:ee:67:e4:06:11:c2:92:56:57:23:36:b4:bf:05],[56:66:d1:a4]
        modulus: a42ab51e9cf8210ae1d0cd4563ce4e7e468a202b067ae3075e866f7850d7b3496cb2833c72a8767d44471170e08e50448b523c7388818194ef8320fbfac1775c2b6ebd75547d01eb23d3d6f09afb32669c3055008583c5adc3c04251e5d450f27169f84ce61395a0593ffe351d08d20a260a8c2277b008d07acec9ff9c33dd2481423783582446afd90331e2fe9cfb578804650993a0cd7c730b1851b8bf493f999f31edd8fa026dbb69bbe715dd1641b6d5252b563710b7329315d2dfa45e8980385df72f89dd7e22a1ef4fd0daee6472e36de713c4afd64b1ba1b76b6b4d3ca4036588222218b37ff502792a27bf3d4f27c0cbb3dcc123e0216ee0d091e5b7
public exponent: 10001

  Signature Algorithm: SHA256withRSA
            Signature: 0218f3bdf4eb4c877fa432f28707325aa4a5c814
                       330b7f10072eef2450d09fa3432d759580e75c21
                       25992add976c0ec810c4ab0adb92fe6d7152c6f8
                       ce0c568707a3263aeb3d1cf9cbffca859cf03aa9
                       4b5afb68c0c97206bc695b3bb526ff6d3b52c934
                       278bedc4a01d809b7e8fb5cc2b146af65055a034
                       5c87e34a63045516f03aab95dd85941030c3a846
                       41be507eafd3adc30bc6e9499c3c6bbd504b2dc4
                       2a9b52cf5bf5b2dbb4ed333faa0b0bae49e3510d
                       c138ec108589c9e4e797f85547236dd9ba8d23f8
                       8ce2c2b7d53b9510b4f2fad382e3f06d54abd5a8
                       b54d12424dff8b0e8da7ef2e3b4068f8d0e908ad
                       4e7636376aae61b457c614faabb6f3ca
       Extensions: 
                       critical(true) BasicConstraints: isCa(true)
                       critical(true) KeyUsage: 0x6
                       critical(false) 2.5.29.17 value = Sequence
    Tagged [7] IMPLICIT 
        DER Octet String[4] 


ozone admin cert info 2 succeed
/data/metadata/dn/certs/ROOTCA-2.crt
find /data/metadata/dn/certs/ROOTCA-2.crt succeed
/data/metadata/om/certs/ROOTCA-2.crt
find /data/metadata/om/certs/ROOTCA-2.crt succeed
==============================================================================
Root-Ca-Rotation-Client-Checks :: Generate data                               
==============================================================================
Create a volume and bucket                                            | PASS |
------------------------------------------------------------------------------
Create key                                                            | PASS |
------------------------------------------------------------------------------
Read data from previously created key                                 | PASS |
------------------------------------------------------------------------------
Root-Ca-Rotation-Client-Checks :: Generate data                       | PASS |
3 tests, 3 passed, 0 failed
==============================================================================
Output:  /tmp/smoketest/ozonesecure/result/robot-2.xml
Certificate not found
ozone admin cert info 3 hasn't succeed yet
Certificate id: 3
  [0]         Version: 3
         SerialNumber: 3
             IssuerDN: CN=scm-3@scm,OU=1b138b1f-86f7-4b6e-96c5-8ccf2348b8ac,O=CID-1bf12e85-cbd3-48fd-8bcb-3acaf3418d7b
           Start Date: Fri Sep 15 07:12:04 UTC 2023
           Final Date: Fri Sep 15 07:15:04 UTC 2023
            SubjectDN: CN=scm-3@scm,OU=1b138b1f-86f7-4b6e-96c5-8ccf2348b8ac,O=CID-1bf12e85-cbd3-48fd-8bcb-3acaf3418d7b
           Public Key: RSA Public Key [52:67:da:b5:8e:5c:02:fd:f4:2d:2a:63:44:d9:8b:3e:fe:a9:7b:50],[56:66:d1:a4]
        modulus: c0b7e58bd1e710d4b19181b5f74d92c006ff67cf20a46cc85615dd085ca3ab5e8e87298f4a37d8a47a9b63bf2586bb97d45177296290966dccf173f5d8946ea9226d310e831a104a883cad439a1b88ab3a0419e51718fda48d9cbeca223c6e91050660c0d69b2a928bfcae3bc384a47abb4dc291f23de45845edf30405d092ac324527eda58f40c6340b4e8ba9c5e931c194f02d49217048794262d95385334ef8d9dd5941b068bf005a3533c2e79bd09f357c60110c0fcd40c4271609546064a508b6ef970092cda05580016cce9cbb9c5fcf234fd63d517d97a2196768a035473afbc2ce0c91a660e12911b3dcdce18cf7afa3008d749403a6e5fba4f030ff
public exponent: 10001

  Signature Algorithm: SHA256withRSA
            Signature: 73a93638811778d381dbd07ae96af968d859d42f
                       b8e6360b096e98fe28a711ec479147af344c9e3b
                       d21698b8253c431d125420f4debb1d21be6f3aa7
                       c089a612043a0bd8f4f540b8cf155d39f82ab4fe
                       08693be63cbbe6ccd6a9ed4803a9986463899b11
                       2f62232cf9db9fbeff6af4659d6eb0ff00407745
                       a2193b8110dde5c880ec9b1c4dbc446c64476024
                       57df4d23677c2bdf90c69c8f5fcf228823764cf2
                       f31105e097149b7e5583a64545a03f3773075c4b
                       a79d860160f4c29205175048c6c83e709a8d3739
                       af3ca8fe2708dcf93a10461c0f7ca3c7ad71e64a
                       990b8943acbfb2705540349f203bf19042790f86
                       c29cf1fc27b032a9820364401b8fac58
       Extensions: 
                       critical(true) BasicConstraints: isCa(true)
                       critical(true) KeyUsage: 0x6
                       critical(false) 2.5.29.17 value = Sequence
    Tagged [7] IMPLICIT 
        DER Octet String[4] 


ozone admin cert info 3 succeed
/data/metadata/om/certs/ROOTCA-3.crt
find /data/metadata/om/certs/ROOTCA-3.crt succeed
Certificate not found
! ozone admin cert info 1 succeed
==============================================================================
Root-Ca-Rotation-Client-Checks :: Generate data                               
==============================================================================
Create a volume and bucket                                            | PASS |
------------------------------------------------------------------------------
Create key                                                            | PASS |
------------------------------------------------------------------------------
Read data from previously created key                                 | PASS |
------------------------------------------------------------------------------
Root-Ca-Rotation-Client-Checks :: Generate data                       | PASS |
3 tests, 3 passed, 0 failed
==============================================================================
Output:  /tmp/smoketest/ozonesecure/result/robot-3.xml
==============================================================================
Root-Ca-Rotation :: Smoketest ozone cluster startup                           
==============================================================================
Verify root CA rotation metrics                                       | PASS |
------------------------------------------------------------------------------
Root-Ca-Rotation :: Smoketest ozone cluster startup                   | PASS |
1 test, 1 passed, 0 failed
==============================================================================
Output:  /tmp/smoketest/ozonesecure/result/robot-4.xml
Stopping ozonesecure_s3g_1      ... 
Stopping ozonesecure_recon_1    ... 
Stopping ozonesecure_kdc_1      ... 
Stopping ozonesecure_datanode_1 ... 
Stopping ozonesecure_kms_1      ... 
Stopping ozonesecure_datanode_2 ... 
Stopping ozonesecure_datanode_3 ... 
Stopping ozonesecure_scm_1      ... 
Stopping ozonesecure_httpfs_1   ... 
Stopping ozonesecure_om_1       ... 
Stopping ozonesecure_kdc_1      ... done
Stopping ozonesecure_kms_1      ... done
Stopping ozonesecure_httpfs_1   ... done
Stopping ozonesecure_s3g_1      ... done
Stopping ozonesecure_recon_1    ... done
Stopping ozonesecure_datanode_1 ... done
Stopping ozonesecure_datanode_3 ... done
Stopping ozonesecure_datanode_2 ... done
Stopping ozonesecure_om_1       ... done
Stopping ozonesecure_scm_1      ... done
Removing ozonesecure_s3g_1      ... 
Removing ozonesecure_recon_1    ... 
Removing ozonesecure_kdc_1      ... 
Removing ozonesecure_datanode_1 ... 
Removing ozonesecure_kms_1      ... 
Removing ozonesecure_datanode_2 ... 
Removing ozonesecure_datanode_3 ... 
Removing ozonesecure_scm_1      ... 
Removing ozonesecure_httpfs_1   ... 
Removing ozonesecure_om_1       ... 
Removing ozonesecure_datanode_1 ... done
Removing ozonesecure_datanode_3 ... done
Removing ozonesecure_httpfs_1   ... done
Removing ozonesecure_om_1       ... done
Removing ozonesecure_s3g_1      ... done
Removing ozonesecure_datanode_2 ... done
Removing ozonesecure_kdc_1      ... done
Removing ozonesecure_scm_1      ... done
Removing ozonesecure_kms_1      ... done
Removing ozonesecure_recon_1    ... done
Removing network ozonesecure_default
Log:     /home/runner/work/ozone/ozone/hadoop-ozone/dist/target/ozone-1.4.0-SNAPSHOT/compose/ozonesecure/result/log.html
Report:  /home/runner/work/ozone/ozone/hadoop-ozone/dist/target/ozone-1.4.0-SNAPSHOT/compose/ozonesecure/result/report.html
Removing network ozonesecure_default
Network ozonesecure_default not found.
Output:  /home/runner/work/ozone/ozone/hadoop-ozone/dist/target/ozone-1.4.0-SNAPSHOT/compose/result/ozonesecure-root-ca-rotation.xml
removed 'ozonesecure/result/robot-1.xml'
removed 'ozonesecure/result/robot-2.xml'
removed 'ozonesecure/result/robot-3.xml'
removed 'ozonesecure/result/robot-4.xml'
removed 'ozonesecure/result/log.html'
removed 'ozonesecure/result/report.html'
renamed 'ozonesecure/result/dn-audit-2a401d039c0a.log' -> '/home/runner/work/ozone/ozone/hadoop-ozone/dist/target/ozone-1.4.0-SNAPSHOT/compose/result/ozonesecure/root-ca-rotation/dn-audit-2a401d039c0a.log'
renamed 'ozonesecure/result/dn-audit-43be72a64fa4.log' -> '/home/runner/work/ozone/ozone/hadoop-ozone/dist/target/ozone-1.4.0-SNAPSHOT/compose/result/ozonesecure/root-ca-rotation/dn-audit-43be72a64fa4.log'
renamed 'ozonesecure/result/dn-audit-9b45a5da81d4.log' -> '/home/runner/work/ozone/ozone/hadoop-ozone/dist/target/ozone-1.4.0-SNAPSHOT/compose/result/ozonesecure/root-ca-rotation/dn-audit-9b45a5da81d4.log'
renamed 'ozonesecure/result/docker-ozonesecure_datanode_1.log' -> '/home/runner/work/ozone/ozone/hadoop-ozone/dist/target/ozone-1.4.0-SNAPSHOT/compose/result/ozonesecure/root-ca-rotation/docker-ozonesecure_datanode_1.log'
renamed 'ozonesecure/result/docker-ozonesecure_datanode_2.log' -> '/home/runner/work/ozone/ozone/hadoop-ozone/dist/target/ozone-1.4.0-SNAPSHOT/compose/result/ozonesecure/root-ca-rotation/docker-ozonesecure_datanode_2.log'
renamed 'ozonesecure/result/docker-ozonesecure_datanode_3.log' -> '/home/runner/work/ozone/ozone/hadoop-ozone/dist/target/ozone-1.4.0-SNAPSHOT/compose/result/ozonesecure/root-ca-rotation/docker-ozonesecure_datanode_3.log'
renamed 'ozonesecure/result/docker-ozonesecure_httpfs_1.log' -> '/home/runner/work/ozone/ozone/hadoop-ozone/dist/target/ozone-1.4.0-SNAPSHOT/compose/result/ozonesecure/root-ca-rotation/docker-ozonesecure_httpfs_1.log'
renamed 'ozonesecure/result/docker-ozonesecure_kdc_1.log' -> '/home/runner/work/ozone/ozone/hadoop-ozone/dist/target/ozone-1.4.0-SNAPSHOT/compose/result/ozonesecure/root-ca-rotation/docker-ozonesecure_kdc_1.log'
renamed 'ozonesecure/result/docker-ozonesecure_kms_1.log' -> '/home/runner/work/ozone/ozone/hadoop-ozone/dist/target/ozone-1.4.0-SNAPSHOT/compose/result/ozonesecure/root-ca-rotation/docker-ozonesecure_kms_1.log'
renamed 'ozonesecure/result/docker-ozonesecure_om_1.log' -> '/home/runner/work/ozone/ozone/hadoop-ozone/dist/target/ozone-1.4.0-SNAPSHOT/compose/result/ozonesecure/root-ca-rotation/docker-ozonesecure_om_1.log'
renamed 'ozonesecure/result/docker-ozonesecure_recon_1.log' -> '/home/runner/work/ozone/ozone/hadoop-ozone/dist/target/ozone-1.4.0-SNAPSHOT/compose/result/ozonesecure/root-ca-rotation/docker-ozonesecure_recon_1.log'
renamed 'ozonesecure/result/docker-ozonesecure_s3g_1.log' -> '/home/runner/work/ozone/ozone/hadoop-ozone/dist/target/ozone-1.4.0-SNAPSHOT/compose/result/ozonesecure/root-ca-rotation/docker-ozonesecure_s3g_1.log'
renamed 'ozonesecure/result/docker-ozonesecure_scm_1.log' -> '/home/runner/work/ozone/ozone/hadoop-ozone/dist/target/ozone-1.4.0-SNAPSHOT/compose/result/ozonesecure/root-ca-rotation/docker-ozonesecure_scm_1.log'
renamed 'ozonesecure/result/kms-audit.log' -> '/home/runner/work/ozone/ozone/hadoop-ozone/dist/target/ozone-1.4.0-SNAPSHOT/compose/result/ozonesecure/root-ca-rotation/kms-audit.log'
renamed 'ozonesecure/result/om-audit-om.log' -> '/home/runner/work/ozone/ozone/hadoop-ozone/dist/target/ozone-1.4.0-SNAPSHOT/compose/result/ozonesecure/root-ca-rotation/om-audit-om.log'
renamed 'ozonesecure/result/s3g-audit-s3g.log' -> '/home/runner/work/ozone/ozone/hadoop-ozone/dist/target/ozone-1.4.0-SNAPSHOT/compose/result/ozonesecure/root-ca-rotation/s3g-audit-s3g.log'
renamed 'ozonesecure/result/scm-audit-scm.log' -> '/home/runner/work/ozone/ozone/hadoop-ozone/dist/target/ozone-1.4.0-SNAPSHOT/compose/result/ozonesecure/root-ca-rotation/scm-audit-scm.log'
Exception in thread "main" java.net.SocketException: Socket closed
	at java.base/java.net.PlainSocketImpl.socketAccept(Native Method)
	at java.base/java.net.AbstractPlainSocketImpl.accept(AbstractPlainSocketImpl.java:474)
	at java.base/java.net.ServerSocket.implAccept(ServerSocket.java:565)
	at java.base/java.net.ServerSocket.accept(ServerSocket.java:533)
	at org.apache.hadoop.test.JacocoServer.main(JacocoServer.java:60)
Log:     /home/runner/work/ozone/ozone/hadoop-ozone/dist/target/ozone-1.4.0-SNAPSHOT/compose/result/log.html
Report:  /home/runner/work/ozone/ozone/hadoop-ozone/dist/target/ozone-1.4.0-SNAPSHOT/compose/result/report.html
