rm: cannot remove '/home/runner/work/ozone/ozone/hadoop-ozone/dist/target/ozone-1.5.0-SNAPSHOT/compose/result/*': No such file or directory
Executing test ozone-balancer/test.sh
Removing network ozone-balancer_default
Network ozone-balancer_default not found.
Creating network "ozone-balancer_default" with the default driver
Creating volume "ozone-balancer_tmpfs1" with local driver
Creating volume "ozone-balancer_tmpfs2" with local driver
Creating volume "ozone-balancer_tmpfs3" with local driver
Creating volume "ozone-balancer_tmpfs4" with local driver
Pulling datanode1 (apache/ozone-runner:20240316-jdk17-1)...
20240316-jdk17-1: Pulling from apache/ozone-runner
Digest: sha256:d5b51763cace3a767fb687280649a06a56f1d224c190b77da3e8f21fca73e9e4
Status: Downloaded newer image for apache/ozone-runner:20240316-jdk17-1
Creating ozone-balancer_datanode3_1 ... 
Creating ozone-balancer_datanode2_1 ... 
Creating ozone-balancer_scm1_1      ... 
Creating ozone-balancer_httpfs_1    ... 
Creating ozone-balancer_datanode1_1 ... 
Creating ozone-balancer_om3_1       ... 
Creating ozone-balancer_scm2_1      ... 
Creating ozone-balancer_scm3_1      ... 
Creating ozone-balancer_s3g_1       ... 
Creating ozone-balancer_om2_1       ... 
Creating ozone-balancer_om1_1       ... 
Creating ozone-balancer_datanode4_1 ... 
Creating ozone-balancer_scm1_1      ... done
Creating ozone-balancer_datanode2_1 ... done
Creating ozone-balancer_datanode1_1 ... done
Creating ozone-balancer_datanode3_1 ... done
Creating ozone-balancer_scm2_1      ... done
Creating ozone-balancer_httpfs_1    ... done
Creating ozone-balancer_om3_1       ... done
Creating ozone-balancer_om1_1       ... done
Creating ozone-balancer_s3g_1       ... done
Creating ozone-balancer_scm3_1      ... done
Creating ozone-balancer_om2_1       ... done
Creating ozone-balancer_datanode4_1 ... done
Port 9860 is not available on scm1 yet
Port 9860 is not available on scm1 yet
Port 9860 is not available on scm1 yet
Port 9860 is not available on scm1 yet
Port 9860 is not available on scm1 yet
Port 9860 is not available on scm1 yet
Port 9860 is not available on scm1 yet
Port 9860 is not available on scm1 yet
Port 9860 is not available on scm1 yet
Port 9860 is not available on scm1 yet
Port 9860 is available on scm1
SCM is in safe mode. Will retry in 1 sec. Remaining time (sec): 234
SCM is in safe mode. Will retry in 1 sec. Remaining time (sec): 233
SCM is in safe mode. Will retry in 1 sec. Remaining time (sec): 232
SCM is in safe mode. Will retry in 1 sec. Remaining time (sec): 231
SCM is in safe mode. Will retry in 1 sec. Remaining time (sec): 230
SCM is in safe mode. Will retry in 1 sec. Remaining time (sec): 229
SCM is in safe mode. Will retry in 1 sec. Remaining time (sec): 228
SCM is in safe mode. Will retry in 1 sec. Remaining time (sec): 227
SCM is in safe mode. Will retry in 1 sec. Remaining time (sec): 226
SCM is in safe mode. Will retry in 1 sec. Remaining time (sec): 225
SCM is in safe mode. Will retry in 1 sec. Remaining time (sec): 224
SCM is in safe mode. Will retry in 1 sec. Remaining time (sec): 223
SCM is in safe mode. Will retry in 1 sec. Remaining time (sec): 222
SCM is in safe mode. Will retry in 1 sec. Remaining time (sec): 221
SCM is in safe mode. Will retry in 1 sec. Remaining time (sec): 220
SCM is in safe mode. Will retry in 1 sec. Remaining time (sec): 219
SCM is in safe mode. Will retry in 1 sec. Remaining time (sec): 218
SCM is in safe mode. Will retry in 1 sec. Remaining time (sec): 217
SCM is in safe mode. Will retry in 1 sec. Remaining time (sec): 216
SCM is in safe mode. Will retry in 1 sec. Remaining time (sec): 215
SCM is in safe mode. Will retry in 1 sec. Remaining time (sec): 214
SCM is in safe mode. Will retry in 1 sec. Remaining time (sec): 213
SCM is in safe mode. Will retry in 1 sec. Remaining time (sec): 212
SCM is in safe mode. Will retry in 1 sec. Remaining time (sec): 211
SCM is in safe mode. Will retry in 1 sec. Remaining time (sec): 210
SCM is out of safe mode.
Found OM leader for service om: om3 : LEADER (om3)
Replaced OM order with om3,om2,om1 in ozone-balancer_datanode1_1
Replaced OM order with om3,om2,om1 in ozone-balancer_datanode2_1
Replaced OM order with om3,om2,om1 in ozone-balancer_datanode3_1
Replaced OM order with om3,om2,om1 in ozone-balancer_datanode4_1
Replaced OM order with om3,om2,om1 in ozone-balancer_s3g_1
Replaced OM order with om3,om2,om1 in ozone-balancer_scm1_1
Replaced OM order with om3,om2,om1 in ozone-balancer_scm2_1
Replaced OM order with om3,om2,om1 in ozone-balancer_scm3_1
==============================================================================
testBalancer :: Smoketest ozone cluster startup                               
==============================================================================
Verify Container Balancer for RATIS containers                        | FAIL |
255 != 0
------------------------------------------------------------------------------
testBalancer :: Smoketest ozone cluster startup                       | FAIL |
1 test, 0 passed, 1 failed
==============================================================================
Output:  /tmp/smoketest/ozone-balancer/result/robot-1.xml
jstack 6 > /home/runner/work/ozone/ozone/hadoop-ozone/dist/target/ozone-1.5.0-SNAPSHOT/compose/ozone-balancer/result/ozone-balancer_datanode1_1_HddsDatanodeService.stack
jstack 6 > /home/runner/work/ozone/ozone/hadoop-ozone/dist/target/ozone-1.5.0-SNAPSHOT/compose/ozone-balancer/result/ozone-balancer_datanode2_1_HddsDatanodeService.stack
jstack 7 > /home/runner/work/ozone/ozone/hadoop-ozone/dist/target/ozone-1.5.0-SNAPSHOT/compose/ozone-balancer/result/ozone-balancer_datanode3_1_HddsDatanodeService.stack
jstack 7 > /home/runner/work/ozone/ozone/hadoop-ozone/dist/target/ozone-1.5.0-SNAPSHOT/compose/ozone-balancer/result/ozone-balancer_datanode4_1_HddsDatanodeService.stack
jstack 7 > /home/runner/work/ozone/ozone/hadoop-ozone/dist/target/ozone-1.5.0-SNAPSHOT/compose/ozone-balancer/result/ozone-balancer_om1_1_OzoneManagerStarter.stack
jstack 6 > /home/runner/work/ozone/ozone/hadoop-ozone/dist/target/ozone-1.5.0-SNAPSHOT/compose/ozone-balancer/result/ozone-balancer_om2_1_OzoneManagerStarter.stack
jstack 7 > /home/runner/work/ozone/ozone/hadoop-ozone/dist/target/ozone-1.5.0-SNAPSHOT/compose/ozone-balancer/result/ozone-balancer_om3_1_OzoneManagerStarter.stack
jstack 6 > /home/runner/work/ozone/ozone/hadoop-ozone/dist/target/ozone-1.5.0-SNAPSHOT/compose/ozone-balancer/result/ozone-balancer_s3g_1_Gateway.stack
jstack 8 > /home/runner/work/ozone/ozone/hadoop-ozone/dist/target/ozone-1.5.0-SNAPSHOT/compose/ozone-balancer/result/ozone-balancer_scm1_1_StorageContainerManagerStarter.stack
jstack 7 > /home/runner/work/ozone/ozone/hadoop-ozone/dist/target/ozone-1.5.0-SNAPSHOT/compose/ozone-balancer/result/ozone-balancer_scm2_1_StorageContainerManagerStarter.stack
jstack 7 > /home/runner/work/ozone/ozone/hadoop-ozone/dist/target/ozone-1.5.0-SNAPSHOT/compose/ozone-balancer/result/ozone-balancer_scm3_1_StorageContainerManagerStarter.stack
Stopping ozone-balancer_datanode4_1 ... 
Stopping ozone-balancer_om1_1       ... 
Stopping ozone-balancer_om2_1       ... 
Stopping ozone-balancer_scm3_1      ... 
Stopping ozone-balancer_s3g_1       ... 
Stopping ozone-balancer_httpfs_1    ... 
Stopping ozone-balancer_om3_1       ... 
Stopping ozone-balancer_scm2_1      ... 
Stopping ozone-balancer_datanode1_1 ... 
Stopping ozone-balancer_datanode2_1 ... 
Stopping ozone-balancer_scm1_1      ... 
Stopping ozone-balancer_datanode3_1 ... 
Stopping ozone-balancer_s3g_1       ... done
Stopping ozone-balancer_httpfs_1    ... done
Stopping ozone-balancer_datanode1_1 ... done
Stopping ozone-balancer_datanode4_1 ... done
Stopping ozone-balancer_datanode3_1 ... done
Stopping ozone-balancer_datanode2_1 ... done
Stopping ozone-balancer_om3_1       ... done
Stopping ozone-balancer_om2_1       ... done
Stopping ozone-balancer_om1_1       ... done
Stopping ozone-balancer_scm1_1      ... done
Stopping ozone-balancer_scm3_1      ... done
Stopping ozone-balancer_scm2_1      ... done
Removing ozone-balancer_datanode4_1 ... 
Removing ozone-balancer_om1_1       ... 
Removing ozone-balancer_om2_1       ... 
Removing ozone-balancer_scm3_1      ... 
Removing ozone-balancer_s3g_1       ... 
Removing ozone-balancer_httpfs_1    ... 
Removing ozone-balancer_om3_1       ... 
Removing ozone-balancer_scm2_1      ... 
Removing ozone-balancer_datanode1_1 ... 
Removing ozone-balancer_datanode2_1 ... 
Removing ozone-balancer_scm1_1      ... 
Removing ozone-balancer_datanode3_1 ... 
Removing ozone-balancer_datanode1_1 ... done
Removing ozone-balancer_datanode3_1 ... done
Removing ozone-balancer_datanode4_1 ... done
Removing ozone-balancer_om1_1       ... done
Removing ozone-balancer_scm1_1      ... done
Removing ozone-balancer_s3g_1       ... done
Removing ozone-balancer_datanode2_1 ... done
Removing ozone-balancer_scm3_1      ... done
Removing ozone-balancer_httpfs_1    ... done
Removing ozone-balancer_om3_1       ... done
Removing ozone-balancer_om2_1       ... done
Removing ozone-balancer_scm2_1      ... done
Removing network ozone-balancer_default
ERROR: Test execution of ozone-balancer/test.sh is FAILED!!!!
Output:  /home/runner/work/ozone/ozone/hadoop-ozone/dist/target/ozone-1.5.0-SNAPSHOT/compose/result/ozone-balancer.xml
removed 'ozone-balancer/result/robot-1.xml'
renamed 'ozone-balancer/result/dn-audit-18cc188d5318.log' -> '/home/runner/work/ozone/ozone/hadoop-ozone/dist/target/ozone-1.5.0-SNAPSHOT/compose/result/ozone-balancer/dn-audit-18cc188d5318.log'
renamed 'ozone-balancer/result/dn-audit-2e2fdf46c833.log' -> '/home/runner/work/ozone/ozone/hadoop-ozone/dist/target/ozone-1.5.0-SNAPSHOT/compose/result/ozone-balancer/dn-audit-2e2fdf46c833.log'
renamed 'ozone-balancer/result/dn-audit-b6a3ac163a46.log' -> '/home/runner/work/ozone/ozone/hadoop-ozone/dist/target/ozone-1.5.0-SNAPSHOT/compose/result/ozone-balancer/dn-audit-b6a3ac163a46.log'
renamed 'ozone-balancer/result/dn-audit-c40dc8b6f6e2.log' -> '/home/runner/work/ozone/ozone/hadoop-ozone/dist/target/ozone-1.5.0-SNAPSHOT/compose/result/ozone-balancer/dn-audit-c40dc8b6f6e2.log'
renamed 'ozone-balancer/result/docker-ozone-balancer_datanode1_1.log' -> '/home/runner/work/ozone/ozone/hadoop-ozone/dist/target/ozone-1.5.0-SNAPSHOT/compose/result/ozone-balancer/docker-ozone-balancer_datanode1_1.log'
renamed 'ozone-balancer/result/docker-ozone-balancer_datanode2_1.log' -> '/home/runner/work/ozone/ozone/hadoop-ozone/dist/target/ozone-1.5.0-SNAPSHOT/compose/result/ozone-balancer/docker-ozone-balancer_datanode2_1.log'
renamed 'ozone-balancer/result/docker-ozone-balancer_datanode3_1.log' -> '/home/runner/work/ozone/ozone/hadoop-ozone/dist/target/ozone-1.5.0-SNAPSHOT/compose/result/ozone-balancer/docker-ozone-balancer_datanode3_1.log'
renamed 'ozone-balancer/result/docker-ozone-balancer_datanode4_1.log' -> '/home/runner/work/ozone/ozone/hadoop-ozone/dist/target/ozone-1.5.0-SNAPSHOT/compose/result/ozone-balancer/docker-ozone-balancer_datanode4_1.log'
renamed 'ozone-balancer/result/docker-ozone-balancer_httpfs_1.log' -> '/home/runner/work/ozone/ozone/hadoop-ozone/dist/target/ozone-1.5.0-SNAPSHOT/compose/result/ozone-balancer/docker-ozone-balancer_httpfs_1.log'
renamed 'ozone-balancer/result/docker-ozone-balancer_om1_1.log' -> '/home/runner/work/ozone/ozone/hadoop-ozone/dist/target/ozone-1.5.0-SNAPSHOT/compose/result/ozone-balancer/docker-ozone-balancer_om1_1.log'
renamed 'ozone-balancer/result/docker-ozone-balancer_om2_1.log' -> '/home/runner/work/ozone/ozone/hadoop-ozone/dist/target/ozone-1.5.0-SNAPSHOT/compose/result/ozone-balancer/docker-ozone-balancer_om2_1.log'
renamed 'ozone-balancer/result/docker-ozone-balancer_om3_1.log' -> '/home/runner/work/ozone/ozone/hadoop-ozone/dist/target/ozone-1.5.0-SNAPSHOT/compose/result/ozone-balancer/docker-ozone-balancer_om3_1.log'
renamed 'ozone-balancer/result/docker-ozone-balancer_s3g_1.log' -> '/home/runner/work/ozone/ozone/hadoop-ozone/dist/target/ozone-1.5.0-SNAPSHOT/compose/result/ozone-balancer/docker-ozone-balancer_s3g_1.log'
renamed 'ozone-balancer/result/docker-ozone-balancer_scm1_1.log' -> '/home/runner/work/ozone/ozone/hadoop-ozone/dist/target/ozone-1.5.0-SNAPSHOT/compose/result/ozone-balancer/docker-ozone-balancer_scm1_1.log'
renamed 'ozone-balancer/result/docker-ozone-balancer_scm2_1.log' -> '/home/runner/work/ozone/ozone/hadoop-ozone/dist/target/ozone-1.5.0-SNAPSHOT/compose/result/ozone-balancer/docker-ozone-balancer_scm2_1.log'
renamed 'ozone-balancer/result/docker-ozone-balancer_scm3_1.log' -> '/home/runner/work/ozone/ozone/hadoop-ozone/dist/target/ozone-1.5.0-SNAPSHOT/compose/result/ozone-balancer/docker-ozone-balancer_scm3_1.log'
renamed 'ozone-balancer/result/om-audit-om1.log' -> '/home/runner/work/ozone/ozone/hadoop-ozone/dist/target/ozone-1.5.0-SNAPSHOT/compose/result/ozone-balancer/om-audit-om1.log'
renamed 'ozone-balancer/result/om-audit-om2.log' -> '/home/runner/work/ozone/ozone/hadoop-ozone/dist/target/ozone-1.5.0-SNAPSHOT/compose/result/ozone-balancer/om-audit-om2.log'
renamed 'ozone-balancer/result/om-audit-om3.log' -> '/home/runner/work/ozone/ozone/hadoop-ozone/dist/target/ozone-1.5.0-SNAPSHOT/compose/result/ozone-balancer/om-audit-om3.log'
renamed 'ozone-balancer/result/ozone-balancer_datanode1_1_HddsDatanodeService.stack' -> '/home/runner/work/ozone/ozone/hadoop-ozone/dist/target/ozone-1.5.0-SNAPSHOT/compose/result/ozone-balancer/ozone-balancer_datanode1_1_HddsDatanodeService.stack'
renamed 'ozone-balancer/result/ozone-balancer_datanode2_1_HddsDatanodeService.stack' -> '/home/runner/work/ozone/ozone/hadoop-ozone/dist/target/ozone-1.5.0-SNAPSHOT/compose/result/ozone-balancer/ozone-balancer_datanode2_1_HddsDatanodeService.stack'
renamed 'ozone-balancer/result/ozone-balancer_datanode3_1_HddsDatanodeService.stack' -> '/home/runner/work/ozone/ozone/hadoop-ozone/dist/target/ozone-1.5.0-SNAPSHOT/compose/result/ozone-balancer/ozone-balancer_datanode3_1_HddsDatanodeService.stack'
renamed 'ozone-balancer/result/ozone-balancer_datanode4_1_HddsDatanodeService.stack' -> '/home/runner/work/ozone/ozone/hadoop-ozone/dist/target/ozone-1.5.0-SNAPSHOT/compose/result/ozone-balancer/ozone-balancer_datanode4_1_HddsDatanodeService.stack'
renamed 'ozone-balancer/result/ozone-balancer_om1_1_OzoneManagerStarter.stack' -> '/home/runner/work/ozone/ozone/hadoop-ozone/dist/target/ozone-1.5.0-SNAPSHOT/compose/result/ozone-balancer/ozone-balancer_om1_1_OzoneManagerStarter.stack'
renamed 'ozone-balancer/result/ozone-balancer_om2_1_OzoneManagerStarter.stack' -> '/home/runner/work/ozone/ozone/hadoop-ozone/dist/target/ozone-1.5.0-SNAPSHOT/compose/result/ozone-balancer/ozone-balancer_om2_1_OzoneManagerStarter.stack'
renamed 'ozone-balancer/result/ozone-balancer_om3_1_OzoneManagerStarter.stack' -> '/home/runner/work/ozone/ozone/hadoop-ozone/dist/target/ozone-1.5.0-SNAPSHOT/compose/result/ozone-balancer/ozone-balancer_om3_1_OzoneManagerStarter.stack'
renamed 'ozone-balancer/result/ozone-balancer_s3g_1_Gateway.stack' -> '/home/runner/work/ozone/ozone/hadoop-ozone/dist/target/ozone-1.5.0-SNAPSHOT/compose/result/ozone-balancer/ozone-balancer_s3g_1_Gateway.stack'
renamed 'ozone-balancer/result/ozone-balancer_scm1_1_StorageContainerManagerStarter.stack' -> '/home/runner/work/ozone/ozone/hadoop-ozone/dist/target/ozone-1.5.0-SNAPSHOT/compose/result/ozone-balancer/ozone-balancer_scm1_1_StorageContainerManagerStarter.stack'
renamed 'ozone-balancer/result/ozone-balancer_scm2_1_StorageContainerManagerStarter.stack' -> '/home/runner/work/ozone/ozone/hadoop-ozone/dist/target/ozone-1.5.0-SNAPSHOT/compose/result/ozone-balancer/ozone-balancer_scm2_1_StorageContainerManagerStarter.stack'
renamed 'ozone-balancer/result/ozone-balancer_scm3_1_StorageContainerManagerStarter.stack' -> '/home/runner/work/ozone/ozone/hadoop-ozone/dist/target/ozone-1.5.0-SNAPSHOT/compose/result/ozone-balancer/ozone-balancer_scm3_1_StorageContainerManagerStarter.stack'
renamed 'ozone-balancer/result/s3g-audit-6924072575f2.log' -> '/home/runner/work/ozone/ozone/hadoop-ozone/dist/target/ozone-1.5.0-SNAPSHOT/compose/result/ozone-balancer/s3g-audit-6924072575f2.log'
renamed 'ozone-balancer/result/scm-audit-5b8745bbf468.log' -> '/home/runner/work/ozone/ozone/hadoop-ozone/dist/target/ozone-1.5.0-SNAPSHOT/compose/result/ozone-balancer/scm-audit-5b8745bbf468.log'
renamed 'ozone-balancer/result/scm-audit-d89d23342110.log' -> '/home/runner/work/ozone/ozone/hadoop-ozone/dist/target/ozone-1.5.0-SNAPSHOT/compose/result/ozone-balancer/scm-audit-d89d23342110.log'
renamed 'ozone-balancer/result/scm-audit-dbd24a645412.log' -> '/home/runner/work/ozone/ozone/hadoop-ozone/dist/target/ozone-1.5.0-SNAPSHOT/compose/result/ozone-balancer/scm-audit-dbd24a645412.log'
Exception in thread "main" java.net.SocketException: Socket closed
	at java.base/java.net.PlainSocketImpl.socketAccept(Native Method)
	at java.base/java.net.AbstractPlainSocketImpl.accept(AbstractPlainSocketImpl.java:474)
	at java.base/java.net.ServerSocket.implAccept(ServerSocket.java:565)
	at java.base/java.net.ServerSocket.accept(ServerSocket.java:533)
	at org.apache.hadoop.test.JacocoServer.main(JacocoServer.java:60)
Log:     /home/runner/work/ozone/ozone/hadoop-ozone/dist/target/ozone-1.5.0-SNAPSHOT/compose/result/log.html
Report:  /home/runner/work/ozone/ozone/hadoop-ozone/dist/target/ozone-1.5.0-SNAPSHOT/compose/result/report.html
