rm: cannot remove '/home/runner/work/ozone/ozone/hadoop-ozone/dist/target/ozone-1.4.0-SNAPSHOT/compose/result/*': No such file or directory
Executing test ozonesecure-ha/test-root-ca-rotation.sh
Removing network ozonesecure-ha_ozone_net
Network ozonesecure-ha_ozone_net not found.
Creating network "ozonesecure-ha_ozone_net" with the default driver
Pulling kdc (apache/ozone-testkrb5:20230318-1)...
20230318-1: Pulling from apache/ozone-testkrb5
Digest: sha256:6a7eeac1ebd12e8968e34ab93fb8d21f2b92ae52bc0a85b662a2d41065f05d3a
Status: Downloaded newer image for apache/ozone-testkrb5:20230318-1
Pulling s3g (apache/ozone-runner:20230615-1)...
20230615-1: Pulling from apache/ozone-runner
Digest: sha256:46c59e4f69c94a8f886d621c9f1898fda8cc4d5de59059c6c74175ffa4718474
Status: Downloaded newer image for apache/ozone-runner:20230615-1
Pulling kms (apache/hadoop:3.3.6)...
3.3.6: Pulling from apache/hadoop
Digest: sha256:62a22627f35a1bbf29c721192c02fe311c93749cc43d51df01792b2ac40ff144
Status: Downloaded newer image for apache/hadoop:3.3.6
Creating ozonesecure-ha_om2_1 ... 
Creating ozonesecure-ha_kms_1 ... 
Creating ozonesecure-ha_scm3.org_1 ... 
Creating ozonesecure-ha_recon_1    ... 
Creating ozonesecure-ha_scm2.org_1 ... 
Creating ozonesecure-ha_datanode1_1 ... 
Creating ozonesecure-ha_om3_1       ... 
Creating ozonesecure-ha_kdc_1       ... 
Creating ozonesecure-ha_datanode3_1 ... 
Creating ozonesecure-ha_datanode2_1 ... 
Creating ozonesecure-ha_scm1.org_1  ... 
Creating ozonesecure-ha_om1_1       ... 
Creating ozonesecure-ha_httpfs_1    ... 
Creating ozonesecure-ha_s3g_1       ... 
Creating ozonesecure-ha_recon_1     ... done
Creating ozonesecure-ha_scm3.org_1  ... done
Creating ozonesecure-ha_kdc_1       ... done
Creating ozonesecure-ha_kms_1       ... done
Creating ozonesecure-ha_scm2.org_1  ... done
Creating ozonesecure-ha_s3g_1       ... done
Creating ozonesecure-ha_datanode1_1 ... done
Creating ozonesecure-ha_datanode2_1 ... done
Creating ozonesecure-ha_om3_1       ... done
Creating ozonesecure-ha_om2_1       ... done
Creating ozonesecure-ha_datanode3_1 ... done
Creating ozonesecure-ha_scm1.org_1  ... done
Creating ozonesecure-ha_om1_1       ... done
Creating ozonesecure-ha_httpfs_1    ... done
Port 88 is available on kdc
Port 9860 is not available on scm1.org yet
Port 9860 is not available on scm1.org yet
Port 9860 is not available on scm1.org yet
Port 9860 is not available on scm1.org yet
Port 9860 is not available on scm1.org yet
Port 9860 is not available on scm1.org yet
Port 9860 is not available on scm1.org yet
Port 9860 is not available on scm1.org yet
Port 9860 is not available on scm1.org yet
Port 9860 is not available on scm1.org yet
Port 9860 is not available on scm1.org yet
Port 9860 is not available on scm1.org yet
Port 9860 is not available on scm1.org yet
Port 9860 is not available on scm1.org yet
Port 9860 is not available on scm1.org yet
Port 9860 is not available on scm1.org yet
Port 9860 is available on scm1.org
SCM is in safe mode. Will retry in 1 sec. Remaining time (sec): 236
SCM is in safe mode. Will retry in 1 sec. Remaining time (sec): 235
SCM is in safe mode. Will retry in 1 sec. Remaining time (sec): 234
SCM is in safe mode. Will retry in 1 sec. Remaining time (sec): 233
SCM is in safe mode. Will retry in 1 sec. Remaining time (sec): 232
SCM is in safe mode. Will retry in 1 sec. Remaining time (sec): 231
SCM is in safe mode. Will retry in 1 sec. Remaining time (sec): 230
SCM is in safe mode. Will retry in 1 sec. Remaining time (sec): 229
SCM is in safe mode. Will retry in 1 sec. Remaining time (sec): 228
SCM is in safe mode. Will retry in 1 sec. Remaining time (sec): 227
SCM is in safe mode. Will retry in 1 sec. Remaining time (sec): 226
SCM is in safe mode. Will retry in 1 sec. Remaining time (sec): 225
SCM is in safe mode. Will retry in 1 sec. Remaining time (sec): 224
SCM is in safe mode. Will retry in 1 sec. Remaining time (sec): 223
SCM is in safe mode. Will retry in 1 sec. Remaining time (sec): 222
SCM is in safe mode. Will retry in 1 sec. Remaining time (sec): 221
SCM is in safe mode. Will retry in 1 sec. Remaining time (sec): 220
SCM is in safe mode. Will retry in 1 sec. Remaining time (sec): 219
SCM is in safe mode. Will retry in 1 sec. Remaining time (sec): 218
SCM is in safe mode. Will retry in 1 sec. Remaining time (sec): 217
SCM is in safe mode. Will retry in 1 sec. Remaining time (sec): 216
SCM is in safe mode. Will retry in 1 sec. Remaining time (sec): 215
SCM is in safe mode. Will retry in 1 sec. Remaining time (sec): 214
SCM is in safe mode. Will retry in 1 sec. Remaining time (sec): 213
SCM is in safe mode. Will retry in 1 sec. Remaining time (sec): 212
SCM is in safe mode. Will retry in 1 sec. Remaining time (sec): 211
SCM is in safe mode. Will retry in 1 sec. Remaining time (sec): 210
SCM is in safe mode. Will retry in 1 sec. Remaining time (sec): 209
SCM is in safe mode. Will retry in 1 sec. Remaining time (sec): 208
SCM is in safe mode. Will retry in 1 sec. Remaining time (sec): 207
SCM is in safe mode. Will retry in 1 sec. Remaining time (sec): 206
SCM is in safe mode. Will retry in 1 sec. Remaining time (sec): 205
SCM is in safe mode. Will retry in 1 sec. Remaining time (sec): 204
SCM is in safe mode. Will retry in 1 sec. Remaining time (sec): 203
SCM is in safe mode. Will retry in 1 sec. Remaining time (sec): 202
SCM is in safe mode. Will retry in 1 sec. Remaining time (sec): 201
SCM is in safe mode. Will retry in 1 sec. Remaining time (sec): 200
SCM is in safe mode. Will retry in 1 sec. Remaining time (sec): 199
SCM is in safe mode. Will retry in 1 sec. Remaining time (sec): 198
SCM is in safe mode. Will retry in 1 sec. Remaining time (sec): 197
SCM is in safe mode. Will retry in 1 sec. Remaining time (sec): 196
SCM is in safe mode. Will retry in 1 sec. Remaining time (sec): 195
SCM is in safe mode. Will retry in 1 sec. Remaining time (sec): 194
SCM is in safe mode. Will retry in 1 sec. Remaining time (sec): 193
SCM is in safe mode. Will retry in 1 sec. Remaining time (sec): 192
SCM is in safe mode. Will retry in 1 sec. Remaining time (sec): 191
SCM is in safe mode. Will retry in 1 sec. Remaining time (sec): 190
SCM is in safe mode. Will retry in 1 sec. Remaining time (sec): 189
SCM is in safe mode. Will retry in 1 sec. Remaining time (sec): 188
SCM is in safe mode. Will retry in 1 sec. Remaining time (sec): 187
SCM is in safe mode. Will retry in 1 sec. Remaining time (sec): 186
SCM is in safe mode. Will retry in 1 sec. Remaining time (sec): 185
SCM is in safe mode. Will retry in 1 sec. Remaining time (sec): 184
SCM is in safe mode. Will retry in 1 sec. Remaining time (sec): 183
SCM is in safe mode. Will retry in 1 sec. Remaining time (sec): 182
SCM is in safe mode. Will retry in 1 sec. Remaining time (sec): 181
SCM is in safe mode. Will retry in 1 sec. Remaining time (sec): 180
SCM is in safe mode. Will retry in 1 sec. Remaining time (sec): 179
SCM is in safe mode. Will retry in 1 sec. Remaining time (sec): 178
SCM is in safe mode. Will retry in 1 sec. Remaining time (sec): 177
SCM is in safe mode. Will retry in 1 sec. Remaining time (sec): 176
SCM is in safe mode. Will retry in 1 sec. Remaining time (sec): 175
SCM is in safe mode. Will retry in 1 sec. Remaining time (sec): 174
SCM is in safe mode. Will retry in 1 sec. Remaining time (sec): 173
SCM is in safe mode. Will retry in 1 sec. Remaining time (sec): 172
SCM is in safe mode. Will retry in 1 sec. Remaining time (sec): 171
SCM is in safe mode. Will retry in 1 sec. Remaining time (sec): 170
SCM is in safe mode. Will retry in 1 sec. Remaining time (sec): 169
SCM is in safe mode. Will retry in 1 sec. Remaining time (sec): 168
SCM is in safe mode. Will retry in 1 sec. Remaining time (sec): 167
SCM is in safe mode. Will retry in 1 sec. Remaining time (sec): 166
SCM is in safe mode. Will retry in 1 sec. Remaining time (sec): 165
SCM is in safe mode. Will retry in 1 sec. Remaining time (sec): 164
SCM is in safe mode. Will retry in 1 sec. Remaining time (sec): 163
SCM is in safe mode. Will retry in 1 sec. Remaining time (sec): 162
SCM is in safe mode. Will retry in 1 sec. Remaining time (sec): 161
SCM is in safe mode. Will retry in 1 sec. Remaining time (sec): 160
SCM is in safe mode. Will retry in 1 sec. Remaining time (sec): 159
SCM is in safe mode. Will retry in 1 sec. Remaining time (sec): 158
SCM is in safe mode. Will retry in 1 sec. Remaining time (sec): 157
SCM is in safe mode. Will retry in 1 sec. Remaining time (sec): 156
SCM is in safe mode. Will retry in 1 sec. Remaining time (sec): 155
SCM is in safe mode. Will retry in 1 sec. Remaining time (sec): 154
SCM is in safe mode. Will retry in 1 sec. Remaining time (sec): 153
SCM is in safe mode. Will retry in 1 sec. Remaining time (sec): 152
SCM is in safe mode. Will retry in 1 sec. Remaining time (sec): 151
SCM is in safe mode. Will retry in 1 sec. Remaining time (sec): 150
SCM is in safe mode. Will retry in 1 sec. Remaining time (sec): 149
SCM is in safe mode. Will retry in 1 sec. Remaining time (sec): 148
SCM is in safe mode. Will retry in 1 sec. Remaining time (sec): 147
SCM is in safe mode. Will retry in 1 sec. Remaining time (sec): 146
SCM is in safe mode. Will retry in 1 sec. Remaining time (sec): 145
SCM is in safe mode. Will retry in 1 sec. Remaining time (sec): 144
SCM is in safe mode. Will retry in 1 sec. Remaining time (sec): 142
SCM is in safe mode. Will retry in 1 sec. Remaining time (sec): 141
SCM is in safe mode. Will retry in 1 sec. Remaining time (sec): 140
SCM is in safe mode. Will retry in 1 sec. Remaining time (sec): 139
SCM is in safe mode. Will retry in 1 sec. Remaining time (sec): 138
SCM is in safe mode. Will retry in 1 sec. Remaining time (sec): 137
SCM is in safe mode. Will retry in 1 sec. Remaining time (sec): 136
SCM is in safe mode. Will retry in 1 sec. Remaining time (sec): 135
SCM is in safe mode. Will retry in 1 sec. Remaining time (sec): 134
SCM is in safe mode. Will retry in 1 sec. Remaining time (sec): 133
SCM is in safe mode. Will retry in 1 sec. Remaining time (sec): 132
SCM is in safe mode. Will retry in 1 sec. Remaining time (sec): 131
SCM is in safe mode. Will retry in 1 sec. Remaining time (sec): 130
SCM is in safe mode. Will retry in 1 sec. Remaining time (sec): 129
SCM is in safe mode. Will retry in 1 sec. Remaining time (sec): 128
SCM is in safe mode. Will retry in 1 sec. Remaining time (sec): 127
SCM is in safe mode. Will retry in 1 sec. Remaining time (sec): 126
SCM is in safe mode. Will retry in 1 sec. Remaining time (sec): 125
SCM is in safe mode. Will retry in 1 sec. Remaining time (sec): 124
SCM is in safe mode. Will retry in 1 sec. Remaining time (sec): 123
SCM is in safe mode. Will retry in 1 sec. Remaining time (sec): 122
SCM is in safe mode. Will retry in 1 sec. Remaining time (sec): 121
SCM is in safe mode. Will retry in 1 sec. Remaining time (sec): 120
SCM is in safe mode. Will retry in 1 sec. Remaining time (sec): 119
SCM is in safe mode. Will retry in 1 sec. Remaining time (sec): 118
SCM is in safe mode. Will retry in 1 sec. Remaining time (sec): 117
SCM is in safe mode. Will retry in 1 sec. Remaining time (sec): 116
SCM is in safe mode. Will retry in 1 sec. Remaining time (sec): 115
SCM is in safe mode. Will retry in 1 sec. Remaining time (sec): 114
SCM is in safe mode. Will retry in 1 sec. Remaining time (sec): 113
SCM is in safe mode. Will retry in 1 sec. Remaining time (sec): 112
SCM is in safe mode. Will retry in 1 sec. Remaining time (sec): 111
SCM is in safe mode. Will retry in 1 sec. Remaining time (sec): 110
SCM is in safe mode. Will retry in 1 sec. Remaining time (sec): 109
SCM is in safe mode. Will retry in 1 sec. Remaining time (sec): 108
SCM is in safe mode. Will retry in 1 sec. Remaining time (sec): 107
SCM is in safe mode. Will retry in 1 sec. Remaining time (sec): 106
SCM is in safe mode. Will retry in 1 sec. Remaining time (sec): 105
SCM is out of safe mode.
Found OM leader for service omservice: om3 : LEADER (om3)
Replaced OM order with om3,om2,om1 in ozonesecure-ha_datanode1_1
Replaced OM order with om3,om2,om1 in ozonesecure-ha_datanode2_1
Replaced OM order with om3,om2,om1 in ozonesecure-ha_datanode3_1
Replaced OM order with om3,om2,om1 in ozonesecure-ha_recon_1
Replaced OM order with om3,om2,om1 in ozonesecure-ha_s3g_1
Replaced OM order with om3,om2,om1 in ozonesecure-ha_scm1.org_1
Replaced OM order with om3,om2,om1 in ozonesecure-ha_scm2.org_1
Replaced OM order with om3,om2,om1 in ozonesecure-ha_scm3.org_1
key1 has been successfully created with options Options{cipher='AES/CTR/NoPadding', bitLength=128, description='null', attributes=null}.
org.apache.hadoop.crypto.key.kms.LoadBalancingKMSClientProvider@662b4c69 has been updated.
==============================================================================
Kinit :: Kinit test user                                                      
==============================================================================
Kinit                                                                 | PASS |
------------------------------------------------------------------------------
Kinit :: Kinit test user                                              | PASS |
1 test, 1 passed, 0 failed
==============================================================================
Output:  /tmp/smoketest/ozonesecure-ha/result/robot-1.xml
"RootCARotationManager-Active" #271 daemon prio=5 os_prio=0 cpu=701.59ms elapsed=214.38s tid=0x00007f765a2e3800 nid=0x26d waiting on condition  [0x00007f76178b7000]
jps | grep StorageContainerManagerStarter | sed 's/StorageContainerManagerStarter//' | xargs  | xargs -I {} jstack {} | grep 'RootCARotationManager-Active' succeed
Certificate id: 2
  [0]         Version: 3
         SerialNumber: 2
             IssuerDN: CN=scm-2@scm1.org,OU=db34df81-8ccc-406a-8136-5bd3f535ecdd,O=CID-e1a1c385-8045-4c82-9636-fcf9d211b40a
           Start Date: Wed Aug 30 06:51:27 UTC 2023
           Final Date: Wed Aug 30 06:55:27 UTC 2023
            SubjectDN: CN=scm-2@scm1.org,OU=db34df81-8ccc-406a-8136-5bd3f535ecdd,O=CID-e1a1c385-8045-4c82-9636-fcf9d211b40a
           Public Key: RSA Public Key [97:4b:85:42:3f:c5:a4:a3:e8:ef:8f:dc:c3:ee:2b:22:cc:35:d8:67],[56:66:d1:a4]
        modulus: e844d1549428e2610bca1b10210fd2b836167cdfa95752f8281aadebe18eb2e0b773b07b3d08ab9e4e9c1246f076535b614e2f5656d1a120a7581b7a4357ffe7c35f1f48b9bf02a9b64eb779321044ee3052713be859891e4f681a93ac622be79bc0907eb269dfd1213a88b47a16c536a9c7e52e6b29a377144d675aea00634926765f4d07c3f7a2b4a4227b871ac3189c5e9a2866b199c67f33c0565fddb74583bf8ba16229f82b038c0b01f2d6f991d7a3e5b1f93a0592d1b21fd585fa03a7bd2f8d1b31b310fa759540de5c060b5ad26eae331eb1cb94c7452b3befae11925786438b8479ca8d31e0c0a9e8a1f69a9f50690e663818ca00dc55dbc94db44d
public exponent: 10001

  Signature Algorithm: SHA256withRSA
            Signature: aa0bdf065c5a0ad6b14a14293945d1a8dfc00a87
                       323de9f1ffc125feb24be164c52de41540d98fed
                       4c1be7e87743a7035692683509a169a0fec470f6
                       49725db058882414df76d9a23f82545ee4d5dae5
                       34b191abf8e179b3c2fd22f7d5520f578ec08692
                       6d8ae41d99256e9685f1efa120f0b566f52ff3d5
                       3c393057cfac1189145b5689a7498e85746839ac
                       ec2fe827c439aa9502cd16db760fe1b45ef498f3
                       5b74ea032983471c61e8e14b1abb653cfc61aa75
                       3eef8fa8a37f628498392e28fa0b763ad94338a5
                       d1ea9bc1276be6f33dd1995b7796ffab6c4262c4
                       f0acbddd885bd5d19a0cf839fa65c2cc0ba1d2f9
                       940e5b24dbd4cafe41732288b7666b56
       Extensions: 
                       critical(true) BasicConstraints: isCa(true)
                       critical(true) KeyUsage: 0x6
                       critical(false) 2.5.29.17 value = Sequence
    Tagged [7] IMPLICIT 
        DER Octet String[4] 
    Tagged [2] IMPLICIT 
        DER Octet String[8] 


ozone admin cert info 2 succeed
==============================================================================
Scm-Leader-Transfer :: Smoketest ozone cluster startup                        
==============================================================================
Transfer Leadership                                                   | PASS |
------------------------------------------------------------------------------
Scm-Leader-Transfer :: Smoketest ozone cluster startup                | PASS |
1 test, 1 passed, 0 failed
==============================================================================
Output:  /tmp/smoketest/ozonesecure-ha/result/robot-2.xml
"RootCARotationManager-Inactive" #271 daemon prio=5 os_prio=0 cpu=718.51ms elapsed=266.41s tid=0x00007f765a2e3800 nid=0x26d waiting on condition  [0x00007f76178b7000]
jps | grep StorageContainerManagerStarter | sed 's/StorageContainerManagerStarter//' | xargs | xargs -I {} jstack {} | grep 'RootCARotationManager-Inactive' succeed
==============================================================================
Root-Ca-Rotation-Client-Checks :: Generate data                               
==============================================================================
Create a volume and bucket                                            | PASS |
------------------------------------------------------------------------------
Create key                                                            | PASS |
------------------------------------------------------------------------------
Read data from previously created key                                 | PASS |
------------------------------------------------------------------------------
Root-Ca-Rotation-Client-Checks :: Generate data                       | PASS |
3 tests, 3 passed, 0 failed
==============================================================================
Output:  /tmp/smoketest/ozonesecure-ha/result/robot-3.xml
==============================================================================
Pipeline :: Test ozone admin pipeline command                                 
==============================================================================
Create pipeline                                                       | PASS |
------------------------------------------------------------------------------
List pipelines                                                        | PASS |
------------------------------------------------------------------------------
List pipelines with explicit host                                     | PASS |
------------------------------------------------------------------------------
Deactivate pipeline                                                   | PASS |
------------------------------------------------------------------------------
Activate pipeline                                                     | PASS |
------------------------------------------------------------------------------
Close pipeline                                                        | PASS |
------------------------------------------------------------------------------
Incomplete command                                                    | PASS |
------------------------------------------------------------------------------
Pipeline :: Test ozone admin pipeline command                         | PASS |
7 tests, 7 passed, 0 failed
==============================================================================
Output:  /tmp/smoketest/ozonesecure-ha/result/robot-4.xml
Certificate id: 3
  [0]         Version: 3
         SerialNumber: 3
             IssuerDN: CN=scm-3@scm2.org,OU=8822d317-1f07-419b-a1c1-e037e95aa93f,O=CID-e1a1c385-8045-4c82-9636-fcf9d211b40a
           Start Date: Wed Aug 30 06:53:57 UTC 2023
           Final Date: Wed Aug 30 06:57:57 UTC 2023
            SubjectDN: CN=scm-3@scm2.org,OU=8822d317-1f07-419b-a1c1-e037e95aa93f,O=CID-e1a1c385-8045-4c82-9636-fcf9d211b40a
           Public Key: RSA Public Key [6f:43:46:a3:45:f0:96:07:8a:84:c5:2c:f9:66:cf:fa:64:c9:d9:6d],[56:66:d1:a4]
        modulus: cdd9015460d202bf4aae36c66e25629577f3ec15774d2ff1716601cdc4a4b8e77f4c7312a66658f3965de61d16cfeab31f16cbb71df9ff982f45a329ce2e538c1fb68592d8af890dfe3417b3314d6457c7ea1cab6e9a003601a7f4613790a4be6b8d04a30402bec5010b3172ed95bd5fad5b1e45b72bc0e38377c058118d29a43e55f157d7ed552cca13fe8f731633209da0dbff0596e3e7ec4230b30f41c175c664ea208a9ff6502056a67b99d9361dc8374a4fd063c9ed11910ddcc201fc30481aaf010f58a62be84bce1161eb91faa35a697ed65512943bfbffd08246e14c1c729d9b0067c0d36f2708c33d2e56462c7a77230a5d9d5a512fd2655e3da2ff
public exponent: 10001

  Signature Algorithm: SHA256withRSA
            Signature: 58462e0d3bb0cd04fae409565d1f45358b46cbba
                       8a0cebfc4fbf86c9d252906451dfdd901b09d73e
                       f1b192b44b073386ad59d52a45b3f7eae7e69129
                       44fcb19c82113c39c823ed1e9c422380010b80b6
                       74c96ddfa6382b93282ba8cfbfda2e28c47fead3
                       bc886be2aecf815e4e616fa32ae70a682fdec656
                       17804d3a52a338e62668f7be6a7da7b5792483ca
                       7ecc5240bdc778da3020cc53859a7ba5c963e2ab
                       342c091306ef1a835b6ed1b2229129124703d065
                       fbe882d68367dd65e8521fbca9148bf26e14e290
                       13741cc719fa459850e8937674938907b24cd658
                       41c3e796c30003f776874f2d8e6012d526ddedc0
                       d8ad59eb47bb99f87c51064a986e6e0a
       Extensions: 
                       critical(true) BasicConstraints: isCa(true)
                       critical(true) KeyUsage: 0x6
                       critical(false) 2.5.29.17 value = Sequence
    Tagged [7] IMPLICIT 
        DER Octet String[4] 
    Tagged [2] IMPLICIT 
        DER Octet String[8] 


ozone admin cert info 3 succeed
Creating ozonesecure-ha_scm4.org_1 ... 
Creating ozonesecure-ha_scm4.org_1 ... done
Port 9894 is not available on scm4.org yet
Port 9894 is not available on scm4.org yet
Port 9894 is not available on scm4.org yet
Port 9894 is not available on scm4.org yet
Port 9894 is not available on scm4.org yet
Port 9894 is not available on scm4.org yet
Port 9894 is not available on scm4.org yet
Port 9894 is not available on scm4.org yet
Port 9894 is not available on scm4.org yet
Port 9894 is not available on scm4.org yet
Port 9894 is not available on scm4.org yet
Port 9894 is not available on scm4.org yet
Port 9894 is available on scm4.org
==============================================================================
Kinit :: Kinit test user                                                      
==============================================================================
Kinit                                                                 | PASS |
------------------------------------------------------------------------------
Kinit :: Kinit test user                                              | PASS |
1 test, 1 passed, 0 failed
==============================================================================
Output:  /tmp/smoketest/ozonesecure-ha/result/robot-5.xml
ozone admin scm roles | grep scm4.org hasn't succeed yet
ozone admin scm roles | grep scm4.org hasn't succeed yet
ozone admin scm roles | grep scm4.org hasn't succeed yet
ozone admin scm roles | grep scm4.org hasn't succeed yet
ozone admin scm roles | grep scm4.org hasn't succeed yet
ozone admin scm roles | grep scm4.org hasn't succeed yet
Timed out waiting on ozone admin scm roles | grep scm4.org to be successful
Stopping ozonesecure-ha_scm4.org_1  ... 
Stopping ozonesecure-ha_s3g_1       ... 
Stopping ozonesecure-ha_scm1.org_1  ... 
Stopping ozonesecure-ha_om1_1       ... 
Stopping ozonesecure-ha_httpfs_1    ... 
Stopping ozonesecure-ha_datanode3_1 ... 
Stopping ozonesecure-ha_datanode2_1 ... 
Stopping ozonesecure-ha_datanode1_1 ... 
Stopping ozonesecure-ha_kdc_1       ... 
Stopping ozonesecure-ha_om3_1       ... 
Stopping ozonesecure-ha_scm2.org_1  ... 
Stopping ozonesecure-ha_recon_1     ... 
Stopping ozonesecure-ha_kms_1       ... 
Stopping ozonesecure-ha_scm3.org_1  ... 
Stopping ozonesecure-ha_om2_1       ... 
Stopping ozonesecure-ha_kms_1       ... done
Stopping ozonesecure-ha_kdc_1       ... done
Stopping ozonesecure-ha_httpfs_1    ... done
Stopping ozonesecure-ha_scm4.org_1  ... done
Stopping ozonesecure-ha_s3g_1       ... done
Stopping ozonesecure-ha_recon_1     ... done
Stopping ozonesecure-ha_datanode1_1 ... done
Stopping ozonesecure-ha_om1_1       ... done
Stopping ozonesecure-ha_datanode2_1 ... done
Stopping ozonesecure-ha_datanode3_1 ... done
Stopping ozonesecure-ha_scm1.org_1  ... done
Stopping ozonesecure-ha_scm3.org_1  ... done
Stopping ozonesecure-ha_om3_1       ... done
Stopping ozonesecure-ha_om2_1       ... done
Stopping ozonesecure-ha_scm2.org_1  ... done
Removing ozonesecure-ha_scm4.org_1  ... 
Removing ozonesecure-ha_s3g_1       ... 
Removing ozonesecure-ha_scm1.org_1  ... 
Removing ozonesecure-ha_om1_1       ... 
Removing ozonesecure-ha_httpfs_1    ... 
Removing ozonesecure-ha_datanode3_1 ... 
Removing ozonesecure-ha_datanode2_1 ... 
Removing ozonesecure-ha_datanode1_1 ... 
Removing ozonesecure-ha_kdc_1       ... 
Removing ozonesecure-ha_om3_1       ... 
Removing ozonesecure-ha_scm2.org_1  ... 
Removing ozonesecure-ha_recon_1     ... 
Removing ozonesecure-ha_kms_1       ... 
Removing ozonesecure-ha_scm3.org_1  ... 
Removing ozonesecure-ha_om2_1       ... 
Removing ozonesecure-ha_scm4.org_1  ... done
Removing ozonesecure-ha_s3g_1       ... done
Removing ozonesecure-ha_scm1.org_1  ... done
Removing ozonesecure-ha_recon_1     ... done
Removing ozonesecure-ha_om3_1       ... done
Removing ozonesecure-ha_kms_1       ... done
Removing ozonesecure-ha_kdc_1       ... done
Removing ozonesecure-ha_httpfs_1    ... done
Removing ozonesecure-ha_scm3.org_1  ... done
Removing ozonesecure-ha_om2_1       ... done
Removing ozonesecure-ha_datanode3_1 ... done
Removing ozonesecure-ha_datanode2_1 ... done
Removing ozonesecure-ha_om1_1       ... done
Removing ozonesecure-ha_datanode1_1 ... done
Removing ozonesecure-ha_scm2.org_1  ... done
Removing network ozonesecure-ha_ozone_net
ERROR: Test execution of ozonesecure-ha/test-root-ca-rotation.sh is FAILED!!!!
Output:  /home/runner/work/ozone/ozone/hadoop-ozone/dist/target/ozone-1.4.0-SNAPSHOT/compose/result/ozonesecure-ha-root-ca-rotation.xml
removed 'ozonesecure-ha/result/robot-1.xml'
removed 'ozonesecure-ha/result/robot-2.xml'
removed 'ozonesecure-ha/result/robot-3.xml'
removed 'ozonesecure-ha/result/robot-4.xml'
removed 'ozonesecure-ha/result/robot-5.xml'
renamed 'ozonesecure-ha/result/dn-audit-325a7797e32a.log' -> '/home/runner/work/ozone/ozone/hadoop-ozone/dist/target/ozone-1.4.0-SNAPSHOT/compose/result/ozonesecure-ha/root-ca-rotation/dn-audit-325a7797e32a.log'
renamed 'ozonesecure-ha/result/dn-audit-9c2f8aaa4bbf.log' -> '/home/runner/work/ozone/ozone/hadoop-ozone/dist/target/ozone-1.4.0-SNAPSHOT/compose/result/ozonesecure-ha/root-ca-rotation/dn-audit-9c2f8aaa4bbf.log'
renamed 'ozonesecure-ha/result/dn-audit-d3c72a4b81e2.log' -> '/home/runner/work/ozone/ozone/hadoop-ozone/dist/target/ozone-1.4.0-SNAPSHOT/compose/result/ozonesecure-ha/root-ca-rotation/dn-audit-d3c72a4b81e2.log'
renamed 'ozonesecure-ha/result/docker-ozonesecure-ha_datanode1_1.log' -> '/home/runner/work/ozone/ozone/hadoop-ozone/dist/target/ozone-1.4.0-SNAPSHOT/compose/result/ozonesecure-ha/root-ca-rotation/docker-ozonesecure-ha_datanode1_1.log'
renamed 'ozonesecure-ha/result/docker-ozonesecure-ha_datanode2_1.log' -> '/home/runner/work/ozone/ozone/hadoop-ozone/dist/target/ozone-1.4.0-SNAPSHOT/compose/result/ozonesecure-ha/root-ca-rotation/docker-ozonesecure-ha_datanode2_1.log'
renamed 'ozonesecure-ha/result/docker-ozonesecure-ha_datanode3_1.log' -> '/home/runner/work/ozone/ozone/hadoop-ozone/dist/target/ozone-1.4.0-SNAPSHOT/compose/result/ozonesecure-ha/root-ca-rotation/docker-ozonesecure-ha_datanode3_1.log'
renamed 'ozonesecure-ha/result/docker-ozonesecure-ha_httpfs_1.log' -> '/home/runner/work/ozone/ozone/hadoop-ozone/dist/target/ozone-1.4.0-SNAPSHOT/compose/result/ozonesecure-ha/root-ca-rotation/docker-ozonesecure-ha_httpfs_1.log'
renamed 'ozonesecure-ha/result/docker-ozonesecure-ha_kdc_1.log' -> '/home/runner/work/ozone/ozone/hadoop-ozone/dist/target/ozone-1.4.0-SNAPSHOT/compose/result/ozonesecure-ha/root-ca-rotation/docker-ozonesecure-ha_kdc_1.log'
renamed 'ozonesecure-ha/result/docker-ozonesecure-ha_kms_1.log' -> '/home/runner/work/ozone/ozone/hadoop-ozone/dist/target/ozone-1.4.0-SNAPSHOT/compose/result/ozonesecure-ha/root-ca-rotation/docker-ozonesecure-ha_kms_1.log'
renamed 'ozonesecure-ha/result/docker-ozonesecure-ha_om1_1.log' -> '/home/runner/work/ozone/ozone/hadoop-ozone/dist/target/ozone-1.4.0-SNAPSHOT/compose/result/ozonesecure-ha/root-ca-rotation/docker-ozonesecure-ha_om1_1.log'
renamed 'ozonesecure-ha/result/docker-ozonesecure-ha_om2_1.log' -> '/home/runner/work/ozone/ozone/hadoop-ozone/dist/target/ozone-1.4.0-SNAPSHOT/compose/result/ozonesecure-ha/root-ca-rotation/docker-ozonesecure-ha_om2_1.log'
renamed 'ozonesecure-ha/result/docker-ozonesecure-ha_om3_1.log' -> '/home/runner/work/ozone/ozone/hadoop-ozone/dist/target/ozone-1.4.0-SNAPSHOT/compose/result/ozonesecure-ha/root-ca-rotation/docker-ozonesecure-ha_om3_1.log'
renamed 'ozonesecure-ha/result/docker-ozonesecure-ha_recon_1.log' -> '/home/runner/work/ozone/ozone/hadoop-ozone/dist/target/ozone-1.4.0-SNAPSHOT/compose/result/ozonesecure-ha/root-ca-rotation/docker-ozonesecure-ha_recon_1.log'
renamed 'ozonesecure-ha/result/docker-ozonesecure-ha_s3g_1.log' -> '/home/runner/work/ozone/ozone/hadoop-ozone/dist/target/ozone-1.4.0-SNAPSHOT/compose/result/ozonesecure-ha/root-ca-rotation/docker-ozonesecure-ha_s3g_1.log'
renamed 'ozonesecure-ha/result/docker-ozonesecure-ha_scm1.org_1.log' -> '/home/runner/work/ozone/ozone/hadoop-ozone/dist/target/ozone-1.4.0-SNAPSHOT/compose/result/ozonesecure-ha/root-ca-rotation/docker-ozonesecure-ha_scm1.org_1.log'
renamed 'ozonesecure-ha/result/docker-ozonesecure-ha_scm2.org_1.log' -> '/home/runner/work/ozone/ozone/hadoop-ozone/dist/target/ozone-1.4.0-SNAPSHOT/compose/result/ozonesecure-ha/root-ca-rotation/docker-ozonesecure-ha_scm2.org_1.log'
renamed 'ozonesecure-ha/result/docker-ozonesecure-ha_scm3.org_1.log' -> '/home/runner/work/ozone/ozone/hadoop-ozone/dist/target/ozone-1.4.0-SNAPSHOT/compose/result/ozonesecure-ha/root-ca-rotation/docker-ozonesecure-ha_scm3.org_1.log'
renamed 'ozonesecure-ha/result/docker-ozonesecure-ha_scm4.org_1.log' -> '/home/runner/work/ozone/ozone/hadoop-ozone/dist/target/ozone-1.4.0-SNAPSHOT/compose/result/ozonesecure-ha/root-ca-rotation/docker-ozonesecure-ha_scm4.org_1.log'
renamed 'ozonesecure-ha/result/kms-audit.log' -> '/home/runner/work/ozone/ozone/hadoop-ozone/dist/target/ozone-1.4.0-SNAPSHOT/compose/result/ozonesecure-ha/root-ca-rotation/kms-audit.log'
renamed 'ozonesecure-ha/result/om-audit-om1.log' -> '/home/runner/work/ozone/ozone/hadoop-ozone/dist/target/ozone-1.4.0-SNAPSHOT/compose/result/ozonesecure-ha/root-ca-rotation/om-audit-om1.log'
renamed 'ozonesecure-ha/result/om-audit-om2.log' -> '/home/runner/work/ozone/ozone/hadoop-ozone/dist/target/ozone-1.4.0-SNAPSHOT/compose/result/ozonesecure-ha/root-ca-rotation/om-audit-om2.log'
renamed 'ozonesecure-ha/result/om-audit-om3.log' -> '/home/runner/work/ozone/ozone/hadoop-ozone/dist/target/ozone-1.4.0-SNAPSHOT/compose/result/ozonesecure-ha/root-ca-rotation/om-audit-om3.log'
renamed 'ozonesecure-ha/result/s3g-audit-s3g.log' -> '/home/runner/work/ozone/ozone/hadoop-ozone/dist/target/ozone-1.4.0-SNAPSHOT/compose/result/ozonesecure-ha/root-ca-rotation/s3g-audit-s3g.log'
renamed 'ozonesecure-ha/result/scm-audit-scm1.org.log' -> '/home/runner/work/ozone/ozone/hadoop-ozone/dist/target/ozone-1.4.0-SNAPSHOT/compose/result/ozonesecure-ha/root-ca-rotation/scm-audit-scm1.org.log'
renamed 'ozonesecure-ha/result/scm-audit-scm2.org.log' -> '/home/runner/work/ozone/ozone/hadoop-ozone/dist/target/ozone-1.4.0-SNAPSHOT/compose/result/ozonesecure-ha/root-ca-rotation/scm-audit-scm2.org.log'
renamed 'ozonesecure-ha/result/scm-audit-scm3.org.log' -> '/home/runner/work/ozone/ozone/hadoop-ozone/dist/target/ozone-1.4.0-SNAPSHOT/compose/result/ozonesecure-ha/root-ca-rotation/scm-audit-scm3.org.log'
renamed 'ozonesecure-ha/result/scm-audit-scm4.org.log' -> '/home/runner/work/ozone/ozone/hadoop-ozone/dist/target/ozone-1.4.0-SNAPSHOT/compose/result/ozonesecure-ha/root-ca-rotation/scm-audit-scm4.org.log'
Executing test ozonesecure/test-certificate-rotation.sh
Removing network ozonesecure_default
Network ozonesecure_default not found.
Creating network "ozonesecure_default" with the default driver
Creating ozonesecure_datanode_1 ... 
Creating ozonesecure_datanode_2 ... 
Creating ozonesecure_datanode_3 ... 
Creating ozonesecure_scm_1      ... 
Creating ozonesecure_s3g_1      ... 
Creating ozonesecure_kms_1      ... 
Creating ozonesecure_kdc_1      ... 
Creating ozonesecure_httpfs_1   ... 
Creating ozonesecure_om_1       ... 
Creating ozonesecure_recon_1    ... 
Creating ozonesecure_datanode_2 ... done
Creating ozonesecure_datanode_1 ... done
Creating ozonesecure_datanode_3 ... done
Creating ozonesecure_s3g_1      ... done
Creating ozonesecure_kms_1      ... done
Creating ozonesecure_kdc_1      ... done
Creating ozonesecure_recon_1    ... done
Creating ozonesecure_scm_1      ... done
Creating ozonesecure_httpfs_1   ... done
Creating ozonesecure_om_1       ... done
Port 88 is available on kdc
Port 9860 is not available on scm yet
Port 9860 is not available on scm yet
Port 9860 is not available on scm yet
Port 9860 is not available on scm yet
Port 9860 is not available on scm yet
Port 9860 is not available on scm yet
Port 9860 is not available on scm yet
Port 9860 is not available on scm yet
Port 9860 is not available on scm yet
Port 9860 is not available on scm yet
Port 9860 is not available on scm yet
Port 9860 is not available on scm yet
Port 9860 is not available on scm yet
Port 9860 is not available on scm yet
Port 9860 is not available on scm yet
Port 9860 is not available on scm yet
Port 9860 is not available on scm yet
Port 9860 is not available on scm yet
Port 9860 is not available on scm yet
Port 9860 is not available on scm yet
Port 9860 is not available on scm yet
Port 9860 is not available on scm yet
Port 9860 is not available on scm yet
Port 9860 is not available on scm yet
Port 9860 is not available on scm yet
Port 9860 is available on scm
SCM is in safe mode. Will retry in 1 sec. Remaining time (sec): 229
SCM is in safe mode. Will retry in 1 sec. Remaining time (sec): 228
SCM is in safe mode. Will retry in 1 sec. Remaining time (sec): 227
SCM is in safe mode. Will retry in 1 sec. Remaining time (sec): 226
SCM is in safe mode. Will retry in 1 sec. Remaining time (sec): 225
SCM is in safe mode. Will retry in 1 sec. Remaining time (sec): 224
SCM is in safe mode. Will retry in 1 sec. Remaining time (sec): 223
SCM is in safe mode. Will retry in 1 sec. Remaining time (sec): 222
SCM is in safe mode. Will retry in 1 sec. Remaining time (sec): 221
SCM is in safe mode. Will retry in 1 sec. Remaining time (sec): 220
SCM is in safe mode. Will retry in 1 sec. Remaining time (sec): 219
SCM is in safe mode. Will retry in 1 sec. Remaining time (sec): 218
SCM is in safe mode. Will retry in 1 sec. Remaining time (sec): 217
SCM is in safe mode. Will retry in 1 sec. Remaining time (sec): 216
SCM is in safe mode. Will retry in 1 sec. Remaining time (sec): 215
SCM is in safe mode. Will retry in 1 sec. Remaining time (sec): 214
SCM is in safe mode. Will retry in 1 sec. Remaining time (sec): 213
SCM is in safe mode. Will retry in 1 sec. Remaining time (sec): 212
SCM is in safe mode. Will retry in 1 sec. Remaining time (sec): 211
SCM is in safe mode. Will retry in 1 sec. Remaining time (sec): 210
SCM is in safe mode. Will retry in 1 sec. Remaining time (sec): 209
SCM is in safe mode. Will retry in 1 sec. Remaining time (sec): 208
SCM is in safe mode. Will retry in 1 sec. Remaining time (sec): 207
SCM is in safe mode. Will retry in 1 sec. Remaining time (sec): 205
SCM is in safe mode. Will retry in 1 sec. Remaining time (sec): 204
SCM is in safe mode. Will retry in 1 sec. Remaining time (sec): 203
SCM is in safe mode. Will retry in 1 sec. Remaining time (sec): 202
SCM is in safe mode. Will retry in 1 sec. Remaining time (sec): 201
SCM is in safe mode. Will retry in 1 sec. Remaining time (sec): 200
SCM is in safe mode. Will retry in 1 sec. Remaining time (sec): 199
SCM is in safe mode. Will retry in 1 sec. Remaining time (sec): 198
SCM is out of safe mode.
No OM HA service, no need to wait
==============================================================================
Certrotation                                                                  
==============================================================================
Certrotation.Cert-Rotation :: Smoketest ozone cluster startup                 
==============================================================================
Test datanode functions before and after certificate rotation         depth=2 CN = scm-1@scm, OU = 96c242e9-842a-4fe0-b56d-dd08d690c26f, O = CID-b3af5d30-739c-4ba3-ac3f-832d67f13f18
verify error:num=19:self signed certificate in certificate chain
depth=2 CN = scm-1@scm, OU = 96c242e9-842a-4fe0-b56d-dd08d690c26f, O = CID-b3af5d30-739c-4ba3-ac3f-832d67f13f18
verify error:num=19:self signed certificate in certificate chain
| PASS |
------------------------------------------------------------------------------
Certrotation.Cert-Rotation :: Smoketest ozone cluster startup         | PASS |
1 test, 1 passed, 0 failed
==============================================================================
Certrotation.Root-Ca-Rotation-Client-Checks :: Generate data                  
==============================================================================
Create a volume and bucket                                            | PASS |
------------------------------------------------------------------------------
Create key                                                            | PASS |
------------------------------------------------------------------------------
Read data from previously created key                                 | PASS |
------------------------------------------------------------------------------
Certrotation.Root-Ca-Rotation-Client-Checks :: Generate data          | PASS |
3 tests, 3 passed, 0 failed
==============================================================================
Certrotation                                                          | PASS |
4 tests, 4 passed, 0 failed
==============================================================================
Output:  /tmp/smoketest/ozonesecure/result/robot-1.xml
Stopping ozonesecure_om_1       ... 
Stopping ozonesecure_httpfs_1   ... 
Stopping ozonesecure_recon_1    ... 
Stopping ozonesecure_kdc_1      ... 
Stopping ozonesecure_datanode_1 ... 
Stopping ozonesecure_datanode_3 ... 
Stopping ozonesecure_kms_1      ... 
Stopping ozonesecure_s3g_1      ... 
Stopping ozonesecure_scm_1      ... 
Stopping ozonesecure_datanode_2 ... 
Stopping ozonesecure_kdc_1      ... done
Stopping ozonesecure_kms_1      ... done
Stopping ozonesecure_httpfs_1   ... done
Stopping ozonesecure_s3g_1      ... done
Stopping ozonesecure_recon_1    ... done
Stopping ozonesecure_datanode_1 ... done
Stopping ozonesecure_datanode_3 ... done
Stopping ozonesecure_datanode_2 ... done
Stopping ozonesecure_om_1       ... done
Stopping ozonesecure_scm_1      ... done
Removing ozonesecure_om_1       ... 
Removing ozonesecure_httpfs_1   ... 
Removing ozonesecure_recon_1    ... 
Removing ozonesecure_kdc_1      ... 
Removing ozonesecure_datanode_1 ... 
Removing ozonesecure_datanode_3 ... 
Removing ozonesecure_kms_1      ... 
Removing ozonesecure_s3g_1      ... 
Removing ozonesecure_scm_1      ... 
Removing ozonesecure_datanode_2 ... 
Removing ozonesecure_kms_1      ... done
Removing ozonesecure_httpfs_1   ... done
Removing ozonesecure_kdc_1      ... done
Removing ozonesecure_s3g_1      ... done
Removing ozonesecure_scm_1      ... done
Removing ozonesecure_datanode_2 ... done
Removing ozonesecure_datanode_3 ... done
Removing ozonesecure_datanode_1 ... done
Removing ozonesecure_om_1       ... done
Removing ozonesecure_recon_1    ... done
Removing network ozonesecure_default
Output:  /home/runner/work/ozone/ozone/hadoop-ozone/dist/target/ozone-1.4.0-SNAPSHOT/compose/result/ozonesecure-certificate-rotation.xml
removed 'ozonesecure/result/robot-1.xml'
renamed 'ozonesecure/result/dn-audit-7cfe95a9fed8.log' -> '/home/runner/work/ozone/ozone/hadoop-ozone/dist/target/ozone-1.4.0-SNAPSHOT/compose/result/ozonesecure/certificate-rotation/dn-audit-7cfe95a9fed8.log'
renamed 'ozonesecure/result/dn-audit-cddb3c5e6758.log' -> '/home/runner/work/ozone/ozone/hadoop-ozone/dist/target/ozone-1.4.0-SNAPSHOT/compose/result/ozonesecure/certificate-rotation/dn-audit-cddb3c5e6758.log'
renamed 'ozonesecure/result/dn-audit-d38f41eb9357.log' -> '/home/runner/work/ozone/ozone/hadoop-ozone/dist/target/ozone-1.4.0-SNAPSHOT/compose/result/ozonesecure/certificate-rotation/dn-audit-d38f41eb9357.log'
renamed 'ozonesecure/result/docker-ozonesecure_datanode_1.log' -> '/home/runner/work/ozone/ozone/hadoop-ozone/dist/target/ozone-1.4.0-SNAPSHOT/compose/result/ozonesecure/certificate-rotation/docker-ozonesecure_datanode_1.log'
renamed 'ozonesecure/result/docker-ozonesecure_datanode_2.log' -> '/home/runner/work/ozone/ozone/hadoop-ozone/dist/target/ozone-1.4.0-SNAPSHOT/compose/result/ozonesecure/certificate-rotation/docker-ozonesecure_datanode_2.log'
renamed 'ozonesecure/result/docker-ozonesecure_datanode_3.log' -> '/home/runner/work/ozone/ozone/hadoop-ozone/dist/target/ozone-1.4.0-SNAPSHOT/compose/result/ozonesecure/certificate-rotation/docker-ozonesecure_datanode_3.log'
renamed 'ozonesecure/result/docker-ozonesecure_httpfs_1.log' -> '/home/runner/work/ozone/ozone/hadoop-ozone/dist/target/ozone-1.4.0-SNAPSHOT/compose/result/ozonesecure/certificate-rotation/docker-ozonesecure_httpfs_1.log'
renamed 'ozonesecure/result/docker-ozonesecure_kdc_1.log' -> '/home/runner/work/ozone/ozone/hadoop-ozone/dist/target/ozone-1.4.0-SNAPSHOT/compose/result/ozonesecure/certificate-rotation/docker-ozonesecure_kdc_1.log'
renamed 'ozonesecure/result/docker-ozonesecure_kms_1.log' -> '/home/runner/work/ozone/ozone/hadoop-ozone/dist/target/ozone-1.4.0-SNAPSHOT/compose/result/ozonesecure/certificate-rotation/docker-ozonesecure_kms_1.log'
renamed 'ozonesecure/result/docker-ozonesecure_om_1.log' -> '/home/runner/work/ozone/ozone/hadoop-ozone/dist/target/ozone-1.4.0-SNAPSHOT/compose/result/ozonesecure/certificate-rotation/docker-ozonesecure_om_1.log'
renamed 'ozonesecure/result/docker-ozonesecure_recon_1.log' -> '/home/runner/work/ozone/ozone/hadoop-ozone/dist/target/ozone-1.4.0-SNAPSHOT/compose/result/ozonesecure/certificate-rotation/docker-ozonesecure_recon_1.log'
renamed 'ozonesecure/result/docker-ozonesecure_s3g_1.log' -> '/home/runner/work/ozone/ozone/hadoop-ozone/dist/target/ozone-1.4.0-SNAPSHOT/compose/result/ozonesecure/certificate-rotation/docker-ozonesecure_s3g_1.log'
renamed 'ozonesecure/result/docker-ozonesecure_scm_1.log' -> '/home/runner/work/ozone/ozone/hadoop-ozone/dist/target/ozone-1.4.0-SNAPSHOT/compose/result/ozonesecure/certificate-rotation/docker-ozonesecure_scm_1.log'
renamed 'ozonesecure/result/kms-audit.log' -> '/home/runner/work/ozone/ozone/hadoop-ozone/dist/target/ozone-1.4.0-SNAPSHOT/compose/result/ozonesecure/certificate-rotation/kms-audit.log'
renamed 'ozonesecure/result/om-audit-om.log' -> '/home/runner/work/ozone/ozone/hadoop-ozone/dist/target/ozone-1.4.0-SNAPSHOT/compose/result/ozonesecure/certificate-rotation/om-audit-om.log'
renamed 'ozonesecure/result/s3g-audit-s3g.log' -> '/home/runner/work/ozone/ozone/hadoop-ozone/dist/target/ozone-1.4.0-SNAPSHOT/compose/result/ozonesecure/certificate-rotation/s3g-audit-s3g.log'
renamed 'ozonesecure/result/scm-audit-scm.log' -> '/home/runner/work/ozone/ozone/hadoop-ozone/dist/target/ozone-1.4.0-SNAPSHOT/compose/result/ozonesecure/certificate-rotation/scm-audit-scm.log'
Executing test ozonesecure/test-root-ca-rotation.sh
Removing network ozonesecure_default
Network ozonesecure_default not found.
Creating network "ozonesecure_default" with the default driver
Creating ozonesecure_recon_1 ... 
Creating ozonesecure_kdc_1   ... 
Creating ozonesecure_s3g_1   ... 
Creating ozonesecure_datanode_1 ... 
Creating ozonesecure_datanode_2 ... 
Creating ozonesecure_datanode_3 ... 
Creating ozonesecure_om_1       ... 
Creating ozonesecure_httpfs_1   ... 
Creating ozonesecure_scm_1      ... 
Creating ozonesecure_kms_1      ... 
Creating ozonesecure_kdc_1      ... done
Creating ozonesecure_s3g_1      ... done
Creating ozonesecure_recon_1    ... done
Creating ozonesecure_datanode_2 ... done
Creating ozonesecure_kms_1      ... done
Creating ozonesecure_datanode_1 ... done
Creating ozonesecure_datanode_3 ... done
Creating ozonesecure_scm_1      ... done
Creating ozonesecure_om_1       ... done
Creating ozonesecure_httpfs_1   ... done
Port 88 is available on kdc
Port 9860 is not available on scm yet
Port 9860 is not available on scm yet
Port 9860 is not available on scm yet
Port 9860 is not available on scm yet
Port 9860 is not available on scm yet
Port 9860 is not available on scm yet
Port 9860 is not available on scm yet
Port 9860 is not available on scm yet
Port 9860 is not available on scm yet
Port 9860 is not available on scm yet
Port 9860 is not available on scm yet
Port 9860 is not available on scm yet
Port 9860 is not available on scm yet
Port 9860 is not available on scm yet
Port 9860 is not available on scm yet
Port 9860 is not available on scm yet
Port 9860 is not available on scm yet
Port 9860 is not available on scm yet
Port 9860 is not available on scm yet
Port 9860 is not available on scm yet
Port 9860 is not available on scm yet
Port 9860 is not available on scm yet
Port 9860 is not available on scm yet
Port 9860 is not available on scm yet
Port 9860 is not available on scm yet
Port 9860 is available on scm
SCM is in safe mode. Will retry in 1 sec. Remaining time (sec): 226
SCM is in safe mode. Will retry in 1 sec. Remaining time (sec): 225
SCM is in safe mode. Will retry in 1 sec. Remaining time (sec): 224
SCM is in safe mode. Will retry in 1 sec. Remaining time (sec): 223
SCM is in safe mode. Will retry in 1 sec. Remaining time (sec): 222
SCM is in safe mode. Will retry in 1 sec. Remaining time (sec): 221
SCM is in safe mode. Will retry in 1 sec. Remaining time (sec): 220
SCM is in safe mode. Will retry in 1 sec. Remaining time (sec): 219
SCM is in safe mode. Will retry in 1 sec. Remaining time (sec): 218
SCM is in safe mode. Will retry in 1 sec. Remaining time (sec): 217
SCM is in safe mode. Will retry in 1 sec. Remaining time (sec): 216
SCM is in safe mode. Will retry in 1 sec. Remaining time (sec): 215
SCM is in safe mode. Will retry in 1 sec. Remaining time (sec): 214
SCM is in safe mode. Will retry in 1 sec. Remaining time (sec): 213
SCM is in safe mode. Will retry in 1 sec. Remaining time (sec): 212
SCM is in safe mode. Will retry in 1 sec. Remaining time (sec): 211
SCM is in safe mode. Will retry in 1 sec. Remaining time (sec): 210
SCM is in safe mode. Will retry in 1 sec. Remaining time (sec): 209
SCM is in safe mode. Will retry in 1 sec. Remaining time (sec): 208
SCM is in safe mode. Will retry in 1 sec. Remaining time (sec): 207
SCM is in safe mode. Will retry in 1 sec. Remaining time (sec): 206
SCM is in safe mode. Will retry in 1 sec. Remaining time (sec): 205
SCM is in safe mode. Will retry in 1 sec. Remaining time (sec): 204
SCM is in safe mode. Will retry in 1 sec. Remaining time (sec): 203
SCM is out of safe mode.
No OM HA service, no need to wait
key1 has been successfully created with options Options{cipher='AES/CTR/NoPadding', bitLength=128, description='null', attributes=null}.
org.apache.hadoop.crypto.key.kms.LoadBalancingKMSClientProvider@662b4c69 has been updated.
==============================================================================
Kinit :: Kinit test user                                                      
==============================================================================
Kinit                                                                 | PASS |
------------------------------------------------------------------------------
Kinit :: Kinit test user                                              | PASS |
1 test, 1 passed, 0 failed
==============================================================================
Output:  /tmp/smoketest/ozonesecure/result/robot-1.xml
"RootCARotationManager-Active" #271 daemon prio=5 os_prio=0 cpu=13.06ms elapsed=59.02s tid=0x00007f1ba26da800 nid=0x29f waiting on condition  [0x00007f1b5f2c2000]
jps | grep StorageContainerManagerStarter |  sed 's/StorageContainerManagerStarter//' | xargs | xargs -I {} jstack {} | grep 'RootCARotationManager-Active' succeed
Certificate not found
ozone admin cert info 2 hasn't succeed yet
Certificate id: 2
  [0]         Version: 3
         SerialNumber: 2
             IssuerDN: CN=scm-2@scm,OU=d728c1ec-5049-4a05-be88-2d1378ff39c7,O=CID-bc1022d1-7712-4c15-a702-a653bae66d45
           Start Date: Wed Aug 30 07:05:11 UTC 2023
           Final Date: Wed Aug 30 07:08:11 UTC 2023
            SubjectDN: CN=scm-2@scm,OU=d728c1ec-5049-4a05-be88-2d1378ff39c7,O=CID-bc1022d1-7712-4c15-a702-a653bae66d45
           Public Key: RSA Public Key [61:60:65:68:c3:6b:39:b3:72:cd:6d:0b:38:83:c7:87:de:c3:42:ea],[56:66:d1:a4]
        modulus: 8a304e78b1236a471f2652cf71ea12cca77f85685ea460bb919b5c980e5833660c213c82cb479d27f2c1733badb1e3ec0830597e71b85cabaea4194ec2a9ae688fccd5b478f087b68eeae7fef9b0239cd5b99322116d3c3e30897cede4bc2b1a696176f16a50fe34f734b82ce3fc35a011b8517c7fdb75dc276906930401788a3c9f004d36a0389a6af11f9274a83c24da788eb0b7f455a4f6a17abb2fb4f4d26cb470a7bcfed59da840fc349fe6b09ea87cbea3ab40f6f5a7ef5f155f9dc5fa823c1e8b4f2189598745895e68e6a678c83535fe84da7bf8473af7ba393d277504dc0a3eb5c6946249f87e0b1b5d8955e0963a915392f9023f7a729037ea6019
public exponent: 10001

  Signature Algorithm: SHA256withRSA
            Signature: 66a8d3f95f0e8114d04a83ab6adfd6cb361b4073
                       2be3c0acd40d80aa9f2aef4aee8505f466def8f7
                       f3b322c1a9ecbc4189ab6065d3f1a03dd81941b7
                       206738d0c675595ceeb0e9aa10c94c8cd84df9a5
                       481e4f65272b107b3463989177f1a8142b4e68a2
                       e784909a1050e8a4b54a1bba51098d69965382ea
                       8a85193a6890da7266fa4aec26e4184783bf4abc
                       2221e22dd1d2863158fd37ce754e6521b6c439c0
                       c50670a05c9376c823a0cddef8c66732421b5d0f
                       5a869ecf85219dda80ddbf813018d246bdcbfc1c
                       72d7c3b11df7f3a4be8a38f2dfad5706a436e8ff
                       23de2641902eef3c3c78b4941fa4ee1b1fc41c58
                       82278cb1fe00402ec1340cc821446361
       Extensions: 
                       critical(true) BasicConstraints: isCa(true)
                       critical(true) KeyUsage: 0x6
                       critical(false) 2.5.29.17 value = Sequence
    Tagged [7] IMPLICIT 
        DER Octet String[4] 


ozone admin cert info 2 succeed
find: '/data/metadata/dn/certs/ROOTCA-2.crt': No such file or directory
find /data/metadata/dn/certs/ROOTCA-2.crt hasn't succeed yet
find: '/data/metadata/dn/certs/ROOTCA-2.crt': No such file or directory
find /data/metadata/dn/certs/ROOTCA-2.crt hasn't succeed yet
find: '/data/metadata/dn/certs/ROOTCA-2.crt': No such file or directory
find /data/metadata/dn/certs/ROOTCA-2.crt hasn't succeed yet
find: '/data/metadata/dn/certs/ROOTCA-2.crt': No such file or directory
find /data/metadata/dn/certs/ROOTCA-2.crt hasn't succeed yet
find: '/data/metadata/dn/certs/ROOTCA-2.crt': No such file or directory
find /data/metadata/dn/certs/ROOTCA-2.crt hasn't succeed yet
find: '/data/metadata/dn/certs/ROOTCA-2.crt': No such file or directory
find /data/metadata/dn/certs/ROOTCA-2.crt hasn't succeed yet
find: '/data/metadata/dn/certs/ROOTCA-2.crt': No such file or directory
find /data/metadata/dn/certs/ROOTCA-2.crt hasn't succeed yet
/data/metadata/dn/certs/ROOTCA-2.crt
find /data/metadata/dn/certs/ROOTCA-2.crt succeed
/data/metadata/om/certs/ROOTCA-2.crt
find /data/metadata/om/certs/ROOTCA-2.crt succeed
==============================================================================
Root-Ca-Rotation-Client-Checks :: Generate data                               
==============================================================================
Create a volume and bucket                                            | PASS |
------------------------------------------------------------------------------
Create key                                                            | PASS |
------------------------------------------------------------------------------
Read data from previously created key                                 | PASS |
------------------------------------------------------------------------------
Root-Ca-Rotation-Client-Checks :: Generate data                       | PASS |
3 tests, 3 passed, 0 failed
==============================================================================
Output:  /tmp/smoketest/ozonesecure/result/robot-2.xml
Certificate not found
ozone admin cert info 3 hasn't succeed yet
Certificate not found
ozone admin cert info 3 hasn't succeed yet
Certificate not found
ozone admin cert info 3 hasn't succeed yet
Certificate id: 3
  [0]         Version: 3
         SerialNumber: 3
             IssuerDN: CN=scm-3@scm,OU=d728c1ec-5049-4a05-be88-2d1378ff39c7,O=CID-bc1022d1-7712-4c15-a702-a653bae66d45
           Start Date: Wed Aug 30 07:06:41 UTC 2023
           Final Date: Wed Aug 30 07:09:41 UTC 2023
            SubjectDN: CN=scm-3@scm,OU=d728c1ec-5049-4a05-be88-2d1378ff39c7,O=CID-bc1022d1-7712-4c15-a702-a653bae66d45
           Public Key: RSA Public Key [a4:90:65:38:c7:f5:27:00:f2:c5:5a:8b:da:58:53:c0:b1:c3:f4:2b],[56:66:d1:a4]
        modulus: c66a42f46c15b91ab741c238ec21716cce794b7426ee8c0b576c49459d96829f36ef815585b055d04668d4a3fc7ab41ed1866b5fdd4ce3d01d83b379bef03b28cff721233c34e5fe6e61d6286d4bd160c65da65b4e6929f611c1517b930e7fa5ed89155a18ec38aa2fbb74548c1d805353ea51c35038dbdd2f52168abac048a8177266c86e0cbb991792c6af7c58c18b5bf14f371f8b76d88fb4f85520c7829cafa311e4742bc10d0342c866bb1d62e2d9f17827314f692553dbe45af19a4d73a946ecc910bca1ee2883d690c741a4738d8717b6d2a95a704a41830498f39fa714a468b73170e8a3b924725c6365354f8f8984d38e4903f3207c75b01e615667
public exponent: 10001

  Signature Algorithm: SHA256withRSA
            Signature: bfd6d26dfecd42ff3d4f98165135ec8d459e8d41
                       4500c1495c9ffdc08131f543c805fe1acf632b7a
                       fe1d0c2046b1b44d98f780f96b620cf2f85f6575
                       90f2616031bb0e9392dc608389cf8c470054e7dc
                       ef52fdbdd7e534b155b98c3b058f343da3d33d49
                       b29701e341426ead6d63c6f8927c2288851fa87d
                       c6eabcc4273603a88e994f4f8d7ac702de29965d
                       3d090a137b7126dd59e615d940f916536dcd3dc4
                       297d0b296c7d457fe4d1c072ec27685d6743a7a4
                       abdfa1bc5752a271736064b698505fc49a23e714
                       5d83680d766d010271cc558912138f9b088f15ae
                       b1b958c5ba9abe517d909150e881896e2b9ad4f7
                       f1b400580369ba5155f5f949f2b4eb0b
       Extensions: 
                       critical(true) BasicConstraints: isCa(true)
                       critical(true) KeyUsage: 0x6
                       critical(false) 2.5.29.17 value = Sequence
    Tagged [7] IMPLICIT 
        DER Octet String[4] 


ozone admin cert info 3 succeed
find: '/data/metadata/om/certs/ROOTCA-3.crt': No such file or directory
find /data/metadata/om/certs/ROOTCA-3.crt hasn't succeed yet
find: '/data/metadata/om/certs/ROOTCA-3.crt': No such file or directory
find /data/metadata/om/certs/ROOTCA-3.crt hasn't succeed yet
find: '/data/metadata/om/certs/ROOTCA-3.crt': No such file or directory
find /data/metadata/om/certs/ROOTCA-3.crt hasn't succeed yet
find: '/data/metadata/om/certs/ROOTCA-3.crt': No such file or directory
find /data/metadata/om/certs/ROOTCA-3.crt hasn't succeed yet
/data/metadata/om/certs/ROOTCA-3.crt
find /data/metadata/om/certs/ROOTCA-3.crt succeed
Certificate not found
! ozone admin cert info 1 succeed
==============================================================================
Root-Ca-Rotation-Client-Checks :: Generate data                               
==============================================================================
Create a volume and bucket                                            | PASS |
------------------------------------------------------------------------------
Create key                                                            | PASS |
------------------------------------------------------------------------------
Read data from previously created key                                 | PASS |
------------------------------------------------------------------------------
Root-Ca-Rotation-Client-Checks :: Generate data                       | PASS |
3 tests, 3 passed, 0 failed
==============================================================================
Output:  /tmp/smoketest/ozonesecure/result/robot-3.xml
==============================================================================
Root-Ca-Rotation :: Smoketest ozone cluster startup                           
==============================================================================
Verify root CA rotation metrics                                       | PASS |
------------------------------------------------------------------------------
Root-Ca-Rotation :: Smoketest ozone cluster startup                   | PASS |
1 test, 1 passed, 0 failed
==============================================================================
Output:  /tmp/smoketest/ozonesecure/result/robot-4.xml
Stopping ozonesecure_httpfs_1   ... 
Stopping ozonesecure_datanode_3 ... 
Stopping ozonesecure_kms_1      ... 
Stopping ozonesecure_scm_1      ... 
Stopping ozonesecure_datanode_1 ... 
Stopping ozonesecure_om_1       ... 
Stopping ozonesecure_datanode_2 ... 
Stopping ozonesecure_recon_1    ... 
Stopping ozonesecure_s3g_1      ... 
Stopping ozonesecure_kdc_1      ... 
Stopping ozonesecure_kdc_1      ... done
Stopping ozonesecure_kms_1      ... done
Stopping ozonesecure_httpfs_1   ... done
Stopping ozonesecure_s3g_1      ... done
Stopping ozonesecure_recon_1    ... done
Stopping ozonesecure_datanode_3 ... done
Stopping ozonesecure_datanode_1 ... done
Stopping ozonesecure_datanode_2 ... done
Stopping ozonesecure_om_1       ... done
Stopping ozonesecure_scm_1      ... done
Removing ozonesecure_httpfs_1   ... 
Removing ozonesecure_datanode_3 ... 
Removing ozonesecure_kms_1      ... 
Removing ozonesecure_scm_1      ... 
Removing ozonesecure_datanode_1 ... 
Removing ozonesecure_om_1       ... 
Removing ozonesecure_datanode_2 ... 
Removing ozonesecure_recon_1    ... 
Removing ozonesecure_s3g_1      ... 
Removing ozonesecure_kdc_1      ... 
Removing ozonesecure_kms_1      ... done
Removing ozonesecure_datanode_1 ... done
Removing ozonesecure_om_1       ... done
Removing ozonesecure_recon_1    ... done
Removing ozonesecure_datanode_3 ... done
Removing ozonesecure_scm_1      ... done
Removing ozonesecure_kdc_1      ... done
Removing ozonesecure_httpfs_1   ... done
Removing ozonesecure_datanode_2 ... done
Removing ozonesecure_s3g_1      ... done
Removing network ozonesecure_default
Log:     /home/runner/work/ozone/ozone/hadoop-ozone/dist/target/ozone-1.4.0-SNAPSHOT/compose/ozonesecure/result/log.html
Report:  /home/runner/work/ozone/ozone/hadoop-ozone/dist/target/ozone-1.4.0-SNAPSHOT/compose/ozonesecure/result/report.html
Removing network ozonesecure_default
Network ozonesecure_default not found.
Output:  /home/runner/work/ozone/ozone/hadoop-ozone/dist/target/ozone-1.4.0-SNAPSHOT/compose/result/ozonesecure-root-ca-rotation.xml
removed 'ozonesecure/result/robot-1.xml'
removed 'ozonesecure/result/robot-2.xml'
removed 'ozonesecure/result/robot-3.xml'
removed 'ozonesecure/result/robot-4.xml'
removed 'ozonesecure/result/log.html'
removed 'ozonesecure/result/report.html'
renamed 'ozonesecure/result/dn-audit-4f8ba2c3e03c.log' -> '/home/runner/work/ozone/ozone/hadoop-ozone/dist/target/ozone-1.4.0-SNAPSHOT/compose/result/ozonesecure/root-ca-rotation/dn-audit-4f8ba2c3e03c.log'
renamed 'ozonesecure/result/dn-audit-5b847da73744.log' -> '/home/runner/work/ozone/ozone/hadoop-ozone/dist/target/ozone-1.4.0-SNAPSHOT/compose/result/ozonesecure/root-ca-rotation/dn-audit-5b847da73744.log'
renamed 'ozonesecure/result/dn-audit-cdc525073fd3.log' -> '/home/runner/work/ozone/ozone/hadoop-ozone/dist/target/ozone-1.4.0-SNAPSHOT/compose/result/ozonesecure/root-ca-rotation/dn-audit-cdc525073fd3.log'
renamed 'ozonesecure/result/docker-ozonesecure_datanode_1.log' -> '/home/runner/work/ozone/ozone/hadoop-ozone/dist/target/ozone-1.4.0-SNAPSHOT/compose/result/ozonesecure/root-ca-rotation/docker-ozonesecure_datanode_1.log'
renamed 'ozonesecure/result/docker-ozonesecure_datanode_2.log' -> '/home/runner/work/ozone/ozone/hadoop-ozone/dist/target/ozone-1.4.0-SNAPSHOT/compose/result/ozonesecure/root-ca-rotation/docker-ozonesecure_datanode_2.log'
renamed 'ozonesecure/result/docker-ozonesecure_datanode_3.log' -> '/home/runner/work/ozone/ozone/hadoop-ozone/dist/target/ozone-1.4.0-SNAPSHOT/compose/result/ozonesecure/root-ca-rotation/docker-ozonesecure_datanode_3.log'
renamed 'ozonesecure/result/docker-ozonesecure_httpfs_1.log' -> '/home/runner/work/ozone/ozone/hadoop-ozone/dist/target/ozone-1.4.0-SNAPSHOT/compose/result/ozonesecure/root-ca-rotation/docker-ozonesecure_httpfs_1.log'
renamed 'ozonesecure/result/docker-ozonesecure_kdc_1.log' -> '/home/runner/work/ozone/ozone/hadoop-ozone/dist/target/ozone-1.4.0-SNAPSHOT/compose/result/ozonesecure/root-ca-rotation/docker-ozonesecure_kdc_1.log'
renamed 'ozonesecure/result/docker-ozonesecure_kms_1.log' -> '/home/runner/work/ozone/ozone/hadoop-ozone/dist/target/ozone-1.4.0-SNAPSHOT/compose/result/ozonesecure/root-ca-rotation/docker-ozonesecure_kms_1.log'
renamed 'ozonesecure/result/docker-ozonesecure_om_1.log' -> '/home/runner/work/ozone/ozone/hadoop-ozone/dist/target/ozone-1.4.0-SNAPSHOT/compose/result/ozonesecure/root-ca-rotation/docker-ozonesecure_om_1.log'
renamed 'ozonesecure/result/docker-ozonesecure_recon_1.log' -> '/home/runner/work/ozone/ozone/hadoop-ozone/dist/target/ozone-1.4.0-SNAPSHOT/compose/result/ozonesecure/root-ca-rotation/docker-ozonesecure_recon_1.log'
renamed 'ozonesecure/result/docker-ozonesecure_s3g_1.log' -> '/home/runner/work/ozone/ozone/hadoop-ozone/dist/target/ozone-1.4.0-SNAPSHOT/compose/result/ozonesecure/root-ca-rotation/docker-ozonesecure_s3g_1.log'
renamed 'ozonesecure/result/docker-ozonesecure_scm_1.log' -> '/home/runner/work/ozone/ozone/hadoop-ozone/dist/target/ozone-1.4.0-SNAPSHOT/compose/result/ozonesecure/root-ca-rotation/docker-ozonesecure_scm_1.log'
renamed 'ozonesecure/result/kms-audit.log' -> '/home/runner/work/ozone/ozone/hadoop-ozone/dist/target/ozone-1.4.0-SNAPSHOT/compose/result/ozonesecure/root-ca-rotation/kms-audit.log'
renamed 'ozonesecure/result/om-audit-om.log' -> '/home/runner/work/ozone/ozone/hadoop-ozone/dist/target/ozone-1.4.0-SNAPSHOT/compose/result/ozonesecure/root-ca-rotation/om-audit-om.log'
renamed 'ozonesecure/result/s3g-audit-s3g.log' -> '/home/runner/work/ozone/ozone/hadoop-ozone/dist/target/ozone-1.4.0-SNAPSHOT/compose/result/ozonesecure/root-ca-rotation/s3g-audit-s3g.log'
renamed 'ozonesecure/result/scm-audit-scm.log' -> '/home/runner/work/ozone/ozone/hadoop-ozone/dist/target/ozone-1.4.0-SNAPSHOT/compose/result/ozonesecure/root-ca-rotation/scm-audit-scm.log'
Exception in thread "main" java.net.SocketException: Socket closed
	at java.base/java.net.PlainSocketImpl.socketAccept(Native Method)
	at java.base/java.net.AbstractPlainSocketImpl.accept(AbstractPlainSocketImpl.java:474)
	at java.base/java.net.ServerSocket.implAccept(ServerSocket.java:565)
	at java.base/java.net.ServerSocket.accept(ServerSocket.java:533)
	at org.apache.hadoop.test.JacocoServer.main(JacocoServer.java:60)
Log:     /home/runner/work/ozone/ozone/hadoop-ozone/dist/target/ozone-1.4.0-SNAPSHOT/compose/result/log.html
Report:  /home/runner/work/ozone/ozone/hadoop-ozone/dist/target/ozone-1.4.0-SNAPSHOT/compose/result/report.html
