Using Docker Compose v2
Executing test ozone-balancer/test-ec.sh
Using Docker Compose v2
Port 9860 is not available on scm1 yet
Port 9860 is not available on scm1 yet
Port 9860 is not available on scm1 yet
Port 9860 is not available on scm1 yet
Port 9860 is not available on scm1 yet
Port 9860 is not available on scm1 yet
Port 9860 is not available on scm1 yet
Port 9860 is not available on scm1 yet
Port 9860 is not available on scm1 yet
Port 9860 is not available on scm1 yet
Port 9860 is not available on scm1 yet
Port 9860 is not available on scm1 yet
Port 9860 is not available on scm1 yet
Port 9860 is not available on scm1 yet
Port 9860 is not available on scm1 yet
Port 9860 is not available on scm1 yet
Port 9860 is not available on scm1 yet
Port 9860 is not available on scm1 yet
Port 9860 is not available on scm1 yet
Port 9860 is not available on scm1 yet
Port 9860 is not available on scm1 yet
Port 9860 is not available on scm1 yet
Port 9860 is not available on scm1 yet
Port 9860 is not available on scm1 yet
Port 9860 is available on scm1
SCM is in safe mode. Will retry in 1 sec. Remaining time (sec): 240
SCM is in safe mode. Will retry in 1 sec. Remaining time (sec): 239
SCM is in safe mode. Will retry in 1 sec. Remaining time (sec): 238
SCM is in safe mode. Will retry in 1 sec. Remaining time (sec): 237
SCM is in safe mode. Will retry in 1 sec. Remaining time (sec): 236
SCM is in safe mode. Will retry in 1 sec. Remaining time (sec): 235
SCM is in safe mode. Will retry in 1 sec. Remaining time (sec): 234
SCM is in safe mode. Will retry in 1 sec. Remaining time (sec): 233
SCM is in safe mode. Will retry in 1 sec. Remaining time (sec): 232
SCM is in safe mode. Will retry in 1 sec. Remaining time (sec): 231
SCM is in safe mode. Will retry in 1 sec. Remaining time (sec): 230
SCM is in safe mode. Will retry in 1 sec. Remaining time (sec): 229
SCM is in safe mode. Will retry in 1 sec. Remaining time (sec): 228
SCM is in safe mode. Will retry in 1 sec. Remaining time (sec): 227
SCM is in safe mode. Will retry in 1 sec. Remaining time (sec): 226
SCM is in safe mode. Will retry in 1 sec. Remaining time (sec): 225
SCM is in safe mode. Will retry in 1 sec. Remaining time (sec): 224
SCM is in safe mode. Will retry in 1 sec. Remaining time (sec): 223
SCM is in safe mode. Will retry in 1 sec. Remaining time (sec): 222
SCM is in safe mode. Will retry in 1 sec. Remaining time (sec): 220
SCM is in safe mode. Will retry in 1 sec. Remaining time (sec): 219
SCM is in safe mode. Will retry in 1 sec. Remaining time (sec): 218
SCM is in safe mode. Will retry in 1 sec. Remaining time (sec): 217
SCM is in safe mode. Will retry in 1 sec. Remaining time (sec): 216
SCM is in safe mode. Will retry in 1 sec. Remaining time (sec): 215
SCM is in safe mode. Will retry in 1 sec. Remaining time (sec): 214
SCM is in safe mode. Will retry in 1 sec. Remaining time (sec): 213
SCM is in safe mode. Will retry in 1 sec. Remaining time (sec): 212
SCM is in safe mode. Will retry in 1 sec. Remaining time (sec): 211
SCM is in safe mode. Will retry in 1 sec. Remaining time (sec): 210
SCM is in safe mode. Will retry in 1 sec. Remaining time (sec): 209
SCM is in safe mode. Will retry in 1 sec. Remaining time (sec): 208
SCM is in safe mode. Will retry in 1 sec. Remaining time (sec): 207
SCM is in safe mode. Will retry in 1 sec. Remaining time (sec): 206
SCM is in safe mode. Will retry in 1 sec. Remaining time (sec): 205
SCM is in safe mode. Will retry in 1 sec. Remaining time (sec): 204
SCM is in safe mode. Will retry in 1 sec. Remaining time (sec): 203
SCM is in safe mode. Will retry in 1 sec. Remaining time (sec): 202
SCM is in safe mode. Will retry in 1 sec. Remaining time (sec): 201
SCM is in safe mode. Will retry in 1 sec. Remaining time (sec): 200
SCM is in safe mode. Will retry in 1 sec. Remaining time (sec): 199
SCM is in safe mode. Will retry in 1 sec. Remaining time (sec): 198
SCM is in safe mode. Will retry in 1 sec. Remaining time (sec): 197
SCM is in safe mode. Will retry in 1 sec. Remaining time (sec): 196
SCM is in safe mode. Will retry in 1 sec. Remaining time (sec): 195
SCM is in safe mode. Will retry in 1 sec. Remaining time (sec): 194
SCM is in safe mode. Will retry in 1 sec. Remaining time (sec): 193
SCM is in safe mode. Will retry in 1 sec. Remaining time (sec): 192
SCM is in safe mode. Will retry in 1 sec. Remaining time (sec): 191
SCM is in safe mode. Will retry in 1 sec. Remaining time (sec): 190
SCM is in safe mode. Will retry in 1 sec. Remaining time (sec): 189
SCM is in safe mode. Will retry in 1 sec. Remaining time (sec): 188
SCM is in safe mode. Will retry in 1 sec. Remaining time (sec): 187
SCM is in safe mode. Will retry in 1 sec. Remaining time (sec): 186
SCM is in safe mode. Will retry in 1 sec. Remaining time (sec): 185
SCM is in safe mode. Will retry in 1 sec. Remaining time (sec): 184
SCM is in safe mode. Will retry in 1 sec. Remaining time (sec): 183
SCM is in safe mode. Will retry in 1 sec. Remaining time (sec): 182
SCM is in safe mode. Will retry in 1 sec. Remaining time (sec): 181
SCM is in safe mode. Will retry in 1 sec. Remaining time (sec): 180
SCM is in safe mode. Will retry in 1 sec. Remaining time (sec): 179
SCM is in safe mode. Will retry in 1 sec. Remaining time (sec): 178
SCM is in safe mode. Will retry in 1 sec. Remaining time (sec): 177
SCM is in safe mode. Will retry in 1 sec. Remaining time (sec): 176
SCM is in safe mode. Will retry in 1 sec. Remaining time (sec): 175
SCM is in safe mode. Will retry in 1 sec. Remaining time (sec): 174
SCM is in safe mode. Will retry in 1 sec. Remaining time (sec): 173
SCM is in safe mode. Will retry in 1 sec. Remaining time (sec): 172
SCM is in safe mode. Will retry in 1 sec. Remaining time (sec): 171
SCM is in safe mode. Will retry in 1 sec. Remaining time (sec): 170
SCM is in safe mode. Will retry in 1 sec. Remaining time (sec): 169
SCM is in safe mode. Will retry in 1 sec. Remaining time (sec): 168
SCM is in safe mode. Will retry in 1 sec. Remaining time (sec): 167
SCM is in safe mode. Will retry in 1 sec. Remaining time (sec): 166
SCM is in safe mode. Will retry in 1 sec. Remaining time (sec): 165
SCM is in safe mode. Will retry in 1 sec. Remaining time (sec): 164
SCM is in safe mode. Will retry in 1 sec. Remaining time (sec): 163
SCM is in safe mode. Will retry in 1 sec. Remaining time (sec): 162
SCM is in safe mode. Will retry in 1 sec. Remaining time (sec): 161
SCM is in safe mode. Will retry in 1 sec. Remaining time (sec): 160
SCM is in safe mode. Will retry in 1 sec. Remaining time (sec): 159
SCM is in safe mode. Will retry in 1 sec. Remaining time (sec): 158
SCM is in safe mode. Will retry in 1 sec. Remaining time (sec): 157
SCM is in safe mode. Will retry in 1 sec. Remaining time (sec): 156
SCM is in safe mode. Will retry in 1 sec. Remaining time (sec): 155
SCM is in safe mode. Will retry in 1 sec. Remaining time (sec): 154
SCM is in safe mode. Will retry in 1 sec. Remaining time (sec): 153
SCM is in safe mode. Will retry in 1 sec. Remaining time (sec): 152
SCM is in safe mode. Will retry in 1 sec. Remaining time (sec): 151
SCM is in safe mode. Will retry in 1 sec. Remaining time (sec): 150
SCM is in safe mode. Will retry in 1 sec. Remaining time (sec): 149
SCM is in safe mode. Will retry in 1 sec. Remaining time (sec): 148
SCM is in safe mode. Will retry in 1 sec. Remaining time (sec): 147
SCM is in safe mode. Will retry in 1 sec. Remaining time (sec): 146
SCM is in safe mode. Will retry in 1 sec. Remaining time (sec): 145
SCM is in safe mode. Will retry in 1 sec. Remaining time (sec): 144
SCM is in safe mode. Will retry in 1 sec. Remaining time (sec): 143
SCM is in safe mode. Will retry in 1 sec. Remaining time (sec): 142
SCM is in safe mode. Will retry in 1 sec. Remaining time (sec): 141
SCM is in safe mode. Will retry in 1 sec. Remaining time (sec): 140
SCM is in safe mode. Will retry in 1 sec. Remaining time (sec): 139
SCM is in safe mode. Will retry in 1 sec. Remaining time (sec): 138
SCM is in safe mode. Will retry in 1 sec. Remaining time (sec): 137
SCM is in safe mode. Will retry in 1 sec. Remaining time (sec): 136
SCM is in safe mode. Will retry in 1 sec. Remaining time (sec): 135
SCM is in safe mode. Will retry in 1 sec. Remaining time (sec): 134
SCM is in safe mode. Will retry in 1 sec. Remaining time (sec): 133
SCM is in safe mode. Will retry in 1 sec. Remaining time (sec): 132
SCM is in safe mode. Will retry in 1 sec. Remaining time (sec): 131
SCM is in safe mode. Will retry in 1 sec. Remaining time (sec): 130
SCM is in safe mode. Will retry in 1 sec. Remaining time (sec): 129
SCM is in safe mode. Will retry in 1 sec. Remaining time (sec): 128
SCM is in safe mode. Will retry in 1 sec. Remaining time (sec): 127
SCM is in safe mode. Will retry in 1 sec. Remaining time (sec): 126
SCM is in safe mode. Will retry in 1 sec. Remaining time (sec): 125
SCM is in safe mode. Will retry in 1 sec. Remaining time (sec): 124
SCM is in safe mode. Will retry in 1 sec. Remaining time (sec): 123
SCM is in safe mode. Will retry in 1 sec. Remaining time (sec): 122
SCM is in safe mode. Will retry in 1 sec. Remaining time (sec): 121
SCM is in safe mode. Will retry in 1 sec. Remaining time (sec): 120
SCM is in safe mode. Will retry in 1 sec. Remaining time (sec): 119
SCM is in safe mode. Will retry in 1 sec. Remaining time (sec): 118
SCM is in safe mode. Will retry in 1 sec. Remaining time (sec): 117
SCM is in safe mode. Will retry in 1 sec. Remaining time (sec): 116
SCM is in safe mode. Will retry in 1 sec. Remaining time (sec): 115
SCM is in safe mode. Will retry in 1 sec. Remaining time (sec): 114
SCM is in safe mode. Will retry in 1 sec. Remaining time (sec): 113
SCM is in safe mode. Will retry in 1 sec. Remaining time (sec): 112
SCM is in safe mode. Will retry in 1 sec. Remaining time (sec): 111
SCM is in safe mode. Will retry in 1 sec. Remaining time (sec): 110
SCM is out of safe mode.
Found OM leader for service om: om3 : LEADER (om3)
Replaced OM order with om3,om2,om1 in ozone-balancer-datanode1-1
Replaced OM order with om3,om2,om1 in ozone-balancer-datanode2-1
Replaced OM order with om3,om2,om1 in ozone-balancer-datanode3-1
Replaced OM order with om3,om2,om1 in ozone-balancer-datanode4-1
Replaced OM order with om3,om2,om1 in ozone-balancer-datanode5-1
Replaced OM order with om3,om2,om1 in ozone-balancer-datanode6-1
Replaced OM order with om3,om2,om1 in ozone-balancer-httpfs-1
Replaced OM order with om3,om2,om1 in ozone-balancer-om1-1
Replaced OM order with om3,om2,om1 in ozone-balancer-om2-1
Replaced OM order with om3,om2,om1 in ozone-balancer-om3-1
Replaced OM order with om3,om2,om1 in ozone-balancer-s3g-1
Replaced OM order with om3,om2,om1 in ozone-balancer-scm1-1
Replaced OM order with om3,om2,om1 in ozone-balancer-scm2-1
Replaced OM order with om3,om2,om1 in ozone-balancer-scm3-1
==============================================================================
ozone-balancer-EC :: Smoketest ozone cluster startup                          
==============================================================================
Verify exclude command CLI for Container Balancer                     | PASS |
------------------------------------------------------------------------------
Verify Container Balancer for RATIS/EC containers                     | PASS |
------------------------------------------------------------------------------
ozone-balancer-EC :: Smoketest ozone cluster startup                  | PASS |
2 tests, 2 passed, 0 failed
==============================================================================
Output:  /tmp/smoketest/ozone-balancer/result/robot-001.xml
To use Ozone please mount ozone folder to /opt/hadoop
Output:  /rebot-output/ozone-balancer-ec.xml
renamed '/home/runner/work/ozone/ozone/hadoop-ozone/dist/target/ozone-2.2.0-SNAPSHOT/compose/result/rebot-B4P29D/ozone-balancer-ec.xml' -> '/home/runner/work/ozone/ozone/hadoop-ozone/dist/target/ozone-2.2.0-SNAPSHOT/compose/result/ozone-balancer-ec.xml'
removed 'ozone-balancer/result/robot-001.xml'
mkdir: created directory '/home/runner/work/ozone/ozone/hadoop-ozone/dist/target/ozone-2.2.0-SNAPSHOT/compose/result/ozone-balancer'
mkdir: created directory '/home/runner/work/ozone/ozone/hadoop-ozone/dist/target/ozone-2.2.0-SNAPSHOT/compose/result/ozone-balancer/ec'
renamed 'ozone-balancer/result/dn-audit-33304ce024f9.log' -> '/home/runner/work/ozone/ozone/hadoop-ozone/dist/target/ozone-2.2.0-SNAPSHOT/compose/result/ozone-balancer/ec/dn-audit-33304ce024f9.log'
renamed 'ozone-balancer/result/dn-audit-6a49226f6f43.log' -> '/home/runner/work/ozone/ozone/hadoop-ozone/dist/target/ozone-2.2.0-SNAPSHOT/compose/result/ozone-balancer/ec/dn-audit-6a49226f6f43.log'
renamed 'ozone-balancer/result/dn-audit-b631c7288865.log' -> '/home/runner/work/ozone/ozone/hadoop-ozone/dist/target/ozone-2.2.0-SNAPSHOT/compose/result/ozone-balancer/ec/dn-audit-b631c7288865.log'
renamed 'ozone-balancer/result/dn-audit-bfcb7b29f77e.log' -> '/home/runner/work/ozone/ozone/hadoop-ozone/dist/target/ozone-2.2.0-SNAPSHOT/compose/result/ozone-balancer/ec/dn-audit-bfcb7b29f77e.log'
renamed 'ozone-balancer/result/dn-audit-f23128cbbaec.log' -> '/home/runner/work/ozone/ozone/hadoop-ozone/dist/target/ozone-2.2.0-SNAPSHOT/compose/result/ozone-balancer/ec/dn-audit-f23128cbbaec.log'
renamed 'ozone-balancer/result/dn-audit-fb278d14c63c.log' -> '/home/runner/work/ozone/ozone/hadoop-ozone/dist/target/ozone-2.2.0-SNAPSHOT/compose/result/ozone-balancer/ec/dn-audit-fb278d14c63c.log'
renamed 'ozone-balancer/result/docker-ozone-balancer-datanode1-1.log' -> '/home/runner/work/ozone/ozone/hadoop-ozone/dist/target/ozone-2.2.0-SNAPSHOT/compose/result/ozone-balancer/ec/docker-ozone-balancer-datanode1-1.log'
renamed 'ozone-balancer/result/docker-ozone-balancer-datanode2-1.log' -> '/home/runner/work/ozone/ozone/hadoop-ozone/dist/target/ozone-2.2.0-SNAPSHOT/compose/result/ozone-balancer/ec/docker-ozone-balancer-datanode2-1.log'
renamed 'ozone-balancer/result/docker-ozone-balancer-datanode3-1.log' -> '/home/runner/work/ozone/ozone/hadoop-ozone/dist/target/ozone-2.2.0-SNAPSHOT/compose/result/ozone-balancer/ec/docker-ozone-balancer-datanode3-1.log'
renamed 'ozone-balancer/result/docker-ozone-balancer-datanode4-1.log' -> '/home/runner/work/ozone/ozone/hadoop-ozone/dist/target/ozone-2.2.0-SNAPSHOT/compose/result/ozone-balancer/ec/docker-ozone-balancer-datanode4-1.log'
renamed 'ozone-balancer/result/docker-ozone-balancer-datanode5-1.log' -> '/home/runner/work/ozone/ozone/hadoop-ozone/dist/target/ozone-2.2.0-SNAPSHOT/compose/result/ozone-balancer/ec/docker-ozone-balancer-datanode5-1.log'
renamed 'ozone-balancer/result/docker-ozone-balancer-datanode6-1.log' -> '/home/runner/work/ozone/ozone/hadoop-ozone/dist/target/ozone-2.2.0-SNAPSHOT/compose/result/ozone-balancer/ec/docker-ozone-balancer-datanode6-1.log'
renamed 'ozone-balancer/result/docker-ozone-balancer-httpfs-1.log' -> '/home/runner/work/ozone/ozone/hadoop-ozone/dist/target/ozone-2.2.0-SNAPSHOT/compose/result/ozone-balancer/ec/docker-ozone-balancer-httpfs-1.log'
renamed 'ozone-balancer/result/docker-ozone-balancer-om1-1.log' -> '/home/runner/work/ozone/ozone/hadoop-ozone/dist/target/ozone-2.2.0-SNAPSHOT/compose/result/ozone-balancer/ec/docker-ozone-balancer-om1-1.log'
renamed 'ozone-balancer/result/docker-ozone-balancer-om2-1.log' -> '/home/runner/work/ozone/ozone/hadoop-ozone/dist/target/ozone-2.2.0-SNAPSHOT/compose/result/ozone-balancer/ec/docker-ozone-balancer-om2-1.log'
renamed 'ozone-balancer/result/docker-ozone-balancer-om3-1.log' -> '/home/runner/work/ozone/ozone/hadoop-ozone/dist/target/ozone-2.2.0-SNAPSHOT/compose/result/ozone-balancer/ec/docker-ozone-balancer-om3-1.log'
renamed 'ozone-balancer/result/docker-ozone-balancer-s3g-1.log' -> '/home/runner/work/ozone/ozone/hadoop-ozone/dist/target/ozone-2.2.0-SNAPSHOT/compose/result/ozone-balancer/ec/docker-ozone-balancer-s3g-1.log'
renamed 'ozone-balancer/result/docker-ozone-balancer-scm1-1.log' -> '/home/runner/work/ozone/ozone/hadoop-ozone/dist/target/ozone-2.2.0-SNAPSHOT/compose/result/ozone-balancer/ec/docker-ozone-balancer-scm1-1.log'
renamed 'ozone-balancer/result/docker-ozone-balancer-scm2-1.log' -> '/home/runner/work/ozone/ozone/hadoop-ozone/dist/target/ozone-2.2.0-SNAPSHOT/compose/result/ozone-balancer/ec/docker-ozone-balancer-scm2-1.log'
renamed 'ozone-balancer/result/docker-ozone-balancer-scm3-1.log' -> '/home/runner/work/ozone/ozone/hadoop-ozone/dist/target/ozone-2.2.0-SNAPSHOT/compose/result/ozone-balancer/ec/docker-ozone-balancer-scm3-1.log'
renamed 'ozone-balancer/result/om-audit-om1.log' -> '/home/runner/work/ozone/ozone/hadoop-ozone/dist/target/ozone-2.2.0-SNAPSHOT/compose/result/ozone-balancer/ec/om-audit-om1.log'
renamed 'ozone-balancer/result/om-audit-om2.log' -> '/home/runner/work/ozone/ozone/hadoop-ozone/dist/target/ozone-2.2.0-SNAPSHOT/compose/result/ozone-balancer/ec/om-audit-om2.log'
renamed 'ozone-balancer/result/om-audit-om3.log' -> '/home/runner/work/ozone/ozone/hadoop-ozone/dist/target/ozone-2.2.0-SNAPSHOT/compose/result/ozone-balancer/ec/om-audit-om3.log'
renamed 'ozone-balancer/result/om-sys-audit-om1.log' -> '/home/runner/work/ozone/ozone/hadoop-ozone/dist/target/ozone-2.2.0-SNAPSHOT/compose/result/ozone-balancer/ec/om-sys-audit-om1.log'
renamed 'ozone-balancer/result/om-sys-audit-om2.log' -> '/home/runner/work/ozone/ozone/hadoop-ozone/dist/target/ozone-2.2.0-SNAPSHOT/compose/result/ozone-balancer/ec/om-sys-audit-om2.log'
renamed 'ozone-balancer/result/om-sys-audit-om3.log' -> '/home/runner/work/ozone/ozone/hadoop-ozone/dist/target/ozone-2.2.0-SNAPSHOT/compose/result/ozone-balancer/ec/om-sys-audit-om3.log'
renamed 'ozone-balancer/result/s3g-audit-376d57d38cac.log' -> '/home/runner/work/ozone/ozone/hadoop-ozone/dist/target/ozone-2.2.0-SNAPSHOT/compose/result/ozone-balancer/ec/s3g-audit-376d57d38cac.log'
renamed 'ozone-balancer/result/scm-audit-1ae935fe5133.log' -> '/home/runner/work/ozone/ozone/hadoop-ozone/dist/target/ozone-2.2.0-SNAPSHOT/compose/result/ozone-balancer/ec/scm-audit-1ae935fe5133.log'
renamed 'ozone-balancer/result/scm-audit-4e3b7a329c10.log' -> '/home/runner/work/ozone/ozone/hadoop-ozone/dist/target/ozone-2.2.0-SNAPSHOT/compose/result/ozone-balancer/ec/scm-audit-4e3b7a329c10.log'
renamed 'ozone-balancer/result/scm-audit-cca35ad5a11e.log' -> '/home/runner/work/ozone/ozone/hadoop-ozone/dist/target/ozone-2.2.0-SNAPSHOT/compose/result/ozone-balancer/ec/scm-audit-cca35ad5a11e.log'
Executing test ozone-balancer/test-ratis.sh
Using Docker Compose v2
Port 9860 is not available on scm1 yet
Port 9860 is not available on scm1 yet
Port 9860 is not available on scm1 yet
Port 9860 is not available on scm1 yet
Port 9860 is not available on scm1 yet
Port 9860 is not available on scm1 yet
Port 9860 is not available on scm1 yet
Port 9860 is not available on scm1 yet
Port 9860 is not available on scm1 yet
Port 9860 is not available on scm1 yet
Port 9860 is not available on scm1 yet
Port 9860 is not available on scm1 yet
Port 9860 is not available on scm1 yet
Port 9860 is not available on scm1 yet
Port 9860 is not available on scm1 yet
Port 9860 is not available on scm1 yet
Port 9860 is not available on scm1 yet
Port 9860 is not available on scm1 yet
Port 9860 is not available on scm1 yet
Port 9860 is not available on scm1 yet
Port 9860 is available on scm1
SCM is in safe mode. Will retry in 1 sec. Remaining time (sec): 240
SCM is in safe mode. Will retry in 1 sec. Remaining time (sec): 239
SCM is in safe mode. Will retry in 1 sec. Remaining time (sec): 238
SCM is in safe mode. Will retry in 1 sec. Remaining time (sec): 237
SCM is in safe mode. Will retry in 1 sec. Remaining time (sec): 236
SCM is in safe mode. Will retry in 1 sec. Remaining time (sec): 235
SCM is in safe mode. Will retry in 1 sec. Remaining time (sec): 234
SCM is in safe mode. Will retry in 1 sec. Remaining time (sec): 233
SCM is in safe mode. Will retry in 1 sec. Remaining time (sec): 232
SCM is in safe mode. Will retry in 1 sec. Remaining time (sec): 231
SCM is in safe mode. Will retry in 1 sec. Remaining time (sec): 230
SCM is in safe mode. Will retry in 1 sec. Remaining time (sec): 229
SCM is in safe mode. Will retry in 1 sec. Remaining time (sec): 228
SCM is in safe mode. Will retry in 1 sec. Remaining time (sec): 227
SCM is in safe mode. Will retry in 1 sec. Remaining time (sec): 226
SCM is in safe mode. Will retry in 1 sec. Remaining time (sec): 225
SCM is in safe mode. Will retry in 1 sec. Remaining time (sec): 224
SCM is in safe mode. Will retry in 1 sec. Remaining time (sec): 223
SCM is in safe mode. Will retry in 1 sec. Remaining time (sec): 222
SCM is in safe mode. Will retry in 1 sec. Remaining time (sec): 221
SCM is in safe mode. Will retry in 1 sec. Remaining time (sec): 220
SCM is in safe mode. Will retry in 1 sec. Remaining time (sec): 219
SCM is in safe mode. Will retry in 1 sec. Remaining time (sec): 218
SCM is in safe mode. Will retry in 1 sec. Remaining time (sec): 217
SCM is in safe mode. Will retry in 1 sec. Remaining time (sec): 216
SCM is in safe mode. Will retry in 1 sec. Remaining time (sec): 215
SCM is in safe mode. Will retry in 1 sec. Remaining time (sec): 214
SCM is in safe mode. Will retry in 1 sec. Remaining time (sec): 213
SCM is in safe mode. Will retry in 1 sec. Remaining time (sec): 212
SCM is in safe mode. Will retry in 1 sec. Remaining time (sec): 211
SCM is in safe mode. Will retry in 1 sec. Remaining time (sec): 210
SCM is in safe mode. Will retry in 1 sec. Remaining time (sec): 209
SCM is in safe mode. Will retry in 1 sec. Remaining time (sec): 208
SCM is in safe mode. Will retry in 1 sec. Remaining time (sec): 207
SCM is in safe mode. Will retry in 1 sec. Remaining time (sec): 206
SCM is in safe mode. Will retry in 1 sec. Remaining time (sec): 205
SCM is in safe mode. Will retry in 1 sec. Remaining time (sec): 204
SCM is in safe mode. Will retry in 1 sec. Remaining time (sec): 203
SCM is in safe mode. Will retry in 1 sec. Remaining time (sec): 202
SCM is in safe mode. Will retry in 1 sec. Remaining time (sec): 201
SCM is in safe mode. Will retry in 1 sec. Remaining time (sec): 200
SCM is in safe mode. Will retry in 1 sec. Remaining time (sec): 199
SCM is in safe mode. Will retry in 1 sec. Remaining time (sec): 198
SCM is in safe mode. Will retry in 1 sec. Remaining time (sec): 197
SCM is in safe mode. Will retry in 1 sec. Remaining time (sec): 196
SCM is in safe mode. Will retry in 1 sec. Remaining time (sec): 195
SCM is in safe mode. Will retry in 1 sec. Remaining time (sec): 194
SCM is in safe mode. Will retry in 1 sec. Remaining time (sec): 193
SCM is in safe mode. Will retry in 1 sec. Remaining time (sec): 192
SCM is in safe mode. Will retry in 1 sec. Remaining time (sec): 191
SCM is in safe mode. Will retry in 1 sec. Remaining time (sec): 190
SCM is in safe mode. Will retry in 1 sec. Remaining time (sec): 189
SCM is in safe mode. Will retry in 1 sec. Remaining time (sec): 188
SCM is in safe mode. Will retry in 1 sec. Remaining time (sec): 187
SCM is in safe mode. Will retry in 1 sec. Remaining time (sec): 186
SCM is in safe mode. Will retry in 1 sec. Remaining time (sec): 185
SCM is in safe mode. Will retry in 1 sec. Remaining time (sec): 184
SCM is in safe mode. Will retry in 1 sec. Remaining time (sec): 183
SCM is in safe mode. Will retry in 1 sec. Remaining time (sec): 182
SCM is in safe mode. Will retry in 1 sec. Remaining time (sec): 181
SCM is in safe mode. Will retry in 1 sec. Remaining time (sec): 180
SCM is in safe mode. Will retry in 1 sec. Remaining time (sec): 179
SCM is in safe mode. Will retry in 1 sec. Remaining time (sec): 178
SCM is in safe mode. Will retry in 1 sec. Remaining time (sec): 177
SCM is in safe mode. Will retry in 1 sec. Remaining time (sec): 176
SCM is in safe mode. Will retry in 1 sec. Remaining time (sec): 175
SCM is in safe mode. Will retry in 1 sec. Remaining time (sec): 174
SCM is in safe mode. Will retry in 1 sec. Remaining time (sec): 173
SCM is in safe mode. Will retry in 1 sec. Remaining time (sec): 172
SCM is in safe mode. Will retry in 1 sec. Remaining time (sec): 171
SCM is in safe mode. Will retry in 1 sec. Remaining time (sec): 170
SCM is in safe mode. Will retry in 1 sec. Remaining time (sec): 169
SCM is in safe mode. Will retry in 1 sec. Remaining time (sec): 168
SCM is in safe mode. Will retry in 1 sec. Remaining time (sec): 167
SCM is in safe mode. Will retry in 1 sec. Remaining time (sec): 166
SCM is in safe mode. Will retry in 1 sec. Remaining time (sec): 165
SCM is in safe mode. Will retry in 1 sec. Remaining time (sec): 164
SCM is in safe mode. Will retry in 1 sec. Remaining time (sec): 163
SCM is in safe mode. Will retry in 1 sec. Remaining time (sec): 162
SCM is in safe mode. Will retry in 1 sec. Remaining time (sec): 161
SCM is in safe mode. Will retry in 1 sec. Remaining time (sec): 160
SCM is in safe mode. Will retry in 1 sec. Remaining time (sec): 159
SCM is in safe mode. Will retry in 1 sec. Remaining time (sec): 158
SCM is in safe mode. Will retry in 1 sec. Remaining time (sec): 157
SCM is in safe mode. Will retry in 1 sec. Remaining time (sec): 156
SCM is in safe mode. Will retry in 1 sec. Remaining time (sec): 155
SCM is in safe mode. Will retry in 1 sec. Remaining time (sec): 154
SCM is in safe mode. Will retry in 1 sec. Remaining time (sec): 153
SCM is in safe mode. Will retry in 1 sec. Remaining time (sec): 152
SCM is in safe mode. Will retry in 1 sec. Remaining time (sec): 151
SCM is in safe mode. Will retry in 1 sec. Remaining time (sec): 150
SCM is in safe mode. Will retry in 1 sec. Remaining time (sec): 149
SCM is in safe mode. Will retry in 1 sec. Remaining time (sec): 148
SCM is in safe mode. Will retry in 1 sec. Remaining time (sec): 147
SCM is in safe mode. Will retry in 1 sec. Remaining time (sec): 146
SCM is in safe mode. Will retry in 1 sec. Remaining time (sec): 145
SCM is in safe mode. Will retry in 1 sec. Remaining time (sec): 144
SCM is in safe mode. Will retry in 1 sec. Remaining time (sec): 143
SCM is in safe mode. Will retry in 1 sec. Remaining time (sec): 142
SCM is in safe mode. Will retry in 1 sec. Remaining time (sec): 141
SCM is in safe mode. Will retry in 1 sec. Remaining time (sec): 140
SCM is in safe mode. Will retry in 1 sec. Remaining time (sec): 139
SCM is in safe mode. Will retry in 1 sec. Remaining time (sec): 138
SCM is in safe mode. Will retry in 1 sec. Remaining time (sec): 137
SCM is in safe mode. Will retry in 1 sec. Remaining time (sec): 136
SCM is in safe mode. Will retry in 1 sec. Remaining time (sec): 135
SCM is in safe mode. Will retry in 1 sec. Remaining time (sec): 134
SCM is in safe mode. Will retry in 1 sec. Remaining time (sec): 133
SCM is in safe mode. Will retry in 1 sec. Remaining time (sec): 132
SCM is in safe mode. Will retry in 1 sec. Remaining time (sec): 131
SCM is in safe mode. Will retry in 1 sec. Remaining time (sec): 130
SCM is in safe mode. Will retry in 1 sec. Remaining time (sec): 129
SCM is in safe mode. Will retry in 1 sec. Remaining time (sec): 128
SCM is in safe mode. Will retry in 1 sec. Remaining time (sec): 127
SCM is in safe mode. Will retry in 1 sec. Remaining time (sec): 126
SCM is in safe mode. Will retry in 1 sec. Remaining time (sec): 125
SCM is in safe mode. Will retry in 1 sec. Remaining time (sec): 124
SCM is in safe mode. Will retry in 1 sec. Remaining time (sec): 123
SCM is in safe mode. Will retry in 1 sec. Remaining time (sec): 122
SCM is in safe mode. Will retry in 1 sec. Remaining time (sec): 121
SCM is in safe mode. Will retry in 1 sec. Remaining time (sec): 120
SCM is in safe mode. Will retry in 1 sec. Remaining time (sec): 119
SCM is in safe mode. Will retry in 1 sec. Remaining time (sec): 117
SCM is in safe mode. Will retry in 1 sec. Remaining time (sec): 116
SCM is in safe mode. Will retry in 1 sec. Remaining time (sec): 115
SCM is in safe mode. Will retry in 1 sec. Remaining time (sec): 114
SCM is in safe mode. Will retry in 1 sec. Remaining time (sec): 113
SCM is in safe mode. Will retry in 1 sec. Remaining time (sec): 112
SCM is in safe mode. Will retry in 1 sec. Remaining time (sec): 111
SCM is in safe mode. Will retry in 1 sec. Remaining time (sec): 110
SCM is in safe mode. Will retry in 1 sec. Remaining time (sec): 109
SCM is out of safe mode.
Found OM leader for service om: om2 : LEADER (om2)
Replaced OM order with om2,om3,om1 in ozone-balancer-datanode1-1
Replaced OM order with om2,om3,om1 in ozone-balancer-datanode3-1
Replaced OM order with om2,om3,om1 in ozone-balancer-datanode4-1
Replaced OM order with om2,om3,om1 in ozone-balancer-datanode6-1
Replaced OM order with om2,om3,om1 in ozone-balancer-httpfs-1
Replaced OM order with om2,om3,om1 in ozone-balancer-om1-1
Replaced OM order with om2,om3,om1 in ozone-balancer-om2-1
Replaced OM order with om2,om3,om1 in ozone-balancer-om3-1
Replaced OM order with om2,om3,om1 in ozone-balancer-s3g-1
Replaced OM order with om2,om3,om1 in ozone-balancer-scm1-1
Replaced OM order with om2,om3,om1 in ozone-balancer-scm2-1
Replaced OM order with om2,om3,om1 in ozone-balancer-scm3-1
==============================================================================
ozone-balancer-RATIS :: Smoketest ozone cluster startup                       
==============================================================================
Verify exclude command CLI for Container Balancer                     | PASS |
------------------------------------------------------------------------------
Verify Container Balancer for RATIS/EC containers                     | FAIL |
Keyword 'Run Balancer Verbose History Status' failed after retrying for 40 seconds. The last error was: 'ContainerBalancer is Running.
Started at: 2026-04-17 12:42:22
Balancing duration: 46s

Container Balancer Configuration values:
Key                                                Value
Threshold                                          0.1
Max Datanodes to Involve per Iteration(percent)    100
Max Size to Move per Iteration                     500GB
Max Size Entering Target per Iteration             26GB
Max Size Leaving Source per Iteration              26GB
Number of Iterations                               3
Time Limit for Single Container's Movement         65min
Time Limit for Single Container's Replication      50min
Interval between each Iteration                    0min
Whether to Enable Network Topology                 false
Whether to Trigger Refresh Datanode Usage Info     false
Container IDs to Include in Balancing              None
Container IDs to Exclude from Balancing            None
    [ Message content over the limit has been removed. ]
Current iteration info:
Key                                                Value
Iteration number                                   1
Iteration duration                                 46s
Iteration result                                   -
Size scheduled to move                             300 MB
Moved data size                                    200 MB
Scheduled to move containers                       3
Already moved containers                           2
Failed to move containers                          0
Failed to move containers by timeout               0
Entered data to nodes                              
68b66451-47b6-4c98-be1d-75c9ec9055a1 <- 300 MB
Exited data from nodes                             
2149713c-847e-4278-9be1-5293eeade8d2 -> 100 MB
b060f7e9-3d7e-4ec6-99df-cc96c0c3c535 -> 100 MB
9c078366-6195-45f2-93c1-29cc8a247071 -> 100 MB

Iteration history list:
' does not contain 'Iteration result ITERATION_COMPLETED'
------------------------------------------------------------------------------
ozone-balancer-RATIS :: Smoketest ozone cluster startup               | FAIL |
2 tests, 1 passed, 1 failed
==============================================================================
Output:  /tmp/smoketest/ozone-balancer/result/robot-001.xml
jstack 6 > /home/runner/work/ozone/ozone/hadoop-ozone/dist/target/ozone-2.2.0-SNAPSHOT/compose/ozone-balancer/result/ozone-balancer-datanode1-1_HddsDatanodeService.stack
jstack 7 > /home/runner/work/ozone/ozone/hadoop-ozone/dist/target/ozone-2.2.0-SNAPSHOT/compose/ozone-balancer/result/ozone-balancer-datanode3-1_HddsDatanodeService.stack
jstack 7 > /home/runner/work/ozone/ozone/hadoop-ozone/dist/target/ozone-2.2.0-SNAPSHOT/compose/ozone-balancer/result/ozone-balancer-datanode4-1_HddsDatanodeService.stack
jstack 8 > /home/runner/work/ozone/ozone/hadoop-ozone/dist/target/ozone-2.2.0-SNAPSHOT/compose/ozone-balancer/result/ozone-balancer-datanode6-1_HddsDatanodeService.stack
jstack 7 > /home/runner/work/ozone/ozone/hadoop-ozone/dist/target/ozone-2.2.0-SNAPSHOT/compose/ozone-balancer/result/ozone-balancer-om1-1_OzoneManagerStarter.stack
jstack 6 > /home/runner/work/ozone/ozone/hadoop-ozone/dist/target/ozone-2.2.0-SNAPSHOT/compose/ozone-balancer/result/ozone-balancer-om2-1_OzoneManagerStarter.stack
jstack 7 > /home/runner/work/ozone/ozone/hadoop-ozone/dist/target/ozone-2.2.0-SNAPSHOT/compose/ozone-balancer/result/ozone-balancer-om3-1_OzoneManagerStarter.stack
jstack 7 > /home/runner/work/ozone/ozone/hadoop-ozone/dist/target/ozone-2.2.0-SNAPSHOT/compose/ozone-balancer/result/ozone-balancer-s3g-1_Gateway.stack
jstack 6 > /home/runner/work/ozone/ozone/hadoop-ozone/dist/target/ozone-2.2.0-SNAPSHOT/compose/ozone-balancer/result/ozone-balancer-scm1-1_StorageContainerManagerStarter.stack
jstack 7 > /home/runner/work/ozone/ozone/hadoop-ozone/dist/target/ozone-2.2.0-SNAPSHOT/compose/ozone-balancer/result/ozone-balancer-scm2-1_StorageContainerManagerStarter.stack
jstack 7 > /home/runner/work/ozone/ozone/hadoop-ozone/dist/target/ozone-2.2.0-SNAPSHOT/compose/ozone-balancer/result/ozone-balancer-scm3-1_StorageContainerManagerStarter.stack
ERROR: Test execution of ozone-balancer/test-ratis.sh is FAILED!!!!
To use Ozone please mount ozone folder to /opt/hadoop
Output:  /rebot-output/ozone-balancer-ratis.xml
renamed '/home/runner/work/ozone/ozone/hadoop-ozone/dist/target/ozone-2.2.0-SNAPSHOT/compose/result/rebot-JZUYKG/ozone-balancer-ratis.xml' -> '/home/runner/work/ozone/ozone/hadoop-ozone/dist/target/ozone-2.2.0-SNAPSHOT/compose/result/ozone-balancer-ratis.xml'
removed 'ozone-balancer/result/robot-001.xml'
mkdir: created directory '/home/runner/work/ozone/ozone/hadoop-ozone/dist/target/ozone-2.2.0-SNAPSHOT/compose/result/ozone-balancer/ratis'
renamed 'ozone-balancer/result/dn-audit-8547d6d5d6f0.log' -> '/home/runner/work/ozone/ozone/hadoop-ozone/dist/target/ozone-2.2.0-SNAPSHOT/compose/result/ozone-balancer/ratis/dn-audit-8547d6d5d6f0.log'
renamed 'ozone-balancer/result/dn-audit-8ebf88083911.log' -> '/home/runner/work/ozone/ozone/hadoop-ozone/dist/target/ozone-2.2.0-SNAPSHOT/compose/result/ozone-balancer/ratis/dn-audit-8ebf88083911.log'
renamed 'ozone-balancer/result/dn-audit-9b22027c96d4.log' -> '/home/runner/work/ozone/ozone/hadoop-ozone/dist/target/ozone-2.2.0-SNAPSHOT/compose/result/ozone-balancer/ratis/dn-audit-9b22027c96d4.log'
renamed 'ozone-balancer/result/dn-audit-c7862298e166.log' -> '/home/runner/work/ozone/ozone/hadoop-ozone/dist/target/ozone-2.2.0-SNAPSHOT/compose/result/ozone-balancer/ratis/dn-audit-c7862298e166.log'
renamed 'ozone-balancer/result/docker-ozone-balancer-datanode1-1.log' -> '/home/runner/work/ozone/ozone/hadoop-ozone/dist/target/ozone-2.2.0-SNAPSHOT/compose/result/ozone-balancer/ratis/docker-ozone-balancer-datanode1-1.log'
renamed 'ozone-balancer/result/docker-ozone-balancer-datanode3-1.log' -> '/home/runner/work/ozone/ozone/hadoop-ozone/dist/target/ozone-2.2.0-SNAPSHOT/compose/result/ozone-balancer/ratis/docker-ozone-balancer-datanode3-1.log'
renamed 'ozone-balancer/result/docker-ozone-balancer-datanode4-1.log' -> '/home/runner/work/ozone/ozone/hadoop-ozone/dist/target/ozone-2.2.0-SNAPSHOT/compose/result/ozone-balancer/ratis/docker-ozone-balancer-datanode4-1.log'
renamed 'ozone-balancer/result/docker-ozone-balancer-datanode6-1.log' -> '/home/runner/work/ozone/ozone/hadoop-ozone/dist/target/ozone-2.2.0-SNAPSHOT/compose/result/ozone-balancer/ratis/docker-ozone-balancer-datanode6-1.log'
renamed 'ozone-balancer/result/docker-ozone-balancer-httpfs-1.log' -> '/home/runner/work/ozone/ozone/hadoop-ozone/dist/target/ozone-2.2.0-SNAPSHOT/compose/result/ozone-balancer/ratis/docker-ozone-balancer-httpfs-1.log'
renamed 'ozone-balancer/result/docker-ozone-balancer-om1-1.log' -> '/home/runner/work/ozone/ozone/hadoop-ozone/dist/target/ozone-2.2.0-SNAPSHOT/compose/result/ozone-balancer/ratis/docker-ozone-balancer-om1-1.log'
renamed 'ozone-balancer/result/docker-ozone-balancer-om2-1.log' -> '/home/runner/work/ozone/ozone/hadoop-ozone/dist/target/ozone-2.2.0-SNAPSHOT/compose/result/ozone-balancer/ratis/docker-ozone-balancer-om2-1.log'
renamed 'ozone-balancer/result/docker-ozone-balancer-om3-1.log' -> '/home/runner/work/ozone/ozone/hadoop-ozone/dist/target/ozone-2.2.0-SNAPSHOT/compose/result/ozone-balancer/ratis/docker-ozone-balancer-om3-1.log'
renamed 'ozone-balancer/result/docker-ozone-balancer-s3g-1.log' -> '/home/runner/work/ozone/ozone/hadoop-ozone/dist/target/ozone-2.2.0-SNAPSHOT/compose/result/ozone-balancer/ratis/docker-ozone-balancer-s3g-1.log'
renamed 'ozone-balancer/result/docker-ozone-balancer-scm1-1.log' -> '/home/runner/work/ozone/ozone/hadoop-ozone/dist/target/ozone-2.2.0-SNAPSHOT/compose/result/ozone-balancer/ratis/docker-ozone-balancer-scm1-1.log'
renamed 'ozone-balancer/result/docker-ozone-balancer-scm2-1.log' -> '/home/runner/work/ozone/ozone/hadoop-ozone/dist/target/ozone-2.2.0-SNAPSHOT/compose/result/ozone-balancer/ratis/docker-ozone-balancer-scm2-1.log'
renamed 'ozone-balancer/result/docker-ozone-balancer-scm3-1.log' -> '/home/runner/work/ozone/ozone/hadoop-ozone/dist/target/ozone-2.2.0-SNAPSHOT/compose/result/ozone-balancer/ratis/docker-ozone-balancer-scm3-1.log'
renamed 'ozone-balancer/result/om-audit-om1.log' -> '/home/runner/work/ozone/ozone/hadoop-ozone/dist/target/ozone-2.2.0-SNAPSHOT/compose/result/ozone-balancer/ratis/om-audit-om1.log'
renamed 'ozone-balancer/result/om-audit-om2.log' -> '/home/runner/work/ozone/ozone/hadoop-ozone/dist/target/ozone-2.2.0-SNAPSHOT/compose/result/ozone-balancer/ratis/om-audit-om2.log'
renamed 'ozone-balancer/result/om-audit-om3.log' -> '/home/runner/work/ozone/ozone/hadoop-ozone/dist/target/ozone-2.2.0-SNAPSHOT/compose/result/ozone-balancer/ratis/om-audit-om3.log'
renamed 'ozone-balancer/result/om-sys-audit-om1.log' -> '/home/runner/work/ozone/ozone/hadoop-ozone/dist/target/ozone-2.2.0-SNAPSHOT/compose/result/ozone-balancer/ratis/om-sys-audit-om1.log'
renamed 'ozone-balancer/result/om-sys-audit-om2.log' -> '/home/runner/work/ozone/ozone/hadoop-ozone/dist/target/ozone-2.2.0-SNAPSHOT/compose/result/ozone-balancer/ratis/om-sys-audit-om2.log'
renamed 'ozone-balancer/result/om-sys-audit-om3.log' -> '/home/runner/work/ozone/ozone/hadoop-ozone/dist/target/ozone-2.2.0-SNAPSHOT/compose/result/ozone-balancer/ratis/om-sys-audit-om3.log'
renamed 'ozone-balancer/result/ozone-balancer-datanode1-1_HddsDatanodeService.stack' -> '/home/runner/work/ozone/ozone/hadoop-ozone/dist/target/ozone-2.2.0-SNAPSHOT/compose/result/ozone-balancer/ratis/ozone-balancer-datanode1-1_HddsDatanodeService.stack'
renamed 'ozone-balancer/result/ozone-balancer-datanode3-1_HddsDatanodeService.stack' -> '/home/runner/work/ozone/ozone/hadoop-ozone/dist/target/ozone-2.2.0-SNAPSHOT/compose/result/ozone-balancer/ratis/ozone-balancer-datanode3-1_HddsDatanodeService.stack'
renamed 'ozone-balancer/result/ozone-balancer-datanode4-1_HddsDatanodeService.stack' -> '/home/runner/work/ozone/ozone/hadoop-ozone/dist/target/ozone-2.2.0-SNAPSHOT/compose/result/ozone-balancer/ratis/ozone-balancer-datanode4-1_HddsDatanodeService.stack'
renamed 'ozone-balancer/result/ozone-balancer-datanode6-1_HddsDatanodeService.stack' -> '/home/runner/work/ozone/ozone/hadoop-ozone/dist/target/ozone-2.2.0-SNAPSHOT/compose/result/ozone-balancer/ratis/ozone-balancer-datanode6-1_HddsDatanodeService.stack'
renamed 'ozone-balancer/result/ozone-balancer-om1-1_OzoneManagerStarter.stack' -> '/home/runner/work/ozone/ozone/hadoop-ozone/dist/target/ozone-2.2.0-SNAPSHOT/compose/result/ozone-balancer/ratis/ozone-balancer-om1-1_OzoneManagerStarter.stack'
renamed 'ozone-balancer/result/ozone-balancer-om2-1_OzoneManagerStarter.stack' -> '/home/runner/work/ozone/ozone/hadoop-ozone/dist/target/ozone-2.2.0-SNAPSHOT/compose/result/ozone-balancer/ratis/ozone-balancer-om2-1_OzoneManagerStarter.stack'
renamed 'ozone-balancer/result/ozone-balancer-om3-1_OzoneManagerStarter.stack' -> '/home/runner/work/ozone/ozone/hadoop-ozone/dist/target/ozone-2.2.0-SNAPSHOT/compose/result/ozone-balancer/ratis/ozone-balancer-om3-1_OzoneManagerStarter.stack'
renamed 'ozone-balancer/result/ozone-balancer-s3g-1_Gateway.stack' -> '/home/runner/work/ozone/ozone/hadoop-ozone/dist/target/ozone-2.2.0-SNAPSHOT/compose/result/ozone-balancer/ratis/ozone-balancer-s3g-1_Gateway.stack'
renamed 'ozone-balancer/result/ozone-balancer-scm1-1_StorageContainerManagerStarter.stack' -> '/home/runner/work/ozone/ozone/hadoop-ozone/dist/target/ozone-2.2.0-SNAPSHOT/compose/result/ozone-balancer/ratis/ozone-balancer-scm1-1_StorageContainerManagerStarter.stack'
renamed 'ozone-balancer/result/ozone-balancer-scm2-1_StorageContainerManagerStarter.stack' -> '/home/runner/work/ozone/ozone/hadoop-ozone/dist/target/ozone-2.2.0-SNAPSHOT/compose/result/ozone-balancer/ratis/ozone-balancer-scm2-1_StorageContainerManagerStarter.stack'
renamed 'ozone-balancer/result/ozone-balancer-scm3-1_StorageContainerManagerStarter.stack' -> '/home/runner/work/ozone/ozone/hadoop-ozone/dist/target/ozone-2.2.0-SNAPSHOT/compose/result/ozone-balancer/ratis/ozone-balancer-scm3-1_StorageContainerManagerStarter.stack'
renamed 'ozone-balancer/result/s3g-audit-90e77e4a1f6f.log' -> '/home/runner/work/ozone/ozone/hadoop-ozone/dist/target/ozone-2.2.0-SNAPSHOT/compose/result/ozone-balancer/ratis/s3g-audit-90e77e4a1f6f.log'
renamed 'ozone-balancer/result/scm-audit-c66f6eb47623.log' -> '/home/runner/work/ozone/ozone/hadoop-ozone/dist/target/ozone-2.2.0-SNAPSHOT/compose/result/ozone-balancer/ratis/scm-audit-c66f6eb47623.log'
renamed 'ozone-balancer/result/scm-audit-d6224c89ce5c.log' -> '/home/runner/work/ozone/ozone/hadoop-ozone/dist/target/ozone-2.2.0-SNAPSHOT/compose/result/ozone-balancer/ratis/scm-audit-d6224c89ce5c.log'
renamed 'ozone-balancer/result/scm-audit-f5a8688d1df3.log' -> '/home/runner/work/ozone/ozone/hadoop-ozone/dist/target/ozone-2.2.0-SNAPSHOT/compose/result/ozone-balancer/ratis/scm-audit-f5a8688d1df3.log'
To use Ozone please mount ozone folder to /opt/hadoop
Log:     /rebot-output/log.html
Report:  /rebot-output/report.html
renamed '/home/runner/work/ozone/ozone/hadoop-ozone/dist/target/ozone-2.2.0-SNAPSHOT/compose/result/rebot-SJ7Oyo/log.html' -> '/home/runner/work/ozone/ozone/hadoop-ozone/dist/target/ozone-2.2.0-SNAPSHOT/compose/result/log.html'
renamed '/home/runner/work/ozone/ozone/hadoop-ozone/dist/target/ozone-2.2.0-SNAPSHOT/compose/result/rebot-SJ7Oyo/report.html' -> '/home/runner/work/ozone/ozone/hadoop-ozone/dist/target/ozone-2.2.0-SNAPSHOT/compose/result/report.html'
removed directory '/tmp/robot-data-tvp8DA'
