Using Docker Compose v2
Executing test ozone-ha/test-hadoop.sh
Using Docker Compose v2

Port 9860 is not available on scm1 yet

Port 9860 is not available on scm1 yet

Port 9860 is not available on scm1 yet

Port 9860 is not available on scm1 yet

Port 9860 is not available on scm1 yet

Port 9860 is not available on scm1 yet

Port 9860 is not available on scm1 yet

Port 9860 is not available on scm1 yet

Port 9860 is not available on scm1 yet

Port 9860 is not available on scm1 yet

Port 9860 is not available on scm1 yet

Port 9860 is not available on scm1 yet

Port 9860 is not available on scm1 yet

Port 9860 is not available on scm1 yet

Port 9860 is not available on scm1 yet
Port 9860 is available on scm1
SCM is in safe mode. Will retry in 1 sec. Remaining time (sec): 234
SCM is in safe mode. Will retry in 1 sec. Remaining time (sec): 233
SCM is in safe mode. Will retry in 1 sec. Remaining time (sec): 232
SCM is in safe mode. Will retry in 1 sec. Remaining time (sec): 231
SCM is in safe mode. Will retry in 1 sec. Remaining time (sec): 230
SCM is in safe mode. Will retry in 1 sec. Remaining time (sec): 229
SCM is in safe mode. Will retry in 1 sec. Remaining time (sec): 228
SCM is in safe mode. Will retry in 1 sec. Remaining time (sec): 227
SCM is in safe mode. Will retry in 1 sec. Remaining time (sec): 226
SCM is in safe mode. Will retry in 1 sec. Remaining time (sec): 225
SCM is in safe mode. Will retry in 1 sec. Remaining time (sec): 224
SCM is in safe mode. Will retry in 1 sec. Remaining time (sec): 223
SCM is in safe mode. Will retry in 1 sec. Remaining time (sec): 222
SCM is in safe mode. Will retry in 1 sec. Remaining time (sec): 221
SCM is in safe mode. Will retry in 1 sec. Remaining time (sec): 220
SCM is in safe mode. Will retry in 1 sec. Remaining time (sec): 219
SCM is in safe mode. Will retry in 1 sec. Remaining time (sec): 218
SCM is in safe mode. Will retry in 1 sec. Remaining time (sec): 217
SCM is in safe mode. Will retry in 1 sec. Remaining time (sec): 216
SCM is in safe mode. Will retry in 1 sec. Remaining time (sec): 215
SCM is in safe mode. Will retry in 1 sec. Remaining time (sec): 214
SCM is in safe mode. Will retry in 1 sec. Remaining time (sec): 213
SCM is in safe mode. Will retry in 1 sec. Remaining time (sec): 212
SCM is in safe mode. Will retry in 1 sec. Remaining time (sec): 211
SCM is in safe mode. Will retry in 1 sec. Remaining time (sec): 210
SCM is in safe mode. Will retry in 1 sec. Remaining time (sec): 209
SCM is in safe mode. Will retry in 1 sec. Remaining time (sec): 208
SCM is in safe mode. Will retry in 1 sec. Remaining time (sec): 207
SCM is in safe mode. Will retry in 1 sec. Remaining time (sec): 206
SCM is in safe mode. Will retry in 1 sec. Remaining time (sec): 205
SCM is in safe mode. Will retry in 1 sec. Remaining time (sec): 204
SCM is in safe mode. Will retry in 1 sec. Remaining time (sec): 203
SCM is in safe mode. Will retry in 1 sec. Remaining time (sec): 202
SCM is in safe mode. Will retry in 1 sec. Remaining time (sec): 201
SCM is in safe mode. Will retry in 1 sec. Remaining time (sec): 200
SCM is in safe mode. Will retry in 1 sec. Remaining time (sec): 199
SCM is in safe mode. Will retry in 1 sec. Remaining time (sec): 198
SCM is out of safe mode.
Found OM leader for service omservice: om1 : LEADER (om1)
Replaced OM order with om1,om3,om2 in ozone-ha-datanode-1
Replaced OM order with om1,om3,om2 in ozone-ha-datanode-2
Replaced OM order with om1,om3,om2 in ozone-ha-datanode-3
Replaced OM order with om1,om3,om2 in ozone-ha-httpfs-1
Replaced OM order with om1,om3,om2 in ozone-ha-om1-1
Replaced OM order with om1,om3,om2 in ozone-ha-om2-1
Replaced OM order with om1,om3,om2 in ozone-ha-om3-1
Replaced OM order with om1,om3,om2 in ozone-ha-recon-1
Replaced OM order with om1,om3,om2 in ozone-ha-s3g-1
Replaced OM order with om1,om3,om2 in ozone-ha-scm1-1
Replaced OM order with om1,om3,om2 in ozone-ha-scm2-1
Replaced OM order with om1,om3,om2 in ozone-ha-scm3-1
==============================================================================
Createmrenv :: Create directories required for MR test                        
==============================================================================
Create test volume, bucket and key                                    | PASS |
------------------------------------------------------------------------------
Create user dir for hadoop                                            | PASS |
------------------------------------------------------------------------------
Createmrenv :: Create directories required for MR test                | PASS |
2 tests, 2 passed, 0 failed
==============================================================================
Output:  /tmp/smoketest/ozone-ha/result/robot-001.xml
Using Docker Compose v2
Hadoop 2.10.2
Subversion Unknown -r 965fd380006fa78b2315668fbc7eb432e1d8200f
Compiled by ubuntu on 2022-05-24T22:35Z
Compiled with protoc 2.5.0
From source with checksum d3ab737f7788f05d467784f0a86573fe
This command was run using /opt/hadoop/share/hadoop/common/hadoop-common-2.10.2.jar
==============================================================================
hadoop-2.10.2-hadoopfs-o3fs :: Test ozone fs with hadoopfs                    
==============================================================================
Test hadoop dfs                                                       | PASS |
------------------------------------------------------------------------------
hadoop-2.10.2-hadoopfs-o3fs :: Test ozone fs with hadoopfs            | PASS |
1 critical test, 1 passed, 0 failed
1 test total, 1 passed, 0 failed
==============================================================================
Output:  /tmp/smoketest/ozone-ha/result/robot-002.xml
==============================================================================
hadoop-2.10.2-mapreduce-o3fs :: Execute MR jobs                               
==============================================================================
Execute PI calculation                                                | PASS |
------------------------------------------------------------------------------
Execute WordCount                                                     | PASS |
------------------------------------------------------------------------------
hadoop-2.10.2-mapreduce-o3fs :: Execute MR jobs                       | PASS |
2 critical tests, 2 passed, 0 failed
2 tests total, 2 passed, 0 failed
==============================================================================
Output:  /tmp/smoketest/ozone-ha/result/robot-003.xml
==============================================================================
hadoop-2.10.2-hadoopfs-ofs :: Test ozone fs with hadoopfs                     
==============================================================================
Test hadoop dfs                                                       | PASS |
------------------------------------------------------------------------------
hadoop-2.10.2-hadoopfs-ofs :: Test ozone fs with hadoopfs             | PASS |
1 critical test, 1 passed, 0 failed
1 test total, 1 passed, 0 failed
==============================================================================
Output:  /tmp/smoketest/ozone-ha/result/robot-004.xml
==============================================================================
hadoop-2.10.2-mapreduce-ofs :: Execute MR jobs                                
==============================================================================
Execute PI calculation                                                | PASS |
------------------------------------------------------------------------------
Execute WordCount                                                     | PASS |
------------------------------------------------------------------------------
hadoop-2.10.2-mapreduce-ofs :: Execute MR jobs                        | PASS |
2 critical tests, 2 passed, 0 failed
2 tests total, 2 passed, 0 failed
==============================================================================
Output:  /tmp/smoketest/ozone-ha/result/robot-005.xml
fatal error: concurrent map writes

goroutine 38 [running]:
github.com/docker/compose/v2/pkg/compose.(*composeService).pullRequiredImages.func1.1()
	github.com/docker/compose/v2/pkg/compose/pull.go:328 +0x236
golang.org/x/sync/errgroup.(*Group).Go.func1()
	golang.org/x/sync@v0.13.0/errgroup/errgroup.go:79 +0x50
created by golang.org/x/sync/errgroup.(*Group).Go in goroutine 36
	golang.org/x/sync@v0.13.0/errgroup/errgroup.go:76 +0x96

goroutine 1 [semacquire]:
sync.runtime_Semacquire(0xc000907c20?)
	runtime/sema.go:71 +0x25
sync.(*WaitGroup).Wait(0x25c5480?)
	sync/waitgroup.go:118 +0x48
golang.org/x/sync/errgroup.(*Group).Wait(0xc000805bc0)
	golang.org/x/sync@v0.13.0/errgroup/errgroup.go:56 +0x25
github.com/docker/compose/v2/pkg/progress.RunWithStatus({0x2ba9388, 0xc0009ab530}, 0xc0006e99f0, 0xc00016ef60, {0x27c8359, 0x7})
	github.com/docker/compose/v2/pkg/progress/writer.go:97 +0x225
github.com/docker/compose/v2/pkg/progress.Run({0x2ba9388, 0xc0009ab530}, 0xc000805b80, 0xc00016ef60)
	github.com/docker/compose/v2/pkg/progress/writer.go:61 +0x85
github.com/docker/compose/v2/pkg/compose.(*composeService).Up(0xc00013c7c0, {0x2ba9388, 0xc0009ab530}, _, {{0xc00013e400, {0xc00044efc0, 0x2, 0x3}, 0x0, 0x0, ...}, ...})
	github.com/docker/compose/v2/pkg/compose/up.go:40 +0x213
github.com/docker/compose/v2/cmd/compose.runUp({_, _}, {_, _}, {_, _}, {0x0, 0x0, {0x27c670c, 0x6}, ...}, ...)
	github.com/docker/compose/v2/cmd/compose/up.go:319 +0xb54
github.com/docker/compose/v2/cmd/compose.upCommand.func2({0x2ba9388, 0xc0009ab530}, 0xc0009b8360, {0xc00044efc0, 0x2, 0x3})
	github.com/docker/compose/v2/cmd/compose/up.go:143 +0x29f
github.com/docker/compose/v2/cmd/compose.upCommand.(*ProjectOptions).WithServices.func5({0x2ba93c0, 0xc0004be140}, {0xc00044efc0, 0x2, 0x3})
	github.com/docker/compose/v2/cmd/compose/compose.go:187 +0x22d
github.com/docker/compose/v2/cmd/compose.upCommand.(*ProjectOptions).WithServices.Adapt.func7({0x2ba93c0?, 0xc0004be140?}, 0x2?, {0xc00044efc0?, 0x2b8dfe8?, 0x159932e?})
	github.com/docker/compose/v2/cmd/compose/compose.go:137 +0x30
github.com/docker/compose/v2/cmd/compose.upCommand.(*ProjectOptions).WithServices.Adapt.AdaptCmd.func8(0xc0001ecf08, {0xc00044efc0, 0x2, 0x3})
	github.com/docker/compose/v2/cmd/compose/compose.go:121 +0x143
github.com/docker/cli/cli-plugins/plugin.RunPlugin.func1.1.2(0xc0001ecf08, {0xc00044efc0, 0x2, 0x3})
	github.com/docker/cli@v28.1.0+incompatible/cli-plugins/plugin/plugin.go:65 +0x6c
github.com/docker/compose/v2/cmd/cmdtrace.Setup.wrapRunE.func2(0xc0001ecf08?, {0xc00044efc0?, 0x2?, 0x3?})
	github.com/docker/compose/v2/cmd/cmdtrace/cmd_span.go:85 +0x63
github.com/spf13/cobra.(*Command).execute(0xc0001ecf08, {0xc000407050, 0x3, 0x3})
	github.com/spf13/cobra@v1.9.1/command.go:1015 +0xa94
github.com/spf13/cobra.(*Command).ExecuteC(0xc000482f08)
	github.com/spf13/cobra@v1.9.1/command.go:1148 +0x40c
github.com/spf13/cobra.(*Command).Execute(...)
	github.com/spf13/cobra@v1.9.1/command.go:1071
github.com/docker/cli/cli-plugins/plugin.RunPlugin(0xc000241040, 0xc0001ec908, {{0x27c5150, 0x5}, {0x27cf09e, 0xb}, {0x2b790c8, 0x7}, {0x0, 0x0}, ...})
	github.com/docker/cli@v28.1.0+incompatible/cli-plugins/plugin/plugin.go:80 +0x145
github.com/docker/cli/cli-plugins/plugin.Run(0x29213b0, {{0x27c5150, 0x5}, {0x27cf09e, 0xb}, {0x2b790c8, 0x7}, {0x0, 0x0}, {0x0, ...}})
	github.com/docker/cli@v28.1.0+incompatible/cli-plugins/plugin/plugin.go:95 +0x105
main.pluginMain()
	github.com/docker/compose/v2/cmd/main.go:38 +0xa5
main.main()
	github.com/docker/compose/v2/cmd/main.go:98 +0x19c

goroutine 9 [IO wait]:
internal/poll.runtime_pollWait(0x7fdcb3c2b6b0, 0x72)
	runtime/netpoll.go:351 +0x85
internal/poll.(*pollDesc).wait(0xc00013fe00?, 0xc000084fbf?, 0x0)
	internal/poll/fd_poll_runtime.go:84 +0x27
internal/poll.(*pollDesc).waitRead(...)
	internal/poll/fd_poll_runtime.go:89
internal/poll.(*FD).Read(0xc00013fe00, {0xc000084fbf, 0x1, 0x1})
	internal/poll/fd_unix.go:165 +0x27a
net.(*netFD).Read(0xc00013fe00, {0xc000084fbf?, 0x0?, 0x0?})
	net/fd_posix.go:55 +0x25
net.(*conn).Read(0xc0004b8fb8, {0xc000084fbf?, 0x0?, 0x0?})
	net/net.go:189 +0x45
github.com/docker/cli/cli-plugins/socket.ConnectAndWait.func1()
	github.com/docker/cli@v28.1.0+incompatible/cli-plugins/socket/socket.go:162 +0x45
created by github.com/docker/cli/cli-plugins/socket.ConnectAndWait in goroutine 1
	github.com/docker/cli@v28.1.0+incompatible/cli-plugins/socket/socket.go:159 +0x118

goroutine 11 [IO wait]:
internal/poll.runtime_pollWait(0x7fdcb3c2b598, 0x72)
	runtime/netpoll.go:351 +0x85
internal/poll.(*pollDesc).wait(0xc0003fa400?, 0xc000489000?, 0x0)
	internal/poll/fd_poll_runtime.go:84 +0x27
internal/poll.(*pollDesc).waitRead(...)
	internal/poll/fd_poll_runtime.go:89
internal/poll.(*FD).Read(0xc0003fa400, {0xc000489000, 0x1000, 0x1000})
	internal/poll/fd_unix.go:165 +0x27a
net.(*netFD).Read(0xc0003fa400, {0xc000489000?, 0x0?, 0x2b805a0?})
	net/fd_posix.go:55 +0x25
net.(*conn).Read(0xc0004b9098, {0xc000489000?, 0x0?, 0x0?})
	net/net.go:189 +0x45
net/http.(*persistConn).Read(0xc000162000, {0xc000489000?, 0x777f25?, 0x2379d40?})
	net/http/transport.go:2052 +0x4a
bufio.(*Reader).fill(0xc0001192c0)
	bufio/bufio.go:110 +0x103
bufio.(*Reader).Peek(0xc0001192c0, 0x1)
	bufio/bufio.go:148 +0x53
net/http.(*persistConn).readLoop(0xc000162000)
	net/http/transport.go:2205 +0x185
created by net/http.(*Transport).dialConn in goroutine 10
	net/http/transport.go:1874 +0x154f

goroutine 12 [select]:
net/http.(*persistConn).writeLoop(0xc000162000)
	net/http/transport.go:2519 +0xe7
created by net/http.(*Transport).dialConn in goroutine 10
	net/http/transport.go:1875 +0x15a5

goroutine 19 [select]:
go.opentelemetry.io/otel/sdk/trace.(*batchSpanProcessor).processQueue(0xc000596000)
	go.opentelemetry.io/otel/sdk@v1.34.0/trace/batch_span_processor.go:302 +0x114
go.opentelemetry.io/otel/sdk/trace.NewBatchSpanProcessor.func1()
	go.opentelemetry.io/otel/sdk@v1.34.0/trace/batch_span_processor.go:117 +0x4e
created by go.opentelemetry.io/otel/sdk/trace.NewBatchSpanProcessor in goroutine 1
	go.opentelemetry.io/otel/sdk@v1.34.0/trace/batch_span_processor.go:115 +0x2e5

goroutine 49 [syscall]:
os/signal.signal_recv()
	runtime/sigqueue.go:152 +0x29
os/signal.loop()
	os/signal/signal_unix.go:23 +0x13
created by os/signal.Notify.func1.1 in goroutine 1
	os/signal/signal.go:151 +0x1f

goroutine 14 [chan receive]:
github.com/docker/compose/v2/cmd/compose.upCommand.AdaptCmd.func4.1()
	github.com/docker/compose/v2/cmd/compose/compose.go:115 +0x27
created by github.com/docker/compose/v2/cmd/compose.upCommand.AdaptCmd.func4 in goroutine 1
	github.com/docker/compose/v2/cmd/compose/compose.go:114 +0x10a

goroutine 15 [chan receive]:
github.com/docker/compose/v2/cmd/compose.upCommand.(*ProjectOptions).WithServices.Adapt.AdaptCmd.func8.1()
	github.com/docker/compose/v2/cmd/compose/compose.go:115 +0x27
created by github.com/docker/compose/v2/cmd/compose.upCommand.(*ProjectOptions).WithServices.Adapt.AdaptCmd.func8 in goroutine 1
	github.com/docker/compose/v2/cmd/compose/compose.go:114 +0x10a

goroutine 21 [IO wait]:
internal/poll.runtime_pollWait(0x7fdcb3c2b480, 0x72)
	runtime/netpoll.go:351 +0x85
internal/poll.(*pollDesc).wait(0xc0003fa000?, 0xc00083b000?, 0x0)
	internal/poll/fd_poll_runtime.go:84 +0x27
internal/poll.(*pollDesc).waitRead(...)
	internal/poll/fd_poll_runtime.go:89
internal/poll.(*FD).Read(0xc0003fa000, {0xc00083b000, 0x1000, 0x1000})
	internal/poll/fd_unix.go:165 +0x27a
net.(*netFD).Read(0xc0003fa000, {0xc00083b000?, 0x0?, 0x2b805a0?})
	net/fd_posix.go:55 +0x25
net.(*conn).Read(0xc00008c210, {0xc00083b000?, 0x0?, 0x0?})
	net/net.go:189 +0x45
net/http.(*persistConn).Read(0xc0007ce120, {0xc00083b000?, 0x777f25?, 0x2379d40?})
	net/http/transport.go:2052 +0x4a
bufio.(*Reader).fill(0xc0004a0e40)
	bufio/bufio.go:110 +0x103
bufio.(*Reader).Peek(0xc0004a0e40, 0x1)
	bufio/bufio.go:148 +0x53
net/http.(*persistConn).readLoop(0xc0007ce120)
	net/http/transport.go:2205 +0x185
created by net/http.(*Transport).dialConn in goroutine 20
	net/http/transport.go:1874 +0x154f

goroutine 65 [semacquire]:
sync.runtime_Semacquire(0xc0001224e0?)
	runtime/sema.go:71 +0x25
sync.(*WaitGroup).Wait(0x25c5480?)
	sync/waitgroup.go:118 +0x48
golang.org/x/sync/errgroup.(*Group).Wait(0xc0009af1c0)
	golang.org/x/sync@v0.13.0/errgroup/errgroup.go:56 +0x25
github.com/docker/compose/v2/pkg/progress.RunWithStatus({0x2ba9388, 0xc000603170}, 0xc000798340, 0xc00016ef60, {0x27c8359, 0x7})
	github.com/docker/compose/v2/pkg/progress/writer.go:97 +0x225
github.com/docker/compose/v2/pkg/progress.Run({0x2ba9388, 0xc000603170}, 0xc0006031d0, 0xc00016ef60)
	github.com/docker/compose/v2/pkg/progress/writer.go:61 +0x85
github.com/docker/compose/v2/pkg/compose.(*composeService).pullRequiredImages(0xc00013c7c0, {0x2ba9388, 0xc000603170}, 0xc0009b8360, 0xc000786ea0, 0x0)
	github.com/docker/compose/v2/pkg/compose/pull.go:320 +0x2ef
github.com/docker/compose/v2/pkg/compose.(*composeService).ensureImagesExists.func1({0x2ba9388?, 0xc000603170?})
	github.com/docker/compose/v2/pkg/compose/build.go:278 +0x37
github.com/docker/compose/v2/pkg/compose.(*composeService).ensureImagesExists.SpanWrapFunc.func3({0x2ba9388, 0xc000786e70})
	github.com/docker/compose/v2/internal/tracing/wrap.go:43 +0x13d
github.com/docker/compose/v2/pkg/compose.(*composeService).ensureImagesExists(0xc00013c7c0, {0x2ba9388, 0xc000786e70}, 0xc0009b8360, 0xc00013e400, 0x0)
	github.com/docker/compose/v2/pkg/compose/build.go:280 +0x29e
github.com/docker/compose/v2/pkg/compose.(*composeService).create(0xc00013c7c0, {0x2ba9388, 0xc000786e70}, 0xc0009b8360, {0xc00013e400, {0xc00044efc0, 0x2, 0x3}, 0x0, 0x0, ...})
	github.com/docker/compose/v2/pkg/compose/create.go:83 +0xdf
github.com/docker/compose/v2/pkg/compose.(*composeService).Up.func1({0x2ba9388, 0xc000786e70})
	github.com/docker/compose/v2/pkg/compose/up.go:41 +0x85
github.com/docker/compose/v2/pkg/compose.(*composeService).Up.SpanWrapFunc.func5({0x2ba9388, 0xc000786e40})
	github.com/docker/compose/v2/internal/tracing/wrap.go:43 +0x13d
github.com/docker/compose/v2/pkg/progress.Run.func1({0x2ba9388?, 0xc000786e40?})
	github.com/docker/compose/v2/pkg/progress/writer.go:62 +0x22
github.com/docker/compose/v2/pkg/progress.RunWithStatus.func2()
	github.com/docker/compose/v2/pkg/progress/writer.go:90 +0x70
golang.org/x/sync/errgroup.(*Group).Go.func1()
	golang.org/x/sync@v0.13.0/errgroup/errgroup.go:79 +0x50
created by golang.org/x/sync/errgroup.(*Group).Go in goroutine 1
	golang.org/x/sync@v0.13.0/errgroup/errgroup.go:76 +0x96

goroutine 36 [semacquire]:
sync.runtime_Semacquire(0x0?)
	runtime/sema.go:71 +0x25
sync.(*WaitGroup).Wait(0xc0006031a0?)
	sync/waitgroup.go:118 +0x48
golang.org/x/sync/errgroup.(*Group).Wait(0xc0009af240)
	golang.org/x/sync@v0.13.0/errgroup/errgroup.go:56 +0x25
github.com/docker/compose/v2/pkg/compose.(*composeService).pullRequiredImages.func1({0x2ba9388, 0xc000603200})
	github.com/docker/compose/v2/pkg/compose/pull.go:340 +0x39b
github.com/docker/compose/v2/pkg/progress.Run.func1({0x2ba9388?, 0xc000603200?})
	github.com/docker/compose/v2/pkg/progress/writer.go:62 +0x22
github.com/docker/compose/v2/pkg/progress.RunWithStatus.func2()
	github.com/docker/compose/v2/pkg/progress/writer.go:90 +0x70
golang.org/x/sync/errgroup.(*Group).Go.func1()
	golang.org/x/sync@v0.13.0/errgroup/errgroup.go:79 +0x50
created by golang.org/x/sync/errgroup.(*Group).Go in goroutine 65
	golang.org/x/sync@v0.13.0/errgroup/errgroup.go:76 +0x96

goroutine 22 [select]:
net/http.(*persistConn).writeLoop(0xc0007ce120)
	net/http/transport.go:2519 +0xe7
created by net/http.(*Transport).dialConn in goroutine 20
	net/http/transport.go:1875 +0x15a5
ERROR: Test execution of ozone-ha/test-hadoop.sh is FAILED!!!!
To use Ozone please mount ozone folder to /opt/hadoop
Output:  /rebot-output/ozone-ha-hadoop.xml
renamed '/home/runner/work/ozone/ozone/hadoop-ozone/dist/target/ozone-2.1.0-SNAPSHOT/compose/result/rebot-PGGYz4/ozone-ha-hadoop.xml' -> '/home/runner/work/ozone/ozone/hadoop-ozone/dist/target/ozone-2.1.0-SNAPSHOT/compose/result/ozone-ha-hadoop.xml'
removed 'ozone-ha/result/robot-001.xml'
removed 'ozone-ha/result/robot-002.xml'
removed 'ozone-ha/result/robot-003.xml'
removed 'ozone-ha/result/robot-004.xml'
removed 'ozone-ha/result/robot-005.xml'
mkdir: created directory '/home/runner/work/ozone/ozone/hadoop-ozone/dist/target/ozone-2.1.0-SNAPSHOT/compose/result/ozone-ha'
mkdir: created directory '/home/runner/work/ozone/ozone/hadoop-ozone/dist/target/ozone-2.1.0-SNAPSHOT/compose/result/ozone-ha/hadoop'
renamed 'ozone-ha/result/dn-audit-0c45582dc805.log' -> '/home/runner/work/ozone/ozone/hadoop-ozone/dist/target/ozone-2.1.0-SNAPSHOT/compose/result/ozone-ha/hadoop/dn-audit-0c45582dc805.log'
renamed 'ozone-ha/result/dn-audit-2405b4b7cc33.log' -> '/home/runner/work/ozone/ozone/hadoop-ozone/dist/target/ozone-2.1.0-SNAPSHOT/compose/result/ozone-ha/hadoop/dn-audit-2405b4b7cc33.log'
renamed 'ozone-ha/result/dn-audit-44ab88df3742.log' -> '/home/runner/work/ozone/ozone/hadoop-ozone/dist/target/ozone-2.1.0-SNAPSHOT/compose/result/ozone-ha/hadoop/dn-audit-44ab88df3742.log'
renamed 'ozone-ha/result/docker-ozone-ha-datanode-1.log' -> '/home/runner/work/ozone/ozone/hadoop-ozone/dist/target/ozone-2.1.0-SNAPSHOT/compose/result/ozone-ha/hadoop/docker-ozone-ha-datanode-1.log'
renamed 'ozone-ha/result/docker-ozone-ha-datanode-2.log' -> '/home/runner/work/ozone/ozone/hadoop-ozone/dist/target/ozone-2.1.0-SNAPSHOT/compose/result/ozone-ha/hadoop/docker-ozone-ha-datanode-2.log'
renamed 'ozone-ha/result/docker-ozone-ha-datanode-3.log' -> '/home/runner/work/ozone/ozone/hadoop-ozone/dist/target/ozone-2.1.0-SNAPSHOT/compose/result/ozone-ha/hadoop/docker-ozone-ha-datanode-3.log'
renamed 'ozone-ha/result/docker-ozone-ha-httpfs-1.log' -> '/home/runner/work/ozone/ozone/hadoop-ozone/dist/target/ozone-2.1.0-SNAPSHOT/compose/result/ozone-ha/hadoop/docker-ozone-ha-httpfs-1.log'
renamed 'ozone-ha/result/docker-ozone-ha-nm-1.log' -> '/home/runner/work/ozone/ozone/hadoop-ozone/dist/target/ozone-2.1.0-SNAPSHOT/compose/result/ozone-ha/hadoop/docker-ozone-ha-nm-1.log'
renamed 'ozone-ha/result/docker-ozone-ha-om1-1.log' -> '/home/runner/work/ozone/ozone/hadoop-ozone/dist/target/ozone-2.1.0-SNAPSHOT/compose/result/ozone-ha/hadoop/docker-ozone-ha-om1-1.log'
renamed 'ozone-ha/result/docker-ozone-ha-om2-1.log' -> '/home/runner/work/ozone/ozone/hadoop-ozone/dist/target/ozone-2.1.0-SNAPSHOT/compose/result/ozone-ha/hadoop/docker-ozone-ha-om2-1.log'
renamed 'ozone-ha/result/docker-ozone-ha-om3-1.log' -> '/home/runner/work/ozone/ozone/hadoop-ozone/dist/target/ozone-2.1.0-SNAPSHOT/compose/result/ozone-ha/hadoop/docker-ozone-ha-om3-1.log'
renamed 'ozone-ha/result/docker-ozone-ha-recon-1.log' -> '/home/runner/work/ozone/ozone/hadoop-ozone/dist/target/ozone-2.1.0-SNAPSHOT/compose/result/ozone-ha/hadoop/docker-ozone-ha-recon-1.log'
renamed 'ozone-ha/result/docker-ozone-ha-rm-1.log' -> '/home/runner/work/ozone/ozone/hadoop-ozone/dist/target/ozone-2.1.0-SNAPSHOT/compose/result/ozone-ha/hadoop/docker-ozone-ha-rm-1.log'
renamed 'ozone-ha/result/docker-ozone-ha-s3g-1.log' -> '/home/runner/work/ozone/ozone/hadoop-ozone/dist/target/ozone-2.1.0-SNAPSHOT/compose/result/ozone-ha/hadoop/docker-ozone-ha-s3g-1.log'
renamed 'ozone-ha/result/docker-ozone-ha-scm1-1.log' -> '/home/runner/work/ozone/ozone/hadoop-ozone/dist/target/ozone-2.1.0-SNAPSHOT/compose/result/ozone-ha/hadoop/docker-ozone-ha-scm1-1.log'
renamed 'ozone-ha/result/docker-ozone-ha-scm2-1.log' -> '/home/runner/work/ozone/ozone/hadoop-ozone/dist/target/ozone-2.1.0-SNAPSHOT/compose/result/ozone-ha/hadoop/docker-ozone-ha-scm2-1.log'
renamed 'ozone-ha/result/docker-ozone-ha-scm3-1.log' -> '/home/runner/work/ozone/ozone/hadoop-ozone/dist/target/ozone-2.1.0-SNAPSHOT/compose/result/ozone-ha/hadoop/docker-ozone-ha-scm3-1.log'
renamed 'ozone-ha/result/om-audit-om1.log' -> '/home/runner/work/ozone/ozone/hadoop-ozone/dist/target/ozone-2.1.0-SNAPSHOT/compose/result/ozone-ha/hadoop/om-audit-om1.log'
renamed 'ozone-ha/result/om-audit-om2.log' -> '/home/runner/work/ozone/ozone/hadoop-ozone/dist/target/ozone-2.1.0-SNAPSHOT/compose/result/ozone-ha/hadoop/om-audit-om2.log'
renamed 'ozone-ha/result/om-audit-om3.log' -> '/home/runner/work/ozone/ozone/hadoop-ozone/dist/target/ozone-2.1.0-SNAPSHOT/compose/result/ozone-ha/hadoop/om-audit-om3.log'
renamed 'ozone-ha/result/om-sys-audit-om1.log' -> '/home/runner/work/ozone/ozone/hadoop-ozone/dist/target/ozone-2.1.0-SNAPSHOT/compose/result/ozone-ha/hadoop/om-sys-audit-om1.log'
renamed 'ozone-ha/result/om-sys-audit-om2.log' -> '/home/runner/work/ozone/ozone/hadoop-ozone/dist/target/ozone-2.1.0-SNAPSHOT/compose/result/ozone-ha/hadoop/om-sys-audit-om2.log'
renamed 'ozone-ha/result/om-sys-audit-om3.log' -> '/home/runner/work/ozone/ozone/hadoop-ozone/dist/target/ozone-2.1.0-SNAPSHOT/compose/result/ozone-ha/hadoop/om-sys-audit-om3.log'
renamed 'ozone-ha/result/s3g-audit-6d95a694e2bf.log' -> '/home/runner/work/ozone/ozone/hadoop-ozone/dist/target/ozone-2.1.0-SNAPSHOT/compose/result/ozone-ha/hadoop/s3g-audit-6d95a694e2bf.log'
renamed 'ozone-ha/result/scm-audit-0b4c37fea80c.log' -> '/home/runner/work/ozone/ozone/hadoop-ozone/dist/target/ozone-2.1.0-SNAPSHOT/compose/result/ozone-ha/hadoop/scm-audit-0b4c37fea80c.log'
renamed 'ozone-ha/result/scm-audit-3219cd1382ac.log' -> '/home/runner/work/ozone/ozone/hadoop-ozone/dist/target/ozone-2.1.0-SNAPSHOT/compose/result/ozone-ha/hadoop/scm-audit-3219cd1382ac.log'
renamed 'ozone-ha/result/scm-audit-6f11d19a387e.log' -> '/home/runner/work/ozone/ozone/hadoop-ozone/dist/target/ozone-2.1.0-SNAPSHOT/compose/result/ozone-ha/hadoop/scm-audit-6f11d19a387e.log'
Executing test ozone/test-hadoop.sh
Using Docker Compose v2

Port 9860 is not available on scm yet

Port 9860 is not available on scm yet

Port 9860 is not available on scm yet

Port 9860 is not available on scm yet

Port 9860 is not available on scm yet

Port 9860 is not available on scm yet

Port 9860 is not available on scm yet

Port 9860 is not available on scm yet

Port 9860 is not available on scm yet

Port 9860 is not available on scm yet

Port 9860 is not available on scm yet

Port 9860 is not available on scm yet

Port 9860 is not available on scm yet

Port 9860 is not available on scm yet

Port 9860 is not available on scm yet

Port 9860 is not available on scm yet

Port 9860 is not available on scm yet

Port 9860 is not available on scm yet
Port 9860 is available on scm
SCM is in safe mode. Will retry in 1 sec. Remaining time (sec): 235
SCM is in safe mode. Will retry in 1 sec. Remaining time (sec): 234
SCM is in safe mode. Will retry in 1 sec. Remaining time (sec): 233
SCM is in safe mode. Will retry in 1 sec. Remaining time (sec): 232
SCM is in safe mode. Will retry in 1 sec. Remaining time (sec): 231
SCM is in safe mode. Will retry in 1 sec. Remaining time (sec): 230
SCM is in safe mode. Will retry in 1 sec. Remaining time (sec): 229
SCM is in safe mode. Will retry in 1 sec. Remaining time (sec): 228
SCM is in safe mode. Will retry in 1 sec. Remaining time (sec): 227
SCM is out of safe mode.
No OM HA service, no need to wait
==============================================================================
Createmrenv :: Create directories required for MR test                        
==============================================================================
Create test volume, bucket and key                                    | PASS |
------------------------------------------------------------------------------
Create user dir for hadoop                                            | PASS |
------------------------------------------------------------------------------
Createmrenv :: Create directories required for MR test                | PASS |
2 tests, 2 passed, 0 failed
==============================================================================
Output:  /tmp/smoketest/ozone/result/robot-001.xml
Using Docker Compose v2
Hadoop 2.10.2
Subversion Unknown -r 965fd380006fa78b2315668fbc7eb432e1d8200f
Compiled by ubuntu on 2022-05-24T22:35Z
Compiled with protoc 2.5.0
From source with checksum d3ab737f7788f05d467784f0a86573fe
This command was run using /opt/hadoop/share/hadoop/common/hadoop-common-2.10.2.jar
==============================================================================
hadoop-2.10.2-hadoopfs-o3fs :: Test ozone fs with hadoopfs                    
==============================================================================
Test hadoop dfs                                                       | PASS |
------------------------------------------------------------------------------
hadoop-2.10.2-hadoopfs-o3fs :: Test ozone fs with hadoopfs            | PASS |
1 critical test, 1 passed, 0 failed
1 test total, 1 passed, 0 failed
==============================================================================
Output:  /tmp/smoketest/ozone/result/robot-002.xml
==============================================================================
hadoop-2.10.2-mapreduce-o3fs :: Execute MR jobs                               
==============================================================================
Execute PI calculation                                                | PASS |
------------------------------------------------------------------------------
Execute WordCount                                                     | PASS |
------------------------------------------------------------------------------
hadoop-2.10.2-mapreduce-o3fs :: Execute MR jobs                       | PASS |
2 critical tests, 2 passed, 0 failed
2 tests total, 2 passed, 0 failed
==============================================================================
Output:  /tmp/smoketest/ozone/result/robot-003.xml
==============================================================================
hadoop-2.10.2-hadoopfs-ofs :: Test ozone fs with hadoopfs                     
==============================================================================
Test hadoop dfs                                                       | PASS |
------------------------------------------------------------------------------
hadoop-2.10.2-hadoopfs-ofs :: Test ozone fs with hadoopfs             | PASS |
1 critical test, 1 passed, 0 failed
1 test total, 1 passed, 0 failed
==============================================================================
Output:  /tmp/smoketest/ozone/result/robot-004.xml
==============================================================================
hadoop-2.10.2-mapreduce-ofs :: Execute MR jobs                                
==============================================================================
Execute PI calculation                                                | PASS |
------------------------------------------------------------------------------
Execute WordCount                                                     | PASS |
------------------------------------------------------------------------------
hadoop-2.10.2-mapreduce-ofs :: Execute MR jobs                        | PASS |
2 critical tests, 2 passed, 0 failed
2 tests total, 2 passed, 0 failed
==============================================================================
Output:  /tmp/smoketest/ozone/result/robot-005.xml
Hadoop 3.4.1
Source code repository https://github.com/apache/hadoop.git -r 4d7825309348956336b8f06a08322b78422849b1
Compiled by mthakur on 2024-10-09T14:57Z
Compiled on platform linux-x86_64
Compiled with protoc 3.23.4
From source with checksum 7292fe9dba5e2e44e3a9f763fce3e680
This command was run using /opt/hadoop/share/hadoop/common/hadoop-common-3.4.1.jar
==============================================================================
hadoop-3.4.1-hadoopfs-o3fs :: Test ozone fs with hadoopfs                     
==============================================================================
Test hadoop dfs                                                       | PASS |
------------------------------------------------------------------------------
hadoop-3.4.1-hadoopfs-o3fs :: Test ozone fs with hadoopfs             | PASS |
1 critical test, 1 passed, 0 failed
1 test total, 1 passed, 0 failed
==============================================================================
Output:  /tmp/smoketest/ozone/result/robot-006.xml
==============================================================================
hadoop-3.4.1-mapreduce-o3fs :: Execute MR jobs                                
==============================================================================
Execute PI calculation                                                | PASS |
------------------------------------------------------------------------------
Execute WordCount                                                     | PASS |
------------------------------------------------------------------------------
hadoop-3.4.1-mapreduce-o3fs :: Execute MR jobs                        | PASS |
2 critical tests, 2 passed, 0 failed
2 tests total, 2 passed, 0 failed
==============================================================================
Output:  /tmp/smoketest/ozone/result/robot-007.xml
==============================================================================
hadoop-3.4.1-hadoopfs-ofs :: Test ozone fs with hadoopfs                      
==============================================================================
Test hadoop dfs                                                       | PASS |
------------------------------------------------------------------------------
hadoop-3.4.1-hadoopfs-ofs :: Test ozone fs with hadoopfs              | PASS |
1 critical test, 1 passed, 0 failed
1 test total, 1 passed, 0 failed
==============================================================================
Output:  /tmp/smoketest/ozone/result/robot-008.xml
==============================================================================
hadoop-3.4.1-mapreduce-ofs :: Execute MR jobs                                 
==============================================================================
Execute PI calculation                                                | PASS |
------------------------------------------------------------------------------
Execute WordCount                                                     | PASS |
------------------------------------------------------------------------------
hadoop-3.4.1-mapreduce-ofs :: Execute MR jobs                         | PASS |
2 critical tests, 2 passed, 0 failed
2 tests total, 2 passed, 0 failed
==============================================================================
Output:  /tmp/smoketest/ozone/result/robot-009.xml
To use Ozone please mount ozone folder to /opt/hadoop
Output:  /rebot-output/ozone-hadoop.xml
renamed '/home/runner/work/ozone/ozone/hadoop-ozone/dist/target/ozone-2.1.0-SNAPSHOT/compose/result/rebot-7RkUPm/ozone-hadoop.xml' -> '/home/runner/work/ozone/ozone/hadoop-ozone/dist/target/ozone-2.1.0-SNAPSHOT/compose/result/ozone-hadoop.xml'
removed 'ozone/result/robot-001.xml'
removed 'ozone/result/robot-002.xml'
removed 'ozone/result/robot-003.xml'
removed 'ozone/result/robot-004.xml'
removed 'ozone/result/robot-005.xml'
removed 'ozone/result/robot-006.xml'
removed 'ozone/result/robot-007.xml'
removed 'ozone/result/robot-008.xml'
removed 'ozone/result/robot-009.xml'
mkdir: created directory '/home/runner/work/ozone/ozone/hadoop-ozone/dist/target/ozone-2.1.0-SNAPSHOT/compose/result/ozone'
mkdir: created directory '/home/runner/work/ozone/ozone/hadoop-ozone/dist/target/ozone-2.1.0-SNAPSHOT/compose/result/ozone/hadoop'
renamed 'ozone/result/dn-audit-581e883a34cd.log' -> '/home/runner/work/ozone/ozone/hadoop-ozone/dist/target/ozone-2.1.0-SNAPSHOT/compose/result/ozone/hadoop/dn-audit-581e883a34cd.log'
renamed 'ozone/result/dn-audit-cbf4ca7b33e5.log' -> '/home/runner/work/ozone/ozone/hadoop-ozone/dist/target/ozone-2.1.0-SNAPSHOT/compose/result/ozone/hadoop/dn-audit-cbf4ca7b33e5.log'
renamed 'ozone/result/dn-audit-db5aa8eea6ee.log' -> '/home/runner/work/ozone/ozone/hadoop-ozone/dist/target/ozone-2.1.0-SNAPSHOT/compose/result/ozone/hadoop/dn-audit-db5aa8eea6ee.log'
renamed 'ozone/result/docker-ozone-datanode-1.log' -> '/home/runner/work/ozone/ozone/hadoop-ozone/dist/target/ozone-2.1.0-SNAPSHOT/compose/result/ozone/hadoop/docker-ozone-datanode-1.log'
renamed 'ozone/result/docker-ozone-datanode-2.log' -> '/home/runner/work/ozone/ozone/hadoop-ozone/dist/target/ozone-2.1.0-SNAPSHOT/compose/result/ozone/hadoop/docker-ozone-datanode-2.log'
renamed 'ozone/result/docker-ozone-datanode-3.log' -> '/home/runner/work/ozone/ozone/hadoop-ozone/dist/target/ozone-2.1.0-SNAPSHOT/compose/result/ozone/hadoop/docker-ozone-datanode-3.log'
renamed 'ozone/result/docker-ozone-httpfs-1.log' -> '/home/runner/work/ozone/ozone/hadoop-ozone/dist/target/ozone-2.1.0-SNAPSHOT/compose/result/ozone/hadoop/docker-ozone-httpfs-1.log'
renamed 'ozone/result/docker-ozone-nm-1.log' -> '/home/runner/work/ozone/ozone/hadoop-ozone/dist/target/ozone-2.1.0-SNAPSHOT/compose/result/ozone/hadoop/docker-ozone-nm-1.log'
renamed 'ozone/result/docker-ozone-om-1.log' -> '/home/runner/work/ozone/ozone/hadoop-ozone/dist/target/ozone-2.1.0-SNAPSHOT/compose/result/ozone/hadoop/docker-ozone-om-1.log'
renamed 'ozone/result/docker-ozone-recon-1.log' -> '/home/runner/work/ozone/ozone/hadoop-ozone/dist/target/ozone-2.1.0-SNAPSHOT/compose/result/ozone/hadoop/docker-ozone-recon-1.log'
renamed 'ozone/result/docker-ozone-rm-1.log' -> '/home/runner/work/ozone/ozone/hadoop-ozone/dist/target/ozone-2.1.0-SNAPSHOT/compose/result/ozone/hadoop/docker-ozone-rm-1.log'
renamed 'ozone/result/docker-ozone-s3g-1.log' -> '/home/runner/work/ozone/ozone/hadoop-ozone/dist/target/ozone-2.1.0-SNAPSHOT/compose/result/ozone/hadoop/docker-ozone-s3g-1.log'
renamed 'ozone/result/docker-ozone-scm-1.log' -> '/home/runner/work/ozone/ozone/hadoop-ozone/dist/target/ozone-2.1.0-SNAPSHOT/compose/result/ozone/hadoop/docker-ozone-scm-1.log'
renamed 'ozone/result/om-audit-0cb88206ca88.log' -> '/home/runner/work/ozone/ozone/hadoop-ozone/dist/target/ozone-2.1.0-SNAPSHOT/compose/result/ozone/hadoop/om-audit-0cb88206ca88.log'
renamed 'ozone/result/om-sys-audit-0cb88206ca88.log' -> '/home/runner/work/ozone/ozone/hadoop-ozone/dist/target/ozone-2.1.0-SNAPSHOT/compose/result/ozone/hadoop/om-sys-audit-0cb88206ca88.log'
renamed 'ozone/result/s3g-audit-d178a82db8d4.log' -> '/home/runner/work/ozone/ozone/hadoop-ozone/dist/target/ozone-2.1.0-SNAPSHOT/compose/result/ozone/hadoop/s3g-audit-d178a82db8d4.log'
renamed 'ozone/result/scm-audit-a4c47e8cf25a.log' -> '/home/runner/work/ozone/ozone/hadoop-ozone/dist/target/ozone-2.1.0-SNAPSHOT/compose/result/ozone/hadoop/scm-audit-a4c47e8cf25a.log'
Executing test ozonesecure-mr/test.sh
Using Docker Compose v2
Port 88 is available on kdc

Port 9860 is not available on scm yet

Port 9860 is not available on scm yet

Port 9860 is not available on scm yet

Port 9860 is not available on scm yet

Port 9860 is not available on scm yet

Port 9860 is not available on scm yet

Port 9860 is not available on scm yet

Port 9860 is not available on scm yet

Port 9860 is not available on scm yet

Port 9860 is not available on scm yet

Port 9860 is not available on scm yet

Port 9860 is not available on scm yet

Port 9860 is not available on scm yet

Port 9860 is not available on scm yet

Port 9860 is not available on scm yet

Port 9860 is not available on scm yet

Port 9860 is not available on scm yet

Port 9860 is not available on scm yet

Port 9860 is not available on scm yet

Port 9860 is not available on scm yet
Port 9860 is available on scm
SCM is in safe mode. Will retry in 1 sec. Remaining time (sec): 235
SCM is in safe mode. Will retry in 1 sec. Remaining time (sec): 234
SCM is in safe mode. Will retry in 1 sec. Remaining time (sec): 233
SCM is in safe mode. Will retry in 1 sec. Remaining time (sec): 232
SCM is in safe mode. Will retry in 1 sec. Remaining time (sec): 231
SCM is in safe mode. Will retry in 1 sec. Remaining time (sec): 230
SCM is in safe mode. Will retry in 1 sec. Remaining time (sec): 229
SCM is in safe mode. Will retry in 1 sec. Remaining time (sec): 228
SCM is in safe mode. Will retry in 1 sec. Remaining time (sec): 227
SCM is in safe mode. Will retry in 1 sec. Remaining time (sec): 226
SCM is in safe mode. Will retry in 1 sec. Remaining time (sec): 225
SCM is in safe mode. Will retry in 1 sec. Remaining time (sec): 224
SCM is in safe mode. Will retry in 1 sec. Remaining time (sec): 223
SCM is in safe mode. Will retry in 1 sec. Remaining time (sec): 222
SCM is in safe mode. Will retry in 1 sec. Remaining time (sec): 221
SCM is in safe mode. Will retry in 1 sec. Remaining time (sec): 220
SCM is in safe mode. Will retry in 1 sec. Remaining time (sec): 219
SCM is in safe mode. Will retry in 1 sec. Remaining time (sec): 218
SCM is in safe mode. Will retry in 1 sec. Remaining time (sec): 217
SCM is in safe mode. Will retry in 1 sec. Remaining time (sec): 216
SCM is out of safe mode.
No OM HA service, no need to wait
==============================================================================
Kinit :: Kinit test user                                                      
==============================================================================
Kinit                                                                 | PASS |
------------------------------------------------------------------------------
Kinit :: Kinit test user                                              | PASS |
1 test, 1 passed, 0 failed
==============================================================================
Output:  /tmp/smoketest/ozonesecure-mr/result/robot-001.xml
==============================================================================
Createmrenv :: Create directories required for MR test                        
==============================================================================
Create test volume, bucket and key                                    | PASS |
------------------------------------------------------------------------------
Create user dir for hadoop                                            | PASS |
------------------------------------------------------------------------------
Createmrenv :: Create directories required for MR test                | PASS |
2 tests, 2 passed, 0 failed
==============================================================================
Output:  /tmp/smoketest/ozonesecure-mr/result/robot-002.xml
Using Docker Compose v2
Hadoop 2.10.2
Subversion Unknown -r 965fd380006fa78b2315668fbc7eb432e1d8200f
Compiled by ubuntu on 2022-05-24T22:35Z
Compiled with protoc 2.5.0
From source with checksum d3ab737f7788f05d467784f0a86573fe
This command was run using /opt/hadoop/share/hadoop/common/hadoop-common-2.10.2.jar
==============================================================================
Kinit-Hadoop :: Kinit test user                                               
==============================================================================
Kinit                                                                 | PASS |
------------------------------------------------------------------------------
Kinit-Hadoop :: Kinit test user                                       | PASS |
1 critical test, 1 passed, 0 failed
1 test total, 1 passed, 0 failed
==============================================================================
Output:  /tmp/smoketest/ozonesecure-mr/result/robot-003.xml
==============================================================================
hadoop-2.10.2-hadoopfs-o3fs :: Test ozone fs with hadoopfs                    
==============================================================================
Test hadoop dfs                                                       | PASS |
------------------------------------------------------------------------------
hadoop-2.10.2-hadoopfs-o3fs :: Test ozone fs with hadoopfs            | PASS |
1 critical test, 1 passed, 0 failed
1 test total, 1 passed, 0 failed
==============================================================================
Output:  /tmp/smoketest/ozonesecure-mr/result/robot-004.xml
==============================================================================
hadoop-2.10.2-hadoopfs-ofs :: Test ozone fs with hadoopfs                     
==============================================================================
Test hadoop dfs                                                       | PASS |
------------------------------------------------------------------------------
hadoop-2.10.2-hadoopfs-ofs :: Test ozone fs with hadoopfs             | PASS |
1 critical test, 1 passed, 0 failed
1 test total, 1 passed, 0 failed
==============================================================================
Output:  /tmp/smoketest/ozonesecure-mr/result/robot-005.xml
Hadoop 3.4.1
Source code repository https://github.com/apache/hadoop.git -r 4d7825309348956336b8f06a08322b78422849b1
Compiled by mthakur on 2024-10-09T14:57Z
Compiled on platform linux-x86_64
Compiled with protoc 3.23.4
From source with checksum 7292fe9dba5e2e44e3a9f763fce3e680
This command was run using /opt/hadoop/share/hadoop/common/hadoop-common-3.4.1.jar
==============================================================================
Kinit-Hadoop :: Kinit test user                                               
==============================================================================
Kinit                                                                 | PASS |
------------------------------------------------------------------------------
Kinit-Hadoop :: Kinit test user                                       | PASS |
1 critical test, 1 passed, 0 failed
1 test total, 1 passed, 0 failed
==============================================================================
Output:  /tmp/smoketest/ozonesecure-mr/result/robot-006.xml
==============================================================================
hadoop-3.4.1-hadoopfs-o3fs :: Test ozone fs with hadoopfs                     
==============================================================================
Test hadoop dfs                                                       | PASS |
------------------------------------------------------------------------------
hadoop-3.4.1-hadoopfs-o3fs :: Test ozone fs with hadoopfs             | PASS |
1 critical test, 1 passed, 0 failed
1 test total, 1 passed, 0 failed
==============================================================================
Output:  /tmp/smoketest/ozonesecure-mr/result/robot-007.xml
==============================================================================
hadoop-3.4.1-mapreduce-o3fs :: Execute MR jobs                                
==============================================================================
Execute PI calculation                                                | PASS |
------------------------------------------------------------------------------
Execute WordCount                                                     | PASS |
------------------------------------------------------------------------------
hadoop-3.4.1-mapreduce-o3fs :: Execute MR jobs                        | PASS |
2 critical tests, 2 passed, 0 failed
2 tests total, 2 passed, 0 failed
==============================================================================
Output:  /tmp/smoketest/ozonesecure-mr/result/robot-008.xml
==============================================================================
hadoop-3.4.1-hadoopfs-ofs :: Test ozone fs with hadoopfs                      
==============================================================================
Test hadoop dfs                                                       | PASS |
------------------------------------------------------------------------------
hadoop-3.4.1-hadoopfs-ofs :: Test ozone fs with hadoopfs              | PASS |
1 critical test, 1 passed, 0 failed
1 test total, 1 passed, 0 failed
==============================================================================
Output:  /tmp/smoketest/ozonesecure-mr/result/robot-009.xml
==============================================================================
hadoop-3.4.1-mapreduce-ofs :: Execute MR jobs                                 
==============================================================================
Execute PI calculation                                                | PASS |
------------------------------------------------------------------------------
Execute WordCount                                                     | PASS |
------------------------------------------------------------------------------
hadoop-3.4.1-mapreduce-ofs :: Execute MR jobs                         | PASS |
2 critical tests, 2 passed, 0 failed
2 tests total, 2 passed, 0 failed
==============================================================================
Output:  /tmp/smoketest/ozonesecure-mr/result/robot-010.xml
To use Ozone please mount ozone folder to /opt/hadoop
Output:  /rebot-output/ozonesecure-mr.xml
renamed '/home/runner/work/ozone/ozone/hadoop-ozone/dist/target/ozone-2.1.0-SNAPSHOT/compose/result/rebot-asGNRP/ozonesecure-mr.xml' -> '/home/runner/work/ozone/ozone/hadoop-ozone/dist/target/ozone-2.1.0-SNAPSHOT/compose/result/ozonesecure-mr.xml'
removed 'ozonesecure-mr/result/robot-001.xml'
removed 'ozonesecure-mr/result/robot-002.xml'
removed 'ozonesecure-mr/result/robot-003.xml'
removed 'ozonesecure-mr/result/robot-004.xml'
removed 'ozonesecure-mr/result/robot-005.xml'
removed 'ozonesecure-mr/result/robot-006.xml'
removed 'ozonesecure-mr/result/robot-007.xml'
removed 'ozonesecure-mr/result/robot-008.xml'
removed 'ozonesecure-mr/result/robot-009.xml'
removed 'ozonesecure-mr/result/robot-010.xml'
mkdir: created directory '/home/runner/work/ozone/ozone/hadoop-ozone/dist/target/ozone-2.1.0-SNAPSHOT/compose/result/ozonesecure-mr'
renamed 'ozonesecure-mr/result/dn-audit-32eada0fe5bf.log' -> '/home/runner/work/ozone/ozone/hadoop-ozone/dist/target/ozone-2.1.0-SNAPSHOT/compose/result/ozonesecure-mr/dn-audit-32eada0fe5bf.log'
renamed 'ozonesecure-mr/result/dn-audit-4d5ac2e85c91.log' -> '/home/runner/work/ozone/ozone/hadoop-ozone/dist/target/ozone-2.1.0-SNAPSHOT/compose/result/ozonesecure-mr/dn-audit-4d5ac2e85c91.log'
renamed 'ozonesecure-mr/result/dn-audit-baeeffd18f48.log' -> '/home/runner/work/ozone/ozone/hadoop-ozone/dist/target/ozone-2.1.0-SNAPSHOT/compose/result/ozonesecure-mr/dn-audit-baeeffd18f48.log'
renamed 'ozonesecure-mr/result/docker-ozonesecure-mr-datanode-1.log' -> '/home/runner/work/ozone/ozone/hadoop-ozone/dist/target/ozone-2.1.0-SNAPSHOT/compose/result/ozonesecure-mr/docker-ozonesecure-mr-datanode-1.log'
renamed 'ozonesecure-mr/result/docker-ozonesecure-mr-datanode-2.log' -> '/home/runner/work/ozone/ozone/hadoop-ozone/dist/target/ozone-2.1.0-SNAPSHOT/compose/result/ozonesecure-mr/docker-ozonesecure-mr-datanode-2.log'
renamed 'ozonesecure-mr/result/docker-ozonesecure-mr-datanode-3.log' -> '/home/runner/work/ozone/ozone/hadoop-ozone/dist/target/ozone-2.1.0-SNAPSHOT/compose/result/ozonesecure-mr/docker-ozonesecure-mr-datanode-3.log'
renamed 'ozonesecure-mr/result/docker-ozonesecure-mr-kdc-1.log' -> '/home/runner/work/ozone/ozone/hadoop-ozone/dist/target/ozone-2.1.0-SNAPSHOT/compose/result/ozonesecure-mr/docker-ozonesecure-mr-kdc-1.log'
renamed 'ozonesecure-mr/result/docker-ozonesecure-mr-kms-1.log' -> '/home/runner/work/ozone/ozone/hadoop-ozone/dist/target/ozone-2.1.0-SNAPSHOT/compose/result/ozonesecure-mr/docker-ozonesecure-mr-kms-1.log'
renamed 'ozonesecure-mr/result/docker-ozonesecure-mr-nm-1.log' -> '/home/runner/work/ozone/ozone/hadoop-ozone/dist/target/ozone-2.1.0-SNAPSHOT/compose/result/ozonesecure-mr/docker-ozonesecure-mr-nm-1.log'
renamed 'ozonesecure-mr/result/docker-ozonesecure-mr-om-1.log' -> '/home/runner/work/ozone/ozone/hadoop-ozone/dist/target/ozone-2.1.0-SNAPSHOT/compose/result/ozonesecure-mr/docker-ozonesecure-mr-om-1.log'
renamed 'ozonesecure-mr/result/docker-ozonesecure-mr-rm-1.log' -> '/home/runner/work/ozone/ozone/hadoop-ozone/dist/target/ozone-2.1.0-SNAPSHOT/compose/result/ozonesecure-mr/docker-ozonesecure-mr-rm-1.log'
renamed 'ozonesecure-mr/result/docker-ozonesecure-mr-s3g-1.log' -> '/home/runner/work/ozone/ozone/hadoop-ozone/dist/target/ozone-2.1.0-SNAPSHOT/compose/result/ozonesecure-mr/docker-ozonesecure-mr-s3g-1.log'
renamed 'ozonesecure-mr/result/docker-ozonesecure-mr-scm-1.log' -> '/home/runner/work/ozone/ozone/hadoop-ozone/dist/target/ozone-2.1.0-SNAPSHOT/compose/result/ozonesecure-mr/docker-ozonesecure-mr-scm-1.log'
renamed 'ozonesecure-mr/result/kms-audit.log' -> '/home/runner/work/ozone/ozone/hadoop-ozone/dist/target/ozone-2.1.0-SNAPSHOT/compose/result/ozonesecure-mr/kms-audit.log'
renamed 'ozonesecure-mr/result/om-audit-om.log' -> '/home/runner/work/ozone/ozone/hadoop-ozone/dist/target/ozone-2.1.0-SNAPSHOT/compose/result/ozonesecure-mr/om-audit-om.log'
renamed 'ozonesecure-mr/result/om-sys-audit-om.log' -> '/home/runner/work/ozone/ozone/hadoop-ozone/dist/target/ozone-2.1.0-SNAPSHOT/compose/result/ozonesecure-mr/om-sys-audit-om.log'
renamed 'ozonesecure-mr/result/s3g-audit-s3g.log' -> '/home/runner/work/ozone/ozone/hadoop-ozone/dist/target/ozone-2.1.0-SNAPSHOT/compose/result/ozonesecure-mr/s3g-audit-s3g.log'
renamed 'ozonesecure-mr/result/scm-audit-scm.log' -> '/home/runner/work/ozone/ozone/hadoop-ozone/dist/target/ozone-2.1.0-SNAPSHOT/compose/result/ozonesecure-mr/scm-audit-scm.log'
To use Ozone please mount ozone folder to /opt/hadoop
Log:     /rebot-output/log.html
Report:  /rebot-output/report.html
renamed '/home/runner/work/ozone/ozone/hadoop-ozone/dist/target/ozone-2.1.0-SNAPSHOT/compose/result/rebot-YJdetd/log.html' -> '/home/runner/work/ozone/ozone/hadoop-ozone/dist/target/ozone-2.1.0-SNAPSHOT/compose/result/log.html'
renamed '/home/runner/work/ozone/ozone/hadoop-ozone/dist/target/ozone-2.1.0-SNAPSHOT/compose/result/rebot-YJdetd/report.html' -> '/home/runner/work/ozone/ozone/hadoop-ozone/dist/target/ozone-2.1.0-SNAPSHOT/compose/result/report.html'
removed directory '/tmp/robot-data-5Z8KkI'
