rm: cannot remove '/home/runner/work/ozone/ozone/hadoop-ozone/dist/target/ozone-1.5.0-SNAPSHOT/compose/result/*': No such file or directory
Executing test ozonesecure/test-fcq.sh
Removing network ozonesecure_default
Network ozonesecure_default not found.
Creating network "ozonesecure_default" with the default driver
Pulling scm (apache/ozone-runner:20240316-jdk17-1)...
20240316-jdk17-1: Pulling from apache/ozone-runner
Digest: sha256:d5b51763cace3a767fb687280649a06a56f1d224c190b77da3e8f21fca73e9e4
Status: Downloaded newer image for apache/ozone-runner:20240316-jdk17-1
Pulling kms (apache/hadoop:3.3.6)...
3.3.6: Pulling from apache/hadoop
Digest: sha256:62a22627f35a1bbf29c721192c02fe311c93749cc43d51df01792b2ac40ff144
Status: Downloaded newer image for apache/hadoop:3.3.6
Pulling kdc (apache/ozone-testkrb5:20230318-1)...
20230318-1: Pulling from apache/ozone-testkrb5
Digest: sha256:6a7eeac1ebd12e8968e34ab93fb8d21f2b92ae52bc0a85b662a2d41065f05d3a
Status: Downloaded newer image for apache/ozone-testkrb5:20230318-1
Creating ozonesecure_scm_1 ... 
Creating ozonesecure_httpfs_1 ... 
Creating ozonesecure_om_1     ... 
Creating ozonesecure_s3g_1    ... 
Creating ozonesecure_kms_1    ... 
Creating ozonesecure_recon_1  ... 
Creating ozonesecure_kdc_1      ... 
Creating ozonesecure_datanode_1 ... 
Creating ozonesecure_datanode_2 ... 
Creating ozonesecure_datanode_3 ... 
Creating ozonesecure_s3g_1      ... done
Creating ozonesecure_kdc_1      ... done
Creating ozonesecure_om_1       ... done
Creating ozonesecure_datanode_3 ... done
Creating ozonesecure_httpfs_1   ... done
Creating ozonesecure_kms_1      ... done
Creating ozonesecure_scm_1      ... done
Creating ozonesecure_datanode_2 ... done
Creating ozonesecure_recon_1    ... done
Creating ozonesecure_datanode_1 ... done
Port 88 is available on kdc
Port 9860 is not available on scm yet
Port 9860 is not available on scm yet
Port 9860 is not available on scm yet
Port 9860 is not available on scm yet
Port 9860 is not available on scm yet
Port 9860 is not available on scm yet
Port 9860 is not available on scm yet
Port 9860 is not available on scm yet
Port 9860 is not available on scm yet
Port 9860 is not available on scm yet
Port 9860 is not available on scm yet
Port 9860 is not available on scm yet
Port 9860 is not available on scm yet
Port 9860 is not available on scm yet
Port 9860 is not available on scm yet
Port 9860 is available on scm
SCM is in safe mode. Will retry in 1 sec. Remaining time (sec): 238
SCM is in safe mode. Will retry in 1 sec. Remaining time (sec): 237
SCM is in safe mode. Will retry in 1 sec. Remaining time (sec): 236
SCM is in safe mode. Will retry in 1 sec. Remaining time (sec): 235
SCM is in safe mode. Will retry in 1 sec. Remaining time (sec): 234
SCM is in safe mode. Will retry in 1 sec. Remaining time (sec): 233
SCM is in safe mode. Will retry in 1 sec. Remaining time (sec): 232
SCM is in safe mode. Will retry in 1 sec. Remaining time (sec): 231
SCM is in safe mode. Will retry in 1 sec. Remaining time (sec): 230
SCM is in safe mode. Will retry in 1 sec. Remaining time (sec): 229
SCM is in safe mode. Will retry in 1 sec. Remaining time (sec): 228
SCM is in safe mode. Will retry in 1 sec. Remaining time (sec): 227
SCM is in safe mode. Will retry in 1 sec. Remaining time (sec): 226
SCM is in safe mode. Will retry in 1 sec. Remaining time (sec): 225
SCM is in safe mode. Will retry in 1 sec. Remaining time (sec): 224
SCM is in safe mode. Will retry in 1 sec. Remaining time (sec): 223
SCM is in safe mode. Will retry in 1 sec. Remaining time (sec): 222
SCM is in safe mode. Will retry in 1 sec. Remaining time (sec): 221
SCM is in safe mode. Will retry in 1 sec. Remaining time (sec): 220
SCM is in safe mode. Will retry in 1 sec. Remaining time (sec): 219
SCM is in safe mode. Will retry in 1 sec. Remaining time (sec): 218
SCM is in safe mode. Will retry in 1 sec. Remaining time (sec): 217
SCM is in safe mode. Will retry in 1 sec. Remaining time (sec): 215
SCM is in safe mode. Will retry in 1 sec. Remaining time (sec): 214
SCM is out of safe mode.
No OM HA service, no need to wait
==============================================================================
S3 Om Fcq :: S3 gateway test with aws cli                                     
==============================================================================
Test setup headers                                                    | PASS |
------------------------------------------------------------------------------
Test setup credentials                                                | PASS |
------------------------------------------------------------------------------
Test create bucket 1                                                  | PASS |
------------------------------------------------------------------------------
Test OM JMX endpoint                                                  | PASS |
------------------------------------------------------------------------------
Test metrics are registered                                           | PASS |
------------------------------------------------------------------------------
Run freon s3kg                                                        | PASS |
------------------------------------------------------------------------------
Test caller from metrics                                              | PASS |
------------------------------------------------------------------------------
S3 Om Fcq :: S3 gateway test with aws cli                             | PASS |
7 tests, 7 passed, 0 failed
==============================================================================
Output:  /tmp/smoketest/ozonesecure/result/robot-1.xml
Stopping ozonesecure_datanode_1 ... 
Stopping ozonesecure_datanode_2 ... 
Stopping ozonesecure_datanode_3 ... 
Stopping ozonesecure_kdc_1      ... 
Stopping ozonesecure_s3g_1      ... 
Stopping ozonesecure_httpfs_1   ... 
Stopping ozonesecure_recon_1    ... 
Stopping ozonesecure_scm_1      ... 
Stopping ozonesecure_kms_1      ... 
Stopping ozonesecure_om_1       ... 
Stopping ozonesecure_kdc_1      ... done
Stopping ozonesecure_kms_1      ... done
Stopping ozonesecure_httpfs_1   ... done
Stopping ozonesecure_recon_1    ... done
Stopping ozonesecure_s3g_1      ... done
Stopping ozonesecure_datanode_2 ... done
Stopping ozonesecure_datanode_1 ... done
Stopping ozonesecure_datanode_3 ... done
Stopping ozonesecure_om_1       ... done
Stopping ozonesecure_scm_1      ... done
Removing ozonesecure_datanode_1 ... 
Removing ozonesecure_datanode_2 ... 
Removing ozonesecure_datanode_3 ... 
Removing ozonesecure_kdc_1      ... 
Removing ozonesecure_s3g_1      ... 
Removing ozonesecure_httpfs_1   ... 
Removing ozonesecure_recon_1    ... 
Removing ozonesecure_scm_1      ... 
Removing ozonesecure_kms_1      ... 
Removing ozonesecure_om_1       ... 
Removing ozonesecure_s3g_1      ... done
Removing ozonesecure_kms_1      ... done
Removing ozonesecure_scm_1      ... done
Removing ozonesecure_httpfs_1   ... done
Removing ozonesecure_recon_1    ... done
Removing ozonesecure_kdc_1      ... done
Removing ozonesecure_om_1       ... done
Removing ozonesecure_datanode_3 ... done
Removing ozonesecure_datanode_1 ... done
Removing ozonesecure_datanode_2 ... done
Removing network ozonesecure_default
Output:  /home/runner/work/ozone/ozone/hadoop-ozone/dist/target/ozone-1.5.0-SNAPSHOT/compose/result/ozonesecure-fcq.xml
removed 'ozonesecure/result/robot-1.xml'
renamed 'ozonesecure/result/dn-audit-dn.log' -> '/home/runner/work/ozone/ozone/hadoop-ozone/dist/target/ozone-1.5.0-SNAPSHOT/compose/result/ozonesecure/fcq/dn-audit-dn.log'
renamed 'ozonesecure/result/docker-ozonesecure_datanode_1.log' -> '/home/runner/work/ozone/ozone/hadoop-ozone/dist/target/ozone-1.5.0-SNAPSHOT/compose/result/ozonesecure/fcq/docker-ozonesecure_datanode_1.log'
renamed 'ozonesecure/result/docker-ozonesecure_datanode_2.log' -> '/home/runner/work/ozone/ozone/hadoop-ozone/dist/target/ozone-1.5.0-SNAPSHOT/compose/result/ozonesecure/fcq/docker-ozonesecure_datanode_2.log'
renamed 'ozonesecure/result/docker-ozonesecure_datanode_3.log' -> '/home/runner/work/ozone/ozone/hadoop-ozone/dist/target/ozone-1.5.0-SNAPSHOT/compose/result/ozonesecure/fcq/docker-ozonesecure_datanode_3.log'
renamed 'ozonesecure/result/docker-ozonesecure_httpfs_1.log' -> '/home/runner/work/ozone/ozone/hadoop-ozone/dist/target/ozone-1.5.0-SNAPSHOT/compose/result/ozonesecure/fcq/docker-ozonesecure_httpfs_1.log'
renamed 'ozonesecure/result/docker-ozonesecure_kdc_1.log' -> '/home/runner/work/ozone/ozone/hadoop-ozone/dist/target/ozone-1.5.0-SNAPSHOT/compose/result/ozonesecure/fcq/docker-ozonesecure_kdc_1.log'
renamed 'ozonesecure/result/docker-ozonesecure_kms_1.log' -> '/home/runner/work/ozone/ozone/hadoop-ozone/dist/target/ozone-1.5.0-SNAPSHOT/compose/result/ozonesecure/fcq/docker-ozonesecure_kms_1.log'
renamed 'ozonesecure/result/docker-ozonesecure_om_1.log' -> '/home/runner/work/ozone/ozone/hadoop-ozone/dist/target/ozone-1.5.0-SNAPSHOT/compose/result/ozonesecure/fcq/docker-ozonesecure_om_1.log'
renamed 'ozonesecure/result/docker-ozonesecure_recon_1.log' -> '/home/runner/work/ozone/ozone/hadoop-ozone/dist/target/ozone-1.5.0-SNAPSHOT/compose/result/ozonesecure/fcq/docker-ozonesecure_recon_1.log'
renamed 'ozonesecure/result/docker-ozonesecure_s3g_1.log' -> '/home/runner/work/ozone/ozone/hadoop-ozone/dist/target/ozone-1.5.0-SNAPSHOT/compose/result/ozonesecure/fcq/docker-ozonesecure_s3g_1.log'
renamed 'ozonesecure/result/docker-ozonesecure_scm_1.log' -> '/home/runner/work/ozone/ozone/hadoop-ozone/dist/target/ozone-1.5.0-SNAPSHOT/compose/result/ozonesecure/fcq/docker-ozonesecure_scm_1.log'
renamed 'ozonesecure/result/kms-audit.log' -> '/home/runner/work/ozone/ozone/hadoop-ozone/dist/target/ozone-1.5.0-SNAPSHOT/compose/result/ozonesecure/fcq/kms-audit.log'
renamed 'ozonesecure/result/om-audit-om.log' -> '/home/runner/work/ozone/ozone/hadoop-ozone/dist/target/ozone-1.5.0-SNAPSHOT/compose/result/ozonesecure/fcq/om-audit-om.log'
renamed 'ozonesecure/result/s3g-audit-s3g.log' -> '/home/runner/work/ozone/ozone/hadoop-ozone/dist/target/ozone-1.5.0-SNAPSHOT/compose/result/ozonesecure/fcq/s3g-audit-s3g.log'
renamed 'ozonesecure/result/scm-audit-scm.log' -> '/home/runner/work/ozone/ozone/hadoop-ozone/dist/target/ozone-1.5.0-SNAPSHOT/compose/result/ozonesecure/fcq/scm-audit-scm.log'
Executing test ozonesecure/test.sh
Removing network ozonesecure_default
Network ozonesecure_default not found.
Creating network "ozonesecure_default" with the default driver
Creating ozonesecure_recon_1 ... 
Creating ozonesecure_om_1    ... 
Creating ozonesecure_kms_1   ... 
Creating ozonesecure_datanode_1 ... 
Creating ozonesecure_s3g_1      ... 
Creating ozonesecure_datanode_2 ... 
Creating ozonesecure_scm_1      ... 
Creating ozonesecure_datanode_3 ... 
Creating ozonesecure_httpfs_1   ... 
Creating ozonesecure_kdc_1      ... 
Creating ozonesecure_kms_1      ... done
Creating ozonesecure_om_1       ... done
Creating ozonesecure_scm_1      ... done
Creating ozonesecure_kdc_1      ... done
Creating ozonesecure_datanode_2 ... done
Creating ozonesecure_recon_1    ... done
Creating ozonesecure_s3g_1      ... done
Creating ozonesecure_datanode_3 ... done
Creating ozonesecure_datanode_1 ... done
Creating ozonesecure_httpfs_1   ... done
Port 88 is available on kdc
Port 9860 is not available on scm yet
Port 9860 is not available on scm yet
Port 9860 is not available on scm yet
Port 9860 is not available on scm yet
Port 9860 is not available on scm yet
Port 9860 is not available on scm yet
Port 9860 is not available on scm yet
Port 9860 is not available on scm yet
Port 9860 is not available on scm yet
Port 9860 is not available on scm yet
Port 9860 is not available on scm yet
Port 9860 is not available on scm yet
Port 9860 is not available on scm yet
Port 9860 is not available on scm yet
Port 9860 is not available on scm yet
Port 9860 is available on scm
SCM is in safe mode. Will retry in 1 sec. Remaining time (sec): 238
SCM is in safe mode. Will retry in 1 sec. Remaining time (sec): 237
SCM is in safe mode. Will retry in 1 sec. Remaining time (sec): 236
SCM is in safe mode. Will retry in 1 sec. Remaining time (sec): 235
SCM is in safe mode. Will retry in 1 sec. Remaining time (sec): 234
SCM is in safe mode. Will retry in 1 sec. Remaining time (sec): 233
SCM is in safe mode. Will retry in 1 sec. Remaining time (sec): 232
SCM is in safe mode. Will retry in 1 sec. Remaining time (sec): 231
SCM is in safe mode. Will retry in 1 sec. Remaining time (sec): 230
SCM is in safe mode. Will retry in 1 sec. Remaining time (sec): 229
SCM is in safe mode. Will retry in 1 sec. Remaining time (sec): 228
SCM is in safe mode. Will retry in 1 sec. Remaining time (sec): 227
SCM is in safe mode. Will retry in 1 sec. Remaining time (sec): 226
SCM is in safe mode. Will retry in 1 sec. Remaining time (sec): 225
SCM is in safe mode. Will retry in 1 sec. Remaining time (sec): 224
SCM is in safe mode. Will retry in 1 sec. Remaining time (sec): 223
SCM is in safe mode. Will retry in 1 sec. Remaining time (sec): 222
SCM is in safe mode. Will retry in 1 sec. Remaining time (sec): 221
SCM is in safe mode. Will retry in 1 sec. Remaining time (sec): 220
SCM is in safe mode. Will retry in 1 sec. Remaining time (sec): 219
SCM is in safe mode. Will retry in 1 sec. Remaining time (sec): 218
SCM is in safe mode. Will retry in 1 sec. Remaining time (sec): 217
SCM is in safe mode. Will retry in 1 sec. Remaining time (sec): 216
SCM is in safe mode. Will retry in 1 sec. Remaining time (sec): 215
SCM is out of safe mode.
No OM HA service, no need to wait
key1 has been successfully created with options Options{cipher='AES/CTR/NoPadding', bitLength=128, description='null', attributes=null}.
org.apache.hadoop.crypto.key.kms.LoadBalancingKMSClientProvider@662b4c69 has been updated.
==============================================================================
Kinit :: Kinit test user                                                      
==============================================================================
Kinit                                                                 | PASS |
------------------------------------------------------------------------------
Kinit :: Kinit test user                                              | PASS |
1 test, 1 passed, 0 failed
==============================================================================
Output:  /tmp/smoketest/ozonesecure/result/robot-1.xml
==============================================================================
Basic                                                                         
==============================================================================
Basic.Basic :: Smoketest ozone cluster startup                                
==============================================================================
Check webui static resources                                          | PASS |
------------------------------------------------------------------------------
Basic Freon smoketest                                                 | PASS |
------------------------------------------------------------------------------
Basic.Basic :: Smoketest ozone cluster startup                        | PASS |
2 tests, 2 passed, 0 failed
==============================================================================
Basic.Getconf :: Test 'ozone getconf' command                                 
==============================================================================
Get OM                                                                | PASS |
------------------------------------------------------------------------------
Get SCM                                                               | PASS |
------------------------------------------------------------------------------
Get existing config key                                               | PASS |
------------------------------------------------------------------------------
Get undefined config key                                              | PASS |
------------------------------------------------------------------------------
Basic.Getconf :: Test 'ozone getconf' command                         | PASS |
4 tests, 4 passed, 0 failed
==============================================================================
Basic.Links :: Test bucket links via Ozone CLI                                
==============================================================================
Link to non-existent bucket                                           | PASS |
------------------------------------------------------------------------------
Key create passthrough                                                | PASS |
------------------------------------------------------------------------------
Key read passthrough                                                  | PASS |
------------------------------------------------------------------------------
Key list passthrough                                                  | PASS |
------------------------------------------------------------------------------
Key delete passthrough                                                | PASS |
------------------------------------------------------------------------------
Bucket list contains links                                            | PASS |
------------------------------------------------------------------------------
Bucket info shows source                                              | PASS |
------------------------------------------------------------------------------
Source and target bucket have different ACLs                          | PASS |
------------------------------------------------------------------------------
Source and target key have same ACLs                                  | PASS |
------------------------------------------------------------------------------
Source and target prefix have same ACLs                               | PASS |
------------------------------------------------------------------------------
Buckets and links share namespace                                     | PASS |
------------------------------------------------------------------------------
Can follow link with read access                                      | PASS |
------------------------------------------------------------------------------
Cannot follow link without read access                                | PASS |
------------------------------------------------------------------------------
ACL verified on source and target bucket                              | PASS |
------------------------------------------------------------------------------
Loop in link chain is detected                                        | PASS |
------------------------------------------------------------------------------
Multiple links to same bucket are allowed                             | PASS |
------------------------------------------------------------------------------
Source bucket not affected by deleting link                           | PASS |
------------------------------------------------------------------------------
Setting bucket property on link not allowed                           | PASS |
------------------------------------------------------------------------------
Basic.Links :: Test bucket links via Ozone CLI                        | PASS |
18 tests, 18 passed, 0 failed
==============================================================================
Basic.Ozone-Shell-Single :: Test ozone shell CLI usage                        
==============================================================================
Test ozone shell                                                      | PASS |
------------------------------------------------------------------------------
Basic.Ozone-Shell-Single :: Test ozone shell CLI usage                | PASS |
1 test, 1 passed, 0 failed
==============================================================================
Basic.Ozone-Shell :: Test ozone shell CLI usage                               
==============================================================================
RpcClient with port                                                   | PASS |
------------------------------------------------------------------------------
RpcClient with execution errors                                       | PASS |
------------------------------------------------------------------------------
RpcClient volume acls                                                 | PASS |
------------------------------------------------------------------------------
RpcClient bucket acls                                                 | PASS |
------------------------------------------------------------------------------
RpcClient key acls                                                    | PASS |
------------------------------------------------------------------------------
Test native authorizer                                                | PASS |
------------------------------------------------------------------------------
RpcClient prefix acls                                                 | PASS |
------------------------------------------------------------------------------
RpcClient without host                                                | PASS |
------------------------------------------------------------------------------
RpcClient Delete key                                                  | PASS |
------------------------------------------------------------------------------
Basic.Ozone-Shell :: Test ozone shell CLI usage                       | PASS |
9 tests, 9 passed, 0 failed
==============================================================================
Basic.Single Node :: Smoketest for one datanode                               
==============================================================================
Basic Freon smoketest for one datanode                                | PASS |
------------------------------------------------------------------------------
Basic.Single Node :: Smoketest for one datanode                       | PASS |
1 test, 1 passed, 0 failed
==============================================================================
Basic                                                                 | PASS |
35 tests, 35 passed, 0 failed
==============================================================================
Output:  /tmp/smoketest/ozonesecure/result/robot-2.xml
==============================================================================
Security                                                                      
==============================================================================
Security.Admin-Cert :: Test for ozone admin cert command                      
==============================================================================
List valid certificates                                               | PASS |
------------------------------------------------------------------------------
List revoked certificates                                             | PASS |
------------------------------------------------------------------------------
Info of the cert                                                      | PASS |
------------------------------------------------------------------------------
Security.Admin-Cert :: Test for ozone admin cert command              | PASS |
3 tests, 3 passed, 0 failed
==============================================================================
Security.Bucket-Encryption :: Test for bucket encryption                      
==============================================================================
Create Encrypted Bucket                                               | PASS |
------------------------------------------------------------------------------
Create Key in Encrypted Bucket                                        | PASS |
------------------------------------------------------------------------------
Security.Bucket-Encryption :: Test for bucket encryption              | PASS |
2 tests, 2 passed, 0 failed
==============================================================================
Security.Ozone-Secure-Fs :: Smoke test to start cluster with docker-compose...
==============================================================================
Create volume bucket with wrong credentials                           | PASS |
------------------------------------------------------------------------------
Create volume with non-admin user                                     | PASS |
------------------------------------------------------------------------------
Create bucket with non-admin owner(testuser2)                         | PASS |
------------------------------------------------------------------------------
Create volume bucket with credentials                                 | PASS |
------------------------------------------------------------------------------
Check volume from ozonefs                                             | PASS |
------------------------------------------------------------------------------
Test tmp mount for shared ofs tmp dir                                 | PASS |
------------------------------------------------------------------------------
Security.Ozone-Secure-Fs :: Smoke test to start cluster with docke... | PASS |
6 tests, 6 passed, 0 failed
==============================================================================
Security.Ozone-Secure-S3 :: Smoke test to start cluster with docker-compose...
==============================================================================
Secure S3 test Success                                                | PASS |
------------------------------------------------------------------------------
Secure S3 put-object test                                             | PASS |
------------------------------------------------------------------------------
Secure S3 test Failure                                                | PASS |
------------------------------------------------------------------------------
Security.Ozone-Secure-S3 :: Smoke test to start cluster with docke... | PASS |
3 tests, 3 passed, 0 failed
==============================================================================
Security.Ozone-Secure-Tenant :: Smoke test for ozone secure tenant commands   
==============================================================================
Create Tenant Success with Cluster Admin                              | PASS |
------------------------------------------------------------------------------
Assign User Success with Cluster Admin                                | PASS |
------------------------------------------------------------------------------
Assign User Failure to Non-existent Tenant                            | PASS |
------------------------------------------------------------------------------
GetUserInfo Success                                                   | PASS |
------------------------------------------------------------------------------
GetUserInfo as JSON Success                                           | PASS |
------------------------------------------------------------------------------
Create Bucket 1 Success via S3 API                                    | PASS |
------------------------------------------------------------------------------
Verify Bucket 1 Owner                                                 | PASS |
------------------------------------------------------------------------------
Put, get and delete a key in the tenant bucket                        | PASS |
------------------------------------------------------------------------------
SetSecret Success with Cluster Admin                                  | PASS |
------------------------------------------------------------------------------
SetSecret Failure For Invalid Secret 1                                | PASS |
------------------------------------------------------------------------------
SetSecret Failure For Invalid Secret 2                                | PASS |
------------------------------------------------------------------------------
GetSecret Success                                                     | PASS |
------------------------------------------------------------------------------
Delete Bucket 1 Failure With Old SecretKey via S3 API                 | PASS |
------------------------------------------------------------------------------
Delete Bucket 1 Success With Newly Set SecretKey via S3 API           | PASS |
------------------------------------------------------------------------------
Delete Tenant Failure Tenant Not Empty                                | FAIL |
'TENANT_AUTHORIZER_ERROR java.io.IOException: Policy does not exist.' does not contain 'TENANT_NOT_EMPTY Tenant 'tenantone' is not empty. All accessIds associated to this tenant must be revoked before the tenant can be deleted. See `ozone tenant user revoke`'
------------------------------------------------------------------------------
Trigger and wait for background Sync to recover Policies and Roles... | PASS |
------------------------------------------------------------------------------
Create Tenant Failure with Regular User                               | PASS |
------------------------------------------------------------------------------
SetSecret Failure with Regular User                                   | PASS |
------------------------------------------------------------------------------
Create Bucket 2 Success with somesecret1 via S3 API                   | PASS |
------------------------------------------------------------------------------
Delete Bucket 2 Failure with somesecret2 via S3 API                   | PASS |
------------------------------------------------------------------------------
Delete Bucket 2 Success with somesecret1 via S3 API                   | PASS |
------------------------------------------------------------------------------
Revoke User AccessId Success with Cluster Admin                       | PASS |
------------------------------------------------------------------------------
Create Bucket 3 Failure with Revoked AccessId via S3 API              | PASS |
------------------------------------------------------------------------------
Delete Tenant Success with Cluster Admin                              | FAIL |
255 != 0
------------------------------------------------------------------------------
Delete Volume Success with Cluster Admin                              | FAIL |
255 != 0
------------------------------------------------------------------------------
List Tenant Expect Empty Result                                       | PASS |
------------------------------------------------------------------------------
Security.Ozone-Secure-Tenant :: Smoke test for ozone secure tenant... | FAIL |
26 tests, 23 passed, 3 failed
==============================================================================
Security.Ozone-Secure-Token :: Test token operations                          
==============================================================================
Token Test                                                            | PASS |
------------------------------------------------------------------------------
Security.Ozone-Secure-Token :: Test token operations                  | PASS |
1 test, 1 passed, 0 failed
==============================================================================
Security.S3-secret :: Smoke test to start cluster with docker-compose envir...
==============================================================================
Get S3 secret twice                                                   | PASS |
------------------------------------------------------------------------------
Security.S3-secret :: Smoke test to start cluster with docker-comp... | PASS |
1 test, 1 passed, 0 failed
==============================================================================
Security                                                              | FAIL |
42 tests, 39 passed, 3 failed
==============================================================================
Output:  /tmp/smoketest/ozonesecure/result/robot-3.xml
jstack 7 > /home/runner/work/ozone/ozone/hadoop-ozone/dist/target/ozone-1.5.0-SNAPSHOT/compose/ozonesecure/result/ozonesecure_datanode_1_HddsDatanodeService.stack
jstack 8 > /home/runner/work/ozone/ozone/hadoop-ozone/dist/target/ozone-1.5.0-SNAPSHOT/compose/ozonesecure/result/ozonesecure_datanode_2_HddsDatanodeService.stack
jstack 7 > /home/runner/work/ozone/ozone/hadoop-ozone/dist/target/ozone-1.5.0-SNAPSHOT/compose/ozonesecure/result/ozonesecure_datanode_3_HddsDatanodeService.stack
jstack 7 > /home/runner/work/ozone/ozone/hadoop-ozone/dist/target/ozone-1.5.0-SNAPSHOT/compose/ozonesecure/result/ozonesecure_om_1_OzoneManagerStarter.stack
jstack 6 > /home/runner/work/ozone/ozone/hadoop-ozone/dist/target/ozone-1.5.0-SNAPSHOT/compose/ozonesecure/result/ozonesecure_recon_1_ReconServer.stack
jstack 7 > /home/runner/work/ozone/ozone/hadoop-ozone/dist/target/ozone-1.5.0-SNAPSHOT/compose/ozonesecure/result/ozonesecure_s3g_1_Gateway.stack
jstack 6 > /home/runner/work/ozone/ozone/hadoop-ozone/dist/target/ozone-1.5.0-SNAPSHOT/compose/ozonesecure/result/ozonesecure_scm_1_StorageContainerManagerStarter.stack
Stopping ozonesecure_kdc_1      ... 
Stopping ozonesecure_datanode_1 ... 
Stopping ozonesecure_scm_1      ... 
Stopping ozonesecure_httpfs_1   ... 
Stopping ozonesecure_datanode_2 ... 
Stopping ozonesecure_datanode_3 ... 
Stopping ozonesecure_s3g_1      ... 
Stopping ozonesecure_recon_1    ... 
Stopping ozonesecure_kms_1      ... 
Stopping ozonesecure_om_1       ... 
Stopping ozonesecure_kdc_1      ... done
Stopping ozonesecure_kms_1      ... done
Stopping ozonesecure_httpfs_1   ... done
Stopping ozonesecure_s3g_1      ... done
Stopping ozonesecure_datanode_1 ... done
Stopping ozonesecure_datanode_2 ... done
Stopping ozonesecure_recon_1    ... done
Stopping ozonesecure_datanode_3 ... done
Stopping ozonesecure_om_1       ... done
Stopping ozonesecure_scm_1      ... done
Removing ozonesecure_kdc_1      ... 
Removing ozonesecure_datanode_1 ... 
Removing ozonesecure_scm_1      ... 
Removing ozonesecure_httpfs_1   ... 
Removing ozonesecure_datanode_2 ... 
Removing ozonesecure_datanode_3 ... 
Removing ozonesecure_s3g_1      ... 
Removing ozonesecure_recon_1    ... 
Removing ozonesecure_kms_1      ... 
Removing ozonesecure_om_1       ... 
Removing ozonesecure_om_1       ... done
Removing ozonesecure_s3g_1      ... done
Removing ozonesecure_httpfs_1   ... done
Removing ozonesecure_datanode_2 ... done
Removing ozonesecure_scm_1      ... done
Removing ozonesecure_datanode_3 ... done
Removing ozonesecure_recon_1    ... done
Removing ozonesecure_kms_1      ... done
Removing ozonesecure_datanode_1 ... done
Removing ozonesecure_kdc_1      ... done
Removing network ozonesecure_default
ERROR: Test execution of ozonesecure/test.sh is FAILED!!!!
Output:  /home/runner/work/ozone/ozone/hadoop-ozone/dist/target/ozone-1.5.0-SNAPSHOT/compose/result/ozonesecure.xml
removed 'ozonesecure/result/robot-1.xml'
removed 'ozonesecure/result/robot-2.xml'
removed 'ozonesecure/result/robot-3.xml'
renamed 'ozonesecure/result/dn-audit-dn.log' -> '/home/runner/work/ozone/ozone/hadoop-ozone/dist/target/ozone-1.5.0-SNAPSHOT/compose/result/ozonesecure/dn-audit-dn.log'
renamed 'ozonesecure/result/docker-ozonesecure_datanode_1.log' -> '/home/runner/work/ozone/ozone/hadoop-ozone/dist/target/ozone-1.5.0-SNAPSHOT/compose/result/ozonesecure/docker-ozonesecure_datanode_1.log'
renamed 'ozonesecure/result/docker-ozonesecure_datanode_2.log' -> '/home/runner/work/ozone/ozone/hadoop-ozone/dist/target/ozone-1.5.0-SNAPSHOT/compose/result/ozonesecure/docker-ozonesecure_datanode_2.log'
renamed 'ozonesecure/result/docker-ozonesecure_datanode_3.log' -> '/home/runner/work/ozone/ozone/hadoop-ozone/dist/target/ozone-1.5.0-SNAPSHOT/compose/result/ozonesecure/docker-ozonesecure_datanode_3.log'
renamed 'ozonesecure/result/docker-ozonesecure_httpfs_1.log' -> '/home/runner/work/ozone/ozone/hadoop-ozone/dist/target/ozone-1.5.0-SNAPSHOT/compose/result/ozonesecure/docker-ozonesecure_httpfs_1.log'
renamed 'ozonesecure/result/docker-ozonesecure_kdc_1.log' -> '/home/runner/work/ozone/ozone/hadoop-ozone/dist/target/ozone-1.5.0-SNAPSHOT/compose/result/ozonesecure/docker-ozonesecure_kdc_1.log'
renamed 'ozonesecure/result/docker-ozonesecure_kms_1.log' -> '/home/runner/work/ozone/ozone/hadoop-ozone/dist/target/ozone-1.5.0-SNAPSHOT/compose/result/ozonesecure/docker-ozonesecure_kms_1.log'
renamed 'ozonesecure/result/docker-ozonesecure_om_1.log' -> '/home/runner/work/ozone/ozone/hadoop-ozone/dist/target/ozone-1.5.0-SNAPSHOT/compose/result/ozonesecure/docker-ozonesecure_om_1.log'
renamed 'ozonesecure/result/docker-ozonesecure_recon_1.log' -> '/home/runner/work/ozone/ozone/hadoop-ozone/dist/target/ozone-1.5.0-SNAPSHOT/compose/result/ozonesecure/docker-ozonesecure_recon_1.log'
renamed 'ozonesecure/result/docker-ozonesecure_s3g_1.log' -> '/home/runner/work/ozone/ozone/hadoop-ozone/dist/target/ozone-1.5.0-SNAPSHOT/compose/result/ozonesecure/docker-ozonesecure_s3g_1.log'
renamed 'ozonesecure/result/docker-ozonesecure_scm_1.log' -> '/home/runner/work/ozone/ozone/hadoop-ozone/dist/target/ozone-1.5.0-SNAPSHOT/compose/result/ozonesecure/docker-ozonesecure_scm_1.log'
renamed 'ozonesecure/result/kms-audit.log' -> '/home/runner/work/ozone/ozone/hadoop-ozone/dist/target/ozone-1.5.0-SNAPSHOT/compose/result/ozonesecure/kms-audit.log'
renamed 'ozonesecure/result/om-audit-om.log' -> '/home/runner/work/ozone/ozone/hadoop-ozone/dist/target/ozone-1.5.0-SNAPSHOT/compose/result/ozonesecure/om-audit-om.log'
renamed 'ozonesecure/result/ozonesecure_datanode_1_HddsDatanodeService.stack' -> '/home/runner/work/ozone/ozone/hadoop-ozone/dist/target/ozone-1.5.0-SNAPSHOT/compose/result/ozonesecure/ozonesecure_datanode_1_HddsDatanodeService.stack'
renamed 'ozonesecure/result/ozonesecure_datanode_2_HddsDatanodeService.stack' -> '/home/runner/work/ozone/ozone/hadoop-ozone/dist/target/ozone-1.5.0-SNAPSHOT/compose/result/ozonesecure/ozonesecure_datanode_2_HddsDatanodeService.stack'
renamed 'ozonesecure/result/ozonesecure_datanode_3_HddsDatanodeService.stack' -> '/home/runner/work/ozone/ozone/hadoop-ozone/dist/target/ozone-1.5.0-SNAPSHOT/compose/result/ozonesecure/ozonesecure_datanode_3_HddsDatanodeService.stack'
renamed 'ozonesecure/result/ozonesecure_om_1_OzoneManagerStarter.stack' -> '/home/runner/work/ozone/ozone/hadoop-ozone/dist/target/ozone-1.5.0-SNAPSHOT/compose/result/ozonesecure/ozonesecure_om_1_OzoneManagerStarter.stack'
renamed 'ozonesecure/result/ozonesecure_recon_1_ReconServer.stack' -> '/home/runner/work/ozone/ozone/hadoop-ozone/dist/target/ozone-1.5.0-SNAPSHOT/compose/result/ozonesecure/ozonesecure_recon_1_ReconServer.stack'
renamed 'ozonesecure/result/ozonesecure_s3g_1_Gateway.stack' -> '/home/runner/work/ozone/ozone/hadoop-ozone/dist/target/ozone-1.5.0-SNAPSHOT/compose/result/ozonesecure/ozonesecure_s3g_1_Gateway.stack'
renamed 'ozonesecure/result/ozonesecure_scm_1_StorageContainerManagerStarter.stack' -> '/home/runner/work/ozone/ozone/hadoop-ozone/dist/target/ozone-1.5.0-SNAPSHOT/compose/result/ozonesecure/ozonesecure_scm_1_StorageContainerManagerStarter.stack'
renamed 'ozonesecure/result/s3g-audit-s3g.log' -> '/home/runner/work/ozone/ozone/hadoop-ozone/dist/target/ozone-1.5.0-SNAPSHOT/compose/result/ozonesecure/s3g-audit-s3g.log'
renamed 'ozonesecure/result/scm-audit-scm.log' -> '/home/runner/work/ozone/ozone/hadoop-ozone/dist/target/ozone-1.5.0-SNAPSHOT/compose/result/ozonesecure/scm-audit-scm.log'
Exception in thread "main" java.net.SocketException: Socket closed
	at java.base/java.net.PlainSocketImpl.socketAccept(Native Method)
	at java.base/java.net.AbstractPlainSocketImpl.accept(AbstractPlainSocketImpl.java:474)
	at java.base/java.net.ServerSocket.implAccept(ServerSocket.java:565)
	at java.base/java.net.ServerSocket.accept(ServerSocket.java:533)
	at org.apache.hadoop.test.JacocoServer.main(JacocoServer.java:60)
Log:     /home/runner/work/ozone/ozone/hadoop-ozone/dist/target/ozone-1.5.0-SNAPSHOT/compose/result/log.html
Report:  /home/runner/work/ozone/ozone/hadoop-ozone/dist/target/ozone-1.5.0-SNAPSHOT/compose/result/report.html
