Using Docker Compose v2
Executing test ozone-ha/test-haproxy-s3g.sh
Using Docker Compose v2

Port 9860 is not available on scm1 yet

Port 9860 is not available on scm1 yet

Port 9860 is not available on scm1 yet

Port 9860 is not available on scm1 yet

Port 9860 is not available on scm1 yet

Port 9860 is not available on scm1 yet

Port 9860 is not available on scm1 yet

Port 9860 is not available on scm1 yet

Port 9860 is not available on scm1 yet

Port 9860 is not available on scm1 yet

Port 9860 is not available on scm1 yet

Port 9860 is not available on scm1 yet

Port 9860 is not available on scm1 yet

Port 9860 is not available on scm1 yet

Port 9860 is not available on scm1 yet

Port 9860 is not available on scm1 yet

Port 9860 is not available on scm1 yet

Port 9860 is not available on scm1 yet
Port 9860 is available on scm1
SCM is in safe mode. Will retry in 1 sec. Remaining time (sec): 234
SCM is in safe mode. Will retry in 1 sec. Remaining time (sec): 233
SCM is in safe mode. Will retry in 1 sec. Remaining time (sec): 232
SCM is in safe mode. Will retry in 1 sec. Remaining time (sec): 231
SCM is in safe mode. Will retry in 1 sec. Remaining time (sec): 230
SCM is in safe mode. Will retry in 1 sec. Remaining time (sec): 229
SCM is in safe mode. Will retry in 1 sec. Remaining time (sec): 228
SCM is in safe mode. Will retry in 1 sec. Remaining time (sec): 227
SCM is in safe mode. Will retry in 1 sec. Remaining time (sec): 226
SCM is in safe mode. Will retry in 1 sec. Remaining time (sec): 225
SCM is in safe mode. Will retry in 1 sec. Remaining time (sec): 224
SCM is in safe mode. Will retry in 1 sec. Remaining time (sec): 223
SCM is in safe mode. Will retry in 1 sec. Remaining time (sec): 222
SCM is in safe mode. Will retry in 1 sec. Remaining time (sec): 221
SCM is in safe mode. Will retry in 1 sec. Remaining time (sec): 220
SCM is in safe mode. Will retry in 1 sec. Remaining time (sec): 219
SCM is in safe mode. Will retry in 1 sec. Remaining time (sec): 218
SCM is in safe mode. Will retry in 1 sec. Remaining time (sec): 217
SCM is in safe mode. Will retry in 1 sec. Remaining time (sec): 216
SCM is in safe mode. Will retry in 1 sec. Remaining time (sec): 215
SCM is in safe mode. Will retry in 1 sec. Remaining time (sec): 214
SCM is in safe mode. Will retry in 1 sec. Remaining time (sec): 213
SCM is in safe mode. Will retry in 1 sec. Remaining time (sec): 212
SCM is in safe mode. Will retry in 1 sec. Remaining time (sec): 211
SCM is in safe mode. Will retry in 1 sec. Remaining time (sec): 210
SCM is in safe mode. Will retry in 1 sec. Remaining time (sec): 209
SCM is in safe mode. Will retry in 1 sec. Remaining time (sec): 208
SCM is in safe mode. Will retry in 1 sec. Remaining time (sec): 207
SCM is in safe mode. Will retry in 1 sec. Remaining time (sec): 206
SCM is in safe mode. Will retry in 1 sec. Remaining time (sec): 205
SCM is in safe mode. Will retry in 1 sec. Remaining time (sec): 204
SCM is in safe mode. Will retry in 1 sec. Remaining time (sec): 203
SCM is in safe mode. Will retry in 1 sec. Remaining time (sec): 202
SCM is in safe mode. Will retry in 1 sec. Remaining time (sec): 201
SCM is in safe mode. Will retry in 1 sec. Remaining time (sec): 200
SCM is in safe mode. Will retry in 1 sec. Remaining time (sec): 199
SCM is in safe mode. Will retry in 1 sec. Remaining time (sec): 198
SCM is in safe mode. Will retry in 1 sec. Remaining time (sec): 197
SCM is out of safe mode.
No OM HA service, no need to wait
==============================================================================
s3-generated                                                                  
==============================================================================
s3-generated.Awss3 :: S3 gateway test with aws cli                            
==============================================================================
File upload and directory list                                        | PASS |
------------------------------------------------------------------------------
File upload with special chars                                        | PASS |
------------------------------------------------------------------------------
s3-generated.Awss3 :: S3 gateway test with aws cli                    | PASS |
2 tests, 2 passed, 0 failed
==============================================================================
s3-generated.Boto3 :: S3 gateway test with Boto3 Client                       
==============================================================================
Boto3 Client Test                                                     | PASS |
------------------------------------------------------------------------------
s3-generated.Boto3 :: S3 gateway test with Boto3 Client               | PASS |
1 test, 1 passed, 0 failed
==============================================================================
s3-generated.Bucketcreate :: S3 gateway test with aws cli                     
==============================================================================
Create new bucket                                                     | PASS |
------------------------------------------------------------------------------
Create bucket which already exists                                    | PASS |
------------------------------------------------------------------------------
Create bucket with invalid bucket name                                | PASS |
------------------------------------------------------------------------------
Create new bucket and check default group ACL                         | PASS |
------------------------------------------------------------------------------
Test buckets named like web endpoints                                 | PASS |
------------------------------------------------------------------------------
s3-generated.Bucketcreate :: S3 gateway test with aws cli             | PASS |
5 tests, 5 passed, 0 failed
==============================================================================
s3-generated.Bucketdelete :: S3 gateway test with aws cli                     
==============================================================================
Delete existing bucket                                                | PASS |
------------------------------------------------------------------------------
Delete non-existent bucket                                            | PASS |
------------------------------------------------------------------------------
Delete bucket with incomplete multipart uploads                       | PASS |
------------------------------------------------------------------------------
s3-generated.Bucketdelete :: S3 gateway test with aws cli             | PASS |
3 tests, 3 passed, 0 failed
==============================================================================
s3-generated.Buckethead :: S3 gateway test with aws cli                       
==============================================================================
Head Bucket                                                           | PASS |
------------------------------------------------------------------------------
Head Bucket not existent                                              | PASS |
------------------------------------------------------------------------------
s3-generated.Buckethead :: S3 gateway test with aws cli               | PASS |
2 tests, 2 passed, 0 failed
==============================================================================
s3-generated.Bucketlist :: S3 gateway test with aws cli                       
==============================================================================
List buckets                                                          | PASS |
------------------------------------------------------------------------------
Get bucket info with Ozone Shell to check the owner field             | PASS |
Skipping this check as security is not enabled
------------------------------------------------------------------------------
List buckets with empty access id                                     | PASS |
------------------------------------------------------------------------------
s3-generated.Bucketlist :: S3 gateway test with aws cli               | PASS |
3 tests, 3 passed, 0 failed
==============================================================================
s3-generated.Freon :: S3 gateway test with aws cli                            
==============================================================================
Run Freon S3BG                                                        | PASS |
------------------------------------------------------------------------------
s3-generated.Freon :: S3 gateway test with aws cli                    | PASS |
1 test, 1 passed, 0 failed
==============================================================================
s3-generated.MultipartUpload :: S3 gateway test with aws cli                  
==============================================================================
Test Multipart Upload With Adjusted Length                            | PASS |
------------------------------------------------------------------------------
Overwrite Empty File                                                  | PASS |
------------------------------------------------------------------------------
Test Multipart Upload                                                 | PASS |
------------------------------------------------------------------------------
Test Multipart Upload Complete                                        | PASS |
------------------------------------------------------------------------------
Test Multipart Upload with user defined metadata size larger than ... | PASS |
------------------------------------------------------------------------------
Test Multipart Upload Complete Entity too small                       | PASS |
------------------------------------------------------------------------------
Test Multipart Upload Complete Invalid part errors and complete mp... | PASS |
------------------------------------------------------------------------------
Test abort Multipart upload                                           | PASS |
------------------------------------------------------------------------------
Test abort Multipart upload with invalid uploadId                     | PASS |
------------------------------------------------------------------------------
Upload part with Incorrect uploadID                                   | PASS |
------------------------------------------------------------------------------
Test list parts                                                       | PASS |
------------------------------------------------------------------------------
Test Multipart Upload with the simplified aws s3 cp API               | PASS |
------------------------------------------------------------------------------
Test Multipart Upload Put With Copy                                   | PASS |
------------------------------------------------------------------------------
Test Multipart Upload Put With Copy and range                         | PASS |
------------------------------------------------------------------------------
Test Multipart Upload Put With Copy and range with IfModifiedSince    | PASS |
------------------------------------------------------------------------------
Test Multipart Upload list                                            | PASS |
------------------------------------------------------------------------------
s3-generated.MultipartUpload :: S3 gateway test with aws cli          | PASS |
16 tests, 16 passed, 0 failed
==============================================================================
s3-generated.Objectcopy :: S3 gateway test with aws cli                       
==============================================================================
Copy Object Happy Scenario                                            | PASS |
------------------------------------------------------------------------------
Copy Object Where Bucket is not available                             | PASS |
------------------------------------------------------------------------------
Copy Object Where both source and dest are same with change to sto... | PASS |
------------------------------------------------------------------------------
Copy Object Where Key not available                                   | PASS |
------------------------------------------------------------------------------
Copy Object using an invalid copy directive                           | PASS |
------------------------------------------------------------------------------
Copy Object with user defined metadata size larger than 2 KB          | PASS |
------------------------------------------------------------------------------
s3-generated.Objectcopy :: S3 gateway test with aws cli               | PASS |
6 tests, 6 passed, 0 failed
==============================================================================
s3-generated.Objectcopys3A :: S3 gateway test with aws cli                    
==============================================================================
Put object s3a simulation                                             | PASS |
------------------------------------------------------------------------------
s3-generated.Objectcopys3A :: S3 gateway test with aws cli            | PASS |
1 test, 1 passed, 0 failed
==============================================================================
s3-generated.Objectdelete :: S3 gateway test with aws cli                     
==============================================================================
Delete file with s3api                                                | PASS |
------------------------------------------------------------------------------
Delete file with s3api, file doesn't exist                            | PASS |
------------------------------------------------------------------------------
Delete dir with s3api                                                 | PASS |
------------------------------------------------------------------------------
Delete file with s3api, file doesn't exist, prefix of a real file     | PASS |
------------------------------------------------------------------------------
Delete file with s3api, bucket doesn't exist                          | PASS |
------------------------------------------------------------------------------
s3-generated.Objectdelete :: S3 gateway test with aws cli             | PASS |
5 tests, 5 passed, 0 failed
==============================================================================
s3-generated.Objecthead :: S3 gateway test with aws cli                       
==============================================================================
Head existing object                                                  | PASS |
------------------------------------------------------------------------------
Head object in non existing bucket                                    | PASS |
------------------------------------------------------------------------------
Head object where path is a directory                                 | PASS |
------------------------------------------------------------------------------
Head directory objects                                                | PASS |
------------------------------------------------------------------------------
Head non existing key                                                 | PASS |
------------------------------------------------------------------------------
s3-generated.Objecthead :: S3 gateway test with aws cli               | PASS |
5 tests, 5 passed, 0 failed
==============================================================================
s3-generated.Objectlist :: S3 max-keys validation test for negative and zer...
==============================================================================
List objects with negative max-keys should fail                       | PASS |
------------------------------------------------------------------------------
List objects with zero max-keys should fail                           | PASS |
------------------------------------------------------------------------------
List objects with max-keys exceeding config limit should not retur... | PASS |
------------------------------------------------------------------------------
List objects with max-keys less than config limit should return co... | PASS |
------------------------------------------------------------------------------
s3-generated.Objectlist :: S3 max-keys validation test for negativ... | PASS |
4 tests, 4 passed, 0 failed
==============================================================================
s3-generated.Objectmultidelete :: S3 gateway test with aws cli                
==============================================================================
Delete file with multi delete                                         | PASS |
------------------------------------------------------------------------------
s3-generated.Objectmultidelete :: S3 gateway test with aws cli        | PASS |
1 test, 1 passed, 0 failed
==============================================================================
s3-generated.Objectputget :: S3 gateway test with aws cli                     
==============================================================================
Put object to s3                                                      | PASS |
------------------------------------------------------------------------------
Get object from s3                                                    | PASS |
------------------------------------------------------------------------------
Get object with wrong signature                                       | PASS |
Skip in unsecure cluster
------------------------------------------------------------------------------
Get Partial object from s3 with both start and endoffset              | PASS |
------------------------------------------------------------------------------
Get Partial object from s3 with both start and endoffset(start off... | PASS |
------------------------------------------------------------------------------
Get Partial object from s3 with both start and endoffset(end offse... | PASS |
------------------------------------------------------------------------------
Get Partial object from s3 with only start offset                     | PASS |
------------------------------------------------------------------------------
Get Partial object from s3 with both start and endoffset which are... | PASS |
------------------------------------------------------------------------------
Get Partial object from s3 to get last n bytes                        | PASS |
------------------------------------------------------------------------------
Incorrect values for end and start offset                             | PASS |
------------------------------------------------------------------------------
Zero byte file                                                        | PASS |
------------------------------------------------------------------------------
Create file with user defined metadata and tags                       | PASS |
------------------------------------------------------------------------------
Create file with user defined metadata with gdpr enabled value in ... | PASS |
------------------------------------------------------------------------------
Create file with user defined metadata size larger than 2 KB          | PASS |
------------------------------------------------------------------------------
Create files invalid tags                                             | PASS |
------------------------------------------------------------------------------
Create files with too many tags                                       | PASS |
------------------------------------------------------------------------------
Create small file and expect ETag (MD5) in a reponse header           | PASS |
------------------------------------------------------------------------------
Download small file end expect ETag (MD5) in a response header        | PASS |
------------------------------------------------------------------------------
Create key with custom etag metadata and expect it won't conflict ... | PASS |
------------------------------------------------------------------------------
Create&Download big file by multipart upload and expect ETag in a ... | PASS |
------------------------------------------------------------------------------
Create key twice with different content and expect different ETags    | PASS |
------------------------------------------------------------------------------
Create&Download big file by multipart upload and get file via part... | PASS |
------------------------------------------------------------------------------
Create&Download big file by multipart upload and get file not exis... | PASS |
------------------------------------------------------------------------------
s3-generated.Objectputget :: S3 gateway test with aws cli             | PASS |
23 tests, 23 passed, 0 failed
==============================================================================
s3-generated.Objecttagging :: S3 gateway test with aws cli                    
==============================================================================
Put object tagging                                                    | PASS |
------------------------------------------------------------------------------
Get object tagging                                                    | PASS |
------------------------------------------------------------------------------
Delete object tagging                                                 | PASS |
------------------------------------------------------------------------------
s3-generated.Objecttagging :: S3 gateway test with aws cli            | PASS |
3 tests, 3 passed, 0 failed
==============================================================================
s3-generated.Rclone :: S3 gateway test with rclone client                     
==============================================================================
Rclone Client Test                                                    | PASS |
------------------------------------------------------------------------------
s3-generated.Rclone :: S3 gateway test with rclone client             | PASS |
1 test, 1 passed, 0 failed
==============================================================================
s3-generated.S3 Getsecret :: Test ozone s3 getsecret command                  
==============================================================================
Without OM service ID                                                 | PASS |
N/A
------------------------------------------------------------------------------
With OM service ID                                                    | PASS |
duplicate test in non-HA env.
------------------------------------------------------------------------------
s3-generated.S3 Getsecret :: Test ozone s3 getsecret command          | PASS |
2 tests, 2 passed, 0 failed
==============================================================================
s3-generated.Secretgenerate :: S3 Secret Generate test                        
==============================================================================
S3 Gateway Generate Secret                                            | PASS |
Skipping this check as security is not enabled
------------------------------------------------------------------------------
S3 Gateway Secret Already Exists                                      | PASS |
Skipping this check as security is not enabled
------------------------------------------------------------------------------
S3 Gateway Generate Secret By Username                                | PASS |
Skipping this check as security is not enabled
------------------------------------------------------------------------------
S3 Gateway Generate Secret By Username For Other User                 | PASS |
Skipping this check as security is not enabled
------------------------------------------------------------------------------
S3 Gateway Reject Secret Generation By Non-admin User                 | PASS |
Skipping this check as security is not enabled
------------------------------------------------------------------------------
s3-generated.Secretgenerate :: S3 Secret Generate test                | PASS |
5 tests, 5 passed, 0 failed
==============================================================================
s3-generated.Secretrevoke :: S3 Secret Revoke test                            
==============================================================================
S3 Gateway Revoke Secret                                              | PASS |
Skipping this check as security is not enabled
------------------------------------------------------------------------------
S3 Gateway Revoke Secret By Username                                  | PASS |
Skipping this check as security is not enabled
------------------------------------------------------------------------------
S3 Gateway Revoke Secret By Username For Other User                   | PASS |
Skipping this check as security is not enabled
------------------------------------------------------------------------------
S3 Gateway Reject Secret Revoke By Non-admin User                     | PASS |
Skipping this check as security is not enabled
------------------------------------------------------------------------------
s3-generated.Secretrevoke :: S3 Secret Revoke test                    | PASS |
4 tests, 4 passed, 0 failed
==============================================================================
s3-generated.Webui :: S3 gateway web ui test                                  
==============================================================================
Check web UI                                                          | PASS |
------------------------------------------------------------------------------
s3-generated.Webui :: S3 gateway web ui test                          | PASS |
1 test, 1 passed, 0 failed
==============================================================================
s3-generated                                                          | PASS |
94 tests, 94 passed, 0 failed
==============================================================================
Output:  /tmp/smoketest/ozone-ha/result/robot-001.xml
To use Ozone please mount ozone folder to /opt/hadoop
Output:  /rebot-output/ozone-ha-haproxy-s3g.xml
renamed '/home/runner/work/ozone/ozone/hadoop-ozone/dist/target/ozone-2.1.0-SNAPSHOT/compose/result/rebot-EWCV8Q/ozone-ha-haproxy-s3g.xml' -> '/home/runner/work/ozone/ozone/hadoop-ozone/dist/target/ozone-2.1.0-SNAPSHOT/compose/result/ozone-ha-haproxy-s3g.xml'
removed 'ozone-ha/result/robot-001.xml'
mkdir: created directory '/home/runner/work/ozone/ozone/hadoop-ozone/dist/target/ozone-2.1.0-SNAPSHOT/compose/result/ozone-ha'
mkdir: created directory '/home/runner/work/ozone/ozone/hadoop-ozone/dist/target/ozone-2.1.0-SNAPSHOT/compose/result/ozone-ha/haproxy-s3g'
renamed 'ozone-ha/result/dn-audit-1c5d92cd0912.log' -> '/home/runner/work/ozone/ozone/hadoop-ozone/dist/target/ozone-2.1.0-SNAPSHOT/compose/result/ozone-ha/haproxy-s3g/dn-audit-1c5d92cd0912.log'
renamed 'ozone-ha/result/dn-audit-2021982837f2.log' -> '/home/runner/work/ozone/ozone/hadoop-ozone/dist/target/ozone-2.1.0-SNAPSHOT/compose/result/ozone-ha/haproxy-s3g/dn-audit-2021982837f2.log'
renamed 'ozone-ha/result/dn-audit-a7ef37cc66ed.log' -> '/home/runner/work/ozone/ozone/hadoop-ozone/dist/target/ozone-2.1.0-SNAPSHOT/compose/result/ozone-ha/haproxy-s3g/dn-audit-a7ef37cc66ed.log'
renamed 'ozone-ha/result/docker-ozone-ha-datanode-1.log' -> '/home/runner/work/ozone/ozone/hadoop-ozone/dist/target/ozone-2.1.0-SNAPSHOT/compose/result/ozone-ha/haproxy-s3g/docker-ozone-ha-datanode-1.log'
renamed 'ozone-ha/result/docker-ozone-ha-datanode-2.log' -> '/home/runner/work/ozone/ozone/hadoop-ozone/dist/target/ozone-2.1.0-SNAPSHOT/compose/result/ozone-ha/haproxy-s3g/docker-ozone-ha-datanode-2.log'
renamed 'ozone-ha/result/docker-ozone-ha-datanode-3.log' -> '/home/runner/work/ozone/ozone/hadoop-ozone/dist/target/ozone-2.1.0-SNAPSHOT/compose/result/ozone-ha/haproxy-s3g/docker-ozone-ha-datanode-3.log'
renamed 'ozone-ha/result/docker-ozone-ha-httpfs-1.log' -> '/home/runner/work/ozone/ozone/hadoop-ozone/dist/target/ozone-2.1.0-SNAPSHOT/compose/result/ozone-ha/haproxy-s3g/docker-ozone-ha-httpfs-1.log'
renamed 'ozone-ha/result/docker-ozone-ha-om1-1.log' -> '/home/runner/work/ozone/ozone/hadoop-ozone/dist/target/ozone-2.1.0-SNAPSHOT/compose/result/ozone-ha/haproxy-s3g/docker-ozone-ha-om1-1.log'
renamed 'ozone-ha/result/docker-ozone-ha-om2-1.log' -> '/home/runner/work/ozone/ozone/hadoop-ozone/dist/target/ozone-2.1.0-SNAPSHOT/compose/result/ozone-ha/haproxy-s3g/docker-ozone-ha-om2-1.log'
renamed 'ozone-ha/result/docker-ozone-ha-om3-1.log' -> '/home/runner/work/ozone/ozone/hadoop-ozone/dist/target/ozone-2.1.0-SNAPSHOT/compose/result/ozone-ha/haproxy-s3g/docker-ozone-ha-om3-1.log'
renamed 'ozone-ha/result/docker-ozone-ha-recon-1.log' -> '/home/runner/work/ozone/ozone/hadoop-ozone/dist/target/ozone-2.1.0-SNAPSHOT/compose/result/ozone-ha/haproxy-s3g/docker-ozone-ha-recon-1.log'
renamed 'ozone-ha/result/docker-ozone-ha-s3g-1.log' -> '/home/runner/work/ozone/ozone/hadoop-ozone/dist/target/ozone-2.1.0-SNAPSHOT/compose/result/ozone-ha/haproxy-s3g/docker-ozone-ha-s3g-1.log'
renamed 'ozone-ha/result/docker-ozone-ha-s3g1-1.log' -> '/home/runner/work/ozone/ozone/hadoop-ozone/dist/target/ozone-2.1.0-SNAPSHOT/compose/result/ozone-ha/haproxy-s3g/docker-ozone-ha-s3g1-1.log'
renamed 'ozone-ha/result/docker-ozone-ha-s3g2-1.log' -> '/home/runner/work/ozone/ozone/hadoop-ozone/dist/target/ozone-2.1.0-SNAPSHOT/compose/result/ozone-ha/haproxy-s3g/docker-ozone-ha-s3g2-1.log'
renamed 'ozone-ha/result/docker-ozone-ha-s3g3-1.log' -> '/home/runner/work/ozone/ozone/hadoop-ozone/dist/target/ozone-2.1.0-SNAPSHOT/compose/result/ozone-ha/haproxy-s3g/docker-ozone-ha-s3g3-1.log'
renamed 'ozone-ha/result/docker-ozone-ha-scm1-1.log' -> '/home/runner/work/ozone/ozone/hadoop-ozone/dist/target/ozone-2.1.0-SNAPSHOT/compose/result/ozone-ha/haproxy-s3g/docker-ozone-ha-scm1-1.log'
renamed 'ozone-ha/result/docker-ozone-ha-scm2-1.log' -> '/home/runner/work/ozone/ozone/hadoop-ozone/dist/target/ozone-2.1.0-SNAPSHOT/compose/result/ozone-ha/haproxy-s3g/docker-ozone-ha-scm2-1.log'
renamed 'ozone-ha/result/docker-ozone-ha-scm3-1.log' -> '/home/runner/work/ozone/ozone/hadoop-ozone/dist/target/ozone-2.1.0-SNAPSHOT/compose/result/ozone-ha/haproxy-s3g/docker-ozone-ha-scm3-1.log'
renamed 'ozone-ha/result/om-audit-om1.log' -> '/home/runner/work/ozone/ozone/hadoop-ozone/dist/target/ozone-2.1.0-SNAPSHOT/compose/result/ozone-ha/haproxy-s3g/om-audit-om1.log'
renamed 'ozone-ha/result/om-audit-om2.log' -> '/home/runner/work/ozone/ozone/hadoop-ozone/dist/target/ozone-2.1.0-SNAPSHOT/compose/result/ozone-ha/haproxy-s3g/om-audit-om2.log'
renamed 'ozone-ha/result/om-audit-om3.log' -> '/home/runner/work/ozone/ozone/hadoop-ozone/dist/target/ozone-2.1.0-SNAPSHOT/compose/result/ozone-ha/haproxy-s3g/om-audit-om3.log'
renamed 'ozone-ha/result/om-sys-audit-om1.log' -> '/home/runner/work/ozone/ozone/hadoop-ozone/dist/target/ozone-2.1.0-SNAPSHOT/compose/result/ozone-ha/haproxy-s3g/om-sys-audit-om1.log'
renamed 'ozone-ha/result/om-sys-audit-om2.log' -> '/home/runner/work/ozone/ozone/hadoop-ozone/dist/target/ozone-2.1.0-SNAPSHOT/compose/result/ozone-ha/haproxy-s3g/om-sys-audit-om2.log'
renamed 'ozone-ha/result/om-sys-audit-om3.log' -> '/home/runner/work/ozone/ozone/hadoop-ozone/dist/target/ozone-2.1.0-SNAPSHOT/compose/result/ozone-ha/haproxy-s3g/om-sys-audit-om3.log'
renamed 'ozone-ha/result/s3g-audit-5616e1b45fb0.log' -> '/home/runner/work/ozone/ozone/hadoop-ozone/dist/target/ozone-2.1.0-SNAPSHOT/compose/result/ozone-ha/haproxy-s3g/s3g-audit-5616e1b45fb0.log'
renamed 'ozone-ha/result/s3g-audit-94f916be3234.log' -> '/home/runner/work/ozone/ozone/hadoop-ozone/dist/target/ozone-2.1.0-SNAPSHOT/compose/result/ozone-ha/haproxy-s3g/s3g-audit-94f916be3234.log'
renamed 'ozone-ha/result/s3g-audit-b4dfa1fe1500.log' -> '/home/runner/work/ozone/ozone/hadoop-ozone/dist/target/ozone-2.1.0-SNAPSHOT/compose/result/ozone-ha/haproxy-s3g/s3g-audit-b4dfa1fe1500.log'
renamed 'ozone-ha/result/scm-audit-678c82179f3a.log' -> '/home/runner/work/ozone/ozone/hadoop-ozone/dist/target/ozone-2.1.0-SNAPSHOT/compose/result/ozone-ha/haproxy-s3g/scm-audit-678c82179f3a.log'
renamed 'ozone-ha/result/scm-audit-8ae8040accc4.log' -> '/home/runner/work/ozone/ozone/hadoop-ozone/dist/target/ozone-2.1.0-SNAPSHOT/compose/result/ozone-ha/haproxy-s3g/scm-audit-8ae8040accc4.log'
renamed 'ozone-ha/result/scm-audit-ebdf001c0137.log' -> '/home/runner/work/ozone/ozone/hadoop-ozone/dist/target/ozone-2.1.0-SNAPSHOT/compose/result/ozone-ha/haproxy-s3g/scm-audit-ebdf001c0137.log'
Executing test ozone-ha/test.sh
Using Docker Compose v2

Port 9860 is not available on scm1 yet

Port 9860 is not available on scm1 yet

Port 9860 is not available on scm1 yet

Port 9860 is not available on scm1 yet

Port 9860 is not available on scm1 yet

Port 9860 is not available on scm1 yet

Port 9860 is not available on scm1 yet

Port 9860 is not available on scm1 yet

Port 9860 is not available on scm1 yet

Port 9860 is not available on scm1 yet

Port 9860 is not available on scm1 yet

Port 9860 is not available on scm1 yet

Port 9860 is not available on scm1 yet

Port 9860 is not available on scm1 yet

Port 9860 is not available on scm1 yet

Port 9860 is not available on scm1 yet

Port 9860 is not available on scm1 yet
Port 9860 is available on scm1
SCM is in safe mode. Will retry in 1 sec. Remaining time (sec): 234
SCM is in safe mode. Will retry in 1 sec. Remaining time (sec): 233
SCM is in safe mode. Will retry in 1 sec. Remaining time (sec): 232
SCM is in safe mode. Will retry in 1 sec. Remaining time (sec): 231
SCM is in safe mode. Will retry in 1 sec. Remaining time (sec): 230
SCM is in safe mode. Will retry in 1 sec. Remaining time (sec): 229
SCM is in safe mode. Will retry in 1 sec. Remaining time (sec): 228
SCM is in safe mode. Will retry in 1 sec. Remaining time (sec): 227
SCM is in safe mode. Will retry in 1 sec. Remaining time (sec): 226
SCM is in safe mode. Will retry in 1 sec. Remaining time (sec): 225
SCM is in safe mode. Will retry in 1 sec. Remaining time (sec): 224
SCM is in safe mode. Will retry in 1 sec. Remaining time (sec): 223
SCM is in safe mode. Will retry in 1 sec. Remaining time (sec): 222
SCM is in safe mode. Will retry in 1 sec. Remaining time (sec): 221
SCM is in safe mode. Will retry in 1 sec. Remaining time (sec): 220
SCM is in safe mode. Will retry in 1 sec. Remaining time (sec): 219
SCM is in safe mode. Will retry in 1 sec. Remaining time (sec): 218
SCM is in safe mode. Will retry in 1 sec. Remaining time (sec): 217
SCM is in safe mode. Will retry in 1 sec. Remaining time (sec): 216
SCM is in safe mode. Will retry in 1 sec. Remaining time (sec): 215
SCM is in safe mode. Will retry in 1 sec. Remaining time (sec): 214
SCM is in safe mode. Will retry in 1 sec. Remaining time (sec): 213
SCM is in safe mode. Will retry in 1 sec. Remaining time (sec): 212
SCM is in safe mode. Will retry in 1 sec. Remaining time (sec): 211
SCM is in safe mode. Will retry in 1 sec. Remaining time (sec): 210
SCM is in safe mode. Will retry in 1 sec. Remaining time (sec): 209
SCM is in safe mode. Will retry in 1 sec. Remaining time (sec): 208
SCM is in safe mode. Will retry in 1 sec. Remaining time (sec): 207
SCM is in safe mode. Will retry in 1 sec. Remaining time (sec): 206
SCM is in safe mode. Will retry in 1 sec. Remaining time (sec): 205
SCM is in safe mode. Will retry in 1 sec. Remaining time (sec): 204
SCM is in safe mode. Will retry in 1 sec. Remaining time (sec): 203
SCM is in safe mode. Will retry in 1 sec. Remaining time (sec): 202
SCM is in safe mode. Will retry in 1 sec. Remaining time (sec): 201
SCM is in safe mode. Will retry in 1 sec. Remaining time (sec): 200
SCM is in safe mode. Will retry in 1 sec. Remaining time (sec): 199
SCM is in safe mode. Will retry in 1 sec. Remaining time (sec): 198
SCM is in safe mode. Will retry in 1 sec. Remaining time (sec): 197
SCM is out of safe mode.
Found OM leader for service omservice: om3 : LEADER (om3)
Replaced OM order with om3,om2,om1 in ozone-ha-datanode-1
Replaced OM order with om3,om2,om1 in ozone-ha-datanode-2
Replaced OM order with om3,om2,om1 in ozone-ha-datanode-3
Replaced OM order with om3,om2,om1 in ozone-ha-datanode-4
Replaced OM order with om3,om2,om1 in ozone-ha-datanode-5
Replaced OM order with om3,om2,om1 in ozone-ha-httpfs-1
Replaced OM order with om3,om2,om1 in ozone-ha-om1-1
Replaced OM order with om3,om2,om1 in ozone-ha-om2-1
Replaced OM order with om3,om2,om1 in ozone-ha-om3-1
Replaced OM order with om3,om2,om1 in ozone-ha-recon-1
Replaced OM order with om3,om2,om1 in ozone-ha-s3g-1
Replaced OM order with om3,om2,om1 in ozone-ha-scm1-1
Replaced OM order with om3,om2,om1 in ozone-ha-scm2-1
Replaced OM order with om3,om2,om1 in ozone-ha-scm3-1
==============================================================================
Ozone-Shell-Single :: Test ozone shell CLI usage                              
==============================================================================
Test ozone shell                                                      | PASS |
------------------------------------------------------------------------------
Ozone-Shell-Single :: Test ozone shell CLI usage                      | PASS |
1 test, 1 passed, 0 failed
==============================================================================
Output:  /tmp/smoketest/ozone-ha/result/robot-001.xml
==============================================================================
Links :: Test bucket links via Ozone CLI                                      
==============================================================================
Link to non-existent bucket                                           | PASS |
------------------------------------------------------------------------------
Key create passthrough                                                | PASS |
------------------------------------------------------------------------------
Key read passthrough                                                  | PASS |
------------------------------------------------------------------------------
Key list passthrough                                                  | PASS |
------------------------------------------------------------------------------
Key delete passthrough                                                | PASS |
------------------------------------------------------------------------------
Bucket list contains links                                            | PASS |
------------------------------------------------------------------------------
Bucket info shows source                                              | PASS |
------------------------------------------------------------------------------
Source and target bucket have different ACLs                          | PASS |
------------------------------------------------------------------------------
Source and target key have same ACLs                                  | PASS |
------------------------------------------------------------------------------
Source and target prefix have same ACLs                               | PASS |
------------------------------------------------------------------------------
Buckets and links share namespace                                     | PASS |
------------------------------------------------------------------------------
Can follow link with read access                                      | PASS |
------------------------------------------------------------------------------
Cannot follow link without read access                                | PASS |
------------------------------------------------------------------------------
ACL verified on source and target bucket                              | PASS |
------------------------------------------------------------------------------
Loop in link chain is detected                                        | PASS |
------------------------------------------------------------------------------
Multiple links to same bucket are allowed                             | PASS |
------------------------------------------------------------------------------
Source bucket not affected by deleting link                           | PASS |
------------------------------------------------------------------------------
Setting bucket property on link not allowed                           | PASS |
------------------------------------------------------------------------------
Links :: Test bucket links via Ozone CLI                              | PASS |
18 tests, 18 passed, 0 failed
==============================================================================
Output:  /tmp/smoketest/ozone-ha/result/robot-002.xml
==============================================================================
ozonefs-ofs-link :: Ozone FS tests                                            
==============================================================================
List root                                                             | PASS |
------------------------------------------------------------------------------
List non-existent volume                                              | PASS |
------------------------------------------------------------------------------
List non-existent bucket                                              | PASS |
------------------------------------------------------------------------------
Create dir with parents                                               | PASS |
------------------------------------------------------------------------------
Copy from local                                                       | PASS |
------------------------------------------------------------------------------
Put                                                                   | PASS |
------------------------------------------------------------------------------
Check disk usage after create a file which uses RATIS replication ... | PASS |
------------------------------------------------------------------------------
Put with Streaming                                                    | PASS |
------------------------------------------------------------------------------
List                                                                  | PASS |
------------------------------------------------------------------------------
Move                                                                  | PASS |
------------------------------------------------------------------------------
Copy within FS                                                        | PASS |
------------------------------------------------------------------------------
Cat file                                                              | PASS |
------------------------------------------------------------------------------
Delete file                                                           | PASS |
------------------------------------------------------------------------------
Delete dir                                                            | PASS |
------------------------------------------------------------------------------
Touch file                                                            | PASS |
------------------------------------------------------------------------------
Delete file with Trash                                                | FAIL |
1 != 0
------------------------------------------------------------------------------
Delete recursively                                                    | PASS |
------------------------------------------------------------------------------
List recursively                                                      | PASS |
------------------------------------------------------------------------------
Copy to other bucket                                                  | PASS |
------------------------------------------------------------------------------
Copy to other volume                                                  | PASS |
------------------------------------------------------------------------------
List file created via shell                                           | PASS |
------------------------------------------------------------------------------
Reject overwrite existing                                             | PASS |
------------------------------------------------------------------------------
Get file                                                              | PASS |
------------------------------------------------------------------------------
ozonefs-ofs-link :: Ozone FS tests                                    | FAIL |
23 tests, 22 passed, 1 failed
==============================================================================
Output:  /tmp/smoketest/ozone-ha/result/robot-003.xml

jstack 7 > /home/runner/work/ozone/ozone/hadoop-ozone/dist/target/ozone-2.1.0-SNAPSHOT/compose/ozone-ha/result/ozone-ha-datanode-1_HddsDatanodeService.stack
jstack 7 > /home/runner/work/ozone/ozone/hadoop-ozone/dist/target/ozone-2.1.0-SNAPSHOT/compose/ozone-ha/result/ozone-ha-datanode-2_HddsDatanodeService.stack
jstack 7 > /home/runner/work/ozone/ozone/hadoop-ozone/dist/target/ozone-2.1.0-SNAPSHOT/compose/ozone-ha/result/ozone-ha-datanode-3_HddsDatanodeService.stack
jstack 6 > /home/runner/work/ozone/ozone/hadoop-ozone/dist/target/ozone-2.1.0-SNAPSHOT/compose/ozone-ha/result/ozone-ha-datanode-4_HddsDatanodeService.stack
jstack 7 > /home/runner/work/ozone/ozone/hadoop-ozone/dist/target/ozone-2.1.0-SNAPSHOT/compose/ozone-ha/result/ozone-ha-datanode-5_HddsDatanodeService.stack
jstack 7 > /home/runner/work/ozone/ozone/hadoop-ozone/dist/target/ozone-2.1.0-SNAPSHOT/compose/ozone-ha/result/ozone-ha-om1-1_OzoneManagerStarter.stack
jstack 7 > /home/runner/work/ozone/ozone/hadoop-ozone/dist/target/ozone-2.1.0-SNAPSHOT/compose/ozone-ha/result/ozone-ha-om2-1_OzoneManagerStarter.stack
jstack 6 > /home/runner/work/ozone/ozone/hadoop-ozone/dist/target/ozone-2.1.0-SNAPSHOT/compose/ozone-ha/result/ozone-ha-om3-1_OzoneManagerStarter.stack
jstack 7 > /home/runner/work/ozone/ozone/hadoop-ozone/dist/target/ozone-2.1.0-SNAPSHOT/compose/ozone-ha/result/ozone-ha-recon-1_ReconServer.stack
jstack 7 > /home/runner/work/ozone/ozone/hadoop-ozone/dist/target/ozone-2.1.0-SNAPSHOT/compose/ozone-ha/result/ozone-ha-s3g-1_Gateway.stack
jstack 7 > /home/runner/work/ozone/ozone/hadoop-ozone/dist/target/ozone-2.1.0-SNAPSHOT/compose/ozone-ha/result/ozone-ha-scm1-1_StorageContainerManagerStarter.stack
jstack 7 > /home/runner/work/ozone/ozone/hadoop-ozone/dist/target/ozone-2.1.0-SNAPSHOT/compose/ozone-ha/result/ozone-ha-scm2-1_StorageContainerManagerStarter.stack
jstack 7 > /home/runner/work/ozone/ozone/hadoop-ozone/dist/target/ozone-2.1.0-SNAPSHOT/compose/ozone-ha/result/ozone-ha-scm3-1_StorageContainerManagerStarter.stack
ERROR: Test execution of ozone-ha/test.sh is FAILED!!!!
To use Ozone please mount ozone folder to /opt/hadoop
Output:  /rebot-output/ozone-ha.xml
renamed '/home/runner/work/ozone/ozone/hadoop-ozone/dist/target/ozone-2.1.0-SNAPSHOT/compose/result/rebot-L00ljE/ozone-ha.xml' -> '/home/runner/work/ozone/ozone/hadoop-ozone/dist/target/ozone-2.1.0-SNAPSHOT/compose/result/ozone-ha.xml'
removed 'ozone-ha/result/robot-001.xml'
removed 'ozone-ha/result/robot-002.xml'
removed 'ozone-ha/result/robot-003.xml'
renamed 'ozone-ha/result/dn-audit-1fa56ac31cee.log' -> '/home/runner/work/ozone/ozone/hadoop-ozone/dist/target/ozone-2.1.0-SNAPSHOT/compose/result/ozone-ha/dn-audit-1fa56ac31cee.log'
renamed 'ozone-ha/result/dn-audit-52ca77c75d3f.log' -> '/home/runner/work/ozone/ozone/hadoop-ozone/dist/target/ozone-2.1.0-SNAPSHOT/compose/result/ozone-ha/dn-audit-52ca77c75d3f.log'
renamed 'ozone-ha/result/dn-audit-5d3cbe49cd02.log' -> '/home/runner/work/ozone/ozone/hadoop-ozone/dist/target/ozone-2.1.0-SNAPSHOT/compose/result/ozone-ha/dn-audit-5d3cbe49cd02.log'
renamed 'ozone-ha/result/dn-audit-92374545ac83.log' -> '/home/runner/work/ozone/ozone/hadoop-ozone/dist/target/ozone-2.1.0-SNAPSHOT/compose/result/ozone-ha/dn-audit-92374545ac83.log'
renamed 'ozone-ha/result/dn-audit-bb8c6d8ef63b.log' -> '/home/runner/work/ozone/ozone/hadoop-ozone/dist/target/ozone-2.1.0-SNAPSHOT/compose/result/ozone-ha/dn-audit-bb8c6d8ef63b.log'
renamed 'ozone-ha/result/docker-ozone-ha-datanode-1.log' -> '/home/runner/work/ozone/ozone/hadoop-ozone/dist/target/ozone-2.1.0-SNAPSHOT/compose/result/ozone-ha/docker-ozone-ha-datanode-1.log'
renamed 'ozone-ha/result/docker-ozone-ha-datanode-2.log' -> '/home/runner/work/ozone/ozone/hadoop-ozone/dist/target/ozone-2.1.0-SNAPSHOT/compose/result/ozone-ha/docker-ozone-ha-datanode-2.log'
renamed 'ozone-ha/result/docker-ozone-ha-datanode-3.log' -> '/home/runner/work/ozone/ozone/hadoop-ozone/dist/target/ozone-2.1.0-SNAPSHOT/compose/result/ozone-ha/docker-ozone-ha-datanode-3.log'
renamed 'ozone-ha/result/docker-ozone-ha-datanode-4.log' -> '/home/runner/work/ozone/ozone/hadoop-ozone/dist/target/ozone-2.1.0-SNAPSHOT/compose/result/ozone-ha/docker-ozone-ha-datanode-4.log'
renamed 'ozone-ha/result/docker-ozone-ha-datanode-5.log' -> '/home/runner/work/ozone/ozone/hadoop-ozone/dist/target/ozone-2.1.0-SNAPSHOT/compose/result/ozone-ha/docker-ozone-ha-datanode-5.log'
renamed 'ozone-ha/result/docker-ozone-ha-httpfs-1.log' -> '/home/runner/work/ozone/ozone/hadoop-ozone/dist/target/ozone-2.1.0-SNAPSHOT/compose/result/ozone-ha/docker-ozone-ha-httpfs-1.log'
renamed 'ozone-ha/result/docker-ozone-ha-om1-1.log' -> '/home/runner/work/ozone/ozone/hadoop-ozone/dist/target/ozone-2.1.0-SNAPSHOT/compose/result/ozone-ha/docker-ozone-ha-om1-1.log'
renamed 'ozone-ha/result/docker-ozone-ha-om2-1.log' -> '/home/runner/work/ozone/ozone/hadoop-ozone/dist/target/ozone-2.1.0-SNAPSHOT/compose/result/ozone-ha/docker-ozone-ha-om2-1.log'
renamed 'ozone-ha/result/docker-ozone-ha-om3-1.log' -> '/home/runner/work/ozone/ozone/hadoop-ozone/dist/target/ozone-2.1.0-SNAPSHOT/compose/result/ozone-ha/docker-ozone-ha-om3-1.log'
renamed 'ozone-ha/result/docker-ozone-ha-recon-1.log' -> '/home/runner/work/ozone/ozone/hadoop-ozone/dist/target/ozone-2.1.0-SNAPSHOT/compose/result/ozone-ha/docker-ozone-ha-recon-1.log'
renamed 'ozone-ha/result/docker-ozone-ha-s3g-1.log' -> '/home/runner/work/ozone/ozone/hadoop-ozone/dist/target/ozone-2.1.0-SNAPSHOT/compose/result/ozone-ha/docker-ozone-ha-s3g-1.log'
renamed 'ozone-ha/result/docker-ozone-ha-scm1-1.log' -> '/home/runner/work/ozone/ozone/hadoop-ozone/dist/target/ozone-2.1.0-SNAPSHOT/compose/result/ozone-ha/docker-ozone-ha-scm1-1.log'
renamed 'ozone-ha/result/docker-ozone-ha-scm2-1.log' -> '/home/runner/work/ozone/ozone/hadoop-ozone/dist/target/ozone-2.1.0-SNAPSHOT/compose/result/ozone-ha/docker-ozone-ha-scm2-1.log'
renamed 'ozone-ha/result/docker-ozone-ha-scm3-1.log' -> '/home/runner/work/ozone/ozone/hadoop-ozone/dist/target/ozone-2.1.0-SNAPSHOT/compose/result/ozone-ha/docker-ozone-ha-scm3-1.log'
renamed 'ozone-ha/result/om-audit-om1.log' -> '/home/runner/work/ozone/ozone/hadoop-ozone/dist/target/ozone-2.1.0-SNAPSHOT/compose/result/ozone-ha/om-audit-om1.log'
renamed 'ozone-ha/result/om-audit-om2.log' -> '/home/runner/work/ozone/ozone/hadoop-ozone/dist/target/ozone-2.1.0-SNAPSHOT/compose/result/ozone-ha/om-audit-om2.log'
renamed 'ozone-ha/result/om-audit-om3.log' -> '/home/runner/work/ozone/ozone/hadoop-ozone/dist/target/ozone-2.1.0-SNAPSHOT/compose/result/ozone-ha/om-audit-om3.log'
renamed 'ozone-ha/result/om-sys-audit-om1.log' -> '/home/runner/work/ozone/ozone/hadoop-ozone/dist/target/ozone-2.1.0-SNAPSHOT/compose/result/ozone-ha/om-sys-audit-om1.log'
renamed 'ozone-ha/result/om-sys-audit-om2.log' -> '/home/runner/work/ozone/ozone/hadoop-ozone/dist/target/ozone-2.1.0-SNAPSHOT/compose/result/ozone-ha/om-sys-audit-om2.log'
renamed 'ozone-ha/result/om-sys-audit-om3.log' -> '/home/runner/work/ozone/ozone/hadoop-ozone/dist/target/ozone-2.1.0-SNAPSHOT/compose/result/ozone-ha/om-sys-audit-om3.log'
renamed 'ozone-ha/result/ozone-ha-datanode-1_HddsDatanodeService.stack' -> '/home/runner/work/ozone/ozone/hadoop-ozone/dist/target/ozone-2.1.0-SNAPSHOT/compose/result/ozone-ha/ozone-ha-datanode-1_HddsDatanodeService.stack'
renamed 'ozone-ha/result/ozone-ha-datanode-2_HddsDatanodeService.stack' -> '/home/runner/work/ozone/ozone/hadoop-ozone/dist/target/ozone-2.1.0-SNAPSHOT/compose/result/ozone-ha/ozone-ha-datanode-2_HddsDatanodeService.stack'
renamed 'ozone-ha/result/ozone-ha-datanode-3_HddsDatanodeService.stack' -> '/home/runner/work/ozone/ozone/hadoop-ozone/dist/target/ozone-2.1.0-SNAPSHOT/compose/result/ozone-ha/ozone-ha-datanode-3_HddsDatanodeService.stack'
renamed 'ozone-ha/result/ozone-ha-datanode-4_HddsDatanodeService.stack' -> '/home/runner/work/ozone/ozone/hadoop-ozone/dist/target/ozone-2.1.0-SNAPSHOT/compose/result/ozone-ha/ozone-ha-datanode-4_HddsDatanodeService.stack'
renamed 'ozone-ha/result/ozone-ha-datanode-5_HddsDatanodeService.stack' -> '/home/runner/work/ozone/ozone/hadoop-ozone/dist/target/ozone-2.1.0-SNAPSHOT/compose/result/ozone-ha/ozone-ha-datanode-5_HddsDatanodeService.stack'
renamed 'ozone-ha/result/ozone-ha-om1-1_OzoneManagerStarter.stack' -> '/home/runner/work/ozone/ozone/hadoop-ozone/dist/target/ozone-2.1.0-SNAPSHOT/compose/result/ozone-ha/ozone-ha-om1-1_OzoneManagerStarter.stack'
renamed 'ozone-ha/result/ozone-ha-om2-1_OzoneManagerStarter.stack' -> '/home/runner/work/ozone/ozone/hadoop-ozone/dist/target/ozone-2.1.0-SNAPSHOT/compose/result/ozone-ha/ozone-ha-om2-1_OzoneManagerStarter.stack'
renamed 'ozone-ha/result/ozone-ha-om3-1_OzoneManagerStarter.stack' -> '/home/runner/work/ozone/ozone/hadoop-ozone/dist/target/ozone-2.1.0-SNAPSHOT/compose/result/ozone-ha/ozone-ha-om3-1_OzoneManagerStarter.stack'
renamed 'ozone-ha/result/ozone-ha-recon-1_ReconServer.stack' -> '/home/runner/work/ozone/ozone/hadoop-ozone/dist/target/ozone-2.1.0-SNAPSHOT/compose/result/ozone-ha/ozone-ha-recon-1_ReconServer.stack'
renamed 'ozone-ha/result/ozone-ha-s3g-1_Gateway.stack' -> '/home/runner/work/ozone/ozone/hadoop-ozone/dist/target/ozone-2.1.0-SNAPSHOT/compose/result/ozone-ha/ozone-ha-s3g-1_Gateway.stack'
renamed 'ozone-ha/result/ozone-ha-scm1-1_StorageContainerManagerStarter.stack' -> '/home/runner/work/ozone/ozone/hadoop-ozone/dist/target/ozone-2.1.0-SNAPSHOT/compose/result/ozone-ha/ozone-ha-scm1-1_StorageContainerManagerStarter.stack'
renamed 'ozone-ha/result/ozone-ha-scm2-1_StorageContainerManagerStarter.stack' -> '/home/runner/work/ozone/ozone/hadoop-ozone/dist/target/ozone-2.1.0-SNAPSHOT/compose/result/ozone-ha/ozone-ha-scm2-1_StorageContainerManagerStarter.stack'
renamed 'ozone-ha/result/ozone-ha-scm3-1_StorageContainerManagerStarter.stack' -> '/home/runner/work/ozone/ozone/hadoop-ozone/dist/target/ozone-2.1.0-SNAPSHOT/compose/result/ozone-ha/ozone-ha-scm3-1_StorageContainerManagerStarter.stack'
renamed 'ozone-ha/result/s3g-audit-b41e40d970ba.log' -> '/home/runner/work/ozone/ozone/hadoop-ozone/dist/target/ozone-2.1.0-SNAPSHOT/compose/result/ozone-ha/s3g-audit-b41e40d970ba.log'
renamed 'ozone-ha/result/scm-audit-5ce8bb918184.log' -> '/home/runner/work/ozone/ozone/hadoop-ozone/dist/target/ozone-2.1.0-SNAPSHOT/compose/result/ozone-ha/scm-audit-5ce8bb918184.log'
renamed 'ozone-ha/result/scm-audit-ad4956246089.log' -> '/home/runner/work/ozone/ozone/hadoop-ozone/dist/target/ozone-2.1.0-SNAPSHOT/compose/result/ozone-ha/scm-audit-ad4956246089.log'
renamed 'ozone-ha/result/scm-audit-bc5d58372c93.log' -> '/home/runner/work/ozone/ozone/hadoop-ozone/dist/target/ozone-2.1.0-SNAPSHOT/compose/result/ozone-ha/scm-audit-bc5d58372c93.log'
To use Ozone please mount ozone folder to /opt/hadoop
Log:     /rebot-output/log.html
Report:  /rebot-output/report.html
renamed '/home/runner/work/ozone/ozone/hadoop-ozone/dist/target/ozone-2.1.0-SNAPSHOT/compose/result/rebot-dL7beb/log.html' -> '/home/runner/work/ozone/ozone/hadoop-ozone/dist/target/ozone-2.1.0-SNAPSHOT/compose/result/log.html'
renamed '/home/runner/work/ozone/ozone/hadoop-ozone/dist/target/ozone-2.1.0-SNAPSHOT/compose/result/rebot-dL7beb/report.html' -> '/home/runner/work/ozone/ozone/hadoop-ozone/dist/target/ozone-2.1.0-SNAPSHOT/compose/result/report.html'
removed directory '/tmp/robot-data-nBtHAx'
