Using Docker Compose v2
Executing test ozonesecure-ha/test-leadership.sh
Using Docker Compose v2
Error: Could not find or load main class org.apache.ozone.test.JacocoServer
Caused by: java.lang.ClassNotFoundException: org.apache.ozone.test.JacocoServer
Port 88 is available on kdc
Port 9860 is not available on scm1.org yet
Port 9860 is not available on scm1.org yet
Port 9860 is not available on scm1.org yet
Port 9860 is not available on scm1.org yet
Port 9860 is not available on scm1.org yet
Port 9860 is not available on scm1.org yet
Port 9860 is not available on scm1.org yet
Port 9860 is not available on scm1.org yet
service "scm1.org" is not running
Port 9860 is not available on scm1.org yet
service "scm1.org" is not running
Port 9860 is not available on scm1.org yet
service "scm1.org" is not running
Port 9860 is not available on scm1.org yet
service "scm1.org" is not running
Port 9860 is not available on scm1.org yet
service "scm1.org" is not running
Port 9860 is not available on scm1.org yet
service "scm1.org" is not running
Port 9860 is not available on scm1.org yet
service "scm1.org" is not running
Port 9860 is not available on scm1.org yet
service "scm1.org" is not running
Port 9860 is not available on scm1.org yet
service "scm1.org" is not running
Port 9860 is not available on scm1.org yet
service "scm1.org" is not running
Port 9860 is not available on scm1.org yet
service "scm1.org" is not running
Port 9860 is not available on scm1.org yet
service "scm1.org" is not running
Port 9860 is not available on scm1.org yet
service "scm1.org" is not running
Port 9860 is not available on scm1.org yet
service "scm1.org" is not running
Port 9860 is not available on scm1.org yet
service "scm1.org" is not running
Port 9860 is not available on scm1.org yet
service "scm1.org" is not running
Port 9860 is not available on scm1.org yet
service "scm1.org" is not running
Port 9860 is not available on scm1.org yet
service "scm1.org" is not running
Port 9860 is not available on scm1.org yet
service "scm1.org" is not running
Port 9860 is not available on scm1.org yet
service "scm1.org" is not running
Port 9860 is not available on scm1.org yet
service "scm1.org" is not running
Port 9860 is not available on scm1.org yet
service "scm1.org" is not running
Port 9860 is not available on scm1.org yet
service "scm1.org" is not running
Port 9860 is not available on scm1.org yet
service "scm1.org" is not running
Port 9860 is not available on scm1.org yet
service "scm1.org" is not running
Port 9860 is not available on scm1.org yet
service "scm1.org" is not running
Port 9860 is not available on scm1.org yet
service "scm1.org" is not running
Port 9860 is not available on scm1.org yet
service "scm1.org" is not running
Port 9860 is not available on scm1.org yet
service "scm1.org" is not running
Port 9860 is not available on scm1.org yet
service "scm1.org" is not running
Port 9860 is not available on scm1.org yet
service "scm1.org" is not running
Port 9860 is not available on scm1.org yet
service "scm1.org" is not running
Port 9860 is not available on scm1.org yet
service "scm1.org" is not running
Port 9860 is not available on scm1.org yet
service "scm1.org" is not running
Port 9860 is not available on scm1.org yet
service "scm1.org" is not running
Port 9860 is not available on scm1.org yet
service "scm1.org" is not running
Port 9860 is not available on scm1.org yet
service "scm1.org" is not running
Port 9860 is not available on scm1.org yet
service "scm1.org" is not running
Port 9860 is not available on scm1.org yet
service "scm1.org" is not running
Port 9860 is not available on scm1.org yet
service "scm1.org" is not running
Port 9860 is not available on scm1.org yet
service "scm1.org" is not running
Port 9860 is not available on scm1.org yet
service "scm1.org" is not running
Port 9860 is not available on scm1.org yet
service "scm1.org" is not running
Port 9860 is not available on scm1.org yet
service "scm1.org" is not running
Port 9860 is not available on scm1.org yet
service "scm1.org" is not running
Port 9860 is not available on scm1.org yet
service "scm1.org" is not running
Port 9860 is not available on scm1.org yet
service "scm1.org" is not running
Port 9860 is not available on scm1.org yet
service "scm1.org" is not running
Port 9860 is not available on scm1.org yet
service "scm1.org" is not running
Port 9860 is not available on scm1.org yet
service "scm1.org" is not running
Port 9860 is not available on scm1.org yet
service "scm1.org" is not running
Port 9860 is not available on scm1.org yet
service "scm1.org" is not running
Port 9860 is not available on scm1.org yet
service "scm1.org" is not running
Port 9860 is not available on scm1.org yet
service "scm1.org" is not running
Port 9860 is not available on scm1.org yet
service "scm1.org" is not running
Port 9860 is not available on scm1.org yet
service "scm1.org" is not running
Port 9860 is not available on scm1.org yet
service "scm1.org" is not running
Port 9860 is not available on scm1.org yet
service "scm1.org" is not running
Port 9860 is not available on scm1.org yet
service "scm1.org" is not running
Port 9860 is not available on scm1.org yet
service "scm1.org" is not running
Port 9860 is not available on scm1.org yet
service "scm1.org" is not running
Port 9860 is not available on scm1.org yet
service "scm1.org" is not running
Port 9860 is not available on scm1.org yet
service "scm1.org" is not running
Port 9860 is not available on scm1.org yet
service "scm1.org" is not running
Port 9860 is not available on scm1.org yet
service "scm1.org" is not running
Port 9860 is not available on scm1.org yet
service "scm1.org" is not running
Port 9860 is not available on scm1.org yet
service "scm1.org" is not running
Port 9860 is not available on scm1.org yet
service "scm1.org" is not running
Port 9860 is not available on scm1.org yet
service "scm1.org" is not running
Port 9860 is not available on scm1.org yet
service "scm1.org" is not running
Port 9860 is not available on scm1.org yet
service "scm1.org" is not running
Port 9860 is not available on scm1.org yet
service "scm1.org" is not running
Port 9860 is not available on scm1.org yet
service "scm1.org" is not running
Port 9860 is not available on scm1.org yet
service "scm1.org" is not running
Port 9860 is not available on scm1.org yet
service "scm1.org" is not running
Port 9860 is not available on scm1.org yet
service "scm1.org" is not running
Port 9860 is not available on scm1.org yet
service "scm1.org" is not running
Port 9860 is not available on scm1.org yet
service "scm1.org" is not running
Port 9860 is not available on scm1.org yet
service "scm1.org" is not running
Port 9860 is not available on scm1.org yet
service "scm1.org" is not running
Port 9860 is not available on scm1.org yet
service "scm1.org" is not running
Port 9860 is not available on scm1.org yet
service "scm1.org" is not running
Port 9860 is not available on scm1.org yet
service "scm1.org" is not running
Port 9860 is not available on scm1.org yet
service "scm1.org" is not running
Port 9860 is not available on scm1.org yet
service "scm1.org" is not running
Port 9860 is not available on scm1.org yet
service "scm1.org" is not running
Port 9860 is not available on scm1.org yet
service "scm1.org" is not running
Port 9860 is not available on scm1.org yet
service "scm1.org" is not running
Port 9860 is not available on scm1.org yet
service "scm1.org" is not running
Port 9860 is not available on scm1.org yet
service "scm1.org" is not running
Port 9860 is not available on scm1.org yet
service "scm1.org" is not running
Port 9860 is not available on scm1.org yet
service "scm1.org" is not running
Port 9860 is not available on scm1.org yet
service "scm1.org" is not running
Port 9860 is not available on scm1.org yet
service "scm1.org" is not running
Port 9860 is not available on scm1.org yet
service "scm1.org" is not running
Port 9860 is not available on scm1.org yet
service "scm1.org" is not running
Port 9860 is not available on scm1.org yet
service "scm1.org" is not running
Port 9860 is not available on scm1.org yet
service "scm1.org" is not running
Port 9860 is not available on scm1.org yet
service "scm1.org" is not running
Port 9860 is not available on scm1.org yet
service "scm1.org" is not running
Port 9860 is not available on scm1.org yet
Timed out waiting on scm1.org 9860 to become available
ERROR: Test execution of ozonesecure-ha/test-leadership.sh is FAILED!!!!
mkdir: created directory '/home/runner/work/ozone/ozone/hadoop-ozone/dist/target/ozone-2.0.0-SNAPSHOT/compose/result/ozonesecure-ha'
mkdir: created directory '/home/runner/work/ozone/ozone/hadoop-ozone/dist/target/ozone-2.0.0-SNAPSHOT/compose/result/ozonesecure-ha/leadership'
renamed 'ozonesecure-ha/result/docker-ozonesecure-ha-datanode1-1.log' -> '/home/runner/work/ozone/ozone/hadoop-ozone/dist/target/ozone-2.0.0-SNAPSHOT/compose/result/ozonesecure-ha/leadership/docker-ozonesecure-ha-datanode1-1.log'
renamed 'ozonesecure-ha/result/docker-ozonesecure-ha-datanode2-1.log' -> '/home/runner/work/ozone/ozone/hadoop-ozone/dist/target/ozone-2.0.0-SNAPSHOT/compose/result/ozonesecure-ha/leadership/docker-ozonesecure-ha-datanode2-1.log'
renamed 'ozonesecure-ha/result/docker-ozonesecure-ha-datanode3-1.log' -> '/home/runner/work/ozone/ozone/hadoop-ozone/dist/target/ozone-2.0.0-SNAPSHOT/compose/result/ozonesecure-ha/leadership/docker-ozonesecure-ha-datanode3-1.log'
renamed 'ozonesecure-ha/result/docker-ozonesecure-ha-httpfs-1.log' -> '/home/runner/work/ozone/ozone/hadoop-ozone/dist/target/ozone-2.0.0-SNAPSHOT/compose/result/ozonesecure-ha/leadership/docker-ozonesecure-ha-httpfs-1.log'
renamed 'ozonesecure-ha/result/docker-ozonesecure-ha-kdc-1.log' -> '/home/runner/work/ozone/ozone/hadoop-ozone/dist/target/ozone-2.0.0-SNAPSHOT/compose/result/ozonesecure-ha/leadership/docker-ozonesecure-ha-kdc-1.log'
renamed 'ozonesecure-ha/result/docker-ozonesecure-ha-kms-1.log' -> '/home/runner/work/ozone/ozone/hadoop-ozone/dist/target/ozone-2.0.0-SNAPSHOT/compose/result/ozonesecure-ha/leadership/docker-ozonesecure-ha-kms-1.log'
renamed 'ozonesecure-ha/result/docker-ozonesecure-ha-om1-1.log' -> '/home/runner/work/ozone/ozone/hadoop-ozone/dist/target/ozone-2.0.0-SNAPSHOT/compose/result/ozonesecure-ha/leadership/docker-ozonesecure-ha-om1-1.log'
renamed 'ozonesecure-ha/result/docker-ozonesecure-ha-om2-1.log' -> '/home/runner/work/ozone/ozone/hadoop-ozone/dist/target/ozone-2.0.0-SNAPSHOT/compose/result/ozonesecure-ha/leadership/docker-ozonesecure-ha-om2-1.log'
renamed 'ozonesecure-ha/result/docker-ozonesecure-ha-om3-1.log' -> '/home/runner/work/ozone/ozone/hadoop-ozone/dist/target/ozone-2.0.0-SNAPSHOT/compose/result/ozonesecure-ha/leadership/docker-ozonesecure-ha-om3-1.log'
renamed 'ozonesecure-ha/result/docker-ozonesecure-ha-recon-1.log' -> '/home/runner/work/ozone/ozone/hadoop-ozone/dist/target/ozone-2.0.0-SNAPSHOT/compose/result/ozonesecure-ha/leadership/docker-ozonesecure-ha-recon-1.log'
renamed 'ozonesecure-ha/result/docker-ozonesecure-ha-s3g-1.log' -> '/home/runner/work/ozone/ozone/hadoop-ozone/dist/target/ozone-2.0.0-SNAPSHOT/compose/result/ozonesecure-ha/leadership/docker-ozonesecure-ha-s3g-1.log'
renamed 'ozonesecure-ha/result/docker-ozonesecure-ha-scm1.org-1.log' -> '/home/runner/work/ozone/ozone/hadoop-ozone/dist/target/ozone-2.0.0-SNAPSHOT/compose/result/ozonesecure-ha/leadership/docker-ozonesecure-ha-scm1.org-1.log'
renamed 'ozonesecure-ha/result/docker-ozonesecure-ha-scm2.org-1.log' -> '/home/runner/work/ozone/ozone/hadoop-ozone/dist/target/ozone-2.0.0-SNAPSHOT/compose/result/ozonesecure-ha/leadership/docker-ozonesecure-ha-scm2.org-1.log'
renamed 'ozonesecure-ha/result/docker-ozonesecure-ha-scm3.org-1.log' -> '/home/runner/work/ozone/ozone/hadoop-ozone/dist/target/ozone-2.0.0-SNAPSHOT/compose/result/ozonesecure-ha/leadership/docker-ozonesecure-ha-scm3.org-1.log'
renamed 'ozonesecure-ha/result/kms-audit.log' -> '/home/runner/work/ozone/ozone/hadoop-ozone/dist/target/ozone-2.0.0-SNAPSHOT/compose/result/ozonesecure-ha/leadership/kms-audit.log'
Executing test ozonesecure-ha/test-scm-decommission.sh
Using Docker Compose v2
Port 88 is available on kdc
Port 9860 is not available on scm1.org yet
Port 9860 is not available on scm1.org yet
Port 9860 is not available on scm1.org yet
Port 9860 is not available on scm1.org yet
Port 9860 is not available on scm1.org yet
Port 9860 is not available on scm1.org yet
Port 9860 is not available on scm1.org yet
service "scm1.org" is not running
Port 9860 is not available on scm1.org yet
service "scm1.org" is not running
Port 9860 is not available on scm1.org yet
service "scm1.org" is not running
Port 9860 is not available on scm1.org yet
service "scm1.org" is not running
Port 9860 is not available on scm1.org yet
service "scm1.org" is not running
Port 9860 is not available on scm1.org yet
service "scm1.org" is not running
Port 9860 is not available on scm1.org yet
service "scm1.org" is not running
Port 9860 is not available on scm1.org yet
service "scm1.org" is not running
Port 9860 is not available on scm1.org yet
service "scm1.org" is not running
Port 9860 is not available on scm1.org yet
service "scm1.org" is not running
Port 9860 is not available on scm1.org yet
service "scm1.org" is not running
Port 9860 is not available on scm1.org yet
service "scm1.org" is not running
Port 9860 is not available on scm1.org yet
service "scm1.org" is not running
Port 9860 is not available on scm1.org yet
service "scm1.org" is not running
Port 9860 is not available on scm1.org yet
service "scm1.org" is not running
Port 9860 is not available on scm1.org yet
service "scm1.org" is not running
Port 9860 is not available on scm1.org yet
service "scm1.org" is not running
Port 9860 is not available on scm1.org yet
service "scm1.org" is not running
Port 9860 is not available on scm1.org yet
service "scm1.org" is not running
Port 9860 is not available on scm1.org yet
service "scm1.org" is not running
Port 9860 is not available on scm1.org yet
service "scm1.org" is not running
Port 9860 is not available on scm1.org yet
service "scm1.org" is not running
Port 9860 is not available on scm1.org yet
service "scm1.org" is not running
Port 9860 is not available on scm1.org yet
service "scm1.org" is not running
Port 9860 is not available on scm1.org yet
service "scm1.org" is not running
Port 9860 is not available on scm1.org yet
service "scm1.org" is not running
Port 9860 is not available on scm1.org yet
service "scm1.org" is not running
Port 9860 is not available on scm1.org yet
service "scm1.org" is not running
Port 9860 is not available on scm1.org yet
service "scm1.org" is not running
Port 9860 is not available on scm1.org yet
service "scm1.org" is not running
Port 9860 is not available on scm1.org yet
service "scm1.org" is not running
Port 9860 is not available on scm1.org yet
service "scm1.org" is not running
Port 9860 is not available on scm1.org yet
service "scm1.org" is not running
Port 9860 is not available on scm1.org yet
service "scm1.org" is not running
Port 9860 is not available on scm1.org yet
service "scm1.org" is not running
Port 9860 is not available on scm1.org yet
service "scm1.org" is not running
Port 9860 is not available on scm1.org yet
service "scm1.org" is not running
Port 9860 is not available on scm1.org yet
service "scm1.org" is not running
Port 9860 is not available on scm1.org yet
service "scm1.org" is not running
Port 9860 is not available on scm1.org yet
service "scm1.org" is not running
Port 9860 is not available on scm1.org yet
service "scm1.org" is not running
Port 9860 is not available on scm1.org yet
service "scm1.org" is not running
Port 9860 is not available on scm1.org yet
service "scm1.org" is not running
Port 9860 is not available on scm1.org yet
service "scm1.org" is not running
Port 9860 is not available on scm1.org yet
service "scm1.org" is not running
Port 9860 is not available on scm1.org yet
service "scm1.org" is not running
Port 9860 is not available on scm1.org yet
service "scm1.org" is not running
Port 9860 is not available on scm1.org yet
service "scm1.org" is not running
Port 9860 is not available on scm1.org yet
service "scm1.org" is not running
Port 9860 is not available on scm1.org yet
service "scm1.org" is not running
Port 9860 is not available on scm1.org yet
service "scm1.org" is not running
Port 9860 is not available on scm1.org yet
service "scm1.org" is not running
Port 9860 is not available on scm1.org yet
service "scm1.org" is not running
Port 9860 is not available on scm1.org yet
service "scm1.org" is not running
Port 9860 is not available on scm1.org yet
service "scm1.org" is not running
Port 9860 is not available on scm1.org yet
service "scm1.org" is not running
Port 9860 is not available on scm1.org yet
service "scm1.org" is not running
Port 9860 is not available on scm1.org yet
service "scm1.org" is not running
Port 9860 is not available on scm1.org yet
service "scm1.org" is not running
Port 9860 is not available on scm1.org yet
service "scm1.org" is not running
Port 9860 is not available on scm1.org yet
service "scm1.org" is not running
Port 9860 is not available on scm1.org yet
service "scm1.org" is not running
Port 9860 is not available on scm1.org yet
service "scm1.org" is not running
Port 9860 is not available on scm1.org yet
service "scm1.org" is not running
Port 9860 is not available on scm1.org yet
service "scm1.org" is not running
Port 9860 is not available on scm1.org yet
service "scm1.org" is not running
Port 9860 is not available on scm1.org yet
service "scm1.org" is not running
Port 9860 is not available on scm1.org yet
service "scm1.org" is not running
Port 9860 is not available on scm1.org yet
service "scm1.org" is not running
Port 9860 is not available on scm1.org yet
service "scm1.org" is not running
Port 9860 is not available on scm1.org yet
service "scm1.org" is not running
Port 9860 is not available on scm1.org yet
service "scm1.org" is not running
Port 9860 is not available on scm1.org yet
service "scm1.org" is not running
Port 9860 is not available on scm1.org yet
service "scm1.org" is not running
Port 9860 is not available on scm1.org yet
service "scm1.org" is not running
Port 9860 is not available on scm1.org yet
service "scm1.org" is not running
Port 9860 is not available on scm1.org yet
service "scm1.org" is not running
Port 9860 is not available on scm1.org yet
service "scm1.org" is not running
Port 9860 is not available on scm1.org yet
service "scm1.org" is not running
Port 9860 is not available on scm1.org yet
service "scm1.org" is not running
Port 9860 is not available on scm1.org yet
service "scm1.org" is not running
Port 9860 is not available on scm1.org yet
service "scm1.org" is not running
Port 9860 is not available on scm1.org yet
service "scm1.org" is not running
Port 9860 is not available on scm1.org yet
service "scm1.org" is not running
Port 9860 is not available on scm1.org yet
service "scm1.org" is not running
Port 9860 is not available on scm1.org yet
service "scm1.org" is not running
Port 9860 is not available on scm1.org yet
service "scm1.org" is not running
Port 9860 is not available on scm1.org yet
service "scm1.org" is not running
Port 9860 is not available on scm1.org yet
service "scm1.org" is not running
Port 9860 is not available on scm1.org yet
service "scm1.org" is not running
Port 9860 is not available on scm1.org yet
service "scm1.org" is not running
Port 9860 is not available on scm1.org yet
service "scm1.org" is not running
Port 9860 is not available on scm1.org yet
service "scm1.org" is not running
Port 9860 is not available on scm1.org yet
service "scm1.org" is not running
Port 9860 is not available on scm1.org yet
service "scm1.org" is not running
Port 9860 is not available on scm1.org yet
service "scm1.org" is not running
Port 9860 is not available on scm1.org yet
service "scm1.org" is not running
Port 9860 is not available on scm1.org yet
service "scm1.org" is not running
Port 9860 is not available on scm1.org yet
service "scm1.org" is not running
Port 9860 is not available on scm1.org yet
service "scm1.org" is not running
Port 9860 is not available on scm1.org yet
Timed out waiting on scm1.org 9860 to become available
ERROR: Test execution of ozonesecure-ha/test-scm-decommission.sh is FAILED!!!!
mkdir: created directory '/home/runner/work/ozone/ozone/hadoop-ozone/dist/target/ozone-2.0.0-SNAPSHOT/compose/result/ozonesecure-ha/scm-decommission'
renamed 'ozonesecure-ha/result/docker-ozonesecure-ha-datanode1-1.log' -> '/home/runner/work/ozone/ozone/hadoop-ozone/dist/target/ozone-2.0.0-SNAPSHOT/compose/result/ozonesecure-ha/scm-decommission/docker-ozonesecure-ha-datanode1-1.log'
renamed 'ozonesecure-ha/result/docker-ozonesecure-ha-datanode2-1.log' -> '/home/runner/work/ozone/ozone/hadoop-ozone/dist/target/ozone-2.0.0-SNAPSHOT/compose/result/ozonesecure-ha/scm-decommission/docker-ozonesecure-ha-datanode2-1.log'
renamed 'ozonesecure-ha/result/docker-ozonesecure-ha-datanode3-1.log' -> '/home/runner/work/ozone/ozone/hadoop-ozone/dist/target/ozone-2.0.0-SNAPSHOT/compose/result/ozonesecure-ha/scm-decommission/docker-ozonesecure-ha-datanode3-1.log'
renamed 'ozonesecure-ha/result/docker-ozonesecure-ha-httpfs-1.log' -> '/home/runner/work/ozone/ozone/hadoop-ozone/dist/target/ozone-2.0.0-SNAPSHOT/compose/result/ozonesecure-ha/scm-decommission/docker-ozonesecure-ha-httpfs-1.log'
renamed 'ozonesecure-ha/result/docker-ozonesecure-ha-kdc-1.log' -> '/home/runner/work/ozone/ozone/hadoop-ozone/dist/target/ozone-2.0.0-SNAPSHOT/compose/result/ozonesecure-ha/scm-decommission/docker-ozonesecure-ha-kdc-1.log'
renamed 'ozonesecure-ha/result/docker-ozonesecure-ha-kms-1.log' -> '/home/runner/work/ozone/ozone/hadoop-ozone/dist/target/ozone-2.0.0-SNAPSHOT/compose/result/ozonesecure-ha/scm-decommission/docker-ozonesecure-ha-kms-1.log'
renamed 'ozonesecure-ha/result/docker-ozonesecure-ha-om1-1.log' -> '/home/runner/work/ozone/ozone/hadoop-ozone/dist/target/ozone-2.0.0-SNAPSHOT/compose/result/ozonesecure-ha/scm-decommission/docker-ozonesecure-ha-om1-1.log'
renamed 'ozonesecure-ha/result/docker-ozonesecure-ha-om2-1.log' -> '/home/runner/work/ozone/ozone/hadoop-ozone/dist/target/ozone-2.0.0-SNAPSHOT/compose/result/ozonesecure-ha/scm-decommission/docker-ozonesecure-ha-om2-1.log'
renamed 'ozonesecure-ha/result/docker-ozonesecure-ha-om3-1.log' -> '/home/runner/work/ozone/ozone/hadoop-ozone/dist/target/ozone-2.0.0-SNAPSHOT/compose/result/ozonesecure-ha/scm-decommission/docker-ozonesecure-ha-om3-1.log'
renamed 'ozonesecure-ha/result/docker-ozonesecure-ha-recon-1.log' -> '/home/runner/work/ozone/ozone/hadoop-ozone/dist/target/ozone-2.0.0-SNAPSHOT/compose/result/ozonesecure-ha/scm-decommission/docker-ozonesecure-ha-recon-1.log'
renamed 'ozonesecure-ha/result/docker-ozonesecure-ha-s3g-1.log' -> '/home/runner/work/ozone/ozone/hadoop-ozone/dist/target/ozone-2.0.0-SNAPSHOT/compose/result/ozonesecure-ha/scm-decommission/docker-ozonesecure-ha-s3g-1.log'
renamed 'ozonesecure-ha/result/docker-ozonesecure-ha-scm1.org-1.log' -> '/home/runner/work/ozone/ozone/hadoop-ozone/dist/target/ozone-2.0.0-SNAPSHOT/compose/result/ozonesecure-ha/scm-decommission/docker-ozonesecure-ha-scm1.org-1.log'
renamed 'ozonesecure-ha/result/docker-ozonesecure-ha-scm2.org-1.log' -> '/home/runner/work/ozone/ozone/hadoop-ozone/dist/target/ozone-2.0.0-SNAPSHOT/compose/result/ozonesecure-ha/scm-decommission/docker-ozonesecure-ha-scm2.org-1.log'
renamed 'ozonesecure-ha/result/docker-ozonesecure-ha-scm3.org-1.log' -> '/home/runner/work/ozone/ozone/hadoop-ozone/dist/target/ozone-2.0.0-SNAPSHOT/compose/result/ozonesecure-ha/scm-decommission/docker-ozonesecure-ha-scm3.org-1.log'
renamed 'ozonesecure-ha/result/kms-audit.log' -> '/home/runner/work/ozone/ozone/hadoop-ozone/dist/target/ozone-2.0.0-SNAPSHOT/compose/result/ozonesecure-ha/scm-decommission/kms-audit.log'
removed directory '/tmp/robot-data-S2XV15'
