Using Docker Compose v2
Executing test ozone-ha/test-hadoop.sh
Using Docker Compose v2
Error: Could not find or load main class org.apache.ozone.test.JacocoServer
Caused by: java.lang.ClassNotFoundException: org.apache.ozone.test.JacocoServer
Port 9860 is not available on scm1 yet
Port 9860 is not available on scm1 yet
Port 9860 is not available on scm1 yet
Port 9860 is not available on scm1 yet
Port 9860 is not available on scm1 yet
Port 9860 is not available on scm1 yet
Port 9860 is not available on scm1 yet
Port 9860 is not available on scm1 yet
Port 9860 is not available on scm1 yet
Port 9860 is not available on scm1 yet
Port 9860 is not available on scm1 yet
Port 9860 is not available on scm1 yet
Port 9860 is not available on scm1 yet
Port 9860 is not available on scm1 yet
Port 9860 is available on scm1
SCM is in safe mode. Will retry in 1 sec. Remaining time (sec): 234
SCM is in safe mode. Will retry in 1 sec. Remaining time (sec): 233
SCM is in safe mode. Will retry in 1 sec. Remaining time (sec): 232
SCM is in safe mode. Will retry in 1 sec. Remaining time (sec): 231
SCM is in safe mode. Will retry in 1 sec. Remaining time (sec): 230
SCM is in safe mode. Will retry in 1 sec. Remaining time (sec): 229
SCM is in safe mode. Will retry in 1 sec. Remaining time (sec): 228
SCM is in safe mode. Will retry in 1 sec. Remaining time (sec): 227
SCM is in safe mode. Will retry in 1 sec. Remaining time (sec): 226
SCM is in safe mode. Will retry in 1 sec. Remaining time (sec): 225
SCM is in safe mode. Will retry in 1 sec. Remaining time (sec): 224
SCM is in safe mode. Will retry in 1 sec. Remaining time (sec): 223
SCM is in safe mode. Will retry in 1 sec. Remaining time (sec): 222
SCM is in safe mode. Will retry in 1 sec. Remaining time (sec): 221
SCM is in safe mode. Will retry in 1 sec. Remaining time (sec): 220
SCM is in safe mode. Will retry in 1 sec. Remaining time (sec): 219
SCM is in safe mode. Will retry in 1 sec. Remaining time (sec): 218
SCM is in safe mode. Will retry in 1 sec. Remaining time (sec): 217
SCM is in safe mode. Will retry in 1 sec. Remaining time (sec): 216
SCM is in safe mode. Will retry in 1 sec. Remaining time (sec): 215
SCM is in safe mode. Will retry in 1 sec. Remaining time (sec): 214
SCM is in safe mode. Will retry in 1 sec. Remaining time (sec): 213
SCM is in safe mode. Will retry in 1 sec. Remaining time (sec): 212
SCM is in safe mode. Will retry in 1 sec. Remaining time (sec): 211
SCM is in safe mode. Will retry in 1 sec. Remaining time (sec): 210
SCM is in safe mode. Will retry in 1 sec. Remaining time (sec): 209
SCM is in safe mode. Will retry in 1 sec. Remaining time (sec): 208
SCM is in safe mode. Will retry in 1 sec. Remaining time (sec): 207
SCM is in safe mode. Will retry in 1 sec. Remaining time (sec): 206
SCM is in safe mode. Will retry in 1 sec. Remaining time (sec): 205
SCM is in safe mode. Will retry in 1 sec. Remaining time (sec): 204
SCM is in safe mode. Will retry in 1 sec. Remaining time (sec): 203
SCM is in safe mode. Will retry in 1 sec. Remaining time (sec): 202
SCM is in safe mode. Will retry in 1 sec. Remaining time (sec): 201
SCM is in safe mode. Will retry in 1 sec. Remaining time (sec): 200
SCM is in safe mode. Will retry in 1 sec. Remaining time (sec): 199
SCM is in safe mode. Will retry in 1 sec. Remaining time (sec): 198
SCM is out of safe mode.
Found OM leader for service omservice: om2 : LEADER (om2)
Replaced OM order with om2,om3,om1 in ozone-ha-datanode-1
Replaced OM order with om2,om3,om1 in ozone-ha-datanode-2
Replaced OM order with om2,om3,om1 in ozone-ha-datanode-3
Replaced OM order with om2,om3,om1 in ozone-ha-recon-1
Replaced OM order with om2,om3,om1 in ozone-ha-s3g-1
Replaced OM order with om2,om3,om1 in ozone-ha-scm1-1
Replaced OM order with om2,om3,om1 in ozone-ha-scm2-1
Replaced OM order with om2,om3,om1 in ozone-ha-scm3-1
==============================================================================
Createmrenv :: Create directories required for MR test                        
==============================================================================
Create test volume, bucket and key                                    | PASS |
------------------------------------------------------------------------------
Create user dir for hadoop                                            | PASS |
------------------------------------------------------------------------------
Createmrenv :: Create directories required for MR test                | PASS |
2 tests, 2 passed, 0 failed
==============================================================================
Output:  /tmp/smoketest/ozone-ha/result/robot-001.xml
Using Docker Compose v2
Hadoop 2.10.2
Subversion Unknown -r 965fd380006fa78b2315668fbc7eb432e1d8200f
Compiled by ubuntu on 2022-05-24T22:35Z
Compiled with protoc 2.5.0
From source with checksum d3ab737f7788f05d467784f0a86573fe
This command was run using /opt/hadoop/share/hadoop/common/hadoop-common-2.10.2.jar
==============================================================================
hadoop-2.10.2-hadoopfs-o3fs :: Test ozone fs with hadoopfs                    
==============================================================================
Test hadoop dfs                                                       | PASS |
------------------------------------------------------------------------------
hadoop-2.10.2-hadoopfs-o3fs :: Test ozone fs with hadoopfs            | PASS |
1 critical test, 1 passed, 0 failed
1 test total, 1 passed, 0 failed
==============================================================================
Output:  /tmp/smoketest/ozone-ha/result/robot-002.xml
==============================================================================
hadoop-2.10.2-mapreduce-o3fs :: Execute MR jobs                               
==============================================================================
Execute PI calculation                                                | PASS |
------------------------------------------------------------------------------
Execute WordCount                                                     | PASS |
------------------------------------------------------------------------------
hadoop-2.10.2-mapreduce-o3fs :: Execute MR jobs                       | PASS |
2 critical tests, 2 passed, 0 failed
2 tests total, 2 passed, 0 failed
==============================================================================
Output:  /tmp/smoketest/ozone-ha/result/robot-003.xml
==============================================================================
hadoop-2.10.2-hadoopfs-ofs :: Test ozone fs with hadoopfs                     
==============================================================================
Test hadoop dfs                                                       | PASS |
------------------------------------------------------------------------------
hadoop-2.10.2-hadoopfs-ofs :: Test ozone fs with hadoopfs             | PASS |
1 critical test, 1 passed, 0 failed
1 test total, 1 passed, 0 failed
==============================================================================
Output:  /tmp/smoketest/ozone-ha/result/robot-004.xml
==============================================================================
hadoop-2.10.2-mapreduce-ofs :: Execute MR jobs                                
==============================================================================
Execute PI calculation                                                | PASS |
------------------------------------------------------------------------------
Execute WordCount                                                     | PASS |
------------------------------------------------------------------------------
hadoop-2.10.2-mapreduce-ofs :: Execute MR jobs                        | PASS |
2 critical tests, 2 passed, 0 failed
2 tests total, 2 passed, 0 failed
==============================================================================
Output:  /tmp/smoketest/ozone-ha/result/robot-005.xml
Hadoop 3.1.2
Source code repository https://github.com/apache/hadoop.git -r 1019dde65bcf12e05ef48ac71e84550d589e5d9a
Compiled by sunilg on 2019-01-29T01:39Z
Compiled with protoc 2.5.0
From source with checksum 64b8bdd4ca6e77cce75a93eb09ab2a9
This command was run using /opt/hadoop/share/hadoop/common/hadoop-common-3.1.2.jar
==============================================================================
hadoop-3.1.2-hadoopfs-o3fs :: Test ozone fs with hadoopfs                     
==============================================================================
Test hadoop dfs                                                       | PASS |
------------------------------------------------------------------------------
hadoop-3.1.2-hadoopfs-o3fs :: Test ozone fs with hadoopfs             | PASS |
1 critical test, 1 passed, 0 failed
1 test total, 1 passed, 0 failed
==============================================================================
Output:  /tmp/smoketest/ozone-ha/result/robot-006.xml
==============================================================================
hadoop-3.1.2-mapreduce-o3fs :: Execute MR jobs                                
==============================================================================
Execute PI calculation                                                | PASS |
------------------------------------------------------------------------------
Execute WordCount                                                     | PASS |
------------------------------------------------------------------------------
hadoop-3.1.2-mapreduce-o3fs :: Execute MR jobs                        | PASS |
2 critical tests, 2 passed, 0 failed
2 tests total, 2 passed, 0 failed
==============================================================================
Output:  /tmp/smoketest/ozone-ha/result/robot-007.xml
==============================================================================
hadoop-3.1.2-hadoopfs-ofs :: Test ozone fs with hadoopfs                      
==============================================================================
Test hadoop dfs                                                       | PASS |
------------------------------------------------------------------------------
hadoop-3.1.2-hadoopfs-ofs :: Test ozone fs with hadoopfs              | PASS |
1 critical test, 1 passed, 0 failed
1 test total, 1 passed, 0 failed
==============================================================================
Output:  /tmp/smoketest/ozone-ha/result/robot-008.xml
==============================================================================
hadoop-3.1.2-mapreduce-ofs :: Execute MR jobs                                 
==============================================================================
Execute PI calculation                                                | PASS |
------------------------------------------------------------------------------
Execute WordCount                                                     | PASS |
------------------------------------------------------------------------------
hadoop-3.1.2-mapreduce-ofs :: Execute MR jobs                         | PASS |
2 critical tests, 2 passed, 0 failed
2 tests total, 2 passed, 0 failed
==============================================================================
Output:  /tmp/smoketest/ozone-ha/result/robot-009.xml
Hadoop 3.4.1
Source code repository https://github.com/apache/hadoop.git -r 4d7825309348956336b8f06a08322b78422849b1
Compiled by mthakur on 2024-10-09T14:57Z
Compiled on platform linux-x86_64
Compiled with protoc 3.23.4
From source with checksum 7292fe9dba5e2e44e3a9f763fce3e680
This command was run using /opt/hadoop/share/hadoop/common/hadoop-common-3.4.1.jar
==============================================================================
hadoop-3.4.1-hadoopfs-o3fs :: Test ozone fs with hadoopfs                     
==============================================================================
Test hadoop dfs                                                       | PASS |
------------------------------------------------------------------------------
hadoop-3.4.1-hadoopfs-o3fs :: Test ozone fs with hadoopfs             | PASS |
1 critical test, 1 passed, 0 failed
1 test total, 1 passed, 0 failed
==============================================================================
Output:  /tmp/smoketest/ozone-ha/result/robot-010.xml
==============================================================================
hadoop-3.4.1-mapreduce-o3fs :: Execute MR jobs                                
==============================================================================
Execute PI calculation                                                | PASS |
------------------------------------------------------------------------------
Execute WordCount                                                     | PASS |
------------------------------------------------------------------------------
hadoop-3.4.1-mapreduce-o3fs :: Execute MR jobs                        | PASS |
2 critical tests, 2 passed, 0 failed
2 tests total, 2 passed, 0 failed
==============================================================================
Output:  /tmp/smoketest/ozone-ha/result/robot-011.xml
==============================================================================
hadoop-3.4.1-hadoopfs-ofs :: Test ozone fs with hadoopfs                      
==============================================================================
Test hadoop dfs                                                       | PASS |
------------------------------------------------------------------------------
hadoop-3.4.1-hadoopfs-ofs :: Test ozone fs with hadoopfs              | PASS |
1 critical test, 1 passed, 0 failed
1 test total, 1 passed, 0 failed
==============================================================================
Output:  /tmp/smoketest/ozone-ha/result/robot-012.xml
==============================================================================
hadoop-3.4.1-mapreduce-ofs :: Execute MR jobs                                 
==============================================================================
Execute PI calculation                                                | PASS |
------------------------------------------------------------------------------
Execute WordCount                                                     | PASS |
------------------------------------------------------------------------------
hadoop-3.4.1-mapreduce-ofs :: Execute MR jobs                         | PASS |
2 critical tests, 2 passed, 0 failed
2 tests total, 2 passed, 0 failed
==============================================================================
Output:  /tmp/smoketest/ozone-ha/result/robot-013.xml
To use Ozone please mount ozone folder to /opt/hadoop
Output:  /rebot-output/ozone-ha-hadoop.xml
renamed '/home/runner/work/ozone/ozone/hadoop-ozone/dist/target/ozone-2.0.0-SNAPSHOT/compose/result/rebot-u2vhm4/ozone-ha-hadoop.xml' -> '/home/runner/work/ozone/ozone/hadoop-ozone/dist/target/ozone-2.0.0-SNAPSHOT/compose/result/ozone-ha-hadoop.xml'
removed 'ozone-ha/result/robot-001.xml'
removed 'ozone-ha/result/robot-002.xml'
removed 'ozone-ha/result/robot-003.xml'
removed 'ozone-ha/result/robot-004.xml'
removed 'ozone-ha/result/robot-005.xml'
removed 'ozone-ha/result/robot-006.xml'
removed 'ozone-ha/result/robot-007.xml'
removed 'ozone-ha/result/robot-008.xml'
removed 'ozone-ha/result/robot-009.xml'
removed 'ozone-ha/result/robot-010.xml'
removed 'ozone-ha/result/robot-011.xml'
removed 'ozone-ha/result/robot-012.xml'
removed 'ozone-ha/result/robot-013.xml'
mkdir: created directory '/home/runner/work/ozone/ozone/hadoop-ozone/dist/target/ozone-2.0.0-SNAPSHOT/compose/result/ozone-ha'
mkdir: created directory '/home/runner/work/ozone/ozone/hadoop-ozone/dist/target/ozone-2.0.0-SNAPSHOT/compose/result/ozone-ha/hadoop'
renamed 'ozone-ha/result/dn-audit-98e5babf596b.log' -> '/home/runner/work/ozone/ozone/hadoop-ozone/dist/target/ozone-2.0.0-SNAPSHOT/compose/result/ozone-ha/hadoop/dn-audit-98e5babf596b.log'
renamed 'ozone-ha/result/dn-audit-d2fae4cba5e9.log' -> '/home/runner/work/ozone/ozone/hadoop-ozone/dist/target/ozone-2.0.0-SNAPSHOT/compose/result/ozone-ha/hadoop/dn-audit-d2fae4cba5e9.log'
renamed 'ozone-ha/result/dn-audit-f3d4a4f0ff29.log' -> '/home/runner/work/ozone/ozone/hadoop-ozone/dist/target/ozone-2.0.0-SNAPSHOT/compose/result/ozone-ha/hadoop/dn-audit-f3d4a4f0ff29.log'
renamed 'ozone-ha/result/docker-ozone-ha-datanode-1.log' -> '/home/runner/work/ozone/ozone/hadoop-ozone/dist/target/ozone-2.0.0-SNAPSHOT/compose/result/ozone-ha/hadoop/docker-ozone-ha-datanode-1.log'
renamed 'ozone-ha/result/docker-ozone-ha-datanode-2.log' -> '/home/runner/work/ozone/ozone/hadoop-ozone/dist/target/ozone-2.0.0-SNAPSHOT/compose/result/ozone-ha/hadoop/docker-ozone-ha-datanode-2.log'
renamed 'ozone-ha/result/docker-ozone-ha-datanode-3.log' -> '/home/runner/work/ozone/ozone/hadoop-ozone/dist/target/ozone-2.0.0-SNAPSHOT/compose/result/ozone-ha/hadoop/docker-ozone-ha-datanode-3.log'
renamed 'ozone-ha/result/docker-ozone-ha-httpfs-1.log' -> '/home/runner/work/ozone/ozone/hadoop-ozone/dist/target/ozone-2.0.0-SNAPSHOT/compose/result/ozone-ha/hadoop/docker-ozone-ha-httpfs-1.log'
renamed 'ozone-ha/result/docker-ozone-ha-nm-1.log' -> '/home/runner/work/ozone/ozone/hadoop-ozone/dist/target/ozone-2.0.0-SNAPSHOT/compose/result/ozone-ha/hadoop/docker-ozone-ha-nm-1.log'
renamed 'ozone-ha/result/docker-ozone-ha-om1-1.log' -> '/home/runner/work/ozone/ozone/hadoop-ozone/dist/target/ozone-2.0.0-SNAPSHOT/compose/result/ozone-ha/hadoop/docker-ozone-ha-om1-1.log'
renamed 'ozone-ha/result/docker-ozone-ha-om2-1.log' -> '/home/runner/work/ozone/ozone/hadoop-ozone/dist/target/ozone-2.0.0-SNAPSHOT/compose/result/ozone-ha/hadoop/docker-ozone-ha-om2-1.log'
renamed 'ozone-ha/result/docker-ozone-ha-om3-1.log' -> '/home/runner/work/ozone/ozone/hadoop-ozone/dist/target/ozone-2.0.0-SNAPSHOT/compose/result/ozone-ha/hadoop/docker-ozone-ha-om3-1.log'
renamed 'ozone-ha/result/docker-ozone-ha-recon-1.log' -> '/home/runner/work/ozone/ozone/hadoop-ozone/dist/target/ozone-2.0.0-SNAPSHOT/compose/result/ozone-ha/hadoop/docker-ozone-ha-recon-1.log'
renamed 'ozone-ha/result/docker-ozone-ha-rm-1.log' -> '/home/runner/work/ozone/ozone/hadoop-ozone/dist/target/ozone-2.0.0-SNAPSHOT/compose/result/ozone-ha/hadoop/docker-ozone-ha-rm-1.log'
renamed 'ozone-ha/result/docker-ozone-ha-s3g-1.log' -> '/home/runner/work/ozone/ozone/hadoop-ozone/dist/target/ozone-2.0.0-SNAPSHOT/compose/result/ozone-ha/hadoop/docker-ozone-ha-s3g-1.log'
renamed 'ozone-ha/result/docker-ozone-ha-scm1-1.log' -> '/home/runner/work/ozone/ozone/hadoop-ozone/dist/target/ozone-2.0.0-SNAPSHOT/compose/result/ozone-ha/hadoop/docker-ozone-ha-scm1-1.log'
renamed 'ozone-ha/result/docker-ozone-ha-scm2-1.log' -> '/home/runner/work/ozone/ozone/hadoop-ozone/dist/target/ozone-2.0.0-SNAPSHOT/compose/result/ozone-ha/hadoop/docker-ozone-ha-scm2-1.log'
renamed 'ozone-ha/result/docker-ozone-ha-scm3-1.log' -> '/home/runner/work/ozone/ozone/hadoop-ozone/dist/target/ozone-2.0.0-SNAPSHOT/compose/result/ozone-ha/hadoop/docker-ozone-ha-scm3-1.log'
renamed 'ozone-ha/result/om-audit-om1.log' -> '/home/runner/work/ozone/ozone/hadoop-ozone/dist/target/ozone-2.0.0-SNAPSHOT/compose/result/ozone-ha/hadoop/om-audit-om1.log'
renamed 'ozone-ha/result/om-audit-om2.log' -> '/home/runner/work/ozone/ozone/hadoop-ozone/dist/target/ozone-2.0.0-SNAPSHOT/compose/result/ozone-ha/hadoop/om-audit-om2.log'
renamed 'ozone-ha/result/om-audit-om3.log' -> '/home/runner/work/ozone/ozone/hadoop-ozone/dist/target/ozone-2.0.0-SNAPSHOT/compose/result/ozone-ha/hadoop/om-audit-om3.log'
renamed 'ozone-ha/result/om-sys-audit-om1.log' -> '/home/runner/work/ozone/ozone/hadoop-ozone/dist/target/ozone-2.0.0-SNAPSHOT/compose/result/ozone-ha/hadoop/om-sys-audit-om1.log'
renamed 'ozone-ha/result/om-sys-audit-om2.log' -> '/home/runner/work/ozone/ozone/hadoop-ozone/dist/target/ozone-2.0.0-SNAPSHOT/compose/result/ozone-ha/hadoop/om-sys-audit-om2.log'
renamed 'ozone-ha/result/om-sys-audit-om3.log' -> '/home/runner/work/ozone/ozone/hadoop-ozone/dist/target/ozone-2.0.0-SNAPSHOT/compose/result/ozone-ha/hadoop/om-sys-audit-om3.log'
renamed 'ozone-ha/result/s3g-audit-9f70b1649519.log' -> '/home/runner/work/ozone/ozone/hadoop-ozone/dist/target/ozone-2.0.0-SNAPSHOT/compose/result/ozone-ha/hadoop/s3g-audit-9f70b1649519.log'
renamed 'ozone-ha/result/scm-audit-aadc4ea3cfb9.log' -> '/home/runner/work/ozone/ozone/hadoop-ozone/dist/target/ozone-2.0.0-SNAPSHOT/compose/result/ozone-ha/hadoop/scm-audit-aadc4ea3cfb9.log'
renamed 'ozone-ha/result/scm-audit-bd890edd2435.log' -> '/home/runner/work/ozone/ozone/hadoop-ozone/dist/target/ozone-2.0.0-SNAPSHOT/compose/result/ozone-ha/hadoop/scm-audit-bd890edd2435.log'
renamed 'ozone-ha/result/scm-audit-bd9bbd090b78.log' -> '/home/runner/work/ozone/ozone/hadoop-ozone/dist/target/ozone-2.0.0-SNAPSHOT/compose/result/ozone-ha/hadoop/scm-audit-bd9bbd090b78.log'
Executing test ozone/test-hadoop.sh
Using Docker Compose v2
Port 9860 is not available on scm yet
Port 9860 is not available on scm yet
Port 9860 is not available on scm yet
Port 9860 is not available on scm yet
Port 9860 is not available on scm yet
Port 9860 is not available on scm yet
Port 9860 is not available on scm yet
Port 9860 is not available on scm yet
Port 9860 is not available on scm yet
Port 9860 is not available on scm yet
Port 9860 is not available on scm yet
Port 9860 is not available on scm yet
Port 9860 is not available on scm yet
Error response from daemon: container 66c5403a027798252c9e0a71757758740e7668009dc0cb1c425a3439a8b19210 is not running
Port 9860 is not available on scm yet
service "scm" is not running
Port 9860 is not available on scm yet
service "scm" is not running
Port 9860 is not available on scm yet
service "scm" is not running
Port 9860 is not available on scm yet
service "scm" is not running
Port 9860 is not available on scm yet
service "scm" is not running
Port 9860 is not available on scm yet
service "scm" is not running
Port 9860 is not available on scm yet
service "scm" is not running
Port 9860 is not available on scm yet
service "scm" is not running
Port 9860 is not available on scm yet
service "scm" is not running
Port 9860 is not available on scm yet
service "scm" is not running
Port 9860 is not available on scm yet
service "scm" is not running
Port 9860 is not available on scm yet
service "scm" is not running
Port 9860 is not available on scm yet
service "scm" is not running
Port 9860 is not available on scm yet
service "scm" is not running
Port 9860 is not available on scm yet
service "scm" is not running
Port 9860 is not available on scm yet
service "scm" is not running
Port 9860 is not available on scm yet
service "scm" is not running
Port 9860 is not available on scm yet
service "scm" is not running
Port 9860 is not available on scm yet
service "scm" is not running
Port 9860 is not available on scm yet
service "scm" is not running
Port 9860 is not available on scm yet
service "scm" is not running
Port 9860 is not available on scm yet
service "scm" is not running
Port 9860 is not available on scm yet
service "scm" is not running
Port 9860 is not available on scm yet
service "scm" is not running
Port 9860 is not available on scm yet
service "scm" is not running
Port 9860 is not available on scm yet
service "scm" is not running
Port 9860 is not available on scm yet
service "scm" is not running
Port 9860 is not available on scm yet
service "scm" is not running
Port 9860 is not available on scm yet
service "scm" is not running
Port 9860 is not available on scm yet
service "scm" is not running
Port 9860 is not available on scm yet
service "scm" is not running
Port 9860 is not available on scm yet
service "scm" is not running
Port 9860 is not available on scm yet
service "scm" is not running
Port 9860 is not available on scm yet
service "scm" is not running
Port 9860 is not available on scm yet
service "scm" is not running
Port 9860 is not available on scm yet
service "scm" is not running
Port 9860 is not available on scm yet
service "scm" is not running
Port 9860 is not available on scm yet
service "scm" is not running
Port 9860 is not available on scm yet
service "scm" is not running
Port 9860 is not available on scm yet
service "scm" is not running
Port 9860 is not available on scm yet
service "scm" is not running
Port 9860 is not available on scm yet
service "scm" is not running
Port 9860 is not available on scm yet
service "scm" is not running
Port 9860 is not available on scm yet
service "scm" is not running
Port 9860 is not available on scm yet
service "scm" is not running
Port 9860 is not available on scm yet
service "scm" is not running
Port 9860 is not available on scm yet
service "scm" is not running
Port 9860 is not available on scm yet
service "scm" is not running
Port 9860 is not available on scm yet
service "scm" is not running
Port 9860 is not available on scm yet
service "scm" is not running
Port 9860 is not available on scm yet
service "scm" is not running
Port 9860 is not available on scm yet
service "scm" is not running
Port 9860 is not available on scm yet
service "scm" is not running
Port 9860 is not available on scm yet
service "scm" is not running
Port 9860 is not available on scm yet
service "scm" is not running
Port 9860 is not available on scm yet
service "scm" is not running
Port 9860 is not available on scm yet
service "scm" is not running
Port 9860 is not available on scm yet
service "scm" is not running
Port 9860 is not available on scm yet
service "scm" is not running
Port 9860 is not available on scm yet
service "scm" is not running
Port 9860 is not available on scm yet
service "scm" is not running
Port 9860 is not available on scm yet
service "scm" is not running
Port 9860 is not available on scm yet
service "scm" is not running
Port 9860 is not available on scm yet
service "scm" is not running
Port 9860 is not available on scm yet
service "scm" is not running
Port 9860 is not available on scm yet
service "scm" is not running
Port 9860 is not available on scm yet
service "scm" is not running
Port 9860 is not available on scm yet
service "scm" is not running
Port 9860 is not available on scm yet
service "scm" is not running
Port 9860 is not available on scm yet
service "scm" is not running
Port 9860 is not available on scm yet
service "scm" is not running
Port 9860 is not available on scm yet
service "scm" is not running
Port 9860 is not available on scm yet
service "scm" is not running
Port 9860 is not available on scm yet
service "scm" is not running
Port 9860 is not available on scm yet
service "scm" is not running
Port 9860 is not available on scm yet
service "scm" is not running
Port 9860 is not available on scm yet
service "scm" is not running
Port 9860 is not available on scm yet
service "scm" is not running
Port 9860 is not available on scm yet
service "scm" is not running
Port 9860 is not available on scm yet
service "scm" is not running
Port 9860 is not available on scm yet
service "scm" is not running
Port 9860 is not available on scm yet
service "scm" is not running
Port 9860 is not available on scm yet
service "scm" is not running
Port 9860 is not available on scm yet
service "scm" is not running
Port 9860 is not available on scm yet
service "scm" is not running
Port 9860 is not available on scm yet
service "scm" is not running
Port 9860 is not available on scm yet
service "scm" is not running
Port 9860 is not available on scm yet
service "scm" is not running
Port 9860 is not available on scm yet
service "scm" is not running
Port 9860 is not available on scm yet
service "scm" is not running
Port 9860 is not available on scm yet
service "scm" is not running
Port 9860 is not available on scm yet
service "scm" is not running
Port 9860 is not available on scm yet
service "scm" is not running
Port 9860 is not available on scm yet
service "scm" is not running
Port 9860 is not available on scm yet
Timed out waiting on scm 9860 to become available
ERROR: Test execution of ozone/test-hadoop.sh is FAILED!!!!
mkdir: created directory '/home/runner/work/ozone/ozone/hadoop-ozone/dist/target/ozone-2.0.0-SNAPSHOT/compose/result/ozone'
mkdir: created directory '/home/runner/work/ozone/ozone/hadoop-ozone/dist/target/ozone-2.0.0-SNAPSHOT/compose/result/ozone/hadoop'
renamed 'ozone/result/docker-ozone-datanode-1.log' -> '/home/runner/work/ozone/ozone/hadoop-ozone/dist/target/ozone-2.0.0-SNAPSHOT/compose/result/ozone/hadoop/docker-ozone-datanode-1.log'
renamed 'ozone/result/docker-ozone-datanode-2.log' -> '/home/runner/work/ozone/ozone/hadoop-ozone/dist/target/ozone-2.0.0-SNAPSHOT/compose/result/ozone/hadoop/docker-ozone-datanode-2.log'
renamed 'ozone/result/docker-ozone-datanode-3.log' -> '/home/runner/work/ozone/ozone/hadoop-ozone/dist/target/ozone-2.0.0-SNAPSHOT/compose/result/ozone/hadoop/docker-ozone-datanode-3.log'
renamed 'ozone/result/docker-ozone-httpfs-1.log' -> '/home/runner/work/ozone/ozone/hadoop-ozone/dist/target/ozone-2.0.0-SNAPSHOT/compose/result/ozone/hadoop/docker-ozone-httpfs-1.log'
renamed 'ozone/result/docker-ozone-om-1.log' -> '/home/runner/work/ozone/ozone/hadoop-ozone/dist/target/ozone-2.0.0-SNAPSHOT/compose/result/ozone/hadoop/docker-ozone-om-1.log'
renamed 'ozone/result/docker-ozone-recon-1.log' -> '/home/runner/work/ozone/ozone/hadoop-ozone/dist/target/ozone-2.0.0-SNAPSHOT/compose/result/ozone/hadoop/docker-ozone-recon-1.log'
renamed 'ozone/result/docker-ozone-s3g-1.log' -> '/home/runner/work/ozone/ozone/hadoop-ozone/dist/target/ozone-2.0.0-SNAPSHOT/compose/result/ozone/hadoop/docker-ozone-s3g-1.log'
renamed 'ozone/result/docker-ozone-scm-1.log' -> '/home/runner/work/ozone/ozone/hadoop-ozone/dist/target/ozone-2.0.0-SNAPSHOT/compose/result/ozone/hadoop/docker-ozone-scm-1.log'
Executing test ozonesecure-mr/test.sh
Using Docker Compose v2
Port 88 is available on kdc
Port 9860 is not available on scm yet
Port 9860 is not available on scm yet
Port 9860 is not available on scm yet
Port 9860 is not available on scm yet
Port 9860 is not available on scm yet
Port 9860 is not available on scm yet
Port 9860 is not available on scm yet
Port 9860 is not available on scm yet
Port 9860 is not available on scm yet
Error response from daemon: container 4c2c250af0a05fbc3d7ee76006fcfcbf5aec3990772df3f2a0618526ddc9b4f7 is not running
Port 9860 is not available on scm yet
service "scm" is not running
Port 9860 is not available on scm yet
service "scm" is not running
Port 9860 is not available on scm yet
service "scm" is not running
Port 9860 is not available on scm yet
service "scm" is not running
Port 9860 is not available on scm yet
service "scm" is not running
Port 9860 is not available on scm yet
service "scm" is not running
Port 9860 is not available on scm yet
service "scm" is not running
Port 9860 is not available on scm yet
service "scm" is not running
Port 9860 is not available on scm yet
service "scm" is not running
Port 9860 is not available on scm yet
service "scm" is not running
Port 9860 is not available on scm yet
service "scm" is not running
Port 9860 is not available on scm yet
service "scm" is not running
Port 9860 is not available on scm yet
service "scm" is not running
Port 9860 is not available on scm yet
service "scm" is not running
Port 9860 is not available on scm yet
service "scm" is not running
Port 9860 is not available on scm yet
service "scm" is not running
Port 9860 is not available on scm yet
service "scm" is not running
Port 9860 is not available on scm yet
service "scm" is not running
Port 9860 is not available on scm yet
service "scm" is not running
Port 9860 is not available on scm yet
service "scm" is not running
Port 9860 is not available on scm yet
service "scm" is not running
Port 9860 is not available on scm yet
service "scm" is not running
Port 9860 is not available on scm yet
service "scm" is not running
Port 9860 is not available on scm yet
service "scm" is not running
Port 9860 is not available on scm yet
service "scm" is not running
Port 9860 is not available on scm yet
service "scm" is not running
Port 9860 is not available on scm yet
service "scm" is not running
Port 9860 is not available on scm yet
service "scm" is not running
Port 9860 is not available on scm yet
service "scm" is not running
Port 9860 is not available on scm yet
service "scm" is not running
Port 9860 is not available on scm yet
service "scm" is not running
Port 9860 is not available on scm yet
service "scm" is not running
Port 9860 is not available on scm yet
service "scm" is not running
Port 9860 is not available on scm yet
service "scm" is not running
Port 9860 is not available on scm yet
service "scm" is not running
Port 9860 is not available on scm yet
service "scm" is not running
Port 9860 is not available on scm yet
service "scm" is not running
Port 9860 is not available on scm yet
service "scm" is not running
Port 9860 is not available on scm yet
service "scm" is not running
Port 9860 is not available on scm yet
service "scm" is not running
Port 9860 is not available on scm yet
service "scm" is not running
Port 9860 is not available on scm yet
service "scm" is not running
Port 9860 is not available on scm yet
service "scm" is not running
Port 9860 is not available on scm yet
service "scm" is not running
Port 9860 is not available on scm yet
service "scm" is not running
Port 9860 is not available on scm yet
service "scm" is not running
Port 9860 is not available on scm yet
service "scm" is not running
Port 9860 is not available on scm yet
service "scm" is not running
Port 9860 is not available on scm yet
service "scm" is not running
Port 9860 is not available on scm yet
service "scm" is not running
Port 9860 is not available on scm yet
service "scm" is not running
Port 9860 is not available on scm yet
service "scm" is not running
Port 9860 is not available on scm yet
service "scm" is not running
Port 9860 is not available on scm yet
service "scm" is not running
Port 9860 is not available on scm yet
service "scm" is not running
Port 9860 is not available on scm yet
service "scm" is not running
Port 9860 is not available on scm yet
service "scm" is not running
Port 9860 is not available on scm yet
service "scm" is not running
Port 9860 is not available on scm yet
service "scm" is not running
Port 9860 is not available on scm yet
service "scm" is not running
Port 9860 is not available on scm yet
service "scm" is not running
Port 9860 is not available on scm yet
service "scm" is not running
Port 9860 is not available on scm yet
service "scm" is not running
Port 9860 is not available on scm yet
service "scm" is not running
Port 9860 is not available on scm yet
service "scm" is not running
Port 9860 is not available on scm yet
service "scm" is not running
Port 9860 is not available on scm yet
service "scm" is not running
Port 9860 is not available on scm yet
service "scm" is not running
Port 9860 is not available on scm yet
service "scm" is not running
Port 9860 is not available on scm yet
service "scm" is not running
Port 9860 is not available on scm yet
service "scm" is not running
Port 9860 is not available on scm yet
service "scm" is not running
Port 9860 is not available on scm yet
service "scm" is not running
Port 9860 is not available on scm yet
service "scm" is not running
Port 9860 is not available on scm yet
service "scm" is not running
Port 9860 is not available on scm yet
service "scm" is not running
Port 9860 is not available on scm yet
service "scm" is not running
Port 9860 is not available on scm yet
service "scm" is not running
Port 9860 is not available on scm yet
service "scm" is not running
Port 9860 is not available on scm yet
service "scm" is not running
Port 9860 is not available on scm yet
service "scm" is not running
Port 9860 is not available on scm yet
service "scm" is not running
Port 9860 is not available on scm yet
service "scm" is not running
Port 9860 is not available on scm yet
service "scm" is not running
Port 9860 is not available on scm yet
service "scm" is not running
Port 9860 is not available on scm yet
service "scm" is not running
Port 9860 is not available on scm yet
service "scm" is not running
Port 9860 is not available on scm yet
service "scm" is not running
Port 9860 is not available on scm yet
service "scm" is not running
Port 9860 is not available on scm yet
service "scm" is not running
Port 9860 is not available on scm yet
service "scm" is not running
Port 9860 is not available on scm yet
service "scm" is not running
Port 9860 is not available on scm yet
service "scm" is not running
Port 9860 is not available on scm yet
service "scm" is not running
Port 9860 is not available on scm yet
service "scm" is not running
Port 9860 is not available on scm yet
service "scm" is not running
Port 9860 is not available on scm yet
service "scm" is not running
Port 9860 is not available on scm yet
service "scm" is not running
Port 9860 is not available on scm yet
service "scm" is not running
Port 9860 is not available on scm yet
Timed out waiting on scm 9860 to become available
ERROR: Test execution of ozonesecure-mr/test.sh is FAILED!!!!
mkdir: created directory '/home/runner/work/ozone/ozone/hadoop-ozone/dist/target/ozone-2.0.0-SNAPSHOT/compose/result/ozonesecure-mr'
renamed 'ozonesecure-mr/result/docker-ozonesecure-mr-datanode-1.log' -> '/home/runner/work/ozone/ozone/hadoop-ozone/dist/target/ozone-2.0.0-SNAPSHOT/compose/result/ozonesecure-mr/docker-ozonesecure-mr-datanode-1.log'
renamed 'ozonesecure-mr/result/docker-ozonesecure-mr-datanode-2.log' -> '/home/runner/work/ozone/ozone/hadoop-ozone/dist/target/ozone-2.0.0-SNAPSHOT/compose/result/ozonesecure-mr/docker-ozonesecure-mr-datanode-2.log'
renamed 'ozonesecure-mr/result/docker-ozonesecure-mr-datanode-3.log' -> '/home/runner/work/ozone/ozone/hadoop-ozone/dist/target/ozone-2.0.0-SNAPSHOT/compose/result/ozonesecure-mr/docker-ozonesecure-mr-datanode-3.log'
renamed 'ozonesecure-mr/result/docker-ozonesecure-mr-kdc-1.log' -> '/home/runner/work/ozone/ozone/hadoop-ozone/dist/target/ozone-2.0.0-SNAPSHOT/compose/result/ozonesecure-mr/docker-ozonesecure-mr-kdc-1.log'
renamed 'ozonesecure-mr/result/docker-ozonesecure-mr-kms-1.log' -> '/home/runner/work/ozone/ozone/hadoop-ozone/dist/target/ozone-2.0.0-SNAPSHOT/compose/result/ozonesecure-mr/docker-ozonesecure-mr-kms-1.log'
renamed 'ozonesecure-mr/result/docker-ozonesecure-mr-om-1.log' -> '/home/runner/work/ozone/ozone/hadoop-ozone/dist/target/ozone-2.0.0-SNAPSHOT/compose/result/ozonesecure-mr/docker-ozonesecure-mr-om-1.log'
renamed 'ozonesecure-mr/result/docker-ozonesecure-mr-s3g-1.log' -> '/home/runner/work/ozone/ozone/hadoop-ozone/dist/target/ozone-2.0.0-SNAPSHOT/compose/result/ozonesecure-mr/docker-ozonesecure-mr-s3g-1.log'
renamed 'ozonesecure-mr/result/docker-ozonesecure-mr-scm-1.log' -> '/home/runner/work/ozone/ozone/hadoop-ozone/dist/target/ozone-2.0.0-SNAPSHOT/compose/result/ozonesecure-mr/docker-ozonesecure-mr-scm-1.log'
renamed 'ozonesecure-mr/result/kms-audit.log' -> '/home/runner/work/ozone/ozone/hadoop-ozone/dist/target/ozone-2.0.0-SNAPSHOT/compose/result/ozonesecure-mr/kms-audit.log'
removed directory '/tmp/robot-data-K4kPgs'
