Using Docker Compose v2
Executing test xcompat/test-old.sh
Using Docker Compose v2
Starting 1.1.0 cluster with COMPOSE_FILE=old-cluster.yaml:clients.yaml
Port 88 is available on kdc
Port 9860 is not available on scm yet
Port 9860 is not available on scm yet
Port 9860 is not available on scm yet
Port 9860 is not available on scm yet
Port 9860 is not available on scm yet
Port 9860 is not available on scm yet
Port 9860 is not available on scm yet
Port 9860 is available on scm
SCM is in safe mode. Will retry in 1 sec. Remaining time (sec): 237
SCM is in safe mode. Will retry in 1 sec. Remaining time (sec): 236
SCM is in safe mode. Will retry in 1 sec. Remaining time (sec): 235
SCM is in safe mode. Will retry in 1 sec. Remaining time (sec): 234
SCM is in safe mode. Will retry in 1 sec. Remaining time (sec): 233
SCM is in safe mode. Will retry in 1 sec. Remaining time (sec): 232
SCM is in safe mode. Will retry in 1 sec. Remaining time (sec): 231
SCM is in safe mode. Will retry in 1 sec. Remaining time (sec): 230
SCM is in safe mode. Will retry in 1 sec. Remaining time (sec): 229
SCM is in safe mode. Will retry in 1 sec. Remaining time (sec): 228
SCM is in safe mode. Will retry in 1 sec. Remaining time (sec): 227
SCM is in safe mode. Will retry in 1 sec. Remaining time (sec): 226
SCM is in safe mode. Will retry in 1 sec. Remaining time (sec): 225
SCM is in safe mode. Will retry in 1 sec. Remaining time (sec): 224
SCM is in safe mode. Will retry in 1 sec. Remaining time (sec): 223
SCM is in safe mode. Will retry in 1 sec. Remaining time (sec): 222
SCM is in safe mode. Will retry in 1 sec. Remaining time (sec): 221
SCM is in safe mode. Will retry in 1 sec. Remaining time (sec): 220
SCM is in safe mode. Will retry in 1 sec. Remaining time (sec): 219
SCM is in safe mode. Will retry in 1 sec. Remaining time (sec): 218
SCM is in safe mode. Will retry in 1 sec. Remaining time (sec): 217
SCM is in safe mode. Will retry in 1 sec. Remaining time (sec): 216
SCM is in safe mode. Will retry in 1 sec. Remaining time (sec): 215
SCM is in safe mode. Will retry in 1 sec. Remaining time (sec): 214
SCM is in safe mode. Will retry in 1 sec. Remaining time (sec): 213
SCM is in safe mode. Will retry in 1 sec. Remaining time (sec): 212
SCM is in safe mode. Will retry in 1 sec. Remaining time (sec): 211
SCM is in safe mode. Will retry in 1 sec. Remaining time (sec): 210
SCM is in safe mode. Will retry in 1 sec. Remaining time (sec): 209
SCM is in safe mode. Will retry in 1 sec. Remaining time (sec): 208
SCM is in safe mode. Will retry in 1 sec. Remaining time (sec): 207
SCM is in safe mode. Will retry in 1 sec. Remaining time (sec): 206
SCM is in safe mode. Will retry in 1 sec. Remaining time (sec): 205
SCM is in safe mode. Will retry in 1 sec. Remaining time (sec): 204
SCM is in safe mode. Will retry in 1 sec. Remaining time (sec): 203
SCM is in safe mode. Will retry in 1 sec. Remaining time (sec): 202
SCM is in safe mode. Will retry in 1 sec. Remaining time (sec): 201
SCM is in safe mode. Will retry in 1 sec. Remaining time (sec): 200
SCM is in safe mode. Will retry in 1 sec. Remaining time (sec): 199
SCM is in safe mode. Will retry in 1 sec. Remaining time (sec): 198
SCM is in safe mode. Will retry in 1 sec. Remaining time (sec): 197
SCM is in safe mode. Will retry in 1 sec. Remaining time (sec): 196
SCM is in safe mode. Will retry in 1 sec. Remaining time (sec): 195
SCM is in safe mode. Will retry in 1 sec. Remaining time (sec): 194
SCM is in safe mode. Will retry in 1 sec. Remaining time (sec): 193
SCM is in safe mode. Will retry in 1 sec. Remaining time (sec): 192
SCM is in safe mode. Will retry in 1 sec. Remaining time (sec): 191
SCM is in safe mode. Will retry in 1 sec. Remaining time (sec): 190
SCM is in safe mode. Will retry in 1 sec. Remaining time (sec): 189
SCM is in safe mode. Will retry in 1 sec. Remaining time (sec): 188
SCM is in safe mode. Will retry in 1 sec. Remaining time (sec): 187
SCM is in safe mode. Will retry in 1 sec. Remaining time (sec): 186
SCM is in safe mode. Will retry in 1 sec. Remaining time (sec): 185
SCM is out of safe mode.
No OM HA service, no need to wait
key1 has been successfully created with options Options{cipher='AES/CTR/NoPadding', bitLength=128, description='null', attributes=null}.
org.apache.hadoop.crypto.key.kms.LoadBalancingKMSClientProvider@1b84f475 has been updated.
2025-12-05 18:44:01,584 [main] INFO impl.MetricsConfig: Loaded properties from hadoop-metrics2.properties
2025-12-05 18:44:01,657 [main] INFO impl.MetricsSystemImpl: Scheduled Metric snapshot period at 10 second(s).
2025-12-05 18:44:01,657 [main] INFO impl.MetricsSystemImpl: ozone-freon metrics system started
2025-12-05 18:44:01,742 [main] INFO freon.BaseFreonGenerator: Executing test with prefix warmup
2025-12-05 18:44:01,746 [Thread-3] INFO freon.ProgressBar: Progress: 0.00 % (0 out of 1)
2025-12-05 18:44:02,291 [main] INFO rpc.RpcClient: Creating Volume: vol1, with testuser/scm@EXAMPLE.COM as owner and space quota set to -1 bytes, counts quota set to -1
2025-12-05 18:44:02,374 [main] INFO rpc.RpcClient: Creating Bucket: vol1/bucket1, with Versioning false and Storage Type set to DISK and Encryption set to false 
2025-12-05 18:44:02,747 [Thread-3] INFO freon.ProgressBar: Progress: 0.00 % (0 out of 1)
2025-12-05 18:44:02,850 [pool-1-thread-1] WARN impl.MetricsSystemImpl: ozone-freon metrics system already initialized!
2025-12-05 18:44:03,027 [pool-1-thread-1] INFO metrics.MetricRegistries: Loaded MetricRegistries class org.apache.ratis.metrics.impl.MetricRegistriesImpl
2025-12-05 18:44:03,027 [pool-1-thread-1] INFO metrics.RatisMetrics: Creating Metrics Registry : ratis.client_message_metrics.client-2AF2F80D7F8B->7451f24d-6c63-4c5c-8f06-9487f773b846
2025-12-05 18:44:03,028 [pool-1-thread-1] WARN impl.MetricRegistriesImpl: First MetricRegistry has been created without registering reporters. You may need to call MetricRegistries.global().addReporterRegistration(...) before.
2025-12-05 18:44:03,747 [Thread-3] INFO freon.ProgressBar: Progress: 0.00 % (0 out of 1)
2025-12-05 18:44:04,749 [Thread-3] INFO freon.ProgressBar: Progress: 100.00 % (1 out of 1)
2025-12-05 18:44:04,769 [Thread-2] INFO metrics: type=TIMER, name=key-create, count=1, min=1707.305432, max=1707.305432, mean=1707.305432, stddev=0.0, median=1707.305432, p75=1707.305432, p95=1707.305432, p98=1707.305432, p99=1707.305432, p999=1707.305432, mean_rate=0.4232975221710628, m1=0.0, m5=0.0, m15=0.0, rate_unit=events/second, duration_unit=milliseconds
2025-12-05 18:44:04,769 [Thread-2] INFO freon.BaseFreonGenerator: Total execution time (sec): 3
2025-12-05 18:44:04,769 [Thread-2] INFO freon.BaseFreonGenerator: Failures: 0
2025-12-05 18:44:04,769 [Thread-2] INFO freon.BaseFreonGenerator: Successful executions: 1
==============================================================================
xcompat-cluster-1.1.0-client-1.1.0-write :: Write Compatibility               
==============================================================================
Create Bucket With Replication Type                                   | PASS |
Client does not support EC
------------------------------------------------------------------------------
Create Encrypted Bucket                                               | PASS |
------------------------------------------------------------------------------
Create Key in Encrypted Bucket                                        | PASS |
------------------------------------------------------------------------------
Key Can Be Written                                                    | PASS |
------------------------------------------------------------------------------
Key Can Be Written To Bucket With Replication Type                    | PASS |
Cluster does not support EC
------------------------------------------------------------------------------
Key Can Be Deleted                                                    | PASS |
------------------------------------------------------------------------------
Dir Can Be Created                                                    | PASS |
------------------------------------------------------------------------------
File Can Be Put                                                       | PASS |
------------------------------------------------------------------------------
File Can Be Put To Bucket With Replication Type                       | PASS |
Cluster does not support EC
------------------------------------------------------------------------------
File Can Be Deleted                                                   | PASS |
------------------------------------------------------------------------------
FSO Bucket Can Be Created and Used                                    | PASS |
Client does not support FSO
------------------------------------------------------------------------------
HSync Can Be Used To Create Keys                                      | PASS |
Client does not support HSYNC
------------------------------------------------------------------------------
xcompat-cluster-1.1.0-client-1.1.0-write :: Write Compatibility       | PASS |
12 tests, 12 passed, 0 failed
==============================================================================
Output:  /tmp/smoketest/xcompat/result/robot-001.xml
==============================================================================
xcompat-cluster-1.1.0-client-2.2.0-write :: Write Compatibility               
==============================================================================
Create Bucket With Replication Type                                   | PASS |
Cluster does not support EC
------------------------------------------------------------------------------
Create Encrypted Bucket                                               | PASS |
------------------------------------------------------------------------------
Create Key in Encrypted Bucket                                        | PASS |
------------------------------------------------------------------------------
Key Can Be Written                                                    | PASS |
------------------------------------------------------------------------------
Key Can Be Written To Bucket With Replication Type                    | PASS |
Cluster does not support EC
------------------------------------------------------------------------------
Key Can Be Deleted                                                    | PASS |
------------------------------------------------------------------------------
Dir Can Be Created                                                    | PASS |
------------------------------------------------------------------------------
File Can Be Put                                                       | PASS |
------------------------------------------------------------------------------
File Can Be Put To Bucket With Replication Type                       | PASS |
Cluster does not support EC
------------------------------------------------------------------------------
File Can Be Deleted                                                   | PASS |
------------------------------------------------------------------------------
FSO Bucket Can Be Created and Used                                    | PASS |
Cluster does not support FSO
------------------------------------------------------------------------------
HSync Can Be Used To Create Keys                                      | PASS |
Cluster does not support HSYNC
------------------------------------------------------------------------------
xcompat-cluster-1.1.0-client-2.2.0-write :: Write Compatibility       | PASS |
12 tests, 12 passed, 0 failed
==============================================================================
Output:  /tmp/smoketest/xcompat/result/robot-002.xml
==============================================================================
xcompat-cluster-1.1.0-client-1.1.0-read-2.2.0 :: Read Compatibility           
==============================================================================
Buckets Can Be Listed                                                 | PASS |
------------------------------------------------------------------------------
Bucket Without Replication Config                                     | PASS |
------------------------------------------------------------------------------
Bucket With Replication Config                                        | PASS |
Cluster does not support EC
------------------------------------------------------------------------------
Key Can Be Read                                                       | PASS |
------------------------------------------------------------------------------
Encrypted Key Can Be Read                                             | PASS |
------------------------------------------------------------------------------
Key Read From Bucket With Replication                                 | PASS |
Cluster does not support EC
------------------------------------------------------------------------------
Dir Can Be Listed                                                     | PASS |
Cluster does not support EC
------------------------------------------------------------------------------
File Can Be Listed                                                    | PASS |
Cluster does not support EC
------------------------------------------------------------------------------
Key List                                                              | PASS |
------------------------------------------------------------------------------
Key List In Bucket With Replication                                   | PASS |
Cluster does not support EC
------------------------------------------------------------------------------
File Can Be Get                                                       | PASS |
------------------------------------------------------------------------------
File Can Be Get From Bucket With Replication                          | PASS |
Cluster does not support EC
------------------------------------------------------------------------------
FSO Bucket Can Be Read                                                | PASS |
Client does not support FSO
------------------------------------------------------------------------------
HSync Lease Recover Can Be Used                                       | PASS |
Client does not support HSYNC
------------------------------------------------------------------------------
Key Info File Flag Should Be Set Correctly                            | PASS |
Cluster does not support 'file' flag
------------------------------------------------------------------------------
xcompat-cluster-1.1.0-client-1.1.0-read-2.2.0 :: Read Compatibility   | PASS |
15 tests, 15 passed, 0 failed
==============================================================================
Output:  /tmp/smoketest/xcompat/result/robot-003.xml
==============================================================================
xcompat-cluster-1.1.0-client-2.2.0-read-1.1.0 :: Read Compatibility           
==============================================================================
Buckets Can Be Listed                                                 | PASS |
------------------------------------------------------------------------------
Bucket Without Replication Config                                     | PASS |
------------------------------------------------------------------------------
Bucket With Replication Config                                        | PASS |
Cluster does not support EC
------------------------------------------------------------------------------
Key Can Be Read                                                       | PASS |
------------------------------------------------------------------------------
Encrypted Key Can Be Read                                             | PASS |
------------------------------------------------------------------------------
Key Read From Bucket With Replication                                 | PASS |
Cluster does not support EC
------------------------------------------------------------------------------
Dir Can Be Listed                                                     | PASS |
Cluster does not support EC
------------------------------------------------------------------------------
File Can Be Listed                                                    | PASS |
Cluster does not support EC
------------------------------------------------------------------------------
Key List                                                              | PASS |
------------------------------------------------------------------------------
Key List In Bucket With Replication                                   | PASS |
Cluster does not support EC
------------------------------------------------------------------------------
File Can Be Get                                                       | PASS |
------------------------------------------------------------------------------
File Can Be Get From Bucket With Replication                          | PASS |
Cluster does not support EC
------------------------------------------------------------------------------
FSO Bucket Can Be Read                                                | PASS |
Skipped write test case
------------------------------------------------------------------------------
HSync Lease Recover Can Be Used                                       | PASS |
Skipped write test case
------------------------------------------------------------------------------
Key Info File Flag Should Be Set Correctly                            | PASS |
Cluster does not support 'file' flag
------------------------------------------------------------------------------
xcompat-cluster-1.1.0-client-2.2.0-read-1.1.0 :: Read Compatibility   | PASS |
15 tests, 15 passed, 0 failed
==============================================================================
Output:  /tmp/smoketest/xcompat/result/robot-004.xml
==============================================================================
xcompat-cluster-1.1.0-client-2.2.0-read-2.2.0 :: Read Compatibility           
==============================================================================
Buckets Can Be Listed                                                 | PASS |
------------------------------------------------------------------------------
Bucket Without Replication Config                                     | PASS |
------------------------------------------------------------------------------
Bucket With Replication Config                                        | PASS |
Cluster does not support EC
------------------------------------------------------------------------------
Key Can Be Read                                                       | PASS |
------------------------------------------------------------------------------
Encrypted Key Can Be Read                                             | PASS |
------------------------------------------------------------------------------
Key Read From Bucket With Replication                                 | PASS |
Cluster does not support EC
------------------------------------------------------------------------------
Dir Can Be Listed                                                     | PASS |
Cluster does not support EC
------------------------------------------------------------------------------
File Can Be Listed                                                    | PASS |
Cluster does not support EC
------------------------------------------------------------------------------
Key List                                                              | PASS |
------------------------------------------------------------------------------
Key List In Bucket With Replication                                   | PASS |
Cluster does not support EC
------------------------------------------------------------------------------
File Can Be Get                                                       | PASS |
------------------------------------------------------------------------------
File Can Be Get From Bucket With Replication                          | PASS |
Cluster does not support EC
------------------------------------------------------------------------------
FSO Bucket Can Be Read                                                | PASS |
Cluster does not support FSO
------------------------------------------------------------------------------
HSync Lease Recover Can Be Used                                       | PASS |
Cluster does not support HSYNC
------------------------------------------------------------------------------
Key Info File Flag Should Be Set Correctly                            | PASS |
Cluster does not support 'file' flag
------------------------------------------------------------------------------
xcompat-cluster-1.1.0-client-2.2.0-read-2.2.0 :: Read Compatibility   | PASS |
15 tests, 15 passed, 0 failed
==============================================================================
Output:  /tmp/smoketest/xcompat/result/robot-005.xml
Skipping checkpoint compatibility tests for cluster 1.1.0 (checkpoint endpoints not available)
Starting 1.2.1 cluster with COMPOSE_FILE=old-cluster.yaml:clients.yaml
Port 88 is available on kdc
Port 9860 is not available on scm yet
Port 9860 is not available on scm yet
Port 9860 is not available on scm yet
Port 9860 is not available on scm yet
Port 9860 is not available on scm yet
Port 9860 is not available on scm yet
Port 9860 is not available on scm yet
Port 9860 is not available on scm yet
Port 9860 is not available on scm yet
Port 9860 is not available on scm yet
Port 9860 is not available on scm yet
Port 9860 is available on scm
SCM is in safe mode. Will retry in 1 sec. Remaining time (sec): 239
SCM is in safe mode. Will retry in 1 sec. Remaining time (sec): 238
SCM is in safe mode. Will retry in 1 sec. Remaining time (sec): 237
SCM is in safe mode. Will retry in 1 sec. Remaining time (sec): 236
SCM is in safe mode. Will retry in 1 sec. Remaining time (sec): 235
SCM is in safe mode. Will retry in 1 sec. Remaining time (sec): 234
SCM is in safe mode. Will retry in 1 sec. Remaining time (sec): 233
SCM is in safe mode. Will retry in 1 sec. Remaining time (sec): 232
SCM is in safe mode. Will retry in 1 sec. Remaining time (sec): 231
SCM is in safe mode. Will retry in 1 sec. Remaining time (sec): 230
SCM is in safe mode. Will retry in 1 sec. Remaining time (sec): 229
SCM is out of safe mode.
No OM HA service, no need to wait
key1 has been successfully created with options Options{cipher='AES/CTR/NoPadding', bitLength=128, description='null', attributes=null}.
org.apache.hadoop.crypto.key.kms.LoadBalancingKMSClientProvider@539d019 has been updated.
2025-12-05 18:47:36,742 [main] INFO impl.MetricsConfig: Loaded properties from hadoop-metrics2.properties
2025-12-05 18:47:36,855 [main] INFO impl.MetricsSystemImpl: Scheduled Metric snapshot period at 10 second(s).
2025-12-05 18:47:36,855 [main] INFO impl.MetricsSystemImpl: ozone-freon metrics system started
2025-12-05 18:47:36,970 [main] INFO freon.BaseFreonGenerator: Executing test with prefix warmup
2025-12-05 18:47:37,002 [Thread-3] INFO freon.ProgressBar: Progress: 0.00 % (0 out of 1)
2025-12-05 18:47:37,885 [main] INFO rpc.RpcClient: Creating Volume: vol1, with testuser as owner and space quota set to -1 bytes, counts quota set to -1
2025-12-05 18:47:37,960 [main] INFO rpc.RpcClient: Creating Bucket: vol1/bucket1, with Versioning false and Storage Type set to DISK and Encryption set to false 
2025-12-05 18:47:38,003 [Thread-3] INFO freon.ProgressBar: Progress: 0.00 % (0 out of 1)
2025-12-05 18:47:38,391 [pool-2-thread-1] WARN impl.MetricsSystemImpl: ozone-freon metrics system already initialized!
2025-12-05 18:47:38,535 [pool-2-thread-1] INFO metrics.MetricRegistries: Loaded MetricRegistries class org.apache.ratis.metrics.impl.MetricRegistriesImpl
2025-12-05 18:47:39,003 [Thread-3] INFO freon.ProgressBar: Progress: 0.00 % (0 out of 1)
2025-12-05 18:47:40,004 [Thread-3] INFO freon.ProgressBar: Progress: 100.00 % (1 out of 1)
2025-12-05 18:47:40,024 [shutdown-hook-0] INFO metrics: type=TIMER, name=key-create, count=1, min=1421.55161, max=1421.55161, mean=1421.55161, stddev=0.0, median=1421.55161, p75=1421.55161, p95=1421.55161, p98=1421.55161, p99=1421.55161, p999=1421.55161, mean_rate=0.49016547288368917, m1=0.0, m5=0.0, m15=0.0, rate_unit=events/second, duration_unit=milliseconds
2025-12-05 18:47:40,025 [shutdown-hook-0] INFO freon.BaseFreonGenerator: Total execution time (sec): 3
2025-12-05 18:47:40,025 [shutdown-hook-0] INFO freon.BaseFreonGenerator: Failures: 0
2025-12-05 18:47:40,025 [shutdown-hook-0] INFO freon.BaseFreonGenerator: Successful executions: 1
==============================================================================
xcompat-cluster-1.2.1-client-1.2.1-write :: Write Compatibility               
==============================================================================
Create Bucket With Replication Type                                   | PASS |
Client does not support EC
------------------------------------------------------------------------------
Create Encrypted Bucket                                               | PASS |
------------------------------------------------------------------------------
Create Key in Encrypted Bucket                                        | PASS |
------------------------------------------------------------------------------
Key Can Be Written                                                    | PASS |
------------------------------------------------------------------------------
Key Can Be Written To Bucket With Replication Type                    | PASS |
Cluster does not support EC
------------------------------------------------------------------------------
Key Can Be Deleted                                                    | PASS |
------------------------------------------------------------------------------
Dir Can Be Created                                                    | PASS |
------------------------------------------------------------------------------
File Can Be Put                                                       | PASS |
------------------------------------------------------------------------------
File Can Be Put To Bucket With Replication Type                       | PASS |
Cluster does not support EC
------------------------------------------------------------------------------
File Can Be Deleted                                                   | PASS |
------------------------------------------------------------------------------
FSO Bucket Can Be Created and Used                                    | PASS |
Client does not support FSO
------------------------------------------------------------------------------
HSync Can Be Used To Create Keys                                      | PASS |
Client does not support HSYNC
------------------------------------------------------------------------------
xcompat-cluster-1.2.1-client-1.2.1-write :: Write Compatibility       | PASS |
12 tests, 12 passed, 0 failed
==============================================================================
Output:  /tmp/smoketest/xcompat/result/robot-006.xml
==============================================================================
xcompat-cluster-1.2.1-client-2.2.0-write :: Write Compatibility               
==============================================================================
Create Bucket With Replication Type                                   | PASS |
Cluster does not support EC
------------------------------------------------------------------------------
Create Encrypted Bucket                                               | PASS |
------------------------------------------------------------------------------
Create Key in Encrypted Bucket                                        | PASS |
------------------------------------------------------------------------------
Key Can Be Written                                                    | PASS |
------------------------------------------------------------------------------
Key Can Be Written To Bucket With Replication Type                    | PASS |
Cluster does not support EC
------------------------------------------------------------------------------
Key Can Be Deleted                                                    | PASS |
------------------------------------------------------------------------------
Dir Can Be Created                                                    | PASS |
------------------------------------------------------------------------------
File Can Be Put                                                       | PASS |
------------------------------------------------------------------------------
File Can Be Put To Bucket With Replication Type                       | PASS |
Cluster does not support EC
------------------------------------------------------------------------------
File Can Be Deleted                                                   | PASS |
------------------------------------------------------------------------------
FSO Bucket Can Be Created and Used                                    | PASS |
Cluster does not support FSO
------------------------------------------------------------------------------
HSync Can Be Used To Create Keys                                      | PASS |
Cluster does not support HSYNC
------------------------------------------------------------------------------
xcompat-cluster-1.2.1-client-2.2.0-write :: Write Compatibility       | PASS |
12 tests, 12 passed, 0 failed
==============================================================================
Output:  /tmp/smoketest/xcompat/result/robot-007.xml
==============================================================================
xcompat-cluster-1.2.1-client-1.2.1-read-2.2.0 :: Read Compatibility           
==============================================================================
Buckets Can Be Listed                                                 | PASS |
------------------------------------------------------------------------------
Bucket Without Replication Config                                     | PASS |
------------------------------------------------------------------------------
Bucket With Replication Config                                        | PASS |
Cluster does not support EC
------------------------------------------------------------------------------
Key Can Be Read                                                       | PASS |
------------------------------------------------------------------------------
Encrypted Key Can Be Read                                             | PASS |
------------------------------------------------------------------------------
Key Read From Bucket With Replication                                 | PASS |
Cluster does not support EC
------------------------------------------------------------------------------
Dir Can Be Listed                                                     | PASS |
Cluster does not support EC
------------------------------------------------------------------------------
File Can Be Listed                                                    | PASS |
Cluster does not support EC
------------------------------------------------------------------------------
Key List                                                              | PASS |
------------------------------------------------------------------------------
Key List In Bucket With Replication                                   | PASS |
Cluster does not support EC
------------------------------------------------------------------------------
File Can Be Get                                                       | PASS |
------------------------------------------------------------------------------
File Can Be Get From Bucket With Replication                          | PASS |
Cluster does not support EC
------------------------------------------------------------------------------
FSO Bucket Can Be Read                                                | PASS |
Client does not support FSO
------------------------------------------------------------------------------
HSync Lease Recover Can Be Used                                       | PASS |
Client does not support HSYNC
------------------------------------------------------------------------------
Key Info File Flag Should Be Set Correctly                            | PASS |
Cluster does not support 'file' flag
------------------------------------------------------------------------------
xcompat-cluster-1.2.1-client-1.2.1-read-2.2.0 :: Read Compatibility   | PASS |
15 tests, 15 passed, 0 failed
==============================================================================
Output:  /tmp/smoketest/xcompat/result/robot-008.xml
==============================================================================
xcompat-cluster-1.2.1-client-2.2.0-read-1.2.1 :: Read Compatibility           
==============================================================================
Buckets Can Be Listed                                                 | PASS |
------------------------------------------------------------------------------
Bucket Without Replication Config                                     | PASS |
------------------------------------------------------------------------------
Bucket With Replication Config                                        | PASS |
Cluster does not support EC
------------------------------------------------------------------------------
Key Can Be Read                                                       | PASS |
------------------------------------------------------------------------------
Encrypted Key Can Be Read                                             | PASS |
------------------------------------------------------------------------------
Key Read From Bucket With Replication                                 | PASS |
Cluster does not support EC
------------------------------------------------------------------------------
Dir Can Be Listed                                                     | PASS |
Cluster does not support EC
------------------------------------------------------------------------------
File Can Be Listed                                                    | PASS |
Cluster does not support EC
------------------------------------------------------------------------------
Key List                                                              | PASS |
------------------------------------------------------------------------------
Key List In Bucket With Replication                                   | PASS |
Cluster does not support EC
------------------------------------------------------------------------------
File Can Be Get                                                       | PASS |
------------------------------------------------------------------------------
File Can Be Get From Bucket With Replication                          | PASS |
Cluster does not support EC
------------------------------------------------------------------------------
FSO Bucket Can Be Read                                                | PASS |
Skipped write test case
------------------------------------------------------------------------------
HSync Lease Recover Can Be Used                                       | PASS |
Skipped write test case
------------------------------------------------------------------------------
Key Info File Flag Should Be Set Correctly                            | PASS |
Cluster does not support 'file' flag
------------------------------------------------------------------------------
xcompat-cluster-1.2.1-client-2.2.0-read-1.2.1 :: Read Compatibility   | PASS |
15 tests, 15 passed, 0 failed
==============================================================================
Output:  /tmp/smoketest/xcompat/result/robot-009.xml
==============================================================================
xcompat-cluster-1.2.1-client-2.2.0-read-2.2.0 :: Read Compatibility           
==============================================================================
Buckets Can Be Listed                                                 | PASS |
------------------------------------------------------------------------------
Bucket Without Replication Config                                     | PASS |
------------------------------------------------------------------------------
Bucket With Replication Config                                        | PASS |
Cluster does not support EC
------------------------------------------------------------------------------
Key Can Be Read                                                       | PASS |
------------------------------------------------------------------------------
Encrypted Key Can Be Read                                             | PASS |
------------------------------------------------------------------------------
Key Read From Bucket With Replication                                 | PASS |
Cluster does not support EC
------------------------------------------------------------------------------
Dir Can Be Listed                                                     | PASS |
Cluster does not support EC
------------------------------------------------------------------------------
File Can Be Listed                                                    | PASS |
Cluster does not support EC
------------------------------------------------------------------------------
Key List                                                              | PASS |
------------------------------------------------------------------------------
Key List In Bucket With Replication                                   | PASS |
Cluster does not support EC
------------------------------------------------------------------------------
File Can Be Get                                                       | PASS |
------------------------------------------------------------------------------
File Can Be Get From Bucket With Replication                          | PASS |
Cluster does not support EC
------------------------------------------------------------------------------
FSO Bucket Can Be Read                                                | PASS |
Cluster does not support FSO
------------------------------------------------------------------------------
HSync Lease Recover Can Be Used                                       | PASS |
Cluster does not support HSYNC
------------------------------------------------------------------------------
Key Info File Flag Should Be Set Correctly                            | PASS |
Cluster does not support 'file' flag
------------------------------------------------------------------------------
xcompat-cluster-1.2.1-client-2.2.0-read-2.2.0 :: Read Compatibility   | PASS |
15 tests, 15 passed, 0 failed
==============================================================================
Output:  /tmp/smoketest/xcompat/result/robot-010.xml
Skipping checkpoint compatibility tests for cluster 1.2.1 (checkpoint endpoints not available)
Starting 1.3.0 cluster with COMPOSE_FILE=old-cluster.yaml:clients.yaml
Port 88 is available on kdc
Port 9860 is not available on scm yet
Port 9860 is not available on scm yet
Port 9860 is not available on scm yet
Port 9860 is not available on scm yet
Port 9860 is not available on scm yet
Port 9860 is not available on scm yet
Port 9860 is not available on scm yet
Port 9860 is not available on scm yet
Port 9860 is not available on scm yet
Port 9860 is not available on scm yet
Port 9860 is not available on scm yet
Port 9860 is not available on scm yet
Port 9860 is not available on scm yet
Port 9860 is not available on scm yet
Port 9860 is available on scm
com.google.protobuf.ServiceException: org.apache.hadoop.ipc.RemoteException(org.apache.hadoop.hdds.ratis.ServerNotLeaderException): Server:298d2fc0-5419-44b0-b617-30df61186073 is not the leader. Could not determine the leader node.
	at org.apache.hadoop.hdds.ratis.ServerNotLeaderException.convertToNotLeaderException(ServerNotLeaderException.java:109)
	at org.apache.hadoop.hdds.scm.ha.RatisUtil.checkRatisException(RatisUtil.java:246)
	at org.apache.hadoop.hdds.scm.protocol.StorageContainerLocationProtocolServerSideTranslatorPB.submitRequest(StorageContainerLocationProtocolServerSideTranslatorPB.java:193)
	at org.apache.hadoop.hdds.protocol.proto.StorageContainerLocationProtocolProtos$StorageContainerLocationProtocolService$2.callBlockingMethod(StorageContainerLocationProtocolProtos.java:62732)
	at org.apache.hadoop.ipc.ProtobufRpcEngine$Server.processCall(ProtobufRpcEngine.java:465)
	at org.apache.hadoop.ipc.ProtobufRpcEngine2$Server$ProtoBufRpcInvoker.call(ProtobufRpcEngine2.java:578)
	at org.apache.hadoop.ipc.ProtobufRpcEngine2$Server$ProtoBufRpcInvoker.call(ProtobufRpcEngine2.java:556)
	at org.apache.hadoop.ipc.RPC$Server.call(RPC.java:1093)
	at org.apache.hadoop.ipc.Server$RpcCall.run(Server.java:1043)
	at org.apache.hadoop.ipc.Server$RpcCall.run(Server.java:971)
	at java.base/java.security.AccessController.doPrivileged(Native Method)
	at java.base/javax.security.auth.Subject.doAs(Subject.java:423)
	at org.apache.hadoop.security.UserGroupInformation.doAs(UserGroupInformation.java:1878)
	at org.apache.hadoop.ipc.Server$Handler.run(Server.java:2976)
, while invoking $Proxy19.submitRequest over nodeId=scmNodeId,nodeAddress=scm/172.18.0.5:9860 after 1 failover attempts. Trying to failover after sleeping for 2000ms.
SCM is in safe mode. Will retry in 1 sec. Remaining time (sec): 236
SCM is in safe mode. Will retry in 1 sec. Remaining time (sec): 235
SCM is in safe mode. Will retry in 1 sec. Remaining time (sec): 234
SCM is in safe mode. Will retry in 1 sec. Remaining time (sec): 233
SCM is in safe mode. Will retry in 1 sec. Remaining time (sec): 232
SCM is in safe mode. Will retry in 1 sec. Remaining time (sec): 231
SCM is in safe mode. Will retry in 1 sec. Remaining time (sec): 230
SCM is in safe mode. Will retry in 1 sec. Remaining time (sec): 229
SCM is in safe mode. Will retry in 1 sec. Remaining time (sec): 228
SCM is in safe mode. Will retry in 1 sec. Remaining time (sec): 227
SCM is in safe mode. Will retry in 1 sec. Remaining time (sec): 226
SCM is in safe mode. Will retry in 1 sec. Remaining time (sec): 225
SCM is in safe mode. Will retry in 1 sec. Remaining time (sec): 224
SCM is in safe mode. Will retry in 1 sec. Remaining time (sec): 223
SCM is in safe mode. Will retry in 1 sec. Remaining time (sec): 222
SCM is in safe mode. Will retry in 1 sec. Remaining time (sec): 221
SCM is in safe mode. Will retry in 1 sec. Remaining time (sec): 220
SCM is in safe mode. Will retry in 1 sec. Remaining time (sec): 219
SCM is in safe mode. Will retry in 1 sec. Remaining time (sec): 218
SCM is in safe mode. Will retry in 1 sec. Remaining time (sec): 217
SCM is in safe mode. Will retry in 1 sec. Remaining time (sec): 216
SCM is out of safe mode.
No OM HA service, no need to wait
key1 has been successfully created with options Options{cipher='AES/CTR/NoPadding', bitLength=128, description='null', attributes=null}.
org.apache.hadoop.crypto.key.kms.LoadBalancingKMSClientProvider@1b84f475 has been updated.
2025-12-05 18:51:30,649 [main] INFO impl.MetricsConfig: Loaded properties from hadoop-metrics2.properties
2025-12-05 18:51:30,736 [main] INFO impl.MetricsSystemImpl: Scheduled Metric snapshot period at 10 second(s).
2025-12-05 18:51:30,736 [main] INFO impl.MetricsSystemImpl: ozone-freon metrics system started
2025-12-05 18:51:30,866 [main] INFO freon.BaseFreonGenerator: Executing test with prefix warmup and number-of-tests 1
2025-12-05 18:51:30,907 [Thread-3] INFO freon.ProgressBar: Progress: 0.00 % (0 out of 1)
2025-12-05 18:51:31,879 [main] INFO rpc.RpcClient: Creating Volume: vol1, with testuser as owner and space quota set to -1 bytes, counts quota set to -1
2025-12-05 18:51:31,911 [Thread-3] INFO freon.ProgressBar: Progress: 0.00 % (0 out of 1)
2025-12-05 18:51:31,932 [main] INFO rpc.RpcClient: Creating Bucket: vol1/bucket1, with server-side default bucket layout, testuser as owner, Versioning false, Storage Type set to DISK and Encryption set to false 
2025-12-05 18:51:32,342 [pool-2-thread-1] WARN impl.MetricsSystemImpl: ozone-freon metrics system already initialized!
2025-12-05 18:51:32,506 [pool-2-thread-1] INFO metrics.MetricRegistries: Loaded MetricRegistries class org.apache.ratis.metrics.impl.MetricRegistriesImpl
2025-12-05 18:51:32,912 [Thread-3] INFO freon.ProgressBar: Progress: 0.00 % (0 out of 1)
2025-12-05 18:51:33,912 [Thread-3] INFO freon.ProgressBar: Progress: 100.00 % (1 out of 1)
2025-12-05 18:51:33,979 [shutdown-hook-0] INFO metrics: type=TIMER, name=key-create, count=1, min=1428.240828, max=1428.240828, mean=1428.240828, stddev=0.0, median=1428.240828, p75=1428.240828, p95=1428.240828, p98=1428.240828, p99=1428.240828, p999=1428.240828, mean_rate=0.4936349146810175, m1=0.0, m5=0.0, m15=0.0, rate_unit=events/second, duration_unit=milliseconds
2025-12-05 18:51:33,979 [shutdown-hook-0] INFO freon.BaseFreonGenerator: Total execution time (sec): 3
2025-12-05 18:51:33,979 [shutdown-hook-0] INFO freon.BaseFreonGenerator: Failures: 0
2025-12-05 18:51:33,979 [shutdown-hook-0] INFO freon.BaseFreonGenerator: Successful executions: 1
==============================================================================
xcompat-cluster-1.3.0-client-1.3.0-write :: Write Compatibility               
==============================================================================
Create Bucket With Replication Type                                   | PASS |
------------------------------------------------------------------------------
Create Encrypted Bucket                                               | PASS |
------------------------------------------------------------------------------
Create Key in Encrypted Bucket                                        | PASS |
------------------------------------------------------------------------------
Key Can Be Written                                                    | PASS |
------------------------------------------------------------------------------
Key Can Be Written To Bucket With Replication Type                    | PASS |
------------------------------------------------------------------------------
Key Can Be Deleted                                                    | PASS |
------------------------------------------------------------------------------
Dir Can Be Created                                                    | PASS |
------------------------------------------------------------------------------
File Can Be Put                                                       | PASS |
------------------------------------------------------------------------------
File Can Be Put To Bucket With Replication Type                       | PASS |
------------------------------------------------------------------------------
File Can Be Deleted                                                   | PASS |
------------------------------------------------------------------------------
FSO Bucket Can Be Created and Used                                    | PASS |
------------------------------------------------------------------------------
HSync Can Be Used To Create Keys                                      | PASS |
Client does not support HSYNC
------------------------------------------------------------------------------
xcompat-cluster-1.3.0-client-1.3.0-write :: Write Compatibility       | PASS |
12 tests, 12 passed, 0 failed
==============================================================================
Output:  /tmp/smoketest/xcompat/result/robot-011.xml
==============================================================================
xcompat-cluster-1.3.0-client-2.2.0-write :: Write Compatibility               
==============================================================================
Create Bucket With Replication Type                                   | PASS |
------------------------------------------------------------------------------
Create Encrypted Bucket                                               | PASS |
------------------------------------------------------------------------------
Create Key in Encrypted Bucket                                        | PASS |
------------------------------------------------------------------------------
Key Can Be Written                                                    | PASS |
------------------------------------------------------------------------------
Key Can Be Written To Bucket With Replication Type                    | PASS |
------------------------------------------------------------------------------
Key Can Be Deleted                                                    | PASS |
------------------------------------------------------------------------------
Dir Can Be Created                                                    | PASS |
------------------------------------------------------------------------------
File Can Be Put                                                       | PASS |
------------------------------------------------------------------------------
File Can Be Put To Bucket With Replication Type                       | PASS |
------------------------------------------------------------------------------
File Can Be Deleted                                                   | PASS |
------------------------------------------------------------------------------
FSO Bucket Can Be Created and Used                                    | PASS |
------------------------------------------------------------------------------
HSync Can Be Used To Create Keys                                      | PASS |
Cluster does not support HSYNC
------------------------------------------------------------------------------
xcompat-cluster-1.3.0-client-2.2.0-write :: Write Compatibility       | PASS |
12 tests, 12 passed, 0 failed
==============================================================================
Output:  /tmp/smoketest/xcompat/result/robot-012.xml
==============================================================================
xcompat-cluster-1.3.0-client-1.3.0-read-2.2.0 :: Read Compatibility           
==============================================================================
Buckets Can Be Listed                                                 | PASS |
------------------------------------------------------------------------------
Bucket Without Replication Config                                     | PASS |
------------------------------------------------------------------------------
Bucket With Replication Config                                        | PASS |
------------------------------------------------------------------------------
Key Can Be Read                                                       | PASS |
------------------------------------------------------------------------------
Encrypted Key Can Be Read                                             | PASS |
------------------------------------------------------------------------------
Key Read From Bucket With Replication                                 | PASS |
------------------------------------------------------------------------------
Dir Can Be Listed                                                     | PASS |
------------------------------------------------------------------------------
File Can Be Listed                                                    | PASS |
------------------------------------------------------------------------------
Key List                                                              | PASS |
------------------------------------------------------------------------------
Key List In Bucket With Replication                                   | PASS |
------------------------------------------------------------------------------
File Can Be Get                                                       | PASS |
------------------------------------------------------------------------------
File Can Be Get From Bucket With Replication                          | PASS |
------------------------------------------------------------------------------
FSO Bucket Can Be Read                                                | PASS |
------------------------------------------------------------------------------
HSync Lease Recover Can Be Used                                       | PASS |
Client does not support HSYNC
------------------------------------------------------------------------------
Key Info File Flag Should Be Set Correctly                            | PASS |
Cluster does not support 'file' flag
------------------------------------------------------------------------------
xcompat-cluster-1.3.0-client-1.3.0-read-2.2.0 :: Read Compatibility   | PASS |
15 tests, 15 passed, 0 failed
==============================================================================
Output:  /tmp/smoketest/xcompat/result/robot-013.xml
==============================================================================
xcompat-cluster-1.3.0-client-2.2.0-read-1.3.0 :: Read Compatibility           
==============================================================================
Buckets Can Be Listed                                                 | PASS |
------------------------------------------------------------------------------
Bucket Without Replication Config                                     | PASS |
------------------------------------------------------------------------------
Bucket With Replication Config                                        | PASS |
------------------------------------------------------------------------------
Key Can Be Read                                                       | PASS |
------------------------------------------------------------------------------
Encrypted Key Can Be Read                                             | PASS |
------------------------------------------------------------------------------
Key Read From Bucket With Replication                                 | PASS |
------------------------------------------------------------------------------
Dir Can Be Listed                                                     | PASS |
------------------------------------------------------------------------------
File Can Be Listed                                                    | PASS |
------------------------------------------------------------------------------
Key List                                                              | PASS |
------------------------------------------------------------------------------
Key List In Bucket With Replication                                   | PASS |
------------------------------------------------------------------------------
File Can Be Get                                                       | PASS |
------------------------------------------------------------------------------
File Can Be Get From Bucket With Replication                          | PASS |
------------------------------------------------------------------------------
FSO Bucket Can Be Read                                                | PASS |
------------------------------------------------------------------------------
HSync Lease Recover Can Be Used                                       | PASS |
Cluster does not support HSYNC
------------------------------------------------------------------------------
Key Info File Flag Should Be Set Correctly                            | PASS |
Cluster does not support 'file' flag
------------------------------------------------------------------------------
xcompat-cluster-1.3.0-client-2.2.0-read-1.3.0 :: Read Compatibility   | PASS |
15 tests, 15 passed, 0 failed
==============================================================================
Output:  /tmp/smoketest/xcompat/result/robot-014.xml
==============================================================================
xcompat-cluster-1.3.0-client-2.2.0-read-2.2.0 :: Read Compatibility           
==============================================================================
Buckets Can Be Listed                                                 | PASS |
------------------------------------------------------------------------------
Bucket Without Replication Config                                     | PASS |
------------------------------------------------------------------------------
Bucket With Replication Config                                        | PASS |
------------------------------------------------------------------------------
Key Can Be Read                                                       | PASS |
------------------------------------------------------------------------------
Encrypted Key Can Be Read                                             | PASS |
------------------------------------------------------------------------------
Key Read From Bucket With Replication                                 | PASS |
------------------------------------------------------------------------------
Dir Can Be Listed                                                     | PASS |
------------------------------------------------------------------------------
File Can Be Listed                                                    | PASS |
------------------------------------------------------------------------------
Key List                                                              | PASS |
------------------------------------------------------------------------------
Key List In Bucket With Replication                                   | PASS |
------------------------------------------------------------------------------
File Can Be Get                                                       | PASS |
------------------------------------------------------------------------------
File Can Be Get From Bucket With Replication                          | PASS |
------------------------------------------------------------------------------
FSO Bucket Can Be Read                                                | PASS |
------------------------------------------------------------------------------
HSync Lease Recover Can Be Used                                       | PASS |
Cluster does not support HSYNC
------------------------------------------------------------------------------
Key Info File Flag Should Be Set Correctly                            | PASS |
Cluster does not support 'file' flag
------------------------------------------------------------------------------
xcompat-cluster-1.3.0-client-2.2.0-read-2.2.0 :: Read Compatibility   | PASS |
15 tests, 15 passed, 0 failed
==============================================================================
Output:  /tmp/smoketest/xcompat/result/robot-015.xml
Skipping checkpoint compatibility tests for cluster 1.3.0 (checkpoint endpoints not available)
Starting 1.4.1 cluster with COMPOSE_FILE=old-cluster.yaml:clients.yaml
Port 88 is available on kdc
Port 9860 is not available on scm yet
Port 9860 is not available on scm yet
Port 9860 is not available on scm yet
Port 9860 is not available on scm yet
Port 9860 is not available on scm yet
Port 9860 is not available on scm yet
Port 9860 is not available on scm yet
Port 9860 is not available on scm yet
Port 9860 is not available on scm yet
Port 9860 is not available on scm yet
Port 9860 is not available on scm yet
Port 9860 is not available on scm yet
Port 9860 is not available on scm yet
Port 9860 is not available on scm yet
Port 9860 is not available on scm yet
Port 9860 is not available on scm yet
Port 9860 is not available on scm yet
Port 9860 is not available on scm yet
Port 9860 is available on scm
SCM is in safe mode. Will retry in 1 sec. Remaining time (sec): 238
SCM is in safe mode. Will retry in 1 sec. Remaining time (sec): 237
SCM is in safe mode. Will retry in 1 sec. Remaining time (sec): 236
SCM is in safe mode. Will retry in 1 sec. Remaining time (sec): 235
SCM is in safe mode. Will retry in 1 sec. Remaining time (sec): 234
SCM is in safe mode. Will retry in 1 sec. Remaining time (sec): 233
SCM is in safe mode. Will retry in 1 sec. Remaining time (sec): 232
SCM is in safe mode. Will retry in 1 sec. Remaining time (sec): 231
SCM is in safe mode. Will retry in 1 sec. Remaining time (sec): 230
SCM is in safe mode. Will retry in 1 sec. Remaining time (sec): 229
SCM is in safe mode. Will retry in 1 sec. Remaining time (sec): 228
SCM is in safe mode. Will retry in 1 sec. Remaining time (sec): 227
SCM is in safe mode. Will retry in 1 sec. Remaining time (sec): 226
SCM is in safe mode. Will retry in 1 sec. Remaining time (sec): 225
SCM is in safe mode. Will retry in 1 sec. Remaining time (sec): 224
SCM is in safe mode. Will retry in 1 sec. Remaining time (sec): 223
SCM is in safe mode. Will retry in 1 sec. Remaining time (sec): 222
SCM is in safe mode. Will retry in 1 sec. Remaining time (sec): 221
SCM is in safe mode. Will retry in 1 sec. Remaining time (sec): 220
SCM is in safe mode. Will retry in 1 sec. Remaining time (sec): 219
SCM is in safe mode. Will retry in 1 sec. Remaining time (sec): 218
SCM is in safe mode. Will retry in 1 sec. Remaining time (sec): 217
SCM is in safe mode. Will retry in 1 sec. Remaining time (sec): 216
SCM is in safe mode. Will retry in 1 sec. Remaining time (sec): 215
SCM is in safe mode. Will retry in 1 sec. Remaining time (sec): 214
SCM is in safe mode. Will retry in 1 sec. Remaining time (sec): 213
SCM is out of safe mode.
No OM HA service, no need to wait
key1 has been successfully created with options Options{cipher='AES/CTR/NoPadding', bitLength=128, description='null', attributes=null}.
org.apache.hadoop.crypto.key.kms.LoadBalancingKMSClientProvider@1b84f475 has been updated.
2025-12-05 18:58:34,875 [main] INFO impl.MetricsConfig: Loaded properties from hadoop-metrics2.properties
2025-12-05 18:58:34,966 [main] INFO impl.MetricsSystemImpl: Scheduled Metric snapshot period at 10 second(s).
2025-12-05 18:58:34,966 [main] INFO impl.MetricsSystemImpl: ozone-freon metrics system started
2025-12-05 18:58:35,037 [main] INFO freon.BaseFreonGenerator: Executing test with prefix warmup and number-of-tests 1
2025-12-05 18:58:35,063 [Thread-3] INFO freon.ProgressBar: Progress: 0.00 % (0 out of 1)
2025-12-05 18:58:35,841 [main] INFO client.ClientTrustManager: Loading certificates for client.
2025-12-05 18:58:36,064 [Thread-3] INFO freon.ProgressBar: Progress: 0.00 % (0 out of 1)
2025-12-05 18:58:36,274 [main] INFO rpc.RpcClient: Creating Volume: vol1, with testuser as owner and space quota set to -1 bytes, counts quota set to -1
2025-12-05 18:58:36,344 [main] INFO rpc.RpcClient: Creating Bucket: vol1/bucket1, with server-side default bucket layout, testuser as owner, Versioning false, Storage Type set to DISK and Encryption set to false, Replication Type set to server-side default replication type, Namespace Quota set to -1, Space Quota set to -1 
2025-12-05 18:58:36,611 [pool-2-thread-1] WARN impl.MetricsSystemImpl: ozone-freon metrics system already initialized!
2025-12-05 18:58:36,656 [pool-2-thread-1] INFO netty.NettyConfigKeys$DataStream: setTlsConf GrpcTlsConfig0-
2025-12-05 18:58:36,821 [pool-2-thread-1] INFO metrics.MetricRegistries: Loaded MetricRegistries class org.apache.ratis.metrics.dropwizard3.Dm3MetricRegistriesImpl
2025-12-05 18:58:37,065 [Thread-3] INFO freon.ProgressBar: Progress: 0.00 % (0 out of 1)
2025-12-05 18:58:38,065 [Thread-3] INFO freon.ProgressBar: Progress: 100.00 % (1 out of 1)
2025-12-05 18:58:38,413 [shutdown-hook-0] INFO metrics: type=TIMER, name=key-create, count=1, min=1419.816786, max=1419.816786, mean=1419.816786, stddev=0.0, median=1419.816786, p75=1419.816786, p95=1419.816786, p98=1419.816786, p99=1419.816786, p999=1419.816786, mean_rate=0.4905451116182104, m1=0.0, m5=0.0, m15=0.0, rate_unit=events/second, duration_unit=milliseconds
2025-12-05 18:58:38,414 [shutdown-hook-0] INFO freon.BaseFreonGenerator: Total execution time (sec): 3
2025-12-05 18:58:38,415 [shutdown-hook-0] INFO freon.BaseFreonGenerator: Failures: 0
2025-12-05 18:58:38,415 [shutdown-hook-0] INFO freon.BaseFreonGenerator: Successful executions: 1
==============================================================================
xcompat-cluster-1.4.1-client-1.4.1-write :: Write Compatibility               
==============================================================================
Create Bucket With Replication Type                                   | PASS |
------------------------------------------------------------------------------
Create Encrypted Bucket                                               | PASS |
------------------------------------------------------------------------------
Create Key in Encrypted Bucket                                        | PASS |
------------------------------------------------------------------------------
Key Can Be Written                                                    | PASS |
------------------------------------------------------------------------------
Key Can Be Written To Bucket With Replication Type                    | PASS |
------------------------------------------------------------------------------
Key Can Be Deleted                                                    | PASS |
------------------------------------------------------------------------------
Dir Can Be Created                                                    | PASS |
------------------------------------------------------------------------------
File Can Be Put                                                       | PASS |
------------------------------------------------------------------------------
File Can Be Put To Bucket With Replication Type                       | PASS |
------------------------------------------------------------------------------
File Can Be Deleted                                                   | PASS |
------------------------------------------------------------------------------
FSO Bucket Can Be Created and Used                                    | PASS |
------------------------------------------------------------------------------
HSync Can Be Used To Create Keys                                      | PASS |
Client does not support HSYNC
------------------------------------------------------------------------------
xcompat-cluster-1.4.1-client-1.4.1-write :: Write Compatibility       | PASS |
12 tests, 12 passed, 0 failed
==============================================================================
Output:  /tmp/smoketest/xcompat/result/robot-016.xml
==============================================================================
xcompat-cluster-1.4.1-client-2.2.0-write :: Write Compatibility               
==============================================================================
Create Bucket With Replication Type                                   | PASS |
------------------------------------------------------------------------------
Create Encrypted Bucket                                               | PASS |
------------------------------------------------------------------------------
Create Key in Encrypted Bucket                                        | PASS |
------------------------------------------------------------------------------
Key Can Be Written                                                    | PASS |
------------------------------------------------------------------------------
Key Can Be Written To Bucket With Replication Type                    | PASS |
------------------------------------------------------------------------------
Key Can Be Deleted                                                    | PASS |
------------------------------------------------------------------------------
Dir Can Be Created                                                    | PASS |
------------------------------------------------------------------------------
File Can Be Put                                                       | PASS |
------------------------------------------------------------------------------
File Can Be Put To Bucket With Replication Type                       | PASS |
------------------------------------------------------------------------------
File Can Be Deleted                                                   | PASS |
------------------------------------------------------------------------------
FSO Bucket Can Be Created and Used                                    | PASS |
------------------------------------------------------------------------------
HSync Can Be Used To Create Keys                                      | PASS |
Cluster does not support HSYNC
------------------------------------------------------------------------------
xcompat-cluster-1.4.1-client-2.2.0-write :: Write Compatibility       | PASS |
12 tests, 12 passed, 0 failed
==============================================================================
Output:  /tmp/smoketest/xcompat/result/robot-017.xml
==============================================================================
xcompat-cluster-1.4.1-client-1.4.1-read-2.2.0 :: Read Compatibility           
==============================================================================
Buckets Can Be Listed                                                 | PASS |
------------------------------------------------------------------------------
Bucket Without Replication Config                                     | PASS |
------------------------------------------------------------------------------
Bucket With Replication Config                                        | PASS |
------------------------------------------------------------------------------
Key Can Be Read                                                       | PASS |
------------------------------------------------------------------------------
Encrypted Key Can Be Read                                             | PASS |
------------------------------------------------------------------------------
Key Read From Bucket With Replication                                 | PASS |
------------------------------------------------------------------------------
Dir Can Be Listed                                                     | PASS |
------------------------------------------------------------------------------
File Can Be Listed                                                    | PASS |
------------------------------------------------------------------------------
Key List                                                              | PASS |
------------------------------------------------------------------------------
Key List In Bucket With Replication                                   | PASS |
------------------------------------------------------------------------------
File Can Be Get                                                       | PASS |
------------------------------------------------------------------------------
File Can Be Get From Bucket With Replication                          | PASS |
------------------------------------------------------------------------------
FSO Bucket Can Be Read                                                | PASS |
------------------------------------------------------------------------------
HSync Lease Recover Can Be Used                                       | PASS |
Client does not support HSYNC
------------------------------------------------------------------------------
Key Info File Flag Should Be Set Correctly                            | PASS |
------------------------------------------------------------------------------
xcompat-cluster-1.4.1-client-1.4.1-read-2.2.0 :: Read Compatibility   | PASS |
15 tests, 15 passed, 0 failed
==============================================================================
Output:  /tmp/smoketest/xcompat/result/robot-018.xml
==============================================================================
xcompat-cluster-1.4.1-client-2.2.0-read-1.4.1 :: Read Compatibility           
==============================================================================
Buckets Can Be Listed                                                 | PASS |
------------------------------------------------------------------------------
Bucket Without Replication Config                                     | PASS |
------------------------------------------------------------------------------
Bucket With Replication Config                                        | PASS |
------------------------------------------------------------------------------
Key Can Be Read                                                       | PASS |
------------------------------------------------------------------------------
Encrypted Key Can Be Read                                             | PASS |
------------------------------------------------------------------------------
Key Read From Bucket With Replication                                 | PASS |
------------------------------------------------------------------------------
Dir Can Be Listed                                                     | PASS |
------------------------------------------------------------------------------
File Can Be Listed                                                    | PASS |
------------------------------------------------------------------------------
Key List                                                              | PASS |
------------------------------------------------------------------------------
Key List In Bucket With Replication                                   | PASS |
------------------------------------------------------------------------------
File Can Be Get                                                       | PASS |
------------------------------------------------------------------------------
File Can Be Get From Bucket With Replication                          | PASS |
------------------------------------------------------------------------------
FSO Bucket Can Be Read                                                | PASS |
------------------------------------------------------------------------------
HSync Lease Recover Can Be Used                                       | PASS |
Cluster does not support HSYNC
------------------------------------------------------------------------------
Key Info File Flag Should Be Set Correctly                            | PASS |
------------------------------------------------------------------------------
xcompat-cluster-1.4.1-client-2.2.0-read-1.4.1 :: Read Compatibility   | PASS |
15 tests, 15 passed, 0 failed
==============================================================================
Output:  /tmp/smoketest/xcompat/result/robot-019.xml
==============================================================================
xcompat-cluster-1.4.1-client-2.2.0-read-2.2.0 :: Read Compatibility           
==============================================================================
Buckets Can Be Listed                                                 | PASS |
------------------------------------------------------------------------------
Bucket Without Replication Config                                     | PASS |
------------------------------------------------------------------------------
Bucket With Replication Config                                        | PASS |
------------------------------------------------------------------------------
Key Can Be Read                                                       | PASS |
------------------------------------------------------------------------------
Encrypted Key Can Be Read                                             | PASS |
------------------------------------------------------------------------------
Key Read From Bucket With Replication                                 | PASS |
------------------------------------------------------------------------------
Dir Can Be Listed                                                     | PASS |
------------------------------------------------------------------------------
File Can Be Listed                                                    | PASS |
------------------------------------------------------------------------------
Key List                                                              | PASS |
------------------------------------------------------------------------------
Key List In Bucket With Replication                                   | PASS |
------------------------------------------------------------------------------
File Can Be Get                                                       | PASS |
------------------------------------------------------------------------------
File Can Be Get From Bucket With Replication                          | PASS |
------------------------------------------------------------------------------
FSO Bucket Can Be Read                                                | PASS |
------------------------------------------------------------------------------
HSync Lease Recover Can Be Used                                       | PASS |
Cluster does not support HSYNC
------------------------------------------------------------------------------
Key Info File Flag Should Be Set Correctly                            | PASS |
------------------------------------------------------------------------------
xcompat-cluster-1.4.1-client-2.2.0-read-2.2.0 :: Read Compatibility   | PASS |
15 tests, 15 passed, 0 failed
==============================================================================
Output:  /tmp/smoketest/xcompat/result/robot-020.xml
Skipping checkpoint compatibility tests for cluster 1.4.1 (checkpoint endpoints not available)
Starting 2.0.0 cluster with COMPOSE_FILE=old-cluster.yaml:clients.yaml
Port 88 is available on kdc
Port 9860 is not available on scm yet
Port 9860 is not available on scm yet
Port 9860 is not available on scm yet
Port 9860 is not available on scm yet
Port 9860 is not available on scm yet
Port 9860 is not available on scm yet
Port 9860 is not available on scm yet
Port 9860 is not available on scm yet
Port 9860 is not available on scm yet
Port 9860 is not available on scm yet
Port 9860 is not available on scm yet
Port 9860 is not available on scm yet
Port 9860 is not available on scm yet
Port 9860 is not available on scm yet
Port 9860 is not available on scm yet
Port 9860 is not available on scm yet
Port 9860 is not available on scm yet
Port 9860 is not available on scm yet
Port 9860 is available on scm
SCM is in safe mode. Will retry in 1 sec. Remaining time (sec): 235
SCM is in safe mode. Will retry in 1 sec. Remaining time (sec): 234
SCM is in safe mode. Will retry in 1 sec. Remaining time (sec): 233
SCM is in safe mode. Will retry in 1 sec. Remaining time (sec): 232
SCM is in safe mode. Will retry in 1 sec. Remaining time (sec): 231
SCM is in safe mode. Will retry in 1 sec. Remaining time (sec): 230
SCM is in safe mode. Will retry in 1 sec. Remaining time (sec): 229
SCM is in safe mode. Will retry in 1 sec. Remaining time (sec): 228
SCM is in safe mode. Will retry in 1 sec. Remaining time (sec): 227
SCM is in safe mode. Will retry in 1 sec. Remaining time (sec): 226
SCM is in safe mode. Will retry in 1 sec. Remaining time (sec): 225
SCM is in safe mode. Will retry in 1 sec. Remaining time (sec): 224
SCM is in safe mode. Will retry in 1 sec. Remaining time (sec): 223
SCM is in safe mode. Will retry in 1 sec. Remaining time (sec): 222
SCM is in safe mode. Will retry in 1 sec. Remaining time (sec): 221
SCM is in safe mode. Will retry in 1 sec. Remaining time (sec): 220
SCM is in safe mode. Will retry in 1 sec. Remaining time (sec): 219
SCM is in safe mode. Will retry in 1 sec. Remaining time (sec): 218
SCM is in safe mode. Will retry in 1 sec. Remaining time (sec): 217
SCM is in safe mode. Will retry in 1 sec. Remaining time (sec): 216
SCM is in safe mode. Will retry in 1 sec. Remaining time (sec): 215
SCM is in safe mode. Will retry in 1 sec. Remaining time (sec): 214
SCM is in safe mode. Will retry in 1 sec. Remaining time (sec): 213
SCM is out of safe mode.
No OM HA service, no need to wait
key1 has been successfully created with options Options{cipher='AES/CTR/NoPadding', bitLength=128, description='null', attributes=null}.
org.apache.hadoop.crypto.key.kms.LoadBalancingKMSClientProvider@1b84f475 has been updated.
2025-12-05 19:06:25,878 [main] INFO impl.MetricsConfig: Loaded properties from hadoop-metrics2.properties
2025-12-05 19:06:26,020 [main] INFO impl.MetricsSystemImpl: Scheduled Metric snapshot period at 10 second(s).
2025-12-05 19:06:26,020 [main] INFO impl.MetricsSystemImpl: ozone-freon metrics system started
2025-12-05 19:06:26,170 [main] INFO freon.BaseFreonGenerator: Executing test with prefix warmup and number-of-tests 1
2025-12-05 19:06:26,220 [Thread-3] INFO freon.ProgressBar: Progress: 0.00 % (0 out of 1)
2025-12-05 19:06:27,222 [Thread-3] INFO freon.ProgressBar: Progress: 0.00 % (0 out of 1)
2025-12-05 19:06:27,333 [main] INFO rpc.RpcClient: Creating Volume: vol1, with testuser as owner and space quota set to -1 bytes, counts quota set to -1
2025-12-05 19:06:27,414 [main] INFO rpc.RpcClient: Creating Bucket: vol1/bucket1, with server-side default bucket layout, testuser as owner, Versioning false, Storage Type set to DISK and Encryption set to false, Replication Type set to server-side default replication type, Namespace Quota set to -1, Space Quota set to -1 
2025-12-05 19:06:27,595 [pool-2-thread-1] WARN impl.MetricsSystemImpl: ozone-freon metrics system already initialized!
2025-12-05 19:06:27,657 [pool-2-thread-1] INFO netty.NettyConfigKeys$DataStream: setTlsConf GrpcTlsConfig0-
2025-12-05 19:06:28,222 [Thread-3] INFO freon.ProgressBar: Progress: 0.00 % (0 out of 1)
2025-12-05 19:06:29,223 [Thread-3] INFO freon.ProgressBar: Progress: 100.00 % (1 out of 1)
2025-12-05 19:06:29,247 [shutdown-hook-0] INFO metrics: type=TIMER, name=key-create, count=1, min=1468.355728, max=1468.355728, mean=1468.355728, stddev=0.0, median=1468.355728, p75=1468.355728, p95=1468.355728, p98=1468.355728, p99=1468.355728, p999=1468.355728, mean_rate=0.5525014970207625, m1=0.0, m5=0.0, m15=0.0, rate_unit=events/second, duration_unit=milliseconds
2025-12-05 19:06:29,248 [shutdown-hook-0] INFO freon.BaseFreonGenerator: Total execution time (sec): 3
2025-12-05 19:06:29,248 [shutdown-hook-0] INFO freon.BaseFreonGenerator: Failures: 0
2025-12-05 19:06:29,248 [shutdown-hook-0] INFO freon.BaseFreonGenerator: Successful executions: 1
==============================================================================
xcompat-cluster-2.0.0-client-2.0.0-write :: Write Compatibility               
==============================================================================
Create Bucket With Replication Type                                   | PASS |
------------------------------------------------------------------------------
Create Encrypted Bucket                                               | PASS |
------------------------------------------------------------------------------
Create Key in Encrypted Bucket                                        | PASS |
------------------------------------------------------------------------------
Key Can Be Written                                                    | PASS |
------------------------------------------------------------------------------
Key Can Be Written To Bucket With Replication Type                    | PASS |
------------------------------------------------------------------------------
Key Can Be Deleted                                                    | PASS |
------------------------------------------------------------------------------
Dir Can Be Created                                                    | PASS |
------------------------------------------------------------------------------
File Can Be Put                                                       | PASS |
------------------------------------------------------------------------------
File Can Be Put To Bucket With Replication Type                       | PASS |
------------------------------------------------------------------------------
File Can Be Deleted                                                   | PASS |
------------------------------------------------------------------------------
FSO Bucket Can Be Created and Used                                    | FAIL |
Test timeout 5 minutes exceeded.
------------------------------------------------------------------------------
HSync Can Be Used To Create Keys                                      | PASS |
------------------------------------------------------------------------------
xcompat-cluster-2.0.0-client-2.0.0-write :: Write Compatibility       | FAIL |
12 tests, 11 passed, 1 failed
==============================================================================
Output:  /tmp/smoketest/xcompat/result/robot-021.xml
jstack 7 > /home/runner/work/ozone/ozone/hadoop-ozone/dist/target/ozone-2.2.0-SNAPSHOT/compose/xcompat/result/xcompat-datanode-1_HddsDatanodeService.stack
jstack 7 > /home/runner/work/ozone/ozone/hadoop-ozone/dist/target/ozone-2.2.0-SNAPSHOT/compose/xcompat/result/xcompat-datanode-2_HddsDatanodeService.stack
jstack 7 > /home/runner/work/ozone/ozone/hadoop-ozone/dist/target/ozone-2.2.0-SNAPSHOT/compose/xcompat/result/xcompat-datanode-3_HddsDatanodeService.stack
jstack 6 > /home/runner/work/ozone/ozone/hadoop-ozone/dist/target/ozone-2.2.0-SNAPSHOT/compose/xcompat/result/xcompat-datanode-4_HddsDatanodeService.stack
jstack 7 > /home/runner/work/ozone/ozone/hadoop-ozone/dist/target/ozone-2.2.0-SNAPSHOT/compose/xcompat/result/xcompat-datanode-5_HddsDatanodeService.stack
bash: line 1: jps: command not found
jstack 12 > /home/runner/work/ozone/ozone/hadoop-ozone/dist/target/ozone-2.2.0-SNAPSHOT/compose/xcompat/result/xcompat-kms-1_KMSWebServer.stack
jstack 1859 > /home/runner/work/ozone/ozone/hadoop-ozone/dist/target/ozone-2.2.0-SNAPSHOT/compose/xcompat/result/xcompat-old_client_2_0_0-1_OzoneFsShell.stack
jstack 7 > /home/runner/work/ozone/ozone/hadoop-ozone/dist/target/ozone-2.2.0-SNAPSHOT/compose/xcompat/result/xcompat-om-1_OzoneManagerStarter.stack
jstack 7 > /home/runner/work/ozone/ozone/hadoop-ozone/dist/target/ozone-2.2.0-SNAPSHOT/compose/xcompat/result/xcompat-recon-1_ReconServer.stack
jstack 6 > /home/runner/work/ozone/ozone/hadoop-ozone/dist/target/ozone-2.2.0-SNAPSHOT/compose/xcompat/result/xcompat-s3g-1_Gateway.stack
jstack 7 > /home/runner/work/ozone/ozone/hadoop-ozone/dist/target/ozone-2.2.0-SNAPSHOT/compose/xcompat/result/xcompat-scm-1_StorageContainerManagerStarter.stack
ERROR: Test execution of xcompat/test-old.sh is FAILED!!!!
To use Ozone please mount ozone folder to /opt/hadoop
Output:  /rebot-output/xcompat-old.xml
renamed '/home/runner/work/ozone/ozone/hadoop-ozone/dist/target/ozone-2.2.0-SNAPSHOT/compose/result/rebot-I0g1Eh/xcompat-old.xml' -> '/home/runner/work/ozone/ozone/hadoop-ozone/dist/target/ozone-2.2.0-SNAPSHOT/compose/result/xcompat-old.xml'
removed 'xcompat/result/robot-001.xml'
removed 'xcompat/result/robot-002.xml'
removed 'xcompat/result/robot-003.xml'
removed 'xcompat/result/robot-004.xml'
removed 'xcompat/result/robot-005.xml'
removed 'xcompat/result/robot-006.xml'
removed 'xcompat/result/robot-007.xml'
removed 'xcompat/result/robot-008.xml'
removed 'xcompat/result/robot-009.xml'
removed 'xcompat/result/robot-010.xml'
removed 'xcompat/result/robot-011.xml'
removed 'xcompat/result/robot-012.xml'
removed 'xcompat/result/robot-013.xml'
removed 'xcompat/result/robot-014.xml'
removed 'xcompat/result/robot-015.xml'
removed 'xcompat/result/robot-016.xml'
removed 'xcompat/result/robot-017.xml'
removed 'xcompat/result/robot-018.xml'
removed 'xcompat/result/robot-019.xml'
removed 'xcompat/result/robot-020.xml'
removed 'xcompat/result/robot-021.xml'
mkdir: created directory '/home/runner/work/ozone/ozone/hadoop-ozone/dist/target/ozone-2.2.0-SNAPSHOT/compose/result/xcompat'
mkdir: created directory '/home/runner/work/ozone/ozone/hadoop-ozone/dist/target/ozone-2.2.0-SNAPSHOT/compose/result/xcompat/old'
renamed 'xcompat/result/dn-audit-dn.log' -> '/home/runner/work/ozone/ozone/hadoop-ozone/dist/target/ozone-2.2.0-SNAPSHOT/compose/result/xcompat/old/dn-audit-dn.log'
renamed 'xcompat/result/docker-xcompat-datanode-1.log' -> '/home/runner/work/ozone/ozone/hadoop-ozone/dist/target/ozone-2.2.0-SNAPSHOT/compose/result/xcompat/old/docker-xcompat-datanode-1.log'
renamed 'xcompat/result/docker-xcompat-datanode-2.log' -> '/home/runner/work/ozone/ozone/hadoop-ozone/dist/target/ozone-2.2.0-SNAPSHOT/compose/result/xcompat/old/docker-xcompat-datanode-2.log'
renamed 'xcompat/result/docker-xcompat-datanode-3.log' -> '/home/runner/work/ozone/ozone/hadoop-ozone/dist/target/ozone-2.2.0-SNAPSHOT/compose/result/xcompat/old/docker-xcompat-datanode-3.log'
renamed 'xcompat/result/docker-xcompat-datanode-4.log' -> '/home/runner/work/ozone/ozone/hadoop-ozone/dist/target/ozone-2.2.0-SNAPSHOT/compose/result/xcompat/old/docker-xcompat-datanode-4.log'
renamed 'xcompat/result/docker-xcompat-datanode-5.log' -> '/home/runner/work/ozone/ozone/hadoop-ozone/dist/target/ozone-2.2.0-SNAPSHOT/compose/result/xcompat/old/docker-xcompat-datanode-5.log'
renamed 'xcompat/result/docker-xcompat-kdc-1.log' -> '/home/runner/work/ozone/ozone/hadoop-ozone/dist/target/ozone-2.2.0-SNAPSHOT/compose/result/xcompat/old/docker-xcompat-kdc-1.log'
renamed 'xcompat/result/docker-xcompat-kms-1.log' -> '/home/runner/work/ozone/ozone/hadoop-ozone/dist/target/ozone-2.2.0-SNAPSHOT/compose/result/xcompat/old/docker-xcompat-kms-1.log'
renamed 'xcompat/result/docker-xcompat-new_client-1.log' -> '/home/runner/work/ozone/ozone/hadoop-ozone/dist/target/ozone-2.2.0-SNAPSHOT/compose/result/xcompat/old/docker-xcompat-new_client-1.log'
renamed 'xcompat/result/docker-xcompat-old_client_1_0_0-1.log' -> '/home/runner/work/ozone/ozone/hadoop-ozone/dist/target/ozone-2.2.0-SNAPSHOT/compose/result/xcompat/old/docker-xcompat-old_client_1_0_0-1.log'
renamed 'xcompat/result/docker-xcompat-old_client_1_1_0-1.log' -> '/home/runner/work/ozone/ozone/hadoop-ozone/dist/target/ozone-2.2.0-SNAPSHOT/compose/result/xcompat/old/docker-xcompat-old_client_1_1_0-1.log'
renamed 'xcompat/result/docker-xcompat-old_client_1_2_1-1.log' -> '/home/runner/work/ozone/ozone/hadoop-ozone/dist/target/ozone-2.2.0-SNAPSHOT/compose/result/xcompat/old/docker-xcompat-old_client_1_2_1-1.log'
renamed 'xcompat/result/docker-xcompat-old_client_1_3_0-1.log' -> '/home/runner/work/ozone/ozone/hadoop-ozone/dist/target/ozone-2.2.0-SNAPSHOT/compose/result/xcompat/old/docker-xcompat-old_client_1_3_0-1.log'
renamed 'xcompat/result/docker-xcompat-old_client_1_4_0-1.log' -> '/home/runner/work/ozone/ozone/hadoop-ozone/dist/target/ozone-2.2.0-SNAPSHOT/compose/result/xcompat/old/docker-xcompat-old_client_1_4_0-1.log'
renamed 'xcompat/result/docker-xcompat-old_client_1_4_1-1.log' -> '/home/runner/work/ozone/ozone/hadoop-ozone/dist/target/ozone-2.2.0-SNAPSHOT/compose/result/xcompat/old/docker-xcompat-old_client_1_4_1-1.log'
renamed 'xcompat/result/docker-xcompat-old_client_2_0_0-1.log' -> '/home/runner/work/ozone/ozone/hadoop-ozone/dist/target/ozone-2.2.0-SNAPSHOT/compose/result/xcompat/old/docker-xcompat-old_client_2_0_0-1.log'
renamed 'xcompat/result/docker-xcompat-om-1.log' -> '/home/runner/work/ozone/ozone/hadoop-ozone/dist/target/ozone-2.2.0-SNAPSHOT/compose/result/xcompat/old/docker-xcompat-om-1.log'
renamed 'xcompat/result/docker-xcompat-recon-1.log' -> '/home/runner/work/ozone/ozone/hadoop-ozone/dist/target/ozone-2.2.0-SNAPSHOT/compose/result/xcompat/old/docker-xcompat-recon-1.log'
renamed 'xcompat/result/docker-xcompat-s3g-1.log' -> '/home/runner/work/ozone/ozone/hadoop-ozone/dist/target/ozone-2.2.0-SNAPSHOT/compose/result/xcompat/old/docker-xcompat-s3g-1.log'
renamed 'xcompat/result/docker-xcompat-scm-1.log' -> '/home/runner/work/ozone/ozone/hadoop-ozone/dist/target/ozone-2.2.0-SNAPSHOT/compose/result/xcompat/old/docker-xcompat-scm-1.log'
renamed 'xcompat/result/kms-audit.log' -> '/home/runner/work/ozone/ozone/hadoop-ozone/dist/target/ozone-2.2.0-SNAPSHOT/compose/result/xcompat/old/kms-audit.log'
renamed 'xcompat/result/om-audit-om.log' -> '/home/runner/work/ozone/ozone/hadoop-ozone/dist/target/ozone-2.2.0-SNAPSHOT/compose/result/xcompat/old/om-audit-om.log'
renamed 'xcompat/result/om-sys-audit-om.log' -> '/home/runner/work/ozone/ozone/hadoop-ozone/dist/target/ozone-2.2.0-SNAPSHOT/compose/result/xcompat/old/om-sys-audit-om.log'
renamed 'xcompat/result/s3g-audit-s3g.log' -> '/home/runner/work/ozone/ozone/hadoop-ozone/dist/target/ozone-2.2.0-SNAPSHOT/compose/result/xcompat/old/s3g-audit-s3g.log'
renamed 'xcompat/result/scm-audit-scm.log' -> '/home/runner/work/ozone/ozone/hadoop-ozone/dist/target/ozone-2.2.0-SNAPSHOT/compose/result/xcompat/old/scm-audit-scm.log'
renamed 'xcompat/result/xcompat-datanode-1_HddsDatanodeService.stack' -> '/home/runner/work/ozone/ozone/hadoop-ozone/dist/target/ozone-2.2.0-SNAPSHOT/compose/result/xcompat/old/xcompat-datanode-1_HddsDatanodeService.stack'
renamed 'xcompat/result/xcompat-datanode-2_HddsDatanodeService.stack' -> '/home/runner/work/ozone/ozone/hadoop-ozone/dist/target/ozone-2.2.0-SNAPSHOT/compose/result/xcompat/old/xcompat-datanode-2_HddsDatanodeService.stack'
renamed 'xcompat/result/xcompat-datanode-3_HddsDatanodeService.stack' -> '/home/runner/work/ozone/ozone/hadoop-ozone/dist/target/ozone-2.2.0-SNAPSHOT/compose/result/xcompat/old/xcompat-datanode-3_HddsDatanodeService.stack'
renamed 'xcompat/result/xcompat-datanode-4_HddsDatanodeService.stack' -> '/home/runner/work/ozone/ozone/hadoop-ozone/dist/target/ozone-2.2.0-SNAPSHOT/compose/result/xcompat/old/xcompat-datanode-4_HddsDatanodeService.stack'
renamed 'xcompat/result/xcompat-datanode-5_HddsDatanodeService.stack' -> '/home/runner/work/ozone/ozone/hadoop-ozone/dist/target/ozone-2.2.0-SNAPSHOT/compose/result/xcompat/old/xcompat-datanode-5_HddsDatanodeService.stack'
renamed 'xcompat/result/xcompat-kms-1_KMSWebServer.stack' -> '/home/runner/work/ozone/ozone/hadoop-ozone/dist/target/ozone-2.2.0-SNAPSHOT/compose/result/xcompat/old/xcompat-kms-1_KMSWebServer.stack'
renamed 'xcompat/result/xcompat-old_client_2_0_0-1_OzoneFsShell.stack' -> '/home/runner/work/ozone/ozone/hadoop-ozone/dist/target/ozone-2.2.0-SNAPSHOT/compose/result/xcompat/old/xcompat-old_client_2_0_0-1_OzoneFsShell.stack'
renamed 'xcompat/result/xcompat-om-1_OzoneManagerStarter.stack' -> '/home/runner/work/ozone/ozone/hadoop-ozone/dist/target/ozone-2.2.0-SNAPSHOT/compose/result/xcompat/old/xcompat-om-1_OzoneManagerStarter.stack'
renamed 'xcompat/result/xcompat-recon-1_ReconServer.stack' -> '/home/runner/work/ozone/ozone/hadoop-ozone/dist/target/ozone-2.2.0-SNAPSHOT/compose/result/xcompat/old/xcompat-recon-1_ReconServer.stack'
renamed 'xcompat/result/xcompat-s3g-1_Gateway.stack' -> '/home/runner/work/ozone/ozone/hadoop-ozone/dist/target/ozone-2.2.0-SNAPSHOT/compose/result/xcompat/old/xcompat-s3g-1_Gateway.stack'
renamed 'xcompat/result/xcompat-scm-1_StorageContainerManagerStarter.stack' -> '/home/runner/work/ozone/ozone/hadoop-ozone/dist/target/ozone-2.2.0-SNAPSHOT/compose/result/xcompat/old/xcompat-scm-1_StorageContainerManagerStarter.stack'
To use Ozone please mount ozone folder to /opt/hadoop
Log:     /rebot-output/log.html
Report:  /rebot-output/report.html
renamed '/home/runner/work/ozone/ozone/hadoop-ozone/dist/target/ozone-2.2.0-SNAPSHOT/compose/result/rebot-fnOd7c/log.html' -> '/home/runner/work/ozone/ozone/hadoop-ozone/dist/target/ozone-2.2.0-SNAPSHOT/compose/result/log.html'
renamed '/home/runner/work/ozone/ozone/hadoop-ozone/dist/target/ozone-2.2.0-SNAPSHOT/compose/result/rebot-fnOd7c/report.html' -> '/home/runner/work/ozone/ozone/hadoop-ozone/dist/target/ozone-2.2.0-SNAPSHOT/compose/result/report.html'
removed '/tmp/robot-data-1cTAfw/small'
removed directory '/tmp/robot-data-1cTAfw'
