rm: cannot remove '/home/runner/work/ozone/ozone/hadoop-ozone/dist/target/ozone-1.3.0-SNAPSHOT/compose/result/*': No such file or directory
Executing test in compatibility
Removing network compatibility_default
Network compatibility_default not found.
Creating network "compatibility_default" with the default driver
Pulling datanode (apache/ozone-runner:20220623-1)...
20220623-1: Pulling from apache/ozone-runner
Digest: sha256:ba2ed07322bc8f888150fa2a1ec0523fca85e09c8eb9779445f8bca0d58cff97
Status: Downloaded newer image for apache/ozone-runner:20220623-1
Creating compatibility_scm_1 ... 
Creating compatibility_datanode_1 ... 
Creating compatibility_om_1       ... 
Creating compatibility_recon_1    ... 
Creating compatibility_s3g_1      ... 
Creating compatibility_datanode_1 ... done
Creating compatibility_recon_1    ... done
Creating compatibility_scm_1      ... done
Creating compatibility_om_1       ... done
Creating compatibility_s3g_1      ... done
WARNING: HADOOP_OPTS has been deprecated by OZONE_OPTS.
SECONDS: 32
com.google.protobuf.ServiceException: java.net.ConnectException: Call From afea698577d6/172.18.0.5 to scm:9860 failed on connection exception: java.net.ConnectException: Connection refused; For more details see: http://wiki.apache.org/hadoop/ConnectionRefused, while invoking $Proxy19.submitRequest over nodeId=scmNodeId,nodeAddress=scm/172.18.0.5:9860 after 1 failover attempts. Trying to failover after sleeping for 2000ms. com.google.protobuf.ServiceException: java.net.ConnectException: Call From afea698577d6/172.18.0.5 to scm:9860 failed on connection exception: java.net.ConnectException: Connection refused; For more details see: http://wiki.apache.org/hadoop/ConnectionRefused, while invoking $Proxy19.submitRequest over nodeId=scmNodeId,nodeAddress=scm/172.18.0.5:9860 after 2 failover attempts. Trying to failover after sleeping for 2000ms. com.google.protobuf.ServiceException: java.net.ConnectException: Call From afea698577d6/172.18.0.5 to scm:9860 failed on connection exception: java.net.ConnectException: Connection refused; For more details see: http://wiki.apache.org/hadoop/ConnectionRefused, while invoking $Proxy19.submitRequest over nodeId=scmNodeId,nodeAddress=scm/172.18.0.5:9860 after 3 failover attempts. Trying to failover after sleeping for 2000ms. com.google.protobuf.ServiceException: java.net.ConnectException: Call From afea698577d6/172.18.0.5 to scm:9860 failed on connection exception: java.net.ConnectException: Connection refused; For more details see: http://wiki.apache.org/hadoop/ConnectionRefused, while invoking $Proxy19.submitRequest over nodeId=scmNodeId,nodeAddress=scm/172.18.0.5:9860 after 4 failover attempts. Trying to failover after sleeping for 2000ms. com.google.protobuf.ServiceException: org.apache.hadoop.ipc.RemoteException(org.apache.hadoop.hdds.ratis.ServerNotLeaderException): Server:c3e42090-1df7-4481-9571-1da2b2094997 is not the leader. Could not determine the leader node. at org.apache.hadoop.hdds.ratis.ServerNotLeaderException.convertToNotLeaderException(ServerNotLeaderException.java:109) at org.apache.hadoop.hdds.scm.ha.RatisUtil.checkRatisException(RatisUtil.java:246) at org.apache.hadoop.hdds.scm.protocol.StorageContainerLocationProtocolServerSideTranslatorPB.submitRequest(StorageContainerLocationProtocolServerSideTranslatorPB.java:193) at org.apache.hadoop.hdds.protocol.proto.StorageContainerLocationProtocolProtos$StorageContainerLocationProtocolService$2.callBlockingMethod(StorageContainerLocationProtocolProtos.java:62732) at org.apache.hadoop.ipc.ProtobufRpcEngine$Server.processCall(ProtobufRpcEngine.java:466) at org.apache.hadoop.ipc.ProtobufRpcEngine2$Server$ProtoBufRpcInvoker.call(ProtobufRpcEngine2.java:574) at org.apache.hadoop.ipc.ProtobufRpcEngine2$Server$ProtoBufRpcInvoker.call(ProtobufRpcEngine2.java:552) at org.apache.hadoop.ipc.RPC$Server.call(RPC.java:1093) at org.apache.hadoop.ipc.Server$RpcCall.run(Server.java:1035) at org.apache.hadoop.ipc.Server$RpcCall.run(Server.java:963) at java.base/java.security.AccessController.doPrivileged(Native Method) at java.base/javax.security.auth.Subject.doAs(Subject.java:423) at org.apache.hadoop.security.UserGroupInformation.doAs(UserGroupInformation.java:1878) at org.apache.hadoop.ipc.Server$Handler.run(Server.java:2966) , while invoking $Proxy19.submitRequest over nodeId=scmNodeId,nodeAddress=scm/172.18.0.5:9860 after 5 failover attempts. Trying to failover after sleeping for 2000ms. com.google.protobuf.ServiceException: org.apache.hadoop.ipc.RemoteException(org.apache.hadoop.hdds.ratis.ServerNotLeaderException): Server:c3e42090-1df7-4481-9571-1da2b2094997 is not the leader. Could not determine the leader node. at org.apache.hadoop.hdds.ratis.ServerNotLeaderException.convertToNotLeaderException(ServerNotLeaderException.java:109) at org.apache.hadoop.hdds.scm.ha.RatisUtil.checkRatisException(RatisUtil.java:246) at org.apache.hadoop.hdds.scm.protocol.StorageContainerLocationProtocolServerSideTranslatorPB.submitRequest(StorageContainerLocationProtocolServerSideTranslatorPB.java:193) at org.apache.hadoop.hdds.protocol.proto.StorageContainerLocationProtocolProtos$StorageContainerLocationProtocolService$2.callBlockingMethod(StorageContainerLocationProtocolProtos.java:62732) at org.apache.hadoop.ipc.ProtobufRpcEngine$Server.processCall(ProtobufRpcEngine.java:466) at org.apache.hadoop.ipc.ProtobufRpcEngine2$Server$ProtoBufRpcInvoker.call(ProtobufRpcEngine2.java:574) at org.apache.hadoop.ipc.ProtobufRpcEngine2$Server$ProtoBufRpcInvoker.call(ProtobufRpcEngine2.java:552) at org.apache.hadoop.ipc.RPC$Server.call(RPC.java:1093) at org.apache.hadoop.ipc.Server$RpcCall.run(Server.java:1035) at org.apache.hadoop.ipc.Server$RpcCall.run(Server.java:963) at java.base/java.security.AccessController.doPrivileged(Native Method) at java.base/javax.security.auth.Subject.doAs(Subject.java:423) at org.apache.hadoop.security.UserGroupInformation.doAs(UserGroupInformation.java:1878) at org.apache.hadoop.ipc.Server$Handler.run(Server.java:2966) , while invoking $Proxy19.submitRequest over nodeId=scmNodeId,nodeAddress=scm/172.18.0.5:9860 after 6 failover attempts. Trying to failover after sleeping for 2000ms. SCM is in safe mode. validated:false, DataNodeSafeModeRule, registered datanodes (=0) >= required datanodes (=1) validated:true, HealthyPipelineSafeModeRule, healthy Ratis/THREE pipelines (=0) >= healthyPipelineThresholdCount (=0) validated:true, ContainerSafeModeRule, % of containers with at least one reported replica (=1.00) >= safeModeCutoff (=0.99) validated:true, AtleastOneDatanodeReportedRule, reported Ratis/THREE pipelines with at least one datanode (=0) >= threshold (=0)
WARNING: HADOOP_OPTS has been deprecated by OZONE_OPTS.
SECONDS: 39
SCM is out of safe mode.
Safe mode is off
No OM HA service, no need to wait
==============================================================================
Dn :: Test datanode compatibility                                             
==============================================================================
Picks up command line options                                         | PASS |
------------------------------------------------------------------------------
Dn :: Test datanode compatibility                                     | PASS |
1 test, 1 passed, 0 failed
==============================================================================
Output:  /tmp/smoketest/compatibility/result/robot-compatibility-compatibility-dn-datanode.xml
==============================================================================
Om :: Test om compatibility                                                   
==============================================================================
Picks up command line options                                         | PASS |
------------------------------------------------------------------------------
Om :: Test om compatibility                                           | PASS |
1 test, 1 passed, 0 failed
==============================================================================
Output:  /tmp/smoketest/compatibility/result/robot-compatibility-compatibility-dn-datanode-1.xml
==============================================================================
Recon :: Test recon compatibility                                             
==============================================================================
Picks up command line options                                         | PASS |
------------------------------------------------------------------------------
Recon :: Test recon compatibility                                     | PASS |
1 test, 1 passed, 0 failed
==============================================================================
Output:  /tmp/smoketest/compatibility/result/robot-compatibility-compatibility-dn-datanode-2.xml
==============================================================================
Scm :: Test scm compatibility                                                 
==============================================================================
Picks up command line options                                         | PASS |
------------------------------------------------------------------------------
Scm :: Test scm compatibility                                         | PASS |
1 test, 1 passed, 0 failed
==============================================================================
Output:  /tmp/smoketest/compatibility/result/robot-compatibility-compatibility-dn-datanode-3.xml
==============================================================================
Dn-One-Rocksdb :: Test merge rocksdb in datanode compatibility                
==============================================================================
Create a container and check container schema version                 | PASS |
------------------------------------------------------------------------------
Dn-One-Rocksdb :: Test merge rocksdb in datanode compatibility        | PASS |
1 test, 1 passed, 0 failed
==============================================================================
Output:  /tmp/smoketest/compatibility/result/robot-compatibility-compatibility-dn-datanode-4.xml
Stopping compatibility_s3g_1      ... 
Stopping compatibility_recon_1    ... 
Stopping compatibility_om_1       ... 
Stopping compatibility_datanode_1 ... 
Stopping compatibility_scm_1      ... 
Stopping compatibility_s3g_1      ... done
Stopping compatibility_om_1       ... done
Stopping compatibility_recon_1    ... done
Stopping compatibility_datanode_1 ... done
Stopping compatibility_scm_1      ... done
Removing compatibility_s3g_1      ... 
Removing compatibility_recon_1    ... 
Removing compatibility_om_1       ... 
Removing compatibility_datanode_1 ... 
Removing compatibility_scm_1      ... 
Removing compatibility_datanode_1 ... done
Removing compatibility_recon_1    ... done
Removing compatibility_scm_1      ... done
Removing compatibility_om_1       ... done
Removing compatibility_s3g_1      ... done
Removing network compatibility_default
Log:     /home/runner/work/ozone/ozone/hadoop-ozone/dist/target/ozone-1.3.0-SNAPSHOT/compose/compatibility/result/log.html
Report:  /home/runner/work/ozone/ozone/hadoop-ozone/dist/target/ozone-1.3.0-SNAPSHOT/compose/compatibility/result/report.html
Output:  /home/runner/work/ozone/ozone/hadoop-ozone/dist/target/ozone-1.3.0-SNAPSHOT/compose/result/compatibility.xml
removed 'compatibility/result/robot-compatibility-compatibility-dn-datanode-1.xml'
removed 'compatibility/result/robot-compatibility-compatibility-dn-datanode-2.xml'
removed 'compatibility/result/robot-compatibility-compatibility-dn-datanode-3.xml'
removed 'compatibility/result/robot-compatibility-compatibility-dn-datanode-4.xml'
removed 'compatibility/result/robot-compatibility-compatibility-dn-datanode.xml'
removed 'compatibility/result/log.html'
removed 'compatibility/result/report.html'
renamed 'compatibility/result/dn-audit-0b1ceac83a76.log' -> '/home/runner/work/ozone/ozone/hadoop-ozone/dist/target/ozone-1.3.0-SNAPSHOT/compose/result/compatibility/dn-audit-0b1ceac83a76.log'
renamed 'compatibility/result/docker-compatibility-compatibility-dn-datanode.log' -> '/home/runner/work/ozone/ozone/hadoop-ozone/dist/target/ozone-1.3.0-SNAPSHOT/compose/result/compatibility/docker-compatibility-compatibility-dn-datanode.log'
renamed 'compatibility/result/om-audit-373f9e72ad81.log' -> '/home/runner/work/ozone/ozone/hadoop-ozone/dist/target/ozone-1.3.0-SNAPSHOT/compose/result/compatibility/om-audit-373f9e72ad81.log'
renamed 'compatibility/result/s3g-audit-f2f301e3594e.log' -> '/home/runner/work/ozone/ozone/hadoop-ozone/dist/target/ozone-1.3.0-SNAPSHOT/compose/result/compatibility/s3g-audit-f2f301e3594e.log'
renamed 'compatibility/result/scm-audit-afea698577d6.log' -> '/home/runner/work/ozone/ozone/hadoop-ozone/dist/target/ozone-1.3.0-SNAPSHOT/compose/result/compatibility/scm-audit-afea698577d6.log'
Executing test in upgrade
Executing test in /home/runner/work/ozone/ozone/hadoop-ozone/dist/target/ozone-1.3.0-SNAPSHOT/compose/upgrade/upgrades/non-rolling-upgrade
--- RUNNING NON-ROLLING UPGRADE TEST FROM 1.2.1 TO 1.3.0 ---
chown: changing ownership of '/home/runner/work/ozone/ozone/hadoop-ozone/dist/target/ozone-1.3.0-SNAPSHOT/compose/upgrade/upgrades/non-rolling-upgrade/1.2.1-1.3.0/data/recon': Operation not permitted
chown: changing ownership of '/home/runner/work/ozone/ozone/hadoop-ozone/dist/target/ozone-1.3.0-SNAPSHOT/compose/upgrade/upgrades/non-rolling-upgrade/1.2.1-1.3.0/data/om3': Operation not permitted
chown: changing ownership of '/home/runner/work/ozone/ozone/hadoop-ozone/dist/target/ozone-1.3.0-SNAPSHOT/compose/upgrade/upgrades/non-rolling-upgrade/1.2.1-1.3.0/data/dn4': Operation not permitted
chown: changing ownership of '/home/runner/work/ozone/ozone/hadoop-ozone/dist/target/ozone-1.3.0-SNAPSHOT/compose/upgrade/upgrades/non-rolling-upgrade/1.2.1-1.3.0/data/s3g': Operation not permitted
chown: changing ownership of '/home/runner/work/ozone/ozone/hadoop-ozone/dist/target/ozone-1.3.0-SNAPSHOT/compose/upgrade/upgrades/non-rolling-upgrade/1.2.1-1.3.0/data/om1': Operation not permitted
chown: changing ownership of '/home/runner/work/ozone/ozone/hadoop-ozone/dist/target/ozone-1.3.0-SNAPSHOT/compose/upgrade/upgrades/non-rolling-upgrade/1.2.1-1.3.0/data/dn2': Operation not permitted
chown: changing ownership of '/home/runner/work/ozone/ozone/hadoop-ozone/dist/target/ozone-1.3.0-SNAPSHOT/compose/upgrade/upgrades/non-rolling-upgrade/1.2.1-1.3.0/data/om2': Operation not permitted
chown: changing ownership of '/home/runner/work/ozone/ozone/hadoop-ozone/dist/target/ozone-1.3.0-SNAPSHOT/compose/upgrade/upgrades/non-rolling-upgrade/1.2.1-1.3.0/data/dn5': Operation not permitted
chown: changing ownership of '/home/runner/work/ozone/ozone/hadoop-ozone/dist/target/ozone-1.3.0-SNAPSHOT/compose/upgrade/upgrades/non-rolling-upgrade/1.2.1-1.3.0/data/scm': Operation not permitted
chown: changing ownership of '/home/runner/work/ozone/ozone/hadoop-ozone/dist/target/ozone-1.3.0-SNAPSHOT/compose/upgrade/upgrades/non-rolling-upgrade/1.2.1-1.3.0/data/dn1': Operation not permitted
chown: changing ownership of '/home/runner/work/ozone/ozone/hadoop-ozone/dist/target/ozone-1.3.0-SNAPSHOT/compose/upgrade/upgrades/non-rolling-upgrade/1.2.1-1.3.0/data/dn3': Operation not permitted
chown: changing ownership of '/home/runner/work/ozone/ozone/hadoop-ozone/dist/target/ozone-1.3.0-SNAPSHOT/compose/upgrade/upgrades/non-rolling-upgrade/1.2.1-1.3.0/data': Operation not permitted
--- SETTING UP OLD VERSION 1.2.1 ---
--- RUNNING WITH OLD VERSION 1.2.1 ---
Removing network ha_net
Network ha_net not found.
Creating network "ha_net" with driver "bridge"
Pulling om1 (apache/ozone:1.2.1)...
1.2.1: Pulling from apache/ozone
Digest: sha256:1a5f4e28568aaa4aaea6ed560d45b167e0dd8274660e81d746379c2aa6594b7b
Status: Downloaded newer image for apache/ozone:1.2.1
Creating ha_om3_1 ... 
Creating ha_om1_1 ... 
Creating ha_dn5_1 ... 
Creating ha_dn2_1 ... 
Creating ha_dn3_1 ... 
Creating ha_dn4_1 ... 
Creating ha_dn1_1 ... 
Creating ha_recon_1 ... 
Creating ha_s3g_1   ... 
Creating ha_om2_1   ... 
Creating ha_scm_1   ... 
Creating ha_om1_1   ... done
Creating ha_om3_1   ... done
Creating ha_dn1_1   ... done
Creating ha_dn5_1   ... done
Creating ha_dn3_1   ... done
Creating ha_s3g_1   ... done
Creating ha_recon_1 ... done
Creating ha_dn2_1   ... done
Creating ha_dn4_1   ... done
Creating ha_om2_1   ... done
Creating ha_scm_1   ... done
SECONDS: 51
com.google.protobuf.ServiceException: java.net.ConnectException: Call From 8492d46c95f3/10.9.0.14 to scm:9860 failed on connection exception: java.net.ConnectException: Connection refused; For more details see: http://wiki.apache.org/hadoop/ConnectionRefused, while invoking $Proxy19.submitRequest over nodeId=scmNodeId,nodeAddress=scm/10.9.0.14:9860 after 1 failover attempts. Trying to failover after sleeping for 2000ms. com.google.protobuf.ServiceException: java.net.ConnectException: Call From 8492d46c95f3/10.9.0.14 to scm:9860 failed on connection exception: java.net.ConnectException: Connection refused; For more details see: http://wiki.apache.org/hadoop/ConnectionRefused, while invoking $Proxy19.submitRequest over nodeId=scmNodeId,nodeAddress=scm/10.9.0.14:9860 after 2 failover attempts. Trying to failover after sleeping for 2000ms. SCM is in safe mode. validated:false, DataNodeSafeModeRule, registered datanodes (=0) >= required datanodes (=3) validated:false, HealthyPipelineSafeModeRule, healthy Ratis/THREE pipelines (=0) >= healthyPipelineThresholdCount (=1) validated:true, ContainerSafeModeRule, % of containers with at least one reported replica (=1.00) >= safeModeCutoff (=0.99) validated:true, AtleastOneDatanodeReportedRule, reported Ratis/THREE pipelines with at least one datanode (=0) >= threshold (=0)
SECONDS: 66
SCM is in safe mode. validated:true, DataNodeSafeModeRule, registered datanodes (=3) >= required datanodes (=3) validated:false, HealthyPipelineSafeModeRule, healthy Ratis/THREE pipelines (=0) >= healthyPipelineThresholdCount (=1) validated:true, ContainerSafeModeRule, % of containers with at least one reported replica (=1.00) >= safeModeCutoff (=0.99) validated:true, AtleastOneDatanodeReportedRule, reported Ratis/THREE pipelines with at least one datanode (=0) >= threshold (=0)
SECONDS: 74
SCM is out of safe mode.
Safe mode is off
Could not determine or connect to OM Leader.
Waiting for OM leader for service omservice
SECONDS: 10
Found OM leader for service omservice: om3 : LEADER (om3)
==============================================================================
Generate :: Generate data                                                     
==============================================================================
Create a volume and bucket                                            | PASS |
------------------------------------------------------------------------------
Create key                                                            | PASS |
------------------------------------------------------------------------------
Create a bucket in s3v volume                                         | PASS |
------------------------------------------------------------------------------
Create key in the bucket in s3v volume                                | PASS |
------------------------------------------------------------------------------
Setup credentials for S3                                              | PASS |
------------------------------------------------------------------------------
Try to create a bucket using S3 API                                   | PASS |
------------------------------------------------------------------------------
Create key using S3 API                                               | PASS |
------------------------------------------------------------------------------
Generate :: Generate data                                             | PASS |
7 tests, 7 passed, 0 failed
==============================================================================
Output:  /tmp/smoketest/upgrade/result/robot-1.2.1.xml
==============================================================================
Validate :: Smoketest ozone cluster startup                                   
==============================================================================
Read data from previously created key                                 | PASS |
------------------------------------------------------------------------------
Setup credentials for S3                                              | PASS |
------------------------------------------------------------------------------
Read key created with Ozone Shell using S3 API                        | PASS |
------------------------------------------------------------------------------
Read key created with S3 API using S3 API                             | PASS |
------------------------------------------------------------------------------
Validate :: Smoketest ozone cluster startup                           | PASS |
4 tests, 4 passed, 0 failed
==============================================================================
Output:  /tmp/smoketest/upgrade/result/robot-1.2.1-1.xml
Stopping ha_scm_1   ... 
Stopping ha_om2_1   ... 
Stopping ha_s3g_1   ... 
Stopping ha_recon_1 ... 
Stopping ha_dn1_1   ... 
Stopping ha_dn4_1   ... 
Stopping ha_dn3_1   ... 
Stopping ha_dn2_1   ... 
Stopping ha_dn5_1   ... 
Stopping ha_om1_1   ... 
Stopping ha_om3_1   ... 
Stopping ha_s3g_1   ... done
Stopping ha_recon_1 ... done
Stopping ha_om1_1   ... done
Stopping ha_om2_1   ... done
Stopping ha_om3_1   ... done
Stopping ha_scm_1   ... done
Stopping ha_dn4_1   ... done
Stopping ha_dn5_1   ... done
Stopping ha_dn1_1   ... done
Stopping ha_dn3_1   ... done
Stopping ha_dn2_1   ... done
Removing ha_scm_1   ... 
Removing ha_om2_1   ... 
Removing ha_s3g_1   ... 
Removing ha_recon_1 ... 
Removing ha_dn1_1   ... 
Removing ha_dn4_1   ... 
Removing ha_dn3_1   ... 
Removing ha_dn2_1   ... 
Removing ha_dn5_1   ... 
Removing ha_om1_1   ... 
Removing ha_om3_1   ... 
Removing ha_dn4_1   ... done
Removing ha_recon_1 ... done
Removing ha_dn3_1   ... done
Removing ha_dn5_1   ... done
Removing ha_s3g_1   ... done
Removing ha_om3_1   ... done
Removing ha_dn2_1   ... done
Removing ha_scm_1   ... done
Removing ha_dn1_1   ... done
Removing ha_om2_1   ... done
Removing ha_om1_1   ... done
Removing network ha_net
--- RUNNING WITH NEW VERSION 1.3.0 PRE-FINALIZED ---
Removing network ha_net
Network ha_net not found.
Creating network "ha_net" with driver "bridge"
Creating ha_scm_1 ... 
Creating ha_dn2_1 ... 
Creating ha_dn4_1 ... 
Creating ha_om2_1 ... 
Creating ha_dn3_1 ... 
Creating ha_om1_1 ... 
Creating ha_dn5_1 ... 
Creating ha_recon_1 ... 
Creating ha_dn1_1   ... 
Creating ha_om3_1   ... 
Creating ha_s3g_1   ... 
Creating ha_scm_1   ... done
Creating ha_dn4_1   ... done
Creating ha_om1_1   ... done
Creating ha_om3_1   ... done
Creating ha_dn3_1   ... done
Creating ha_recon_1 ... done
Creating ha_dn2_1   ... done
Creating ha_dn5_1   ... done
Creating ha_s3g_1   ... done
Creating ha_dn1_1   ... done
Creating ha_om2_1   ... done
SECONDS: 49
SCM is in safe mode. validated:true, DataNodeSafeModeRule, registered datanodes (=3) >= required datanodes (=3) validated:true, HealthyPipelineSafeModeRule, healthy Ratis/THREE pipelines (=1) >= healthyPipelineThresholdCount (=1) validated:true, ContainerSafeModeRule, % of containers with at least one reported replica (=1.00) >= safeModeCutoff (=0.99) validated:true, AtleastOneDatanodeReportedRule, reported Ratis/THREE pipelines with at least one datanode (=2) >= threshold (=2)
SECONDS: 62
SCM is out of safe mode.
Safe mode is off
Found OM leader for service omservice: om1 : LEADER (om1)
==============================================================================
Check-Mlv :: Check Metadata layout version present in a version file.         
==============================================================================
Check MLV                                                             | PASS |
------------------------------------------------------------------------------
Check-Mlv :: Check Metadata layout version present in a version file. | PASS |
1 test, 1 passed, 0 failed
==============================================================================
Output:  /tmp/smoketest/upgrade/result/robot-1.3.0-pre-finalized.xml
==============================================================================
Check-Mlv :: Check Metadata layout version present in a version file.         
==============================================================================
Check MLV                                                             | PASS |
------------------------------------------------------------------------------
Check-Mlv :: Check Metadata layout version present in a version file. | PASS |
1 test, 1 passed, 0 failed
==============================================================================
Output:  /tmp/smoketest/upgrade/result/robot-1.3.0-pre-finalized-1.xml
==============================================================================
Check-Mlv :: Check Metadata layout version present in a version file.         
==============================================================================
Check MLV                                                             | PASS |
------------------------------------------------------------------------------
Check-Mlv :: Check Metadata layout version present in a version file. | PASS |
1 test, 1 passed, 0 failed
==============================================================================
Output:  /tmp/smoketest/upgrade/result/robot-1.3.0-pre-finalized-2.xml
==============================================================================
Check-Mlv :: Check Metadata layout version present in a version file.         
==============================================================================
Check MLV                                                             | PASS |
------------------------------------------------------------------------------
Check-Mlv :: Check Metadata layout version present in a version file. | PASS |
1 test, 1 passed, 0 failed
==============================================================================
Output:  /tmp/smoketest/upgrade/result/robot-1.3.0-pre-finalized-3.xml
==============================================================================
Check-Mlv :: Check Metadata layout version present in a version file.         
==============================================================================
Check MLV                                                             | PASS |
------------------------------------------------------------------------------
Check-Mlv :: Check Metadata layout version present in a version file. | PASS |
1 test, 1 passed, 0 failed
==============================================================================
Output:  /tmp/smoketest/upgrade/result/robot-1.3.0-pre-finalized-4.xml
==============================================================================
Check-Mlv :: Check Metadata layout version present in a version file.         
==============================================================================
Check MLV                                                             | PASS |
------------------------------------------------------------------------------
Check-Mlv :: Check Metadata layout version present in a version file. | PASS |
1 test, 1 passed, 0 failed
==============================================================================
Output:  /tmp/smoketest/upgrade/result/robot-1.3.0-pre-finalized-5.xml
==============================================================================
Check-Mlv :: Check Metadata layout version present in a version file.         
==============================================================================
Check MLV                                                             | PASS |
------------------------------------------------------------------------------
Check-Mlv :: Check Metadata layout version present in a version file. | PASS |
1 test, 1 passed, 0 failed
==============================================================================
Output:  /tmp/smoketest/upgrade/result/robot-1.3.0-pre-finalized-6.xml
==============================================================================
Validate :: Smoketest ozone cluster startup                                   
==============================================================================
Read data from previously created key                                 | PASS |
------------------------------------------------------------------------------
Setup credentials for S3                                              | PASS |
------------------------------------------------------------------------------
Read key created with Ozone Shell using S3 API                        | PASS |
------------------------------------------------------------------------------
Read key created with S3 API using S3 API                             | PASS |
------------------------------------------------------------------------------
Validate :: Smoketest ozone cluster startup                           | PASS |
4 tests, 4 passed, 0 failed
==============================================================================
Output:  /tmp/smoketest/upgrade/result/robot-1.3.0-pre-finalized-7.xml
==============================================================================
Generate :: Generate data                                                     
==============================================================================
Create key                                                            | PASS |
------------------------------------------------------------------------------
Create key in the bucket in s3v volume                                | PASS |
------------------------------------------------------------------------------
Setup credentials for S3                                              | PASS |
------------------------------------------------------------------------------
Try to create a bucket using S3 API                                   | PASS |
------------------------------------------------------------------------------
Create key using S3 API                                               | PASS |
------------------------------------------------------------------------------
Generate :: Generate data                                             | PASS |
5 tests, 5 passed, 0 failed
==============================================================================
Output:  /tmp/smoketest/upgrade/result/robot-1.3.0-pre-finalized-8.xml
==============================================================================
Generate :: Generate data                                                     
==============================================================================
Create a volume and bucket                                            | PASS |
------------------------------------------------------------------------------
Create key                                                            | PASS |
------------------------------------------------------------------------------
Create a bucket in s3v volume                                         | PASS |
------------------------------------------------------------------------------
Create key in the bucket in s3v volume                                | PASS |
------------------------------------------------------------------------------
Setup credentials for S3                                              | PASS |
------------------------------------------------------------------------------
Try to create a bucket using S3 API                                   | PASS |
------------------------------------------------------------------------------
Create key using S3 API                                               | PASS |
------------------------------------------------------------------------------
Generate :: Generate data                                             | PASS |
7 tests, 7 passed, 0 failed
==============================================================================
Output:  /tmp/smoketest/upgrade/result/robot-1.3.0-pre-finalized-9.xml
==============================================================================
Validate :: Smoketest ozone cluster startup                                   
==============================================================================
Read data from previously created key                                 | PASS |
------------------------------------------------------------------------------
Setup credentials for S3                                              | PASS |
------------------------------------------------------------------------------
Read key created with Ozone Shell using S3 API                        | PASS |
------------------------------------------------------------------------------
Read key created with S3 API using S3 API                             | PASS |
------------------------------------------------------------------------------
Validate :: Smoketest ozone cluster startup                           | PASS |
4 tests, 4 passed, 0 failed
==============================================================================
Output:  /tmp/smoketest/upgrade/result/robot-1.3.0-pre-finalized-10.xml
==============================================================================
Upgrade-Ec-Check :: Test EC during upgrade                                    
==============================================================================
Test EC Prior To Finalization                                         | PASS |
------------------------------------------------------------------------------
Upgrade-Ec-Check :: Test EC during upgrade                            | PASS |
1 test, 1 passed, 0 failed
==============================================================================
Output:  /tmp/smoketest/upgrade/result/robot-1.3.0-pre-finalized-11.xml
Stopping ha_om3_1   ... 
Stopping ha_s3g_1   ... 
Stopping ha_dn5_1   ... 
Stopping ha_recon_1 ... 
Stopping ha_dn1_1   ... 
Stopping ha_om1_1   ... 
Stopping ha_dn3_1   ... 
Stopping ha_om2_1   ... 
Stopping ha_dn2_1   ... 
Stopping ha_dn4_1   ... 
Stopping ha_scm_1   ... 
Stopping ha_om2_1   ... done
Stopping ha_s3g_1   ... done
Stopping ha_om3_1   ... done
Stopping ha_om1_1   ... done
Stopping ha_recon_1 ... done
Stopping ha_scm_1   ... done
Stopping ha_dn5_1   ... done
Stopping ha_dn1_1   ... done
Stopping ha_dn3_1   ... done
Stopping ha_dn4_1   ... done
Stopping ha_dn2_1   ... done
Removing ha_om3_1   ... 
Removing ha_s3g_1   ... 
Removing ha_dn5_1   ... 
Removing ha_recon_1 ... 
Removing ha_dn1_1   ... 
Removing ha_om1_1   ... 
Removing ha_dn3_1   ... 
Removing ha_om2_1   ... 
Removing ha_dn2_1   ... 
Removing ha_dn4_1   ... 
Removing ha_scm_1   ... 
Removing ha_om2_1   ... done
Removing ha_dn5_1   ... done
Removing ha_s3g_1   ... done
Removing ha_scm_1   ... done
Removing ha_om1_1   ... done
Removing ha_om3_1   ... done
Removing ha_recon_1 ... done
Removing ha_dn2_1   ... done
Removing ha_dn1_1   ... done
Removing ha_dn3_1   ... done
Removing ha_dn4_1   ... done
Removing network ha_net
--- RUNNING WITH OLD VERSION 1.2.1 AFTER DOWNGRADE ---
Removing network ha_net
Network ha_net not found.
Creating network "ha_net" with driver "bridge"
Creating ha_s3g_1 ... 
Creating ha_om1_1 ... 
Creating ha_dn2_1 ... 
Creating ha_dn4_1 ... 
Creating ha_recon_1 ... 
Creating ha_om2_1   ... 
Creating ha_dn1_1   ... 
Creating ha_dn5_1   ... 
Creating ha_dn3_1   ... 
Creating ha_scm_1   ... 
Creating ha_om3_1   ... 
Creating ha_s3g_1   ... done
Creating ha_dn4_1   ... done
Creating ha_dn3_1   ... done
Creating ha_dn2_1   ... done
Creating ha_om3_1   ... done
Creating ha_recon_1 ... done
Creating ha_scm_1   ... done
Creating ha_om2_1   ... done
Creating ha_dn1_1   ... done
Creating ha_dn5_1   ... done
Creating ha_om1_1   ... done
SECONDS: 48
com.google.protobuf.ServiceException: java.net.ConnectException: Call From ffc07fe52ca8/10.9.0.14 to scm:9860 failed on connection exception: java.net.ConnectException: Connection refused; For more details see: http://wiki.apache.org/hadoop/ConnectionRefused, while invoking $Proxy19.submitRequest over nodeId=scmNodeId,nodeAddress=scm/10.9.0.14:9860 after 1 failover attempts. Trying to failover after sleeping for 2000ms. SCM is in safe mode. validated:false, DataNodeSafeModeRule, registered datanodes (=0) >= required datanodes (=3) validated:false, HealthyPipelineSafeModeRule, healthy Ratis/THREE pipelines (=0) >= healthyPipelineThresholdCount (=1) validated:true, ContainerSafeModeRule, % of containers with at least one reported replica (=1.00) >= safeModeCutoff (=0.99) validated:false, AtleastOneDatanodeReportedRule, reported Ratis/THREE pipelines with at least one datanode (=0) >= threshold (=2)
SECONDS: 58
SCM is out of safe mode.
Safe mode is off
Could not determine or connect to OM Leader.
Waiting for OM leader for service omservice
SECONDS: 9
Found OM leader for service omservice: om2 : LEADER (om2)
==============================================================================
Validate :: Smoketest ozone cluster startup                                   
==============================================================================
Read data from previously created key                                 | PASS |
------------------------------------------------------------------------------
Setup credentials for S3                                              | PASS |
------------------------------------------------------------------------------
Read key created with Ozone Shell using S3 API                        | PASS |
------------------------------------------------------------------------------
Read key created with S3 API using S3 API                             | PASS |
------------------------------------------------------------------------------
Validate :: Smoketest ozone cluster startup                           | PASS |
4 tests, 4 passed, 0 failed
==============================================================================
Output:  /tmp/smoketest/upgrade/result/robot-1.2.1-downgraded.xml
==============================================================================
Validate :: Smoketest ozone cluster startup                                   
==============================================================================
Read data from previously created key                                 | PASS |
------------------------------------------------------------------------------
Setup credentials for S3                                              | PASS |
------------------------------------------------------------------------------
Read key created with Ozone Shell using S3 API                        | PASS |
------------------------------------------------------------------------------
Read key created with S3 API using S3 API                             | PASS |
------------------------------------------------------------------------------
Validate :: Smoketest ozone cluster startup                           | PASS |
4 tests, 4 passed, 0 failed
==============================================================================
Output:  /tmp/smoketest/upgrade/result/robot-1.2.1-downgraded-1.xml
==============================================================================
Generate :: Generate data                                                     
==============================================================================
Create a volume and bucket                                            | PASS |
------------------------------------------------------------------------------
Create key                                                            | PASS |
------------------------------------------------------------------------------
Create a bucket in s3v volume                                         | PASS |
------------------------------------------------------------------------------
Create key in the bucket in s3v volume                                | PASS |
------------------------------------------------------------------------------
Setup credentials for S3                                              | PASS |
------------------------------------------------------------------------------
Try to create a bucket using S3 API                                   | PASS |
------------------------------------------------------------------------------
Create key using S3 API                                               | PASS |
------------------------------------------------------------------------------
Generate :: Generate data                                             | PASS |
7 tests, 7 passed, 0 failed
==============================================================================
Output:  /tmp/smoketest/upgrade/result/robot-1.2.1-downgraded-2.xml
==============================================================================
Validate :: Smoketest ozone cluster startup                                   
==============================================================================
Read data from previously created key                                 | PASS |
------------------------------------------------------------------------------
Setup credentials for S3                                              | PASS |
------------------------------------------------------------------------------
Read key created with Ozone Shell using S3 API                        | PASS |
------------------------------------------------------------------------------
Read key created with S3 API using S3 API                             | PASS |
------------------------------------------------------------------------------
Validate :: Smoketest ozone cluster startup                           | PASS |
4 tests, 4 passed, 0 failed
==============================================================================
Output:  /tmp/smoketest/upgrade/result/robot-1.2.1-downgraded-3.xml
==============================================================================
Generate :: Generate data                                                     
==============================================================================
Create key                                                            | PASS |
------------------------------------------------------------------------------
Create key in the bucket in s3v volume                                | PASS |
------------------------------------------------------------------------------
Setup credentials for S3                                              | PASS |
------------------------------------------------------------------------------
Try to create a bucket using S3 API                                   | PASS |
------------------------------------------------------------------------------
Create key using S3 API                                               | PASS |
------------------------------------------------------------------------------
Generate :: Generate data                                             | PASS |
5 tests, 5 passed, 0 failed
==============================================================================
Output:  /tmp/smoketest/upgrade/result/robot-1.2.1-downgraded-4.xml
Stopping ha_om3_1   ... 
Stopping ha_dn3_1   ... 
Stopping ha_scm_1   ... 
Stopping ha_dn5_1   ... 
Stopping ha_dn1_1   ... 
Stopping ha_om2_1   ... 
Stopping ha_dn2_1   ... 
Stopping ha_recon_1 ... 
Stopping ha_dn4_1   ... 
Stopping ha_om1_1   ... 
Stopping ha_s3g_1   ... 
Stopping ha_s3g_1   ... done
Stopping ha_recon_1 ... done
Stopping ha_om3_1   ... done
Stopping ha_om2_1   ... done
Stopping ha_om1_1   ... done
Stopping ha_scm_1   ... done
Stopping ha_dn1_1   ... done
Stopping ha_dn3_1   ... done
Stopping ha_dn4_1   ... done
Stopping ha_dn2_1   ... done
Stopping ha_dn5_1   ... done
Removing ha_om3_1   ... 
Removing ha_dn3_1   ... 
Removing ha_scm_1   ... 
Removing ha_dn5_1   ... 
Removing ha_dn1_1   ... 
Removing ha_om2_1   ... 
Removing ha_dn2_1   ... 
Removing ha_recon_1 ... 
Removing ha_dn4_1   ... 
Removing ha_om1_1   ... 
Removing ha_s3g_1   ... 
Removing ha_om1_1   ... done
Removing ha_dn1_1   ... done
Removing ha_om3_1   ... done
Removing ha_s3g_1   ... done
Removing ha_recon_1 ... done
Removing ha_dn4_1   ... done
Removing ha_om2_1   ... done
Removing ha_dn5_1   ... done
Removing ha_scm_1   ... done
Removing ha_dn3_1   ... done
Removing ha_dn2_1   ... done
Removing network ha_net
--- RUNNING WITH NEW VERSION 1.3.0 FINALIZED ---
Removing network ha_net
Network ha_net not found.
Creating network "ha_net" with driver "bridge"
Creating ha_dn1_1 ... 
Creating ha_recon_1 ... 
Creating ha_om3_1   ... 
Creating ha_scm_1   ... 
Creating ha_s3g_1   ... 
Creating ha_om1_1   ... 
Creating ha_om2_1   ... 
Creating ha_dn3_1   ... 
Creating ha_dn2_1   ... 
Creating ha_dn4_1   ... 
Creating ha_dn5_1   ... 
Creating ha_om1_1   ... done
Creating ha_scm_1   ... done
Creating ha_dn1_1   ... done
Creating ha_om3_1   ... done
Creating ha_om2_1   ... done
Creating ha_dn4_1   ... done
Creating ha_recon_1 ... done
Creating ha_s3g_1   ... done
Creating ha_dn5_1   ... done
Creating ha_dn2_1   ... done
Creating ha_dn3_1   ... done
SECONDS: 49
com.google.protobuf.ServiceException: java.net.ConnectException: Call From 29886057f831/10.9.0.14 to scm:9860 failed on connection exception: java.net.ConnectException: Connection refused; For more details see: http://wiki.apache.org/hadoop/ConnectionRefused, while invoking $Proxy19.submitRequest over nodeId=scmNodeId,nodeAddress=scm/10.9.0.14:9860 after 1 failover attempts. Trying to failover after sleeping for 2000ms. SCM is in safe mode. validated:true, DataNodeSafeModeRule, registered datanodes (=3) >= required datanodes (=3) validated:false, HealthyPipelineSafeModeRule, healthy Ratis/THREE pipelines (=0) >= healthyPipelineThresholdCount (=1) validated:true, ContainerSafeModeRule, % of containers with at least one reported replica (=1.00) >= safeModeCutoff (=0.99) validated:true, AtleastOneDatanodeReportedRule, reported Ratis/THREE pipelines with at least one datanode (=2) >= threshold (=2)
SECONDS: 61
SCM is out of safe mode.
Safe mode is off
Found OM leader for service omservice: om1 : LEADER (om1)
==============================================================================
Finalize :: Finalize Upgrade of OMs and SCM                                   
==============================================================================
Finalize SCM                                                          | PASS |
------------------------------------------------------------------------------
Finalize OMs                                                          | PASS |
------------------------------------------------------------------------------
Finalize :: Finalize Upgrade of OMs and SCM                           | PASS |
2 tests, 2 passed, 0 failed
==============================================================================
Output:  /tmp/smoketest/upgrade/result/robot-1.3.0-finalized.xml
==============================================================================
Check-Mlv :: Check Metadata layout version present in a version file.         
==============================================================================
Check MLV                                                             | PASS |
------------------------------------------------------------------------------
Check-Mlv :: Check Metadata layout version present in a version file. | PASS |
1 test, 1 passed, 0 failed
==============================================================================
Output:  /tmp/smoketest/upgrade/result/robot-1.3.0-finalized-1.xml
==============================================================================
Check-Mlv :: Check Metadata layout version present in a version file.         
==============================================================================
Check MLV                                                             | PASS |
------------------------------------------------------------------------------
Check-Mlv :: Check Metadata layout version present in a version file. | PASS |
1 test, 1 passed, 0 failed
==============================================================================
Output:  /tmp/smoketest/upgrade/result/robot-1.3.0-finalized-2.xml
==============================================================================
Check-Mlv :: Check Metadata layout version present in a version file.         
==============================================================================
Check MLV                                                             | PASS |
------------------------------------------------------------------------------
Check-Mlv :: Check Metadata layout version present in a version file. | PASS |
1 test, 1 passed, 0 failed
==============================================================================
Output:  /tmp/smoketest/upgrade/result/robot-1.3.0-finalized-3.xml
==============================================================================
Check-Mlv :: Check Metadata layout version present in a version file.         
==============================================================================
Check MLV                                                             | PASS |
------------------------------------------------------------------------------
Check-Mlv :: Check Metadata layout version present in a version file. | PASS |
1 test, 1 passed, 0 failed
==============================================================================
Output:  /tmp/smoketest/upgrade/result/robot-1.3.0-finalized-4.xml
==============================================================================
Check-Mlv :: Check Metadata layout version present in a version file.         
==============================================================================
Check MLV                                                             | PASS |
------------------------------------------------------------------------------
Check-Mlv :: Check Metadata layout version present in a version file. | PASS |
1 test, 1 passed, 0 failed
==============================================================================
Output:  /tmp/smoketest/upgrade/result/robot-1.3.0-finalized-5.xml
==============================================================================
Check-Mlv :: Check Metadata layout version present in a version file.         
==============================================================================
Check MLV                                                             | PASS |
------------------------------------------------------------------------------
Check-Mlv :: Check Metadata layout version present in a version file. | PASS |
1 test, 1 passed, 0 failed
==============================================================================
Output:  /tmp/smoketest/upgrade/result/robot-1.3.0-finalized-6.xml
==============================================================================
Check-Mlv :: Check Metadata layout version present in a version file.         
==============================================================================
Check MLV                                                             | PASS |
------------------------------------------------------------------------------
Check-Mlv :: Check Metadata layout version present in a version file. | PASS |
1 test, 1 passed, 0 failed
==============================================================================
Output:  /tmp/smoketest/upgrade/result/robot-1.3.0-finalized-7.xml
==============================================================================
Validate :: Smoketest ozone cluster startup                                   
==============================================================================
Read data from previously created key                                 | PASS |
------------------------------------------------------------------------------
Setup credentials for S3                                              | PASS |
------------------------------------------------------------------------------
Read key created with Ozone Shell using S3 API                        | PASS |
------------------------------------------------------------------------------
Read key created with S3 API using S3 API                             | PASS |
------------------------------------------------------------------------------
Validate :: Smoketest ozone cluster startup                           | PASS |
4 tests, 4 passed, 0 failed
==============================================================================
Output:  /tmp/smoketest/upgrade/result/robot-1.3.0-finalized-8.xml
==============================================================================
Validate :: Smoketest ozone cluster startup                                   
==============================================================================
Read data from previously created key                                 | PASS |
------------------------------------------------------------------------------
Setup credentials for S3                                              | PASS |
------------------------------------------------------------------------------
Read key created with Ozone Shell using S3 API                        | PASS |
------------------------------------------------------------------------------
Read key created with S3 API using S3 API                             | PASS |
------------------------------------------------------------------------------
Validate :: Smoketest ozone cluster startup                           | PASS |
4 tests, 4 passed, 0 failed
==============================================================================
Output:  /tmp/smoketest/upgrade/result/robot-1.3.0-finalized-9.xml
==============================================================================
Validate :: Smoketest ozone cluster startup                                   
==============================================================================
Read data from previously created key                                 | PASS |
------------------------------------------------------------------------------
Setup credentials for S3                                              | PASS |
------------------------------------------------------------------------------
Read key created with Ozone Shell using S3 API                        | PASS |
------------------------------------------------------------------------------
Read key created with S3 API using S3 API                             | PASS |
------------------------------------------------------------------------------
Validate :: Smoketest ozone cluster startup                           | PASS |
4 tests, 4 passed, 0 failed
==============================================================================
Output:  /tmp/smoketest/upgrade/result/robot-1.3.0-finalized-10.xml
==============================================================================
Generate :: Generate data                                                     
==============================================================================
Create a volume and bucket                                            | PASS |
------------------------------------------------------------------------------
Create key                                                            | PASS |
------------------------------------------------------------------------------
Create a bucket in s3v volume                                         | PASS |
------------------------------------------------------------------------------
Create key in the bucket in s3v volume                                | PASS |
------------------------------------------------------------------------------
Setup credentials for S3                                              | PASS |
------------------------------------------------------------------------------
Try to create a bucket using S3 API                                   | PASS |
------------------------------------------------------------------------------
Create key using S3 API                                               | PASS |
------------------------------------------------------------------------------
Generate :: Generate data                                             | PASS |
7 tests, 7 passed, 0 failed
==============================================================================
Output:  /tmp/smoketest/upgrade/result/robot-1.3.0-finalized-11.xml
==============================================================================
Validate :: Smoketest ozone cluster startup                                   
==============================================================================
Read data from previously created key                                 | PASS |
------------------------------------------------------------------------------
Setup credentials for S3                                              | PASS |
------------------------------------------------------------------------------
Read key created with Ozone Shell using S3 API                        | PASS |
------------------------------------------------------------------------------
Read key created with S3 API using S3 API                             | PASS |
------------------------------------------------------------------------------
Validate :: Smoketest ozone cluster startup                           | PASS |
4 tests, 4 passed, 0 failed
==============================================================================
Output:  /tmp/smoketest/upgrade/result/robot-1.3.0-finalized-12.xml
==============================================================================
Upgrade-Ec-Check :: Test EC during upgrade                                    
==============================================================================
Test EC After Finalization                                            | PASS |
------------------------------------------------------------------------------
Upgrade-Ec-Check :: Test EC during upgrade                            | PASS |
1 test, 1 passed, 0 failed
==============================================================================
Output:  /tmp/smoketest/upgrade/result/robot-1.3.0-finalized-13.xml
Stopping ha_dn5_1   ... 
Stopping ha_dn4_1   ... 
Stopping ha_dn2_1   ... 
Stopping ha_om2_1   ... 
Stopping ha_om1_1   ... 
Stopping ha_dn3_1   ... 
Stopping ha_s3g_1   ... 
Stopping ha_om3_1   ... 
Stopping ha_scm_1   ... 
Stopping ha_recon_1 ... 
Stopping ha_dn1_1   ... 
Stopping ha_om3_1   ... done
Stopping ha_om2_1   ... done
Stopping ha_om1_1   ... done
Stopping ha_s3g_1   ... done
Stopping ha_recon_1 ... done
Stopping ha_scm_1   ... done
Stopping ha_dn5_1   ... done
Stopping ha_dn2_1   ... done
Stopping ha_dn1_1   ... done
Stopping ha_dn4_1   ... done
Stopping ha_dn3_1   ... done
Removing ha_dn5_1   ... 
Removing ha_dn4_1   ... 
Removing ha_dn2_1   ... 
Removing ha_om2_1   ... 
Removing ha_om1_1   ... 
Removing ha_dn3_1   ... 
Removing ha_s3g_1   ... 
Removing ha_om3_1   ... 
Removing ha_scm_1   ... 
Removing ha_recon_1 ... 
Removing ha_dn1_1   ... 
Removing ha_dn5_1   ... done
Removing ha_recon_1 ... done
Removing ha_om2_1   ... done
Removing ha_dn3_1   ... done
Removing ha_om3_1   ... done
Removing ha_dn2_1   ... done
Removing ha_dn4_1   ... done
Removing ha_om1_1   ... done
Removing ha_dn1_1   ... done
Removing ha_scm_1   ... done
Removing ha_s3g_1   ... done
Removing network ha_net
Log:     /home/runner/work/ozone/ozone/hadoop-ozone/dist/target/ozone-1.3.0-SNAPSHOT/compose/upgrade/upgrades/non-rolling-upgrade/1.2.1-1.3.0/result/log.html
Report:  /home/runner/work/ozone/ozone/hadoop-ozone/dist/target/ozone-1.3.0-SNAPSHOT/compose/upgrade/upgrades/non-rolling-upgrade/1.2.1-1.3.0/result/report.html
Output:  /home/runner/work/ozone/ozone/hadoop-ozone/dist/target/ozone-1.3.0-SNAPSHOT/compose/upgrade/result/1.2.1-1.3.0.xml
removed '/home/runner/work/ozone/ozone/hadoop-ozone/dist/target/ozone-1.3.0-SNAPSHOT/compose/upgrade/upgrades/non-rolling-upgrade/1.2.1-1.3.0/result/robot-1.2.1-1.xml'
removed '/home/runner/work/ozone/ozone/hadoop-ozone/dist/target/ozone-1.3.0-SNAPSHOT/compose/upgrade/upgrades/non-rolling-upgrade/1.2.1-1.3.0/result/robot-1.2.1-downgraded-1.xml'
removed '/home/runner/work/ozone/ozone/hadoop-ozone/dist/target/ozone-1.3.0-SNAPSHOT/compose/upgrade/upgrades/non-rolling-upgrade/1.2.1-1.3.0/result/robot-1.2.1-downgraded-2.xml'
removed '/home/runner/work/ozone/ozone/hadoop-ozone/dist/target/ozone-1.3.0-SNAPSHOT/compose/upgrade/upgrades/non-rolling-upgrade/1.2.1-1.3.0/result/robot-1.2.1-downgraded-3.xml'
removed '/home/runner/work/ozone/ozone/hadoop-ozone/dist/target/ozone-1.3.0-SNAPSHOT/compose/upgrade/upgrades/non-rolling-upgrade/1.2.1-1.3.0/result/robot-1.2.1-downgraded-4.xml'
removed '/home/runner/work/ozone/ozone/hadoop-ozone/dist/target/ozone-1.3.0-SNAPSHOT/compose/upgrade/upgrades/non-rolling-upgrade/1.2.1-1.3.0/result/robot-1.2.1-downgraded.xml'
removed '/home/runner/work/ozone/ozone/hadoop-ozone/dist/target/ozone-1.3.0-SNAPSHOT/compose/upgrade/upgrades/non-rolling-upgrade/1.2.1-1.3.0/result/robot-1.2.1.xml'
removed '/home/runner/work/ozone/ozone/hadoop-ozone/dist/target/ozone-1.3.0-SNAPSHOT/compose/upgrade/upgrades/non-rolling-upgrade/1.2.1-1.3.0/result/robot-1.3.0-finalized-1.xml'
removed '/home/runner/work/ozone/ozone/hadoop-ozone/dist/target/ozone-1.3.0-SNAPSHOT/compose/upgrade/upgrades/non-rolling-upgrade/1.2.1-1.3.0/result/robot-1.3.0-finalized-10.xml'
removed '/home/runner/work/ozone/ozone/hadoop-ozone/dist/target/ozone-1.3.0-SNAPSHOT/compose/upgrade/upgrades/non-rolling-upgrade/1.2.1-1.3.0/result/robot-1.3.0-finalized-11.xml'
removed '/home/runner/work/ozone/ozone/hadoop-ozone/dist/target/ozone-1.3.0-SNAPSHOT/compose/upgrade/upgrades/non-rolling-upgrade/1.2.1-1.3.0/result/robot-1.3.0-finalized-12.xml'
removed '/home/runner/work/ozone/ozone/hadoop-ozone/dist/target/ozone-1.3.0-SNAPSHOT/compose/upgrade/upgrades/non-rolling-upgrade/1.2.1-1.3.0/result/robot-1.3.0-finalized-13.xml'
removed '/home/runner/work/ozone/ozone/hadoop-ozone/dist/target/ozone-1.3.0-SNAPSHOT/compose/upgrade/upgrades/non-rolling-upgrade/1.2.1-1.3.0/result/robot-1.3.0-finalized-2.xml'
removed '/home/runner/work/ozone/ozone/hadoop-ozone/dist/target/ozone-1.3.0-SNAPSHOT/compose/upgrade/upgrades/non-rolling-upgrade/1.2.1-1.3.0/result/robot-1.3.0-finalized-3.xml'
removed '/home/runner/work/ozone/ozone/hadoop-ozone/dist/target/ozone-1.3.0-SNAPSHOT/compose/upgrade/upgrades/non-rolling-upgrade/1.2.1-1.3.0/result/robot-1.3.0-finalized-4.xml'
removed '/home/runner/work/ozone/ozone/hadoop-ozone/dist/target/ozone-1.3.0-SNAPSHOT/compose/upgrade/upgrades/non-rolling-upgrade/1.2.1-1.3.0/result/robot-1.3.0-finalized-5.xml'
removed '/home/runner/work/ozone/ozone/hadoop-ozone/dist/target/ozone-1.3.0-SNAPSHOT/compose/upgrade/upgrades/non-rolling-upgrade/1.2.1-1.3.0/result/robot-1.3.0-finalized-6.xml'
removed '/home/runner/work/ozone/ozone/hadoop-ozone/dist/target/ozone-1.3.0-SNAPSHOT/compose/upgrade/upgrades/non-rolling-upgrade/1.2.1-1.3.0/result/robot-1.3.0-finalized-7.xml'
removed '/home/runner/work/ozone/ozone/hadoop-ozone/dist/target/ozone-1.3.0-SNAPSHOT/compose/upgrade/upgrades/non-rolling-upgrade/1.2.1-1.3.0/result/robot-1.3.0-finalized-8.xml'
removed '/home/runner/work/ozone/ozone/hadoop-ozone/dist/target/ozone-1.3.0-SNAPSHOT/compose/upgrade/upgrades/non-rolling-upgrade/1.2.1-1.3.0/result/robot-1.3.0-finalized-9.xml'
removed '/home/runner/work/ozone/ozone/hadoop-ozone/dist/target/ozone-1.3.0-SNAPSHOT/compose/upgrade/upgrades/non-rolling-upgrade/1.2.1-1.3.0/result/robot-1.3.0-finalized.xml'
removed '/home/runner/work/ozone/ozone/hadoop-ozone/dist/target/ozone-1.3.0-SNAPSHOT/compose/upgrade/upgrades/non-rolling-upgrade/1.2.1-1.3.0/result/robot-1.3.0-pre-finalized-1.xml'
removed '/home/runner/work/ozone/ozone/hadoop-ozone/dist/target/ozone-1.3.0-SNAPSHOT/compose/upgrade/upgrades/non-rolling-upgrade/1.2.1-1.3.0/result/robot-1.3.0-pre-finalized-10.xml'
removed '/home/runner/work/ozone/ozone/hadoop-ozone/dist/target/ozone-1.3.0-SNAPSHOT/compose/upgrade/upgrades/non-rolling-upgrade/1.2.1-1.3.0/result/robot-1.3.0-pre-finalized-11.xml'
removed '/home/runner/work/ozone/ozone/hadoop-ozone/dist/target/ozone-1.3.0-SNAPSHOT/compose/upgrade/upgrades/non-rolling-upgrade/1.2.1-1.3.0/result/robot-1.3.0-pre-finalized-2.xml'
removed '/home/runner/work/ozone/ozone/hadoop-ozone/dist/target/ozone-1.3.0-SNAPSHOT/compose/upgrade/upgrades/non-rolling-upgrade/1.2.1-1.3.0/result/robot-1.3.0-pre-finalized-3.xml'
removed '/home/runner/work/ozone/ozone/hadoop-ozone/dist/target/ozone-1.3.0-SNAPSHOT/compose/upgrade/upgrades/non-rolling-upgrade/1.2.1-1.3.0/result/robot-1.3.0-pre-finalized-4.xml'
removed '/home/runner/work/ozone/ozone/hadoop-ozone/dist/target/ozone-1.3.0-SNAPSHOT/compose/upgrade/upgrades/non-rolling-upgrade/1.2.1-1.3.0/result/robot-1.3.0-pre-finalized-5.xml'
removed '/home/runner/work/ozone/ozone/hadoop-ozone/dist/target/ozone-1.3.0-SNAPSHOT/compose/upgrade/upgrades/non-rolling-upgrade/1.2.1-1.3.0/result/robot-1.3.0-pre-finalized-6.xml'
removed '/home/runner/work/ozone/ozone/hadoop-ozone/dist/target/ozone-1.3.0-SNAPSHOT/compose/upgrade/upgrades/non-rolling-upgrade/1.2.1-1.3.0/result/robot-1.3.0-pre-finalized-7.xml'
removed '/home/runner/work/ozone/ozone/hadoop-ozone/dist/target/ozone-1.3.0-SNAPSHOT/compose/upgrade/upgrades/non-rolling-upgrade/1.2.1-1.3.0/result/robot-1.3.0-pre-finalized-8.xml'
removed '/home/runner/work/ozone/ozone/hadoop-ozone/dist/target/ozone-1.3.0-SNAPSHOT/compose/upgrade/upgrades/non-rolling-upgrade/1.2.1-1.3.0/result/robot-1.3.0-pre-finalized-9.xml'
removed '/home/runner/work/ozone/ozone/hadoop-ozone/dist/target/ozone-1.3.0-SNAPSHOT/compose/upgrade/upgrades/non-rolling-upgrade/1.2.1-1.3.0/result/robot-1.3.0-pre-finalized.xml'
removed '/home/runner/work/ozone/ozone/hadoop-ozone/dist/target/ozone-1.3.0-SNAPSHOT/compose/upgrade/upgrades/non-rolling-upgrade/1.2.1-1.3.0/result/log.html'
removed '/home/runner/work/ozone/ozone/hadoop-ozone/dist/target/ozone-1.3.0-SNAPSHOT/compose/upgrade/upgrades/non-rolling-upgrade/1.2.1-1.3.0/result/report.html'
renamed '/home/runner/work/ozone/ozone/hadoop-ozone/dist/target/ozone-1.3.0-SNAPSHOT/compose/upgrade/upgrades/non-rolling-upgrade/1.2.1-1.3.0/result/docker-1.2.1-downgraded.log' -> '/home/runner/work/ozone/ozone/hadoop-ozone/dist/target/ozone-1.3.0-SNAPSHOT/compose/upgrade/result/1.2.1-1.3.0/docker-1.2.1-downgraded.log'
renamed '/home/runner/work/ozone/ozone/hadoop-ozone/dist/target/ozone-1.3.0-SNAPSHOT/compose/upgrade/upgrades/non-rolling-upgrade/1.2.1-1.3.0/result/docker-1.2.1.log' -> '/home/runner/work/ozone/ozone/hadoop-ozone/dist/target/ozone-1.3.0-SNAPSHOT/compose/upgrade/result/1.2.1-1.3.0/docker-1.2.1.log'
renamed '/home/runner/work/ozone/ozone/hadoop-ozone/dist/target/ozone-1.3.0-SNAPSHOT/compose/upgrade/upgrades/non-rolling-upgrade/1.2.1-1.3.0/result/docker-1.3.0-finalized.log' -> '/home/runner/work/ozone/ozone/hadoop-ozone/dist/target/ozone-1.3.0-SNAPSHOT/compose/upgrade/result/1.2.1-1.3.0/docker-1.3.0-finalized.log'
renamed '/home/runner/work/ozone/ozone/hadoop-ozone/dist/target/ozone-1.3.0-SNAPSHOT/compose/upgrade/upgrades/non-rolling-upgrade/1.2.1-1.3.0/result/docker-1.3.0-pre-finalized.log' -> '/home/runner/work/ozone/ozone/hadoop-ozone/dist/target/ozone-1.3.0-SNAPSHOT/compose/upgrade/result/1.2.1-1.3.0/docker-1.3.0-pre-finalized.log'
Log:     /home/runner/work/ozone/ozone/hadoop-ozone/dist/target/ozone-1.3.0-SNAPSHOT/compose/upgrade/result/log.html
Report:  /home/runner/work/ozone/ozone/hadoop-ozone/dist/target/ozone-1.3.0-SNAPSHOT/compose/upgrade/result/report.html
Output:  /home/runner/work/ozone/ozone/hadoop-ozone/dist/target/ozone-1.3.0-SNAPSHOT/compose/result/upgrade.xml
removed 'upgrade/result/1.2.1-1.3.0.xml'
removed 'upgrade/result/log.html'
removed 'upgrade/result/report.html'
renamed 'upgrade/result/1.2.1-1.3.0' -> '/home/runner/work/ozone/ozone/hadoop-ozone/dist/target/ozone-1.3.0-SNAPSHOT/compose/result/upgrade/1.2.1-1.3.0'
Executing test in xcompat
Starting cluster with COMPOSE_FILE=new-cluster.yaml:clients.yaml
Removing network xcompat_default
Network xcompat_default not found.
Creating network "xcompat_default" with the default driver
Pulling old_client_1_1_0 (apache/ozone:1.1.0)...
1.1.0: Pulling from apache/ozone
Digest: sha256:6dd13dca7a08ad072b027d30187363bc3552c63947325e871cb51199fbaef172
Status: Downloaded newer image for apache/ozone:1.1.0
Pulling old_client_1_0_0 (apache/ozone:1.0.0)...
1.0.0: Pulling from apache/ozone
Digest: sha256:8d797cb22fc643a302e9bf34e81131ad5cab7256ae99813d3d8fff01263f26a9
Status: Downloaded newer image for apache/ozone:1.0.0
Creating xcompat_new_client_1 ... 
Creating xcompat_recon_1      ... 
Creating xcompat_old_client_1_2_1_1 ... 
Creating xcompat_om_1               ... 
Creating xcompat_scm_1              ... 
Creating xcompat_datanode_1         ... 
Creating xcompat_datanode_2         ... 
Creating xcompat_datanode_3         ... 
Creating xcompat_old_client_1_0_0_1 ... 
Creating xcompat_s3g_1              ... 
Creating xcompat_old_client_1_1_0_1 ... 
Creating xcompat_recon_1            ... done
Creating xcompat_old_client_1_2_1_1 ... done
Creating xcompat_om_1               ... done
Creating xcompat_scm_1              ... done
Creating xcompat_new_client_1       ... done
Creating xcompat_old_client_1_1_0_1 ... done
Creating xcompat_old_client_1_0_0_1 ... done
Creating xcompat_s3g_1              ... done
Creating xcompat_datanode_1         ... done
Creating xcompat_datanode_3         ... done
Creating xcompat_datanode_2         ... done
SECONDS: 46
com.google.protobuf.ServiceException: java.net.ConnectException: Call From 062b47d899a2/172.19.0.7 to scm:9860 failed on connection exception: java.net.ConnectException: Connection refused; For more details see: http://wiki.apache.org/hadoop/ConnectionRefused, while invoking $Proxy20.submitRequest over nodeId=scmNodeId,nodeAddress=scm/172.19.0.7:9860 after 1 failover attempts. Trying to failover after sleeping for 2000ms. com.google.protobuf.ServiceException: java.net.ConnectException: Call From 062b47d899a2/172.19.0.7 to scm:9860 failed on connection exception: java.net.ConnectException: Connection refused; For more details see: http://wiki.apache.org/hadoop/ConnectionRefused, while invoking $Proxy20.submitRequest over nodeId=scmNodeId,nodeAddress=scm/172.19.0.7:9860 after 2 failover attempts. Trying to failover after sleeping for 2000ms. com.google.protobuf.ServiceException: java.net.ConnectException: Call From 062b47d899a2/172.19.0.7 to scm:9860 failed on connection exception: java.net.ConnectException: Connection refused; For more details see: http://wiki.apache.org/hadoop/ConnectionRefused, while invoking $Proxy20.submitRequest over nodeId=scmNodeId,nodeAddress=scm/172.19.0.7:9860 after 3 failover attempts. Trying to failover after sleeping for 2000ms. com.google.protobuf.ServiceException: java.net.ConnectException: Call From 062b47d899a2/172.19.0.7 to scm:9860 failed on connection exception: java.net.ConnectException: Connection refused; For more details see: http://wiki.apache.org/hadoop/ConnectionRefused, while invoking $Proxy20.submitRequest over nodeId=scmNodeId,nodeAddress=scm/172.19.0.7:9860 after 4 failover attempts. Trying to failover after sleeping for 2000ms. com.google.protobuf.ServiceException: org.apache.hadoop.ipc.RemoteException(org.apache.hadoop.hdds.ratis.ServerNotLeaderException): Server:38d54d3b-61c7-41a3-aaf8-59f3d9f16984 is not the leader. Could not determine the leader node. at org.apache.hadoop.hdds.ratis.ServerNotLeaderException.convertToNotLeaderException(ServerNotLeaderException.java:109) at org.apache.hadoop.hdds.scm.ha.RatisUtil.checkRatisException(RatisUtil.java:246) at org.apache.hadoop.hdds.scm.protocol.StorageContainerLocationProtocolServerSideTranslatorPB.submitRequest(StorageContainerLocationProtocolServerSideTranslatorPB.java:193) at org.apache.hadoop.hdds.protocol.proto.StorageContainerLocationProtocolProtos$StorageContainerLocationProtocolService$2.callBlockingMethod(StorageContainerLocationProtocolProtos.java:62732) at org.apache.hadoop.ipc.ProtobufRpcEngine$Server.processCall(ProtobufRpcEngine.java:466) at org.apache.hadoop.ipc.ProtobufRpcEngine2$Server$ProtoBufRpcInvoker.call(ProtobufRpcEngine2.java:574) at org.apache.hadoop.ipc.ProtobufRpcEngine2$Server$ProtoBufRpcInvoker.call(ProtobufRpcEngine2.java:552) at org.apache.hadoop.ipc.RPC$Server.call(RPC.java:1093) at org.apache.hadoop.ipc.Server$RpcCall.run(Server.java:1035) at org.apache.hadoop.ipc.Server$RpcCall.run(Server.java:963) at java.base/java.security.AccessController.doPrivileged(Native Method) at java.base/javax.security.auth.Subject.doAs(Subject.java:423) at org.apache.hadoop.security.UserGroupInformation.doAs(UserGroupInformation.java:1878) at org.apache.hadoop.ipc.Server$Handler.run(Server.java:2966) , while invoking $Proxy20.submitRequest over nodeId=scmNodeId,nodeAddress=scm/172.19.0.7:9860 after 5 failover attempts. Trying to failover after sleeping for 2000ms. com.google.protobuf.ServiceException: org.apache.hadoop.ipc.RemoteException(org.apache.hadoop.hdds.ratis.ServerNotLeaderException): Server:38d54d3b-61c7-41a3-aaf8-59f3d9f16984 is not the leader. Could not determine the leader node. at org.apache.hadoop.hdds.ratis.ServerNotLeaderException.convertToNotLeaderException(ServerNotLeaderException.java:109) at org.apache.hadoop.hdds.scm.ha.RatisUtil.checkRatisException(RatisUtil.java:246) at org.apache.hadoop.hdds.scm.protocol.StorageContainerLocationProtocolServerSideTranslatorPB.submitRequest(StorageContainerLocationProtocolServerSideTranslatorPB.java:193) at org.apache.hadoop.hdds.protocol.proto.StorageContainerLocationProtocolProtos$StorageContainerLocationProtocolService$2.callBlockingMethod(StorageContainerLocationProtocolProtos.java:62732) at org.apache.hadoop.ipc.ProtobufRpcEngine$Server.processCall(ProtobufRpcEngine.java:466) at org.apache.hadoop.ipc.ProtobufRpcEngine2$Server$ProtoBufRpcInvoker.call(ProtobufRpcEngine2.java:574) at org.apache.hadoop.ipc.ProtobufRpcEngine2$Server$ProtoBufRpcInvoker.call(ProtobufRpcEngine2.java:552) at org.apache.hadoop.ipc.RPC$Server.call(RPC.java:1093) at org.apache.hadoop.ipc.Server$RpcCall.run(Server.java:1035) at org.apache.hadoop.ipc.Server$RpcCall.run(Server.java:963) at java.base/java.security.AccessController.doPrivileged(Native Method) at java.base/javax.security.auth.Subject.doAs(Subject.java:423) at org.apache.hadoop.security.UserGroupInformation.doAs(UserGroupInformation.java:1878) at org.apache.hadoop.ipc.Server$Handler.run(Server.java:2966) , while invoking $Proxy20.submitRequest over nodeId=scmNodeId,nodeAddress=scm/172.19.0.7:9860 after 6 failover attempts. Trying to failover after sleeping for 2000ms. SCM is in safe mode. validated:false, DataNodeSafeModeRule, registered datanodes (=0) >= required datanodes (=3) validated:false, HealthyPipelineSafeModeRule, healthy Ratis/THREE pipelines (=0) >= healthyPipelineThresholdCount (=1) validated:true, ContainerSafeModeRule, % of containers with at least one reported replica (=1.00) >= safeModeCutoff (=0.99) validated:true, AtleastOneDatanodeReportedRule, reported Ratis/THREE pipelines with at least one datanode (=0) >= threshold (=0)
SECONDS: 59
SCM is in safe mode. validated:true, DataNodeSafeModeRule, registered datanodes (=3) >= required datanodes (=3) validated:false, HealthyPipelineSafeModeRule, healthy Ratis/THREE pipelines (=0) >= healthyPipelineThresholdCount (=1) validated:true, ContainerSafeModeRule, % of containers with at least one reported replica (=1.00) >= safeModeCutoff (=0.99) validated:true, AtleastOneDatanodeReportedRule, reported Ratis/THREE pipelines with at least one datanode (=0) >= threshold (=0)
SECONDS: 65
SCM is out of safe mode.
Safe mode is off
No OM HA service, no need to wait
2022-09-27 14:24:46,140 [main] INFO impl.MetricsConfig: Loaded properties from hadoop-metrics2.properties
2022-09-27 14:24:46,286 [main] INFO impl.MetricsSystemImpl: Scheduled Metric snapshot period at 10 second(s).
2022-09-27 14:24:46,286 [main] INFO impl.MetricsSystemImpl: ozone-freon metrics system started
2022-09-27 14:24:46,467 [main] INFO freon.BaseFreonGenerator: Executing test with prefix warmup and number-of-tests 1
2022-09-27 14:24:46,530 [Thread-5] INFO freon.ProgressBar: Progress: 0.00 % (0 out of 1)
2022-09-27 14:24:47,533 [Thread-5] INFO freon.ProgressBar: Progress: 0.00 % (0 out of 1)
2022-09-27 14:24:48,397 [main] INFO rpc.RpcClient: Creating Volume: vol1, with hadoop as owner and space quota set to -1 bytes, counts quota set to -1
2022-09-27 14:24:48,525 [main] INFO rpc.RpcClient: Creating Bucket: vol1/bucket1, with server-side default bucket layout, hadoop as owner, Versioning false, Storage Type set to DISK and Encryption set to false 
2022-09-27 14:24:48,537 [Thread-5] INFO freon.ProgressBar: Progress: 0.00 % (0 out of 1)
2022-09-27 14:24:49,538 [Thread-5] INFO freon.ProgressBar: Progress: 0.00 % (0 out of 1)
2022-09-27 14:24:49,591 [pool-2-thread-1] WARN impl.MetricsSystemImpl: ozone-freon metrics system already initialized!
2022-09-27 14:24:49,925 [pool-2-thread-1] INFO metrics.MetricRegistries: Loaded MetricRegistries class org.apache.ratis.metrics.impl.MetricRegistriesImpl
2022-09-27 14:24:50,538 [Thread-5] INFO freon.ProgressBar: Progress: 0.00 % (0 out of 1)
2022-09-27 14:24:51,539 [Thread-5] INFO freon.ProgressBar: Progress: 0.00 % (0 out of 1)
2022-09-27 14:24:52,542 [Thread-5] INFO freon.ProgressBar: Progress: 100.00 % (1 out of 1)
2022-09-27 14:24:52,633 [shutdown-hook-0] INFO metrics: type=TIMER, name=key-create, count=1, min=3268.082606, max=3268.082606, mean=3268.082606, stddev=0.0, median=3268.082606, p75=3268.082606, p95=3268.082606, p98=3268.082606, p99=3268.082606, p999=3268.082606, mean_rate=0.2460141845220057, m1=0.0, m5=0.0, m15=0.0, rate_unit=events/second, duration_unit=milliseconds
2022-09-27 14:24:52,633 [shutdown-hook-0] INFO freon.BaseFreonGenerator: Total execution time (sec): 6
2022-09-27 14:24:52,643 [shutdown-hook-0] INFO freon.BaseFreonGenerator: Failures: 0
2022-09-27 14:24:52,643 [shutdown-hook-0] INFO freon.BaseFreonGenerator: Successful executions: 1
==============================================================================
xcompat-cluster-1.3.0-client-1.3.0-write :: Write Compatibility               
==============================================================================
Key Can Be Written                                                    | PASS |
------------------------------------------------------------------------------
Dir Can Be Created                                                    | PASS |
------------------------------------------------------------------------------
File Can Be Put                                                       | PASS |
------------------------------------------------------------------------------
xcompat-cluster-1.3.0-client-1.3.0-write :: Write Compatibility       | PASS |
3 tests, 3 passed, 0 failed
==============================================================================
Output:  /tmp/smoketest/xcompat/result/robot-xcompat-xcompat-write-new_client.xml
==============================================================================
xcompat-cluster-1.3.0-client-1.3.0-read-1.3.0 :: Read Compatibility           
==============================================================================
Key Can Be Read                                                       | PASS |
------------------------------------------------------------------------------
Dir Can Be Listed                                                     | PASS |
------------------------------------------------------------------------------
File Can Be Get                                                       | PASS |
------------------------------------------------------------------------------
xcompat-cluster-1.3.0-client-1.3.0-read-1.3.0 :: Read Compatibility   | PASS |
3 tests, 3 passed, 0 failed
==============================================================================
Output:  /tmp/smoketest/xcompat/result/robot-xcompat-xcompat-write-new_client-1.xml
==============================================================================
xcompat-cluster-1.3.0-client-1.0.0-write :: Write Compatibility               
==============================================================================
Key Can Be Written                                                    | PASS |
------------------------------------------------------------------------------
Dir Can Be Created                                                    | PASS |
------------------------------------------------------------------------------
File Can Be Put                                                       | PASS |
------------------------------------------------------------------------------
xcompat-cluster-1.3.0-client-1.0.0-write :: Write Compatibility       | PASS |
3 critical tests, 3 passed, 0 failed
3 tests total, 3 passed, 0 failed
==============================================================================
Output:  /tmp/smoketest/xcompat/result/robot-xcompat-xcompat-write-new_client-2.xml
==============================================================================
xcompat-cluster-1.3.0-client-1.0.0-read-1.0.0 :: Read Compatibility           
==============================================================================
Key Can Be Read                                                       | PASS |
------------------------------------------------------------------------------
Dir Can Be Listed                                                     | PASS |
------------------------------------------------------------------------------
File Can Be Get                                                       | PASS |
------------------------------------------------------------------------------
xcompat-cluster-1.3.0-client-1.0.0-read-1.0.0 :: Read Compatibility   | PASS |
3 critical tests, 3 passed, 0 failed
3 tests total, 3 passed, 0 failed
==============================================================================
Output:  /tmp/smoketest/xcompat/result/robot-xcompat-xcompat-write-new_client-3.xml
==============================================================================
xcompat-cluster-1.3.0-client-1.0.0-read-1.3.0 :: Read Compatibility           
==============================================================================
Key Can Be Read                                                       | PASS |
------------------------------------------------------------------------------
Dir Can Be Listed                                                     | PASS |
------------------------------------------------------------------------------
File Can Be Get                                                       | PASS |
------------------------------------------------------------------------------
xcompat-cluster-1.3.0-client-1.0.0-read-1.3.0 :: Read Compatibility   | PASS |
3 critical tests, 3 passed, 0 failed
3 tests total, 3 passed, 0 failed
==============================================================================
Output:  /tmp/smoketest/xcompat/result/robot-xcompat-xcompat-write-new_client-4.xml
==============================================================================
xcompat-cluster-1.3.0-client-1.3.0-read-1.0.0 :: Read Compatibility           
==============================================================================
Key Can Be Read                                                       | PASS |
------------------------------------------------------------------------------
Dir Can Be Listed                                                     | PASS |
------------------------------------------------------------------------------
File Can Be Get                                                       | PASS |
------------------------------------------------------------------------------
xcompat-cluster-1.3.0-client-1.3.0-read-1.0.0 :: Read Compatibility   | PASS |
3 tests, 3 passed, 0 failed
==============================================================================
Output:  /tmp/smoketest/xcompat/result/robot-xcompat-xcompat-write-new_client-5.xml
==============================================================================
xcompat-cluster-1.3.0-client-1.1.0-write :: Write Compatibility               
==============================================================================
Key Can Be Written                                                    | PASS |
------------------------------------------------------------------------------
Dir Can Be Created                                                    | PASS |
------------------------------------------------------------------------------
File Can Be Put                                                       | PASS |
------------------------------------------------------------------------------
xcompat-cluster-1.3.0-client-1.1.0-write :: Write Compatibility       | PASS |
3 tests, 3 passed, 0 failed
==============================================================================
Output:  /tmp/smoketest/xcompat/result/robot-xcompat-xcompat-write-new_client-6.xml
==============================================================================
xcompat-cluster-1.3.0-client-1.1.0-read-1.1.0 :: Read Compatibility           
==============================================================================
Key Can Be Read                                                       | PASS |
------------------------------------------------------------------------------
Dir Can Be Listed                                                     | PASS |
------------------------------------------------------------------------------
File Can Be Get                                                       | PASS |
------------------------------------------------------------------------------
xcompat-cluster-1.3.0-client-1.1.0-read-1.1.0 :: Read Compatibility   | PASS |
3 tests, 3 passed, 0 failed
==============================================================================
Output:  /tmp/smoketest/xcompat/result/robot-xcompat-xcompat-write-new_client-7.xml
==============================================================================
xcompat-cluster-1.3.0-client-1.1.0-read-1.3.0 :: Read Compatibility           
==============================================================================
Key Can Be Read                                                       | PASS |
------------------------------------------------------------------------------
Dir Can Be Listed                                                     | PASS |
------------------------------------------------------------------------------
File Can Be Get                                                       | PASS |
------------------------------------------------------------------------------
xcompat-cluster-1.3.0-client-1.1.0-read-1.3.0 :: Read Compatibility   | PASS |
3 tests, 3 passed, 0 failed
==============================================================================
Output:  /tmp/smoketest/xcompat/result/robot-xcompat-xcompat-write-new_client-8.xml
==============================================================================
xcompat-cluster-1.3.0-client-1.3.0-read-1.1.0 :: Read Compatibility           
==============================================================================
Key Can Be Read                                                       | PASS |
------------------------------------------------------------------------------
Dir Can Be Listed                                                     | PASS |
------------------------------------------------------------------------------
File Can Be Get                                                       | PASS |
------------------------------------------------------------------------------
xcompat-cluster-1.3.0-client-1.3.0-read-1.1.0 :: Read Compatibility   | PASS |
3 tests, 3 passed, 0 failed
==============================================================================
Output:  /tmp/smoketest/xcompat/result/robot-xcompat-xcompat-write-new_client-9.xml
==============================================================================
xcompat-cluster-1.3.0-client-1.2.1-write :: Write Compatibility               
==============================================================================
Key Can Be Written                                                    | PASS |
------------------------------------------------------------------------------
Dir Can Be Created                                                    | PASS |
------------------------------------------------------------------------------
File Can Be Put                                                       | PASS |
------------------------------------------------------------------------------
xcompat-cluster-1.3.0-client-1.2.1-write :: Write Compatibility       | PASS |
3 tests, 3 passed, 0 failed
==============================================================================
Output:  /tmp/smoketest/xcompat/result/robot-xcompat-xcompat-write-new_client-10.xml
==============================================================================
xcompat-cluster-1.3.0-client-1.2.1-read-1.2.1 :: Read Compatibility           
==============================================================================
Key Can Be Read                                                       | PASS |
------------------------------------------------------------------------------
Dir Can Be Listed                                                     | PASS |
------------------------------------------------------------------------------
File Can Be Get                                                       | PASS |
------------------------------------------------------------------------------
xcompat-cluster-1.3.0-client-1.2.1-read-1.2.1 :: Read Compatibility   | PASS |
3 tests, 3 passed, 0 failed
==============================================================================
Output:  /tmp/smoketest/xcompat/result/robot-xcompat-xcompat-write-new_client-11.xml
==============================================================================
xcompat-cluster-1.3.0-client-1.2.1-read-1.3.0 :: Read Compatibility           
==============================================================================
Key Can Be Read                                                       | PASS |
------------------------------------------------------------------------------
Dir Can Be Listed                                                     | PASS |
------------------------------------------------------------------------------
File Can Be Get                                                       | PASS |
------------------------------------------------------------------------------
xcompat-cluster-1.3.0-client-1.2.1-read-1.3.0 :: Read Compatibility   | PASS |
3 tests, 3 passed, 0 failed
==============================================================================
Output:  /tmp/smoketest/xcompat/result/robot-xcompat-xcompat-write-new_client-12.xml
==============================================================================
xcompat-cluster-1.3.0-client-1.3.0-read-1.2.1 :: Read Compatibility           
==============================================================================
Key Can Be Read                                                       | PASS |
------------------------------------------------------------------------------
Dir Can Be Listed                                                     | PASS |
------------------------------------------------------------------------------
File Can Be Get                                                       | PASS |
------------------------------------------------------------------------------
xcompat-cluster-1.3.0-client-1.3.0-read-1.2.1 :: Read Compatibility   | PASS |
3 tests, 3 passed, 0 failed
==============================================================================
Output:  /tmp/smoketest/xcompat/result/robot-xcompat-xcompat-write-new_client-13.xml
Stopping xcompat_old_client_1_1_0_1 ... 
Stopping xcompat_datanode_1         ... 
Stopping xcompat_datanode_2         ... 
Stopping xcompat_s3g_1              ... 
Stopping xcompat_datanode_3         ... 
Stopping xcompat_scm_1              ... 
Stopping xcompat_old_client_1_0_0_1 ... 
Stopping xcompat_om_1               ... 
Stopping xcompat_new_client_1       ... 
Stopping xcompat_recon_1            ... 
Stopping xcompat_old_client_1_2_1_1 ... 
Stopping xcompat_new_client_1       ... done
Stopping xcompat_old_client_1_1_0_1 ... done
Stopping xcompat_old_client_1_2_1_1 ... done
Stopping xcompat_old_client_1_0_0_1 ... done
Stopping xcompat_s3g_1              ... done
Stopping xcompat_om_1               ... done
Stopping xcompat_recon_1            ... done
Stopping xcompat_scm_1              ... done
Stopping xcompat_datanode_1         ... done
Stopping xcompat_datanode_3         ... done
Stopping xcompat_datanode_2         ... done
Removing xcompat_old_client_1_1_0_1 ... 
Removing xcompat_datanode_1         ... 
Removing xcompat_datanode_2         ... 
Removing xcompat_s3g_1              ... 
Removing xcompat_datanode_3         ... 
Removing xcompat_scm_1              ... 
Removing xcompat_old_client_1_0_0_1 ... 
Removing xcompat_om_1               ... 
Removing xcompat_new_client_1       ... 
Removing xcompat_recon_1            ... 
Removing xcompat_old_client_1_2_1_1 ... 
Removing xcompat_scm_1              ... done
Removing xcompat_old_client_1_2_1_1 ... done
Removing xcompat_new_client_1       ... done
Removing xcompat_old_client_1_1_0_1 ... done
Removing xcompat_om_1               ... done
Removing xcompat_datanode_1         ... done
Removing xcompat_s3g_1              ... done
Removing xcompat_old_client_1_0_0_1 ... done
Removing xcompat_datanode_3         ... done
Removing xcompat_recon_1            ... done
Removing xcompat_datanode_2         ... done
Removing network xcompat_default
error while removing network: network xcompat_default id 8a962ba8f2547bbb05af166a1c5cf699fc022a58a13b6ae57a04f13aea2cbd76 has active endpoints
ERROR: Test execution of xcompat is FAILED!!!!
Output:  /home/runner/work/ozone/ozone/hadoop-ozone/dist/target/ozone-1.3.0-SNAPSHOT/compose/result/xcompat.xml
removed 'xcompat/result/robot-xcompat-xcompat-write-new_client-1.xml'
removed 'xcompat/result/robot-xcompat-xcompat-write-new_client-10.xml'
removed 'xcompat/result/robot-xcompat-xcompat-write-new_client-11.xml'
removed 'xcompat/result/robot-xcompat-xcompat-write-new_client-12.xml'
removed 'xcompat/result/robot-xcompat-xcompat-write-new_client-13.xml'
removed 'xcompat/result/robot-xcompat-xcompat-write-new_client-2.xml'
removed 'xcompat/result/robot-xcompat-xcompat-write-new_client-3.xml'
removed 'xcompat/result/robot-xcompat-xcompat-write-new_client-4.xml'
removed 'xcompat/result/robot-xcompat-xcompat-write-new_client-5.xml'
removed 'xcompat/result/robot-xcompat-xcompat-write-new_client-6.xml'
removed 'xcompat/result/robot-xcompat-xcompat-write-new_client-7.xml'
removed 'xcompat/result/robot-xcompat-xcompat-write-new_client-8.xml'
removed 'xcompat/result/robot-xcompat-xcompat-write-new_client-9.xml'
removed 'xcompat/result/robot-xcompat-xcompat-write-new_client.xml'
renamed 'xcompat/result/dn-audit-04e803a85d7e.log' -> '/home/runner/work/ozone/ozone/hadoop-ozone/dist/target/ozone-1.3.0-SNAPSHOT/compose/result/xcompat/dn-audit-04e803a85d7e.log'
renamed 'xcompat/result/dn-audit-1290b1582c1e.log' -> '/home/runner/work/ozone/ozone/hadoop-ozone/dist/target/ozone-1.3.0-SNAPSHOT/compose/result/xcompat/dn-audit-1290b1582c1e.log'
renamed 'xcompat/result/dn-audit-cacf4874db27.log' -> '/home/runner/work/ozone/ozone/hadoop-ozone/dist/target/ozone-1.3.0-SNAPSHOT/compose/result/xcompat/dn-audit-cacf4874db27.log'
renamed 'xcompat/result/docker-xcompat-xcompat-write-new_client.log' -> '/home/runner/work/ozone/ozone/hadoop-ozone/dist/target/ozone-1.3.0-SNAPSHOT/compose/result/xcompat/docker-xcompat-xcompat-write-new_client.log'
renamed 'xcompat/result/om-audit-53284547bc67.log' -> '/home/runner/work/ozone/ozone/hadoop-ozone/dist/target/ozone-1.3.0-SNAPSHOT/compose/result/xcompat/om-audit-53284547bc67.log'
renamed 'xcompat/result/s3g-audit-191668dc1720.log' -> '/home/runner/work/ozone/ozone/hadoop-ozone/dist/target/ozone-1.3.0-SNAPSHOT/compose/result/xcompat/s3g-audit-191668dc1720.log'
renamed 'xcompat/result/scm-audit-062b47d899a2.log' -> '/home/runner/work/ozone/ozone/hadoop-ozone/dist/target/ozone-1.3.0-SNAPSHOT/compose/result/xcompat/scm-audit-062b47d899a2.log'
Exception in thread "main" Log:     /home/runner/work/ozone/ozone/hadoop-ozone/dist/target/ozone-1.3.0-SNAPSHOT/compose/result/log.html
Report:  /home/runner/work/ozone/ozone/hadoop-ozone/dist/target/ozone-1.3.0-SNAPSHOT/compose/result/report.html
