rm: cannot remove '/home/runner/work/ozone/ozone/hadoop-ozone/dist/target/ozone-2.2.0-SNAPSHOT/kubernetes/examples/result/*': No such file or directory

#### Executing tests of getting-started #####


**** Modifying Kubernetes resources file for test ****

   (mounting current Ozone directory to the containers, scheduling containers to one node, ...)

WARNING: this test can be executed only with local Kubernetes cluster
   (source dir should be available from K8s nodes)


**** Deleting existing k8s resources ****

No resources found
No resources found
No resources found
service "kubernetes" deleted from default namespace
configmap "kube-root-ca.crt" deleted from default namespace
No resources found
No resources found
No resources found

**** Applying k8s resources from getting-started ****

configmap/config created
service/datanode created
service/datanode-public created
service/httpfs created
service/httpfs-public created
service/om created
service/om-public created
service/recon created
service/recon-public created
service/s3g created
service/s3g-public created
service/scm created
service/scm-public created
statefulset.apps/datanode created
statefulset.apps/httpfs created
statefulset.apps/om created
statefulset.apps/recon created
statefulset.apps/s3g created
statefulset.apps/scm created

**** Waiting until the k8s cluster is running ****

No resources found in default namespace.
0 pods are running. Waiting for more.
1 'all_pods_are_running' is failed...
No resources found in default namespace.
0 pods are running. Waiting for more.
2 'all_pods_are_running' is failed...
No resources found in default namespace.
0 pods are running. Waiting for more.
3 'all_pods_are_running' is failed...
No resources found in default namespace.
0 pods are running. Waiting for more.
4 'all_pods_are_running' is failed...
7 / 8 pods are running
5 'all_pods_are_running' is failed...
7 / 8 pods are running
6 'all_pods_are_running' is failed...
7 / 8 pods are running
7 'all_pods_are_running' is failed...
7 / 8 pods are running
8 'all_pods_are_running' is failed...
7 / 8 pods are running
9 'all_pods_are_running' is failed...
7 / 8 pods are running
10 'all_pods_are_running' is failed...
Defaulted container "scm" out of: scm, init (init)
1 'grep_log scm-0 SCM exiting safe mode.' is failed...
Defaulted container "scm" out of: scm, init (init)
2 'grep_log scm-0 SCM exiting safe mode.' is failed...
Defaulted container "scm" out of: scm, init (init)
3 'grep_log scm-0 SCM exiting safe mode.' is failed...
Defaulted container "scm" out of: scm, init (init)
4 'grep_log scm-0 SCM exiting safe mode.' is failed...
Defaulted container "scm" out of: scm, init (init)
5 'grep_log scm-0 SCM exiting safe mode.' is failed...
Defaulted container "scm" out of: scm, init (init)
6 'grep_log scm-0 SCM exiting safe mode.' is failed...
Defaulted container "scm" out of: scm, init (init)
7 'grep_log scm-0 SCM exiting safe mode.' is failed...
Defaulted container "scm" out of: scm, init (init)
8 'grep_log scm-0 SCM exiting safe mode.' is failed...
Defaulted container "scm" out of: scm, init (init)
2026-03-27 08:48:44 INFO  SCMSafeModeManager:178 - SCM exiting safe mode.
2026-03-27 08:48:40 INFO  BaseHttpServer:362 - HTTP server of ozoneManager listening at http://om-0:9874

**** Cluster is up and running ****


**** Executing robot tests scm-0 ****

Defaulted container "scm" out of: scm, init (init)
Unable to use a TTY - input is not a terminal or the right kind of file
Defaulted container "scm" out of: scm, init (init)
Unable to use a TTY - input is not a terminal or the right kind of file
Defaulted container "scm" out of: scm, init (init)
Unable to use a TTY - input is not a terminal or the right kind of file
==============================================================================
Basic :: Smoketest ozone cluster startup                                      
==============================================================================
Check webui static resources                                          | PASS |
------------------------------------------------------------------------------
Basic Freon smoketest                                                 | PASS |
------------------------------------------------------------------------------
Basic :: Smoketest ozone cluster startup                              | PASS |
2 tests, 2 passed, 0 failed
==============================================================================
Output:  /tmp/report/output.xml
Log:     /tmp/report/log.html
Report:  /tmp/report/report.html
Defaulted container "scm" out of: scm, init (init)
tar: Removing leading `/' from member names
Unable to find image 'ghcr.io/apache/ozone-runner:20260206-2-jdk21' locally
20260206-2-jdk21: Pulling from apache/ozone-runner
812c44127102: Pulling fs layer
9fef525a557b: Pulling fs layer
8cb4666db3fa: Pulling fs layer
eb9ace74d983: Pulling fs layer
fd4d3e29e03f: Pulling fs layer
86bdd5d1ee0d: Pulling fs layer
0b1776d1bad8: Pulling fs layer
d61fc6d52c1c: Pulling fs layer
67ad88712dc5: Pulling fs layer
b0195251c02a: Pulling fs layer
f2aa336acfb4: Pulling fs layer
84af70345197: Pulling fs layer
ee9fd37e2802: Pulling fs layer
b6d07093c40b: Pulling fs layer
cdc0b800c2c2: Pulling fs layer
887544cb5884: Pulling fs layer
5cf7b654528a: Pulling fs layer
42dc87ad0ff0: Pulling fs layer
5c9c15c67d20: Pulling fs layer
b334aa99268e: Pulling fs layer
0923bee1ce83: Pulling fs layer
2481f224b71e: Pulling fs layer
4f4fb700ef54: Pulling fs layer
ee9fd37e2802: Waiting
b6d07093c40b: Waiting
cdc0b800c2c2: Waiting
887544cb5884: Waiting
5cf7b654528a: Waiting
42dc87ad0ff0: Waiting
5c9c15c67d20: Waiting
b334aa99268e: Waiting
0923bee1ce83: Waiting
4f4fb700ef54: Waiting
eb9ace74d983: Waiting
d61fc6d52c1c: Waiting
67ad88712dc5: Waiting
b0195251c02a: Waiting
fd4d3e29e03f: Waiting
f2aa336acfb4: Waiting
86bdd5d1ee0d: Waiting
84af70345197: Waiting
0b1776d1bad8: Waiting
2481f224b71e: Waiting
8cb4666db3fa: Verifying Checksum
8cb4666db3fa: Download complete
eb9ace74d983: Download complete
9fef525a557b: Verifying Checksum
9fef525a557b: Download complete
812c44127102: Verifying Checksum
812c44127102: Download complete
86bdd5d1ee0d: Verifying Checksum
86bdd5d1ee0d: Download complete
d61fc6d52c1c: Verifying Checksum
d61fc6d52c1c: Download complete
fd4d3e29e03f: Verifying Checksum
fd4d3e29e03f: Download complete
67ad88712dc5: Verifying Checksum
67ad88712dc5: Download complete
b0195251c02a: Verifying Checksum
b0195251c02a: Download complete
0b1776d1bad8: Verifying Checksum
0b1776d1bad8: Download complete
f2aa336acfb4: Verifying Checksum
f2aa336acfb4: Download complete
ee9fd37e2802: Verifying Checksum
ee9fd37e2802: Download complete
b6d07093c40b: Download complete
cdc0b800c2c2: Download complete
887544cb5884: Verifying Checksum
887544cb5884: Download complete
5cf7b654528a: Download complete
42dc87ad0ff0: Verifying Checksum
42dc87ad0ff0: Download complete
5c9c15c67d20: Download complete
b334aa99268e: Verifying Checksum
b334aa99268e: Download complete
0923bee1ce83: Verifying Checksum
0923bee1ce83: Download complete
2481f224b71e: Download complete
4f4fb700ef54: Verifying Checksum
4f4fb700ef54: Download complete
84af70345197: Verifying Checksum
84af70345197: Download complete
812c44127102: Pull complete
9fef525a557b: Pull complete
8cb4666db3fa: Pull complete
eb9ace74d983: Pull complete
fd4d3e29e03f: Pull complete
86bdd5d1ee0d: Pull complete
0b1776d1bad8: Pull complete
d61fc6d52c1c: Pull complete
67ad88712dc5: Pull complete
b0195251c02a: Pull complete
f2aa336acfb4: Pull complete
84af70345197: Pull complete
ee9fd37e2802: Pull complete
b6d07093c40b: Pull complete
cdc0b800c2c2: Pull complete
887544cb5884: Pull complete
5cf7b654528a: Pull complete
42dc87ad0ff0: Pull complete
5c9c15c67d20: Pull complete
b334aa99268e: Pull complete
0923bee1ce83: Pull complete
2481f224b71e: Pull complete
4f4fb700ef54: Pull complete
Digest: sha256:918d04566c28782123209962b8b90fcb977b1349228c7d196d4c00d441e810af
Status: Downloaded newer image for ghcr.io/apache/ozone-runner:20260206-2-jdk21
To use Ozone please mount ozone folder to /opt/hadoop
Output:  /rebot-output/output.xml
Log:     /rebot-output/log.html
Report:  /rebot-output/report.html
renamed '/home/runner/work/ozone/ozone/hadoop-ozone/dist/target/ozone-2.2.0-SNAPSHOT/kubernetes/examples/getting-started/result/rebot-tl3gMc/log.html' -> '/home/runner/work/ozone/ozone/hadoop-ozone/dist/target/ozone-2.2.0-SNAPSHOT/kubernetes/examples/getting-started/result/log.html'
renamed '/home/runner/work/ozone/ozone/hadoop-ozone/dist/target/ozone-2.2.0-SNAPSHOT/kubernetes/examples/getting-started/result/rebot-tl3gMc/output.xml' -> '/home/runner/work/ozone/ozone/hadoop-ozone/dist/target/ozone-2.2.0-SNAPSHOT/kubernetes/examples/getting-started/result/output.xml'
renamed '/home/runner/work/ozone/ozone/hadoop-ozone/dist/target/ozone-2.2.0-SNAPSHOT/kubernetes/examples/getting-started/result/rebot-tl3gMc/report.html' -> '/home/runner/work/ozone/ozone/hadoop-ozone/dist/target/ozone-2.2.0-SNAPSHOT/kubernetes/examples/getting-started/result/report.html'

**** Collecting container logs ****

Defaulted container "scm" out of: scm, init (init)

**** Deleting k8s resources ****

configmap "config" deleted from default namespace
service "datanode" deleted from default namespace
service "datanode-public" deleted from default namespace
service "httpfs" deleted from default namespace
service "httpfs-public" deleted from default namespace
service "om" deleted from default namespace
service "om-public" deleted from default namespace
service "recon" deleted from default namespace
service "recon-public" deleted from default namespace
service "s3g" deleted from default namespace
service "s3g-public" deleted from default namespace
service "scm" deleted from default namespace
service "scm-public" deleted from default namespace
statefulset.apps "datanode" deleted from default namespace
statefulset.apps "httpfs" deleted from default namespace
statefulset.apps "om" deleted from default namespace
statefulset.apps "recon" deleted from default namespace
statefulset.apps "s3g" deleted from default namespace
statefulset.apps "scm" deleted from default namespace

**** Regenerating original Kubernetes resource files ****


#### Executing tests of minikube #####


**** Modifying Kubernetes resources file for test ****

   (mounting current Ozone directory to the containers, scheduling containers to one node, ...)

WARNING: this test can be executed only with local Kubernetes cluster
   (source dir should be available from K8s nodes)


**** Deleting existing k8s resources ****

No resources found
No resources found
No resources found
service "kubernetes" deleted from default namespace
configmap "kube-root-ca.crt" deleted from default namespace
pod "datanode-0" deleted from default namespace
pod "datanode-1" deleted from default namespace
pod "datanode-2" deleted from default namespace
pod "om-0" deleted from default namespace
pod "recon-0" deleted from default namespace
pod "scm-0" deleted from default namespace
No resources found
No resources found

**** Applying k8s resources from minikube ****

configmap/config created
service/datanode created
service/datanode-public created
service/httpfs created
service/httpfs-public created
service/om created
service/om-public created
service/recon created
service/recon-public created
service/s3g created
service/s3g-public created
service/scm created
service/scm-public created
statefulset.apps/datanode created
statefulset.apps/httpfs created
statefulset.apps/om created
statefulset.apps/recon created
statefulset.apps/s3g created
statefulset.apps/scm created

**** Waiting until the k8s cluster is running ****

No resources found in default namespace.
0 pods are running. Waiting for more.
1 'all_pods_are_running' is failed...
6 / 8 pods are running
2 'all_pods_are_running' is failed...
7 / 8 pods are running
3 'all_pods_are_running' is failed...
7 / 8 pods are running
4 'all_pods_are_running' is failed...
7 / 8 pods are running
5 'all_pods_are_running' is failed...
7 / 8 pods are running
6 'all_pods_are_running' is failed...
7 / 8 pods are running
7 'all_pods_are_running' is failed...
Defaulted container "scm" out of: scm, init (init)
1 'grep_log scm-0 SCM exiting safe mode.' is failed...
Defaulted container "scm" out of: scm, init (init)
2 'grep_log scm-0 SCM exiting safe mode.' is failed...
Defaulted container "scm" out of: scm, init (init)
3 'grep_log scm-0 SCM exiting safe mode.' is failed...
Defaulted container "scm" out of: scm, init (init)
4 'grep_log scm-0 SCM exiting safe mode.' is failed...
Defaulted container "scm" out of: scm, init (init)
5 'grep_log scm-0 SCM exiting safe mode.' is failed...
Defaulted container "scm" out of: scm, init (init)
6 'grep_log scm-0 SCM exiting safe mode.' is failed...
Defaulted container "scm" out of: scm, init (init)
7 'grep_log scm-0 SCM exiting safe mode.' is failed...
Defaulted container "scm" out of: scm, init (init)
8 'grep_log scm-0 SCM exiting safe mode.' is failed...
Defaulted container "scm" out of: scm, init (init)
9 'grep_log scm-0 SCM exiting safe mode.' is failed...
Defaulted container "scm" out of: scm, init (init)
2026-03-27 08:50:33 INFO  SCMSafeModeManager:178 - SCM exiting safe mode.
2026-03-27 08:50:29 INFO  BaseHttpServer:362 - HTTP server of ozoneManager listening at http://om-0:9874

**** Cluster is up and running ****


**** Executing robot tests scm-0 ****

Defaulted container "scm" out of: scm, init (init)
Unable to use a TTY - input is not a terminal or the right kind of file
Defaulted container "scm" out of: scm, init (init)
Unable to use a TTY - input is not a terminal or the right kind of file
Defaulted container "scm" out of: scm, init (init)
Unable to use a TTY - input is not a terminal or the right kind of file
==============================================================================
Basic :: Smoketest ozone cluster startup                                      
==============================================================================
Check webui static resources                                          | PASS |
------------------------------------------------------------------------------
Basic Freon smoketest                                                 | PASS |
------------------------------------------------------------------------------
Basic :: Smoketest ozone cluster startup                              | PASS |
2 tests, 2 passed, 0 failed
==============================================================================
Output:  /tmp/report/output.xml
Log:     /tmp/report/log.html
Report:  /tmp/report/report.html
Defaulted container "scm" out of: scm, init (init)
tar: Removing leading `/' from member names
To use Ozone please mount ozone folder to /opt/hadoop
Output:  /rebot-output/output.xml
Log:     /rebot-output/log.html
Report:  /rebot-output/report.html
renamed '/home/runner/work/ozone/ozone/hadoop-ozone/dist/target/ozone-2.2.0-SNAPSHOT/kubernetes/examples/minikube/result/rebot-bqRckN/log.html' -> '/home/runner/work/ozone/ozone/hadoop-ozone/dist/target/ozone-2.2.0-SNAPSHOT/kubernetes/examples/minikube/result/log.html'
renamed '/home/runner/work/ozone/ozone/hadoop-ozone/dist/target/ozone-2.2.0-SNAPSHOT/kubernetes/examples/minikube/result/rebot-bqRckN/output.xml' -> '/home/runner/work/ozone/ozone/hadoop-ozone/dist/target/ozone-2.2.0-SNAPSHOT/kubernetes/examples/minikube/result/output.xml'
renamed '/home/runner/work/ozone/ozone/hadoop-ozone/dist/target/ozone-2.2.0-SNAPSHOT/kubernetes/examples/minikube/result/rebot-bqRckN/report.html' -> '/home/runner/work/ozone/ozone/hadoop-ozone/dist/target/ozone-2.2.0-SNAPSHOT/kubernetes/examples/minikube/result/report.html'

**** Collecting container logs ****

Defaulted container "scm" out of: scm, init (init)

**** Deleting k8s resources ****

configmap "config" deleted from default namespace
service "datanode" deleted from default namespace
service "datanode-public" deleted from default namespace
service "httpfs" deleted from default namespace
service "httpfs-public" deleted from default namespace
service "om" deleted from default namespace
service "om-public" deleted from default namespace
service "recon" deleted from default namespace
service "recon-public" deleted from default namespace
service "s3g" deleted from default namespace
service "s3g-public" deleted from default namespace
service "scm" deleted from default namespace
service "scm-public" deleted from default namespace
statefulset.apps "datanode" deleted from default namespace
statefulset.apps "httpfs" deleted from default namespace
statefulset.apps "om" deleted from default namespace
statefulset.apps "recon" deleted from default namespace
statefulset.apps "s3g" deleted from default namespace
statefulset.apps "scm" deleted from default namespace

**** Regenerating original Kubernetes resource files ****


#### Executing tests of ozone-dev #####


**** Modifying Kubernetes resources file for test ****

   (mounting current Ozone directory to the containers, scheduling containers to one node, ...)

WARNING: this test can be executed only with local Kubernetes cluster
   (source dir should be available from K8s nodes)


**** Deleting existing k8s resources ****

No resources found
No resources found
No resources found
service "kubernetes" deleted from default namespace
configmap "kube-root-ca.crt" deleted from default namespace
pod "datanode-0" deleted from default namespace
pod "datanode-1" deleted from default namespace
pod "datanode-2" deleted from default namespace
pod "om-0" deleted from default namespace
pod "scm-0" deleted from default namespace
No resources found
No resources found

**** Applying k8s resources from ozone-dev ****

serviceaccount/prometheus-operator created
clusterrole.rbac.authorization.k8s.io/prometheus-default created
clusterrolebinding.rbac.authorization.k8s.io/prometheus-operator-default created
configmap/config created
configmap/prometheusconf created
service/datanode created
service/datanode-public created
service/httpfs created
service/httpfs-public created
service/jaeger created
service/jaeger-public created
service/om created
service/om-public created
service/prometheus created
service/recon created
service/recon-public created
service/s3g created
service/s3g-public created
service/scm created
service/scm-public created
deployment.apps/prometheus created
statefulset.apps/datanode created
statefulset.apps/httpfs created
statefulset.apps/jaeger created
statefulset.apps/om created
statefulset.apps/recon created
statefulset.apps/s3g created
statefulset.apps/scm created

**** Waiting until the k8s cluster is running ****

No resources found in default namespace.
0 pods are running. Waiting for more.
1 'all_pods_are_running' is failed...
8 / 10 pods are running
2 'all_pods_are_running' is failed...
9 / 10 pods are running
3 'all_pods_are_running' is failed...
9 / 10 pods are running
4 'all_pods_are_running' is failed...
9 / 10 pods are running
5 'all_pods_are_running' is failed...
9 / 10 pods are running
6 'all_pods_are_running' is failed...
9 / 10 pods are running
7 'all_pods_are_running' is failed...
9 / 10 pods are running
8 'all_pods_are_running' is failed...
Defaulted container "scm" out of: scm, init (init)
1 'grep_log scm-0 SCM exiting safe mode.' is failed...
Defaulted container "scm" out of: scm, init (init)
2 'grep_log scm-0 SCM exiting safe mode.' is failed...
Defaulted container "scm" out of: scm, init (init)
3 'grep_log scm-0 SCM exiting safe mode.' is failed...
Defaulted container "scm" out of: scm, init (init)
4 'grep_log scm-0 SCM exiting safe mode.' is failed...
Defaulted container "scm" out of: scm, init (init)
5 'grep_log scm-0 SCM exiting safe mode.' is failed...
Defaulted container "scm" out of: scm, init (init)
6 'grep_log scm-0 SCM exiting safe mode.' is failed...
Defaulted container "scm" out of: scm, init (init)
7 'grep_log scm-0 SCM exiting safe mode.' is failed...
Defaulted container "scm" out of: scm, init (init)
2026-03-27 08:51:42 INFO  SCMSafeModeManager:178 - SCM exiting safe mode.
2026-03-27 08:51:35 INFO  BaseHttpServer:362 - HTTP server of ozoneManager listening at http://om-0:9874

**** Cluster is up and running ****


**** Executing robot tests scm-0 ****

Defaulted container "scm" out of: scm, init (init)
Unable to use a TTY - input is not a terminal or the right kind of file
Defaulted container "scm" out of: scm, init (init)
Unable to use a TTY - input is not a terminal or the right kind of file
Defaulted container "scm" out of: scm, init (init)
Unable to use a TTY - input is not a terminal or the right kind of file
==============================================================================
Basic :: Smoketest ozone cluster startup                                      
==============================================================================
Check webui static resources                                          | PASS |
------------------------------------------------------------------------------
Basic Freon smoketest                                                 | PASS |
------------------------------------------------------------------------------
Basic :: Smoketest ozone cluster startup                              | PASS |
2 tests, 2 passed, 0 failed
==============================================================================
Output:  /tmp/report/output.xml
Log:     /tmp/report/log.html
Report:  /tmp/report/report.html
Defaulted container "scm" out of: scm, init (init)
tar: Removing leading `/' from member names
To use Ozone please mount ozone folder to /opt/hadoop
Output:  /rebot-output/output.xml
Log:     /rebot-output/log.html
Report:  /rebot-output/report.html
renamed '/home/runner/work/ozone/ozone/hadoop-ozone/dist/target/ozone-2.2.0-SNAPSHOT/kubernetes/examples/ozone-dev/result/rebot-cLbGYJ/log.html' -> '/home/runner/work/ozone/ozone/hadoop-ozone/dist/target/ozone-2.2.0-SNAPSHOT/kubernetes/examples/ozone-dev/result/log.html'
renamed '/home/runner/work/ozone/ozone/hadoop-ozone/dist/target/ozone-2.2.0-SNAPSHOT/kubernetes/examples/ozone-dev/result/rebot-cLbGYJ/output.xml' -> '/home/runner/work/ozone/ozone/hadoop-ozone/dist/target/ozone-2.2.0-SNAPSHOT/kubernetes/examples/ozone-dev/result/output.xml'
renamed '/home/runner/work/ozone/ozone/hadoop-ozone/dist/target/ozone-2.2.0-SNAPSHOT/kubernetes/examples/ozone-dev/result/rebot-cLbGYJ/report.html' -> '/home/runner/work/ozone/ozone/hadoop-ozone/dist/target/ozone-2.2.0-SNAPSHOT/kubernetes/examples/ozone-dev/result/report.html'

**** Collecting container logs ****

Defaulted container "scm" out of: scm, init (init)

**** Deleting k8s resources ****

serviceaccount "prometheus-operator" deleted from default namespace
clusterrole.rbac.authorization.k8s.io "prometheus-default" deleted
clusterrolebinding.rbac.authorization.k8s.io "prometheus-operator-default" deleted
configmap "config" deleted from default namespace
configmap "prometheusconf" deleted from default namespace
service "datanode" deleted from default namespace
service "datanode-public" deleted from default namespace
service "httpfs" deleted from default namespace
service "httpfs-public" deleted from default namespace
service "jaeger" deleted from default namespace
service "jaeger-public" deleted from default namespace
service "om" deleted from default namespace
service "om-public" deleted from default namespace
service "prometheus" deleted from default namespace
service "recon" deleted from default namespace
service "recon-public" deleted from default namespace
service "s3g" deleted from default namespace
service "s3g-public" deleted from default namespace
service "scm" deleted from default namespace
service "scm-public" deleted from default namespace
deployment.apps "prometheus" deleted from default namespace
statefulset.apps "datanode" deleted from default namespace
statefulset.apps "httpfs" deleted from default namespace
statefulset.apps "jaeger" deleted from default namespace
statefulset.apps "om" deleted from default namespace
statefulset.apps "recon" deleted from default namespace
statefulset.apps "s3g" deleted from default namespace
statefulset.apps "scm" deleted from default namespace

**** Regenerating original Kubernetes resource files ****


#### Executing tests of ozone-ha #####


**** Modifying Kubernetes resources file for test ****

   (mounting current Ozone directory to the containers, scheduling containers to one node, ...)

WARNING: this test can be executed only with local Kubernetes cluster
   (source dir should be available from K8s nodes)


**** Deleting existing k8s resources ****

No resources found
No resources found
No resources found
service "kubernetes" deleted from default namespace
configmap "kube-root-ca.crt" deleted from default namespace
pod "om-0" deleted from default namespace
pod "scm-0" deleted from default namespace
No resources found
No resources found

**** Applying k8s resources from ozone-ha ****

configmap/config created
service/datanode created
service/httpfs created
service/om created
service/recon created
service/s3g created
service/scm created
statefulset.apps/datanode created
statefulset.apps/httpfs created
statefulset.apps/om created
statefulset.apps/recon created
statefulset.apps/s3g created
statefulset.apps/scm created

**** Waiting until the k8s cluster is running ****

No resources found in default namespace.
0 pods are running. Waiting for more.
1 'all_pods_are_running' is failed...
No resources found in default namespace.
0 pods are running. Waiting for more.
2 'all_pods_are_running' is failed...
1 pods are running. Waiting for more.
3 'all_pods_are_running' is failed...
4 / 7 pods are running
4 'all_pods_are_running' is failed...
5 / 7 pods are running
5 'all_pods_are_running' is failed...
6 / 8 pods are running
6 'all_pods_are_running' is failed...
7 / 8 pods are running
7 'all_pods_are_running' is failed...
7 / 8 pods are running
8 'all_pods_are_running' is failed...
7 / 8 pods are running
9 'all_pods_are_running' is failed...
8 / 9 pods are running
10 'all_pods_are_running' is failed...
8 / 9 pods are running
11 'all_pods_are_running' is failed...
8 / 9 pods are running
12 'all_pods_are_running' is failed...
8 / 9 pods are running
13 'all_pods_are_running' is failed...
8 / 9 pods are running
14 'all_pods_are_running' is failed...
8 / 9 pods are running
15 'all_pods_are_running' is failed...
9 / 10 pods are running
16 'all_pods_are_running' is failed...
9 / 10 pods are running
17 'all_pods_are_running' is failed...
9 / 10 pods are running
18 'all_pods_are_running' is failed...
9 / 10 pods are running
19 'all_pods_are_running' is failed...
9 / 10 pods are running
20 'all_pods_are_running' is failed...
Defaulted container "scm" out of: scm, init (init), bootstrap (init)
1 'grep_log scm-0 SCM exiting safe mode.' is failed...
Defaulted container "scm" out of: scm, init (init), bootstrap (init)
2 'grep_log scm-0 SCM exiting safe mode.' is failed...
Defaulted container "scm" out of: scm, init (init), bootstrap (init)
3 'grep_log scm-0 SCM exiting safe mode.' is failed...
Defaulted container "scm" out of: scm, init (init), bootstrap (init)
4 'grep_log scm-0 SCM exiting safe mode.' is failed...
Defaulted container "scm" out of: scm, init (init), bootstrap (init)
5 'grep_log scm-0 SCM exiting safe mode.' is failed...
Defaulted container "scm" out of: scm, init (init), bootstrap (init)
2026-03-27 08:53:21 INFO  SCMSafeModeManager:178 - SCM exiting safe mode.
2026-03-27 08:52:54 INFO  BaseHttpServer:362 - HTTP server of ozoneManager listening at http://om-0:9874

**** Cluster is up and running ****


**** Executing robot tests scm-0 ****

Defaulted container "scm" out of: scm, init (init), bootstrap (init)
Unable to use a TTY - input is not a terminal or the right kind of file
Defaulted container "scm" out of: scm, init (init), bootstrap (init)
Unable to use a TTY - input is not a terminal or the right kind of file
Defaulted container "scm" out of: scm, init (init), bootstrap (init)
Unable to use a TTY - input is not a terminal or the right kind of file
==============================================================================
Basic :: Smoketest ozone cluster startup                                      
==============================================================================
Check webui static resources                                          | PASS |
------------------------------------------------------------------------------
Basic Freon smoketest                                                 | PASS |
------------------------------------------------------------------------------
Basic :: Smoketest ozone cluster startup                              | PASS |
2 tests, 2 passed, 0 failed
==============================================================================
Output:  /tmp/report/output.xml
Log:     /tmp/report/log.html
Report:  /tmp/report/report.html
Defaulted container "scm" out of: scm, init (init), bootstrap (init)
tar: Removing leading `/' from member names
To use Ozone please mount ozone folder to /opt/hadoop
Output:  /rebot-output/output.xml
Log:     /rebot-output/log.html
Report:  /rebot-output/report.html
renamed '/home/runner/work/ozone/ozone/hadoop-ozone/dist/target/ozone-2.2.0-SNAPSHOT/kubernetes/examples/ozone-ha/result/rebot-zNJ9EG/log.html' -> '/home/runner/work/ozone/ozone/hadoop-ozone/dist/target/ozone-2.2.0-SNAPSHOT/kubernetes/examples/ozone-ha/result/log.html'
renamed '/home/runner/work/ozone/ozone/hadoop-ozone/dist/target/ozone-2.2.0-SNAPSHOT/kubernetes/examples/ozone-ha/result/rebot-zNJ9EG/output.xml' -> '/home/runner/work/ozone/ozone/hadoop-ozone/dist/target/ozone-2.2.0-SNAPSHOT/kubernetes/examples/ozone-ha/result/output.xml'
renamed '/home/runner/work/ozone/ozone/hadoop-ozone/dist/target/ozone-2.2.0-SNAPSHOT/kubernetes/examples/ozone-ha/result/rebot-zNJ9EG/report.html' -> '/home/runner/work/ozone/ozone/hadoop-ozone/dist/target/ozone-2.2.0-SNAPSHOT/kubernetes/examples/ozone-ha/result/report.html'

**** Collecting container logs ****

Defaulted container "scm" out of: scm, init (init), bootstrap (init)
Defaulted container "scm" out of: scm, init (init), bootstrap (init)
Defaulted container "scm" out of: scm, init (init), bootstrap (init)

**** Deleting k8s resources ****

configmap "config" deleted from default namespace
service "datanode" deleted from default namespace
service "httpfs" deleted from default namespace
service "om" deleted from default namespace
service "recon" deleted from default namespace
service "s3g" deleted from default namespace
service "scm" deleted from default namespace
statefulset.apps "datanode" deleted from default namespace
statefulset.apps "httpfs" deleted from default namespace
statefulset.apps "om" deleted from default namespace
statefulset.apps "recon" deleted from default namespace
statefulset.apps "s3g" deleted from default namespace
statefulset.apps "scm" deleted from default namespace

**** Regenerating original Kubernetes resource files ****


#### Executing tests of ozone #####


**** Modifying Kubernetes resources file for test ****

   (mounting current Ozone directory to the containers, scheduling containers to one node, ...)

WARNING: this test can be executed only with local Kubernetes cluster
   (source dir should be available from K8s nodes)


**** Deleting existing k8s resources ****

No resources found
No resources found
No resources found
service "kubernetes" deleted from default namespace
configmap "kube-root-ca.crt" deleted from default namespace
pod "datanode-0" deleted from default namespace
pod "datanode-1" deleted from default namespace
pod "datanode-2" deleted from default namespace
pod "httpfs-0" deleted from default namespace
pod "om-0" deleted from default namespace
pod "recon-0" deleted from default namespace
pod "scm-0" deleted from default namespace
pod "scm-1" deleted from default namespace
pod "scm-2" deleted from default namespace
persistentvolumeclaim "data-datanode-0" deleted from default namespace
persistentvolumeclaim "data-datanode-1" deleted from default namespace
persistentvolumeclaim "data-datanode-2" deleted from default namespace
persistentvolumeclaim "data-httpfs-0" deleted from default namespace
persistentvolumeclaim "data-om-0" deleted from default namespace
persistentvolumeclaim "data-recon-0" deleted from default namespace
persistentvolumeclaim "data-s3g-0" deleted from default namespace
persistentvolumeclaim "data-scm-0" deleted from default namespace
persistentvolumeclaim "data-scm-1" deleted from default namespace
persistentvolumeclaim "data-scm-2" deleted from default namespace
persistentvolume "pvc-02c5a977-3063-4b27-9a55-b61978f2c7f1" deleted
persistentvolume "pvc-06af4e8d-dc9a-4a11-b26a-e5762e2cb6f1" deleted
persistentvolume "pvc-0ebb1f07-7982-4d61-8f3a-ade1addd9cb3" deleted
persistentvolume "pvc-3dd6643d-2869-4e4a-81ac-3d3a71ee4347" deleted
persistentvolume "pvc-3fca5995-caab-458e-a2ff-87eb14ffb5c3" deleted
persistentvolume "pvc-50ad775e-5f6d-468a-b6ff-532e22fd3778" deleted
persistentvolume "pvc-68322bd1-63a7-4cc8-b01d-37c7f4f0ad49" deleted
persistentvolume "pvc-8d2f1cd3-8d08-4137-ac80-348c950cc09f" deleted
persistentvolume "pvc-9d5cb86d-be57-425f-827c-ca6f6ed07308" deleted
persistentvolume "pvc-ce4254a8-4cac-4960-86af-02b435072118" deleted

**** Applying k8s resources from ozone ****

configmap/config created
service/datanode created
service/httpfs created
service/om created
service/recon created
service/s3g created
service/scm created
statefulset.apps/datanode created
statefulset.apps/httpfs created
statefulset.apps/om created
statefulset.apps/recon created
statefulset.apps/s3g created
statefulset.apps/scm created

**** Waiting until the k8s cluster is running ****

No resources found in default namespace.
0 pods are running. Waiting for more.
1 'all_pods_are_running' is failed...
No resources found in default namespace.
0 pods are running. Waiting for more.
2 'all_pods_are_running' is failed...
No resources found in default namespace.
0 pods are running. Waiting for more.
3 'all_pods_are_running' is failed...
1 pods are running. Waiting for more.
4 'all_pods_are_running' is failed...
4 / 7 pods are running
5 'all_pods_are_running' is failed...
5 / 7 pods are running
6 'all_pods_are_running' is failed...
6 / 8 pods are running
7 'all_pods_are_running' is failed...
7 / 8 pods are running
8 'all_pods_are_running' is failed...
7 / 8 pods are running
9 'all_pods_are_running' is failed...
7 / 8 pods are running
10 'all_pods_are_running' is failed...
Defaulted container "scm" out of: scm, init (init)
1 'grep_log scm-0 SCM exiting safe mode.' is failed...
Defaulted container "scm" out of: scm, init (init)
2 'grep_log scm-0 SCM exiting safe mode.' is failed...
Defaulted container "scm" out of: scm, init (init)
3 'grep_log scm-0 SCM exiting safe mode.' is failed...
Defaulted container "scm" out of: scm, init (init)
4 'grep_log scm-0 SCM exiting safe mode.' is failed...
Defaulted container "scm" out of: scm, init (init)
5 'grep_log scm-0 SCM exiting safe mode.' is failed...
Defaulted container "scm" out of: scm, init (init)
6 'grep_log scm-0 SCM exiting safe mode.' is failed...
Defaulted container "scm" out of: scm, init (init)
2026-03-27 08:54:34 INFO  SCMSafeModeManager:178 - SCM exiting safe mode.
2026-03-27 08:54:33 INFO  BaseHttpServer:362 - HTTP server of ozoneManager listening at http://om-0:9874

**** Cluster is up and running ****


**** Executing robot tests scm-0 ****

Defaulted container "scm" out of: scm, init (init)
Unable to use a TTY - input is not a terminal or the right kind of file
Defaulted container "scm" out of: scm, init (init)
Unable to use a TTY - input is not a terminal or the right kind of file
Defaulted container "scm" out of: scm, init (init)
Unable to use a TTY - input is not a terminal or the right kind of file
==============================================================================
Generate :: Test freon data generation commands                               
==============================================================================
Ozone Client Key Generator                                            | PASS |
------------------------------------------------------------------------------
OM Key Generator                                                      | PASS |
------------------------------------------------------------------------------
OM Bucket Generator                                                   | PASS |
------------------------------------------------------------------------------
Generate :: Test freon data generation commands                       | PASS |
3 tests, 3 passed, 0 failed
==============================================================================
Output:  /tmp/report/output.xml
Log:     /tmp/report/log.html
Report:  /tmp/report/report.html
Defaulted container "scm" out of: scm, init (init)
tar: Removing leading `/' from member names

**** Executing robot tests scm-0 ****

Defaulted container "scm" out of: scm, init (init)
Unable to use a TTY - input is not a terminal or the right kind of file
Defaulted container "scm" out of: scm, init (init)
Unable to use a TTY - input is not a terminal or the right kind of file
Defaulted container "scm" out of: scm, init (init)
Unable to use a TTY - input is not a terminal or the right kind of file
==============================================================================
Validate :: Test freon data validation commands                               
==============================================================================
Ozone Client Key Validator                                            | PASS |
------------------------------------------------------------------------------
Validate :: Test freon data validation commands                       | PASS |
1 test, 1 passed, 0 failed
==============================================================================
Output:  /tmp/report/output.xml
Log:     /tmp/report/log.html
Report:  /tmp/report/report.html
Defaulted container "scm" out of: scm, init (init)
tar: Removing leading `/' from member names
pod "datanode-0" deleted from default namespace
pod "datanode-1" deleted from default namespace
pod "datanode-2" deleted from default namespace

**** Waiting until the k8s cluster is running ****

5 / 6 pods are running
1 'all_pods_are_running' is failed...
Defaulted container "scm" out of: scm, init (init)
2026-03-27 08:54:34 INFO  SCMSafeModeManager:178 - SCM exiting safe mode.
2026-03-27 08:54:33 INFO  BaseHttpServer:362 - HTTP server of ozoneManager listening at http://om-0:9874

**** Cluster is up and running ****

Defaulted container "scm" out of: scm, init (init)

**** Executing robot tests scm-0 ****

Defaulted container "scm" out of: scm, init (init)
Unable to use a TTY - input is not a terminal or the right kind of file
Defaulted container "scm" out of: scm, init (init)
Unable to use a TTY - input is not a terminal or the right kind of file
Defaulted container "scm" out of: scm, init (init)
Unable to use a TTY - input is not a terminal or the right kind of file
==============================================================================
Validate :: Test freon data validation commands                               
==============================================================================
Ozone Client Key Validator                                            | PASS |
------------------------------------------------------------------------------
Validate :: Test freon data validation commands                       | PASS |
1 test, 1 passed, 0 failed
==============================================================================
Output:  /tmp/report/output.xml
Log:     /tmp/report/log.html
Report:  /tmp/report/report.html
Defaulted container "scm" out of: scm, init (init)
tar: Removing leading `/' from member names

**** Executing robot tests scm-0 ****

Defaulted container "scm" out of: scm, init (init)
Unable to use a TTY - input is not a terminal or the right kind of file
Defaulted container "scm" out of: scm, init (init)
Unable to use a TTY - input is not a terminal or the right kind of file
Defaulted container "scm" out of: scm, init (init)
Unable to use a TTY - input is not a terminal or the right kind of file
==============================================================================
Generate :: Test freon data generation commands                               
==============================================================================
Ozone Client Key Generator                                            | FAIL |
255 != 0
------------------------------------------------------------------------------
OM Key Generator                                                      | PASS |
------------------------------------------------------------------------------
OM Bucket Generator                                                   | PASS |
------------------------------------------------------------------------------
Generate :: Test freon data generation commands                       | FAIL |
3 tests, 2 passed, 1 failed
==============================================================================
Output:  /tmp/report/output.xml
Log:     /tmp/report/log.html
Report:  /tmp/report/report.html
Defaulted container "scm" out of: scm, init (init)
tar: Removing leading `/' from member names

**** Executing robot tests scm-0 ****

Defaulted container "scm" out of: scm, init (init)
Unable to use a TTY - input is not a terminal or the right kind of file
Defaulted container "scm" out of: scm, init (init)
Unable to use a TTY - input is not a terminal or the right kind of file
Defaulted container "scm" out of: scm, init (init)
Unable to use a TTY - input is not a terminal or the right kind of file
==============================================================================
Validate :: Test freon data validation commands                               
==============================================================================
Ozone Client Key Validator                                            | FAIL |
255 != 0
------------------------------------------------------------------------------
Validate :: Test freon data validation commands                       | FAIL |
1 test, 0 passed, 1 failed
==============================================================================
Output:  /tmp/report/output.xml
Log:     /tmp/report/log.html
Report:  /tmp/report/report.html
Defaulted container "scm" out of: scm, init (init)
tar: Removing leading `/' from member names
To use Ozone please mount ozone folder to /opt/hadoop
Output:  /rebot-output/output.xml
Log:     /rebot-output/log.html
Report:  /rebot-output/report.html
renamed '/home/runner/work/ozone/ozone/hadoop-ozone/dist/target/ozone-2.2.0-SNAPSHOT/kubernetes/examples/ozone/result/rebot-Va7aFa/log.html' -> '/home/runner/work/ozone/ozone/hadoop-ozone/dist/target/ozone-2.2.0-SNAPSHOT/kubernetes/examples/ozone/result/log.html'
renamed '/home/runner/work/ozone/ozone/hadoop-ozone/dist/target/ozone-2.2.0-SNAPSHOT/kubernetes/examples/ozone/result/rebot-Va7aFa/output.xml' -> '/home/runner/work/ozone/ozone/hadoop-ozone/dist/target/ozone-2.2.0-SNAPSHOT/kubernetes/examples/ozone/result/output.xml'
renamed '/home/runner/work/ozone/ozone/hadoop-ozone/dist/target/ozone-2.2.0-SNAPSHOT/kubernetes/examples/ozone/result/rebot-Va7aFa/report.html' -> '/home/runner/work/ozone/ozone/hadoop-ozone/dist/target/ozone-2.2.0-SNAPSHOT/kubernetes/examples/ozone/result/report.html'

**** Collecting container logs ****

Defaulted container "scm" out of: scm, init (init)

**** Deleting k8s resources ****

configmap "config" deleted from default namespace
service "datanode" deleted from default namespace
service "httpfs" deleted from default namespace
service "om" deleted from default namespace
service "recon" deleted from default namespace
service "s3g" deleted from default namespace
service "scm" deleted from default namespace
statefulset.apps "datanode" deleted from default namespace
statefulset.apps "httpfs" deleted from default namespace
statefulset.apps "om" deleted from default namespace
statefulset.apps "recon" deleted from default namespace
statefulset.apps "s3g" deleted from default namespace
statefulset.apps "scm" deleted from default namespace

**** Regenerating original Kubernetes resource files ****

To use Ozone please mount ozone folder to /opt/hadoop
Log:     /rebot-output/log.html
Report:  /rebot-output/report.html
renamed '/home/runner/work/ozone/ozone/hadoop-ozone/dist/target/ozone-2.2.0-SNAPSHOT/kubernetes/examples/result/rebot-9YITJF/log.html' -> '/home/runner/work/ozone/ozone/hadoop-ozone/dist/target/ozone-2.2.0-SNAPSHOT/kubernetes/examples/result/log.html'
renamed '/home/runner/work/ozone/ozone/hadoop-ozone/dist/target/ozone-2.2.0-SNAPSHOT/kubernetes/examples/result/rebot-9YITJF/report.html' -> '/home/runner/work/ozone/ozone/hadoop-ozone/dist/target/ozone-2.2.0-SNAPSHOT/kubernetes/examples/result/report.html'
