Using Docker Compose v2
Executing test ozonesecure-ha/test-debug-tools.sh
Using Docker Compose v2
Error response from daemon: Get "https://ghcr.io/v2/": context deadline exceeded
ERROR: Test execution of ozonesecure-ha/test-debug-tools.sh is FAILED!!!!
mkdir: created directory '/home/runner/work/ozone/ozone/hadoop-ozone/dist/target/ozone-2.2.0-SNAPSHOT/compose/result/ozonesecure-ha'
mkdir: created directory '/home/runner/work/ozone/ozone/hadoop-ozone/dist/target/ozone-2.2.0-SNAPSHOT/compose/result/ozonesecure-ha/debug-tools'
mv: cannot stat 'ozonesecure-ha/result/*': No such file or directory
Executing test ozonesecure-ha/test-repair-tools.sh
Using Docker Compose v2
Port 88 is available on kdc
Port 9860 is not available on scm1.org yet
Port 9860 is not available on scm1.org yet
Port 9860 is not available on scm1.org yet
Port 9860 is not available on scm1.org yet
Port 9860 is not available on scm1.org yet
Port 9860 is not available on scm1.org yet
Port 9860 is not available on scm1.org yet
Port 9860 is not available on scm1.org yet
Port 9860 is not available on scm1.org yet
Port 9860 is not available on scm1.org yet
Port 9860 is not available on scm1.org yet
Port 9860 is not available on scm1.org yet
Port 9860 is not available on scm1.org yet
Port 9860 is not available on scm1.org yet
Port 9860 is not available on scm1.org yet
Port 9860 is not available on scm1.org yet
Port 9860 is not available on scm1.org yet
Port 9860 is not available on scm1.org yet
Port 9860 is not available on scm1.org yet
Port 9860 is available on scm1.org
SCM is in safe mode. Will retry in 1 sec. Remaining time (sec): 240
SCM is in safe mode. Will retry in 1 sec. Remaining time (sec): 239
SCM is in safe mode. Will retry in 1 sec. Remaining time (sec): 238
SCM is in safe mode. Will retry in 1 sec. Remaining time (sec): 237
SCM is in safe mode. Will retry in 1 sec. Remaining time (sec): 236
SCM is in safe mode. Will retry in 1 sec. Remaining time (sec): 235
SCM is in safe mode. Will retry in 1 sec. Remaining time (sec): 234
SCM is in safe mode. Will retry in 1 sec. Remaining time (sec): 233
SCM is in safe mode. Will retry in 1 sec. Remaining time (sec): 232
SCM is in safe mode. Will retry in 1 sec. Remaining time (sec): 231
SCM is in safe mode. Will retry in 1 sec. Remaining time (sec): 230
SCM is in safe mode. Will retry in 1 sec. Remaining time (sec): 229
SCM is in safe mode. Will retry in 1 sec. Remaining time (sec): 228
SCM is in safe mode. Will retry in 1 sec. Remaining time (sec): 227
SCM is in safe mode. Will retry in 1 sec. Remaining time (sec): 226
SCM is in safe mode. Will retry in 1 sec. Remaining time (sec): 225
SCM is in safe mode. Will retry in 1 sec. Remaining time (sec): 224
SCM is in safe mode. Will retry in 1 sec. Remaining time (sec): 223
SCM is in safe mode. Will retry in 1 sec. Remaining time (sec): 222
SCM is in safe mode. Will retry in 1 sec. Remaining time (sec): 221
SCM is in safe mode. Will retry in 1 sec. Remaining time (sec): 220
SCM is in safe mode. Will retry in 1 sec. Remaining time (sec): 219
SCM is in safe mode. Will retry in 1 sec. Remaining time (sec): 217
SCM is in safe mode. Will retry in 1 sec. Remaining time (sec): 216
SCM is in safe mode. Will retry in 1 sec. Remaining time (sec): 215
SCM is in safe mode. Will retry in 1 sec. Remaining time (sec): 214
SCM is in safe mode. Will retry in 1 sec. Remaining time (sec): 213
SCM is in safe mode. Will retry in 1 sec. Remaining time (sec): 212
SCM is in safe mode. Will retry in 1 sec. Remaining time (sec): 211
SCM is in safe mode. Will retry in 1 sec. Remaining time (sec): 210
SCM is in safe mode. Will retry in 1 sec. Remaining time (sec): 209
SCM is in safe mode. Will retry in 1 sec. Remaining time (sec): 208
SCM is in safe mode. Will retry in 1 sec. Remaining time (sec): 207
SCM is in safe mode. Will retry in 1 sec. Remaining time (sec): 206
SCM is in safe mode. Will retry in 1 sec. Remaining time (sec): 205
SCM is in safe mode. Will retry in 1 sec. Remaining time (sec): 204
SCM is in safe mode. Will retry in 1 sec. Remaining time (sec): 203
SCM is in safe mode. Will retry in 1 sec. Remaining time (sec): 202
SCM is in safe mode. Will retry in 1 sec. Remaining time (sec): 201
SCM is in safe mode. Will retry in 1 sec. Remaining time (sec): 200
SCM is in safe mode. Will retry in 1 sec. Remaining time (sec): 199
SCM is in safe mode. Will retry in 1 sec. Remaining time (sec): 198
SCM is in safe mode. Will retry in 1 sec. Remaining time (sec): 197
SCM is in safe mode. Will retry in 1 sec. Remaining time (sec): 196
SCM is in safe mode. Will retry in 1 sec. Remaining time (sec): 195
SCM is in safe mode. Will retry in 1 sec. Remaining time (sec): 194
SCM is in safe mode. Will retry in 1 sec. Remaining time (sec): 193
SCM is in safe mode. Will retry in 1 sec. Remaining time (sec): 192
SCM is in safe mode. Will retry in 1 sec. Remaining time (sec): 191
SCM is in safe mode. Will retry in 1 sec. Remaining time (sec): 190
SCM is in safe mode. Will retry in 1 sec. Remaining time (sec): 189
SCM is in safe mode. Will retry in 1 sec. Remaining time (sec): 188
SCM is in safe mode. Will retry in 1 sec. Remaining time (sec): 187
SCM is in safe mode. Will retry in 1 sec. Remaining time (sec): 186
SCM is in safe mode. Will retry in 1 sec. Remaining time (sec): 185
SCM is in safe mode. Will retry in 1 sec. Remaining time (sec): 184
SCM is in safe mode. Will retry in 1 sec. Remaining time (sec): 183
SCM is in safe mode. Will retry in 1 sec. Remaining time (sec): 182
SCM is in safe mode. Will retry in 1 sec. Remaining time (sec): 181
SCM is in safe mode. Will retry in 1 sec. Remaining time (sec): 180
SCM is in safe mode. Will retry in 1 sec. Remaining time (sec): 179
SCM is in safe mode. Will retry in 1 sec. Remaining time (sec): 178
SCM is in safe mode. Will retry in 1 sec. Remaining time (sec): 177
SCM is in safe mode. Will retry in 1 sec. Remaining time (sec): 176
SCM is in safe mode. Will retry in 1 sec. Remaining time (sec): 175
SCM is in safe mode. Will retry in 1 sec. Remaining time (sec): 174
SCM is in safe mode. Will retry in 1 sec. Remaining time (sec): 173
SCM is in safe mode. Will retry in 1 sec. Remaining time (sec): 172
SCM is in safe mode. Will retry in 1 sec. Remaining time (sec): 171
SCM is in safe mode. Will retry in 1 sec. Remaining time (sec): 170
SCM is in safe mode. Will retry in 1 sec. Remaining time (sec): 169
SCM is in safe mode. Will retry in 1 sec. Remaining time (sec): 168
SCM is in safe mode. Will retry in 1 sec. Remaining time (sec): 167
SCM is in safe mode. Will retry in 1 sec. Remaining time (sec): 166
SCM is in safe mode. Will retry in 1 sec. Remaining time (sec): 165
SCM is in safe mode. Will retry in 1 sec. Remaining time (sec): 164
SCM is in safe mode. Will retry in 1 sec. Remaining time (sec): 163
SCM is in safe mode. Will retry in 1 sec. Remaining time (sec): 162
SCM is in safe mode. Will retry in 1 sec. Remaining time (sec): 161
SCM is in safe mode. Will retry in 1 sec. Remaining time (sec): 160
SCM is in safe mode. Will retry in 1 sec. Remaining time (sec): 159
SCM is in safe mode. Will retry in 1 sec. Remaining time (sec): 158
SCM is in safe mode. Will retry in 1 sec. Remaining time (sec): 157
SCM is in safe mode. Will retry in 1 sec. Remaining time (sec): 156
SCM is in safe mode. Will retry in 1 sec. Remaining time (sec): 155
SCM is in safe mode. Will retry in 1 sec. Remaining time (sec): 154
SCM is in safe mode. Will retry in 1 sec. Remaining time (sec): 153
SCM is in safe mode. Will retry in 1 sec. Remaining time (sec): 152
SCM is in safe mode. Will retry in 1 sec. Remaining time (sec): 151
SCM is in safe mode. Will retry in 1 sec. Remaining time (sec): 150
SCM is in safe mode. Will retry in 1 sec. Remaining time (sec): 149
SCM is in safe mode. Will retry in 1 sec. Remaining time (sec): 148
SCM is out of safe mode.
Found OM leader for service omservice: om2 : LEADER (om2)
Replaced OM order with om2,om3,om1 in ozonesecure-ha-datanode1-1
Replaced OM order with om2,om3,om1 in ozonesecure-ha-datanode2-1
Replaced OM order with om2,om3,om1 in ozonesecure-ha-datanode3-1
Replaced OM order with om2,om3,om1 in ozonesecure-ha-datanode4-1
Replaced OM order with om2,om3,om1 in ozonesecure-ha-datanode5-1
Replaced OM order with om2,om3,om1 in ozonesecure-ha-httpfs-1
Replaced OM order with om2,om3,om1 in ozonesecure-ha-om1-1
Replaced OM order with om2,om3,om1 in ozonesecure-ha-om2-1
Replaced OM order with om2,om3,om1 in ozonesecure-ha-om3-1
Replaced OM order with om2,om3,om1 in ozonesecure-ha-recon-1
Replaced OM order with om2,om3,om1 in ozonesecure-ha-s3g-1
Replaced OM order with om2,om3,om1 in ozonesecure-ha-scm1.org-1
Replaced OM order with om2,om3,om1 in ozonesecure-ha-scm2.org-1
Replaced OM order with om2,om3,om1 in ozonesecure-ha-scm3.org-1
Testing ratis transaction repair on all OMs
==============================================================================
Kinit :: Kinit test user                                                      
==============================================================================
Kinit                                                                 | PASS |
------------------------------------------------------------------------------
Kinit :: Kinit test user                                              | PASS |
1 test, 1 passed, 0 failed
==============================================================================
Output:  /tmp/smoketest/ozonesecure-ha/result/robot-001.xml
==============================================================================
Ratis-Transaction-Repair :: Test recovering from OM crash due to transactio...
==============================================================================
Verify OM crash at bucket create                                      | PASS |
------------------------------------------------------------------------------
Ratis-Transaction-Repair :: Test recovering from OM crash due to t... | PASS |
1 test, 1 passed, 0 failed
==============================================================================
Output:  /tmp/smoketest/ozonesecure-ha/result/robot-002.xml
Waiting for container 'ozonesecure-ha-om1-1' to stop...
Container 'ozonesecure-ha-om1-1' has stopped.
Ratis log segment file path: /opt/hadoop/compose/ozonesecure-ha/data/om1/metadata/om.ratis/5cb24680-b9e7-3c90-a862-d66704efc61c/current/log_inprogress_0
ATTENTION: Running as user hadoop. Make sure this is the same user used to run the Ozone process. Are you sure you want to continue (y/N)? Run as user: hadoop
No running OM service detected. Proceeding with repair.
BackupDir "/opt/hadoop/compose/ozonesecure-ha/data/om1/backup1" does not exist. Creating the directory path.
Taking back up of Raft Log file: /opt/hadoop/compose/ozonesecure-ha/data/om1/metadata/om.ratis/5cb24680-b9e7-3c90-a862-d66704efc61c/current/log_inprogress_0 to location: /opt/hadoop/compose/ozonesecure-ha/data/om1/backup1/log_inprogress_0
File backed-up successfully!
Created temporary output file: /opt/hadoop/compose/ozonesecure-ha/data/om1/backup1/srt-output17739420233562314317.tmp
Processing Raft Log file: /opt/hadoop/compose/ozonesecure-ha/data/om1/metadata/om.ratis/5cb24680-b9e7-3c90-a862-d66704efc61c/current/log_inprogress_0 size:4194304
Replacing {cmdType: CreateBucket  traceID: ""  clientId: "client-57BB1219B1D4"  userInfo {    userName: "testuser/scm@EXAMPLE.COM"    remoteAddress: "172.25.0.116"    hostName: "scm1.org"  }  version: 3  layoutVersion {    version: 9  }  createBucketRequest {    bucketInfo {      volumeName: "test-txn-vol"      bucketName: "bucket-crash-1"      isVersionEnabled: false      storageType: DISK      creationTime: 1772115788509      objectID: 0      updateID: 0      modificationTime: 1772115788509      usedBytes: 0      quotaInBytes: -1      quotaInNamespace: -1      usedNamespace: 0      owner: "testuser"      snapshotUsedBytes: 0      snapshotUsedNamespace: 0    }  }  } with EchoRPC command at index 2
Finished processing all the entries (3 logs) from the segment file.
Moved temporary output file to correct raft log location : /opt/hadoop/compose/ozonesecure-ha/data/om1/metadata/om.ratis/5cb24680-b9e7-3c90-a862-d66704efc61c/current/log_inprogress_0
Repair command executed for om1.
ozonesecure-ha-om1-1
Container 'ozonesecure-ha-om1-1' started again.
Bucket table for om1:
bucket 'bucket-crash-1' is not present in the bucketTable of om1 as expected.
Waiting for container 'ozonesecure-ha-om2-1' to stop...
Container 'ozonesecure-ha-om2-1' has stopped.
Ratis log segment file path: /opt/hadoop/compose/ozonesecure-ha/data/om2/metadata/om.ratis/5cb24680-b9e7-3c90-a862-d66704efc61c/current/log_inprogress_0
ATTENTION: Running as user hadoop. Make sure this is the same user used to run the Ozone process. Are you sure you want to continue (y/N)? Run as user: hadoop
No running OM service detected. Proceeding with repair.
BackupDir "/opt/hadoop/compose/ozonesecure-ha/data/om2/backup1" does not exist. Creating the directory path.
Taking back up of Raft Log file: /opt/hadoop/compose/ozonesecure-ha/data/om2/metadata/om.ratis/5cb24680-b9e7-3c90-a862-d66704efc61c/current/log_inprogress_0 to location: /opt/hadoop/compose/ozonesecure-ha/data/om2/backup1/log_inprogress_0
File backed-up successfully!
Created temporary output file: /opt/hadoop/compose/ozonesecure-ha/data/om2/backup1/srt-output17414924836515364730.tmp
Processing Raft Log file: /opt/hadoop/compose/ozonesecure-ha/data/om2/metadata/om.ratis/5cb24680-b9e7-3c90-a862-d66704efc61c/current/log_inprogress_0 size:4194304
Replacing {cmdType: CreateBucket  traceID: ""  clientId: "client-57BB1219B1D4"  userInfo {    userName: "testuser/scm@EXAMPLE.COM"    remoteAddress: "172.25.0.116"    hostName: "scm1.org"  }  version: 3  layoutVersion {    version: 9  }  createBucketRequest {    bucketInfo {      volumeName: "test-txn-vol"      bucketName: "bucket-crash-1"      isVersionEnabled: false      storageType: DISK      creationTime: 1772115788509      objectID: 0      updateID: 0      modificationTime: 1772115788509      usedBytes: 0      quotaInBytes: -1      quotaInNamespace: -1      usedNamespace: 0      owner: "testuser"      snapshotUsedBytes: 0      snapshotUsedNamespace: 0    }  }  } with EchoRPC command at index 2
Finished processing all the entries (3 logs) from the segment file.
Moved temporary output file to correct raft log location : /opt/hadoop/compose/ozonesecure-ha/data/om2/metadata/om.ratis/5cb24680-b9e7-3c90-a862-d66704efc61c/current/log_inprogress_0
Repair command executed for om2.
ozonesecure-ha-om2-1
Container 'ozonesecure-ha-om2-1' started again.
Bucket table for om2:
bucket 'bucket-crash-1' is not present in the bucketTable of om2 as expected.
Waiting for container 'ozonesecure-ha-om3-1' to stop...
Container 'ozonesecure-ha-om3-1' has stopped.
Ratis log segment file path: /opt/hadoop/compose/ozonesecure-ha/data/om3/metadata/om.ratis/5cb24680-b9e7-3c90-a862-d66704efc61c/current/log_inprogress_0
ATTENTION: Running as user hadoop. Make sure this is the same user used to run the Ozone process. Are you sure you want to continue (y/N)? Run as user: hadoop
No running OM service detected. Proceeding with repair.
BackupDir "/opt/hadoop/compose/ozonesecure-ha/data/om3/backup1" does not exist. Creating the directory path.
Taking back up of Raft Log file: /opt/hadoop/compose/ozonesecure-ha/data/om3/metadata/om.ratis/5cb24680-b9e7-3c90-a862-d66704efc61c/current/log_inprogress_0 to location: /opt/hadoop/compose/ozonesecure-ha/data/om3/backup1/log_inprogress_0
File backed-up successfully!
Created temporary output file: /opt/hadoop/compose/ozonesecure-ha/data/om3/backup1/srt-output2133714125375048841.tmp
Processing Raft Log file: /opt/hadoop/compose/ozonesecure-ha/data/om3/metadata/om.ratis/5cb24680-b9e7-3c90-a862-d66704efc61c/current/log_inprogress_0 size:4194304
Replacing {cmdType: CreateBucket  traceID: ""  clientId: "client-57BB1219B1D4"  userInfo {    userName: "testuser/scm@EXAMPLE.COM"    remoteAddress: "172.25.0.116"    hostName: "scm1.org"  }  version: 3  layoutVersion {    version: 9  }  createBucketRequest {    bucketInfo {      volumeName: "test-txn-vol"      bucketName: "bucket-crash-1"      isVersionEnabled: false      storageType: DISK      creationTime: 1772115788509      objectID: 0      updateID: 0      modificationTime: 1772115788509      usedBytes: 0      quotaInBytes: -1      quotaInNamespace: -1      usedNamespace: 0      owner: "testuser"      snapshotUsedBytes: 0      snapshotUsedNamespace: 0    }  }  } with EchoRPC command at index 2
Finished processing all the entries (3 logs) from the segment file.
Moved temporary output file to correct raft log location : /opt/hadoop/compose/ozonesecure-ha/data/om3/metadata/om.ratis/5cb24680-b9e7-3c90-a862-d66704efc61c/current/log_inprogress_0
Repair command executed for om3.
ozonesecure-ha-om3-1
Container 'ozonesecure-ha-om3-1' started again.
Bucket table for om3:
bucket 'bucket-crash-1' is not present in the bucketTable of om3 as expected.
Found OM leader for service omservice: om1 : LEADER (om1)
Replaced OM order with om1,om3,om2 in ozonesecure-ha-datanode1-1
Replaced OM order with om1,om3,om2 in ozonesecure-ha-datanode2-1
Replaced OM order with om1,om3,om2 in ozonesecure-ha-datanode3-1
Replaced OM order with om1,om3,om2 in ozonesecure-ha-datanode4-1
Replaced OM order with om1,om3,om2 in ozonesecure-ha-datanode5-1
Replaced OM order with om1,om3,om2 in ozonesecure-ha-httpfs-1
Replaced OM order with om1,om3,om2 in ozonesecure-ha-om1-1
Replaced OM order with om1,om3,om2 in ozonesecure-ha-om2-1
Replaced OM order with om1,om3,om2 in ozonesecure-ha-om3-1
Replaced OM order with om1,om3,om2 in ozonesecure-ha-recon-1
Replaced OM order with om1,om3,om2 in ozonesecure-ha-s3g-1
Replaced OM order with om1,om3,om2 in ozonesecure-ha-scm1.org-1
Replaced OM order with om1,om3,om2 in ozonesecure-ha-scm2.org-1
Replaced OM order with om1,om3,om2 in ozonesecure-ha-scm3.org-1
Testing ratis transaction repair completed successfully.
==============================================================================
Kinit :: Kinit test user                                                      
==============================================================================
Kinit                                                                 | PASS |
------------------------------------------------------------------------------
Kinit :: Kinit test user                                              | PASS |
1 test, 1 passed, 0 failed
==============================================================================
Output:  /tmp/smoketest/ozonesecure-ha/result/robot-003.xml
Creating test keys to verify om compaction
Test keys created
Restarting OM after key creation to flush and generate sst files
ozonesecure-ha-om1-1
==============================================================================
Om-Compact :: Test for OM DB Compaction Repair Tool                           
==============================================================================
Testing OM DB Size Reduction After Compaction                         | PASS |
------------------------------------------------------------------------------
Om-Compact :: Test for OM DB Compaction Repair Tool                   | PASS |
1 test, 1 passed, 0 failed
==============================================================================
Output:  /tmp/smoketest/ozonesecure-ha/result/robot-004.xml
To use Ozone please mount ozone folder to /opt/hadoop
Output:  /rebot-output/ozonesecure-ha-repair-tools.xml
renamed '/home/runner/work/ozone/ozone/hadoop-ozone/dist/target/ozone-2.2.0-SNAPSHOT/compose/result/rebot-QCcMAg/ozonesecure-ha-repair-tools.xml' -> '/home/runner/work/ozone/ozone/hadoop-ozone/dist/target/ozone-2.2.0-SNAPSHOT/compose/result/ozonesecure-ha-repair-tools.xml'
removed 'ozonesecure-ha/result/robot-001.xml'
removed 'ozonesecure-ha/result/robot-002.xml'
removed 'ozonesecure-ha/result/robot-003.xml'
removed 'ozonesecure-ha/result/robot-004.xml'
mkdir: created directory '/home/runner/work/ozone/ozone/hadoop-ozone/dist/target/ozone-2.2.0-SNAPSHOT/compose/result/ozonesecure-ha/repair-tools'
renamed 'ozonesecure-ha/result/dn-audit-4d101024a6fc.log' -> '/home/runner/work/ozone/ozone/hadoop-ozone/dist/target/ozone-2.2.0-SNAPSHOT/compose/result/ozonesecure-ha/repair-tools/dn-audit-4d101024a6fc.log'
renamed 'ozonesecure-ha/result/dn-audit-5c937624cabe.log' -> '/home/runner/work/ozone/ozone/hadoop-ozone/dist/target/ozone-2.2.0-SNAPSHOT/compose/result/ozonesecure-ha/repair-tools/dn-audit-5c937624cabe.log'
renamed 'ozonesecure-ha/result/dn-audit-6ef21198ffd8.log' -> '/home/runner/work/ozone/ozone/hadoop-ozone/dist/target/ozone-2.2.0-SNAPSHOT/compose/result/ozonesecure-ha/repair-tools/dn-audit-6ef21198ffd8.log'
renamed 'ozonesecure-ha/result/dn-audit-9d7087b708ba.log' -> '/home/runner/work/ozone/ozone/hadoop-ozone/dist/target/ozone-2.2.0-SNAPSHOT/compose/result/ozonesecure-ha/repair-tools/dn-audit-9d7087b708ba.log'
renamed 'ozonesecure-ha/result/dn-audit-b09e4899b188.log' -> '/home/runner/work/ozone/ozone/hadoop-ozone/dist/target/ozone-2.2.0-SNAPSHOT/compose/result/ozonesecure-ha/repair-tools/dn-audit-b09e4899b188.log'
renamed 'ozonesecure-ha/result/docker-ozonesecure-ha-datanode1-1.log' -> '/home/runner/work/ozone/ozone/hadoop-ozone/dist/target/ozone-2.2.0-SNAPSHOT/compose/result/ozonesecure-ha/repair-tools/docker-ozonesecure-ha-datanode1-1.log'
renamed 'ozonesecure-ha/result/docker-ozonesecure-ha-datanode2-1.log' -> '/home/runner/work/ozone/ozone/hadoop-ozone/dist/target/ozone-2.2.0-SNAPSHOT/compose/result/ozonesecure-ha/repair-tools/docker-ozonesecure-ha-datanode2-1.log'
renamed 'ozonesecure-ha/result/docker-ozonesecure-ha-datanode3-1.log' -> '/home/runner/work/ozone/ozone/hadoop-ozone/dist/target/ozone-2.2.0-SNAPSHOT/compose/result/ozonesecure-ha/repair-tools/docker-ozonesecure-ha-datanode3-1.log'
renamed 'ozonesecure-ha/result/docker-ozonesecure-ha-datanode4-1.log' -> '/home/runner/work/ozone/ozone/hadoop-ozone/dist/target/ozone-2.2.0-SNAPSHOT/compose/result/ozonesecure-ha/repair-tools/docker-ozonesecure-ha-datanode4-1.log'
renamed 'ozonesecure-ha/result/docker-ozonesecure-ha-datanode5-1.log' -> '/home/runner/work/ozone/ozone/hadoop-ozone/dist/target/ozone-2.2.0-SNAPSHOT/compose/result/ozonesecure-ha/repair-tools/docker-ozonesecure-ha-datanode5-1.log'
renamed 'ozonesecure-ha/result/docker-ozonesecure-ha-httpfs-1.log' -> '/home/runner/work/ozone/ozone/hadoop-ozone/dist/target/ozone-2.2.0-SNAPSHOT/compose/result/ozonesecure-ha/repair-tools/docker-ozonesecure-ha-httpfs-1.log'
renamed 'ozonesecure-ha/result/docker-ozonesecure-ha-kdc-1.log' -> '/home/runner/work/ozone/ozone/hadoop-ozone/dist/target/ozone-2.2.0-SNAPSHOT/compose/result/ozonesecure-ha/repair-tools/docker-ozonesecure-ha-kdc-1.log'
renamed 'ozonesecure-ha/result/docker-ozonesecure-ha-kms-1.log' -> '/home/runner/work/ozone/ozone/hadoop-ozone/dist/target/ozone-2.2.0-SNAPSHOT/compose/result/ozonesecure-ha/repair-tools/docker-ozonesecure-ha-kms-1.log'
renamed 'ozonesecure-ha/result/docker-ozonesecure-ha-om1-1.log' -> '/home/runner/work/ozone/ozone/hadoop-ozone/dist/target/ozone-2.2.0-SNAPSHOT/compose/result/ozonesecure-ha/repair-tools/docker-ozonesecure-ha-om1-1.log'
renamed 'ozonesecure-ha/result/docker-ozonesecure-ha-om2-1.log' -> '/home/runner/work/ozone/ozone/hadoop-ozone/dist/target/ozone-2.2.0-SNAPSHOT/compose/result/ozonesecure-ha/repair-tools/docker-ozonesecure-ha-om2-1.log'
renamed 'ozonesecure-ha/result/docker-ozonesecure-ha-om3-1.log' -> '/home/runner/work/ozone/ozone/hadoop-ozone/dist/target/ozone-2.2.0-SNAPSHOT/compose/result/ozonesecure-ha/repair-tools/docker-ozonesecure-ha-om3-1.log'
renamed 'ozonesecure-ha/result/docker-ozonesecure-ha-om4-1.log' -> '/home/runner/work/ozone/ozone/hadoop-ozone/dist/target/ozone-2.2.0-SNAPSHOT/compose/result/ozonesecure-ha/repair-tools/docker-ozonesecure-ha-om4-1.log'
renamed 'ozonesecure-ha/result/docker-ozonesecure-ha-recon-1.log' -> '/home/runner/work/ozone/ozone/hadoop-ozone/dist/target/ozone-2.2.0-SNAPSHOT/compose/result/ozonesecure-ha/repair-tools/docker-ozonesecure-ha-recon-1.log'
renamed 'ozonesecure-ha/result/docker-ozonesecure-ha-s3g-1.log' -> '/home/runner/work/ozone/ozone/hadoop-ozone/dist/target/ozone-2.2.0-SNAPSHOT/compose/result/ozonesecure-ha/repair-tools/docker-ozonesecure-ha-s3g-1.log'
renamed 'ozonesecure-ha/result/docker-ozonesecure-ha-scm1.org-1.log' -> '/home/runner/work/ozone/ozone/hadoop-ozone/dist/target/ozone-2.2.0-SNAPSHOT/compose/result/ozonesecure-ha/repair-tools/docker-ozonesecure-ha-scm1.org-1.log'
renamed 'ozonesecure-ha/result/docker-ozonesecure-ha-scm2.org-1.log' -> '/home/runner/work/ozone/ozone/hadoop-ozone/dist/target/ozone-2.2.0-SNAPSHOT/compose/result/ozonesecure-ha/repair-tools/docker-ozonesecure-ha-scm2.org-1.log'
renamed 'ozonesecure-ha/result/docker-ozonesecure-ha-scm3.org-1.log' -> '/home/runner/work/ozone/ozone/hadoop-ozone/dist/target/ozone-2.2.0-SNAPSHOT/compose/result/ozonesecure-ha/repair-tools/docker-ozonesecure-ha-scm3.org-1.log'
renamed 'ozonesecure-ha/result/kms-audit.log' -> '/home/runner/work/ozone/ozone/hadoop-ozone/dist/target/ozone-2.2.0-SNAPSHOT/compose/result/ozonesecure-ha/repair-tools/kms-audit.log'
renamed 'ozonesecure-ha/result/om-audit-om1-2026-02-26-1.log.gz' -> '/home/runner/work/ozone/ozone/hadoop-ozone/dist/target/ozone-2.2.0-SNAPSHOT/compose/result/ozonesecure-ha/repair-tools/om-audit-om1-2026-02-26-1.log.gz'
renamed 'ozonesecure-ha/result/om-audit-om1.log' -> '/home/runner/work/ozone/ozone/hadoop-ozone/dist/target/ozone-2.2.0-SNAPSHOT/compose/result/ozonesecure-ha/repair-tools/om-audit-om1.log'
renamed 'ozonesecure-ha/result/om-audit-om2.log' -> '/home/runner/work/ozone/ozone/hadoop-ozone/dist/target/ozone-2.2.0-SNAPSHOT/compose/result/ozonesecure-ha/repair-tools/om-audit-om2.log'
renamed 'ozonesecure-ha/result/om-audit-om3.log' -> '/home/runner/work/ozone/ozone/hadoop-ozone/dist/target/ozone-2.2.0-SNAPSHOT/compose/result/ozonesecure-ha/repair-tools/om-audit-om3.log'
renamed 'ozonesecure-ha/result/om-sys-audit-om1.log' -> '/home/runner/work/ozone/ozone/hadoop-ozone/dist/target/ozone-2.2.0-SNAPSHOT/compose/result/ozonesecure-ha/repair-tools/om-sys-audit-om1.log'
renamed 'ozonesecure-ha/result/om-sys-audit-om2.log' -> '/home/runner/work/ozone/ozone/hadoop-ozone/dist/target/ozone-2.2.0-SNAPSHOT/compose/result/ozonesecure-ha/repair-tools/om-sys-audit-om2.log'
renamed 'ozonesecure-ha/result/om-sys-audit-om3.log' -> '/home/runner/work/ozone/ozone/hadoop-ozone/dist/target/ozone-2.2.0-SNAPSHOT/compose/result/ozonesecure-ha/repair-tools/om-sys-audit-om3.log'
renamed 'ozonesecure-ha/result/s3g-audit-s3g.log' -> '/home/runner/work/ozone/ozone/hadoop-ozone/dist/target/ozone-2.2.0-SNAPSHOT/compose/result/ozonesecure-ha/repair-tools/s3g-audit-s3g.log'
renamed 'ozonesecure-ha/result/scm-audit-scm1.org.log' -> '/home/runner/work/ozone/ozone/hadoop-ozone/dist/target/ozone-2.2.0-SNAPSHOT/compose/result/ozonesecure-ha/repair-tools/scm-audit-scm1.org.log'
renamed 'ozonesecure-ha/result/scm-audit-scm2.org.log' -> '/home/runner/work/ozone/ozone/hadoop-ozone/dist/target/ozone-2.2.0-SNAPSHOT/compose/result/ozonesecure-ha/repair-tools/scm-audit-scm2.org.log'
renamed 'ozonesecure-ha/result/scm-audit-scm3.org.log' -> '/home/runner/work/ozone/ozone/hadoop-ozone/dist/target/ozone-2.2.0-SNAPSHOT/compose/result/ozonesecure-ha/repair-tools/scm-audit-scm3.org.log'
To use Ozone please mount ozone folder to /opt/hadoop
Log:     /rebot-output/log.html
Report:  /rebot-output/report.html
renamed '/home/runner/work/ozone/ozone/hadoop-ozone/dist/target/ozone-2.2.0-SNAPSHOT/compose/result/rebot-JX8DWB/log.html' -> '/home/runner/work/ozone/ozone/hadoop-ozone/dist/target/ozone-2.2.0-SNAPSHOT/compose/result/log.html'
renamed '/home/runner/work/ozone/ozone/hadoop-ozone/dist/target/ozone-2.2.0-SNAPSHOT/compose/result/rebot-JX8DWB/report.html' -> '/home/runner/work/ozone/ozone/hadoop-ozone/dist/target/ozone-2.2.0-SNAPSHOT/compose/result/report.html'
removed directory '/tmp/robot-data-gu0Idy'
