rm: cannot remove '/home/runner/work/ozone/ozone/hadoop-ozone/dist/target/ozone-1.4.0-SNAPSHOT/compose/result/*': No such file or directory
Executing test ozonesecure-ha/test-root-ca-rotation.sh
Removing network ozonesecure-ha_ozone_net
Network ozonesecure-ha_ozone_net not found.
Creating network "ozonesecure-ha_ozone_net" with the default driver
Pulling recon (apache/ozone-runner:20230615-1)...
20230615-1: Pulling from apache/ozone-runner
Digest: sha256:46c59e4f69c94a8f886d621c9f1898fda8cc4d5de59059c6c74175ffa4718474
Status: Downloaded newer image for apache/ozone-runner:20230615-1
Pulling kms (apache/hadoop:3.3.6)...
3.3.6: Pulling from apache/hadoop
Digest: sha256:62a22627f35a1bbf29c721192c02fe311c93749cc43d51df01792b2ac40ff144
Status: Downloaded newer image for apache/hadoop:3.3.6
Pulling kdc (apache/ozone-testkrb5:20230318-1)...
20230318-1: Pulling from apache/ozone-testkrb5
Digest: sha256:6a7eeac1ebd12e8968e34ab93fb8d21f2b92ae52bc0a85b662a2d41065f05d3a
Status: Downloaded newer image for apache/ozone-testkrb5:20230318-1
Creating ozonesecure-ha_om3_1 ... 
Creating ozonesecure-ha_httpfs_1 ... 
Creating ozonesecure-ha_datanode3_1 ... 
Creating ozonesecure-ha_recon_1     ... 
Creating ozonesecure-ha_datanode1_1 ... 
Creating ozonesecure-ha_om2_1       ... 
Creating ozonesecure-ha_datanode2_1 ... 
Creating ozonesecure-ha_scm3.org_1  ... 
Creating ozonesecure-ha_scm2.org_1  ... 
Creating ozonesecure-ha_scm1.org_1  ... 
Creating ozonesecure-ha_kms_1       ... 
Creating ozonesecure-ha_kdc_1       ... 
Creating ozonesecure-ha_s3g_1       ... 
Creating ozonesecure-ha_om1_1       ... 
Creating ozonesecure-ha_httpfs_1    ... done
Creating ozonesecure-ha_om3_1       ... done
Creating ozonesecure-ha_datanode3_1 ... done
Creating ozonesecure-ha_recon_1     ... done
Creating ozonesecure-ha_kdc_1       ... done
Creating ozonesecure-ha_datanode2_1 ... done
Creating ozonesecure-ha_om1_1       ... done
Creating ozonesecure-ha_datanode1_1 ... done
Creating ozonesecure-ha_kms_1       ... done
Creating ozonesecure-ha_scm3.org_1  ... done
Creating ozonesecure-ha_s3g_1       ... done
Creating ozonesecure-ha_om2_1       ... done
Creating ozonesecure-ha_scm2.org_1  ... done
Creating ozonesecure-ha_scm1.org_1  ... done
Port 88 is available on kdc
Port 9860 is not available on scm1.org yet
Port 9860 is not available on scm1.org yet
Port 9860 is not available on scm1.org yet
Port 9860 is not available on scm1.org yet
Port 9860 is not available on scm1.org yet
Port 9860 is not available on scm1.org yet
Port 9860 is not available on scm1.org yet
Port 9860 is not available on scm1.org yet
Port 9860 is not available on scm1.org yet
Port 9860 is not available on scm1.org yet
Port 9860 is not available on scm1.org yet
Port 9860 is not available on scm1.org yet
Port 9860 is not available on scm1.org yet
Port 9860 is not available on scm1.org yet
Port 9860 is not available on scm1.org yet
Port 9860 is available on scm1.org
SCM is in safe mode. Will retry in 1 sec. Remaining time (sec): 237
SCM is in safe mode. Will retry in 1 sec. Remaining time (sec): 236
SCM is in safe mode. Will retry in 1 sec. Remaining time (sec): 235
SCM is in safe mode. Will retry in 1 sec. Remaining time (sec): 234
SCM is in safe mode. Will retry in 1 sec. Remaining time (sec): 233
SCM is in safe mode. Will retry in 1 sec. Remaining time (sec): 232
SCM is in safe mode. Will retry in 1 sec. Remaining time (sec): 231
SCM is in safe mode. Will retry in 1 sec. Remaining time (sec): 230
SCM is in safe mode. Will retry in 1 sec. Remaining time (sec): 228
SCM is in safe mode. Will retry in 1 sec. Remaining time (sec): 227
SCM is in safe mode. Will retry in 1 sec. Remaining time (sec): 226
SCM is in safe mode. Will retry in 1 sec. Remaining time (sec): 225
SCM is in safe mode. Will retry in 1 sec. Remaining time (sec): 224
SCM is in safe mode. Will retry in 1 sec. Remaining time (sec): 223
SCM is in safe mode. Will retry in 1 sec. Remaining time (sec): 222
SCM is in safe mode. Will retry in 1 sec. Remaining time (sec): 221
SCM is in safe mode. Will retry in 1 sec. Remaining time (sec): 220
SCM is in safe mode. Will retry in 1 sec. Remaining time (sec): 219
SCM is in safe mode. Will retry in 1 sec. Remaining time (sec): 218
SCM is in safe mode. Will retry in 1 sec. Remaining time (sec): 217
SCM is in safe mode. Will retry in 1 sec. Remaining time (sec): 216
SCM is in safe mode. Will retry in 1 sec. Remaining time (sec): 215
SCM is in safe mode. Will retry in 1 sec. Remaining time (sec): 214
SCM is in safe mode. Will retry in 1 sec. Remaining time (sec): 213
SCM is in safe mode. Will retry in 1 sec. Remaining time (sec): 212
SCM is in safe mode. Will retry in 1 sec. Remaining time (sec): 211
SCM is in safe mode. Will retry in 1 sec. Remaining time (sec): 210
SCM is in safe mode. Will retry in 1 sec. Remaining time (sec): 209
SCM is in safe mode. Will retry in 1 sec. Remaining time (sec): 208
SCM is in safe mode. Will retry in 1 sec. Remaining time (sec): 207
SCM is in safe mode. Will retry in 1 sec. Remaining time (sec): 206
SCM is in safe mode. Will retry in 1 sec. Remaining time (sec): 205
SCM is in safe mode. Will retry in 1 sec. Remaining time (sec): 204
SCM is in safe mode. Will retry in 1 sec. Remaining time (sec): 203
SCM is in safe mode. Will retry in 1 sec. Remaining time (sec): 202
SCM is in safe mode. Will retry in 1 sec. Remaining time (sec): 201
SCM is in safe mode. Will retry in 1 sec. Remaining time (sec): 200
SCM is in safe mode. Will retry in 1 sec. Remaining time (sec): 199
SCM is in safe mode. Will retry in 1 sec. Remaining time (sec): 198
SCM is in safe mode. Will retry in 1 sec. Remaining time (sec): 197
SCM is in safe mode. Will retry in 1 sec. Remaining time (sec): 196
SCM is in safe mode. Will retry in 1 sec. Remaining time (sec): 195
SCM is in safe mode. Will retry in 1 sec. Remaining time (sec): 194
SCM is in safe mode. Will retry in 1 sec. Remaining time (sec): 193
SCM is in safe mode. Will retry in 1 sec. Remaining time (sec): 192
SCM is in safe mode. Will retry in 1 sec. Remaining time (sec): 191
SCM is in safe mode. Will retry in 1 sec. Remaining time (sec): 190
SCM is in safe mode. Will retry in 1 sec. Remaining time (sec): 189
SCM is in safe mode. Will retry in 1 sec. Remaining time (sec): 188
SCM is in safe mode. Will retry in 1 sec. Remaining time (sec): 187
SCM is in safe mode. Will retry in 1 sec. Remaining time (sec): 186
SCM is in safe mode. Will retry in 1 sec. Remaining time (sec): 185
SCM is in safe mode. Will retry in 1 sec. Remaining time (sec): 184
SCM is in safe mode. Will retry in 1 sec. Remaining time (sec): 183
SCM is in safe mode. Will retry in 1 sec. Remaining time (sec): 182
SCM is in safe mode. Will retry in 1 sec. Remaining time (sec): 181
SCM is in safe mode. Will retry in 1 sec. Remaining time (sec): 180
SCM is in safe mode. Will retry in 1 sec. Remaining time (sec): 179
SCM is in safe mode. Will retry in 1 sec. Remaining time (sec): 178
SCM is in safe mode. Will retry in 1 sec. Remaining time (sec): 177
SCM is in safe mode. Will retry in 1 sec. Remaining time (sec): 176
SCM is in safe mode. Will retry in 1 sec. Remaining time (sec): 175
SCM is in safe mode. Will retry in 1 sec. Remaining time (sec): 174
SCM is in safe mode. Will retry in 1 sec. Remaining time (sec): 173
SCM is in safe mode. Will retry in 1 sec. Remaining time (sec): 172
SCM is in safe mode. Will retry in 1 sec. Remaining time (sec): 171
SCM is in safe mode. Will retry in 1 sec. Remaining time (sec): 170
SCM is in safe mode. Will retry in 1 sec. Remaining time (sec): 169
SCM is in safe mode. Will retry in 1 sec. Remaining time (sec): 168
SCM is in safe mode. Will retry in 1 sec. Remaining time (sec): 167
SCM is in safe mode. Will retry in 1 sec. Remaining time (sec): 166
SCM is in safe mode. Will retry in 1 sec. Remaining time (sec): 165
SCM is in safe mode. Will retry in 1 sec. Remaining time (sec): 164
SCM is in safe mode. Will retry in 1 sec. Remaining time (sec): 163
SCM is in safe mode. Will retry in 1 sec. Remaining time (sec): 162
SCM is in safe mode. Will retry in 1 sec. Remaining time (sec): 161
SCM is in safe mode. Will retry in 1 sec. Remaining time (sec): 160
SCM is in safe mode. Will retry in 1 sec. Remaining time (sec): 159
SCM is in safe mode. Will retry in 1 sec. Remaining time (sec): 158
SCM is in safe mode. Will retry in 1 sec. Remaining time (sec): 157
SCM is in safe mode. Will retry in 1 sec. Remaining time (sec): 156
SCM is in safe mode. Will retry in 1 sec. Remaining time (sec): 155
SCM is in safe mode. Will retry in 1 sec. Remaining time (sec): 154
SCM is in safe mode. Will retry in 1 sec. Remaining time (sec): 153
SCM is in safe mode. Will retry in 1 sec. Remaining time (sec): 152
SCM is in safe mode. Will retry in 1 sec. Remaining time (sec): 151
SCM is in safe mode. Will retry in 1 sec. Remaining time (sec): 150
SCM is in safe mode. Will retry in 1 sec. Remaining time (sec): 149
SCM is in safe mode. Will retry in 1 sec. Remaining time (sec): 148
SCM is in safe mode. Will retry in 1 sec. Remaining time (sec): 147
SCM is in safe mode. Will retry in 1 sec. Remaining time (sec): 146
SCM is in safe mode. Will retry in 1 sec. Remaining time (sec): 145
SCM is in safe mode. Will retry in 1 sec. Remaining time (sec): 144
SCM is in safe mode. Will retry in 1 sec. Remaining time (sec): 143
SCM is in safe mode. Will retry in 1 sec. Remaining time (sec): 142
SCM is in safe mode. Will retry in 1 sec. Remaining time (sec): 141
SCM is in safe mode. Will retry in 1 sec. Remaining time (sec): 140
SCM is in safe mode. Will retry in 1 sec. Remaining time (sec): 139
SCM is in safe mode. Will retry in 1 sec. Remaining time (sec): 138
SCM is in safe mode. Will retry in 1 sec. Remaining time (sec): 137
SCM is in safe mode. Will retry in 1 sec. Remaining time (sec): 136
SCM is in safe mode. Will retry in 1 sec. Remaining time (sec): 135
SCM is in safe mode. Will retry in 1 sec. Remaining time (sec): 134
SCM is in safe mode. Will retry in 1 sec. Remaining time (sec): 133
SCM is in safe mode. Will retry in 1 sec. Remaining time (sec): 132
SCM is in safe mode. Will retry in 1 sec. Remaining time (sec): 131
SCM is in safe mode. Will retry in 1 sec. Remaining time (sec): 130
SCM is in safe mode. Will retry in 1 sec. Remaining time (sec): 129
SCM is in safe mode. Will retry in 1 sec. Remaining time (sec): 128
SCM is in safe mode. Will retry in 1 sec. Remaining time (sec): 127
SCM is in safe mode. Will retry in 1 sec. Remaining time (sec): 126
SCM is in safe mode. Will retry in 1 sec. Remaining time (sec): 125
SCM is in safe mode. Will retry in 1 sec. Remaining time (sec): 123
SCM is in safe mode. Will retry in 1 sec. Remaining time (sec): 122
SCM is in safe mode. Will retry in 1 sec. Remaining time (sec): 121
SCM is in safe mode. Will retry in 1 sec. Remaining time (sec): 120
SCM is in safe mode. Will retry in 1 sec. Remaining time (sec): 119
SCM is in safe mode. Will retry in 1 sec. Remaining time (sec): 118
SCM is in safe mode. Will retry in 1 sec. Remaining time (sec): 117
SCM is in safe mode. Will retry in 1 sec. Remaining time (sec): 116
SCM is in safe mode. Will retry in 1 sec. Remaining time (sec): 115
SCM is in safe mode. Will retry in 1 sec. Remaining time (sec): 114
SCM is in safe mode. Will retry in 1 sec. Remaining time (sec): 113
SCM is in safe mode. Will retry in 1 sec. Remaining time (sec): 112
SCM is in safe mode. Will retry in 1 sec. Remaining time (sec): 111
SCM is in safe mode. Will retry in 1 sec. Remaining time (sec): 110
SCM is in safe mode. Will retry in 1 sec. Remaining time (sec): 109
SCM is in safe mode. Will retry in 1 sec. Remaining time (sec): 108
SCM is in safe mode. Will retry in 1 sec. Remaining time (sec): 107
SCM is in safe mode. Will retry in 1 sec. Remaining time (sec): 106
SCM is in safe mode. Will retry in 1 sec. Remaining time (sec): 105
SCM is in safe mode. Will retry in 1 sec. Remaining time (sec): 104
SCM is in safe mode. Will retry in 1 sec. Remaining time (sec): 103
SCM is in safe mode. Will retry in 1 sec. Remaining time (sec): 102
SCM is in safe mode. Will retry in 1 sec. Remaining time (sec): 101
SCM is in safe mode. Will retry in 1 sec. Remaining time (sec): 100
SCM is in safe mode. Will retry in 1 sec. Remaining time (sec): 99
SCM is in safe mode. Will retry in 1 sec. Remaining time (sec): 98
SCM is in safe mode. Will retry in 1 sec. Remaining time (sec): 97
SCM is in safe mode. Will retry in 1 sec. Remaining time (sec): 96
SCM is out of safe mode.
Found OM leader for service omservice: om1 : LEADER (om1)
Replaced OM order with om1,om3,om2 in ozonesecure-ha_datanode1_1
Replaced OM order with om1,om3,om2 in ozonesecure-ha_datanode2_1
Replaced OM order with om1,om3,om2 in ozonesecure-ha_datanode3_1
Replaced OM order with om1,om3,om2 in ozonesecure-ha_recon_1
Replaced OM order with om1,om3,om2 in ozonesecure-ha_s3g_1
Replaced OM order with om1,om3,om2 in ozonesecure-ha_scm1.org_1
Replaced OM order with om1,om3,om2 in ozonesecure-ha_scm2.org_1
Replaced OM order with om1,om3,om2 in ozonesecure-ha_scm3.org_1
key1 has been successfully created with options Options{cipher='AES/CTR/NoPadding', bitLength=128, description='null', attributes=null}.
org.apache.hadoop.crypto.key.kms.LoadBalancingKMSClientProvider@662b4c69 has been updated.
==============================================================================
Kinit :: Kinit test user                                                      
==============================================================================
Kinit                                                                 | PASS |
------------------------------------------------------------------------------
Kinit :: Kinit test user                                              | PASS |
1 test, 1 passed, 0 failed
==============================================================================
Output:  /tmp/smoketest/ozonesecure-ha/result/robot-1.xml
"RootCARotationManager-Active" #271 daemon prio=5 os_prio=0 cpu=1112.03ms elapsed=229.53s tid=0x00007f7014d56800 nid=0x26b waiting on condition  [0x00007f6fd28b5000]
jps | grep StorageContainerManagerStarter | sed 's/StorageContainerManagerStarter//' | xargs  | xargs -I {} jstack {} | grep 'RootCARotationManager-Active' succeed
Certificate id: 2
  [0]         Version: 3
         SerialNumber: 2
             IssuerDN: CN=scm-2@scm1.org,OU=043f1765-174f-49ca-a549-d56f7886fccd,O=CID-1277fe08-cdcf-494a-b2e6-d6ffca0bd962
           Start Date: Wed Jul 26 04:34:51 UTC 2023
           Final Date: Wed Jul 26 04:38:51 UTC 2023
            SubjectDN: CN=scm-2@scm1.org,OU=043f1765-174f-49ca-a549-d56f7886fccd,O=CID-1277fe08-cdcf-494a-b2e6-d6ffca0bd962
           Public Key: RSA Public Key [03:b0:4c:4f:7c:d0:be:06:ff:18:98:d2:48:0b:a8:24:87:e4:72:27],[56:66:d1:a4]
        modulus: c3ffed57050f34cc9222777d87cfa8edc04cd98ebb576ebef0d184be4d6ff276f03b5a4c62ea39fd253cbffde186828abc1366e5d999a0ceb12de443a01d54dc7df1b5eb323a4ebb6a47a5a0859958a5404497046e6b8d4ef35e7865fb713e8c7e1237fca73b2854c86573cc80840309bb8b268ce046c7aeb17a3a4659bab073da7a7b738b4e1d40d51c66a0a036dd633dcf08e47511cebb7dd5ef112520503ae8f64bdbeea6128190d05b8e3ac4211e3eedd86afc12d5363ecbd8950df430135c53b10b209e2614a2e3e9fa818425b7c8f317d64a3eafa8634d5c8b3fb0c97f914b069b3de5fbb03c68c5821b4c059878a65df6ce550f27e341be46ae45446d
public exponent: 10001

  Signature Algorithm: SHA256withRSA
            Signature: 11e169a32b15e08ae6c7c2f6af4d4a52b7760647
                       cf54f5ccc8e41b55210f34ec952125557929eefb
                       ab1a7533d0a54019c2657c8f5960ddbd9b66aeef
                       908abd32c90e981ff9b2e5194ec30d4a201369cd
                       d6d843e8be5efeac52bb64145d70e07a07fb94c9
                       7679856fa7b2c29039aba80dc93d2e3208126b7b
                       3337eb7662d6fe57e5144b496ca6166558f19ed2
                       3692cad94b40de18abd4ceecb997c53f16199f2c
                       1addab595c116e42d007e3930fbb7208575a8a34
                       3c526f06c963b5902b93d950cd86895b4cb1d0d2
                       526e986cecb3c710efbbd8a1ef87ffca9ec38aea
                       6b1d8cf2656abf34c44903ee2bc404f337a4e409
                       a1e0c93a61e8b4f995b15d170cbbfd0b
       Extensions: 
                       critical(true) BasicConstraints: isCa(true)
                       critical(true) KeyUsage: 0x6
                       critical(false) 2.5.29.17 value = Sequence
    Tagged [7] IMPLICIT 
        DER Octet String[4] 
    Tagged [2] IMPLICIT 
        DER Octet String[8] 


ozone admin cert info 2 succeed
==============================================================================
Scm-Leader-Transfer :: Smoketest ozone cluster startup                        
==============================================================================
Transfer Leadership                                                   | PASS |
------------------------------------------------------------------------------
Scm-Leader-Transfer :: Smoketest ozone cluster startup                | PASS |
1 test, 1 passed, 0 failed
==============================================================================
Output:  /tmp/smoketest/ozonesecure-ha/result/robot-2.xml
"RootCARotationManager-Inactive" #271 daemon prio=5 os_prio=0 cpu=1128.84ms elapsed=282.69s tid=0x00007f7014d56800 nid=0x26b waiting on condition  [0x00007f6fd28b5000]
jps | grep StorageContainerManagerStarter | sed 's/StorageContainerManagerStarter//' | xargs | xargs -I {} jstack {} | grep 'RootCARotationManager-Inactive' succeed
==============================================================================
Root-Ca-Rotation-Client-Checks :: Generate data                               
==============================================================================
Create a volume and bucket                                            | PASS |
------------------------------------------------------------------------------
Create key                                                            | FAIL |
Test timeout 5 minutes exceeded.
------------------------------------------------------------------------------
Read data from previously created key                                 | FAIL |
255 != 0
------------------------------------------------------------------------------
Root-Ca-Rotation-Client-Checks :: Generate data                       | FAIL |
3 tests, 1 passed, 2 failed
==============================================================================
Output:  /tmp/smoketest/ozonesecure-ha/result/robot-3.xml
jstack 7 > /home/runner/work/ozone/ozone/hadoop-ozone/dist/target/ozone-1.4.0-SNAPSHOT/compose/ozonesecure-ha/result/ozonesecure-ha_datanode1_1_HddsDatanodeService.stack
jstack 7 > /home/runner/work/ozone/ozone/hadoop-ozone/dist/target/ozone-1.4.0-SNAPSHOT/compose/ozonesecure-ha/result/ozonesecure-ha_datanode2_1_HddsDatanodeService.stack
jstack 6 > /home/runner/work/ozone/ozone/hadoop-ozone/dist/target/ozone-1.4.0-SNAPSHOT/compose/ozonesecure-ha/result/ozonesecure-ha_datanode3_1_HddsDatanodeService.stack
jstack 7 > /home/runner/work/ozone/ozone/hadoop-ozone/dist/target/ozone-1.4.0-SNAPSHOT/compose/ozonesecure-ha/result/ozonesecure-ha_om1_1_OzoneManagerStarter.stack
jstack 7 > /home/runner/work/ozone/ozone/hadoop-ozone/dist/target/ozone-1.4.0-SNAPSHOT/compose/ozonesecure-ha/result/ozonesecure-ha_om2_1_OzoneManagerStarter.stack
jstack 7 > /home/runner/work/ozone/ozone/hadoop-ozone/dist/target/ozone-1.4.0-SNAPSHOT/compose/ozonesecure-ha/result/ozonesecure-ha_om3_1_OzoneManagerStarter.stack
jstack 7 > /home/runner/work/ozone/ozone/hadoop-ozone/dist/target/ozone-1.4.0-SNAPSHOT/compose/ozonesecure-ha/result/ozonesecure-ha_recon_1_ReconServer.stack
jstack 7 > /home/runner/work/ozone/ozone/hadoop-ozone/dist/target/ozone-1.4.0-SNAPSHOT/compose/ozonesecure-ha/result/ozonesecure-ha_s3g_1_Gateway.stack
jstack 6 > /home/runner/work/ozone/ozone/hadoop-ozone/dist/target/ozone-1.4.0-SNAPSHOT/compose/ozonesecure-ha/result/ozonesecure-ha_scm1.org_1_StorageContainerManagerStarter.stack
jstack 2103 > /home/runner/work/ozone/ozone/hadoop-ozone/dist/target/ozone-1.4.0-SNAPSHOT/compose/ozonesecure-ha/result/ozonesecure-ha_scm1.org_1_OzoneShell.stack
jstack 7 > /home/runner/work/ozone/ozone/hadoop-ozone/dist/target/ozone-1.4.0-SNAPSHOT/compose/ozonesecure-ha/result/ozonesecure-ha_scm2.org_1_StorageContainerManagerStarter.stack
jstack 7 > /home/runner/work/ozone/ozone/hadoop-ozone/dist/target/ozone-1.4.0-SNAPSHOT/compose/ozonesecure-ha/result/ozonesecure-ha_scm3.org_1_StorageContainerManagerStarter.stack
Stopping ozonesecure-ha_om1_1       ... 
Stopping ozonesecure-ha_kdc_1       ... 
Stopping ozonesecure-ha_s3g_1       ... 
Stopping ozonesecure-ha_scm1.org_1  ... 
Stopping ozonesecure-ha_kms_1       ... 
Stopping ozonesecure-ha_scm2.org_1  ... 
Stopping ozonesecure-ha_scm3.org_1  ... 
Stopping ozonesecure-ha_om2_1       ... 
Stopping ozonesecure-ha_datanode2_1 ... 
Stopping ozonesecure-ha_recon_1     ... 
Stopping ozonesecure-ha_datanode1_1 ... 
Stopping ozonesecure-ha_datanode3_1 ... 
Stopping ozonesecure-ha_om3_1       ... 
Stopping ozonesecure-ha_httpfs_1    ... 
Stopping ozonesecure-ha_kdc_1       ... done
Stopping ozonesecure-ha_kms_1       ... done
Stopping ozonesecure-ha_httpfs_1    ... done
Stopping ozonesecure-ha_s3g_1       ... done
Stopping ozonesecure-ha_datanode2_1 ... done
Stopping ozonesecure-ha_datanode1_1 ... done
Stopping ozonesecure-ha_datanode3_1 ... done
Stopping ozonesecure-ha_recon_1     ... done
Stopping ozonesecure-ha_om2_1       ... done
Stopping ozonesecure-ha_om3_1       ... done
Stopping ozonesecure-ha_om1_1       ... done
Stopping ozonesecure-ha_scm2.org_1  ... done
Stopping ozonesecure-ha_scm1.org_1  ... done
Stopping ozonesecure-ha_scm3.org_1  ... done
Removing ozonesecure-ha_om1_1       ... 
Removing ozonesecure-ha_kdc_1       ... 
Removing ozonesecure-ha_s3g_1       ... 
Removing ozonesecure-ha_scm1.org_1  ... 
Removing ozonesecure-ha_kms_1       ... 
Removing ozonesecure-ha_scm2.org_1  ... 
Removing ozonesecure-ha_scm3.org_1  ... 
Removing ozonesecure-ha_om2_1       ... 
Removing ozonesecure-ha_datanode2_1 ... 
Removing ozonesecure-ha_recon_1     ... 
Removing ozonesecure-ha_datanode1_1 ... 
Removing ozonesecure-ha_datanode3_1 ... 
Removing ozonesecure-ha_om3_1       ... 
Removing ozonesecure-ha_httpfs_1    ... 
Removing ozonesecure-ha_httpfs_1    ... done
Removing ozonesecure-ha_om1_1       ... done
Removing ozonesecure-ha_kms_1       ... done
Removing ozonesecure-ha_s3g_1       ... done
Removing ozonesecure-ha_om3_1       ... done
Removing ozonesecure-ha_kdc_1       ... done
Removing ozonesecure-ha_datanode1_1 ... done
Removing ozonesecure-ha_scm1.org_1  ... done
Removing ozonesecure-ha_datanode2_1 ... done
Removing ozonesecure-ha_om2_1       ... done
Removing ozonesecure-ha_recon_1     ... done
Removing ozonesecure-ha_scm2.org_1  ... done
Removing ozonesecure-ha_scm3.org_1  ... done
Removing ozonesecure-ha_datanode3_1 ... done
Removing network ozonesecure-ha_ozone_net
ERROR: Test execution of ozonesecure-ha/test-root-ca-rotation.sh is FAILED!!!!
Output:  /home/runner/work/ozone/ozone/hadoop-ozone/dist/target/ozone-1.4.0-SNAPSHOT/compose/result/ozonesecure-ha-root-ca-rotation.xml
removed 'ozonesecure-ha/result/robot-1.xml'
removed 'ozonesecure-ha/result/robot-2.xml'
removed 'ozonesecure-ha/result/robot-3.xml'
renamed 'ozonesecure-ha/result/dn-audit-5d32171066f2.log' -> '/home/runner/work/ozone/ozone/hadoop-ozone/dist/target/ozone-1.4.0-SNAPSHOT/compose/result/ozonesecure-ha/root-ca-rotation/dn-audit-5d32171066f2.log'
renamed 'ozonesecure-ha/result/dn-audit-6d118f358af9.log' -> '/home/runner/work/ozone/ozone/hadoop-ozone/dist/target/ozone-1.4.0-SNAPSHOT/compose/result/ozonesecure-ha/root-ca-rotation/dn-audit-6d118f358af9.log'
renamed 'ozonesecure-ha/result/dn-audit-c6da66539632.log' -> '/home/runner/work/ozone/ozone/hadoop-ozone/dist/target/ozone-1.4.0-SNAPSHOT/compose/result/ozonesecure-ha/root-ca-rotation/dn-audit-c6da66539632.log'
renamed 'ozonesecure-ha/result/docker-ozonesecure-ha_datanode1_1.log' -> '/home/runner/work/ozone/ozone/hadoop-ozone/dist/target/ozone-1.4.0-SNAPSHOT/compose/result/ozonesecure-ha/root-ca-rotation/docker-ozonesecure-ha_datanode1_1.log'
renamed 'ozonesecure-ha/result/docker-ozonesecure-ha_datanode2_1.log' -> '/home/runner/work/ozone/ozone/hadoop-ozone/dist/target/ozone-1.4.0-SNAPSHOT/compose/result/ozonesecure-ha/root-ca-rotation/docker-ozonesecure-ha_datanode2_1.log'
renamed 'ozonesecure-ha/result/docker-ozonesecure-ha_datanode3_1.log' -> '/home/runner/work/ozone/ozone/hadoop-ozone/dist/target/ozone-1.4.0-SNAPSHOT/compose/result/ozonesecure-ha/root-ca-rotation/docker-ozonesecure-ha_datanode3_1.log'
renamed 'ozonesecure-ha/result/docker-ozonesecure-ha_httpfs_1.log' -> '/home/runner/work/ozone/ozone/hadoop-ozone/dist/target/ozone-1.4.0-SNAPSHOT/compose/result/ozonesecure-ha/root-ca-rotation/docker-ozonesecure-ha_httpfs_1.log'
renamed 'ozonesecure-ha/result/docker-ozonesecure-ha_kdc_1.log' -> '/home/runner/work/ozone/ozone/hadoop-ozone/dist/target/ozone-1.4.0-SNAPSHOT/compose/result/ozonesecure-ha/root-ca-rotation/docker-ozonesecure-ha_kdc_1.log'
renamed 'ozonesecure-ha/result/docker-ozonesecure-ha_kms_1.log' -> '/home/runner/work/ozone/ozone/hadoop-ozone/dist/target/ozone-1.4.0-SNAPSHOT/compose/result/ozonesecure-ha/root-ca-rotation/docker-ozonesecure-ha_kms_1.log'
renamed 'ozonesecure-ha/result/docker-ozonesecure-ha_om1_1.log' -> '/home/runner/work/ozone/ozone/hadoop-ozone/dist/target/ozone-1.4.0-SNAPSHOT/compose/result/ozonesecure-ha/root-ca-rotation/docker-ozonesecure-ha_om1_1.log'
renamed 'ozonesecure-ha/result/docker-ozonesecure-ha_om2_1.log' -> '/home/runner/work/ozone/ozone/hadoop-ozone/dist/target/ozone-1.4.0-SNAPSHOT/compose/result/ozonesecure-ha/root-ca-rotation/docker-ozonesecure-ha_om2_1.log'
renamed 'ozonesecure-ha/result/docker-ozonesecure-ha_om3_1.log' -> '/home/runner/work/ozone/ozone/hadoop-ozone/dist/target/ozone-1.4.0-SNAPSHOT/compose/result/ozonesecure-ha/root-ca-rotation/docker-ozonesecure-ha_om3_1.log'
renamed 'ozonesecure-ha/result/docker-ozonesecure-ha_recon_1.log' -> '/home/runner/work/ozone/ozone/hadoop-ozone/dist/target/ozone-1.4.0-SNAPSHOT/compose/result/ozonesecure-ha/root-ca-rotation/docker-ozonesecure-ha_recon_1.log'
renamed 'ozonesecure-ha/result/docker-ozonesecure-ha_s3g_1.log' -> '/home/runner/work/ozone/ozone/hadoop-ozone/dist/target/ozone-1.4.0-SNAPSHOT/compose/result/ozonesecure-ha/root-ca-rotation/docker-ozonesecure-ha_s3g_1.log'
renamed 'ozonesecure-ha/result/docker-ozonesecure-ha_scm1.org_1.log' -> '/home/runner/work/ozone/ozone/hadoop-ozone/dist/target/ozone-1.4.0-SNAPSHOT/compose/result/ozonesecure-ha/root-ca-rotation/docker-ozonesecure-ha_scm1.org_1.log'
renamed 'ozonesecure-ha/result/docker-ozonesecure-ha_scm2.org_1.log' -> '/home/runner/work/ozone/ozone/hadoop-ozone/dist/target/ozone-1.4.0-SNAPSHOT/compose/result/ozonesecure-ha/root-ca-rotation/docker-ozonesecure-ha_scm2.org_1.log'
renamed 'ozonesecure-ha/result/docker-ozonesecure-ha_scm3.org_1.log' -> '/home/runner/work/ozone/ozone/hadoop-ozone/dist/target/ozone-1.4.0-SNAPSHOT/compose/result/ozonesecure-ha/root-ca-rotation/docker-ozonesecure-ha_scm3.org_1.log'
renamed 'ozonesecure-ha/result/kms-audit.log' -> '/home/runner/work/ozone/ozone/hadoop-ozone/dist/target/ozone-1.4.0-SNAPSHOT/compose/result/ozonesecure-ha/root-ca-rotation/kms-audit.log'
renamed 'ozonesecure-ha/result/om-audit-om1.log' -> '/home/runner/work/ozone/ozone/hadoop-ozone/dist/target/ozone-1.4.0-SNAPSHOT/compose/result/ozonesecure-ha/root-ca-rotation/om-audit-om1.log'
renamed 'ozonesecure-ha/result/om-audit-om2.log' -> '/home/runner/work/ozone/ozone/hadoop-ozone/dist/target/ozone-1.4.0-SNAPSHOT/compose/result/ozonesecure-ha/root-ca-rotation/om-audit-om2.log'
renamed 'ozonesecure-ha/result/om-audit-om3.log' -> '/home/runner/work/ozone/ozone/hadoop-ozone/dist/target/ozone-1.4.0-SNAPSHOT/compose/result/ozonesecure-ha/root-ca-rotation/om-audit-om3.log'
renamed 'ozonesecure-ha/result/ozonesecure-ha_datanode1_1_HddsDatanodeService.stack' -> '/home/runner/work/ozone/ozone/hadoop-ozone/dist/target/ozone-1.4.0-SNAPSHOT/compose/result/ozonesecure-ha/root-ca-rotation/ozonesecure-ha_datanode1_1_HddsDatanodeService.stack'
renamed 'ozonesecure-ha/result/ozonesecure-ha_datanode2_1_HddsDatanodeService.stack' -> '/home/runner/work/ozone/ozone/hadoop-ozone/dist/target/ozone-1.4.0-SNAPSHOT/compose/result/ozonesecure-ha/root-ca-rotation/ozonesecure-ha_datanode2_1_HddsDatanodeService.stack'
renamed 'ozonesecure-ha/result/ozonesecure-ha_datanode3_1_HddsDatanodeService.stack' -> '/home/runner/work/ozone/ozone/hadoop-ozone/dist/target/ozone-1.4.0-SNAPSHOT/compose/result/ozonesecure-ha/root-ca-rotation/ozonesecure-ha_datanode3_1_HddsDatanodeService.stack'
renamed 'ozonesecure-ha/result/ozonesecure-ha_om1_1_OzoneManagerStarter.stack' -> '/home/runner/work/ozone/ozone/hadoop-ozone/dist/target/ozone-1.4.0-SNAPSHOT/compose/result/ozonesecure-ha/root-ca-rotation/ozonesecure-ha_om1_1_OzoneManagerStarter.stack'
renamed 'ozonesecure-ha/result/ozonesecure-ha_om2_1_OzoneManagerStarter.stack' -> '/home/runner/work/ozone/ozone/hadoop-ozone/dist/target/ozone-1.4.0-SNAPSHOT/compose/result/ozonesecure-ha/root-ca-rotation/ozonesecure-ha_om2_1_OzoneManagerStarter.stack'
renamed 'ozonesecure-ha/result/ozonesecure-ha_om3_1_OzoneManagerStarter.stack' -> '/home/runner/work/ozone/ozone/hadoop-ozone/dist/target/ozone-1.4.0-SNAPSHOT/compose/result/ozonesecure-ha/root-ca-rotation/ozonesecure-ha_om3_1_OzoneManagerStarter.stack'
renamed 'ozonesecure-ha/result/ozonesecure-ha_recon_1_ReconServer.stack' -> '/home/runner/work/ozone/ozone/hadoop-ozone/dist/target/ozone-1.4.0-SNAPSHOT/compose/result/ozonesecure-ha/root-ca-rotation/ozonesecure-ha_recon_1_ReconServer.stack'
renamed 'ozonesecure-ha/result/ozonesecure-ha_s3g_1_Gateway.stack' -> '/home/runner/work/ozone/ozone/hadoop-ozone/dist/target/ozone-1.4.0-SNAPSHOT/compose/result/ozonesecure-ha/root-ca-rotation/ozonesecure-ha_s3g_1_Gateway.stack'
renamed 'ozonesecure-ha/result/ozonesecure-ha_scm1.org_1_OzoneShell.stack' -> '/home/runner/work/ozone/ozone/hadoop-ozone/dist/target/ozone-1.4.0-SNAPSHOT/compose/result/ozonesecure-ha/root-ca-rotation/ozonesecure-ha_scm1.org_1_OzoneShell.stack'
renamed 'ozonesecure-ha/result/ozonesecure-ha_scm1.org_1_StorageContainerManagerStarter.stack' -> '/home/runner/work/ozone/ozone/hadoop-ozone/dist/target/ozone-1.4.0-SNAPSHOT/compose/result/ozonesecure-ha/root-ca-rotation/ozonesecure-ha_scm1.org_1_StorageContainerManagerStarter.stack'
renamed 'ozonesecure-ha/result/ozonesecure-ha_scm2.org_1_StorageContainerManagerStarter.stack' -> '/home/runner/work/ozone/ozone/hadoop-ozone/dist/target/ozone-1.4.0-SNAPSHOT/compose/result/ozonesecure-ha/root-ca-rotation/ozonesecure-ha_scm2.org_1_StorageContainerManagerStarter.stack'
renamed 'ozonesecure-ha/result/ozonesecure-ha_scm3.org_1_StorageContainerManagerStarter.stack' -> '/home/runner/work/ozone/ozone/hadoop-ozone/dist/target/ozone-1.4.0-SNAPSHOT/compose/result/ozonesecure-ha/root-ca-rotation/ozonesecure-ha_scm3.org_1_StorageContainerManagerStarter.stack'
renamed 'ozonesecure-ha/result/s3g-audit-s3g.log' -> '/home/runner/work/ozone/ozone/hadoop-ozone/dist/target/ozone-1.4.0-SNAPSHOT/compose/result/ozonesecure-ha/root-ca-rotation/s3g-audit-s3g.log'
renamed 'ozonesecure-ha/result/scm-audit-scm1.org.log' -> '/home/runner/work/ozone/ozone/hadoop-ozone/dist/target/ozone-1.4.0-SNAPSHOT/compose/result/ozonesecure-ha/root-ca-rotation/scm-audit-scm1.org.log'
renamed 'ozonesecure-ha/result/scm-audit-scm2.org.log' -> '/home/runner/work/ozone/ozone/hadoop-ozone/dist/target/ozone-1.4.0-SNAPSHOT/compose/result/ozonesecure-ha/root-ca-rotation/scm-audit-scm2.org.log'
renamed 'ozonesecure-ha/result/scm-audit-scm3.org.log' -> '/home/runner/work/ozone/ozone/hadoop-ozone/dist/target/ozone-1.4.0-SNAPSHOT/compose/result/ozonesecure-ha/root-ca-rotation/scm-audit-scm3.org.log'
Executing test ozonesecure/test-certificate-rotation.sh
Removing network ozonesecure_default
Network ozonesecure_default not found.
Creating network "ozonesecure_default" with the default driver
Creating ozonesecure_kms_1 ... 
Creating ozonesecure_s3g_1 ... 
Creating ozonesecure_datanode_1 ... 
Creating ozonesecure_datanode_2 ... 
Creating ozonesecure_datanode_3 ... 
Creating ozonesecure_recon_1    ... 
Creating ozonesecure_scm_1      ... 
Creating ozonesecure_kdc_1      ... 
Creating ozonesecure_httpfs_1   ... 
Creating ozonesecure_om_1       ... 
Creating ozonesecure_recon_1    ... done
Creating ozonesecure_s3g_1      ... done
Creating ozonesecure_kms_1      ... done
Creating ozonesecure_kdc_1      ... done
Creating ozonesecure_scm_1      ... done
Creating ozonesecure_datanode_1 ... done
Creating ozonesecure_om_1       ... done
Creating ozonesecure_datanode_3 ... done
Creating ozonesecure_httpfs_1   ... done
Creating ozonesecure_datanode_2 ... done
Port 88 is available on kdc
Port 9860 is not available on scm yet
Port 9860 is not available on scm yet
Port 9860 is not available on scm yet
Port 9860 is not available on scm yet
Port 9860 is not available on scm yet
Port 9860 is not available on scm yet
Port 9860 is not available on scm yet
Port 9860 is not available on scm yet
Port 9860 is not available on scm yet
Port 9860 is not available on scm yet
Port 9860 is not available on scm yet
Port 9860 is not available on scm yet
Port 9860 is not available on scm yet
Port 9860 is not available on scm yet
Port 9860 is not available on scm yet
Port 9860 is not available on scm yet
Port 9860 is not available on scm yet
Port 9860 is not available on scm yet
Port 9860 is not available on scm yet
Port 9860 is not available on scm yet
Port 9860 is not available on scm yet
Port 9860 is not available on scm yet
Port 9860 is not available on scm yet
Port 9860 is not available on scm yet
Port 9860 is not available on scm yet
Port 9860 is not available on scm yet
Port 9860 is available on scm
SCM is in safe mode. Will retry in 1 sec. Remaining time (sec): 230
SCM is in safe mode. Will retry in 1 sec. Remaining time (sec): 229
SCM is in safe mode. Will retry in 1 sec. Remaining time (sec): 228
SCM is in safe mode. Will retry in 1 sec. Remaining time (sec): 227
SCM is in safe mode. Will retry in 1 sec. Remaining time (sec): 226
SCM is in safe mode. Will retry in 1 sec. Remaining time (sec): 225
SCM is in safe mode. Will retry in 1 sec. Remaining time (sec): 224
SCM is in safe mode. Will retry in 1 sec. Remaining time (sec): 223
SCM is in safe mode. Will retry in 1 sec. Remaining time (sec): 222
SCM is in safe mode. Will retry in 1 sec. Remaining time (sec): 221
SCM is in safe mode. Will retry in 1 sec. Remaining time (sec): 220
SCM is in safe mode. Will retry in 1 sec. Remaining time (sec): 219
SCM is in safe mode. Will retry in 1 sec. Remaining time (sec): 218
SCM is in safe mode. Will retry in 1 sec. Remaining time (sec): 217
SCM is in safe mode. Will retry in 1 sec. Remaining time (sec): 216
SCM is in safe mode. Will retry in 1 sec. Remaining time (sec): 215
SCM is in safe mode. Will retry in 1 sec. Remaining time (sec): 214
SCM is in safe mode. Will retry in 1 sec. Remaining time (sec): 213
SCM is in safe mode. Will retry in 1 sec. Remaining time (sec): 212
SCM is in safe mode. Will retry in 1 sec. Remaining time (sec): 211
SCM is in safe mode. Will retry in 1 sec. Remaining time (sec): 210
SCM is in safe mode. Will retry in 1 sec. Remaining time (sec): 209
SCM is in safe mode. Will retry in 1 sec. Remaining time (sec): 208
SCM is in safe mode. Will retry in 1 sec. Remaining time (sec): 207
SCM is in safe mode. Will retry in 1 sec. Remaining time (sec): 206
SCM is in safe mode. Will retry in 1 sec. Remaining time (sec): 205
SCM is in safe mode. Will retry in 1 sec. Remaining time (sec): 204
SCM is in safe mode. Will retry in 1 sec. Remaining time (sec): 203
SCM is in safe mode. Will retry in 1 sec. Remaining time (sec): 202
SCM is in safe mode. Will retry in 1 sec. Remaining time (sec): 201
SCM is in safe mode. Will retry in 1 sec. Remaining time (sec): 200
SCM is out of safe mode.
No OM HA service, no need to wait
==============================================================================
Certrotation                                                                  
==============================================================================
Certrotation.Cert-Rotation :: Smoketest ozone cluster startup                 
==============================================================================
Test datanode functions before and after certificate rotation         depth=2 CN = scm-1@scm, OU = edf37878-0f17-45b1-9c75-01c46225ea89, O = CID-e7fb8063-40a6-4a50-8be5-198c92cd416f
verify error:num=19:self signed certificate in certificate chain
depth=2 CN = scm-1@scm, OU = edf37878-0f17-45b1-9c75-01c46225ea89, O = CID-e7fb8063-40a6-4a50-8be5-198c92cd416f
verify error:num=19:self signed certificate in certificate chain
| PASS |
------------------------------------------------------------------------------
Certrotation.Cert-Rotation :: Smoketest ozone cluster startup         | PASS |
1 test, 1 passed, 0 failed
==============================================================================
Certrotation.Root-Ca-Rotation-Client-Checks :: Generate data                  
==============================================================================
Create a volume and bucket                                            | PASS |
------------------------------------------------------------------------------
Create key                                                            | PASS |
------------------------------------------------------------------------------
Read data from previously created key                                 | PASS |
------------------------------------------------------------------------------
Certrotation.Root-Ca-Rotation-Client-Checks :: Generate data          | PASS |
3 tests, 3 passed, 0 failed
==============================================================================
Certrotation                                                          | PASS |
4 tests, 4 passed, 0 failed
==============================================================================
Output:  /tmp/smoketest/ozonesecure/result/robot-1.xml
Stopping ozonesecure_om_1       ... 
Stopping ozonesecure_httpfs_1   ... 
Stopping ozonesecure_kdc_1      ... 
Stopping ozonesecure_datanode_1 ... 
Stopping ozonesecure_scm_1      ... 
Stopping ozonesecure_datanode_2 ... 
Stopping ozonesecure_datanode_3 ... 
Stopping ozonesecure_recon_1    ... 
Stopping ozonesecure_s3g_1      ... 
Stopping ozonesecure_kms_1      ... 
Stopping ozonesecure_kms_1      ... done
Stopping ozonesecure_kdc_1      ... done
Stopping ozonesecure_httpfs_1   ... done
Stopping ozonesecure_s3g_1      ... done
Stopping ozonesecure_recon_1    ... done
Stopping ozonesecure_datanode_2 ... done
Stopping ozonesecure_datanode_1 ... done
Stopping ozonesecure_datanode_3 ... done
Stopping ozonesecure_om_1       ... done
Stopping ozonesecure_scm_1      ... done
Removing ozonesecure_om_1       ... 
Removing ozonesecure_httpfs_1   ... 
Removing ozonesecure_kdc_1      ... 
Removing ozonesecure_datanode_1 ... 
Removing ozonesecure_scm_1      ... 
Removing ozonesecure_datanode_2 ... 
Removing ozonesecure_datanode_3 ... 
Removing ozonesecure_recon_1    ... 
Removing ozonesecure_s3g_1      ... 
Removing ozonesecure_kms_1      ... 
Removing ozonesecure_kdc_1      ... done
Removing ozonesecure_httpfs_1   ... done
Removing ozonesecure_kms_1      ... done
Removing ozonesecure_om_1       ... done
Removing ozonesecure_datanode_2 ... done
Removing ozonesecure_datanode_3 ... done
Removing ozonesecure_recon_1    ... done
Removing ozonesecure_s3g_1      ... done
Removing ozonesecure_scm_1      ... done
Removing ozonesecure_datanode_1 ... done
Removing network ozonesecure_default
Output:  /home/runner/work/ozone/ozone/hadoop-ozone/dist/target/ozone-1.4.0-SNAPSHOT/compose/result/ozonesecure-certificate-rotation.xml
removed 'ozonesecure/result/robot-1.xml'
renamed 'ozonesecure/result/dn-audit-0bd33ef07a36.log' -> '/home/runner/work/ozone/ozone/hadoop-ozone/dist/target/ozone-1.4.0-SNAPSHOT/compose/result/ozonesecure/certificate-rotation/dn-audit-0bd33ef07a36.log'
renamed 'ozonesecure/result/dn-audit-94094dc5a5e0.log' -> '/home/runner/work/ozone/ozone/hadoop-ozone/dist/target/ozone-1.4.0-SNAPSHOT/compose/result/ozonesecure/certificate-rotation/dn-audit-94094dc5a5e0.log'
renamed 'ozonesecure/result/dn-audit-b35994d38b30.log' -> '/home/runner/work/ozone/ozone/hadoop-ozone/dist/target/ozone-1.4.0-SNAPSHOT/compose/result/ozonesecure/certificate-rotation/dn-audit-b35994d38b30.log'
renamed 'ozonesecure/result/docker-ozonesecure_datanode_1.log' -> '/home/runner/work/ozone/ozone/hadoop-ozone/dist/target/ozone-1.4.0-SNAPSHOT/compose/result/ozonesecure/certificate-rotation/docker-ozonesecure_datanode_1.log'
renamed 'ozonesecure/result/docker-ozonesecure_datanode_2.log' -> '/home/runner/work/ozone/ozone/hadoop-ozone/dist/target/ozone-1.4.0-SNAPSHOT/compose/result/ozonesecure/certificate-rotation/docker-ozonesecure_datanode_2.log'
renamed 'ozonesecure/result/docker-ozonesecure_datanode_3.log' -> '/home/runner/work/ozone/ozone/hadoop-ozone/dist/target/ozone-1.4.0-SNAPSHOT/compose/result/ozonesecure/certificate-rotation/docker-ozonesecure_datanode_3.log'
renamed 'ozonesecure/result/docker-ozonesecure_httpfs_1.log' -> '/home/runner/work/ozone/ozone/hadoop-ozone/dist/target/ozone-1.4.0-SNAPSHOT/compose/result/ozonesecure/certificate-rotation/docker-ozonesecure_httpfs_1.log'
renamed 'ozonesecure/result/docker-ozonesecure_kdc_1.log' -> '/home/runner/work/ozone/ozone/hadoop-ozone/dist/target/ozone-1.4.0-SNAPSHOT/compose/result/ozonesecure/certificate-rotation/docker-ozonesecure_kdc_1.log'
renamed 'ozonesecure/result/docker-ozonesecure_kms_1.log' -> '/home/runner/work/ozone/ozone/hadoop-ozone/dist/target/ozone-1.4.0-SNAPSHOT/compose/result/ozonesecure/certificate-rotation/docker-ozonesecure_kms_1.log'
renamed 'ozonesecure/result/docker-ozonesecure_om_1.log' -> '/home/runner/work/ozone/ozone/hadoop-ozone/dist/target/ozone-1.4.0-SNAPSHOT/compose/result/ozonesecure/certificate-rotation/docker-ozonesecure_om_1.log'
renamed 'ozonesecure/result/docker-ozonesecure_recon_1.log' -> '/home/runner/work/ozone/ozone/hadoop-ozone/dist/target/ozone-1.4.0-SNAPSHOT/compose/result/ozonesecure/certificate-rotation/docker-ozonesecure_recon_1.log'
renamed 'ozonesecure/result/docker-ozonesecure_s3g_1.log' -> '/home/runner/work/ozone/ozone/hadoop-ozone/dist/target/ozone-1.4.0-SNAPSHOT/compose/result/ozonesecure/certificate-rotation/docker-ozonesecure_s3g_1.log'
renamed 'ozonesecure/result/docker-ozonesecure_scm_1.log' -> '/home/runner/work/ozone/ozone/hadoop-ozone/dist/target/ozone-1.4.0-SNAPSHOT/compose/result/ozonesecure/certificate-rotation/docker-ozonesecure_scm_1.log'
renamed 'ozonesecure/result/kms-audit.log' -> '/home/runner/work/ozone/ozone/hadoop-ozone/dist/target/ozone-1.4.0-SNAPSHOT/compose/result/ozonesecure/certificate-rotation/kms-audit.log'
renamed 'ozonesecure/result/om-audit-om.log' -> '/home/runner/work/ozone/ozone/hadoop-ozone/dist/target/ozone-1.4.0-SNAPSHOT/compose/result/ozonesecure/certificate-rotation/om-audit-om.log'
renamed 'ozonesecure/result/s3g-audit-s3g.log' -> '/home/runner/work/ozone/ozone/hadoop-ozone/dist/target/ozone-1.4.0-SNAPSHOT/compose/result/ozonesecure/certificate-rotation/s3g-audit-s3g.log'
renamed 'ozonesecure/result/scm-audit-scm.log' -> '/home/runner/work/ozone/ozone/hadoop-ozone/dist/target/ozone-1.4.0-SNAPSHOT/compose/result/ozonesecure/certificate-rotation/scm-audit-scm.log'
Executing test ozonesecure/test-root-ca-rotation.sh
Removing network ozonesecure_default
Network ozonesecure_default not found.
Creating network "ozonesecure_default" with the default driver
Creating ozonesecure_httpfs_1 ... 
Creating ozonesecure_om_1     ... 
Creating ozonesecure_datanode_1 ... 
Creating ozonesecure_datanode_2 ... 
Creating ozonesecure_datanode_3 ... 
Creating ozonesecure_recon_1    ... 
Creating ozonesecure_kms_1      ... 
Creating ozonesecure_s3g_1      ... 
Creating ozonesecure_scm_1      ... 
Creating ozonesecure_kdc_1      ... 
Creating ozonesecure_om_1       ... done
Creating ozonesecure_httpfs_1   ... done
Creating ozonesecure_datanode_3 ... done
Creating ozonesecure_datanode_1 ... done
Creating ozonesecure_kdc_1      ... done
Creating ozonesecure_kms_1      ... done
Creating ozonesecure_recon_1    ... done
Creating ozonesecure_datanode_2 ... done
Creating ozonesecure_scm_1      ... done
Creating ozonesecure_s3g_1      ... done
Port 88 is available on kdc
Port 9860 is not available on scm yet
Port 9860 is not available on scm yet
Port 9860 is not available on scm yet
Port 9860 is not available on scm yet
Port 9860 is not available on scm yet
Port 9860 is not available on scm yet
Port 9860 is not available on scm yet
Port 9860 is not available on scm yet
Port 9860 is not available on scm yet
Port 9860 is not available on scm yet
Port 9860 is not available on scm yet
Port 9860 is not available on scm yet
Port 9860 is not available on scm yet
Port 9860 is not available on scm yet
Port 9860 is not available on scm yet
Port 9860 is not available on scm yet
Port 9860 is not available on scm yet
Port 9860 is not available on scm yet
Port 9860 is not available on scm yet
Port 9860 is not available on scm yet
Port 9860 is not available on scm yet
Port 9860 is not available on scm yet
Port 9860 is not available on scm yet
Port 9860 is not available on scm yet
Port 9860 is not available on scm yet
Port 9860 is not available on scm yet
Port 9860 is available on scm
SCM is in safe mode. Will retry in 1 sec. Remaining time (sec): 225
SCM is in safe mode. Will retry in 1 sec. Remaining time (sec): 224
SCM is in safe mode. Will retry in 1 sec. Remaining time (sec): 223
SCM is in safe mode. Will retry in 1 sec. Remaining time (sec): 222
SCM is in safe mode. Will retry in 1 sec. Remaining time (sec): 221
SCM is in safe mode. Will retry in 1 sec. Remaining time (sec): 220
SCM is in safe mode. Will retry in 1 sec. Remaining time (sec): 219
SCM is in safe mode. Will retry in 1 sec. Remaining time (sec): 218
SCM is in safe mode. Will retry in 1 sec. Remaining time (sec): 217
SCM is in safe mode. Will retry in 1 sec. Remaining time (sec): 216
SCM is in safe mode. Will retry in 1 sec. Remaining time (sec): 215
SCM is in safe mode. Will retry in 1 sec. Remaining time (sec): 214
SCM is in safe mode. Will retry in 1 sec. Remaining time (sec): 213
SCM is in safe mode. Will retry in 1 sec. Remaining time (sec): 212
SCM is in safe mode. Will retry in 1 sec. Remaining time (sec): 211
SCM is in safe mode. Will retry in 1 sec. Remaining time (sec): 210
SCM is in safe mode. Will retry in 1 sec. Remaining time (sec): 209
SCM is in safe mode. Will retry in 1 sec. Remaining time (sec): 208
SCM is in safe mode. Will retry in 1 sec. Remaining time (sec): 207
SCM is in safe mode. Will retry in 1 sec. Remaining time (sec): 206
SCM is in safe mode. Will retry in 1 sec. Remaining time (sec): 205
SCM is in safe mode. Will retry in 1 sec. Remaining time (sec): 204
SCM is in safe mode. Will retry in 1 sec. Remaining time (sec): 203
SCM is in safe mode. Will retry in 1 sec. Remaining time (sec): 202
SCM is in safe mode. Will retry in 1 sec. Remaining time (sec): 201
SCM is in safe mode. Will retry in 1 sec. Remaining time (sec): 200
SCM is in safe mode. Will retry in 1 sec. Remaining time (sec): 199
SCM is out of safe mode.
No OM HA service, no need to wait
key1 has been successfully created with options Options{cipher='AES/CTR/NoPadding', bitLength=128, description='null', attributes=null}.
org.apache.hadoop.crypto.key.kms.LoadBalancingKMSClientProvider@662b4c69 has been updated.
==============================================================================
Kinit :: Kinit test user                                                      
==============================================================================
Kinit                                                                 | PASS |
------------------------------------------------------------------------------
Kinit :: Kinit test user                                              | PASS |
1 test, 1 passed, 0 failed
==============================================================================
Output:  /tmp/smoketest/ozonesecure/result/robot-1.xml
"RootCARotationManager-Active" #271 daemon prio=5 os_prio=0 cpu=13.56ms elapsed=65.00s tid=0x00007f4541d79000 nid=0x2d6 runnable  [0x00007f44fc5ee000]
jps | grep StorageContainerManagerStarter |  sed 's/StorageContainerManagerStarter//' | xargs | xargs -I {} jstack {} | grep 'RootCARotationManager-Active' succeed
Certificate id: 2
  [0]         Version: 3
         SerialNumber: 2
             IssuerDN: CN=scm-2@scm,OU=fba0f768-e911-428f-bc93-7c32acf66c3a,O=CID-bf7bc6bd-8b07-4c0c-a890-8753f24ee62e
           Start Date: Wed Jul 26 04:49:31 UTC 2023
           Final Date: Wed Jul 26 04:52:31 UTC 2023
            SubjectDN: CN=scm-2@scm,OU=fba0f768-e911-428f-bc93-7c32acf66c3a,O=CID-bf7bc6bd-8b07-4c0c-a890-8753f24ee62e
           Public Key: RSA Public Key [3a:81:43:e7:1a:01:d8:b7:99:df:00:50:2a:97:89:de:ee:22:19:2e],[56:66:d1:a4]
        modulus: d80e3538648126c6415172faa7a6f4c0cd5e519503b35ae38ba4a2beb003042c98eb4e3df4fe6be3e5221a1c4a761d388cc8a67257d23389bdcd7485c1723f413ae7b3465c8da2d94f1c9958b7dc22d2f0cdfeca4ab112685e933755c73b3720b475dce6538db55ba92c11e1ae8c12f5af6b2fe1699bf8c290135cd29cb780e0df4ada12ba32f30146f593751a8aab4825a051ddb6b6f05a1c61982c248961e6b58ac76c2bcc5295cb9a93263ee9740b6e5a663ae49f1ad2d6bced4dee488949bf633bce5b196da9515f8f0699ad7133c49c66a108d80950203c886656f4b0f8270047b7758963ed8e442876bd00ce8480776623d12d3c070371303cf1e09577
public exponent: 10001

  Signature Algorithm: SHA256withRSA
            Signature: 5decb6d3c87ccea28c8692feb4177edfd2a19410
                       f2dd127bc4594a9c36adaf25a32b9d276d790bf8
                       bc093d039b85a991ee7c5c0a571148f600a7b07e
                       40216de8107b34ee65132b6bf026fd4437a16c46
                       14d10d78353080f76901cea27b2f6d1c04715566
                       587fc6471b1ffe521b510401bfcef9da6cc054d6
                       b0a025b3f8f6ef12db8979b5dca28a1a2d6a1813
                       052a3b34d0898c1989c9093dbb6dc51cf16b6e9a
                       33a46af6311897c8da99adc3474a1e5d7391bd09
                       c8d1c3898676138e390e2b5b2b9e10de9fea4013
                       05e995aea547383f0bac0506e061e7cea0385a3f
                       69a5a6d8a6786e9649cbdc5d30943850ea52a3f9
                       46de4dc2f5ae3ce8f69e511f2ff1659e
       Extensions: 
                       critical(true) BasicConstraints: isCa(true)
                       critical(true) KeyUsage: 0x6
                       critical(false) 2.5.29.17 value = Sequence
    Tagged [7] IMPLICIT 
        DER Octet String[4] 


ozone admin cert info 2 succeed
find: '/data/metadata/dn/certs/ROOTCA-2.crt': No such file or directory
find /data/metadata/dn/certs/ROOTCA-2.crt hasn't succeed yet
find: '/data/metadata/dn/certs/ROOTCA-2.crt': No such file or directory
find /data/metadata/dn/certs/ROOTCA-2.crt hasn't succeed yet
/data/metadata/dn/certs/ROOTCA-2.crt
find /data/metadata/dn/certs/ROOTCA-2.crt succeed
/data/metadata/om/certs/ROOTCA-2.crt
find /data/metadata/om/certs/ROOTCA-2.crt succeed
==============================================================================
Root-Ca-Rotation-Client-Checks :: Generate data                               
==============================================================================
Create a volume and bucket                                            | PASS |
------------------------------------------------------------------------------
Create key                                                            | PASS |
------------------------------------------------------------------------------
Read data from previously created key                                 | PASS |
------------------------------------------------------------------------------
Root-Ca-Rotation-Client-Checks :: Generate data                       | PASS |
3 tests, 3 passed, 0 failed
==============================================================================
Output:  /tmp/smoketest/ozonesecure/result/robot-2.xml
Certificate not found
ozone admin cert info 3 hasn't succeed yet
Certificate not found
ozone admin cert info 3 hasn't succeed yet
Certificate id: 3
  [0]         Version: 3
         SerialNumber: 3
             IssuerDN: CN=scm-3@scm,OU=fba0f768-e911-428f-bc93-7c32acf66c3a,O=CID-bf7bc6bd-8b07-4c0c-a890-8753f24ee62e
           Start Date: Wed Jul 26 04:51:02 UTC 2023
           Final Date: Wed Jul 26 04:54:02 UTC 2023
            SubjectDN: CN=scm-3@scm,OU=fba0f768-e911-428f-bc93-7c32acf66c3a,O=CID-bf7bc6bd-8b07-4c0c-a890-8753f24ee62e
           Public Key: RSA Public Key [d7:a9:28:12:af:22:99:f5:b3:96:a7:bf:1b:dc:e9:af:1c:b3:45:a5],[56:66:d1:a4]
        modulus: 83dc4bc5a84ac501351a3d4a152320253ecc75ea2b5c0c7982e248d52dd70588f793963619b59c83985e6c53d44175ec4a8fd592234e0cf4a87c5a34c23ead2fe670d5aff0c7db3433959c073dbfdbb5714fd34436b0f81c00ce2ff118f966be441d5335aae22a1266063901ad973380e877eefaa201b39be4769fe2d3ab9aca4118e356495f6819ab8ea445b48b53b584840792c46f3ed0b0cb441b038a460ff581d0b4b639817340b465dea094a53a0311c8cd6c6d065f0647c44166f59ac739cfcbec8515db20b8ea6ecd3a1702ea302b89935b07d14bfe7bfd10a8ff5c470226c1462a09e053343bfa674fc9cf60a773413fb0fceb66c74f429c7c746d01
public exponent: 10001

  Signature Algorithm: SHA256withRSA
            Signature: 2d8df3ab307d29c3f03cbd6ccd294f841f0977b3
                       c40e9a2aee39a6a1eddf8676ff3d607c055e73e0
                       bfa5ff6e4e805e5cedf75d85a99be5c3324835a9
                       53326b5f3d207f8ce8628124cd9fd2817c22d9f3
                       6b8c27e3939283bc5d07372ebbd0cea92c895874
                       2da59f07cab4d96be0f3686451deb7409a22cdcd
                       761e748893c88e990f7edcfb8a7e776b64df6e20
                       6f79dbbe4dd41d0de0d7061cd9940561b383150a
                       237139aada58b8834f0c1f1c4d7e46b2304032b4
                       f87648ab64a68c72d6d44396a605ae8e7de353b8
                       16ce11a73b7f5562bf49d9add776f604a53cdc48
                       68d5f5941c9eb50a6fcac3ba760238e2ecab45e1
                       bfdd509e189994e5dbd5b861bd91cde6
       Extensions: 
                       critical(true) BasicConstraints: isCa(true)
                       critical(true) KeyUsage: 0x6
                       critical(false) 2.5.29.17 value = Sequence
    Tagged [7] IMPLICIT 
        DER Octet String[4] 


ozone admin cert info 3 succeed
find: '/data/metadata/om/certs/ROOTCA-3.crt': No such file or directory
find /data/metadata/om/certs/ROOTCA-3.crt hasn't succeed yet
find: '/data/metadata/om/certs/ROOTCA-3.crt': No such file or directory
find /data/metadata/om/certs/ROOTCA-3.crt hasn't succeed yet
/data/metadata/om/certs/ROOTCA-3.crt
find /data/metadata/om/certs/ROOTCA-3.crt succeed
==============================================================================
Root-Ca-Rotation-Client-Checks :: Generate data                               
==============================================================================
Create a volume and bucket                                            | PASS |
------------------------------------------------------------------------------
Create key                                                            | PASS |
------------------------------------------------------------------------------
Read data from previously created key                                 | PASS |
------------------------------------------------------------------------------
Root-Ca-Rotation-Client-Checks :: Generate data                       | PASS |
3 tests, 3 passed, 0 failed
==============================================================================
Output:  /tmp/smoketest/ozonesecure/result/robot-3.xml
==============================================================================
Root-Ca-Rotation :: Smoketest ozone cluster startup                           
==============================================================================
Verify root CA rotation metrics                                       | PASS |
------------------------------------------------------------------------------
Root-Ca-Rotation :: Smoketest ozone cluster startup                   | PASS |
1 test, 1 passed, 0 failed
==============================================================================
Output:  /tmp/smoketest/ozonesecure/result/robot-4.xml
Stopping ozonesecure_s3g_1      ... 
Stopping ozonesecure_kms_1      ... 
Stopping ozonesecure_recon_1    ... 
Stopping ozonesecure_datanode_2 ... 
Stopping ozonesecure_kdc_1      ... 
Stopping ozonesecure_scm_1      ... 
Stopping ozonesecure_datanode_3 ... 
Stopping ozonesecure_datanode_1 ... 
Stopping ozonesecure_om_1       ... 
Stopping ozonesecure_httpfs_1   ... 
Stopping ozonesecure_kms_1      ... done
Stopping ozonesecure_kdc_1      ... done
Stopping ozonesecure_httpfs_1   ... done
Stopping ozonesecure_s3g_1      ... done
Stopping ozonesecure_recon_1    ... done
Stopping ozonesecure_datanode_1 ... done
Stopping ozonesecure_datanode_3 ... done
Stopping ozonesecure_datanode_2 ... done
Stopping ozonesecure_om_1       ... done
Stopping ozonesecure_scm_1      ... done
Removing ozonesecure_s3g_1      ... 
Removing ozonesecure_kms_1      ... 
Removing ozonesecure_recon_1    ... 
Removing ozonesecure_datanode_2 ... 
Removing ozonesecure_kdc_1      ... 
Removing ozonesecure_scm_1      ... 
Removing ozonesecure_datanode_3 ... 
Removing ozonesecure_datanode_1 ... 
Removing ozonesecure_om_1       ... 
Removing ozonesecure_httpfs_1   ... 
Removing ozonesecure_httpfs_1   ... done
Removing ozonesecure_kdc_1      ... done
Removing ozonesecure_om_1       ... done
Removing ozonesecure_datanode_2 ... done
Removing ozonesecure_kms_1      ... done
Removing ozonesecure_datanode_1 ... done
Removing ozonesecure_datanode_3 ... done
Removing ozonesecure_s3g_1      ... done
Removing ozonesecure_recon_1    ... done
Removing ozonesecure_scm_1      ... done
Removing network ozonesecure_default
Log:     /home/runner/work/ozone/ozone/hadoop-ozone/dist/target/ozone-1.4.0-SNAPSHOT/compose/ozonesecure/result/log.html
Report:  /home/runner/work/ozone/ozone/hadoop-ozone/dist/target/ozone-1.4.0-SNAPSHOT/compose/ozonesecure/result/report.html
Removing network ozonesecure_default
Network ozonesecure_default not found.
Output:  /home/runner/work/ozone/ozone/hadoop-ozone/dist/target/ozone-1.4.0-SNAPSHOT/compose/result/ozonesecure-root-ca-rotation.xml
removed 'ozonesecure/result/robot-1.xml'
removed 'ozonesecure/result/robot-2.xml'
removed 'ozonesecure/result/robot-3.xml'
removed 'ozonesecure/result/robot-4.xml'
removed 'ozonesecure/result/log.html'
removed 'ozonesecure/result/report.html'
renamed 'ozonesecure/result/dn-audit-28607934fe26.log' -> '/home/runner/work/ozone/ozone/hadoop-ozone/dist/target/ozone-1.4.0-SNAPSHOT/compose/result/ozonesecure/root-ca-rotation/dn-audit-28607934fe26.log'
renamed 'ozonesecure/result/dn-audit-4e87f73e36ac.log' -> '/home/runner/work/ozone/ozone/hadoop-ozone/dist/target/ozone-1.4.0-SNAPSHOT/compose/result/ozonesecure/root-ca-rotation/dn-audit-4e87f73e36ac.log'
renamed 'ozonesecure/result/dn-audit-e5bf8f4a78f2.log' -> '/home/runner/work/ozone/ozone/hadoop-ozone/dist/target/ozone-1.4.0-SNAPSHOT/compose/result/ozonesecure/root-ca-rotation/dn-audit-e5bf8f4a78f2.log'
renamed 'ozonesecure/result/docker-ozonesecure_datanode_1.log' -> '/home/runner/work/ozone/ozone/hadoop-ozone/dist/target/ozone-1.4.0-SNAPSHOT/compose/result/ozonesecure/root-ca-rotation/docker-ozonesecure_datanode_1.log'
renamed 'ozonesecure/result/docker-ozonesecure_datanode_2.log' -> '/home/runner/work/ozone/ozone/hadoop-ozone/dist/target/ozone-1.4.0-SNAPSHOT/compose/result/ozonesecure/root-ca-rotation/docker-ozonesecure_datanode_2.log'
renamed 'ozonesecure/result/docker-ozonesecure_datanode_3.log' -> '/home/runner/work/ozone/ozone/hadoop-ozone/dist/target/ozone-1.4.0-SNAPSHOT/compose/result/ozonesecure/root-ca-rotation/docker-ozonesecure_datanode_3.log'
renamed 'ozonesecure/result/docker-ozonesecure_httpfs_1.log' -> '/home/runner/work/ozone/ozone/hadoop-ozone/dist/target/ozone-1.4.0-SNAPSHOT/compose/result/ozonesecure/root-ca-rotation/docker-ozonesecure_httpfs_1.log'
renamed 'ozonesecure/result/docker-ozonesecure_kdc_1.log' -> '/home/runner/work/ozone/ozone/hadoop-ozone/dist/target/ozone-1.4.0-SNAPSHOT/compose/result/ozonesecure/root-ca-rotation/docker-ozonesecure_kdc_1.log'
renamed 'ozonesecure/result/docker-ozonesecure_kms_1.log' -> '/home/runner/work/ozone/ozone/hadoop-ozone/dist/target/ozone-1.4.0-SNAPSHOT/compose/result/ozonesecure/root-ca-rotation/docker-ozonesecure_kms_1.log'
renamed 'ozonesecure/result/docker-ozonesecure_om_1.log' -> '/home/runner/work/ozone/ozone/hadoop-ozone/dist/target/ozone-1.4.0-SNAPSHOT/compose/result/ozonesecure/root-ca-rotation/docker-ozonesecure_om_1.log'
renamed 'ozonesecure/result/docker-ozonesecure_recon_1.log' -> '/home/runner/work/ozone/ozone/hadoop-ozone/dist/target/ozone-1.4.0-SNAPSHOT/compose/result/ozonesecure/root-ca-rotation/docker-ozonesecure_recon_1.log'
renamed 'ozonesecure/result/docker-ozonesecure_s3g_1.log' -> '/home/runner/work/ozone/ozone/hadoop-ozone/dist/target/ozone-1.4.0-SNAPSHOT/compose/result/ozonesecure/root-ca-rotation/docker-ozonesecure_s3g_1.log'
renamed 'ozonesecure/result/docker-ozonesecure_scm_1.log' -> '/home/runner/work/ozone/ozone/hadoop-ozone/dist/target/ozone-1.4.0-SNAPSHOT/compose/result/ozonesecure/root-ca-rotation/docker-ozonesecure_scm_1.log'
renamed 'ozonesecure/result/kms-audit.log' -> '/home/runner/work/ozone/ozone/hadoop-ozone/dist/target/ozone-1.4.0-SNAPSHOT/compose/result/ozonesecure/root-ca-rotation/kms-audit.log'
renamed 'ozonesecure/result/om-audit-om.log' -> '/home/runner/work/ozone/ozone/hadoop-ozone/dist/target/ozone-1.4.0-SNAPSHOT/compose/result/ozonesecure/root-ca-rotation/om-audit-om.log'
renamed 'ozonesecure/result/s3g-audit-s3g.log' -> '/home/runner/work/ozone/ozone/hadoop-ozone/dist/target/ozone-1.4.0-SNAPSHOT/compose/result/ozonesecure/root-ca-rotation/s3g-audit-s3g.log'
renamed 'ozonesecure/result/scm-audit-scm.log' -> '/home/runner/work/ozone/ozone/hadoop-ozone/dist/target/ozone-1.4.0-SNAPSHOT/compose/result/ozonesecure/root-ca-rotation/scm-audit-scm.log'
Exception in thread "main" java.net.SocketException: Socket closed
Log:     /home/runner/work/ozone/ozone/hadoop-ozone/dist/target/ozone-1.4.0-SNAPSHOT/compose/result/log.html
Report:  /home/runner/work/ozone/ozone/hadoop-ozone/dist/target/ozone-1.4.0-SNAPSHOT/compose/result/report.html
