Using Docker Compose v2
Executing test ozonesecure/test-certificate-rotation.sh
Using Docker Compose v2
Error: Could not find or load main class org.apache.ozone.test.JacocoServer
Caused by: java.lang.ClassNotFoundException: org.apache.ozone.test.JacocoServer
Port 88 is available on kdc
Port 9860 is not available on scm yet
Port 9860 is not available on scm yet
Port 9860 is not available on scm yet
Port 9860 is not available on scm yet
Port 9860 is not available on scm yet
Port 9860 is not available on scm yet
Port 9860 is not available on scm yet
Port 9860 is not available on scm yet
Port 9860 is not available on scm yet
Port 9860 is not available on scm yet
Error response from daemon: container ca10c6e7e55837b9633fc7697f51b36b1db36626388c9e974b54de1d98f4e79e is not running
Port 9860 is not available on scm yet
service "scm" is not running
Port 9860 is not available on scm yet
service "scm" is not running
Port 9860 is not available on scm yet
service "scm" is not running
Port 9860 is not available on scm yet
service "scm" is not running
Port 9860 is not available on scm yet
service "scm" is not running
Port 9860 is not available on scm yet
service "scm" is not running
Port 9860 is not available on scm yet
service "scm" is not running
Port 9860 is not available on scm yet
service "scm" is not running
Port 9860 is not available on scm yet
service "scm" is not running
Port 9860 is not available on scm yet
service "scm" is not running
Port 9860 is not available on scm yet
service "scm" is not running
Port 9860 is not available on scm yet
service "scm" is not running
Port 9860 is not available on scm yet
service "scm" is not running
Port 9860 is not available on scm yet
service "scm" is not running
Port 9860 is not available on scm yet
service "scm" is not running
Port 9860 is not available on scm yet
service "scm" is not running
Port 9860 is not available on scm yet
service "scm" is not running
Port 9860 is not available on scm yet
service "scm" is not running
Port 9860 is not available on scm yet
service "scm" is not running
Port 9860 is not available on scm yet
service "scm" is not running
Port 9860 is not available on scm yet
service "scm" is not running
Port 9860 is not available on scm yet
service "scm" is not running
Port 9860 is not available on scm yet
service "scm" is not running
Port 9860 is not available on scm yet
service "scm" is not running
Port 9860 is not available on scm yet
service "scm" is not running
Port 9860 is not available on scm yet
service "scm" is not running
Port 9860 is not available on scm yet
service "scm" is not running
Port 9860 is not available on scm yet
service "scm" is not running
Port 9860 is not available on scm yet
service "scm" is not running
Port 9860 is not available on scm yet
service "scm" is not running
Port 9860 is not available on scm yet
service "scm" is not running
Port 9860 is not available on scm yet
service "scm" is not running
Port 9860 is not available on scm yet
service "scm" is not running
Port 9860 is not available on scm yet
service "scm" is not running
Port 9860 is not available on scm yet
service "scm" is not running
Port 9860 is not available on scm yet
service "scm" is not running
Port 9860 is not available on scm yet
service "scm" is not running
Port 9860 is not available on scm yet
service "scm" is not running
Port 9860 is not available on scm yet
service "scm" is not running
Port 9860 is not available on scm yet
service "scm" is not running
Port 9860 is not available on scm yet
service "scm" is not running
Port 9860 is not available on scm yet
service "scm" is not running
Port 9860 is not available on scm yet
service "scm" is not running
Port 9860 is not available on scm yet
service "scm" is not running
Port 9860 is not available on scm yet
service "scm" is not running
Port 9860 is not available on scm yet
service "scm" is not running
Port 9860 is not available on scm yet
service "scm" is not running
Port 9860 is not available on scm yet
service "scm" is not running
Port 9860 is not available on scm yet
service "scm" is not running
Port 9860 is not available on scm yet
service "scm" is not running
Port 9860 is not available on scm yet
service "scm" is not running
Port 9860 is not available on scm yet
service "scm" is not running
Port 9860 is not available on scm yet
service "scm" is not running
Port 9860 is not available on scm yet
service "scm" is not running
Port 9860 is not available on scm yet
service "scm" is not running
Port 9860 is not available on scm yet
service "scm" is not running
Port 9860 is not available on scm yet
service "scm" is not running
Port 9860 is not available on scm yet
service "scm" is not running
Port 9860 is not available on scm yet
service "scm" is not running
Port 9860 is not available on scm yet
service "scm" is not running
Port 9860 is not available on scm yet
service "scm" is not running
Port 9860 is not available on scm yet
service "scm" is not running
Port 9860 is not available on scm yet
service "scm" is not running
Port 9860 is not available on scm yet
service "scm" is not running
Port 9860 is not available on scm yet
service "scm" is not running
Port 9860 is not available on scm yet
service "scm" is not running
Port 9860 is not available on scm yet
service "scm" is not running
Port 9860 is not available on scm yet
service "scm" is not running
Port 9860 is not available on scm yet
service "scm" is not running
Port 9860 is not available on scm yet
service "scm" is not running
Port 9860 is not available on scm yet
service "scm" is not running
Port 9860 is not available on scm yet
service "scm" is not running
Port 9860 is not available on scm yet
service "scm" is not running
Port 9860 is not available on scm yet
service "scm" is not running
Port 9860 is not available on scm yet
service "scm" is not running
Port 9860 is not available on scm yet
service "scm" is not running
Port 9860 is not available on scm yet
service "scm" is not running
Port 9860 is not available on scm yet
service "scm" is not running
Port 9860 is not available on scm yet
service "scm" is not running
Port 9860 is not available on scm yet
service "scm" is not running
Port 9860 is not available on scm yet
service "scm" is not running
Port 9860 is not available on scm yet
service "scm" is not running
Port 9860 is not available on scm yet
service "scm" is not running
Port 9860 is not available on scm yet
service "scm" is not running
Port 9860 is not available on scm yet
service "scm" is not running
Port 9860 is not available on scm yet
service "scm" is not running
Port 9860 is not available on scm yet
service "scm" is not running
Port 9860 is not available on scm yet
service "scm" is not running
Port 9860 is not available on scm yet
service "scm" is not running
Port 9860 is not available on scm yet
service "scm" is not running
Port 9860 is not available on scm yet
service "scm" is not running
Port 9860 is not available on scm yet
service "scm" is not running
Port 9860 is not available on scm yet
service "scm" is not running
Port 9860 is not available on scm yet
service "scm" is not running
Port 9860 is not available on scm yet
service "scm" is not running
Port 9860 is not available on scm yet
service "scm" is not running
Port 9860 is not available on scm yet
Timed out waiting on scm 9860 to become available
ERROR: Test execution of ozonesecure/test-certificate-rotation.sh is FAILED!!!!
mkdir: created directory '/home/runner/work/ozone/ozone/hadoop-ozone/dist/target/ozone-2.0.0-SNAPSHOT/compose/result/ozonesecure'
mkdir: created directory '/home/runner/work/ozone/ozone/hadoop-ozone/dist/target/ozone-2.0.0-SNAPSHOT/compose/result/ozonesecure/certificate-rotation'
renamed 'ozonesecure/result/docker-ozonesecure-datanode-1.log' -> '/home/runner/work/ozone/ozone/hadoop-ozone/dist/target/ozone-2.0.0-SNAPSHOT/compose/result/ozonesecure/certificate-rotation/docker-ozonesecure-datanode-1.log'
renamed 'ozonesecure/result/docker-ozonesecure-datanode-2.log' -> '/home/runner/work/ozone/ozone/hadoop-ozone/dist/target/ozone-2.0.0-SNAPSHOT/compose/result/ozonesecure/certificate-rotation/docker-ozonesecure-datanode-2.log'
renamed 'ozonesecure/result/docker-ozonesecure-datanode-3.log' -> '/home/runner/work/ozone/ozone/hadoop-ozone/dist/target/ozone-2.0.0-SNAPSHOT/compose/result/ozonesecure/certificate-rotation/docker-ozonesecure-datanode-3.log'
renamed 'ozonesecure/result/docker-ozonesecure-httpfs-1.log' -> '/home/runner/work/ozone/ozone/hadoop-ozone/dist/target/ozone-2.0.0-SNAPSHOT/compose/result/ozonesecure/certificate-rotation/docker-ozonesecure-httpfs-1.log'
renamed 'ozonesecure/result/docker-ozonesecure-kdc-1.log' -> '/home/runner/work/ozone/ozone/hadoop-ozone/dist/target/ozone-2.0.0-SNAPSHOT/compose/result/ozonesecure/certificate-rotation/docker-ozonesecure-kdc-1.log'
renamed 'ozonesecure/result/docker-ozonesecure-kms-1.log' -> '/home/runner/work/ozone/ozone/hadoop-ozone/dist/target/ozone-2.0.0-SNAPSHOT/compose/result/ozonesecure/certificate-rotation/docker-ozonesecure-kms-1.log'
renamed 'ozonesecure/result/docker-ozonesecure-om-1.log' -> '/home/runner/work/ozone/ozone/hadoop-ozone/dist/target/ozone-2.0.0-SNAPSHOT/compose/result/ozonesecure/certificate-rotation/docker-ozonesecure-om-1.log'
renamed 'ozonesecure/result/docker-ozonesecure-recon-1.log' -> '/home/runner/work/ozone/ozone/hadoop-ozone/dist/target/ozone-2.0.0-SNAPSHOT/compose/result/ozonesecure/certificate-rotation/docker-ozonesecure-recon-1.log'
renamed 'ozonesecure/result/docker-ozonesecure-s3g-1.log' -> '/home/runner/work/ozone/ozone/hadoop-ozone/dist/target/ozone-2.0.0-SNAPSHOT/compose/result/ozonesecure/certificate-rotation/docker-ozonesecure-s3g-1.log'
renamed 'ozonesecure/result/docker-ozonesecure-scm-1.log' -> '/home/runner/work/ozone/ozone/hadoop-ozone/dist/target/ozone-2.0.0-SNAPSHOT/compose/result/ozonesecure/certificate-rotation/docker-ozonesecure-scm-1.log'
renamed 'ozonesecure/result/kms-audit.log' -> '/home/runner/work/ozone/ozone/hadoop-ozone/dist/target/ozone-2.0.0-SNAPSHOT/compose/result/ozonesecure/certificate-rotation/kms-audit.log'
renamed 'ozonesecure/result/om-audit-om.log' -> '/home/runner/work/ozone/ozone/hadoop-ozone/dist/target/ozone-2.0.0-SNAPSHOT/compose/result/ozonesecure/certificate-rotation/om-audit-om.log'
renamed 'ozonesecure/result/om-sys-audit-om.log' -> '/home/runner/work/ozone/ozone/hadoop-ozone/dist/target/ozone-2.0.0-SNAPSHOT/compose/result/ozonesecure/certificate-rotation/om-sys-audit-om.log'
Executing test ozonesecure/test-root-ca-rotation.sh
Using Docker Compose v2
Port 88 is available on kdc
Port 9860 is not available on scm yet
Port 9860 is not available on scm yet
Port 9860 is not available on scm yet
Port 9860 is not available on scm yet
Port 9860 is not available on scm yet
Port 9860 is not available on scm yet
Port 9860 is not available on scm yet
Port 9860 is not available on scm yet
Port 9860 is not available on scm yet
Port 9860 is not available on scm yet
Port 9860 is not available on scm yet
service "scm" is not running
Port 9860 is not available on scm yet
service "scm" is not running
Port 9860 is not available on scm yet
service "scm" is not running
Port 9860 is not available on scm yet
service "scm" is not running
Port 9860 is not available on scm yet
service "scm" is not running
Port 9860 is not available on scm yet
service "scm" is not running
Port 9860 is not available on scm yet
service "scm" is not running
Port 9860 is not available on scm yet
service "scm" is not running
Port 9860 is not available on scm yet
service "scm" is not running
Port 9860 is not available on scm yet
service "scm" is not running
Port 9860 is not available on scm yet
service "scm" is not running
Port 9860 is not available on scm yet
service "scm" is not running
Port 9860 is not available on scm yet
service "scm" is not running
Port 9860 is not available on scm yet
service "scm" is not running
Port 9860 is not available on scm yet
service "scm" is not running
Port 9860 is not available on scm yet
service "scm" is not running
Port 9860 is not available on scm yet
service "scm" is not running
Port 9860 is not available on scm yet
service "scm" is not running
Port 9860 is not available on scm yet
service "scm" is not running
Port 9860 is not available on scm yet
service "scm" is not running
Port 9860 is not available on scm yet
service "scm" is not running
Port 9860 is not available on scm yet
service "scm" is not running
Port 9860 is not available on scm yet
service "scm" is not running
Port 9860 is not available on scm yet
service "scm" is not running
Port 9860 is not available on scm yet
service "scm" is not running
Port 9860 is not available on scm yet
service "scm" is not running
Port 9860 is not available on scm yet
service "scm" is not running
Port 9860 is not available on scm yet
service "scm" is not running
Port 9860 is not available on scm yet
service "scm" is not running
Port 9860 is not available on scm yet
service "scm" is not running
Port 9860 is not available on scm yet
service "scm" is not running
Port 9860 is not available on scm yet
service "scm" is not running
Port 9860 is not available on scm yet
service "scm" is not running
Port 9860 is not available on scm yet
service "scm" is not running
Port 9860 is not available on scm yet
service "scm" is not running
Port 9860 is not available on scm yet
service "scm" is not running
Port 9860 is not available on scm yet
service "scm" is not running
Port 9860 is not available on scm yet
service "scm" is not running
Port 9860 is not available on scm yet
service "scm" is not running
Port 9860 is not available on scm yet
service "scm" is not running
Port 9860 is not available on scm yet
service "scm" is not running
Port 9860 is not available on scm yet
service "scm" is not running
Port 9860 is not available on scm yet
service "scm" is not running
Port 9860 is not available on scm yet
service "scm" is not running
Port 9860 is not available on scm yet
service "scm" is not running
Port 9860 is not available on scm yet
service "scm" is not running
Port 9860 is not available on scm yet
service "scm" is not running
Port 9860 is not available on scm yet
service "scm" is not running
Port 9860 is not available on scm yet
service "scm" is not running
Port 9860 is not available on scm yet
service "scm" is not running
Port 9860 is not available on scm yet
service "scm" is not running
Port 9860 is not available on scm yet
service "scm" is not running
Port 9860 is not available on scm yet
service "scm" is not running
Port 9860 is not available on scm yet
service "scm" is not running
Port 9860 is not available on scm yet
service "scm" is not running
Port 9860 is not available on scm yet
service "scm" is not running
Port 9860 is not available on scm yet
service "scm" is not running
Port 9860 is not available on scm yet
service "scm" is not running
Port 9860 is not available on scm yet
service "scm" is not running
Port 9860 is not available on scm yet
service "scm" is not running
Port 9860 is not available on scm yet
service "scm" is not running
Port 9860 is not available on scm yet
service "scm" is not running
Port 9860 is not available on scm yet
service "scm" is not running
Port 9860 is not available on scm yet
service "scm" is not running
Port 9860 is not available on scm yet
service "scm" is not running
Port 9860 is not available on scm yet
service "scm" is not running
Port 9860 is not available on scm yet
service "scm" is not running
Port 9860 is not available on scm yet
service "scm" is not running
Port 9860 is not available on scm yet
service "scm" is not running
Port 9860 is not available on scm yet
service "scm" is not running
Port 9860 is not available on scm yet
service "scm" is not running
Port 9860 is not available on scm yet
service "scm" is not running
Port 9860 is not available on scm yet
service "scm" is not running
Port 9860 is not available on scm yet
service "scm" is not running
Port 9860 is not available on scm yet
service "scm" is not running
Port 9860 is not available on scm yet
service "scm" is not running
Port 9860 is not available on scm yet
service "scm" is not running
Port 9860 is not available on scm yet
service "scm" is not running
Port 9860 is not available on scm yet
service "scm" is not running
Port 9860 is not available on scm yet
service "scm" is not running
Port 9860 is not available on scm yet
service "scm" is not running
Port 9860 is not available on scm yet
service "scm" is not running
Port 9860 is not available on scm yet
service "scm" is not running
Port 9860 is not available on scm yet
service "scm" is not running
Port 9860 is not available on scm yet
service "scm" is not running
Port 9860 is not available on scm yet
service "scm" is not running
Port 9860 is not available on scm yet
service "scm" is not running
Port 9860 is not available on scm yet
service "scm" is not running
Port 9860 is not available on scm yet
service "scm" is not running
Port 9860 is not available on scm yet
service "scm" is not running
Port 9860 is not available on scm yet
service "scm" is not running
Port 9860 is not available on scm yet
service "scm" is not running
Port 9860 is not available on scm yet
service "scm" is not running
Port 9860 is not available on scm yet
service "scm" is not running
Port 9860 is not available on scm yet
service "scm" is not running
Port 9860 is not available on scm yet
service "scm" is not running
Port 9860 is not available on scm yet
Timed out waiting on scm 9860 to become available
ERROR: Test execution of ozonesecure/test-root-ca-rotation.sh is FAILED!!!!
mkdir: created directory '/home/runner/work/ozone/ozone/hadoop-ozone/dist/target/ozone-2.0.0-SNAPSHOT/compose/result/ozonesecure/root-ca-rotation'
renamed 'ozonesecure/result/docker-ozonesecure-datanode-1.log' -> '/home/runner/work/ozone/ozone/hadoop-ozone/dist/target/ozone-2.0.0-SNAPSHOT/compose/result/ozonesecure/root-ca-rotation/docker-ozonesecure-datanode-1.log'
renamed 'ozonesecure/result/docker-ozonesecure-datanode-2.log' -> '/home/runner/work/ozone/ozone/hadoop-ozone/dist/target/ozone-2.0.0-SNAPSHOT/compose/result/ozonesecure/root-ca-rotation/docker-ozonesecure-datanode-2.log'
renamed 'ozonesecure/result/docker-ozonesecure-datanode-3.log' -> '/home/runner/work/ozone/ozone/hadoop-ozone/dist/target/ozone-2.0.0-SNAPSHOT/compose/result/ozonesecure/root-ca-rotation/docker-ozonesecure-datanode-3.log'
renamed 'ozonesecure/result/docker-ozonesecure-httpfs-1.log' -> '/home/runner/work/ozone/ozone/hadoop-ozone/dist/target/ozone-2.0.0-SNAPSHOT/compose/result/ozonesecure/root-ca-rotation/docker-ozonesecure-httpfs-1.log'
renamed 'ozonesecure/result/docker-ozonesecure-kdc-1.log' -> '/home/runner/work/ozone/ozone/hadoop-ozone/dist/target/ozone-2.0.0-SNAPSHOT/compose/result/ozonesecure/root-ca-rotation/docker-ozonesecure-kdc-1.log'
renamed 'ozonesecure/result/docker-ozonesecure-kms-1.log' -> '/home/runner/work/ozone/ozone/hadoop-ozone/dist/target/ozone-2.0.0-SNAPSHOT/compose/result/ozonesecure/root-ca-rotation/docker-ozonesecure-kms-1.log'
renamed 'ozonesecure/result/docker-ozonesecure-om-1.log' -> '/home/runner/work/ozone/ozone/hadoop-ozone/dist/target/ozone-2.0.0-SNAPSHOT/compose/result/ozonesecure/root-ca-rotation/docker-ozonesecure-om-1.log'
renamed 'ozonesecure/result/docker-ozonesecure-recon-1.log' -> '/home/runner/work/ozone/ozone/hadoop-ozone/dist/target/ozone-2.0.0-SNAPSHOT/compose/result/ozonesecure/root-ca-rotation/docker-ozonesecure-recon-1.log'
renamed 'ozonesecure/result/docker-ozonesecure-s3g-1.log' -> '/home/runner/work/ozone/ozone/hadoop-ozone/dist/target/ozone-2.0.0-SNAPSHOT/compose/result/ozonesecure/root-ca-rotation/docker-ozonesecure-s3g-1.log'
renamed 'ozonesecure/result/docker-ozonesecure-scm-1.log' -> '/home/runner/work/ozone/ozone/hadoop-ozone/dist/target/ozone-2.0.0-SNAPSHOT/compose/result/ozonesecure/root-ca-rotation/docker-ozonesecure-scm-1.log'
renamed 'ozonesecure/result/kms-audit.log' -> '/home/runner/work/ozone/ozone/hadoop-ozone/dist/target/ozone-2.0.0-SNAPSHOT/compose/result/ozonesecure/root-ca-rotation/kms-audit.log'
renamed 'ozonesecure/result/om-audit-om.log' -> '/home/runner/work/ozone/ozone/hadoop-ozone/dist/target/ozone-2.0.0-SNAPSHOT/compose/result/ozonesecure/root-ca-rotation/om-audit-om.log'
renamed 'ozonesecure/result/om-sys-audit-om.log' -> '/home/runner/work/ozone/ozone/hadoop-ozone/dist/target/ozone-2.0.0-SNAPSHOT/compose/result/ozonesecure/root-ca-rotation/om-sys-audit-om.log'
removed directory '/tmp/robot-data-bNy3ir'
