Using Docker Compose v2
Executing test ozone-ha/test-hadoop.sh
Using Docker Compose v2
Error response from daemon: Head "https://ghcr.io/v2/apache/ozone-runner/manifests/20260206-2-jdk21": Get "https://ghcr.io/token?scope=repository%3Aapache%2Fozone-runner%3Apull&service=ghcr.io": context deadline exceeded (Client.Timeout exceeded while awaiting headers)
ERROR: Test execution of ozone-ha/test-hadoop.sh is FAILED!!!!
mkdir: created directory '/home/runner/work/ozone/ozone/hadoop-ozone/dist/target/ozone-2.2.0-SNAPSHOT/compose/result/ozone-ha'
mkdir: created directory '/home/runner/work/ozone/ozone/hadoop-ozone/dist/target/ozone-2.2.0-SNAPSHOT/compose/result/ozone-ha/hadoop'
mv: cannot stat 'ozone-ha/result/*': No such file or directory
Executing test ozone/test-hadoop.sh
Using Docker Compose v2
Port 9860 is not available on scm yet
Port 9860 is not available on scm yet
Port 9860 is not available on scm yet
Port 9860 is not available on scm yet
Port 9860 is not available on scm yet
Port 9860 is not available on scm yet
Port 9860 is not available on scm yet
Port 9860 is not available on scm yet
Port 9860 is not available on scm yet
Port 9860 is not available on scm yet
Port 9860 is not available on scm yet
Port 9860 is not available on scm yet
Port 9860 is not available on scm yet
Port 9860 is not available on scm yet
Port 9860 is not available on scm yet
Port 9860 is not available on scm yet
Port 9860 is not available on scm yet
Port 9860 is not available on scm yet
Port 9860 is not available on scm yet
Port 9860 is not available on scm yet
Port 9860 is not available on scm yet
Port 9860 is not available on scm yet
Port 9860 is not available on scm yet
Port 9860 is not available on scm yet
Port 9860 is not available on scm yet
Port 9860 is available on scm
SCM is in safe mode. Will retry in 1 sec. Remaining time (sec): 239
SCM is in safe mode. Will retry in 1 sec. Remaining time (sec): 238
SCM is in safe mode. Will retry in 1 sec. Remaining time (sec): 237
SCM is in safe mode. Will retry in 1 sec. Remaining time (sec): 236
SCM is in safe mode. Will retry in 1 sec. Remaining time (sec): 235
SCM is in safe mode. Will retry in 1 sec. Remaining time (sec): 234
SCM is in safe mode. Will retry in 1 sec. Remaining time (sec): 233
SCM is in safe mode. Will retry in 1 sec. Remaining time (sec): 232
SCM is in safe mode. Will retry in 1 sec. Remaining time (sec): 231
SCM is in safe mode. Will retry in 1 sec. Remaining time (sec): 230
SCM is in safe mode. Will retry in 1 sec. Remaining time (sec): 229
SCM is in safe mode. Will retry in 1 sec. Remaining time (sec): 228
SCM is in safe mode. Will retry in 1 sec. Remaining time (sec): 227
SCM is in safe mode. Will retry in 1 sec. Remaining time (sec): 226
SCM is in safe mode. Will retry in 1 sec. Remaining time (sec): 225
SCM is in safe mode. Will retry in 1 sec. Remaining time (sec): 224
SCM is in safe mode. Will retry in 1 sec. Remaining time (sec): 223
SCM is in safe mode. Will retry in 1 sec. Remaining time (sec): 222
SCM is in safe mode. Will retry in 1 sec. Remaining time (sec): 221
SCM is in safe mode. Will retry in 1 sec. Remaining time (sec): 220
SCM is in safe mode. Will retry in 1 sec. Remaining time (sec): 219
SCM is in safe mode. Will retry in 1 sec. Remaining time (sec): 218
SCM is in safe mode. Will retry in 1 sec. Remaining time (sec): 217
SCM is in safe mode. Will retry in 1 sec. Remaining time (sec): 216
SCM is in safe mode. Will retry in 1 sec. Remaining time (sec): 215
SCM is in safe mode. Will retry in 1 sec. Remaining time (sec): 214
SCM is in safe mode. Will retry in 1 sec. Remaining time (sec): 213
SCM is in safe mode. Will retry in 1 sec. Remaining time (sec): 212
SCM is in safe mode. Will retry in 1 sec. Remaining time (sec): 211
SCM is in safe mode. Will retry in 1 sec. Remaining time (sec): 210
SCM is in safe mode. Will retry in 1 sec. Remaining time (sec): 209
SCM is in safe mode. Will retry in 1 sec. Remaining time (sec): 208
SCM is in safe mode. Will retry in 1 sec. Remaining time (sec): 207
SCM is in safe mode. Will retry in 1 sec. Remaining time (sec): 206
SCM is out of safe mode.
No OM HA service, no need to wait
==============================================================================
Createmrenv :: Create directories required for MR test                        
==============================================================================
Create test volume, bucket and key                                    | PASS |
------------------------------------------------------------------------------
Create user dir for hadoop                                            | PASS |
------------------------------------------------------------------------------
Createmrenv :: Create directories required for MR test                | PASS |
2 tests, 2 passed, 0 failed
==============================================================================
Output:  /tmp/smoketest/ozone/result/robot-001.xml
Using Docker Compose v2
Unable to find image 'apache/hadoop:2.10.2' locally
2.10.2: Pulling from apache/hadoop
8ba884070f61: Pulling fs layer
93cf21fbbef2: Pulling fs layer
c778ba593b2f: Pulling fs layer
782cc61249e1: Pulling fs layer
62371aa21ed7: Pulling fs layer
a99f0329f9e1: Pulling fs layer
a3de4f0aebed: Pulling fs layer
126875c5019e: Pulling fs layer
95cfbfe67739: Pulling fs layer
e8adfb95322d: Pulling fs layer
73bf0366d627: Pulling fs layer
08af2d7d7ec2: Pulling fs layer
086c6a12104a: Pulling fs layer
13a0fd9e312b: Pulling fs layer
34a986ee3c28: Pulling fs layer
b08b5eed2a97: Pulling fs layer
36b23ba8b2ef: Pulling fs layer
6503fca807cb: Pulling fs layer
4f4fb700ef54: Pulling fs layer
5e8601ebb35f: Pulling fs layer
c2883febc968: Pulling fs layer
aec1b7ad0d6d: Pulling fs layer
b08acfc9d955: Pulling fs layer
a3de4f0aebed: Waiting
126875c5019e: Waiting
95cfbfe67739: Waiting
e8adfb95322d: Waiting
73bf0366d627: Waiting
08af2d7d7ec2: Waiting
086c6a12104a: Waiting
782cc61249e1: Waiting
13a0fd9e312b: Waiting
34a986ee3c28: Waiting
b08b5eed2a97: Waiting
36b23ba8b2ef: Waiting
6503fca807cb: Waiting
4f4fb700ef54: Waiting
5e8601ebb35f: Waiting
c2883febc968: Waiting
62371aa21ed7: Waiting
aec1b7ad0d6d: Waiting
a99f0329f9e1: Waiting
b08acfc9d955: Waiting
93cf21fbbef2: Download complete
8ba884070f61: Verifying Checksum
8ba884070f61: Download complete
782cc61249e1: Download complete
62371aa21ed7: Verifying Checksum
62371aa21ed7: Download complete
a99f0329f9e1: Download complete
a3de4f0aebed: Verifying Checksum
a3de4f0aebed: Download complete
c778ba593b2f: Verifying Checksum
126875c5019e: Verifying Checksum
c778ba593b2f: Download complete
126875c5019e: Download complete
95cfbfe67739: Verifying Checksum
95cfbfe67739: Download complete
e8adfb95322d: Verifying Checksum
e8adfb95322d: Download complete
73bf0366d627: Verifying Checksum
73bf0366d627: Download complete
086c6a12104a: Verifying Checksum
086c6a12104a: Download complete
13a0fd9e312b: Download complete
08af2d7d7ec2: Verifying Checksum
08af2d7d7ec2: Download complete
b08b5eed2a97: Download complete
34a986ee3c28: Verifying Checksum
34a986ee3c28: Download complete
6503fca807cb: Verifying Checksum
6503fca807cb: Download complete
4f4fb700ef54: Verifying Checksum
4f4fb700ef54: Download complete
36b23ba8b2ef: Download complete
c2883febc968: Verifying Checksum
c2883febc968: Download complete
aec1b7ad0d6d: Download complete
b08acfc9d955: Verifying Checksum
b08acfc9d955: Download complete
8ba884070f61: Pull complete
5e8601ebb35f: Verifying Checksum
5e8601ebb35f: Download complete
93cf21fbbef2: Pull complete
c778ba593b2f: Pull complete
782cc61249e1: Pull complete
62371aa21ed7: Pull complete
a99f0329f9e1: Pull complete
a3de4f0aebed: Pull complete
126875c5019e: Pull complete
95cfbfe67739: Pull complete
e8adfb95322d: Pull complete
73bf0366d627: Pull complete
08af2d7d7ec2: Pull complete
086c6a12104a: Pull complete
13a0fd9e312b: Pull complete
34a986ee3c28: Pull complete
b08b5eed2a97: Pull complete
36b23ba8b2ef: Pull complete
6503fca807cb: Pull complete
4f4fb700ef54: Pull complete
5e8601ebb35f: Pull complete
c2883febc968: Pull complete
aec1b7ad0d6d: Pull complete
b08acfc9d955: Pull complete
Digest: sha256:3ee3a627ce33ad91fbe3cafca15777ae7d4d98ea6b8bda69fac6e0f2185f9a14
Status: Downloaded newer image for apache/hadoop:2.10.2
Hadoop 2.10.2
Subversion Unknown -r 965fd380006fa78b2315668fbc7eb432e1d8200f
Compiled by ubuntu on 2022-05-24T22:35Z
Compiled with protoc 2.5.0
From source with checksum d3ab737f7788f05d467784f0a86573fe
This command was run using /opt/hadoop/share/hadoop/common/hadoop-common-2.10.2.jar
==============================================================================
hadoop-2.10.2-hadoopfs-o3fs :: Test ozone fs with hadoopfs                    
==============================================================================
Test hadoop dfs                                                       | PASS |
------------------------------------------------------------------------------
hadoop-2.10.2-hadoopfs-o3fs :: Test ozone fs with hadoopfs            | PASS |
1 critical test, 1 passed, 0 failed
1 test total, 1 passed, 0 failed
==============================================================================
Output:  /tmp/smoketest/ozone/result/robot-002.xml
==============================================================================
hadoop-2.10.2-mapreduce-o3fs :: Execute MR jobs                               
==============================================================================
Execute PI calculation                                                | PASS |
------------------------------------------------------------------------------
Execute WordCount                                                     | PASS |
------------------------------------------------------------------------------
hadoop-2.10.2-mapreduce-o3fs :: Execute MR jobs                       | PASS |
2 critical tests, 2 passed, 0 failed
2 tests total, 2 passed, 0 failed
==============================================================================
Output:  /tmp/smoketest/ozone/result/robot-003.xml
==============================================================================
hadoop-2.10.2-hadoopfs-ofs :: Test ozone fs with hadoopfs                     
==============================================================================
Test hadoop dfs                                                       | PASS |
------------------------------------------------------------------------------
hadoop-2.10.2-hadoopfs-ofs :: Test ozone fs with hadoopfs             | PASS |
1 critical test, 1 passed, 0 failed
1 test total, 1 passed, 0 failed
==============================================================================
Output:  /tmp/smoketest/ozone/result/robot-004.xml
==============================================================================
hadoop-2.10.2-mapreduce-ofs :: Execute MR jobs                                
==============================================================================
Execute PI calculation                                                | PASS |
------------------------------------------------------------------------------
Execute WordCount                                                     | PASS |
------------------------------------------------------------------------------
hadoop-2.10.2-mapreduce-ofs :: Execute MR jobs                        | PASS |
2 critical tests, 2 passed, 0 failed
2 tests total, 2 passed, 0 failed
==============================================================================
Output:  /tmp/smoketest/ozone/result/robot-005.xml
Unable to find image 'ghcr.io/apache/hadoop:3.3.6' locally
3.3.6: Pulling from apache/hadoop
8ba884070f61: Already exists
93cf21fbbef2: Already exists
c778ba593b2f: Already exists
782cc61249e1: Already exists
62371aa21ed7: Already exists
a99f0329f9e1: Already exists
a3de4f0aebed: Already exists
126875c5019e: Already exists
95cfbfe67739: Already exists
e8adfb95322d: Already exists
73bf0366d627: Already exists
08af2d7d7ec2: Already exists
086c6a12104a: Already exists
13a0fd9e312b: Already exists
34a986ee3c28: Already exists
b08b5eed2a97: Already exists
36b23ba8b2ef: Already exists
6503fca807cb: Already exists
4f4fb700ef54: Already exists
625c5cc93f5c: Pulling fs layer
4f4fb700ef54: Pulling fs layer
9362c1b0c427: Pulling fs layer
dad15a21a4df: Pulling fs layer
dad15a21a4df: Waiting
4f4fb700ef54: Verifying Checksum
4f4fb700ef54: Download complete
9362c1b0c427: Verifying Checksum
9362c1b0c427: Download complete
dad15a21a4df: Verifying Checksum
dad15a21a4df: Download complete
625c5cc93f5c: Verifying Checksum
625c5cc93f5c: Download complete
625c5cc93f5c: Pull complete
4f4fb700ef54: Pull complete
9362c1b0c427: Pull complete
dad15a21a4df: Pull complete
Digest: sha256:ede68c4f0e730de6d1cab22cf2a44558bb9c61372b2caf409bbffd70f155fe17
Status: Downloaded newer image for ghcr.io/apache/hadoop:3.3.6
Hadoop 3.3.6
Source code repository https://github.com/apache/hadoop.git -r 1be78238728da9266a4f88195058f08fd012bf9c
Compiled by ubuntu on 2023-06-18T08:22Z
Compiled on platform linux-x86_64
Compiled with protoc 3.7.1
From source with checksum 5652179ad55f76cb287d9c633bb53bbd
This command was run using /opt/hadoop/share/hadoop/common/hadoop-common-3.3.6.jar
==============================================================================
hadoop-3.3.6-hadoopfs-o3fs :: Test ozone fs with hadoopfs                     
==============================================================================
Test hadoop dfs                                                       | PASS |
------------------------------------------------------------------------------
hadoop-3.3.6-hadoopfs-o3fs :: Test ozone fs with hadoopfs             | PASS |
1 critical test, 1 passed, 0 failed
1 test total, 1 passed, 0 failed
==============================================================================
Output:  /tmp/smoketest/ozone/result/robot-006.xml
==============================================================================
hadoop-3.3.6-mapreduce-o3fs :: Execute MR jobs                                
==============================================================================
Execute PI calculation                                                | PASS |
------------------------------------------------------------------------------
Execute WordCount                                                     | PASS |
------------------------------------------------------------------------------
hadoop-3.3.6-mapreduce-o3fs :: Execute MR jobs                        | PASS |
2 critical tests, 2 passed, 0 failed
2 tests total, 2 passed, 0 failed
==============================================================================
Output:  /tmp/smoketest/ozone/result/robot-007.xml
==============================================================================
hadoop-3.3.6-hadoopfs-ofs :: Test ozone fs with hadoopfs                      
==============================================================================
Test hadoop dfs                                                       | PASS |
------------------------------------------------------------------------------
hadoop-3.3.6-hadoopfs-ofs :: Test ozone fs with hadoopfs              | PASS |
1 critical test, 1 passed, 0 failed
1 test total, 1 passed, 0 failed
==============================================================================
Output:  /tmp/smoketest/ozone/result/robot-008.xml
==============================================================================
hadoop-3.3.6-mapreduce-ofs :: Execute MR jobs                                 
==============================================================================
Execute PI calculation                                                | PASS |
------------------------------------------------------------------------------
Execute WordCount                                                     | PASS |
------------------------------------------------------------------------------
hadoop-3.3.6-mapreduce-ofs :: Execute MR jobs                         | PASS |
2 critical tests, 2 passed, 0 failed
2 tests total, 2 passed, 0 failed
==============================================================================
Output:  /tmp/smoketest/ozone/result/robot-009.xml
Unable to find image 'ghcr.io/apache/hadoop:3.4.3' locally
3.4.3: Pulling from apache/hadoop
af6eca94c810: Pulling fs layer
b06b185661fc: Pulling fs layer
efc6c48a3524: Pulling fs layer
6c85aff33525: Pulling fs layer
d840c75e5f6c: Pulling fs layer
d4738680624f: Pulling fs layer
cd976a636acc: Pulling fs layer
c20bdf314b60: Pulling fs layer
6d19b793286d: Pulling fs layer
c10cedbd1c05: Pulling fs layer
1d1ef6069cdf: Pulling fs layer
c3ccfb3222cf: Pulling fs layer
59c8372cfa25: Pulling fs layer
0e06304cf83a: Pulling fs layer
e82726e025d9: Pulling fs layer
4f4fb700ef54: Pulling fs layer
ba7b8cc7abaa: Pulling fs layer
7b8d7a78c8c9: Pulling fs layer
04c104a1b91a: Pulling fs layer
1d1ef6069cdf: Waiting
c3ccfb3222cf: Waiting
59c8372cfa25: Waiting
0e06304cf83a: Waiting
e82726e025d9: Waiting
ba7b8cc7abaa: Waiting
4f4fb700ef54: Waiting
04c104a1b91a: Waiting
7b8d7a78c8c9: Waiting
d4738680624f: Waiting
cd976a636acc: Waiting
6d19b793286d: Waiting
c10cedbd1c05: Waiting
c20bdf314b60: Waiting
6c85aff33525: Waiting
d840c75e5f6c: Waiting
af6eca94c810: Verifying Checksum
af6eca94c810: Download complete
6c85aff33525: Download complete
b06b185661fc: Verifying Checksum
b06b185661fc: Download complete
efc6c48a3524: Verifying Checksum
efc6c48a3524: Download complete
af6eca94c810: Pull complete
cd976a636acc: Verifying Checksum
cd976a636acc: Download complete
d840c75e5f6c: Verifying Checksum
d840c75e5f6c: Download complete
b06b185661fc: Pull complete
c20bdf314b60: Verifying Checksum
c20bdf314b60: Download complete
c10cedbd1c05: Verifying Checksum
c10cedbd1c05: Download complete
d4738680624f: Verifying Checksum
d4738680624f: Download complete
1d1ef6069cdf: Verifying Checksum
1d1ef6069cdf: Download complete
c3ccfb3222cf: Verifying Checksum
c3ccfb3222cf: Download complete
59c8372cfa25: Verifying Checksum
59c8372cfa25: Download complete
e82726e025d9: Verifying Checksum
e82726e025d9: Download complete
0e06304cf83a: Verifying Checksum
0e06304cf83a: Download complete
efc6c48a3524: Pull complete
6c85aff33525: Pull complete
d840c75e5f6c: Pull complete
4f4fb700ef54: Verifying Checksum
4f4fb700ef54: Download complete
7b8d7a78c8c9: Verifying Checksum
7b8d7a78c8c9: Download complete
6d19b793286d: Verifying Checksum
6d19b793286d: Download complete
d4738680624f: Pull complete
cd976a636acc: Pull complete
c20bdf314b60: Pull complete
6d19b793286d: Pull complete
c10cedbd1c05: Pull complete
1d1ef6069cdf: Pull complete
c3ccfb3222cf: Pull complete
59c8372cfa25: Pull complete
0e06304cf83a: Pull complete
e82726e025d9: Pull complete
4f4fb700ef54: Pull complete
ba7b8cc7abaa: Verifying Checksum
ba7b8cc7abaa: Download complete
04c104a1b91a: Download complete
ba7b8cc7abaa: Pull complete
7b8d7a78c8c9: Pull complete
04c104a1b91a: Pull complete
Digest: sha256:2913159244f766a2e4acf370c3cef7a5c0292989b0085e66bc870ba27d576b57
Status: Downloaded newer image for ghcr.io/apache/hadoop:3.4.3
Hadoop 3.4.3
Source code repository https://github.com/apache/hadoop.git -r 9d50c6884666e794e45102260a4017bb31802e1b
Compiled by stevel on 2026-02-13T14:23Z
Compiled on platform linux-x86_64
Compiled with protoc 3.23.4
From source with checksum 2331238c4c2929e66645316a32a8613
This command was run using /opt/hadoop/share/hadoop/common/hadoop-common-3.4.3.jar
==============================================================================
hadoop-3.4.3-hadoopfs-o3fs :: Test ozone fs with hadoopfs                     
==============================================================================
Test hadoop dfs                                                       | PASS |
------------------------------------------------------------------------------
hadoop-3.4.3-hadoopfs-o3fs :: Test ozone fs with hadoopfs             | PASS |
1 test, 1 passed, 0 failed
==============================================================================
Output:  /tmp/smoketest/ozone/result/robot-010.xml
==============================================================================
hadoop-3.4.3-mapreduce-o3fs :: Execute MR jobs                                
==============================================================================
Execute PI calculation                                                | PASS |
------------------------------------------------------------------------------
Execute WordCount                                                     | PASS |
------------------------------------------------------------------------------
hadoop-3.4.3-mapreduce-o3fs :: Execute MR jobs                        | PASS |
2 tests, 2 passed, 0 failed
==============================================================================
Output:  /tmp/smoketest/ozone/result/robot-011.xml
==============================================================================
hadoop-3.4.3-hadoopfs-ofs :: Test ozone fs with hadoopfs                      
==============================================================================
Test hadoop dfs                                                       | PASS |
------------------------------------------------------------------------------
hadoop-3.4.3-hadoopfs-ofs :: Test ozone fs with hadoopfs              | PASS |
1 test, 1 passed, 0 failed
==============================================================================
Output:  /tmp/smoketest/ozone/result/robot-012.xml
==============================================================================
hadoop-3.4.3-mapreduce-ofs :: Execute MR jobs                                 
==============================================================================
Execute PI calculation                                                | PASS |
------------------------------------------------------------------------------
Execute WordCount                                                     | PASS |
------------------------------------------------------------------------------
hadoop-3.4.3-mapreduce-ofs :: Execute MR jobs                         | PASS |
2 tests, 2 passed, 0 failed
==============================================================================
Output:  /tmp/smoketest/ozone/result/robot-013.xml
To use Ozone please mount ozone folder to /opt/hadoop
Output:  /rebot-output/ozone-hadoop.xml
renamed '/home/runner/work/ozone/ozone/hadoop-ozone/dist/target/ozone-2.2.0-SNAPSHOT/compose/result/rebot-ijkGpV/ozone-hadoop.xml' -> '/home/runner/work/ozone/ozone/hadoop-ozone/dist/target/ozone-2.2.0-SNAPSHOT/compose/result/ozone-hadoop.xml'
removed 'ozone/result/robot-001.xml'
removed 'ozone/result/robot-002.xml'
removed 'ozone/result/robot-003.xml'
removed 'ozone/result/robot-004.xml'
removed 'ozone/result/robot-005.xml'
removed 'ozone/result/robot-006.xml'
removed 'ozone/result/robot-007.xml'
removed 'ozone/result/robot-008.xml'
removed 'ozone/result/robot-009.xml'
removed 'ozone/result/robot-010.xml'
removed 'ozone/result/robot-011.xml'
removed 'ozone/result/robot-012.xml'
removed 'ozone/result/robot-013.xml'
mkdir: created directory '/home/runner/work/ozone/ozone/hadoop-ozone/dist/target/ozone-2.2.0-SNAPSHOT/compose/result/ozone'
mkdir: created directory '/home/runner/work/ozone/ozone/hadoop-ozone/dist/target/ozone-2.2.0-SNAPSHOT/compose/result/ozone/hadoop'
renamed 'ozone/result/dn-audit-221e47dda169.log' -> '/home/runner/work/ozone/ozone/hadoop-ozone/dist/target/ozone-2.2.0-SNAPSHOT/compose/result/ozone/hadoop/dn-audit-221e47dda169.log'
renamed 'ozone/result/dn-audit-8cc81eb4f597.log' -> '/home/runner/work/ozone/ozone/hadoop-ozone/dist/target/ozone-2.2.0-SNAPSHOT/compose/result/ozone/hadoop/dn-audit-8cc81eb4f597.log'
renamed 'ozone/result/dn-audit-d7081c7065e9.log' -> '/home/runner/work/ozone/ozone/hadoop-ozone/dist/target/ozone-2.2.0-SNAPSHOT/compose/result/ozone/hadoop/dn-audit-d7081c7065e9.log'
renamed 'ozone/result/docker-ozone-datanode-1.log' -> '/home/runner/work/ozone/ozone/hadoop-ozone/dist/target/ozone-2.2.0-SNAPSHOT/compose/result/ozone/hadoop/docker-ozone-datanode-1.log'
renamed 'ozone/result/docker-ozone-datanode-2.log' -> '/home/runner/work/ozone/ozone/hadoop-ozone/dist/target/ozone-2.2.0-SNAPSHOT/compose/result/ozone/hadoop/docker-ozone-datanode-2.log'
renamed 'ozone/result/docker-ozone-datanode-3.log' -> '/home/runner/work/ozone/ozone/hadoop-ozone/dist/target/ozone-2.2.0-SNAPSHOT/compose/result/ozone/hadoop/docker-ozone-datanode-3.log'
renamed 'ozone/result/docker-ozone-httpfs-1.log' -> '/home/runner/work/ozone/ozone/hadoop-ozone/dist/target/ozone-2.2.0-SNAPSHOT/compose/result/ozone/hadoop/docker-ozone-httpfs-1.log'
renamed 'ozone/result/docker-ozone-nm-1.log' -> '/home/runner/work/ozone/ozone/hadoop-ozone/dist/target/ozone-2.2.0-SNAPSHOT/compose/result/ozone/hadoop/docker-ozone-nm-1.log'
renamed 'ozone/result/docker-ozone-om-1.log' -> '/home/runner/work/ozone/ozone/hadoop-ozone/dist/target/ozone-2.2.0-SNAPSHOT/compose/result/ozone/hadoop/docker-ozone-om-1.log'
renamed 'ozone/result/docker-ozone-recon-1.log' -> '/home/runner/work/ozone/ozone/hadoop-ozone/dist/target/ozone-2.2.0-SNAPSHOT/compose/result/ozone/hadoop/docker-ozone-recon-1.log'
renamed 'ozone/result/docker-ozone-rm-1.log' -> '/home/runner/work/ozone/ozone/hadoop-ozone/dist/target/ozone-2.2.0-SNAPSHOT/compose/result/ozone/hadoop/docker-ozone-rm-1.log'
renamed 'ozone/result/docker-ozone-s3g-1.log' -> '/home/runner/work/ozone/ozone/hadoop-ozone/dist/target/ozone-2.2.0-SNAPSHOT/compose/result/ozone/hadoop/docker-ozone-s3g-1.log'
renamed 'ozone/result/docker-ozone-scm-1.log' -> '/home/runner/work/ozone/ozone/hadoop-ozone/dist/target/ozone-2.2.0-SNAPSHOT/compose/result/ozone/hadoop/docker-ozone-scm-1.log'
renamed 'ozone/result/om-audit-aac8e8838446.log' -> '/home/runner/work/ozone/ozone/hadoop-ozone/dist/target/ozone-2.2.0-SNAPSHOT/compose/result/ozone/hadoop/om-audit-aac8e8838446.log'
renamed 'ozone/result/om-sys-audit-aac8e8838446.log' -> '/home/runner/work/ozone/ozone/hadoop-ozone/dist/target/ozone-2.2.0-SNAPSHOT/compose/result/ozone/hadoop/om-sys-audit-aac8e8838446.log'
renamed 'ozone/result/s3g-audit-3e8990002def.log' -> '/home/runner/work/ozone/ozone/hadoop-ozone/dist/target/ozone-2.2.0-SNAPSHOT/compose/result/ozone/hadoop/s3g-audit-3e8990002def.log'
renamed 'ozone/result/scm-audit-fb16372dfb09.log' -> '/home/runner/work/ozone/ozone/hadoop-ozone/dist/target/ozone-2.2.0-SNAPSHOT/compose/result/ozone/hadoop/scm-audit-fb16372dfb09.log'
Executing test ozonesecure-mr/test.sh
Using Docker Compose v2
Port 88 is available on kdc
Port 9860 is not available on scm yet
Port 9860 is not available on scm yet
Port 9860 is not available on scm yet
Port 9860 is not available on scm yet
Port 9860 is not available on scm yet
Port 9860 is not available on scm yet
Port 9860 is not available on scm yet
Port 9860 is not available on scm yet
Port 9860 is not available on scm yet
Port 9860 is not available on scm yet
Port 9860 is not available on scm yet
Port 9860 is not available on scm yet
Port 9860 is not available on scm yet
Port 9860 is not available on scm yet
Port 9860 is not available on scm yet
Port 9860 is not available on scm yet
Port 9860 is not available on scm yet
Port 9860 is not available on scm yet
Port 9860 is not available on scm yet
Port 9860 is not available on scm yet
Port 9860 is not available on scm yet
Port 9860 is available on scm
SCM is in safe mode. Will retry in 1 sec. Remaining time (sec): 240
SCM is in safe mode. Will retry in 1 sec. Remaining time (sec): 239
SCM is in safe mode. Will retry in 1 sec. Remaining time (sec): 238
SCM is in safe mode. Will retry in 1 sec. Remaining time (sec): 237
SCM is in safe mode. Will retry in 1 sec. Remaining time (sec): 236
SCM is in safe mode. Will retry in 1 sec. Remaining time (sec): 235
SCM is in safe mode. Will retry in 1 sec. Remaining time (sec): 234
SCM is in safe mode. Will retry in 1 sec. Remaining time (sec): 233
SCM is in safe mode. Will retry in 1 sec. Remaining time (sec): 232
SCM is in safe mode. Will retry in 1 sec. Remaining time (sec): 231
SCM is in safe mode. Will retry in 1 sec. Remaining time (sec): 230
SCM is in safe mode. Will retry in 1 sec. Remaining time (sec): 229
SCM is in safe mode. Will retry in 1 sec. Remaining time (sec): 228
SCM is in safe mode. Will retry in 1 sec. Remaining time (sec): 227
SCM is in safe mode. Will retry in 1 sec. Remaining time (sec): 226
SCM is in safe mode. Will retry in 1 sec. Remaining time (sec): 225
SCM is in safe mode. Will retry in 1 sec. Remaining time (sec): 224
SCM is in safe mode. Will retry in 1 sec. Remaining time (sec): 223
SCM is in safe mode. Will retry in 1 sec. Remaining time (sec): 222
SCM is in safe mode. Will retry in 1 sec. Remaining time (sec): 221
SCM is in safe mode. Will retry in 1 sec. Remaining time (sec): 220
SCM is in safe mode. Will retry in 1 sec. Remaining time (sec): 219
SCM is in safe mode. Will retry in 1 sec. Remaining time (sec): 218
SCM is in safe mode. Will retry in 1 sec. Remaining time (sec): 217
SCM is in safe mode. Will retry in 1 sec. Remaining time (sec): 216
SCM is out of safe mode.
No OM HA service, no need to wait
==============================================================================
Kinit :: Kinit test user                                                      
==============================================================================
Kinit                                                                 | PASS |
------------------------------------------------------------------------------
Kinit :: Kinit test user                                              | PASS |
1 test, 1 passed, 0 failed
==============================================================================
Output:  /tmp/smoketest/ozonesecure-mr/result/robot-001.xml
==============================================================================
Createmrenv :: Create directories required for MR test                        
==============================================================================
Create test volume, bucket and key                                    | PASS |
------------------------------------------------------------------------------
Create user dir for hadoop                                            | PASS |
------------------------------------------------------------------------------
Createmrenv :: Create directories required for MR test                | PASS |
2 tests, 2 passed, 0 failed
==============================================================================
Output:  /tmp/smoketest/ozonesecure-mr/result/robot-002.xml
Using Docker Compose v2
Hadoop 2.10.2
Subversion Unknown -r 965fd380006fa78b2315668fbc7eb432e1d8200f
Compiled by ubuntu on 2022-05-24T22:35Z
Compiled with protoc 2.5.0
From source with checksum d3ab737f7788f05d467784f0a86573fe
This command was run using /opt/hadoop/share/hadoop/common/hadoop-common-2.10.2.jar
==============================================================================
Kinit-Hadoop :: Kinit test user                                               
==============================================================================
Kinit                                                                 | PASS |
------------------------------------------------------------------------------
Kinit-Hadoop :: Kinit test user                                       | PASS |
1 critical test, 1 passed, 0 failed
1 test total, 1 passed, 0 failed
==============================================================================
Output:  /tmp/smoketest/ozonesecure-mr/result/robot-003.xml
==============================================================================
hadoop-2.10.2-hadoopfs-o3fs :: Test ozone fs with hadoopfs                    
==============================================================================
Test hadoop dfs                                                       | PASS |
------------------------------------------------------------------------------
hadoop-2.10.2-hadoopfs-o3fs :: Test ozone fs with hadoopfs            | PASS |
1 critical test, 1 passed, 0 failed
1 test total, 1 passed, 0 failed
==============================================================================
Output:  /tmp/smoketest/ozonesecure-mr/result/robot-004.xml
==============================================================================
hadoop-2.10.2-hadoopfs-ofs :: Test ozone fs with hadoopfs                     
==============================================================================
Test hadoop dfs                                                       | PASS |
------------------------------------------------------------------------------
hadoop-2.10.2-hadoopfs-ofs :: Test ozone fs with hadoopfs             | PASS |
1 critical test, 1 passed, 0 failed
1 test total, 1 passed, 0 failed
==============================================================================
Output:  /tmp/smoketest/ozonesecure-mr/result/robot-005.xml
Hadoop 3.3.6
Source code repository https://github.com/apache/hadoop.git -r 1be78238728da9266a4f88195058f08fd012bf9c
Compiled by ubuntu on 2023-06-18T08:22Z
Compiled on platform linux-x86_64
Compiled with protoc 3.7.1
From source with checksum 5652179ad55f76cb287d9c633bb53bbd
This command was run using /opt/hadoop/share/hadoop/common/hadoop-common-3.3.6.jar
==============================================================================
Kinit-Hadoop :: Kinit test user                                               
==============================================================================
Kinit                                                                 | PASS |
------------------------------------------------------------------------------
Kinit-Hadoop :: Kinit test user                                       | PASS |
1 critical test, 1 passed, 0 failed
1 test total, 1 passed, 0 failed
==============================================================================
Output:  /tmp/smoketest/ozonesecure-mr/result/robot-006.xml
==============================================================================
hadoop-3.3.6-hadoopfs-o3fs :: Test ozone fs with hadoopfs                     
==============================================================================
Test hadoop dfs                                                       | PASS |
------------------------------------------------------------------------------
hadoop-3.3.6-hadoopfs-o3fs :: Test ozone fs with hadoopfs             | PASS |
1 critical test, 1 passed, 0 failed
1 test total, 1 passed, 0 failed
==============================================================================
Output:  /tmp/smoketest/ozonesecure-mr/result/robot-007.xml
==============================================================================
hadoop-3.3.6-mapreduce-o3fs :: Execute MR jobs                                
==============================================================================
Execute PI calculation                                                | PASS |
------------------------------------------------------------------------------
Execute WordCount                                                     | PASS |
------------------------------------------------------------------------------
hadoop-3.3.6-mapreduce-o3fs :: Execute MR jobs                        | PASS |
2 critical tests, 2 passed, 0 failed
2 tests total, 2 passed, 0 failed
==============================================================================
Output:  /tmp/smoketest/ozonesecure-mr/result/robot-008.xml
==============================================================================
hadoop-3.3.6-hadoopfs-ofs :: Test ozone fs with hadoopfs                      
==============================================================================
Test hadoop dfs                                                       | PASS |
------------------------------------------------------------------------------
hadoop-3.3.6-hadoopfs-ofs :: Test ozone fs with hadoopfs              | PASS |
1 critical test, 1 passed, 0 failed
1 test total, 1 passed, 0 failed
==============================================================================
Output:  /tmp/smoketest/ozonesecure-mr/result/robot-009.xml
==============================================================================
hadoop-3.3.6-mapreduce-ofs :: Execute MR jobs                                 
==============================================================================
Execute PI calculation                                                | PASS |
------------------------------------------------------------------------------
Execute WordCount                                                     | PASS |
------------------------------------------------------------------------------
hadoop-3.3.6-mapreduce-ofs :: Execute MR jobs                         | PASS |
2 critical tests, 2 passed, 0 failed
2 tests total, 2 passed, 0 failed
==============================================================================
Output:  /tmp/smoketest/ozonesecure-mr/result/robot-010.xml
Hadoop 3.4.3
Source code repository https://github.com/apache/hadoop.git -r 9d50c6884666e794e45102260a4017bb31802e1b
Compiled by stevel on 2026-02-13T14:23Z
Compiled on platform linux-x86_64
Compiled with protoc 3.23.4
From source with checksum 2331238c4c2929e66645316a32a8613
This command was run using /opt/hadoop/share/hadoop/common/hadoop-common-3.4.3.jar
==============================================================================
Kinit-Hadoop :: Kinit test user                                               
==============================================================================
Kinit                                                                 | PASS |
------------------------------------------------------------------------------
Kinit-Hadoop :: Kinit test user                                       | PASS |
1 test, 1 passed, 0 failed
==============================================================================
Output:  /tmp/smoketest/ozonesecure-mr/result/robot-011.xml
==============================================================================
hadoop-3.4.3-hadoopfs-o3fs :: Test ozone fs with hadoopfs                     
==============================================================================
Test hadoop dfs                                                       | PASS |
------------------------------------------------------------------------------
hadoop-3.4.3-hadoopfs-o3fs :: Test ozone fs with hadoopfs             | PASS |
1 test, 1 passed, 0 failed
==============================================================================
Output:  /tmp/smoketest/ozonesecure-mr/result/robot-012.xml
==============================================================================
hadoop-3.4.3-mapreduce-o3fs :: Execute MR jobs                                
==============================================================================
Execute PI calculation                                                | PASS |
------------------------------------------------------------------------------
Execute WordCount                                                     | PASS |
------------------------------------------------------------------------------
hadoop-3.4.3-mapreduce-o3fs :: Execute MR jobs                        | PASS |
2 tests, 2 passed, 0 failed
==============================================================================
Output:  /tmp/smoketest/ozonesecure-mr/result/robot-013.xml
==============================================================================
hadoop-3.4.3-hadoopfs-ofs :: Test ozone fs with hadoopfs                      
==============================================================================
Test hadoop dfs                                                       | PASS |
------------------------------------------------------------------------------
hadoop-3.4.3-hadoopfs-ofs :: Test ozone fs with hadoopfs              | PASS |
1 test, 1 passed, 0 failed
==============================================================================
Output:  /tmp/smoketest/ozonesecure-mr/result/robot-014.xml
==============================================================================
hadoop-3.4.3-mapreduce-ofs :: Execute MR jobs                                 
==============================================================================
Execute PI calculation                                                | PASS |
------------------------------------------------------------------------------
Execute WordCount                                                     | PASS |
------------------------------------------------------------------------------
hadoop-3.4.3-mapreduce-ofs :: Execute MR jobs                         | PASS |
2 tests, 2 passed, 0 failed
==============================================================================
Output:  /tmp/smoketest/ozonesecure-mr/result/robot-015.xml
To use Ozone please mount ozone folder to /opt/hadoop
Output:  /rebot-output/ozonesecure-mr.xml
renamed '/home/runner/work/ozone/ozone/hadoop-ozone/dist/target/ozone-2.2.0-SNAPSHOT/compose/result/rebot-JVQu8N/ozonesecure-mr.xml' -> '/home/runner/work/ozone/ozone/hadoop-ozone/dist/target/ozone-2.2.0-SNAPSHOT/compose/result/ozonesecure-mr.xml'
removed 'ozonesecure-mr/result/robot-001.xml'
removed 'ozonesecure-mr/result/robot-002.xml'
removed 'ozonesecure-mr/result/robot-003.xml'
removed 'ozonesecure-mr/result/robot-004.xml'
removed 'ozonesecure-mr/result/robot-005.xml'
removed 'ozonesecure-mr/result/robot-006.xml'
removed 'ozonesecure-mr/result/robot-007.xml'
removed 'ozonesecure-mr/result/robot-008.xml'
removed 'ozonesecure-mr/result/robot-009.xml'
removed 'ozonesecure-mr/result/robot-010.xml'
removed 'ozonesecure-mr/result/robot-011.xml'
removed 'ozonesecure-mr/result/robot-012.xml'
removed 'ozonesecure-mr/result/robot-013.xml'
removed 'ozonesecure-mr/result/robot-014.xml'
removed 'ozonesecure-mr/result/robot-015.xml'
mkdir: created directory '/home/runner/work/ozone/ozone/hadoop-ozone/dist/target/ozone-2.2.0-SNAPSHOT/compose/result/ozonesecure-mr'
renamed 'ozonesecure-mr/result/dn-audit-24a163f741dd.log' -> '/home/runner/work/ozone/ozone/hadoop-ozone/dist/target/ozone-2.2.0-SNAPSHOT/compose/result/ozonesecure-mr/dn-audit-24a163f741dd.log'
renamed 'ozonesecure-mr/result/dn-audit-7cd68a87ed5c.log' -> '/home/runner/work/ozone/ozone/hadoop-ozone/dist/target/ozone-2.2.0-SNAPSHOT/compose/result/ozonesecure-mr/dn-audit-7cd68a87ed5c.log'
renamed 'ozonesecure-mr/result/dn-audit-a98662d94beb.log' -> '/home/runner/work/ozone/ozone/hadoop-ozone/dist/target/ozone-2.2.0-SNAPSHOT/compose/result/ozonesecure-mr/dn-audit-a98662d94beb.log'
renamed 'ozonesecure-mr/result/docker-ozonesecure-mr-datanode-1.log' -> '/home/runner/work/ozone/ozone/hadoop-ozone/dist/target/ozone-2.2.0-SNAPSHOT/compose/result/ozonesecure-mr/docker-ozonesecure-mr-datanode-1.log'
renamed 'ozonesecure-mr/result/docker-ozonesecure-mr-datanode-2.log' -> '/home/runner/work/ozone/ozone/hadoop-ozone/dist/target/ozone-2.2.0-SNAPSHOT/compose/result/ozonesecure-mr/docker-ozonesecure-mr-datanode-2.log'
renamed 'ozonesecure-mr/result/docker-ozonesecure-mr-datanode-3.log' -> '/home/runner/work/ozone/ozone/hadoop-ozone/dist/target/ozone-2.2.0-SNAPSHOT/compose/result/ozonesecure-mr/docker-ozonesecure-mr-datanode-3.log'
renamed 'ozonesecure-mr/result/docker-ozonesecure-mr-kdc-1.log' -> '/home/runner/work/ozone/ozone/hadoop-ozone/dist/target/ozone-2.2.0-SNAPSHOT/compose/result/ozonesecure-mr/docker-ozonesecure-mr-kdc-1.log'
renamed 'ozonesecure-mr/result/docker-ozonesecure-mr-kms-1.log' -> '/home/runner/work/ozone/ozone/hadoop-ozone/dist/target/ozone-2.2.0-SNAPSHOT/compose/result/ozonesecure-mr/docker-ozonesecure-mr-kms-1.log'
renamed 'ozonesecure-mr/result/docker-ozonesecure-mr-nm-1.log' -> '/home/runner/work/ozone/ozone/hadoop-ozone/dist/target/ozone-2.2.0-SNAPSHOT/compose/result/ozonesecure-mr/docker-ozonesecure-mr-nm-1.log'
renamed 'ozonesecure-mr/result/docker-ozonesecure-mr-om-1.log' -> '/home/runner/work/ozone/ozone/hadoop-ozone/dist/target/ozone-2.2.0-SNAPSHOT/compose/result/ozonesecure-mr/docker-ozonesecure-mr-om-1.log'
renamed 'ozonesecure-mr/result/docker-ozonesecure-mr-rm-1.log' -> '/home/runner/work/ozone/ozone/hadoop-ozone/dist/target/ozone-2.2.0-SNAPSHOT/compose/result/ozonesecure-mr/docker-ozonesecure-mr-rm-1.log'
renamed 'ozonesecure-mr/result/docker-ozonesecure-mr-s3g-1.log' -> '/home/runner/work/ozone/ozone/hadoop-ozone/dist/target/ozone-2.2.0-SNAPSHOT/compose/result/ozonesecure-mr/docker-ozonesecure-mr-s3g-1.log'
renamed 'ozonesecure-mr/result/docker-ozonesecure-mr-scm-1.log' -> '/home/runner/work/ozone/ozone/hadoop-ozone/dist/target/ozone-2.2.0-SNAPSHOT/compose/result/ozonesecure-mr/docker-ozonesecure-mr-scm-1.log'
renamed 'ozonesecure-mr/result/kms-audit.log' -> '/home/runner/work/ozone/ozone/hadoop-ozone/dist/target/ozone-2.2.0-SNAPSHOT/compose/result/ozonesecure-mr/kms-audit.log'
renamed 'ozonesecure-mr/result/om-audit-om.log' -> '/home/runner/work/ozone/ozone/hadoop-ozone/dist/target/ozone-2.2.0-SNAPSHOT/compose/result/ozonesecure-mr/om-audit-om.log'
renamed 'ozonesecure-mr/result/om-sys-audit-om.log' -> '/home/runner/work/ozone/ozone/hadoop-ozone/dist/target/ozone-2.2.0-SNAPSHOT/compose/result/ozonesecure-mr/om-sys-audit-om.log'
renamed 'ozonesecure-mr/result/s3g-audit-s3g.log' -> '/home/runner/work/ozone/ozone/hadoop-ozone/dist/target/ozone-2.2.0-SNAPSHOT/compose/result/ozonesecure-mr/s3g-audit-s3g.log'
renamed 'ozonesecure-mr/result/scm-audit-scm.log' -> '/home/runner/work/ozone/ozone/hadoop-ozone/dist/target/ozone-2.2.0-SNAPSHOT/compose/result/ozonesecure-mr/scm-audit-scm.log'
To use Ozone please mount ozone folder to /opt/hadoop
Log:     /rebot-output/log.html
Report:  /rebot-output/report.html
renamed '/home/runner/work/ozone/ozone/hadoop-ozone/dist/target/ozone-2.2.0-SNAPSHOT/compose/result/rebot-P88uzZ/log.html' -> '/home/runner/work/ozone/ozone/hadoop-ozone/dist/target/ozone-2.2.0-SNAPSHOT/compose/result/log.html'
renamed '/home/runner/work/ozone/ozone/hadoop-ozone/dist/target/ozone-2.2.0-SNAPSHOT/compose/result/rebot-P88uzZ/report.html' -> '/home/runner/work/ozone/ozone/hadoop-ozone/dist/target/ozone-2.2.0-SNAPSHOT/compose/result/report.html'
removed directory '/tmp/robot-data-MqKaol'
