Using Docker Compose v2
Executing test ozonesecure-ha/test-leadership.sh
Using Docker Compose v2
Port 88 is not available on kdc yet
Port 88 is not available on kdc yet
Port 88 is not available on kdc yet
Port 88 is not available on kdc yet
Port 88 is available on kdc
Port 9860 is not available on scm1.org yet
Port 9860 is not available on scm1.org yet
Port 9860 is not available on scm1.org yet
Port 9860 is not available on scm1.org yet
Port 9860 is not available on scm1.org yet
Port 9860 is not available on scm1.org yet
Port 9860 is not available on scm1.org yet
Port 9860 is not available on scm1.org yet
Port 9860 is not available on scm1.org yet
Port 9860 is not available on scm1.org yet
Port 9860 is not available on scm1.org yet
Port 9860 is available on scm1.org
SCM is in safe mode. Will retry in 1 sec. Remaining time (sec): 240
SCM is in safe mode. Will retry in 1 sec. Remaining time (sec): 239
SCM is in safe mode. Will retry in 1 sec. Remaining time (sec): 238
SCM is in safe mode. Will retry in 1 sec. Remaining time (sec): 237
SCM is in safe mode. Will retry in 1 sec. Remaining time (sec): 236
SCM is in safe mode. Will retry in 1 sec. Remaining time (sec): 235
SCM is in safe mode. Will retry in 1 sec. Remaining time (sec): 234
SCM is in safe mode. Will retry in 1 sec. Remaining time (sec): 233
SCM is in safe mode. Will retry in 1 sec. Remaining time (sec): 232
SCM is in safe mode. Will retry in 1 sec. Remaining time (sec): 231
SCM is in safe mode. Will retry in 1 sec. Remaining time (sec): 230
SCM is in safe mode. Will retry in 1 sec. Remaining time (sec): 229
SCM is in safe mode. Will retry in 1 sec. Remaining time (sec): 228
SCM is in safe mode. Will retry in 1 sec. Remaining time (sec): 227
SCM is in safe mode. Will retry in 1 sec. Remaining time (sec): 226
SCM is in safe mode. Will retry in 1 sec. Remaining time (sec): 225
SCM is in safe mode. Will retry in 1 sec. Remaining time (sec): 224
SCM is in safe mode. Will retry in 1 sec. Remaining time (sec): 223
SCM is in safe mode. Will retry in 1 sec. Remaining time (sec): 222
SCM is in safe mode. Will retry in 1 sec. Remaining time (sec): 221
SCM is in safe mode. Will retry in 1 sec. Remaining time (sec): 220
SCM is in safe mode. Will retry in 1 sec. Remaining time (sec): 219
SCM is in safe mode. Will retry in 1 sec. Remaining time (sec): 218
SCM is in safe mode. Will retry in 1 sec. Remaining time (sec): 217
SCM is in safe mode. Will retry in 1 sec. Remaining time (sec): 216
SCM is in safe mode. Will retry in 1 sec. Remaining time (sec): 215
SCM is in safe mode. Will retry in 1 sec. Remaining time (sec): 214
SCM is in safe mode. Will retry in 1 sec. Remaining time (sec): 213
SCM is in safe mode. Will retry in 1 sec. Remaining time (sec): 211
SCM is in safe mode. Will retry in 1 sec. Remaining time (sec): 210
SCM is in safe mode. Will retry in 1 sec. Remaining time (sec): 209
SCM is in safe mode. Will retry in 1 sec. Remaining time (sec): 208
SCM is in safe mode. Will retry in 1 sec. Remaining time (sec): 207
SCM is in safe mode. Will retry in 1 sec. Remaining time (sec): 206
SCM is in safe mode. Will retry in 1 sec. Remaining time (sec): 205
SCM is in safe mode. Will retry in 1 sec. Remaining time (sec): 204
SCM is in safe mode. Will retry in 1 sec. Remaining time (sec): 203
SCM is in safe mode. Will retry in 1 sec. Remaining time (sec): 202
SCM is in safe mode. Will retry in 1 sec. Remaining time (sec): 201
SCM is in safe mode. Will retry in 1 sec. Remaining time (sec): 200
SCM is in safe mode. Will retry in 1 sec. Remaining time (sec): 199
SCM is in safe mode. Will retry in 1 sec. Remaining time (sec): 198
SCM is in safe mode. Will retry in 1 sec. Remaining time (sec): 197
SCM is in safe mode. Will retry in 1 sec. Remaining time (sec): 196
SCM is in safe mode. Will retry in 1 sec. Remaining time (sec): 195
SCM is in safe mode. Will retry in 1 sec. Remaining time (sec): 194
SCM is in safe mode. Will retry in 1 sec. Remaining time (sec): 193
SCM is in safe mode. Will retry in 1 sec. Remaining time (sec): 192
SCM is in safe mode. Will retry in 1 sec. Remaining time (sec): 191
SCM is in safe mode. Will retry in 1 sec. Remaining time (sec): 190
SCM is in safe mode. Will retry in 1 sec. Remaining time (sec): 189
SCM is in safe mode. Will retry in 1 sec. Remaining time (sec): 188
SCM is in safe mode. Will retry in 1 sec. Remaining time (sec): 187
SCM is in safe mode. Will retry in 1 sec. Remaining time (sec): 186
SCM is in safe mode. Will retry in 1 sec. Remaining time (sec): 185
SCM is in safe mode. Will retry in 1 sec. Remaining time (sec): 184
SCM is in safe mode. Will retry in 1 sec. Remaining time (sec): 183
SCM is in safe mode. Will retry in 1 sec. Remaining time (sec): 182
SCM is in safe mode. Will retry in 1 sec. Remaining time (sec): 181
SCM is in safe mode. Will retry in 1 sec. Remaining time (sec): 180
SCM is in safe mode. Will retry in 1 sec. Remaining time (sec): 179
SCM is in safe mode. Will retry in 1 sec. Remaining time (sec): 178
SCM is in safe mode. Will retry in 1 sec. Remaining time (sec): 177
SCM is in safe mode. Will retry in 1 sec. Remaining time (sec): 176
SCM is in safe mode. Will retry in 1 sec. Remaining time (sec): 175
SCM is in safe mode. Will retry in 1 sec. Remaining time (sec): 174
SCM is in safe mode. Will retry in 1 sec. Remaining time (sec): 173
SCM is in safe mode. Will retry in 1 sec. Remaining time (sec): 172
SCM is in safe mode. Will retry in 1 sec. Remaining time (sec): 171
SCM is in safe mode. Will retry in 1 sec. Remaining time (sec): 170
SCM is out of safe mode.
Found OM leader for service omservice: om1 : LEADER (om1)
Replaced OM order with om1,om3,om2 in ozonesecure-ha-datanode1-1
Replaced OM order with om1,om3,om2 in ozonesecure-ha-datanode2-1
Replaced OM order with om1,om3,om2 in ozonesecure-ha-datanode3-1
Replaced OM order with om1,om3,om2 in ozonesecure-ha-httpfs-1
Replaced OM order with om1,om3,om2 in ozonesecure-ha-om1-1
Replaced OM order with om1,om3,om2 in ozonesecure-ha-om2-1
Replaced OM order with om1,om3,om2 in ozonesecure-ha-om3-1
Replaced OM order with om1,om3,om2 in ozonesecure-ha-recon-1
Replaced OM order with om1,om3,om2 in ozonesecure-ha-scm1.org-1
Replaced OM order with om1,om3,om2 in ozonesecure-ha-scm2.org-1
Replaced OM order with om1,om3,om2 in ozonesecure-ha-scm3.org-1
service "s3g" is not running
Error response from daemon: Could not find the file /tmp/smoketest/ozonesecure-ha/result/robot-001.xml in container ozonesecure-ha-s3g-1
jstack 8 > /home/runner/work/ozone/ozone/hadoop-ozone/dist/target/ozone-2.2.0-SNAPSHOT/compose/ozonesecure-ha/result/ozonesecure-ha-datanode1-1_HddsDatanodeService.stack
jstack 7 > /home/runner/work/ozone/ozone/hadoop-ozone/dist/target/ozone-2.2.0-SNAPSHOT/compose/ozonesecure-ha/result/ozonesecure-ha-datanode2-1_HddsDatanodeService.stack
jstack 6 > /home/runner/work/ozone/ozone/hadoop-ozone/dist/target/ozone-2.2.0-SNAPSHOT/compose/ozonesecure-ha/result/ozonesecure-ha-datanode3-1_HddsDatanodeService.stack
jstack 7 > /home/runner/work/ozone/ozone/hadoop-ozone/dist/target/ozone-2.2.0-SNAPSHOT/compose/ozonesecure-ha/result/ozonesecure-ha-om1-1_OzoneManagerStarter.stack
jstack 7 > /home/runner/work/ozone/ozone/hadoop-ozone/dist/target/ozone-2.2.0-SNAPSHOT/compose/ozonesecure-ha/result/ozonesecure-ha-om2-1_OzoneManagerStarter.stack
jstack 7 > /home/runner/work/ozone/ozone/hadoop-ozone/dist/target/ozone-2.2.0-SNAPSHOT/compose/ozonesecure-ha/result/ozonesecure-ha-om3-1_OzoneManagerStarter.stack
jstack 7 > /home/runner/work/ozone/ozone/hadoop-ozone/dist/target/ozone-2.2.0-SNAPSHOT/compose/ozonesecure-ha/result/ozonesecure-ha-recon-1_ReconServer.stack
jstack 7 > /home/runner/work/ozone/ozone/hadoop-ozone/dist/target/ozone-2.2.0-SNAPSHOT/compose/ozonesecure-ha/result/ozonesecure-ha-scm1.org-1_StorageContainerManagerStarter.stack
jstack 6 > /home/runner/work/ozone/ozone/hadoop-ozone/dist/target/ozone-2.2.0-SNAPSHOT/compose/ozonesecure-ha/result/ozonesecure-ha-scm2.org-1_StorageContainerManagerStarter.stack
jstack 7 > /home/runner/work/ozone/ozone/hadoop-ozone/dist/target/ozone-2.2.0-SNAPSHOT/compose/ozonesecure-ha/result/ozonesecure-ha-scm3.org-1_StorageContainerManagerStarter.stack
ERROR: Test execution of ozonesecure-ha/test-leadership.sh is FAILED!!!!
mkdir: created directory '/home/runner/work/ozone/ozone/hadoop-ozone/dist/target/ozone-2.2.0-SNAPSHOT/compose/result/ozonesecure-ha'
mkdir: created directory '/home/runner/work/ozone/ozone/hadoop-ozone/dist/target/ozone-2.2.0-SNAPSHOT/compose/result/ozonesecure-ha/leadership'
renamed 'ozonesecure-ha/result/dn-audit-00b1f3e3bef4.log' -> '/home/runner/work/ozone/ozone/hadoop-ozone/dist/target/ozone-2.2.0-SNAPSHOT/compose/result/ozonesecure-ha/leadership/dn-audit-00b1f3e3bef4.log'
renamed 'ozonesecure-ha/result/dn-audit-5cea64bdecce.log' -> '/home/runner/work/ozone/ozone/hadoop-ozone/dist/target/ozone-2.2.0-SNAPSHOT/compose/result/ozonesecure-ha/leadership/dn-audit-5cea64bdecce.log'
renamed 'ozonesecure-ha/result/dn-audit-a44cdd376486.log' -> '/home/runner/work/ozone/ozone/hadoop-ozone/dist/target/ozone-2.2.0-SNAPSHOT/compose/result/ozonesecure-ha/leadership/dn-audit-a44cdd376486.log'
renamed 'ozonesecure-ha/result/docker-ozonesecure-ha-datanode1-1.log' -> '/home/runner/work/ozone/ozone/hadoop-ozone/dist/target/ozone-2.2.0-SNAPSHOT/compose/result/ozonesecure-ha/leadership/docker-ozonesecure-ha-datanode1-1.log'
renamed 'ozonesecure-ha/result/docker-ozonesecure-ha-datanode2-1.log' -> '/home/runner/work/ozone/ozone/hadoop-ozone/dist/target/ozone-2.2.0-SNAPSHOT/compose/result/ozonesecure-ha/leadership/docker-ozonesecure-ha-datanode2-1.log'
renamed 'ozonesecure-ha/result/docker-ozonesecure-ha-datanode3-1.log' -> '/home/runner/work/ozone/ozone/hadoop-ozone/dist/target/ozone-2.2.0-SNAPSHOT/compose/result/ozonesecure-ha/leadership/docker-ozonesecure-ha-datanode3-1.log'
renamed 'ozonesecure-ha/result/docker-ozonesecure-ha-httpfs-1.log' -> '/home/runner/work/ozone/ozone/hadoop-ozone/dist/target/ozone-2.2.0-SNAPSHOT/compose/result/ozonesecure-ha/leadership/docker-ozonesecure-ha-httpfs-1.log'
renamed 'ozonesecure-ha/result/docker-ozonesecure-ha-kdc-1.log' -> '/home/runner/work/ozone/ozone/hadoop-ozone/dist/target/ozone-2.2.0-SNAPSHOT/compose/result/ozonesecure-ha/leadership/docker-ozonesecure-ha-kdc-1.log'
renamed 'ozonesecure-ha/result/docker-ozonesecure-ha-kms-1.log' -> '/home/runner/work/ozone/ozone/hadoop-ozone/dist/target/ozone-2.2.0-SNAPSHOT/compose/result/ozonesecure-ha/leadership/docker-ozonesecure-ha-kms-1.log'
renamed 'ozonesecure-ha/result/docker-ozonesecure-ha-om1-1.log' -> '/home/runner/work/ozone/ozone/hadoop-ozone/dist/target/ozone-2.2.0-SNAPSHOT/compose/result/ozonesecure-ha/leadership/docker-ozonesecure-ha-om1-1.log'
renamed 'ozonesecure-ha/result/docker-ozonesecure-ha-om2-1.log' -> '/home/runner/work/ozone/ozone/hadoop-ozone/dist/target/ozone-2.2.0-SNAPSHOT/compose/result/ozonesecure-ha/leadership/docker-ozonesecure-ha-om2-1.log'
renamed 'ozonesecure-ha/result/docker-ozonesecure-ha-om3-1.log' -> '/home/runner/work/ozone/ozone/hadoop-ozone/dist/target/ozone-2.2.0-SNAPSHOT/compose/result/ozonesecure-ha/leadership/docker-ozonesecure-ha-om3-1.log'
renamed 'ozonesecure-ha/result/docker-ozonesecure-ha-om4-1.log' -> '/home/runner/work/ozone/ozone/hadoop-ozone/dist/target/ozone-2.2.0-SNAPSHOT/compose/result/ozonesecure-ha/leadership/docker-ozonesecure-ha-om4-1.log'
renamed 'ozonesecure-ha/result/docker-ozonesecure-ha-recon-1.log' -> '/home/runner/work/ozone/ozone/hadoop-ozone/dist/target/ozone-2.2.0-SNAPSHOT/compose/result/ozonesecure-ha/leadership/docker-ozonesecure-ha-recon-1.log'
renamed 'ozonesecure-ha/result/docker-ozonesecure-ha-s3g-1.log' -> '/home/runner/work/ozone/ozone/hadoop-ozone/dist/target/ozone-2.2.0-SNAPSHOT/compose/result/ozonesecure-ha/leadership/docker-ozonesecure-ha-s3g-1.log'
renamed 'ozonesecure-ha/result/docker-ozonesecure-ha-scm1.org-1.log' -> '/home/runner/work/ozone/ozone/hadoop-ozone/dist/target/ozone-2.2.0-SNAPSHOT/compose/result/ozonesecure-ha/leadership/docker-ozonesecure-ha-scm1.org-1.log'
renamed 'ozonesecure-ha/result/docker-ozonesecure-ha-scm2.org-1.log' -> '/home/runner/work/ozone/ozone/hadoop-ozone/dist/target/ozone-2.2.0-SNAPSHOT/compose/result/ozonesecure-ha/leadership/docker-ozonesecure-ha-scm2.org-1.log'
renamed 'ozonesecure-ha/result/docker-ozonesecure-ha-scm3.org-1.log' -> '/home/runner/work/ozone/ozone/hadoop-ozone/dist/target/ozone-2.2.0-SNAPSHOT/compose/result/ozonesecure-ha/leadership/docker-ozonesecure-ha-scm3.org-1.log'
renamed 'ozonesecure-ha/result/kms-audit.log' -> '/home/runner/work/ozone/ozone/hadoop-ozone/dist/target/ozone-2.2.0-SNAPSHOT/compose/result/ozonesecure-ha/leadership/kms-audit.log'
renamed 'ozonesecure-ha/result/om-audit-om1.log' -> '/home/runner/work/ozone/ozone/hadoop-ozone/dist/target/ozone-2.2.0-SNAPSHOT/compose/result/ozonesecure-ha/leadership/om-audit-om1.log'
renamed 'ozonesecure-ha/result/om-audit-om2.log' -> '/home/runner/work/ozone/ozone/hadoop-ozone/dist/target/ozone-2.2.0-SNAPSHOT/compose/result/ozonesecure-ha/leadership/om-audit-om2.log'
renamed 'ozonesecure-ha/result/om-audit-om3.log' -> '/home/runner/work/ozone/ozone/hadoop-ozone/dist/target/ozone-2.2.0-SNAPSHOT/compose/result/ozonesecure-ha/leadership/om-audit-om3.log'
renamed 'ozonesecure-ha/result/om-sys-audit-om1.log' -> '/home/runner/work/ozone/ozone/hadoop-ozone/dist/target/ozone-2.2.0-SNAPSHOT/compose/result/ozonesecure-ha/leadership/om-sys-audit-om1.log'
renamed 'ozonesecure-ha/result/om-sys-audit-om2.log' -> '/home/runner/work/ozone/ozone/hadoop-ozone/dist/target/ozone-2.2.0-SNAPSHOT/compose/result/ozonesecure-ha/leadership/om-sys-audit-om2.log'
renamed 'ozonesecure-ha/result/om-sys-audit-om3.log' -> '/home/runner/work/ozone/ozone/hadoop-ozone/dist/target/ozone-2.2.0-SNAPSHOT/compose/result/ozonesecure-ha/leadership/om-sys-audit-om3.log'
renamed 'ozonesecure-ha/result/ozonesecure-ha-datanode1-1_HddsDatanodeService.stack' -> '/home/runner/work/ozone/ozone/hadoop-ozone/dist/target/ozone-2.2.0-SNAPSHOT/compose/result/ozonesecure-ha/leadership/ozonesecure-ha-datanode1-1_HddsDatanodeService.stack'
renamed 'ozonesecure-ha/result/ozonesecure-ha-datanode2-1_HddsDatanodeService.stack' -> '/home/runner/work/ozone/ozone/hadoop-ozone/dist/target/ozone-2.2.0-SNAPSHOT/compose/result/ozonesecure-ha/leadership/ozonesecure-ha-datanode2-1_HddsDatanodeService.stack'
renamed 'ozonesecure-ha/result/ozonesecure-ha-datanode3-1_HddsDatanodeService.stack' -> '/home/runner/work/ozone/ozone/hadoop-ozone/dist/target/ozone-2.2.0-SNAPSHOT/compose/result/ozonesecure-ha/leadership/ozonesecure-ha-datanode3-1_HddsDatanodeService.stack'
renamed 'ozonesecure-ha/result/ozonesecure-ha-om1-1_OzoneManagerStarter.stack' -> '/home/runner/work/ozone/ozone/hadoop-ozone/dist/target/ozone-2.2.0-SNAPSHOT/compose/result/ozonesecure-ha/leadership/ozonesecure-ha-om1-1_OzoneManagerStarter.stack'
renamed 'ozonesecure-ha/result/ozonesecure-ha-om2-1_OzoneManagerStarter.stack' -> '/home/runner/work/ozone/ozone/hadoop-ozone/dist/target/ozone-2.2.0-SNAPSHOT/compose/result/ozonesecure-ha/leadership/ozonesecure-ha-om2-1_OzoneManagerStarter.stack'
renamed 'ozonesecure-ha/result/ozonesecure-ha-om3-1_OzoneManagerStarter.stack' -> '/home/runner/work/ozone/ozone/hadoop-ozone/dist/target/ozone-2.2.0-SNAPSHOT/compose/result/ozonesecure-ha/leadership/ozonesecure-ha-om3-1_OzoneManagerStarter.stack'
renamed 'ozonesecure-ha/result/ozonesecure-ha-recon-1_ReconServer.stack' -> '/home/runner/work/ozone/ozone/hadoop-ozone/dist/target/ozone-2.2.0-SNAPSHOT/compose/result/ozonesecure-ha/leadership/ozonesecure-ha-recon-1_ReconServer.stack'
renamed 'ozonesecure-ha/result/ozonesecure-ha-scm1.org-1_StorageContainerManagerStarter.stack' -> '/home/runner/work/ozone/ozone/hadoop-ozone/dist/target/ozone-2.2.0-SNAPSHOT/compose/result/ozonesecure-ha/leadership/ozonesecure-ha-scm1.org-1_StorageContainerManagerStarter.stack'
renamed 'ozonesecure-ha/result/ozonesecure-ha-scm2.org-1_StorageContainerManagerStarter.stack' -> '/home/runner/work/ozone/ozone/hadoop-ozone/dist/target/ozone-2.2.0-SNAPSHOT/compose/result/ozonesecure-ha/leadership/ozonesecure-ha-scm2.org-1_StorageContainerManagerStarter.stack'
renamed 'ozonesecure-ha/result/ozonesecure-ha-scm3.org-1_StorageContainerManagerStarter.stack' -> '/home/runner/work/ozone/ozone/hadoop-ozone/dist/target/ozone-2.2.0-SNAPSHOT/compose/result/ozonesecure-ha/leadership/ozonesecure-ha-scm3.org-1_StorageContainerManagerStarter.stack'
renamed 'ozonesecure-ha/result/scm-audit-scm1.org.log' -> '/home/runner/work/ozone/ozone/hadoop-ozone/dist/target/ozone-2.2.0-SNAPSHOT/compose/result/ozonesecure-ha/leadership/scm-audit-scm1.org.log'
renamed 'ozonesecure-ha/result/scm-audit-scm2.org.log' -> '/home/runner/work/ozone/ozone/hadoop-ozone/dist/target/ozone-2.2.0-SNAPSHOT/compose/result/ozonesecure-ha/leadership/scm-audit-scm2.org.log'
renamed 'ozonesecure-ha/result/scm-audit-scm3.org.log' -> '/home/runner/work/ozone/ozone/hadoop-ozone/dist/target/ozone-2.2.0-SNAPSHOT/compose/result/ozonesecure-ha/leadership/scm-audit-scm3.org.log'
Executing test ozonesecure-ha/test-scm-decommission.sh
Using Docker Compose v2
Port 88 is not available on kdc yet
Port 88 is not available on kdc yet
Port 88 is not available on kdc yet
Port 88 is not available on kdc yet
Port 88 is not available on kdc yet
Port 88 is available on kdc
Port 9860 is not available on scm1.org yet
Port 9860 is not available on scm1.org yet
Port 9860 is not available on scm1.org yet
Port 9860 is not available on scm1.org yet
Port 9860 is not available on scm1.org yet
Port 9860 is not available on scm1.org yet
Port 9860 is not available on scm1.org yet
Port 9860 is not available on scm1.org yet
Port 9860 is not available on scm1.org yet
Port 9860 is available on scm1.org
SCM is in safe mode. Will retry in 1 sec. Remaining time (sec): 240
SCM is in safe mode. Will retry in 1 sec. Remaining time (sec): 239
SCM is in safe mode. Will retry in 1 sec. Remaining time (sec): 238
SCM is in safe mode. Will retry in 1 sec. Remaining time (sec): 237
SCM is in safe mode. Will retry in 1 sec. Remaining time (sec): 236
SCM is in safe mode. Will retry in 1 sec. Remaining time (sec): 235
SCM is in safe mode. Will retry in 1 sec. Remaining time (sec): 234
SCM is in safe mode. Will retry in 1 sec. Remaining time (sec): 233
SCM is in safe mode. Will retry in 1 sec. Remaining time (sec): 232
SCM is in safe mode. Will retry in 1 sec. Remaining time (sec): 231
SCM is in safe mode. Will retry in 1 sec. Remaining time (sec): 230
SCM is in safe mode. Will retry in 1 sec. Remaining time (sec): 229
SCM is in safe mode. Will retry in 1 sec. Remaining time (sec): 228
SCM is in safe mode. Will retry in 1 sec. Remaining time (sec): 227
SCM is in safe mode. Will retry in 1 sec. Remaining time (sec): 226
SCM is in safe mode. Will retry in 1 sec. Remaining time (sec): 225
SCM is in safe mode. Will retry in 1 sec. Remaining time (sec): 224
SCM is in safe mode. Will retry in 1 sec. Remaining time (sec): 223
SCM is in safe mode. Will retry in 1 sec. Remaining time (sec): 222
SCM is in safe mode. Will retry in 1 sec. Remaining time (sec): 221
SCM is in safe mode. Will retry in 1 sec. Remaining time (sec): 220
SCM is in safe mode. Will retry in 1 sec. Remaining time (sec): 218
SCM is in safe mode. Will retry in 1 sec. Remaining time (sec): 217
SCM is in safe mode. Will retry in 1 sec. Remaining time (sec): 216
SCM is in safe mode. Will retry in 1 sec. Remaining time (sec): 215
SCM is in safe mode. Will retry in 1 sec. Remaining time (sec): 214
SCM is in safe mode. Will retry in 1 sec. Remaining time (sec): 213
SCM is in safe mode. Will retry in 1 sec. Remaining time (sec): 212
SCM is in safe mode. Will retry in 1 sec. Remaining time (sec): 211
SCM is in safe mode. Will retry in 1 sec. Remaining time (sec): 210
SCM is in safe mode. Will retry in 1 sec. Remaining time (sec): 209
SCM is in safe mode. Will retry in 1 sec. Remaining time (sec): 208
SCM is in safe mode. Will retry in 1 sec. Remaining time (sec): 207
SCM is in safe mode. Will retry in 1 sec. Remaining time (sec): 206
SCM is in safe mode. Will retry in 1 sec. Remaining time (sec): 205
SCM is in safe mode. Will retry in 1 sec. Remaining time (sec): 204
SCM is in safe mode. Will retry in 1 sec. Remaining time (sec): 203
SCM is in safe mode. Will retry in 1 sec. Remaining time (sec): 202
SCM is in safe mode. Will retry in 1 sec. Remaining time (sec): 201
SCM is in safe mode. Will retry in 1 sec. Remaining time (sec): 200
SCM is in safe mode. Will retry in 1 sec. Remaining time (sec): 199
SCM is in safe mode. Will retry in 1 sec. Remaining time (sec): 198
SCM is in safe mode. Will retry in 1 sec. Remaining time (sec): 197
SCM is in safe mode. Will retry in 1 sec. Remaining time (sec): 196
SCM is in safe mode. Will retry in 1 sec. Remaining time (sec): 195
SCM is in safe mode. Will retry in 1 sec. Remaining time (sec): 194
SCM is in safe mode. Will retry in 1 sec. Remaining time (sec): 193
SCM is in safe mode. Will retry in 1 sec. Remaining time (sec): 192
SCM is in safe mode. Will retry in 1 sec. Remaining time (sec): 191
SCM is in safe mode. Will retry in 1 sec. Remaining time (sec): 190
SCM is in safe mode. Will retry in 1 sec. Remaining time (sec): 189
SCM is in safe mode. Will retry in 1 sec. Remaining time (sec): 188
SCM is in safe mode. Will retry in 1 sec. Remaining time (sec): 187
SCM is in safe mode. Will retry in 1 sec. Remaining time (sec): 186
SCM is in safe mode. Will retry in 1 sec. Remaining time (sec): 185
SCM is in safe mode. Will retry in 1 sec. Remaining time (sec): 184
SCM is in safe mode. Will retry in 1 sec. Remaining time (sec): 183
SCM is in safe mode. Will retry in 1 sec. Remaining time (sec): 182
SCM is in safe mode. Will retry in 1 sec. Remaining time (sec): 181
SCM is in safe mode. Will retry in 1 sec. Remaining time (sec): 180
SCM is in safe mode. Will retry in 1 sec. Remaining time (sec): 179
SCM is in safe mode. Will retry in 1 sec. Remaining time (sec): 178
SCM is in safe mode. Will retry in 1 sec. Remaining time (sec): 177
SCM is in safe mode. Will retry in 1 sec. Remaining time (sec): 176
SCM is in safe mode. Will retry in 1 sec. Remaining time (sec): 175
SCM is in safe mode. Will retry in 1 sec. Remaining time (sec): 174
SCM is in safe mode. Will retry in 1 sec. Remaining time (sec): 173
SCM is in safe mode. Will retry in 1 sec. Remaining time (sec): 172
SCM is in safe mode. Will retry in 1 sec. Remaining time (sec): 171
SCM is out of safe mode.
Found OM leader for service omservice: om3 : LEADER (om3)
Replaced OM order with om3,om2,om1 in ozonesecure-ha-datanode1-1
Replaced OM order with om3,om2,om1 in ozonesecure-ha-datanode2-1
Replaced OM order with om3,om2,om1 in ozonesecure-ha-datanode3-1
Replaced OM order with om3,om2,om1 in ozonesecure-ha-httpfs-1
Replaced OM order with om3,om2,om1 in ozonesecure-ha-om1-1
Replaced OM order with om3,om2,om1 in ozonesecure-ha-om2-1
Replaced OM order with om3,om2,om1 in ozonesecure-ha-om3-1
Replaced OM order with om3,om2,om1 in ozonesecure-ha-recon-1
Replaced OM order with om3,om2,om1 in ozonesecure-ha-scm1.org-1
Replaced OM order with om3,om2,om1 in ozonesecure-ha-scm2.org-1
Replaced OM order with om3,om2,om1 in ozonesecure-ha-scm3.org-1
Port 9894 is not available on scm4.org yet
Port 9894 is not available on scm4.org yet
Port 9894 is not available on scm4.org yet
Port 9894 is not available on scm4.org yet
Port 9894 is not available on scm4.org yet
Port 9894 is not available on scm4.org yet
Port 9894 is not available on scm4.org yet
Port 9894 is not available on scm4.org yet
Port 9894 is not available on scm4.org yet
Port 9894 is not available on scm4.org yet
Port 9894 is not available on scm4.org yet
Port 9894 is not available on scm4.org yet
Port 9894 is not available on scm4.org yet
Port 9894 is not available on scm4.org yet
Port 9894 is not available on scm4.org yet
Port 9894 is not available on scm4.org yet
Port 9894 is available on scm4.org
==============================================================================
Kinit :: Kinit test user                                                      
==============================================================================
Kinit                                                                 | PASS |
------------------------------------------------------------------------------
Kinit :: Kinit test user                                              | PASS |
1 test, 1 passed, 0 failed
==============================================================================
Output:  /tmp/smoketest/ozonesecure-ha/result/robot-001.xml
scm4.org:9894:FOLLOWER:45c0bf43-d296-433d-8b31-618ef35acd19:172.25.0.220
ozone admin scm roles | grep scm4.org succeed
==============================================================================
Primordial-Scm :: Smoketest ozone cluster startup                             
==============================================================================
Verify SCM Count                                                      | PASS |
------------------------------------------------------------------------------
Transfer Leader to SCM4                                               | PASS |
------------------------------------------------------------------------------
Verify SCM4 Certificate                                               | PASS |
------------------------------------------------------------------------------
Primordial-Scm :: Smoketest ozone cluster startup                     | PASS |
3 tests, 3 passed, 0 failed
==============================================================================
Output:  /tmp/smoketest/ozonesecure-ha/result/robot-002.xml
Port 9856 is not available on datanode4 yet
Port 9856 is not available on datanode4 yet
Port 9856 is not available on datanode4 yet
Port 9856 is not available on datanode4 yet
Port 9856 is not available on datanode4 yet
Port 9856 is not available on datanode4 yet
Port 9856 is not available on datanode4 yet
Port 9856 is not available on datanode4 yet
Port 9856 is not available on datanode4 yet
Port 9856 is not available on datanode4 yet
Port 9856 is not available on datanode4 yet
Port 9856 is not available on datanode4 yet
Port 9856 is not available on datanode4 yet
Port 9856 is not available on datanode4 yet
Port 9856 is not available on datanode4 yet
Port 9856 is not available on datanode4 yet
Port 9856 is not available on datanode4 yet
Port 9856 is not available on datanode4 yet
Port 9856 is not available on datanode4 yet
Port 9856 is not available on datanode4 yet
Port 9856 is available on datanode4
RemoteException: SCM Server, while invoking StorageContainerLocationProtocolPB over scm1. Retrying in 2000ms after 0 failover attempt(s).
Datanode: a6ec72ca-3c0a-4604-a8b6-f5cddaa74970 (/default-rack/172.25.0.221/ozonesecure-ha-datanode4-1.ozonesecure-ha_ozone_net/1 pipelines)
ozone admin datanode list | grep datanode4 succeed
RemoteException: SCM Server, while invoking StorageContainerLocationProtocolPB over scm1. Retrying in 2000ms after 0 failover attempt(s).
==============================================================================
Kinit :: Kinit test user                                                      
==============================================================================
Kinit                                                                 | PASS |
------------------------------------------------------------------------------
Kinit :: Kinit test user                                              | PASS |
1 test, 1 passed, 0 failed
==============================================================================
Output:  /tmp/smoketest/ozonesecure-ha/result/robot-003.xml
RemoteException: SCM Server, while invoking StorageContainerLocationProtocolPB over scm1. Retrying in 2000ms after 0 failover attempt(s).
Decommissioned Scm 45c0bf43-d296-433d-8b31-618ef35acd19
ozone admin scm decommission --nodeid=45c0bf43-d296-433d-8b31-618ef35acd19 | grep Decommissioned succeed
service "s3g" is not running
Error response from daemon: Could not find the file /tmp/smoketest/ozonesecure-ha/result/robot-004.xml in container ozonesecure-ha-s3g-1
jstack 7 > /home/runner/work/ozone/ozone/hadoop-ozone/dist/target/ozone-2.2.0-SNAPSHOT/compose/ozonesecure-ha/result/ozonesecure-ha-datanode1-1_HddsDatanodeService.stack
jstack 7 > /home/runner/work/ozone/ozone/hadoop-ozone/dist/target/ozone-2.2.0-SNAPSHOT/compose/ozonesecure-ha/result/ozonesecure-ha-datanode2-1_HddsDatanodeService.stack
jstack 6 > /home/runner/work/ozone/ozone/hadoop-ozone/dist/target/ozone-2.2.0-SNAPSHOT/compose/ozonesecure-ha/result/ozonesecure-ha-datanode3-1_HddsDatanodeService.stack
jstack 7 > /home/runner/work/ozone/ozone/hadoop-ozone/dist/target/ozone-2.2.0-SNAPSHOT/compose/ozonesecure-ha/result/ozonesecure-ha-datanode4-1_HddsDatanodeService.stack
jstack 7 > /home/runner/work/ozone/ozone/hadoop-ozone/dist/target/ozone-2.2.0-SNAPSHOT/compose/ozonesecure-ha/result/ozonesecure-ha-om1-1_OzoneManagerStarter.stack
jstack 6 > /home/runner/work/ozone/ozone/hadoop-ozone/dist/target/ozone-2.2.0-SNAPSHOT/compose/ozonesecure-ha/result/ozonesecure-ha-om2-1_OzoneManagerStarter.stack
jstack 7 > /home/runner/work/ozone/ozone/hadoop-ozone/dist/target/ozone-2.2.0-SNAPSHOT/compose/ozonesecure-ha/result/ozonesecure-ha-om3-1_OzoneManagerStarter.stack
jstack 7 > /home/runner/work/ozone/ozone/hadoop-ozone/dist/target/ozone-2.2.0-SNAPSHOT/compose/ozonesecure-ha/result/ozonesecure-ha-recon-1_ReconServer.stack
jstack 7 > /home/runner/work/ozone/ozone/hadoop-ozone/dist/target/ozone-2.2.0-SNAPSHOT/compose/ozonesecure-ha/result/ozonesecure-ha-scm1.org-1_StorageContainerManagerStarter.stack
jstack 7 > /home/runner/work/ozone/ozone/hadoop-ozone/dist/target/ozone-2.2.0-SNAPSHOT/compose/ozonesecure-ha/result/ozonesecure-ha-scm2.org-1_StorageContainerManagerStarter.stack
jstack 7 > /home/runner/work/ozone/ozone/hadoop-ozone/dist/target/ozone-2.2.0-SNAPSHOT/compose/ozonesecure-ha/result/ozonesecure-ha-scm3.org-1_StorageContainerManagerStarter.stack
ERROR: Test execution of ozonesecure-ha/test-scm-decommission.sh is FAILED!!!!
To use Ozone please mount ozone folder to /opt/hadoop
Output:  /rebot-output/ozonesecure-ha-scm-decommission.xml
renamed '/home/runner/work/ozone/ozone/hadoop-ozone/dist/target/ozone-2.2.0-SNAPSHOT/compose/result/rebot-9RYQwv/ozonesecure-ha-scm-decommission.xml' -> '/home/runner/work/ozone/ozone/hadoop-ozone/dist/target/ozone-2.2.0-SNAPSHOT/compose/result/ozonesecure-ha-scm-decommission.xml'
removed 'ozonesecure-ha/result/robot-001.xml'
removed 'ozonesecure-ha/result/robot-002.xml'
removed 'ozonesecure-ha/result/robot-003.xml'
mkdir: created directory '/home/runner/work/ozone/ozone/hadoop-ozone/dist/target/ozone-2.2.0-SNAPSHOT/compose/result/ozonesecure-ha/scm-decommission'
renamed 'ozonesecure-ha/result/dn-audit-7fb6769a32ae.log' -> '/home/runner/work/ozone/ozone/hadoop-ozone/dist/target/ozone-2.2.0-SNAPSHOT/compose/result/ozonesecure-ha/scm-decommission/dn-audit-7fb6769a32ae.log'
renamed 'ozonesecure-ha/result/dn-audit-83b66f61786d.log' -> '/home/runner/work/ozone/ozone/hadoop-ozone/dist/target/ozone-2.2.0-SNAPSHOT/compose/result/ozonesecure-ha/scm-decommission/dn-audit-83b66f61786d.log'
renamed 'ozonesecure-ha/result/dn-audit-d87081d066b4.log' -> '/home/runner/work/ozone/ozone/hadoop-ozone/dist/target/ozone-2.2.0-SNAPSHOT/compose/result/ozonesecure-ha/scm-decommission/dn-audit-d87081d066b4.log'
renamed 'ozonesecure-ha/result/dn-audit-f462c360039a.log' -> '/home/runner/work/ozone/ozone/hadoop-ozone/dist/target/ozone-2.2.0-SNAPSHOT/compose/result/ozonesecure-ha/scm-decommission/dn-audit-f462c360039a.log'
renamed 'ozonesecure-ha/result/docker-ozonesecure-ha-datanode1-1.log' -> '/home/runner/work/ozone/ozone/hadoop-ozone/dist/target/ozone-2.2.0-SNAPSHOT/compose/result/ozonesecure-ha/scm-decommission/docker-ozonesecure-ha-datanode1-1.log'
renamed 'ozonesecure-ha/result/docker-ozonesecure-ha-datanode2-1.log' -> '/home/runner/work/ozone/ozone/hadoop-ozone/dist/target/ozone-2.2.0-SNAPSHOT/compose/result/ozonesecure-ha/scm-decommission/docker-ozonesecure-ha-datanode2-1.log'
renamed 'ozonesecure-ha/result/docker-ozonesecure-ha-datanode3-1.log' -> '/home/runner/work/ozone/ozone/hadoop-ozone/dist/target/ozone-2.2.0-SNAPSHOT/compose/result/ozonesecure-ha/scm-decommission/docker-ozonesecure-ha-datanode3-1.log'
renamed 'ozonesecure-ha/result/docker-ozonesecure-ha-datanode4-1.log' -> '/home/runner/work/ozone/ozone/hadoop-ozone/dist/target/ozone-2.2.0-SNAPSHOT/compose/result/ozonesecure-ha/scm-decommission/docker-ozonesecure-ha-datanode4-1.log'
renamed 'ozonesecure-ha/result/docker-ozonesecure-ha-httpfs-1.log' -> '/home/runner/work/ozone/ozone/hadoop-ozone/dist/target/ozone-2.2.0-SNAPSHOT/compose/result/ozonesecure-ha/scm-decommission/docker-ozonesecure-ha-httpfs-1.log'
renamed 'ozonesecure-ha/result/docker-ozonesecure-ha-kdc-1.log' -> '/home/runner/work/ozone/ozone/hadoop-ozone/dist/target/ozone-2.2.0-SNAPSHOT/compose/result/ozonesecure-ha/scm-decommission/docker-ozonesecure-ha-kdc-1.log'
renamed 'ozonesecure-ha/result/docker-ozonesecure-ha-kms-1.log' -> '/home/runner/work/ozone/ozone/hadoop-ozone/dist/target/ozone-2.2.0-SNAPSHOT/compose/result/ozonesecure-ha/scm-decommission/docker-ozonesecure-ha-kms-1.log'
renamed 'ozonesecure-ha/result/docker-ozonesecure-ha-om1-1.log' -> '/home/runner/work/ozone/ozone/hadoop-ozone/dist/target/ozone-2.2.0-SNAPSHOT/compose/result/ozonesecure-ha/scm-decommission/docker-ozonesecure-ha-om1-1.log'
renamed 'ozonesecure-ha/result/docker-ozonesecure-ha-om2-1.log' -> '/home/runner/work/ozone/ozone/hadoop-ozone/dist/target/ozone-2.2.0-SNAPSHOT/compose/result/ozonesecure-ha/scm-decommission/docker-ozonesecure-ha-om2-1.log'
renamed 'ozonesecure-ha/result/docker-ozonesecure-ha-om3-1.log' -> '/home/runner/work/ozone/ozone/hadoop-ozone/dist/target/ozone-2.2.0-SNAPSHOT/compose/result/ozonesecure-ha/scm-decommission/docker-ozonesecure-ha-om3-1.log'
renamed 'ozonesecure-ha/result/docker-ozonesecure-ha-om4-1.log' -> '/home/runner/work/ozone/ozone/hadoop-ozone/dist/target/ozone-2.2.0-SNAPSHOT/compose/result/ozonesecure-ha/scm-decommission/docker-ozonesecure-ha-om4-1.log'
renamed 'ozonesecure-ha/result/docker-ozonesecure-ha-recon-1.log' -> '/home/runner/work/ozone/ozone/hadoop-ozone/dist/target/ozone-2.2.0-SNAPSHOT/compose/result/ozonesecure-ha/scm-decommission/docker-ozonesecure-ha-recon-1.log'
renamed 'ozonesecure-ha/result/docker-ozonesecure-ha-s3g-1.log' -> '/home/runner/work/ozone/ozone/hadoop-ozone/dist/target/ozone-2.2.0-SNAPSHOT/compose/result/ozonesecure-ha/scm-decommission/docker-ozonesecure-ha-s3g-1.log'
renamed 'ozonesecure-ha/result/docker-ozonesecure-ha-scm1.org-1.log' -> '/home/runner/work/ozone/ozone/hadoop-ozone/dist/target/ozone-2.2.0-SNAPSHOT/compose/result/ozonesecure-ha/scm-decommission/docker-ozonesecure-ha-scm1.org-1.log'
renamed 'ozonesecure-ha/result/docker-ozonesecure-ha-scm2.org-1.log' -> '/home/runner/work/ozone/ozone/hadoop-ozone/dist/target/ozone-2.2.0-SNAPSHOT/compose/result/ozonesecure-ha/scm-decommission/docker-ozonesecure-ha-scm2.org-1.log'
renamed 'ozonesecure-ha/result/docker-ozonesecure-ha-scm3.org-1.log' -> '/home/runner/work/ozone/ozone/hadoop-ozone/dist/target/ozone-2.2.0-SNAPSHOT/compose/result/ozonesecure-ha/scm-decommission/docker-ozonesecure-ha-scm3.org-1.log'
renamed 'ozonesecure-ha/result/docker-ozonesecure-ha-scm4.org-1.log' -> '/home/runner/work/ozone/ozone/hadoop-ozone/dist/target/ozone-2.2.0-SNAPSHOT/compose/result/ozonesecure-ha/scm-decommission/docker-ozonesecure-ha-scm4.org-1.log'
renamed 'ozonesecure-ha/result/kms-audit.log' -> '/home/runner/work/ozone/ozone/hadoop-ozone/dist/target/ozone-2.2.0-SNAPSHOT/compose/result/ozonesecure-ha/scm-decommission/kms-audit.log'
renamed 'ozonesecure-ha/result/om-audit-om1.log' -> '/home/runner/work/ozone/ozone/hadoop-ozone/dist/target/ozone-2.2.0-SNAPSHOT/compose/result/ozonesecure-ha/scm-decommission/om-audit-om1.log'
renamed 'ozonesecure-ha/result/om-audit-om2.log' -> '/home/runner/work/ozone/ozone/hadoop-ozone/dist/target/ozone-2.2.0-SNAPSHOT/compose/result/ozonesecure-ha/scm-decommission/om-audit-om2.log'
renamed 'ozonesecure-ha/result/om-audit-om3.log' -> '/home/runner/work/ozone/ozone/hadoop-ozone/dist/target/ozone-2.2.0-SNAPSHOT/compose/result/ozonesecure-ha/scm-decommission/om-audit-om3.log'
renamed 'ozonesecure-ha/result/om-sys-audit-om1.log' -> '/home/runner/work/ozone/ozone/hadoop-ozone/dist/target/ozone-2.2.0-SNAPSHOT/compose/result/ozonesecure-ha/scm-decommission/om-sys-audit-om1.log'
renamed 'ozonesecure-ha/result/om-sys-audit-om2.log' -> '/home/runner/work/ozone/ozone/hadoop-ozone/dist/target/ozone-2.2.0-SNAPSHOT/compose/result/ozonesecure-ha/scm-decommission/om-sys-audit-om2.log'
renamed 'ozonesecure-ha/result/om-sys-audit-om3.log' -> '/home/runner/work/ozone/ozone/hadoop-ozone/dist/target/ozone-2.2.0-SNAPSHOT/compose/result/ozonesecure-ha/scm-decommission/om-sys-audit-om3.log'
renamed 'ozonesecure-ha/result/ozonesecure-ha-datanode1-1_HddsDatanodeService.stack' -> '/home/runner/work/ozone/ozone/hadoop-ozone/dist/target/ozone-2.2.0-SNAPSHOT/compose/result/ozonesecure-ha/scm-decommission/ozonesecure-ha-datanode1-1_HddsDatanodeService.stack'
renamed 'ozonesecure-ha/result/ozonesecure-ha-datanode2-1_HddsDatanodeService.stack' -> '/home/runner/work/ozone/ozone/hadoop-ozone/dist/target/ozone-2.2.0-SNAPSHOT/compose/result/ozonesecure-ha/scm-decommission/ozonesecure-ha-datanode2-1_HddsDatanodeService.stack'
renamed 'ozonesecure-ha/result/ozonesecure-ha-datanode3-1_HddsDatanodeService.stack' -> '/home/runner/work/ozone/ozone/hadoop-ozone/dist/target/ozone-2.2.0-SNAPSHOT/compose/result/ozonesecure-ha/scm-decommission/ozonesecure-ha-datanode3-1_HddsDatanodeService.stack'
renamed 'ozonesecure-ha/result/ozonesecure-ha-datanode4-1_HddsDatanodeService.stack' -> '/home/runner/work/ozone/ozone/hadoop-ozone/dist/target/ozone-2.2.0-SNAPSHOT/compose/result/ozonesecure-ha/scm-decommission/ozonesecure-ha-datanode4-1_HddsDatanodeService.stack'
renamed 'ozonesecure-ha/result/ozonesecure-ha-om1-1_OzoneManagerStarter.stack' -> '/home/runner/work/ozone/ozone/hadoop-ozone/dist/target/ozone-2.2.0-SNAPSHOT/compose/result/ozonesecure-ha/scm-decommission/ozonesecure-ha-om1-1_OzoneManagerStarter.stack'
renamed 'ozonesecure-ha/result/ozonesecure-ha-om2-1_OzoneManagerStarter.stack' -> '/home/runner/work/ozone/ozone/hadoop-ozone/dist/target/ozone-2.2.0-SNAPSHOT/compose/result/ozonesecure-ha/scm-decommission/ozonesecure-ha-om2-1_OzoneManagerStarter.stack'
renamed 'ozonesecure-ha/result/ozonesecure-ha-om3-1_OzoneManagerStarter.stack' -> '/home/runner/work/ozone/ozone/hadoop-ozone/dist/target/ozone-2.2.0-SNAPSHOT/compose/result/ozonesecure-ha/scm-decommission/ozonesecure-ha-om3-1_OzoneManagerStarter.stack'
renamed 'ozonesecure-ha/result/ozonesecure-ha-recon-1_ReconServer.stack' -> '/home/runner/work/ozone/ozone/hadoop-ozone/dist/target/ozone-2.2.0-SNAPSHOT/compose/result/ozonesecure-ha/scm-decommission/ozonesecure-ha-recon-1_ReconServer.stack'
renamed 'ozonesecure-ha/result/ozonesecure-ha-scm1.org-1_StorageContainerManagerStarter.stack' -> '/home/runner/work/ozone/ozone/hadoop-ozone/dist/target/ozone-2.2.0-SNAPSHOT/compose/result/ozonesecure-ha/scm-decommission/ozonesecure-ha-scm1.org-1_StorageContainerManagerStarter.stack'
renamed 'ozonesecure-ha/result/ozonesecure-ha-scm2.org-1_StorageContainerManagerStarter.stack' -> '/home/runner/work/ozone/ozone/hadoop-ozone/dist/target/ozone-2.2.0-SNAPSHOT/compose/result/ozonesecure-ha/scm-decommission/ozonesecure-ha-scm2.org-1_StorageContainerManagerStarter.stack'
renamed 'ozonesecure-ha/result/ozonesecure-ha-scm3.org-1_StorageContainerManagerStarter.stack' -> '/home/runner/work/ozone/ozone/hadoop-ozone/dist/target/ozone-2.2.0-SNAPSHOT/compose/result/ozonesecure-ha/scm-decommission/ozonesecure-ha-scm3.org-1_StorageContainerManagerStarter.stack'
renamed 'ozonesecure-ha/result/scm-audit-scm1.org.log' -> '/home/runner/work/ozone/ozone/hadoop-ozone/dist/target/ozone-2.2.0-SNAPSHOT/compose/result/ozonesecure-ha/scm-decommission/scm-audit-scm1.org.log'
renamed 'ozonesecure-ha/result/scm-audit-scm2.org.log' -> '/home/runner/work/ozone/ozone/hadoop-ozone/dist/target/ozone-2.2.0-SNAPSHOT/compose/result/ozonesecure-ha/scm-decommission/scm-audit-scm2.org.log'
renamed 'ozonesecure-ha/result/scm-audit-scm3.org.log' -> '/home/runner/work/ozone/ozone/hadoop-ozone/dist/target/ozone-2.2.0-SNAPSHOT/compose/result/ozonesecure-ha/scm-decommission/scm-audit-scm3.org.log'
To use Ozone please mount ozone folder to /opt/hadoop
Log:     /rebot-output/log.html
Report:  /rebot-output/report.html
renamed '/home/runner/work/ozone/ozone/hadoop-ozone/dist/target/ozone-2.2.0-SNAPSHOT/compose/result/rebot-0RdFbd/log.html' -> '/home/runner/work/ozone/ozone/hadoop-ozone/dist/target/ozone-2.2.0-SNAPSHOT/compose/result/log.html'
renamed '/home/runner/work/ozone/ozone/hadoop-ozone/dist/target/ozone-2.2.0-SNAPSHOT/compose/result/rebot-0RdFbd/report.html' -> '/home/runner/work/ozone/ozone/hadoop-ozone/dist/target/ozone-2.2.0-SNAPSHOT/compose/result/report.html'
removed directory '/tmp/robot-data-mnPcd7'
