rm: cannot remove '/home/runner/work/ozone/ozone/hadoop-ozone/dist/target/ozone-2.1.0-SNAPSHOT/kubernetes/examples/result/*': No such file or directory

#### Executing tests of getting-started #####


**** Modifying Kubernetes resources file for test ****

   (mounting current Ozone directory to the containers, scheduling containers to one node, ...)

WARNING: this test can be executed only with local Kubernetes cluster
   (source dir should be available from K8s nodes)


**** Deleting existing k8s resources ****

E0617 21:25:38.888713    2714 memcache.go:287] "Unhandled Error" err="couldn't get resource list for metrics.k8s.io/v1beta1: the server is currently unable to handle the request"
E0617 21:25:38.891637    2714 memcache.go:121] "Unhandled Error" err="couldn't get resource list for metrics.k8s.io/v1beta1: the server is currently unable to handle the request"
E0617 21:25:38.897419    2714 memcache.go:121] "Unhandled Error" err="couldn't get resource list for metrics.k8s.io/v1beta1: the server is currently unable to handle the request"
E0617 21:25:38.900545    2714 memcache.go:121] "Unhandled Error" err="couldn't get resource list for metrics.k8s.io/v1beta1: the server is currently unable to handle the request"
No resources found
E0617 21:25:38.987100    2722 memcache.go:287] "Unhandled Error" err="couldn't get resource list for metrics.k8s.io/v1beta1: the server is currently unable to handle the request"
E0617 21:25:38.989490    2722 memcache.go:121] "Unhandled Error" err="couldn't get resource list for metrics.k8s.io/v1beta1: the server is currently unable to handle the request"
E0617 21:25:38.992356    2722 memcache.go:121] "Unhandled Error" err="couldn't get resource list for metrics.k8s.io/v1beta1: the server is currently unable to handle the request"
E0617 21:25:38.995308    2722 memcache.go:121] "Unhandled Error" err="couldn't get resource list for metrics.k8s.io/v1beta1: the server is currently unable to handle the request"
No resources found
E0617 21:25:39.064402    2729 memcache.go:287] "Unhandled Error" err="couldn't get resource list for metrics.k8s.io/v1beta1: the server is currently unable to handle the request"
E0617 21:25:39.086682    2729 memcache.go:121] "Unhandled Error" err="couldn't get resource list for metrics.k8s.io/v1beta1: the server is currently unable to handle the request"
E0617 21:25:39.089592    2729 memcache.go:121] "Unhandled Error" err="couldn't get resource list for metrics.k8s.io/v1beta1: the server is currently unable to handle the request"
E0617 21:25:39.092125    2729 memcache.go:121] "Unhandled Error" err="couldn't get resource list for metrics.k8s.io/v1beta1: the server is currently unable to handle the request"
No resources found
E0617 21:25:39.162036    2735 memcache.go:287] "Unhandled Error" err="couldn't get resource list for metrics.k8s.io/v1beta1: the server is currently unable to handle the request"
E0617 21:25:39.172491    2735 memcache.go:121] "Unhandled Error" err="couldn't get resource list for metrics.k8s.io/v1beta1: the server is currently unable to handle the request"
E0617 21:25:39.175469    2735 memcache.go:121] "Unhandled Error" err="couldn't get resource list for metrics.k8s.io/v1beta1: the server is currently unable to handle the request"
E0617 21:25:39.178392    2735 memcache.go:121] "Unhandled Error" err="couldn't get resource list for metrics.k8s.io/v1beta1: the server is currently unable to handle the request"
service "kubernetes" deleted
E0617 21:25:39.271603    2747 memcache.go:287] "Unhandled Error" err="couldn't get resource list for metrics.k8s.io/v1beta1: the server is currently unable to handle the request"
E0617 21:25:39.273929    2747 memcache.go:121] "Unhandled Error" err="couldn't get resource list for metrics.k8s.io/v1beta1: the server is currently unable to handle the request"
E0617 21:25:39.276538    2747 memcache.go:121] "Unhandled Error" err="couldn't get resource list for metrics.k8s.io/v1beta1: the server is currently unable to handle the request"
E0617 21:25:39.279199    2747 memcache.go:121] "Unhandled Error" err="couldn't get resource list for metrics.k8s.io/v1beta1: the server is currently unable to handle the request"
No resources found
E0617 21:25:39.367758    2771 memcache.go:287] "Unhandled Error" err="couldn't get resource list for metrics.k8s.io/v1beta1: the server is currently unable to handle the request"
E0617 21:25:39.369997    2771 memcache.go:121] "Unhandled Error" err="couldn't get resource list for metrics.k8s.io/v1beta1: the server is currently unable to handle the request"
E0617 21:25:39.372929    2771 memcache.go:121] "Unhandled Error" err="couldn't get resource list for metrics.k8s.io/v1beta1: the server is currently unable to handle the request"
E0617 21:25:39.375875    2771 memcache.go:121] "Unhandled Error" err="couldn't get resource list for metrics.k8s.io/v1beta1: the server is currently unable to handle the request"
No resources found
E0617 21:25:39.442931    2778 memcache.go:287] "Unhandled Error" err="couldn't get resource list for metrics.k8s.io/v1beta1: the server is currently unable to handle the request"
E0617 21:25:39.461040    2778 memcache.go:121] "Unhandled Error" err="couldn't get resource list for metrics.k8s.io/v1beta1: the server is currently unable to handle the request"
E0617 21:25:39.463932    2778 memcache.go:121] "Unhandled Error" err="couldn't get resource list for metrics.k8s.io/v1beta1: the server is currently unable to handle the request"
E0617 21:25:39.466624    2778 memcache.go:121] "Unhandled Error" err="couldn't get resource list for metrics.k8s.io/v1beta1: the server is currently unable to handle the request"
No resources found
E0617 21:25:39.550220    2785 memcache.go:287] "Unhandled Error" err="couldn't get resource list for metrics.k8s.io/v1beta1: the server is currently unable to handle the request"
E0617 21:25:39.552437    2785 memcache.go:121] "Unhandled Error" err="couldn't get resource list for metrics.k8s.io/v1beta1: the server is currently unable to handle the request"
E0617 21:25:39.555310    2785 memcache.go:121] "Unhandled Error" err="couldn't get resource list for metrics.k8s.io/v1beta1: the server is currently unable to handle the request"
E0617 21:25:39.558119    2785 memcache.go:121] "Unhandled Error" err="couldn't get resource list for metrics.k8s.io/v1beta1: the server is currently unable to handle the request"
No resources found

**** Applying k8s resources from getting-started ****

E0617 21:25:39.726660    2794 memcache.go:287] "Unhandled Error" err="couldn't get resource list for metrics.k8s.io/v1beta1: the server is currently unable to handle the request"
E0617 21:25:39.753601    2794 memcache.go:121] "Unhandled Error" err="couldn't get resource list for metrics.k8s.io/v1beta1: the server is currently unable to handle the request"
configmap/config created
service/datanode created
service/datanode-public created
service/httpfs created
service/httpfs-public created
service/om created
service/om-public created
service/recon created
service/recon-public created
service/s3g created
service/s3g-public created
service/scm created
service/scm-public created
statefulset.apps/datanode created
statefulset.apps/httpfs created
statefulset.apps/om created
statefulset.apps/recon created
statefulset.apps/s3g created
statefulset.apps/scm created

**** Waiting until the k8s cluster is running ****

E0617 21:25:39.948887    2823 memcache.go:287] "Unhandled Error" err="couldn't get resource list for metrics.k8s.io/v1beta1: the server is currently unable to handle the request"
E0617 21:25:39.951239    2823 memcache.go:121] "Unhandled Error" err="couldn't get resource list for metrics.k8s.io/v1beta1: the server is currently unable to handle the request"
E0617 21:25:39.954026    2823 memcache.go:121] "Unhandled Error" err="couldn't get resource list for metrics.k8s.io/v1beta1: the server is currently unable to handle the request"
E0617 21:25:39.956935    2823 memcache.go:121] "Unhandled Error" err="couldn't get resource list for metrics.k8s.io/v1beta1: the server is currently unable to handle the request"
No resources found in default namespace.
E0617 21:25:40.039968    2832 memcache.go:287] "Unhandled Error" err="couldn't get resource list for metrics.k8s.io/v1beta1: the server is currently unable to handle the request"
E0617 21:25:40.043392    2832 memcache.go:121] "Unhandled Error" err="couldn't get resource list for metrics.k8s.io/v1beta1: the server is currently unable to handle the request"
E0617 21:25:40.046321    2832 memcache.go:121] "Unhandled Error" err="couldn't get resource list for metrics.k8s.io/v1beta1: the server is currently unable to handle the request"
E0617 21:25:40.049250    2832 memcache.go:121] "Unhandled Error" err="couldn't get resource list for metrics.k8s.io/v1beta1: the server is currently unable to handle the request"
No resources found in default namespace.
0 pods are running. Waiting for more.
1 'all_pods_are_running' is failed...
E0617 21:25:43.134189    2900 memcache.go:287] "Unhandled Error" err="couldn't get resource list for metrics.k8s.io/v1beta1: the server is currently unable to handle the request"
E0617 21:25:43.159588    2900 memcache.go:121] "Unhandled Error" err="couldn't get resource list for metrics.k8s.io/v1beta1: the server is currently unable to handle the request"
E0617 21:25:43.162729    2900 memcache.go:121] "Unhandled Error" err="couldn't get resource list for metrics.k8s.io/v1beta1: the server is currently unable to handle the request"
E0617 21:25:43.165349    2900 memcache.go:121] "Unhandled Error" err="couldn't get resource list for metrics.k8s.io/v1beta1: the server is currently unable to handle the request"
No resources found in default namespace.
E0617 21:25:43.246225    2910 memcache.go:287] "Unhandled Error" err="couldn't get resource list for metrics.k8s.io/v1beta1: the server is currently unable to handle the request"
E0617 21:25:43.251738    2910 memcache.go:121] "Unhandled Error" err="couldn't get resource list for metrics.k8s.io/v1beta1: the server is currently unable to handle the request"
E0617 21:25:43.255094    2910 memcache.go:121] "Unhandled Error" err="couldn't get resource list for metrics.k8s.io/v1beta1: the server is currently unable to handle the request"
E0617 21:25:43.258315    2910 memcache.go:121] "Unhandled Error" err="couldn't get resource list for metrics.k8s.io/v1beta1: the server is currently unable to handle the request"
No resources found in default namespace.
0 pods are running. Waiting for more.
2 'all_pods_are_running' is failed...
E0617 21:25:46.343955    2985 memcache.go:287] "Unhandled Error" err="couldn't get resource list for metrics.k8s.io/v1beta1: the server is currently unable to handle the request"
E0617 21:25:46.352185    2985 memcache.go:121] "Unhandled Error" err="couldn't get resource list for metrics.k8s.io/v1beta1: the server is currently unable to handle the request"
E0617 21:25:46.355815    2985 memcache.go:121] "Unhandled Error" err="couldn't get resource list for metrics.k8s.io/v1beta1: the server is currently unable to handle the request"
E0617 21:25:46.362933    2985 memcache.go:121] "Unhandled Error" err="couldn't get resource list for metrics.k8s.io/v1beta1: the server is currently unable to handle the request"
No resources found in default namespace.
E0617 21:25:46.444972    2997 memcache.go:287] "Unhandled Error" err="couldn't get resource list for metrics.k8s.io/v1beta1: the server is currently unable to handle the request"
E0617 21:25:46.450316    2997 memcache.go:121] "Unhandled Error" err="couldn't get resource list for metrics.k8s.io/v1beta1: the server is currently unable to handle the request"
E0617 21:25:46.453299    2997 memcache.go:121] "Unhandled Error" err="couldn't get resource list for metrics.k8s.io/v1beta1: the server is currently unable to handle the request"
E0617 21:25:46.456520    2997 memcache.go:121] "Unhandled Error" err="couldn't get resource list for metrics.k8s.io/v1beta1: the server is currently unable to handle the request"
0 pods are running. Waiting for more.
3 'all_pods_are_running' is failed...
E0617 21:25:49.516137    3095 memcache.go:287] "Unhandled Error" err="couldn't get resource list for metrics.k8s.io/v1beta1: the server is currently unable to handle the request"
E0617 21:25:49.548152    3095 memcache.go:121] "Unhandled Error" err="couldn't get resource list for metrics.k8s.io/v1beta1: the server is currently unable to handle the request"
E0617 21:25:49.551054    3095 memcache.go:121] "Unhandled Error" err="couldn't get resource list for metrics.k8s.io/v1beta1: the server is currently unable to handle the request"
E0617 21:25:49.554132    3095 memcache.go:121] "Unhandled Error" err="couldn't get resource list for metrics.k8s.io/v1beta1: the server is currently unable to handle the request"
No resources found in default namespace.
E0617 21:25:49.619534    3105 memcache.go:287] "Unhandled Error" err="couldn't get resource list for metrics.k8s.io/v1beta1: the server is currently unable to handle the request"
E0617 21:25:49.641669    3105 memcache.go:121] "Unhandled Error" err="couldn't get resource list for metrics.k8s.io/v1beta1: the server is currently unable to handle the request"
E0617 21:25:49.644569    3105 memcache.go:121] "Unhandled Error" err="couldn't get resource list for metrics.k8s.io/v1beta1: the server is currently unable to handle the request"
E0617 21:25:49.647483    3105 memcache.go:121] "Unhandled Error" err="couldn't get resource list for metrics.k8s.io/v1beta1: the server is currently unable to handle the request"
0 pods are running. Waiting for more.
4 'all_pods_are_running' is failed...
E0617 21:25:52.729346    4030 memcache.go:287] "Unhandled Error" err="couldn't get resource list for metrics.k8s.io/v1beta1: the server is currently unable to handle the request"
E0617 21:25:52.746530    4030 memcache.go:121] "Unhandled Error" err="couldn't get resource list for metrics.k8s.io/v1beta1: the server is currently unable to handle the request"
E0617 21:25:52.749422    4030 memcache.go:121] "Unhandled Error" err="couldn't get resource list for metrics.k8s.io/v1beta1: the server is currently unable to handle the request"
E0617 21:25:52.752347    4030 memcache.go:121] "Unhandled Error" err="couldn't get resource list for metrics.k8s.io/v1beta1: the server is currently unable to handle the request"
No resources found in default namespace.
E0617 21:25:52.807523    4053 memcache.go:287] "Unhandled Error" err="couldn't get resource list for metrics.k8s.io/v1beta1: the server is currently unable to handle the request"
E0617 21:25:52.840494    4053 memcache.go:121] "Unhandled Error" err="couldn't get resource list for metrics.k8s.io/v1beta1: the server is currently unable to handle the request"
E0617 21:25:52.843331    4053 memcache.go:121] "Unhandled Error" err="couldn't get resource list for metrics.k8s.io/v1beta1: the server is currently unable to handle the request"
E0617 21:25:52.845948    4053 memcache.go:121] "Unhandled Error" err="couldn't get resource list for metrics.k8s.io/v1beta1: the server is currently unable to handle the request"
0 pods are running. Waiting for more.
5 'all_pods_are_running' is failed...
E0617 21:25:55.909356    4065 memcache.go:287] "Unhandled Error" err="couldn't get resource list for metrics.k8s.io/v1beta1: the server is currently unable to handle the request"
E0617 21:25:55.934898    4065 memcache.go:121] "Unhandled Error" err="couldn't get resource list for metrics.k8s.io/v1beta1: the server is currently unable to handle the request"
E0617 21:25:55.937845    4065 memcache.go:121] "Unhandled Error" err="couldn't get resource list for metrics.k8s.io/v1beta1: the server is currently unable to handle the request"
E0617 21:25:55.940389    4065 memcache.go:121] "Unhandled Error" err="couldn't get resource list for metrics.k8s.io/v1beta1: the server is currently unable to handle the request"
No resources found in default namespace.
E0617 21:25:56.022901    4075 memcache.go:287] "Unhandled Error" err="couldn't get resource list for metrics.k8s.io/v1beta1: the server is currently unable to handle the request"
E0617 21:25:56.025145    4075 memcache.go:121] "Unhandled Error" err="couldn't get resource list for metrics.k8s.io/v1beta1: the server is currently unable to handle the request"
E0617 21:25:56.027970    4075 memcache.go:121] "Unhandled Error" err="couldn't get resource list for metrics.k8s.io/v1beta1: the server is currently unable to handle the request"
E0617 21:25:56.030763    4075 memcache.go:121] "Unhandled Error" err="couldn't get resource list for metrics.k8s.io/v1beta1: the server is currently unable to handle the request"
0 pods are running. Waiting for more.
6 'all_pods_are_running' is failed...
E0617 21:25:59.085854    4087 memcache.go:287] "Unhandled Error" err="couldn't get resource list for metrics.k8s.io/v1beta1: the server is currently unable to handle the request"
E0617 21:25:59.117376    4087 memcache.go:121] "Unhandled Error" err="couldn't get resource list for metrics.k8s.io/v1beta1: the server is currently unable to handle the request"
E0617 21:25:59.120222    4087 memcache.go:121] "Unhandled Error" err="couldn't get resource list for metrics.k8s.io/v1beta1: the server is currently unable to handle the request"
E0617 21:25:59.123043    4087 memcache.go:121] "Unhandled Error" err="couldn't get resource list for metrics.k8s.io/v1beta1: the server is currently unable to handle the request"
No resources found in default namespace.
E0617 21:25:59.189100    4097 memcache.go:287] "Unhandled Error" err="couldn't get resource list for metrics.k8s.io/v1beta1: the server is currently unable to handle the request"
E0617 21:25:59.205014    4097 memcache.go:121] "Unhandled Error" err="couldn't get resource list for metrics.k8s.io/v1beta1: the server is currently unable to handle the request"
E0617 21:25:59.207953    4097 memcache.go:121] "Unhandled Error" err="couldn't get resource list for metrics.k8s.io/v1beta1: the server is currently unable to handle the request"
E0617 21:25:59.210807    4097 memcache.go:121] "Unhandled Error" err="couldn't get resource list for metrics.k8s.io/v1beta1: the server is currently unable to handle the request"
0 pods are running. Waiting for more.
7 'all_pods_are_running' is failed...
E0617 21:26:02.298611    4109 memcache.go:287] "Unhandled Error" err="couldn't get resource list for metrics.k8s.io/v1beta1: the server is currently unable to handle the request"
E0617 21:26:02.300830    4109 memcache.go:121] "Unhandled Error" err="couldn't get resource list for metrics.k8s.io/v1beta1: the server is currently unable to handle the request"
E0617 21:26:02.303386    4109 memcache.go:121] "Unhandled Error" err="couldn't get resource list for metrics.k8s.io/v1beta1: the server is currently unable to handle the request"
E0617 21:26:02.306176    4109 memcache.go:121] "Unhandled Error" err="couldn't get resource list for metrics.k8s.io/v1beta1: the server is currently unable to handle the request"
No resources found in default namespace.
E0617 21:26:02.391585    4119 memcache.go:287] "Unhandled Error" err="couldn't get resource list for metrics.k8s.io/v1beta1: the server is currently unable to handle the request"
E0617 21:26:02.393708    4119 memcache.go:121] "Unhandled Error" err="couldn't get resource list for metrics.k8s.io/v1beta1: the server is currently unable to handle the request"
E0617 21:26:02.396248    4119 memcache.go:121] "Unhandled Error" err="couldn't get resource list for metrics.k8s.io/v1beta1: the server is currently unable to handle the request"
E0617 21:26:02.399059    4119 memcache.go:121] "Unhandled Error" err="couldn't get resource list for metrics.k8s.io/v1beta1: the server is currently unable to handle the request"
0 pods are running. Waiting for more.
8 'all_pods_are_running' is failed...
E0617 21:26:05.482433    4148 memcache.go:287] "Unhandled Error" err="couldn't get resource list for metrics.k8s.io/v1beta1: the server is currently unable to handle the request"
E0617 21:26:05.487948    4148 memcache.go:121] "Unhandled Error" err="couldn't get resource list for metrics.k8s.io/v1beta1: the server is currently unable to handle the request"
E0617 21:26:05.491021    4148 memcache.go:121] "Unhandled Error" err="couldn't get resource list for metrics.k8s.io/v1beta1: the server is currently unable to handle the request"
E0617 21:26:05.494045    4148 memcache.go:121] "Unhandled Error" err="couldn't get resource list for metrics.k8s.io/v1beta1: the server is currently unable to handle the request"
No resources found in default namespace.
E0617 21:26:05.580292    4159 memcache.go:287] "Unhandled Error" err="couldn't get resource list for metrics.k8s.io/v1beta1: the server is currently unable to handle the request"
E0617 21:26:05.582498    4159 memcache.go:121] "Unhandled Error" err="couldn't get resource list for metrics.k8s.io/v1beta1: the server is currently unable to handle the request"
E0617 21:26:05.585203    4159 memcache.go:121] "Unhandled Error" err="couldn't get resource list for metrics.k8s.io/v1beta1: the server is currently unable to handle the request"
E0617 21:26:05.587803    4159 memcache.go:121] "Unhandled Error" err="couldn't get resource list for metrics.k8s.io/v1beta1: the server is currently unable to handle the request"
0 pods are running. Waiting for more.
9 'all_pods_are_running' is failed...
E0617 21:26:08.675347    4170 memcache.go:287] "Unhandled Error" err="couldn't get resource list for metrics.k8s.io/v1beta1: the server is currently unable to handle the request"
E0617 21:26:08.677569    4170 memcache.go:121] "Unhandled Error" err="couldn't get resource list for metrics.k8s.io/v1beta1: the server is currently unable to handle the request"
E0617 21:26:08.680226    4170 memcache.go:121] "Unhandled Error" err="couldn't get resource list for metrics.k8s.io/v1beta1: the server is currently unable to handle the request"
E0617 21:26:08.684476    4170 memcache.go:121] "Unhandled Error" err="couldn't get resource list for metrics.k8s.io/v1beta1: the server is currently unable to handle the request"
No resources found in default namespace.
E0617 21:26:08.771243    4180 memcache.go:287] "Unhandled Error" err="couldn't get resource list for metrics.k8s.io/v1beta1: the server is currently unable to handle the request"
E0617 21:26:08.773354    4180 memcache.go:121] "Unhandled Error" err="couldn't get resource list for metrics.k8s.io/v1beta1: the server is currently unable to handle the request"
E0617 21:26:08.775948    4180 memcache.go:121] "Unhandled Error" err="couldn't get resource list for metrics.k8s.io/v1beta1: the server is currently unable to handle the request"
E0617 21:26:08.778456    4180 memcache.go:121] "Unhandled Error" err="couldn't get resource list for metrics.k8s.io/v1beta1: the server is currently unable to handle the request"
0 pods are running. Waiting for more.
10 'all_pods_are_running' is failed...
E0617 21:26:11.857673    4191 memcache.go:287] "Unhandled Error" err="couldn't get resource list for metrics.k8s.io/v1beta1: the server is currently unable to handle the request"
E0617 21:26:11.869475    4191 memcache.go:121] "Unhandled Error" err="couldn't get resource list for metrics.k8s.io/v1beta1: the server is currently unable to handle the request"
E0617 21:26:11.872409    4191 memcache.go:121] "Unhandled Error" err="couldn't get resource list for metrics.k8s.io/v1beta1: the server is currently unable to handle the request"
E0617 21:26:11.875432    4191 memcache.go:121] "Unhandled Error" err="couldn't get resource list for metrics.k8s.io/v1beta1: the server is currently unable to handle the request"
No resources found in default namespace.
E0617 21:26:11.930032    4201 memcache.go:287] "Unhandled Error" err="couldn't get resource list for metrics.k8s.io/v1beta1: the server is currently unable to handle the request"
E0617 21:26:11.958789    4201 memcache.go:121] "Unhandled Error" err="couldn't get resource list for metrics.k8s.io/v1beta1: the server is currently unable to handle the request"
E0617 21:26:11.961357    4201 memcache.go:121] "Unhandled Error" err="couldn't get resource list for metrics.k8s.io/v1beta1: the server is currently unable to handle the request"
E0617 21:26:11.964177    4201 memcache.go:121] "Unhandled Error" err="couldn't get resource list for metrics.k8s.io/v1beta1: the server is currently unable to handle the request"
0 pods are running. Waiting for more.
11 'all_pods_are_running' is failed...
E0617 21:26:15.051878    4226 memcache.go:287] "Unhandled Error" err="couldn't get resource list for metrics.k8s.io/v1beta1: the server is currently unable to handle the request"
E0617 21:26:15.054065    4226 memcache.go:121] "Unhandled Error" err="couldn't get resource list for metrics.k8s.io/v1beta1: the server is currently unable to handle the request"
E0617 21:26:15.056885    4226 memcache.go:121] "Unhandled Error" err="couldn't get resource list for metrics.k8s.io/v1beta1: the server is currently unable to handle the request"
E0617 21:26:15.059545    4226 memcache.go:121] "Unhandled Error" err="couldn't get resource list for metrics.k8s.io/v1beta1: the server is currently unable to handle the request"
No resources found in default namespace.
E0617 21:26:15.142562    4236 memcache.go:287] "Unhandled Error" err="couldn't get resource list for metrics.k8s.io/v1beta1: the server is currently unable to handle the request"
E0617 21:26:15.147458    4236 memcache.go:121] "Unhandled Error" err="couldn't get resource list for metrics.k8s.io/v1beta1: the server is currently unable to handle the request"
E0617 21:26:15.150353    4236 memcache.go:121] "Unhandled Error" err="couldn't get resource list for metrics.k8s.io/v1beta1: the server is currently unable to handle the request"
E0617 21:26:15.153209    4236 memcache.go:121] "Unhandled Error" err="couldn't get resource list for metrics.k8s.io/v1beta1: the server is currently unable to handle the request"
0 pods are running. Waiting for more.
12 'all_pods_are_running' is failed...
E0617 21:26:18.238658    4249 memcache.go:287] "Unhandled Error" err="couldn't get resource list for metrics.k8s.io/v1beta1: the server is currently unable to handle the request"
E0617 21:26:18.242343    4249 memcache.go:121] "Unhandled Error" err="couldn't get resource list for metrics.k8s.io/v1beta1: the server is currently unable to handle the request"
E0617 21:26:18.245204    4249 memcache.go:121] "Unhandled Error" err="couldn't get resource list for metrics.k8s.io/v1beta1: the server is currently unable to handle the request"
E0617 21:26:18.248033    4249 memcache.go:121] "Unhandled Error" err="couldn't get resource list for metrics.k8s.io/v1beta1: the server is currently unable to handle the request"
No resources found in default namespace.
E0617 21:26:18.332749    4259 memcache.go:287] "Unhandled Error" err="couldn't get resource list for metrics.k8s.io/v1beta1: the server is currently unable to handle the request"
E0617 21:26:18.334859    4259 memcache.go:121] "Unhandled Error" err="couldn't get resource list for metrics.k8s.io/v1beta1: the server is currently unable to handle the request"
E0617 21:26:18.337682    4259 memcache.go:121] "Unhandled Error" err="couldn't get resource list for metrics.k8s.io/v1beta1: the server is currently unable to handle the request"
E0617 21:26:18.340198    4259 memcache.go:121] "Unhandled Error" err="couldn't get resource list for metrics.k8s.io/v1beta1: the server is currently unable to handle the request"
0 pods are running. Waiting for more.
13 'all_pods_are_running' is failed...
E0617 21:26:21.397130    4283 memcache.go:287] "Unhandled Error" err="couldn't get resource list for metrics.k8s.io/v1beta1: the server is currently unable to handle the request"
E0617 21:26:21.426233    4283 memcache.go:121] "Unhandled Error" err="couldn't get resource list for metrics.k8s.io/v1beta1: the server is currently unable to handle the request"
E0617 21:26:21.429055    4283 memcache.go:121] "Unhandled Error" err="couldn't get resource list for metrics.k8s.io/v1beta1: the server is currently unable to handle the request"
E0617 21:26:21.431847    4283 memcache.go:121] "Unhandled Error" err="couldn't get resource list for metrics.k8s.io/v1beta1: the server is currently unable to handle the request"
No resources found in default namespace.
E0617 21:26:21.492640    4293 memcache.go:287] "Unhandled Error" err="couldn't get resource list for metrics.k8s.io/v1beta1: the server is currently unable to handle the request"
E0617 21:26:21.512634    4293 memcache.go:121] "Unhandled Error" err="couldn't get resource list for metrics.k8s.io/v1beta1: the server is currently unable to handle the request"
E0617 21:26:21.515465    4293 memcache.go:121] "Unhandled Error" err="couldn't get resource list for metrics.k8s.io/v1beta1: the server is currently unable to handle the request"
E0617 21:26:21.518114    4293 memcache.go:121] "Unhandled Error" err="couldn't get resource list for metrics.k8s.io/v1beta1: the server is currently unable to handle the request"
0 pods are running. Waiting for more.
14 'all_pods_are_running' is failed...
E0617 21:26:24.605418    4319 memcache.go:287] "Unhandled Error" err="couldn't get resource list for metrics.k8s.io/v1beta1: the server is currently unable to handle the request"
E0617 21:26:24.609376    4319 memcache.go:121] "Unhandled Error" err="couldn't get resource list for metrics.k8s.io/v1beta1: the server is currently unable to handle the request"
E0617 21:26:24.612419    4319 memcache.go:121] "Unhandled Error" err="couldn't get resource list for metrics.k8s.io/v1beta1: the server is currently unable to handle the request"
E0617 21:26:24.615275    4319 memcache.go:121] "Unhandled Error" err="couldn't get resource list for metrics.k8s.io/v1beta1: the server is currently unable to handle the request"
No resources found in default namespace.
E0617 21:26:24.701638    4329 memcache.go:287] "Unhandled Error" err="couldn't get resource list for metrics.k8s.io/v1beta1: the server is currently unable to handle the request"
E0617 21:26:24.703862    4329 memcache.go:121] "Unhandled Error" err="couldn't get resource list for metrics.k8s.io/v1beta1: the server is currently unable to handle the request"
E0617 21:26:24.707029    4329 memcache.go:121] "Unhandled Error" err="couldn't get resource list for metrics.k8s.io/v1beta1: the server is currently unable to handle the request"
E0617 21:26:24.710021    4329 memcache.go:121] "Unhandled Error" err="couldn't get resource list for metrics.k8s.io/v1beta1: the server is currently unable to handle the request"
0 pods are running. Waiting for more.
15 'all_pods_are_running' is failed...
E0617 21:26:27.796133    4340 memcache.go:287] "Unhandled Error" err="couldn't get resource list for metrics.k8s.io/v1beta1: the server is currently unable to handle the request"
E0617 21:26:27.798667    4340 memcache.go:121] "Unhandled Error" err="couldn't get resource list for metrics.k8s.io/v1beta1: the server is currently unable to handle the request"
E0617 21:26:27.801449    4340 memcache.go:121] "Unhandled Error" err="couldn't get resource list for metrics.k8s.io/v1beta1: the server is currently unable to handle the request"
E0617 21:26:27.804348    4340 memcache.go:121] "Unhandled Error" err="couldn't get resource list for metrics.k8s.io/v1beta1: the server is currently unable to handle the request"
No resources found in default namespace.
E0617 21:26:27.888541    4350 memcache.go:287] "Unhandled Error" err="couldn't get resource list for metrics.k8s.io/v1beta1: the server is currently unable to handle the request"
E0617 21:26:27.890683    4350 memcache.go:121] "Unhandled Error" err="couldn't get resource list for metrics.k8s.io/v1beta1: the server is currently unable to handle the request"
E0617 21:26:27.893150    4350 memcache.go:121] "Unhandled Error" err="couldn't get resource list for metrics.k8s.io/v1beta1: the server is currently unable to handle the request"
E0617 21:26:27.895648    4350 memcache.go:121] "Unhandled Error" err="couldn't get resource list for metrics.k8s.io/v1beta1: the server is currently unable to handle the request"
0 pods are running. Waiting for more.
16 'all_pods_are_running' is failed...
E0617 21:26:30.967270    4362 memcache.go:287] "Unhandled Error" err="couldn't get resource list for metrics.k8s.io/v1beta1: the server is currently unable to handle the request"
E0617 21:26:30.985085    4362 memcache.go:121] "Unhandled Error" err="couldn't get resource list for metrics.k8s.io/v1beta1: the server is currently unable to handle the request"
E0617 21:26:30.987926    4362 memcache.go:121] "Unhandled Error" err="couldn't get resource list for metrics.k8s.io/v1beta1: the server is currently unable to handle the request"
E0617 21:26:30.990446    4362 memcache.go:121] "Unhandled Error" err="couldn't get resource list for metrics.k8s.io/v1beta1: the server is currently unable to handle the request"
No resources found in default namespace.
E0617 21:26:31.073150    4372 memcache.go:287] "Unhandled Error" err="couldn't get resource list for metrics.k8s.io/v1beta1: the server is currently unable to handle the request"
E0617 21:26:31.075840    4372 memcache.go:121] "Unhandled Error" err="couldn't get resource list for metrics.k8s.io/v1beta1: the server is currently unable to handle the request"
E0617 21:26:31.078816    4372 memcache.go:121] "Unhandled Error" err="couldn't get resource list for metrics.k8s.io/v1beta1: the server is currently unable to handle the request"
E0617 21:26:31.081385    4372 memcache.go:121] "Unhandled Error" err="couldn't get resource list for metrics.k8s.io/v1beta1: the server is currently unable to handle the request"
0 pods are running. Waiting for more.
17 'all_pods_are_running' is failed...
E0617 21:26:34.148648    4452 memcache.go:287] "Unhandled Error" err="couldn't get resource list for metrics.k8s.io/v1beta1: the server is currently unable to handle the request"
E0617 21:26:34.168041    4452 memcache.go:121] "Unhandled Error" err="couldn't get resource list for metrics.k8s.io/v1beta1: the server is currently unable to handle the request"
E0617 21:26:34.170672    4452 memcache.go:121] "Unhandled Error" err="couldn't get resource list for metrics.k8s.io/v1beta1: the server is currently unable to handle the request"
E0617 21:26:34.173497    4452 memcache.go:121] "Unhandled Error" err="couldn't get resource list for metrics.k8s.io/v1beta1: the server is currently unable to handle the request"
No resources found in default namespace.
E0617 21:26:34.255228    4462 memcache.go:287] "Unhandled Error" err="couldn't get resource list for metrics.k8s.io/v1beta1: the server is currently unable to handle the request"
E0617 21:26:34.262747    4462 memcache.go:121] "Unhandled Error" err="couldn't get resource list for metrics.k8s.io/v1beta1: the server is currently unable to handle the request"
E0617 21:26:34.266139    4462 memcache.go:121] "Unhandled Error" err="couldn't get resource list for metrics.k8s.io/v1beta1: the server is currently unable to handle the request"
E0617 21:26:34.268972    4462 memcache.go:121] "Unhandled Error" err="couldn't get resource list for metrics.k8s.io/v1beta1: the server is currently unable to handle the request"
0 pods are running. Waiting for more.
18 'all_pods_are_running' is failed...
E0617 21:26:37.359318    4473 memcache.go:287] "Unhandled Error" err="couldn't get resource list for metrics.k8s.io/v1beta1: the server is currently unable to handle the request"
E0617 21:26:37.361541    4473 memcache.go:121] "Unhandled Error" err="couldn't get resource list for metrics.k8s.io/v1beta1: the server is currently unable to handle the request"
E0617 21:26:37.364258    4473 memcache.go:121] "Unhandled Error" err="couldn't get resource list for metrics.k8s.io/v1beta1: the server is currently unable to handle the request"
E0617 21:26:37.367089    4473 memcache.go:121] "Unhandled Error" err="couldn't get resource list for metrics.k8s.io/v1beta1: the server is currently unable to handle the request"
No resources found in default namespace.
E0617 21:26:37.434758    4485 memcache.go:287] "Unhandled Error" err="couldn't get resource list for metrics.k8s.io/v1beta1: the server is currently unable to handle the request"
E0617 21:26:37.450762    4485 memcache.go:121] "Unhandled Error" err="couldn't get resource list for metrics.k8s.io/v1beta1: the server is currently unable to handle the request"
E0617 21:26:37.453694    4485 memcache.go:121] "Unhandled Error" err="couldn't get resource list for metrics.k8s.io/v1beta1: the server is currently unable to handle the request"
E0617 21:26:37.456299    4485 memcache.go:121] "Unhandled Error" err="couldn't get resource list for metrics.k8s.io/v1beta1: the server is currently unable to handle the request"
0 pods are running. Waiting for more.
19 'all_pods_are_running' is failed...
E0617 21:26:40.534674    4496 memcache.go:287] "Unhandled Error" err="couldn't get resource list for metrics.k8s.io/v1beta1: the server is currently unable to handle the request"
E0617 21:26:40.545703    4496 memcache.go:121] "Unhandled Error" err="couldn't get resource list for metrics.k8s.io/v1beta1: the server is currently unable to handle the request"
E0617 21:26:40.548323    4496 memcache.go:121] "Unhandled Error" err="couldn't get resource list for metrics.k8s.io/v1beta1: the server is currently unable to handle the request"
E0617 21:26:40.550792    4496 memcache.go:121] "Unhandled Error" err="couldn't get resource list for metrics.k8s.io/v1beta1: the server is currently unable to handle the request"
No resources found in default namespace.
E0617 21:26:40.611835    4506 memcache.go:287] "Unhandled Error" err="couldn't get resource list for metrics.k8s.io/v1beta1: the server is currently unable to handle the request"
E0617 21:26:40.634395    4506 memcache.go:121] "Unhandled Error" err="couldn't get resource list for metrics.k8s.io/v1beta1: the server is currently unable to handle the request"
E0617 21:26:40.637340    4506 memcache.go:121] "Unhandled Error" err="couldn't get resource list for metrics.k8s.io/v1beta1: the server is currently unable to handle the request"
E0617 21:26:40.639900    4506 memcache.go:121] "Unhandled Error" err="couldn't get resource list for metrics.k8s.io/v1beta1: the server is currently unable to handle the request"
0 pods are running. Waiting for more.
20 'all_pods_are_running' is failed...
E0617 21:26:43.771760    4547 memcache.go:287] "Unhandled Error" err="couldn't get resource list for metrics.k8s.io/v1beta1: the server is currently unable to handle the request"
E0617 21:26:43.794670    4547 memcache.go:121] "Unhandled Error" err="couldn't get resource list for metrics.k8s.io/v1beta1: the server is currently unable to handle the request"
E0617 21:26:43.799241    4547 memcache.go:121] "Unhandled Error" err="couldn't get resource list for metrics.k8s.io/v1beta1: the server is currently unable to handle the request"
E0617 21:26:43.803029    4547 memcache.go:121] "Unhandled Error" err="couldn't get resource list for metrics.k8s.io/v1beta1: the server is currently unable to handle the request"
No resources found in default namespace.
E0617 21:26:43.938816    4566 memcache.go:287] "Unhandled Error" err="couldn't get resource list for metrics.k8s.io/v1beta1: the server is currently unable to handle the request"
E0617 21:26:43.998052    4566 memcache.go:121] "Unhandled Error" err="couldn't get resource list for metrics.k8s.io/v1beta1: the server is currently unable to handle the request"
E0617 21:26:44.003792    4566 memcache.go:121] "Unhandled Error" err="couldn't get resource list for metrics.k8s.io/v1beta1: the server is currently unable to handle the request"
E0617 21:26:44.014450    4566 memcache.go:121] "Unhandled Error" err="couldn't get resource list for metrics.k8s.io/v1beta1: the server is currently unable to handle the request"
0 pods are running. Waiting for more.
21 'all_pods_are_running' is failed...
E0617 21:26:47.133709    4633 memcache.go:287] "Unhandled Error" err="couldn't get resource list for metrics.k8s.io/v1beta1: the server is currently unable to handle the request"
E0617 21:26:47.207641    4633 memcache.go:121] "Unhandled Error" err="couldn't get resource list for metrics.k8s.io/v1beta1: the server is currently unable to handle the request"
E0617 21:26:47.212223    4633 memcache.go:121] "Unhandled Error" err="couldn't get resource list for metrics.k8s.io/v1beta1: the server is currently unable to handle the request"
E0617 21:26:47.216405    4633 memcache.go:121] "Unhandled Error" err="couldn't get resource list for metrics.k8s.io/v1beta1: the server is currently unable to handle the request"
No resources found in default namespace.
E0617 21:26:47.412548    4646 memcache.go:287] "Unhandled Error" err="couldn't get resource list for metrics.k8s.io/v1beta1: the server is currently unable to handle the request"
E0617 21:26:47.422737    4646 memcache.go:121] "Unhandled Error" err="couldn't get resource list for metrics.k8s.io/v1beta1: the server is currently unable to handle the request"
E0617 21:26:47.466805    4646 memcache.go:121] "Unhandled Error" err="couldn't get resource list for metrics.k8s.io/v1beta1: the server is currently unable to handle the request"
E0617 21:26:47.477765    4646 memcache.go:121] "Unhandled Error" err="couldn't get resource list for metrics.k8s.io/v1beta1: the server is currently unable to handle the request"
0 pods are running. Waiting for more.
22 'all_pods_are_running' is failed...
E0617 21:26:50.785843    4939 memcache.go:287] "Unhandled Error" err="couldn't get resource list for metrics.k8s.io/v1beta1: the server is currently unable to handle the request"
E0617 21:26:50.794510    4939 memcache.go:121] "Unhandled Error" err="couldn't get resource list for metrics.k8s.io/v1beta1: the server is currently unable to handle the request"
E0617 21:26:50.799309    4939 memcache.go:121] "Unhandled Error" err="couldn't get resource list for metrics.k8s.io/v1beta1: the server is currently unable to handle the request"
E0617 21:26:50.804490    4939 memcache.go:121] "Unhandled Error" err="couldn't get resource list for metrics.k8s.io/v1beta1: the server is currently unable to handle the request"
No resources found in default namespace.
E0617 21:26:51.025296    4992 memcache.go:287] "Unhandled Error" err="couldn't get resource list for metrics.k8s.io/v1beta1: the server is currently unable to handle the request"
E0617 21:26:51.170579    4992 memcache.go:121] "Unhandled Error" err="couldn't get resource list for metrics.k8s.io/v1beta1: the server is currently unable to handle the request"
E0617 21:26:51.176807    4992 memcache.go:121] "Unhandled Error" err="couldn't get resource list for metrics.k8s.io/v1beta1: the server is currently unable to handle the request"
E0617 21:26:51.186570    4992 memcache.go:121] "Unhandled Error" err="couldn't get resource list for metrics.k8s.io/v1beta1: the server is currently unable to handle the request"
0 pods are running. Waiting for more.
23 'all_pods_are_running' is failed...
No resources found in default namespace.
0 pods are running. Waiting for more.
24 'all_pods_are_running' is failed...
No resources found in default namespace.
0 pods are running. Waiting for more.
25 'all_pods_are_running' is failed...
No resources found in default namespace.
0 pods are running. Waiting for more.
26 'all_pods_are_running' is failed...
No resources found in default namespace.
0 pods are running. Waiting for more.
27 'all_pods_are_running' is failed...
No resources found in default namespace.
0 pods are running. Waiting for more.
28 'all_pods_are_running' is failed...
No resources found in default namespace.
0 pods are running. Waiting for more.
29 'all_pods_are_running' is failed...
No resources found in default namespace.
0 pods are running. Waiting for more.
30 'all_pods_are_running' is failed...
No resources found in default namespace.
0 pods are running. Waiting for more.
31 'all_pods_are_running' is failed...
No resources found in default namespace.
0 pods are running. Waiting for more.
32 'all_pods_are_running' is failed...
6 / 8 pods are running
33 'all_pods_are_running' is failed...
7 / 8 pods are running
34 'all_pods_are_running' is failed...
7 / 8 pods are running
35 'all_pods_are_running' is failed...
7 / 8 pods are running
36 'all_pods_are_running' is failed...
7 / 8 pods are running
37 'all_pods_are_running' is failed...
Defaulted container "scm" out of: scm, init (init)
1 'grep_log scm-0 SCM exiting safe mode.' is failed...
Defaulted container "scm" out of: scm, init (init)
2 'grep_log scm-0 SCM exiting safe mode.' is failed...
Defaulted container "scm" out of: scm, init (init)
3 'grep_log scm-0 SCM exiting safe mode.' is failed...
Defaulted container "scm" out of: scm, init (init)
4 'grep_log scm-0 SCM exiting safe mode.' is failed...
Defaulted container "scm" out of: scm, init (init)
5 'grep_log scm-0 SCM exiting safe mode.' is failed...
Defaulted container "scm" out of: scm, init (init)
6 'grep_log scm-0 SCM exiting safe mode.' is failed...
Defaulted container "scm" out of: scm, init (init)
2025-06-17 21:27:56 INFO  SCMSafeModeManager:178 - SCM exiting safe mode.
2025-06-17 21:27:57 INFO  BaseHttpServer:359 - HTTP server of ozoneManager listening at http://om-0:9874

**** Cluster is up and running ****


**** Executing robot tests scm-0 ****

Defaulted container "scm" out of: scm, init (init)
Unable to use a TTY - input is not a terminal or the right kind of file
Defaulted container "scm" out of: scm, init (init)
Unable to use a TTY - input is not a terminal or the right kind of file
Defaulted container "scm" out of: scm, init (init)
Unable to use a TTY - input is not a terminal or the right kind of file
==============================================================================
Basic :: Smoketest ozone cluster startup                                      
==============================================================================
Check webui static resources                                          | PASS |
------------------------------------------------------------------------------
Basic Freon smoketest                                                 | PASS |
------------------------------------------------------------------------------
Basic :: Smoketest ozone cluster startup                              | PASS |
2 tests, 2 passed, 0 failed
==============================================================================
Output:  /tmp/report/output.xml
Log:     /tmp/report/log.html
Report:  /tmp/report/report.html
Defaulted container "scm" out of: scm, init (init)
tar: Removing leading `/' from member names
Unable to find image 'ghcr.io/apache/ozone-runner:20241216-1-jdk21' locally
20241216-1-jdk21: Pulling from apache/ozone-runner
446f83f14b23: Pulling fs layer
3753ae1e57f5: Pulling fs layer
b4b43e21accd: Pulling fs layer
9af0301624a2: Pulling fs layer
f25ae0747365: Pulling fs layer
51afa84eddd2: Pulling fs layer
7597afe2961b: Pulling fs layer
fe0e5738361f: Pulling fs layer
23b98d955876: Pulling fs layer
db2377802fbb: Pulling fs layer
27ea86808a0b: Pulling fs layer
647467f94980: Pulling fs layer
a86d01a6abb4: Pulling fs layer
8d858b524bf0: Pulling fs layer
533cc7e4b034: Pulling fs layer
8fcc940b1c76: Pulling fs layer
d0260750f2fd: Pulling fs layer
20b5f2641d1c: Pulling fs layer
06099faf59f7: Pulling fs layer
fe96c21b9288: Pulling fs layer
4f4fb700ef54: Pulling fs layer
9af0301624a2: Waiting
647467f94980: Waiting
f25ae0747365: Waiting
a86d01a6abb4: Waiting
51afa84eddd2: Waiting
8d858b524bf0: Waiting
7597afe2961b: Waiting
533cc7e4b034: Waiting
fe0e5738361f: Waiting
8fcc940b1c76: Waiting
d0260750f2fd: Waiting
23b98d955876: Waiting
20b5f2641d1c: Waiting
db2377802fbb: Waiting
27ea86808a0b: Waiting
06099faf59f7: Waiting
4f4fb700ef54: Waiting
b4b43e21accd: Verifying Checksum
b4b43e21accd: Download complete
9af0301624a2: Verifying Checksum
9af0301624a2: Download complete
446f83f14b23: Verifying Checksum
446f83f14b23: Download complete
3753ae1e57f5: Verifying Checksum
3753ae1e57f5: Download complete
f25ae0747365: Verifying Checksum
f25ae0747365: Download complete
51afa84eddd2: Verifying Checksum
51afa84eddd2: Download complete
7597afe2961b: Verifying Checksum
7597afe2961b: Download complete
fe0e5738361f: Verifying Checksum
fe0e5738361f: Download complete
23b98d955876: Verifying Checksum
23b98d955876: Download complete
27ea86808a0b: Verifying Checksum
27ea86808a0b: Download complete
647467f94980: Verifying Checksum
647467f94980: Download complete
8d858b524bf0: Verifying Checksum
8d858b524bf0: Download complete
a86d01a6abb4: Download complete
533cc7e4b034: Download complete
8fcc940b1c76: Verifying Checksum
8fcc940b1c76: Download complete
20b5f2641d1c: Download complete
d0260750f2fd: Verifying Checksum
d0260750f2fd: Download complete
06099faf59f7: Download complete
fe96c21b9288: Download complete
4f4fb700ef54: Verifying Checksum
4f4fb700ef54: Download complete
db2377802fbb: Verifying Checksum
db2377802fbb: Download complete
446f83f14b23: Pull complete
3753ae1e57f5: Pull complete
b4b43e21accd: Pull complete
9af0301624a2: Pull complete
f25ae0747365: Pull complete
51afa84eddd2: Pull complete
7597afe2961b: Pull complete
fe0e5738361f: Pull complete
23b98d955876: Pull complete
db2377802fbb: Pull complete
27ea86808a0b: Pull complete
647467f94980: Pull complete
a86d01a6abb4: Pull complete
8d858b524bf0: Pull complete
533cc7e4b034: Pull complete
8fcc940b1c76: Pull complete
d0260750f2fd: Pull complete
20b5f2641d1c: Pull complete
06099faf59f7: Pull complete
fe96c21b9288: Pull complete
4f4fb700ef54: Pull complete
Digest: sha256:8baa2a6e5f620bdd18a768c79f159d1fa718383c2332a7aadfb51ccd83da3bb5
Status: Downloaded newer image for ghcr.io/apache/ozone-runner:20241216-1-jdk21
To use Ozone please mount ozone folder to /opt/hadoop
Output:  /rebot-output/output.xml
Log:     /rebot-output/log.html
Report:  /rebot-output/report.html
renamed '/home/runner/work/ozone/ozone/hadoop-ozone/dist/target/ozone-2.1.0-SNAPSHOT/kubernetes/examples/getting-started/result/rebot-sTZdAw/log.html' -> '/home/runner/work/ozone/ozone/hadoop-ozone/dist/target/ozone-2.1.0-SNAPSHOT/kubernetes/examples/getting-started/result/log.html'
renamed '/home/runner/work/ozone/ozone/hadoop-ozone/dist/target/ozone-2.1.0-SNAPSHOT/kubernetes/examples/getting-started/result/rebot-sTZdAw/output.xml' -> '/home/runner/work/ozone/ozone/hadoop-ozone/dist/target/ozone-2.1.0-SNAPSHOT/kubernetes/examples/getting-started/result/output.xml'
renamed '/home/runner/work/ozone/ozone/hadoop-ozone/dist/target/ozone-2.1.0-SNAPSHOT/kubernetes/examples/getting-started/result/rebot-sTZdAw/report.html' -> '/home/runner/work/ozone/ozone/hadoop-ozone/dist/target/ozone-2.1.0-SNAPSHOT/kubernetes/examples/getting-started/result/report.html'

**** Collecting container logs ****

Defaulted container "scm" out of: scm, init (init)

**** Deleting k8s resources ****

configmap "config" deleted
service "datanode" deleted
service "datanode-public" deleted
service "httpfs" deleted
service "httpfs-public" deleted
service "om" deleted
service "om-public" deleted
service "recon" deleted
service "recon-public" deleted
service "s3g" deleted
service "s3g-public" deleted
service "scm" deleted
service "scm-public" deleted
statefulset.apps "datanode" deleted
statefulset.apps "httpfs" deleted
statefulset.apps "om" deleted
statefulset.apps "recon" deleted
statefulset.apps "s3g" deleted
statefulset.apps "scm" deleted

**** Regenerating original Kubernetes resource files ****


#### Executing tests of minikube #####


**** Modifying Kubernetes resources file for test ****

   (mounting current Ozone directory to the containers, scheduling containers to one node, ...)

WARNING: this test can be executed only with local Kubernetes cluster
   (source dir should be available from K8s nodes)


**** Deleting existing k8s resources ****

No resources found
No resources found
No resources found
service "kubernetes" deleted
configmap "kube-root-ca.crt" deleted
pod "datanode-1" deleted
pod "datanode-2" deleted
pod "datanode-0" deleted
pod "om-0" deleted
pod "scm-0" deleted
pod "httpfs-0" deleted
pod "recon-0" deleted
pod "s3g-0" deleted
No resources found
No resources found

**** Applying k8s resources from minikube ****

configmap/config created
service/datanode created
service/datanode-public created
service/httpfs created
service/httpfs-public created
service/om created
service/om-public created
service/recon created
service/recon-public created
service/s3g created
service/s3g-public created
service/scm created
service/scm-public created
statefulset.apps/datanode created
statefulset.apps/httpfs created
statefulset.apps/om created
statefulset.apps/recon created
statefulset.apps/s3g created
statefulset.apps/scm created

**** Waiting until the k8s cluster is running ****

No resources found in default namespace.
0 pods are running. Waiting for more.
1 'all_pods_are_running' is failed...
No resources found in default namespace.
0 pods are running. Waiting for more.
2 'all_pods_are_running' is failed...
5 / 7 pods are running
3 'all_pods_are_running' is failed...
7 / 8 pods are running
4 'all_pods_are_running' is failed...
7 / 8 pods are running
5 'all_pods_are_running' is failed...
7 / 8 pods are running
6 'all_pods_are_running' is failed...
Defaulted container "scm" out of: scm, init (init)
1 'grep_log scm-0 SCM exiting safe mode.' is failed...
Defaulted container "scm" out of: scm, init (init)
2 'grep_log scm-0 SCM exiting safe mode.' is failed...
Defaulted container "scm" out of: scm, init (init)
3 'grep_log scm-0 SCM exiting safe mode.' is failed...
Defaulted container "scm" out of: scm, init (init)
4 'grep_log scm-0 SCM exiting safe mode.' is failed...
Defaulted container "scm" out of: scm, init (init)
5 'grep_log scm-0 SCM exiting safe mode.' is failed...
Defaulted container "scm" out of: scm, init (init)
2025-06-17 21:29:17 INFO  SCMSafeModeManager:178 - SCM exiting safe mode.
2025-06-17 21:29:17 INFO  BaseHttpServer:359 - HTTP server of ozoneManager listening at http://om-0:9874

**** Cluster is up and running ****


**** Executing robot tests scm-0 ****

Defaulted container "scm" out of: scm, init (init)
Unable to use a TTY - input is not a terminal or the right kind of file
Defaulted container "scm" out of: scm, init (init)
Unable to use a TTY - input is not a terminal or the right kind of file
Defaulted container "scm" out of: scm, init (init)
Unable to use a TTY - input is not a terminal or the right kind of file
==============================================================================
Basic :: Smoketest ozone cluster startup                                      
==============================================================================
Check webui static resources                                          | PASS |
------------------------------------------------------------------------------
Basic Freon smoketest                                                 | PASS |
------------------------------------------------------------------------------
Basic :: Smoketest ozone cluster startup                              | PASS |
2 tests, 2 passed, 0 failed
==============================================================================
Output:  /tmp/report/output.xml
Log:     /tmp/report/log.html
Report:  /tmp/report/report.html
Defaulted container "scm" out of: scm, init (init)
tar: Removing leading `/' from member names
To use Ozone please mount ozone folder to /opt/hadoop
Output:  /rebot-output/output.xml
Log:     /rebot-output/log.html
Report:  /rebot-output/report.html
renamed '/home/runner/work/ozone/ozone/hadoop-ozone/dist/target/ozone-2.1.0-SNAPSHOT/kubernetes/examples/minikube/result/rebot-muPrSB/log.html' -> '/home/runner/work/ozone/ozone/hadoop-ozone/dist/target/ozone-2.1.0-SNAPSHOT/kubernetes/examples/minikube/result/log.html'
renamed '/home/runner/work/ozone/ozone/hadoop-ozone/dist/target/ozone-2.1.0-SNAPSHOT/kubernetes/examples/minikube/result/rebot-muPrSB/output.xml' -> '/home/runner/work/ozone/ozone/hadoop-ozone/dist/target/ozone-2.1.0-SNAPSHOT/kubernetes/examples/minikube/result/output.xml'
renamed '/home/runner/work/ozone/ozone/hadoop-ozone/dist/target/ozone-2.1.0-SNAPSHOT/kubernetes/examples/minikube/result/rebot-muPrSB/report.html' -> '/home/runner/work/ozone/ozone/hadoop-ozone/dist/target/ozone-2.1.0-SNAPSHOT/kubernetes/examples/minikube/result/report.html'

**** Collecting container logs ****

Defaulted container "scm" out of: scm, init (init)

**** Deleting k8s resources ****

configmap "config" deleted
service "datanode" deleted
service "datanode-public" deleted
service "httpfs" deleted
service "httpfs-public" deleted
service "om" deleted
service "om-public" deleted
service "recon" deleted
service "recon-public" deleted
service "s3g" deleted
service "s3g-public" deleted
service "scm" deleted
service "scm-public" deleted
statefulset.apps "datanode" deleted
statefulset.apps "httpfs" deleted
statefulset.apps "om" deleted
statefulset.apps "recon" deleted
statefulset.apps "s3g" deleted
statefulset.apps "scm" deleted

**** Regenerating original Kubernetes resource files ****


#### Executing tests of ozone-dev #####


**** Modifying Kubernetes resources file for test ****

   (mounting current Ozone directory to the containers, scheduling containers to one node, ...)

WARNING: this test can be executed only with local Kubernetes cluster
   (source dir should be available from K8s nodes)


**** Deleting existing k8s resources ****

No resources found
No resources found
No resources found
service "kubernetes" deleted
configmap "kube-root-ca.crt" deleted
pod "datanode-2" deleted
pod "datanode-1" deleted
pod "datanode-0" deleted
pod "om-0" deleted
pod "s3g-0" deleted
pod "scm-0" deleted
pod "recon-0" deleted
pod "httpfs-0" deleted
No resources found
No resources found

**** Applying k8s resources from ozone-dev ****

serviceaccount/prometheus-operator created
Warning: rbac.authorization.k8s.io/v1beta1 ClusterRole is deprecated in v1.17+, unavailable in v1.22+; use rbac.authorization.k8s.io/v1 ClusterRole
clusterrole.rbac.authorization.k8s.io/prometheus-default created
Warning: rbac.authorization.k8s.io/v1beta1 ClusterRoleBinding is deprecated in v1.17+, unavailable in v1.22+; use rbac.authorization.k8s.io/v1 ClusterRoleBinding
clusterrolebinding.rbac.authorization.k8s.io/prometheus-operator-default created
configmap/config created
configmap/prometheusconf created
service/datanode created
service/datanode-public created
service/httpfs created
service/httpfs-public created
service/jaeger created
service/jaeger-public created
service/om created
service/om-public created
service/prometheus created
service/recon created
service/recon-public created
service/s3g created
service/s3g-public created
service/scm created
service/scm-public created
deployment.apps/prometheus created
statefulset.apps/datanode created
statefulset.apps/httpfs created
statefulset.apps/jaeger created
statefulset.apps/om created
statefulset.apps/recon created
statefulset.apps/s3g created
statefulset.apps/scm created

**** Waiting until the k8s cluster is running ****

No resources found in default namespace.
0 pods are running. Waiting for more.
1 'all_pods_are_running' is failed...
No resources found in default namespace.
0 pods are running. Waiting for more.
2 'all_pods_are_running' is failed...
1 pods are running. Waiting for more.
3 'all_pods_are_running' is failed...
6 / 9 pods are running
4 'all_pods_are_running' is failed...
8 / 10 pods are running
5 'all_pods_are_running' is failed...
9 / 10 pods are running
6 'all_pods_are_running' is failed...
Defaulted container "scm" out of: scm, init (init)
1 'grep_log scm-0 SCM exiting safe mode.' is failed...
Defaulted container "scm" out of: scm, init (init)
2 'grep_log scm-0 SCM exiting safe mode.' is failed...
Defaulted container "scm" out of: scm, init (init)
3 'grep_log scm-0 SCM exiting safe mode.' is failed...
Defaulted container "scm" out of: scm, init (init)
4 'grep_log scm-0 SCM exiting safe mode.' is failed...
Defaulted container "scm" out of: scm, init (init)
5 'grep_log scm-0 SCM exiting safe mode.' is failed...
Defaulted container "scm" out of: scm, init (init)
6 'grep_log scm-0 SCM exiting safe mode.' is failed...
Defaulted container "scm" out of: scm, init (init)
2025-06-17 21:30:19 INFO  SCMSafeModeManager:178 - SCM exiting safe mode.
2025-06-17 21:30:18 INFO  BaseHttpServer:359 - HTTP server of ozoneManager listening at http://om-0:9874

**** Cluster is up and running ****


**** Executing robot tests scm-0 ****

Defaulted container "scm" out of: scm, init (init)
Unable to use a TTY - input is not a terminal or the right kind of file
Defaulted container "scm" out of: scm, init (init)
Unable to use a TTY - input is not a terminal or the right kind of file
Defaulted container "scm" out of: scm, init (init)
Unable to use a TTY - input is not a terminal or the right kind of file
==============================================================================
Basic :: Smoketest ozone cluster startup                                      
==============================================================================
Check webui static resources                                          | PASS |
------------------------------------------------------------------------------
Basic Freon smoketest                                                 | PASS |
------------------------------------------------------------------------------
Basic :: Smoketest ozone cluster startup                              | PASS |
2 tests, 2 passed, 0 failed
==============================================================================
Output:  /tmp/report/output.xml
Log:     /tmp/report/log.html
Report:  /tmp/report/report.html
Defaulted container "scm" out of: scm, init (init)
tar: Removing leading `/' from member names
To use Ozone please mount ozone folder to /opt/hadoop
Output:  /rebot-output/output.xml
Log:     /rebot-output/log.html
Report:  /rebot-output/report.html
renamed '/home/runner/work/ozone/ozone/hadoop-ozone/dist/target/ozone-2.1.0-SNAPSHOT/kubernetes/examples/ozone-dev/result/rebot-SnUJLT/log.html' -> '/home/runner/work/ozone/ozone/hadoop-ozone/dist/target/ozone-2.1.0-SNAPSHOT/kubernetes/examples/ozone-dev/result/log.html'
renamed '/home/runner/work/ozone/ozone/hadoop-ozone/dist/target/ozone-2.1.0-SNAPSHOT/kubernetes/examples/ozone-dev/result/rebot-SnUJLT/output.xml' -> '/home/runner/work/ozone/ozone/hadoop-ozone/dist/target/ozone-2.1.0-SNAPSHOT/kubernetes/examples/ozone-dev/result/output.xml'
renamed '/home/runner/work/ozone/ozone/hadoop-ozone/dist/target/ozone-2.1.0-SNAPSHOT/kubernetes/examples/ozone-dev/result/rebot-SnUJLT/report.html' -> '/home/runner/work/ozone/ozone/hadoop-ozone/dist/target/ozone-2.1.0-SNAPSHOT/kubernetes/examples/ozone-dev/result/report.html'

**** Collecting container logs ****

Defaulted container "scm" out of: scm, init (init)

**** Deleting k8s resources ****

serviceaccount "prometheus-operator" deleted
Warning: rbac.authorization.k8s.io/v1beta1 ClusterRole is deprecated in v1.17+, unavailable in v1.22+; use rbac.authorization.k8s.io/v1 ClusterRole
clusterrole.rbac.authorization.k8s.io "prometheus-default" deleted
Warning: rbac.authorization.k8s.io/v1beta1 ClusterRoleBinding is deprecated in v1.17+, unavailable in v1.22+; use rbac.authorization.k8s.io/v1 ClusterRoleBinding
clusterrolebinding.rbac.authorization.k8s.io "prometheus-operator-default" deleted
configmap "config" deleted
configmap "prometheusconf" deleted
service "datanode" deleted
service "datanode-public" deleted
service "httpfs" deleted
service "httpfs-public" deleted
service "jaeger" deleted
service "jaeger-public" deleted
service "om" deleted
service "om-public" deleted
service "prometheus" deleted
service "recon" deleted
service "recon-public" deleted
service "s3g" deleted
service "s3g-public" deleted
service "scm" deleted
service "scm-public" deleted
deployment.apps "prometheus" deleted
statefulset.apps "datanode" deleted
statefulset.apps "httpfs" deleted
statefulset.apps "jaeger" deleted
statefulset.apps "om" deleted
statefulset.apps "recon" deleted
statefulset.apps "s3g" deleted
statefulset.apps "scm" deleted

**** Regenerating original Kubernetes resource files ****


#### Executing tests of ozone-ha #####


**** Modifying Kubernetes resources file for test ****

   (mounting current Ozone directory to the containers, scheduling containers to one node, ...)

WARNING: this test can be executed only with local Kubernetes cluster
   (source dir should be available from K8s nodes)


**** Deleting existing k8s resources ****

No resources found
No resources found
No resources found
service "kubernetes" deleted
configmap "kube-root-ca.crt" deleted
pod "datanode-1" deleted
pod "datanode-2" deleted
pod "datanode-0" deleted
pod "prometheus-b8786fdb4-2k8fh" deleted
pod "jaeger-0" deleted
pod "om-0" deleted
pod "s3g-0" deleted
pod "recon-0" deleted
pod "httpfs-0" deleted
pod "scm-0" deleted
No resources found
No resources found

**** Applying k8s resources from ozone-ha ****

configmap/config created
service/datanode created
service/httpfs created
service/om created
service/recon created
service/s3g created
service/scm created
statefulset.apps/datanode created
statefulset.apps/httpfs created
statefulset.apps/om created
statefulset.apps/recon created
statefulset.apps/s3g created
statefulset.apps/scm created

**** Waiting until the k8s cluster is running ****

No resources found in default namespace.
0 pods are running. Waiting for more.
1 'all_pods_are_running' is failed...
No resources found in default namespace.
0 pods are running. Waiting for more.
2 'all_pods_are_running' is failed...
No resources found in default namespace.
0 pods are running. Waiting for more.
3 'all_pods_are_running' is failed...
1 pods are running. Waiting for more.
4 'all_pods_are_running' is failed...
2 pods are running. Waiting for more.
5 'all_pods_are_running' is failed...
4 / 7 pods are running
6 'all_pods_are_running' is failed...
4 / 7 pods are running
7 'all_pods_are_running' is failed...
5 / 7 pods are running
8 'all_pods_are_running' is failed...
6 / 8 pods are running
9 'all_pods_are_running' is failed...
6 / 8 pods are running
10 'all_pods_are_running' is failed...
8 / 9 pods are running
11 'all_pods_are_running' is failed...
8 / 9 pods are running
12 'all_pods_are_running' is failed...
8 / 9 pods are running
13 'all_pods_are_running' is failed...
8 / 9 pods are running
14 'all_pods_are_running' is failed...
8 / 9 pods are running
15 'all_pods_are_running' is failed...
8 / 9 pods are running
16 'all_pods_are_running' is failed...
9 / 10 pods are running
17 'all_pods_are_running' is failed...
9 / 10 pods are running
18 'all_pods_are_running' is failed...
9 / 10 pods are running
19 'all_pods_are_running' is failed...
Defaulted container "scm" out of: scm, init (init), bootstrap (init)
1 'grep_log scm-0 SCM exiting safe mode.' is failed...
Defaulted container "scm" out of: scm, init (init), bootstrap (init)
2 'grep_log scm-0 SCM exiting safe mode.' is failed...
Defaulted container "scm" out of: scm, init (init), bootstrap (init)
3 'grep_log scm-0 SCM exiting safe mode.' is failed...
Defaulted container "scm" out of: scm, init (init), bootstrap (init)
2025-06-17 21:32:03 INFO  SCMSafeModeManager:178 - SCM exiting safe mode.
2025-06-17 21:31:44 INFO  BaseHttpServer:359 - HTTP server of ozoneManager listening at http://om-0:9874

**** Cluster is up and running ****


**** Executing robot tests scm-0 ****

Defaulted container "scm" out of: scm, init (init), bootstrap (init)
Unable to use a TTY - input is not a terminal or the right kind of file
Defaulted container "scm" out of: scm, init (init), bootstrap (init)
Unable to use a TTY - input is not a terminal or the right kind of file
Defaulted container "scm" out of: scm, init (init), bootstrap (init)
Unable to use a TTY - input is not a terminal or the right kind of file
==============================================================================
Basic :: Smoketest ozone cluster startup                                      
==============================================================================
Check webui static resources                                          | PASS |
------------------------------------------------------------------------------
Basic Freon smoketest                                                 | PASS |
------------------------------------------------------------------------------
Basic :: Smoketest ozone cluster startup                              | PASS |
2 tests, 2 passed, 0 failed
==============================================================================
Output:  /tmp/report/output.xml
Log:     /tmp/report/log.html
Report:  /tmp/report/report.html
Defaulted container "scm" out of: scm, init (init), bootstrap (init)
tar: Removing leading `/' from member names
To use Ozone please mount ozone folder to /opt/hadoop
Output:  /rebot-output/output.xml
Log:     /rebot-output/log.html
Report:  /rebot-output/report.html
renamed '/home/runner/work/ozone/ozone/hadoop-ozone/dist/target/ozone-2.1.0-SNAPSHOT/kubernetes/examples/ozone-ha/result/rebot-IO2cQt/log.html' -> '/home/runner/work/ozone/ozone/hadoop-ozone/dist/target/ozone-2.1.0-SNAPSHOT/kubernetes/examples/ozone-ha/result/log.html'
renamed '/home/runner/work/ozone/ozone/hadoop-ozone/dist/target/ozone-2.1.0-SNAPSHOT/kubernetes/examples/ozone-ha/result/rebot-IO2cQt/output.xml' -> '/home/runner/work/ozone/ozone/hadoop-ozone/dist/target/ozone-2.1.0-SNAPSHOT/kubernetes/examples/ozone-ha/result/output.xml'
renamed '/home/runner/work/ozone/ozone/hadoop-ozone/dist/target/ozone-2.1.0-SNAPSHOT/kubernetes/examples/ozone-ha/result/rebot-IO2cQt/report.html' -> '/home/runner/work/ozone/ozone/hadoop-ozone/dist/target/ozone-2.1.0-SNAPSHOT/kubernetes/examples/ozone-ha/result/report.html'

**** Collecting container logs ****

Defaulted container "scm" out of: scm, init (init), bootstrap (init)
Defaulted container "scm" out of: scm, init (init), bootstrap (init)
Defaulted container "scm" out of: scm, init (init), bootstrap (init)

**** Deleting k8s resources ****

configmap "config" deleted
service "datanode" deleted
service "httpfs" deleted
service "om" deleted
service "recon" deleted
service "s3g" deleted
service "scm" deleted
statefulset.apps "datanode" deleted
statefulset.apps "httpfs" deleted
statefulset.apps "om" deleted
statefulset.apps "recon" deleted
statefulset.apps "s3g" deleted
statefulset.apps "scm" deleted

**** Regenerating original Kubernetes resource files ****


#### Executing tests of ozone #####


**** Modifying Kubernetes resources file for test ****

   (mounting current Ozone directory to the containers, scheduling containers to one node, ...)

WARNING: this test can be executed only with local Kubernetes cluster
   (source dir should be available from K8s nodes)


**** Deleting existing k8s resources ****

No resources found
No resources found
No resources found
service "kubernetes" deleted
configmap "kube-root-ca.crt" deleted
pod "datanode-0" deleted
pod "datanode-2" deleted
pod "datanode-1" deleted
pod "httpfs-0" deleted
pod "om-0" deleted
pod "recon-0" deleted
pod "s3g-0" deleted
pod "scm-0" deleted
pod "scm-1" deleted
pod "scm-2" deleted
persistentvolumeclaim "data-httpfs-0" deleted
persistentvolumeclaim "data-recon-0" deleted
persistentvolumeclaim "data-datanode-0" deleted
persistentvolumeclaim "data-om-0" deleted
persistentvolumeclaim "data-scm-0" deleted
persistentvolumeclaim "data-s3g-0" deleted
persistentvolumeclaim "data-datanode-1" deleted
persistentvolumeclaim "data-datanode-2" deleted
persistentvolumeclaim "data-scm-1" deleted
persistentvolumeclaim "data-scm-2" deleted
persistentvolume "pvc-39717d32-cef2-449d-8a23-9ac208211367" deleted
persistentvolume "pvc-9cabe040-9cc0-4f12-9bfc-564ec6d9f060" deleted
persistentvolume "pvc-44c27520-5fef-4b5b-81cc-96c1f081e6d5" deleted
persistentvolume "pvc-5cfa853f-ac8c-40be-9e8d-8c3ce5fae9b2" deleted
persistentvolume "pvc-2ed483ed-aa7a-4d6b-846b-6b1952d1f1ff" deleted
persistentvolume "pvc-01472ced-62dc-4aad-9b4c-3fe34cf6c8f3" deleted
persistentvolume "pvc-e5abcb8e-9e19-429b-9e49-281519b32b1c" deleted
persistentvolume "pvc-23ca1ada-5244-41b1-b036-68afe986dd86" deleted
persistentvolume "pvc-2192e17d-ecc4-49d3-b0a2-b63d561c707c" deleted
persistentvolume "pvc-41aceae4-19c1-44b4-a856-d8346b41f7b6" deleted

**** Applying k8s resources from ozone ****

configmap/config created
service/datanode created
service/httpfs created
service/om created
service/recon created
service/s3g created
service/scm created
statefulset.apps/datanode created
statefulset.apps/httpfs created
statefulset.apps/om created
statefulset.apps/recon created
statefulset.apps/s3g created
statefulset.apps/scm created

**** Waiting until the k8s cluster is running ****

No resources found in default namespace.
0 pods are running. Waiting for more.
1 'all_pods_are_running' is failed...
No resources found in default namespace.
0 pods are running. Waiting for more.
2 'all_pods_are_running' is failed...
No resources found in default namespace.
0 pods are running. Waiting for more.
3 'all_pods_are_running' is failed...
No resources found in default namespace.
0 pods are running. Waiting for more.
4 'all_pods_are_running' is failed...
No resources found in default namespace.
0 pods are running. Waiting for more.
5 'all_pods_are_running' is failed...
2 pods are running. Waiting for more.
6 'all_pods_are_running' is failed...
4 / 7 pods are running
7 'all_pods_are_running' is failed...
4 / 7 pods are running
8 'all_pods_are_running' is failed...
4 / 7 pods are running
9 'all_pods_are_running' is failed...
6 / 8 pods are running
10 'all_pods_are_running' is failed...
7 / 8 pods are running
11 'all_pods_are_running' is failed...
Defaulted container "scm" out of: scm, init (init)
1 'grep_log scm-0 SCM exiting safe mode.' is failed...
Defaulted container "scm" out of: scm, init (init)
2 'grep_log scm-0 SCM exiting safe mode.' is failed...
Defaulted container "scm" out of: scm, init (init)
3 'grep_log scm-0 SCM exiting safe mode.' is failed...
Defaulted container "scm" out of: scm, init (init)
4 'grep_log scm-0 SCM exiting safe mode.' is failed...
Defaulted container "scm" out of: scm, init (init)
5 'grep_log scm-0 SCM exiting safe mode.' is failed...
Defaulted container "scm" out of: scm, init (init)
2025-06-17 21:33:24 INFO  SCMSafeModeManager:178 - SCM exiting safe mode.
1 'grep_log om-0 HTTP server of ozoneManager listening' is failed...
2025-06-17 21:33:24 INFO  BaseHttpServer:359 - HTTP server of ozoneManager listening at http://om-0:9874

**** Cluster is up and running ****


**** Executing robot tests scm-0 ****

Defaulted container "scm" out of: scm, init (init)
Unable to use a TTY - input is not a terminal or the right kind of file
Defaulted container "scm" out of: scm, init (init)
Unable to use a TTY - input is not a terminal or the right kind of file
Defaulted container "scm" out of: scm, init (init)
Unable to use a TTY - input is not a terminal or the right kind of file
==============================================================================
Generate :: Test freon data generation commands                               
==============================================================================
Ozone Client Key Generator                                            | PASS |
------------------------------------------------------------------------------
OM Key Generator                                                      | PASS |
------------------------------------------------------------------------------
OM Bucket Generator                                                   | PASS |
------------------------------------------------------------------------------
Generate :: Test freon data generation commands                       | PASS |
3 tests, 3 passed, 0 failed
==============================================================================
Output:  /tmp/report/output.xml
Log:     /tmp/report/log.html
Report:  /tmp/report/report.html
Defaulted container "scm" out of: scm, init (init)
tar: Removing leading `/' from member names

**** Executing robot tests scm-0 ****

Defaulted container "scm" out of: scm, init (init)
Unable to use a TTY - input is not a terminal or the right kind of file
Defaulted container "scm" out of: scm, init (init)
Unable to use a TTY - input is not a terminal or the right kind of file
Defaulted container "scm" out of: scm, init (init)
Unable to use a TTY - input is not a terminal or the right kind of file
==============================================================================
Validate :: Test freon data validation commands                               
==============================================================================
Ozone Client Key Validator                                            | PASS |
------------------------------------------------------------------------------
Validate :: Test freon data validation commands                       | PASS |
1 test, 1 passed, 0 failed
==============================================================================
Output:  /tmp/report/output.xml
Log:     /tmp/report/log.html
Report:  /tmp/report/report.html
Defaulted container "scm" out of: scm, init (init)
tar: Removing leading `/' from member names
pod "datanode-0" deleted
pod "datanode-1" deleted
pod "datanode-2" deleted

**** Waiting until the k8s cluster is running ****

5 / 6 pods are running
1 'all_pods_are_running' is failed...
6 / 7 pods are running
2 'all_pods_are_running' is failed...
Defaulted container "scm" out of: scm, init (init)
2025-06-17 21:33:24 INFO  SCMSafeModeManager:178 - SCM exiting safe mode.
2025-06-17 21:33:24 INFO  BaseHttpServer:359 - HTTP server of ozoneManager listening at http://om-0:9874

**** Cluster is up and running ****


**** Executing robot tests scm-0 ****

Defaulted container "scm" out of: scm, init (init)
Unable to use a TTY - input is not a terminal or the right kind of file
Defaulted container "scm" out of: scm, init (init)
Unable to use a TTY - input is not a terminal or the right kind of file
Defaulted container "scm" out of: scm, init (init)
Unable to use a TTY - input is not a terminal or the right kind of file
==============================================================================
Validate :: Test freon data validation commands                               
==============================================================================
Ozone Client Key Validator                                            | PASS |
------------------------------------------------------------------------------
Validate :: Test freon data validation commands                       | PASS |
1 test, 1 passed, 0 failed
==============================================================================
Output:  /tmp/report/output.xml
Log:     /tmp/report/log.html
Report:  /tmp/report/report.html
Defaulted container "scm" out of: scm, init (init)
tar: Removing leading `/' from member names

**** Executing robot tests scm-0 ****

Defaulted container "scm" out of: scm, init (init)
Unable to use a TTY - input is not a terminal or the right kind of file
Defaulted container "scm" out of: scm, init (init)
Unable to use a TTY - input is not a terminal or the right kind of file
Defaulted container "scm" out of: scm, init (init)
Unable to use a TTY - input is not a terminal or the right kind of file
==============================================================================
Generate :: Test freon data generation commands                               
==============================================================================
Ozone Client Key Generator                                            | FAIL |
255 != 0
------------------------------------------------------------------------------
OM Key Generator                                                      | PASS |
------------------------------------------------------------------------------
OM Bucket Generator                                                   | PASS |
------------------------------------------------------------------------------
Generate :: Test freon data generation commands                       | FAIL |
3 tests, 2 passed, 1 failed
==============================================================================
Output:  /tmp/report/output.xml
Log:     /tmp/report/log.html
Report:  /tmp/report/report.html
Defaulted container "scm" out of: scm, init (init)
tar: Removing leading `/' from member names

**** Executing robot tests scm-0 ****

Defaulted container "scm" out of: scm, init (init)
Unable to use a TTY - input is not a terminal or the right kind of file
Defaulted container "scm" out of: scm, init (init)
Unable to use a TTY - input is not a terminal or the right kind of file
Defaulted container "scm" out of: scm, init (init)
Unable to use a TTY - input is not a terminal or the right kind of file
==============================================================================
Validate :: Test freon data validation commands                               
==============================================================================
Ozone Client Key Validator                                            | FAIL |
255 != 0
------------------------------------------------------------------------------
Validate :: Test freon data validation commands                       | FAIL |
1 test, 0 passed, 1 failed
==============================================================================
Output:  /tmp/report/output.xml
Log:     /tmp/report/log.html
Report:  /tmp/report/report.html
Defaulted container "scm" out of: scm, init (init)
tar: Removing leading `/' from member names
To use Ozone please mount ozone folder to /opt/hadoop
Output:  /rebot-output/output.xml
Log:     /rebot-output/log.html
Report:  /rebot-output/report.html
renamed '/home/runner/work/ozone/ozone/hadoop-ozone/dist/target/ozone-2.1.0-SNAPSHOT/kubernetes/examples/ozone/result/rebot-xPXsLf/log.html' -> '/home/runner/work/ozone/ozone/hadoop-ozone/dist/target/ozone-2.1.0-SNAPSHOT/kubernetes/examples/ozone/result/log.html'
renamed '/home/runner/work/ozone/ozone/hadoop-ozone/dist/target/ozone-2.1.0-SNAPSHOT/kubernetes/examples/ozone/result/rebot-xPXsLf/output.xml' -> '/home/runner/work/ozone/ozone/hadoop-ozone/dist/target/ozone-2.1.0-SNAPSHOT/kubernetes/examples/ozone/result/output.xml'
renamed '/home/runner/work/ozone/ozone/hadoop-ozone/dist/target/ozone-2.1.0-SNAPSHOT/kubernetes/examples/ozone/result/rebot-xPXsLf/report.html' -> '/home/runner/work/ozone/ozone/hadoop-ozone/dist/target/ozone-2.1.0-SNAPSHOT/kubernetes/examples/ozone/result/report.html'

**** Collecting container logs ****

Defaulted container "scm" out of: scm, init (init)

**** Deleting k8s resources ****

configmap "config" deleted
service "datanode" deleted
service "httpfs" deleted
service "om" deleted
service "recon" deleted
service "s3g" deleted
service "scm" deleted
statefulset.apps "datanode" deleted
statefulset.apps "httpfs" deleted
statefulset.apps "om" deleted
statefulset.apps "recon" deleted
statefulset.apps "s3g" deleted
statefulset.apps "scm" deleted

**** Regenerating original Kubernetes resource files ****

To use Ozone please mount ozone folder to /opt/hadoop
Log:     /rebot-output/log.html
Report:  /rebot-output/report.html
renamed '/home/runner/work/ozone/ozone/hadoop-ozone/dist/target/ozone-2.1.0-SNAPSHOT/kubernetes/examples/result/rebot-IRTGRg/log.html' -> '/home/runner/work/ozone/ozone/hadoop-ozone/dist/target/ozone-2.1.0-SNAPSHOT/kubernetes/examples/result/log.html'
renamed '/home/runner/work/ozone/ozone/hadoop-ozone/dist/target/ozone-2.1.0-SNAPSHOT/kubernetes/examples/result/rebot-IRTGRg/report.html' -> '/home/runner/work/ozone/ozone/hadoop-ozone/dist/target/ozone-2.1.0-SNAPSHOT/kubernetes/examples/result/report.html'
