#
# A fatal error has been detected by the Java Runtime Environment:
#
#  SIGSEGV (0xb) at pc=0x00007f11659aa325, pid=8027, tid=0x00007f114c303700
#
# JRE version: OpenJDK Runtime Environment (8.0_382-b05) (build 1.8.0_382-b05)
# Java VM: OpenJDK 64-Bit Server VM (25.382-b05 mixed mode linux-amd64 compressed oops)
# Problematic frame:
# C  [libc.so.6+0x83325]  fwrite+0x25
#
# Failed to write core dump. Core dumps have been disabled. To enable core dumping, try "ulimit -c unlimited" before starting Java again
#
# If you would like to submit a bug report, please visit:
#   https://github.com/adoptium/adoptium-support/issues
# The crash happened outside the Java Virtual Machine in native code.
# See problematic frame for where to report the bug.
#

---------------  T H R E A D  ---------------

Current thread (0x00007f1160b62000):  JavaThread "pool-5-thread-1" [_thread_in_native, id=8062, stack(0x00007f114c203000,0x00007f114c304000)]

siginfo: si_signo: 11 (SIGSEGV), si_code: 1 (SEGV_MAPERR), si_addr: 0x0000000000000000

Registers:
RAX=0x0000000000000000, RBX=0x0000000000000006, RCX=0x0000000000000000, RDX=0x0000000000000001
RSP=0x00007f114c300840, RBP=0x0000000000000001, RSI=0x0000000000000004, RDI=0x00007f114c300884
R8 =0x00007f1138574c30, R9 =0x0000000000000000, R10=0x00007f11385729c0, R11=0x0000000000000000
R12=0x0000000000000004, R13=0x00007f1138574c78, R14=0x000000000000000e, R15=0x00007f1138574c78
RIP=0x00007f11659aa325, EFLAGS=0x0000000000010202, CSGSFS=0x002b000000000033, ERR=0x0000000000000004
  TRAPNO=0x000000000000000e

Top of Stack: (sp=0x00007f114c300840)
0x00007f114c300840:   00007f114c300850 0000000000000006
0x00007f114c300850:   00007f114c300890 0000000000000000
0x00007f114c300860:   00007f1138574c78 000000000000000e
0x00007f114c300870:   00007f1138574c78 00007f114cd226e6
0x00007f114c300880:   0600000001000100 49f657cd52c3c600
0x00007f114c300890:   00007f114c3008c0 00007f114cd22723
0x00007f114c3008a0:   00007f114c300a10 00007f114c300970
0x00007f114c3008b0:   0000000000000000 00007f114c300c30
0x00007f114c3008c0:   00007f114c3008e0 00007f114cd22806
0x00007f114c3008d0:   00007f114c300e30 00007f1138574b30
0x00007f114c3008e0:   00007f114c300a70 00007f114cd25488
0x00007f114c3008f0:   0000000000000000 00007f1160b50f70
0x00007f114c300900:   00007f1160b62490 0001011148006450
0x00007f114c300910:   ffffffffffffffff 0000000000000001
0x00007f114c300920:   00007f1138575ac7 000000000000000b
0x00007f114c300930:   0000000000000000 0000000000000000
0x00007f114c300940:   000000000000ff01 00007ffffffffff2
0x00007f114c300950:   0000000000000000 0000000100000000
0x00007f114c300960:   0000000000000000 0000000000000000
0x00007f114c300970:   00007f1138574c78 0000000000000006
0x00007f114c300980:   0000000000000000 0000000100000001
0x00007f114c300990:   00007f114c300a20 000000000000000e
0x00007f114c3009a0:   00ffffffffffffff 0000000000000016
0x00007f114c3009b0:   0000000000000000 0000000000000000
0x00007f114c3009c0:   0000000010000000 0000000000000000
0x00007f114c3009d0:   0000000000000000 00007f1138571a00
0x00007f114c3009e0:   00007f113857ed60 0000000000000000
0x00007f114c3009f0:   0000000000000029 00007f1138577310
0x00007f114c300a00:   00007f1138575430 00007f114c613b29
0x00007f114c300a10:   00007f114c300a20 000000000000000e
0x00007f114c300a20:   ff16353379656b27 0000ffffffffffff
0x00007f114c300a30:   0000000000000000 49f657cd52c3c600 

Instructions: (pc=0x00007f11659aa325)
0x00007f11659aa305:   57 41 56 41 55 41 54 49 89 f4 55 4c 0f af e2 53
0x00007f11659aa315:   48 83 ec 08 4d 85 e4 0f 84 e7 00 00 00 48 89 d5
0x00007f11659aa325:   8b 11 49 89 fe 49 89 f5 48 89 cb 81 e2 00 80 00
0x00007f11659aa335:   00 75 3d 48 8b b9 88 00 00 00 64 4c 8b 3c 25 10 

Register to memory mapping:

RAX=0x0000000000000000 is an unknown value
RBX=0x0000000000000006 is an unknown value
RCX=0x0000000000000000 is an unknown value
RDX=0x0000000000000001 is an unknown value
RSP=0x00007f114c300840 is pointing into the stack for thread: 0x00007f1160b62000
RBP=0x0000000000000001 is an unknown value
RSI=0x0000000000000004 is an unknown value
RDI=0x00007f114c300884 is pointing into the stack for thread: 0x00007f1160b62000
R8 =0x00007f1138574c30 is an unknown value
R9 =0x0000000000000000 is an unknown value
R10=0x00007f11385729c0 is an unknown value
R11=0x0000000000000000 is an unknown value
R12=0x0000000000000004 is an unknown value
R13=0x00007f1138574c78 is an unknown value
R14=0x000000000000000e is an unknown value
R15=0x00007f1138574c78 is an unknown value


Stack: [0x00007f114c203000,0x00007f114c304000],  sp=0x00007f114c300840,  free space=1014k
Native frames: (J=compiled Java code, j=interpreted, Vv=VM code, C=native code)
C  [libc.so.6+0x83325]  fwrite+0x25

Java frames: (J=compiled Java code, j=interpreted, Vv=VM code)
J 1904  org.apache.hadoop.hdds.utils.db.managed.ManagedSSTDumpTool.runInternal([Ljava/lang/String;JJ)I (0 bytes) @ 0x00007f11513ea30c [0x00007f11513ea2c0+0x4c]
J 1901 C1 org.apache.hadoop.hdds.utils.db.managed.ManagedSSTDumpTool.lambda$run$0([Ljava/lang/String;Lorg/apache/hadoop/hdds/utils/db/managed/ManagedOptions;Lorg/apache/hadoop/hdds/utils/db/managed/PipeInputStream;)Ljava/lang/Integer; (40 bytes) @ 0x00007f11513f2d0c [0x00007f11513f2aa0+0x26c]
J 1866 C1 org.apache.hadoop.hdds.utils.db.managed.ManagedSSTDumpTool$$Lambda$470.call()Ljava/lang/Object; (20 bytes) @ 0x00007f11513d141c [0x00007f11513d1380+0x9c]
J 1772 C1 java.util.concurrent.FutureTask.run()V (126 bytes) @ 0x00007f1151388754 [0x00007f1151388500+0x254]
j  java.util.concurrent.ThreadPoolExecutor.runWorker(Ljava/util/concurrent/ThreadPoolExecutor$Worker;)V+95
j  java.util.concurrent.ThreadPoolExecutor$Worker.run()V+5
j  java.lang.Thread.run()V+11
v  ~StubRoutines::call_stub

---------------  P R O C E S S  ---------------

Java Threads: ( => current thread )
=>0x00007f1160b62000 JavaThread "pool-5-thread-1" [_thread_in_native, id=8062, stack(0x00007f114c203000,0x00007f114c304000)]
  0x00007f1160acb000 JavaThread "process reaper" daemon [_thread_blocked, id=8047, stack(0x00007f114c504000,0x00007f114c53d000)]
  0x00007f11607a1000 JavaThread "surefire-forkedjvm-command-thread" daemon [_thread_in_native, id=8045, stack(0x00007f114d597000,0x00007f114d698000)]
  0x00007f11607ca800 JavaThread "Service Thread" daemon [_thread_blocked, id=8043, stack(0x00007f114d9a3000,0x00007f114daa4000)]
  0x00007f116076a000 JavaThread "C1 CompilerThread1" daemon [_thread_blocked, id=8042, stack(0x00007f114daa5000,0x00007f114dba5000)]
  0x00007f1160769800 JavaThread "C2 CompilerThread0" daemon [_thread_in_native, id=8041, stack(0x00007f114dba6000,0x00007f114dca6000)]
  0x00007f1160140000 JavaThread "Signal Dispatcher" daemon [_thread_blocked, id=8037, stack(0x00007f114e642000,0x00007f114e743000)]
  0x00007f116010b000 JavaThread "Finalizer" daemon [_thread_in_vm, id=8036, stack(0x00007f114ebce000,0x00007f114eccf000)]
  0x00007f1160106800 JavaThread "Reference Handler" daemon [_thread_blocked, id=8035, stack(0x00007f114eccf000,0x00007f114edd0000)]
  0x00007f116000c000 JavaThread "main" [_thread_in_native, id=8031, stack(0x00007f1164680000,0x00007f1164780000)]

Other Threads:
  0x00007f11600fc800 VMThread [stack: 0x00007f114edd1000,0x00007f114eed1000] [id=8034]
  0x00007f11607cd000 WatcherThread [stack: 0x00007f114d8a3000,0x00007f114d9a3000] [id=8044]

VM state:not at safepoint (normal execution)

VM Mutex/Monitor currently owned by a thread: None

heap address: 0x00000006c0000000, size: 4096 MB, Compressed Oops mode: Zero based, Oop shift amount: 3
Narrow klass base: 0x0000000000000000, Narrow klass shift: 3
Compressed class space size: 1073741824 Address: 0x00000007c0000000

Heap:
 PSYoungGen      total 60928K, used 20163K [0x000000076ab00000, 0x000000076eb00000, 0x00000007c0000000)
  eden space 56320K, 27% used [0x000000076ab00000,0x000000076ba36950,0x000000076e200000)
  from space 4608K, 99% used [0x000000076e680000,0x000000076eafa4f8,0x000000076eb00000)
  to   space 4608K, 0% used [0x000000076e200000,0x000000076e200000,0x000000076e680000)
 ParOldGen       total 75264K, used 5677K [0x00000006c0000000, 0x00000006c4980000, 0x000000076ab00000)
  object space 75264K, 7% used [0x00000006c0000000,0x00000006c058b770,0x00000006c4980000)
 Metaspace       used 14473K, capacity 15984K, committed 16256K, reserved 1062912K
  class space    used 1815K, capacity 2094K, committed 2176K, reserved 1048576K

Card table byte_map: [0x00007f1150223000,0x00007f1150a24000] byte_map_base: 0x00007f114cc23000

Marking Bits: (ParMarkBitMap*) 0x00007f1165908740
 Begin Bits: [0x00007f113facb000, 0x00007f1143acb000)
 End Bits:   [0x00007f1143acb000, 0x00007f1147acb000)

Polling page: 0x00007f1165d98000

CodeCache: size=245760Kb used=6259Kb max_used=6259Kb free=239500Kb
 bounds [0x00007f1150de4000, 0x00007f1151414000, 0x00007f115fde4000]
 total_blobs=2360 nmethods=1937 adapters=336
 compilation: enabled

Compilation events (10 events):
Event: 2.324 Thread 0x00007f116076a000 1928       3       java.lang.reflect.Method::isDefault (28 bytes)
Event: 2.324 Thread 0x00007f116076a000 nmethod 1928 0x00007f1151401450 code [0x00007f11514015c0, 0x00007f1151401988]
Event: 2.329 Thread 0x00007f116076a000 1934   !   3       java.lang.reflect.Executable::declaredAnnotations (82 bytes)
Event: 2.329 Thread 0x00007f116076a000 nmethod 1934 0x00007f1151401a50 code [0x00007f1151401c40, 0x00007f1151402568]
Event: 2.329 Thread 0x00007f116076a000 1933   !   3       java.lang.Package::getSystemPackage (63 bytes)
Event: 2.330 Thread 0x00007f116076a000 nmethod 1933 0x00007f11514029d0 code [0x00007f1151402bc0, 0x00007f1151403478]
Event: 2.335 Thread 0x00007f116076a000 1935       3       sun.misc.ProxyGenerator::code_aload (11 bytes)
Event: 2.335 Thread 0x00007f116076a000 nmethod 1935 0x00007f1151403950 code [0x00007f1151403ac0, 0x00007f1151403c68]
Event: 2.335 Thread 0x00007f116076a000 1936       3       java.io.DataOutputStream::writeInt (65 bytes)
Event: 2.336 Thread 0x00007f116076a000 nmethod 1936 0x00007f1151403d10 code [0x00007f1151403ec0, 0x00007f1151404418]

GC Heap History (8 events):
Event: 0.801 GC heap before
{Heap before GC invocations=1 (full 0):
 PSYoungGen      total 32768K, used 28160K [0x000000076ab00000, 0x000000076cf80000, 0x00000007c0000000)
  eden space 28160K, 100% used [0x000000076ab00000,0x000000076c680000,0x000000076c680000)
  from space 4608K, 0% used [0x000000076cb00000,0x000000076cb00000,0x000000076cf80000)
  to   space 4608K, 0% used [0x000000076c680000,0x000000076c680000,0x000000076cb00000)
 ParOldGen       total 75264K, used 0K [0x00000006c0000000, 0x00000006c4980000, 0x000000076ab00000)
  object space 75264K, 0% used [0x00000006c0000000,0x00000006c0000000,0x00000006c4980000)
 Metaspace       used 6645K, capacity 6828K, committed 7040K, reserved 1056768K
  class space    used 736K, capacity 826K, committed 896K, reserved 1048576K
Event: 0.805 GC heap after
Heap after GC invocations=1 (full 0):
 PSYoungGen      total 32768K, used 2782K [0x000000076ab00000, 0x000000076cf80000, 0x00000007c0000000)
  eden space 28160K, 0% used [0x000000076ab00000,0x000000076ab00000,0x000000076c680000)
  from space 4608K, 60% used [0x000000076c680000,0x000000076c9379b8,0x000000076cb00000)
  to   space 4608K, 0% used [0x000000076cb00000,0x000000076cb00000,0x000000076cf80000)
 ParOldGen       total 75264K, used 8K [0x00000006c0000000, 0x00000006c4980000, 0x000000076ab00000)
  object space 75264K, 0% used [0x00000006c0000000,0x00000006c0002000,0x00000006c4980000)
 Metaspace       used 6645K, capacity 6828K, committed 7040K, reserved 1056768K
  class space    used 736K, capacity 826K, committed 896K, reserved 1048576K
}
Event: 1.112 GC heap before
{Heap before GC invocations=2 (full 0):
 PSYoungGen      total 32768K, used 30942K [0x000000076ab00000, 0x000000076cf80000, 0x00000007c0000000)
  eden space 28160K, 100% used [0x000000076ab00000,0x000000076c680000,0x000000076c680000)
  from space 4608K, 60% used [0x000000076c680000,0x000000076c9379b8,0x000000076cb00000)
  to   space 4608K, 0% used [0x000000076cb00000,0x000000076cb00000,0x000000076cf80000)
 ParOldGen       total 75264K, used 8K [0x00000006c0000000, 0x00000006c4980000, 0x000000076ab00000)
  object space 75264K, 0% used [0x00000006c0000000,0x00000006c0002000,0x00000006c4980000)
 Metaspace       used 9567K, capacity 10068K, committed 10368K, reserved 1058816K
  class space    used 1170K, capacity 1286K, committed 1408K, reserved 1048576K
Event: 1.117 GC heap after
Heap after GC invocations=2 (full 0):
 PSYoungGen      total 32768K, used 3152K [0x000000076ab00000, 0x000000076eb00000, 0x00000007c0000000)
  eden space 28160K, 0% used [0x000000076ab00000,0x000000076ab00000,0x000000076c680000)
  from space 4608K, 68% used [0x000000076cb00000,0x000000076ce14160,0x000000076cf80000)
  to   space 4608K, 0% used [0x000000076c680000,0x000000076c680000,0x000000076cb00000)
 ParOldGen       total 75264K, used 16K [0x00000006c0000000, 0x00000006c4980000, 0x000000076ab00000)
  object space 75264K, 0% used [0x00000006c0000000,0x00000006c0004000,0x00000006c4980000)
 Metaspace       used 9567K, capacity 10068K, committed 10368K, reserved 1058816K
  class space    used 1170K, capacity 1286K, committed 1408K, reserved 1048576K
}
Event: 1.480 GC heap before
{Heap before GC invocations=3 (full 0):
 PSYoungGen      total 32768K, used 31312K [0x000000076ab00000, 0x000000076eb00000, 0x00000007c0000000)
  eden space 28160K, 100% used [0x000000076ab00000,0x000000076c680000,0x000000076c680000)
  from space 4608K, 68% used [0x000000076cb00000,0x000000076ce14160,0x000000076cf80000)
  to   space 4608K, 0% used [0x000000076c680000,0x000000076c680000,0x000000076cb00000)
 ParOldGen       total 75264K, used 16K [0x00000006c0000000, 0x00000006c4980000, 0x000000076ab00000)
  object space 75264K, 0% used [0x00000006c0000000,0x00000006c0004000,0x00000006c4980000)
 Metaspace       used 12120K, capacity 13372K, committed 13696K, reserved 1060864K
  class space    used 1565K, capacity 1832K, committed 1920K, reserved 1048576K
Event: 1.484 GC heap after
Heap after GC invocations=3 (full 0):
 PSYoungGen      total 32768K, used 3523K [0x000000076ab00000, 0x000000076eb00000, 0x00000007c0000000)
  eden space 28160K, 0% used [0x000000076ab00000,0x000000076ab00000,0x000000076c680000)
  from space 4608K, 76% used [0x000000076c680000,0x000000076c9f0c78,0x000000076cb00000)
  to   space 4608K, 0% used [0x000000076e680000,0x000000076e680000,0x000000076eb00000)
 ParOldGen       total 75264K, used 24K [0x00000006c0000000, 0x00000006c4980000, 0x000000076ab00000)
  object space 75264K, 0% used [0x00000006c0000000,0x00000006c0006000,0x00000006c4980000)
 Metaspace       used 12120K, capacity 13372K, committed 13696K, reserved 1060864K
  class space    used 1565K, capacity 1832K, committed 1920K, reserved 1048576K
}
Event: 2.158 GC heap before
{Heap before GC invocations=4 (full 0):
 PSYoungGen      total 32768K, used 31683K [0x000000076ab00000, 0x000000076eb00000, 0x00000007c0000000)
  eden space 28160K, 100% used [0x000000076ab00000,0x000000076c680000,0x000000076c680000)
  from space 4608K, 76% used [0x000000076c680000,0x000000076c9f0c78,0x000000076cb00000)
  to   space 4608K, 0% used [0x000000076e680000,0x000000076e680000,0x000000076eb00000)
 ParOldGen       total 75264K, used 24K [0x00000006c0000000, 0x00000006c4980000, 0x000000076ab00000)
  object space 75264K, 0% used [0x00000006c0000000,0x00000006c0006000,0x00000006c4980000)
 Metaspace       used 13832K, capacity 15374K, committed 15744K, reserved 1062912K
  class space    used 1748K, capacity 2061K, committed 2176K, reserved 1048576K
Event: 2.173 GC heap after
Heap after GC invocations=4 (full 0):
 PSYoungGen      total 60928K, used 4585K [0x000000076ab00000, 0x000000076eb00000, 0x00000007c0000000)
  eden space 56320K, 0% used [0x000000076ab00000,0x000000076ab00000,0x000000076e200000)
  from space 4608K, 99% used [0x000000076e680000,0x000000076eafa4f8,0x000000076eb00000)
  to   space 4608K, 0% used [0x000000076e200000,0x000000076e200000,0x000000076e680000)
 ParOldGen       total 75264K, used 5677K [0x00000006c0000000, 0x00000006c4980000, 0x000000076ab00000)
  object space 75264K, 7% used [0x00000006c0000000,0x00000006c058b770,0x00000006c4980000)
 Metaspace       used 13832K, capacity 15374K, committed 15744K, reserved 1062912K
  class space    used 1748K, capacity 2061K, committed 2176K, reserved 1048576K
}

Deoptimization events (10 events):
Event: 1.549 Thread 0x00007f116000c000 Uncommon trap: reason=bimorphic action=maybe_recompile pc=0x00007f1151288384 method=java.lang.ThreadLocal.get()Ljava/lang/Object; @ 6
Event: 1.549 Thread 0x00007f116000c000 Uncommon trap: reason=bimorphic action=maybe_recompile pc=0x00007f1151288384 method=java.lang.ThreadLocal.get()Ljava/lang/Object; @ 6
Event: 1.549 Thread 0x00007f116000c000 Uncommon trap: reason=bimorphic action=maybe_recompile pc=0x00007f1151288384 method=java.lang.ThreadLocal.get()Ljava/lang/Object; @ 6
Event: 1.910 Thread 0x00007f116000c000 Uncommon trap: reason=unstable_if action=reinterpret pc=0x00007f115133f074 method=java.util.Optional.ofNullable(Ljava/lang/Object;)Ljava/util/Optional; @ 1
Event: 1.911 Thread 0x00007f116000c000 Uncommon trap: reason=class_check action=maybe_recompile pc=0x00007f1151352570 method=java.lang.StringCoding.decode(Ljava/nio/charset/Charset;[BII)[C @ 1
Event: 1.911 Thread 0x00007f116000c000 Uncommon trap: reason=class_check action=maybe_recompile pc=0x00007f1151352570 method=java.lang.StringCoding.decode(Ljava/nio/charset/Charset;[BII)[C @ 1
Event: 1.911 Thread 0x00007f116000c000 Uncommon trap: reason=class_check action=maybe_recompile pc=0x00007f1151352570 method=java.lang.StringCoding.decode(Ljava/nio/charset/Charset;[BII)[C @ 1
Event: 1.924 Thread 0x00007f116000c000 Uncommon trap: reason=class_check action=maybe_recompile pc=0x00007f1151352570 method=java.lang.StringCoding.decode(Ljava/nio/charset/Charset;[BII)[C @ 1
Event: 1.944 Thread 0x00007f116000c000 Uncommon trap: reason=unstable_if action=reinterpret pc=0x00007f115130a258 method=org.apache.commons.lang3.tuple.Pair.equals(Ljava/lang/Object;)Z @ 32
Event: 2.173 Thread 0x00007f116010b000 Uncommon trap: reason=unstable_if action=reinterpret pc=0x00007f115129ac14 method=java.lang.ThreadLocal.get()Ljava/lang/Object; @ 11

Classes redefined (0 events):
No events

Internal exceptions (10 events):
Event: 2.336 Thread 0x00007f116010b000 Exception <a 'java/lang/NoClassDefFoundError': org/apache/hadoop/hdds/utils/db/managed/ManagedRocksObjectUtils> (0x000000076b7e2d08) thrown at [/home/jenkins/workspace/build-scripts/jobs/release/jobs/jdk8u/jdk8u-release-linux-x64-temurin/workspace/build/s
Event: 2.336 Thread 0x00007f116010b000 Exception <a 'java/lang/NoClassDefFoundError': org/apache/hadoop/hdds/utils/db/managed/ManagedRocksObjectUtils> (0x000000076b7e2fb8) thrown at [/home/jenkins/workspace/build-scripts/jobs/release/jobs/jdk8u/jdk8u-release-linux-x64-temurin/workspace/build/s
Event: 2.337 Thread 0x00007f116010b000 Exception <a 'java/lang/NoClassDefFoundError': org/apache/hadoop/hdds/utils/db/managed/ManagedRocksObjectUtils> (0x000000076b7e3268) thrown at [/home/jenkins/workspace/build-scripts/jobs/release/jobs/jdk8u/jdk8u-release-linux-x64-temurin/workspace/build/s
Event: 2.337 Thread 0x00007f116010b000 Exception <a 'java/lang/NoClassDefFoundError': org/apache/hadoop/hdds/utils/db/managed/ManagedRocksObjectUtils> (0x000000076b7e3518) thrown at [/home/jenkins/workspace/build-scripts/jobs/release/jobs/jdk8u/jdk8u-release-linux-x64-temurin/workspace/build/s
Event: 2.337 Thread 0x00007f116010b000 Exception <a 'java/lang/NoClassDefFoundError': org/apache/hadoop/hdds/utils/db/managed/ManagedRocksObjectUtils> (0x000000076b7e37c8) thrown at [/home/jenkins/workspace/build-scripts/jobs/release/jobs/jdk8u/jdk8u-release-linux-x64-temurin/workspace/build/s
Event: 2.337 Thread 0x00007f116010b000 Exception <a 'java/lang/NoClassDefFoundError': org/apache/hadoop/hdds/utils/db/managed/ManagedRocksObjectUtils> (0x000000076b7e3a78) thrown at [/home/jenkins/workspace/build-scripts/jobs/release/jobs/jdk8u/jdk8u-release-linux-x64-temurin/workspace/build/s
Event: 2.337 Thread 0x00007f116010b000 Exception <a 'java/lang/NoClassDefFoundError': org/apache/hadoop/hdds/utils/db/managed/ManagedRocksObjectUtils> (0x000000076b7e3d28) thrown at [/home/jenkins/workspace/build-scripts/jobs/release/jobs/jdk8u/jdk8u-release-linux-x64-temurin/workspace/build/s
Event: 2.337 Thread 0x00007f116010b000 Exception <a 'java/lang/NoClassDefFoundError': org/apache/hadoop/hdds/utils/db/managed/ManagedRocksObjectUtils> (0x000000076b7e3fd8) thrown at [/home/jenkins/workspace/build-scripts/jobs/release/jobs/jdk8u/jdk8u-release-linux-x64-temurin/workspace/build/s
Event: 2.337 Thread 0x00007f116010b000 Exception <a 'java/lang/NoClassDefFoundError': org/apache/hadoop/hdds/utils/db/managed/ManagedRocksObjectUtils> (0x000000076b7e4288) thrown at [/home/jenkins/workspace/build-scripts/jobs/release/jobs/jdk8u/jdk8u-release-linux-x64-temurin/workspace/build/s
Event: 2.337 Thread 0x00007f116010b000 Exception <a 'java/lang/NoClassDefFoundError': org/apache/hadoop/hdds/utils/db/managed/ManagedRocksObjectUtils> (0x000000076b7e4538) thrown at [/home/jenkins/workspace/build-scripts/jobs/release/jobs/jdk8u/jdk8u-release-linux-x64-temurin/workspace/build/s

Events (10 events):
Event: 2.329 loading class org/apache/hadoop/metrics2/impl/MetricsSystemImpl$3
Event: 2.329 loading class org/apache/hadoop/metrics2/impl/MetricsSystemImpl$3 done
Event: 2.330 Executing VM operation: Deoptimize
Event: 2.330 Executing VM operation: Deoptimize done
Event: 2.336 loading class org/apache/hadoop/hdds/utils/db/managed/ManagedRocksObjectUtils
Event: 2.336 loading class org/apache/hadoop/hdds/utils/db/managed/ManagedRocksObjectUtils done
Event: 2.336 loading class java/io/InterruptedIOException
Event: 2.336 loading class java/io/InterruptedIOException done
Event: 2.337 loading class org/apache/hadoop/hdds/utils/db/managed/ManagedRocksObjectUtils
Event: 2.337 loading class org/apache/hadoop/hdds/utils/db/managed/ManagedRocksObjectUtils done


Dynamic libraries:
6c0000000-6c4980000 rw-p 00000000 00:00 0 
6c4980000-76ab00000 ---p 00000000 00:00 0 
76ab00000-76eb00000 rw-p 00000000 00:00 0 
76eb00000-7c0000000 ---p 00000000 00:00 0 
7c0000000-7c0220000 rw-p 00000000 00:00 0 
7c0220000-800000000 ---p 00000000 00:00 0 
55fc14200000-55fc14201000 r-xp 00000000 08:01 4140414                    /usr/lib/jvm/temurin-8-jdk-amd64/jre/bin/java
55fc14400000-55fc14401000 r--p 00000000 08:01 4140414                    /usr/lib/jvm/temurin-8-jdk-amd64/jre/bin/java
55fc14401000-55fc14402000 rw-p 00001000 08:01 4140414                    /usr/lib/jvm/temurin-8-jdk-amd64/jre/bin/java
55fc15448000-55fc15a30000 rw-p 00000000 00:00 0                          [heap]
7f1136a7b000-7f113727b000 rw-p 00000000 00:00 0 
7f1138000000-7f1138786000 rw-p 00000000 00:00 0 
7f1138786000-7f113c000000 ---p 00000000 00:00 0 
7f113e5e0000-7f113f048000 r-xp 00000000 08:01 132964                     /tmp/librocksdbjni7784577283976756232.so
7f113f048000-7f113f248000 ---p 00a68000 08:01 132964                     /tmp/librocksdbjni7784577283976756232.so
7f113f248000-7f113f267000 r--p 00a68000 08:01 132964                     /tmp/librocksdbjni7784577283976756232.so
7f113f267000-7f113f274000 rw-p 00a87000 08:01 132964                     /tmp/librocksdbjni7784577283976756232.so
7f113f274000-7f1147acb000 rw-p 00000000 00:00 0 
7f1148000000-7f1148217000 rw-p 00000000 00:00 0 
7f1148217000-7f114c000000 ---p 00000000 00:00 0 
7f114c203000-7f114c206000 ---p 00000000 00:00 0 
7f114c206000-7f114c4c4000 rw-p 00000000 00:00 0 
7f114c4c4000-7f114c504000 ---p 00000000 00:00 0 
7f114c504000-7f114c507000 ---p 00000000 00:00 0 
7f114c507000-7f114c53d000 rw-p 00000000 00:00 0 
7f114c53d000-7f114c54e000 r--s 001c5000 08:01 4140508                    /usr/lib/jvm/temurin-8-jdk-amd64/jre/lib/jsse.jar
7f114c54e000-7f114c551000 r--p 00000000 08:01 4763                       /usr/lib/x86_64-linux-gnu/libgcc_s.so.1
7f114c551000-7f114c563000 r-xp 00003000 08:01 4763                       /usr/lib/x86_64-linux-gnu/libgcc_s.so.1
7f114c563000-7f114c567000 r--p 00015000 08:01 4763                       /usr/lib/x86_64-linux-gnu/libgcc_s.so.1
7f114c567000-7f114c568000 r--p 00018000 08:01 4763                       /usr/lib/x86_64-linux-gnu/libgcc_s.so.1
7f114c568000-7f114c569000 rw-p 00019000 08:01 4763                       /usr/lib/x86_64-linux-gnu/libgcc_s.so.1
7f114c569000-7f114c5ff000 r--p 00000000 08:01 4762                       /usr/lib/x86_64-linux-gnu/libstdc++.so.6.0.28
7f114c5ff000-7f114c6f0000 r-xp 00096000 08:01 4762                       /usr/lib/x86_64-linux-gnu/libstdc++.so.6.0.28
7f114c6f0000-7f114c739000 r--p 00187000 08:01 4762                       /usr/lib/x86_64-linux-gnu/libstdc++.so.6.0.28
7f114c739000-7f114c73a000 ---p 001d0000 08:01 4762                       /usr/lib/x86_64-linux-gnu/libstdc++.so.6.0.28
7f114c73a000-7f114c745000 r--p 001d0000 08:01 4762                       /usr/lib/x86_64-linux-gnu/libstdc++.so.6.0.28
7f114c745000-7f114c748000 rw-p 001db000 08:01 4762                       /usr/lib/x86_64-linux-gnu/libstdc++.so.6.0.28
7f114c748000-7f114c74b000 rw-p 00000000 00:00 0 
7f114c75a000-7f114c91c000 r--p 00000000 08:01 132959                     /home/runner/work/ozone/ozone/hadoop-hdds/rocks-native/target/native/rocksdb/libozone_rocksdb_tools.so
7f114c91c000-7f114d064000 r-xp 001c2000 08:01 132959                     /home/runner/work/ozone/ozone/hadoop-hdds/rocks-native/target/native/rocksdb/libozone_rocksdb_tools.so
7f114d064000-7f114d168000 r--p 0090a000 08:01 132959                     /home/runner/work/ozone/ozone/hadoop-hdds/rocks-native/target/native/rocksdb/libozone_rocksdb_tools.so
7f114d168000-7f114d169000 ---p 00a0e000 08:01 132959                     /home/runner/work/ozone/ozone/hadoop-hdds/rocks-native/target/native/rocksdb/libozone_rocksdb_tools.so
7f114d169000-7f114d182000 r--p 00a0e000 08:01 132959                     /home/runner/work/ozone/ozone/hadoop-hdds/rocks-native/target/native/rocksdb/libozone_rocksdb_tools.so
7f114d182000-7f114d18d000 rw-p 00a27000 08:01 132959                     /home/runner/work/ozone/ozone/hadoop-hdds/rocks-native/target/native/rocksdb/libozone_rocksdb_tools.so
7f114d18d000-7f114d397000 rw-p 00000000 00:00 0 
7f114d397000-7f114d597000 rw-p 00000000 00:00 0 
7f114d597000-7f114d59a000 ---p 00000000 00:00 0 
7f114d59a000-7f114d698000 rw-p 00000000 00:00 0 
7f114d698000-7f114d6a0000 r-xp 00000000 08:01 4140452                    /usr/lib/jvm/temurin-8-jdk-amd64/jre/lib/amd64/libmanagement.so
7f114d6a0000-7f114d8a0000 ---p 00008000 08:01 4140452                    /usr/lib/jvm/temurin-8-jdk-amd64/jre/lib/amd64/libmanagement.so
7f114d8a0000-7f114d8a1000 r--p 00008000 08:01 4140452                    /usr/lib/jvm/temurin-8-jdk-amd64/jre/lib/amd64/libmanagement.so
7f114d8a1000-7f114d8a2000 rw-p 00009000 08:01 4140452                    /usr/lib/jvm/temurin-8-jdk-amd64/jre/lib/amd64/libmanagement.so
7f114d8a2000-7f114d8a3000 ---p 00000000 00:00 0 
7f114d8a3000-7f114d9a3000 rw-p 00000000 00:00 0 
7f114d9a3000-7f114d9a6000 ---p 00000000 00:00 0 
7f114d9a6000-7f114daa4000 rw-p 00000000 00:00 0 
7f114daa4000-7f114daa5000 ---p 00000000 00:00 0 
7f114daa5000-7f114daa8000 ---p 00000000 00:00 0 
7f114daa8000-7f114dba5000 rw-p 00000000 00:00 0 
7f114dba5000-7f114dba6000 ---p 00000000 00:00 0 
7f114dba6000-7f114dba9000 ---p 00000000 00:00 0 
7f114dba9000-7f114dca6000 rw-p 00000000 00:00 0 
7f114dca6000-7f114dcad000 r--s 000d3000 08:01 4140507                    /usr/lib/jvm/temurin-8-jdk-amd64/jre/lib/jfr.jar
7f114dcad000-7f114dcc5000 r-xp 00000000 08:01 4140454                    /usr/lib/jvm/temurin-8-jdk-amd64/jre/lib/amd64/libnet.so
7f114dcc5000-7f114dec4000 ---p 00018000 08:01 4140454                    /usr/lib/jvm/temurin-8-jdk-amd64/jre/lib/amd64/libnet.so
7f114dec4000-7f114dec5000 r--p 00017000 08:01 4140454                    /usr/lib/jvm/temurin-8-jdk-amd64/jre/lib/amd64/libnet.so
7f114dec5000-7f114dec6000 rw-p 00018000 08:01 4140454                    /usr/lib/jvm/temurin-8-jdk-amd64/jre/lib/amd64/libnet.so
7f114dec6000-7f114ded7000 r-xp 00000000 08:01 4140455                    /usr/lib/jvm/temurin-8-jdk-amd64/jre/lib/amd64/libnio.so
7f114ded7000-7f114e0d6000 ---p 00011000 08:01 4140455                    /usr/lib/jvm/temurin-8-jdk-amd64/jre/lib/amd64/libnio.so
7f114e0d6000-7f114e0d7000 r--p 00010000 08:01 4140455                    /usr/lib/jvm/temurin-8-jdk-amd64/jre/lib/amd64/libnio.so
7f114e0d7000-7f114e0d8000 rw-p 00011000 08:01 4140455                    /usr/lib/jvm/temurin-8-jdk-amd64/jre/lib/amd64/libnio.so
7f114e0d8000-7f114e0de000 r--s 0003f000 08:01 123162                     /home/runner/.m2/repository/org/jacoco/org.jacoco.agent/0.8.5/org.jacoco.agent-0.8.5-runtime.jar
7f114e0de000-7f114e0e0000 r--s 0000f000 08:01 123920                     /home/runner/.m2/repository/org/junit/vintage/junit-vintage-engine/5.8.2/junit-vintage-engine-5.8.2.jar
7f114e0e0000-7f114e0e5000 r--s 00034000 08:01 123983                     /home/runner/.m2/repository/org/junit/jupiter/junit-jupiter-engine/5.8.2/junit-jupiter-engine-5.8.2.jar
7f114e0e5000-7f114e0ea000 r--s 00029000 08:01 123943                     /home/runner/.m2/repository/org/junit/platform/junit-platform-engine/1.8.2/junit-platform-engine-1.8.2.jar
7f114e0ea000-7f114e0ee000 r--s 00023000 08:01 123957                     /home/runner/.m2/repository/org/junit/platform/junit-platform-launcher/1.8.2/junit-platform-launcher-1.8.2.jar
7f114e0ee000-7f114e0ef000 r--s 00003000 08:01 121821                     /home/runner/.m2/repository/org/apache/maven/surefire/common-java5/3.0.0-M5/common-java5-3.0.0-M5.jar
7f114e0ef000-7f114e0f0000 r--s 00005000 08:01 121824                     /home/runner/.m2/repository/org/apache/maven/surefire/surefire-junit-platform/3.0.0-M5/surefire-junit-platform-3.0.0-M5.jar
7f114e0f0000-7f114e0f2000 r--s 00009000 08:01 122801                     /home/runner/.m2/repository/org/hamcrest/hamcrest-core/1.3/hamcrest-core-1.3.jar
7f114e0f2000-7f114e0fc000 r--s 00054000 08:01 124121                     /home/runner/.m2/repository/junit/junit/4.13.1/junit-4.13.1.jar
7f114e0fc000-7f114e0fd000 r--s 00000000 08:01 123575                     /home/runner/.m2/repository/org/mockito/mockito-inline/3.5.9/mockito-inline-3.5.9.jar
7f114e0fd000-7f114e0ff000 r--s 00005000 08:01 123288                     /home/runner/.m2/repository/org/objenesis/objenesis/1.0/objenesis-1.0.jar
7f114e0ff000-7f114e102000 r--s 0003d000 08:01 116899                     /home/runner/.m2/repository/net/bytebuddy/byte-buddy-agent/1.10.13/byte-buddy-agent-1.10.13.jar
7f114e102000-7f114e14c000 r--s 00308000 08:01 116910                     /home/runner/.m2/repository/net/bytebuddy/byte-buddy/1.10.13/byte-buddy-1.10.13.jar
7f114e14c000-7f114e15e000 r--s 00092000 08:01 123554                     /home/runner/.m2/repository/org/mockito/mockito-core/3.5.9/mockito-core-3.5.9.jar
7f114e15e000-7f114e15f000 r--s 00001000 08:01 123563                     /home/runner/.m2/repository/org/mockito/mockito-junit-jupiter/3.5.9/mockito-junit-jupiter-3.5.9.jar
7f114e15f000-7f114e16b000 r--s 00081000 08:01 123967                     /home/runner/.m2/repository/org/junit/jupiter/junit-jupiter-params/5.8.2/junit-jupiter-params-5.8.2.jar
7f114e16b000-7f114e16c000 r--s 00001000 08:01 123720                     /home/runner/.m2/repository/org/apiguardian/apiguardian-api/1.1.2/apiguardian-api-1.1.2.jar
7f114e16c000-7f114e16e000 r--s 00017000 08:01 123935                     /home/runner/.m2/repository/org/junit/platform/junit-platform-commons/1.8.2/junit-platform-commons-1.8.2.jar
7f114e16e000-7f114e16f000 r--s 00001000 08:01 123522                     /home/runner/.m2/repository/org/opentest4j/opentest4j/1.2.0/opentest4j-1.2.0.jar
7f114e16f000-7f114e175000 r--s 0002a000 08:01 123973                     /home/runner/.m2/repository/org/junit/jupiter/junit-jupiter-api/5.8.2/junit-jupiter-api-5.8.2.jar
7f114e175000-7f114e178000 r--s 00006000 08:01 116360                     /home/runner/.m2/repository/com/google/code/findbugs/jsr305/3.0.0/jsr305-3.0.0.jar
7f114e178000-7f114e17a000 r--s 00002000 08:01 116607                     /home/runner/.m2/repository/com/github/spotbugs/spotbugs-annotations/3.1.12/spotbugs-annotations-3.1.12.jar
7f114e17a000-7f114e183000 r--s 00086000 08:01 118791                     /home/runner/.m2/repository/org/eclipse/jetty/jetty-util/9.4.51.v20230217/jetty-util-9.4.51.v20230217.jar
7f114e183000-7f114e187000 r--s 00029000 08:01 118806                     /home/runner/.m2/repository/org/eclipse/jetty/jetty-io/9.4.51.v20230217/jetty-io-9.4.51.v20230217.jar
7f114e187000-7f114e18b000 r--s 0001b000 08:01 122795                     /home/runner/.m2/repository/org/hamcrest/hamcrest/2.1/hamcrest-2.1.jar
7f114e18b000-7f114e18e000 r--s 00015000 08:01 118582                     /home/runner/.m2/repository/org/awaitility/awaitility/4.2.0/awaitility-4.2.0.jar
7f114e18e000-7f114e194000 r--s 036fe000 08:01 123709                     /home/runner/.m2/repository/org/rocksdb/rocksdbjni/7.7.3/rocksdbjni-7.7.3.jar
7f114e194000-7f114e196000 r--s 00006000 08:01 117101                     /home/runner/.m2/repository/io/grpc/grpc-context/1.51.1/grpc-context-1.51.1.jar
7f114e196000-7f114e19c000 r--s 0003a000 08:01 117059                     /home/runner/.m2/repository/io/grpc/grpc-api/1.51.1/grpc-api-1.51.1.jar
7f114e19c000-7f114e1af000 r--s 00156000 08:01 119808                     /home/runner/.m2/repository/org/apache/hadoop/thirdparty/hadoop-shaded-protobuf_3_7/1.1.1/hadoop-shaded-protobuf_3_7-1.1.1.jar
7f114e1af000-7f114e1b9000 r--s 000aa000 08:01 123886                     /home/runner/.m2/repository/org/javassist/javassist/3.21.0-GA/javassist-3.21.0-GA.jar
7f114e1b9000-7f114e1bc000 r--s 0001d000 08:01 123861                     /home/runner/.m2/repository/org/reflections/reflections/0.9.11/reflections-0.9.11.jar
7f114e1bc000-7f114e1c3000 r--s 0004b000 08:01 122917                     /home/runner/.m2/repository/org/yaml/snakeyaml/2.0/snakeyaml-2.0.jar
7f114e1c3000-7f114e1c4000 r--s 00002000 08:01 117113                     /home/runner/.m2/repository/io/opentracing/opentracing-noop/0.33.0/opentracing-noop-0.33.0.jar
7f114e1c4000-7f114e1c6000 r--s 00003000 08:01 117131                     /home/runner/.m2/repository/io/opentracing/opentracing-api/0.33.0/opentracing-api-0.33.0.jar
7f114e1c6000-7f114e1c7000 r--s 00001000 08:01 117137                     /home/runner/.m2/repository/io/opentracing/opentracing-util/0.33.0/opentracing-util-0.33.0.jar
7f114e1c7000-7f114e1c9000 r--s 00003000 08:01 123222                     /home/runner/.m2/repository/org/jetbrains/annotations/13.0/annotations-13.0.jar
7f114e1c9000-7f114e1d1000 r--s 00029000 08:01 123203                     /home/runner/.m2/repository/org/jetbrains/kotlin/kotlin-stdlib-common/1.6.21/kotlin-stdlib-common-1.6.21.jar
7f114e1d1000-7f114e1e6000 r--s 0015c000 08:01 123195                     /home/runner/.m2/repository/org/jetbrains/kotlin/kotlin-stdlib/1.6.21/kotlin-stdlib-1.6.21.jar
7f114e1e6000-7f114e1e7000 r--s 00001000 08:01 117129                     /home/runner/.m2/repository/io/opentracing/contrib/opentracing-tracerresolver/0.1.8/opentracing-tracerresolver-0.1.8.jar
7f114e1e7000-7f114e1e8000 r--s 00000000 08:01 117017                     /home/runner/.m2/repository/io/jaegertracing/jaeger-tracerresolver/1.6.0/jaeger-tracerresolver-1.6.0.jar
7f114e1e8000-7f114e1ee000 r--s 00037000 08:01 116330                     /home/runner/.m2/repository/com/google/code/gson/gson/2.9.0/gson-2.9.0.jar
7f114e1ee000-7f114e1f2000 r--s 00020000 08:01 117009                     /home/runner/.m2/repository/io/jaegertracing/jaeger-core/1.6.0/jaeger-core-1.6.0.jar
7f114e1f2000-7f114e1f3000 r--s 00000000 08:01 123201                     /home/runner/.m2/repository/org/jetbrains/kotlin/kotlin-stdlib-jdk7/1.8.0/kotlin-stdlib-jdk7-1.8.0.jar
7f114e1f3000-7f114e1f4000 r--s 00000000 08:01 123211                     /home/runner/.m2/repository/org/jetbrains/kotlin/kotlin-stdlib-jdk8/1.8.0/kotlin-stdlib-jdk8-1.8.0.jar
7f114e1f4000-7f114e1f7000 r--s 00055000 08:01 116040                     /home/runner/.m2/repository/com/squareup/okio/okio-jvm/3.4.0/okio-jvm-3.4.0.jar
7f114e1f7000-7f114e1f9000 r--s 00005000 08:01 116046                     /home/runner/.m2/repository/com/squareup/okio/okio/3.4.0/okio-3.4.0.jar
7f114e1f9000-7f114e202000 r--s 000b9000 08:01 116034                     /home/runner/.m2/repository/com/squareup/okhttp3/okhttp/4.9.3/okhttp-4.9.3.jar
7f114e202000-7f114e209000 r--s 00044000 08:01 120596                     /home/runner/.m2/repository/org/apache/thrift/libthrift/0.14.1/libthrift-0.14.1.jar
7f114e209000-7f114e218000 r--s 0009e000 08:01 117015                     /home/runner/.m2/repository/io/jaegertracing/jaeger-thrift/1.6.0/jaeger-thrift-1.6.0.jar
7f114e218000-7f114e219000 r--s 00000000 08:01 116997                     /home/runner/.m2/repository/io/jaegertracing/jaeger-client/1.6.0/jaeger-client-1.6.0.jar
7f114e219000-7f114e226000 r--s 00083000 08:01 115760                     /home/runner/.m2/repository/commons-collections/commons-collections/3.2.2/commons-collections-3.2.2.jar
7f114e226000-7f114e22a000 r--s 00020000 08:01 115725                     /home/runner/.m2/repository/commons-digester/commons-digester/1.8.1/commons-digester-1.8.1.jar
7f114e22a000-7f114e22f000 r--s 00038000 08:01 115676                     /home/runner/.m2/repository/commons-beanutils/commons-beanutils/1.9.4/commons-beanutils-1.9.4.jar
7f114e22f000-7f114e233000 r--s 0002a000 08:01 115650                     /home/runner/.m2/repository/commons-validator/commons-validator/1.6/commons-validator-1.6.jar
7f114e233000-7f114e2ad000 r--s 00536000 08:01 123536                     /home/runner/.m2/repository/org/bouncycastle/bcprov-jdk15on/1.67/bcprov-jdk15on-1.67.jar
7f114e2ad000-7f114e2c1000 r--s 000c5000 08:01 123530                     /home/runner/.m2/repository/org/bouncycastle/bcpkix-jdk15on/1.67/bcpkix-jdk15on-1.67.jar
7f114e2c1000-7f114e2c4000 r--s 0001d000 08:01 119265                     /home/runner/.m2/repository/org/apache/commons/commons-pool2/2.6.0/commons-pool2-2.6.0.jar
7f114e2c4000-7f114e2c7000 r--s 00020000 08:01 120427                     /home/runner/.m2/repository/org/apache/ratis/ratis-grpc/2.5.1/ratis-grpc-2.5.1.jar
7f114e2c7000-7f114e2ca000 r--s 0001a000 08:01 120498                     /home/runner/.m2/repository/org/apache/ratis/ratis-netty/2.5.1/ratis-netty-2.5.1.jar
7f114e2ca000-7f114e2cc000 r--s 00005000 08:01 120537                     /home/runner/.m2/repository/org/apache/ratis/ratis-metrics/2.5.1/ratis-metrics-2.5.1.jar
7f114e2cc000-7f114e2d0000 r--s 00014000 08:01 120443                     /home/runner/.m2/repository/org/apache/ratis/ratis-server-api/2.5.1/ratis-server-api-2.5.1.jar
7f114e2d0000-7f114e2d3000 r--s 0001a000 08:01 120405                     /home/runner/.m2/repository/org/apache/ratis/ratis-client/2.5.1/ratis-client-2.5.1.jar
7f114e2d3000-7f114e2da000 r--s 0004d000 08:01 120514                     /home/runner/.m2/repository/org/apache/ratis/ratis-common/2.5.1/ratis-common-2.5.1.jar
7f114e2da000-7f114e2eb000 r--s 00149000 08:01 120480                     /home/runner/.m2/repository/org/apache/ratis/ratis-proto/2.5.1/ratis-proto-2.5.1.jar
7f114e2eb000-7f114e3e3000 r--s 00f58000 08:01 120388                     /home/runner/.m2/repository/org/apache/ratis/ratis-thirdparty-misc/1.0.4/ratis-thirdparty-misc-1.0.4.jar
7f114e3e3000-7f114e3e9000 r--s 00068000 08:01 120563                     /home/runner/.m2/repository/org/apache/ratis/ratis-server/2.5.1/ratis-server-2.5.1.jar
7f114e3e9000-7f114e3ed000 r--s 0001e000 08:01 117175                     /home/runner/.m2/repository/io/dropwizard/metrics/metrics-core/3.2.4/metrics-core-3.2.4.jar
7f114e3ed000-7f114e3ef000 r--s 00005000 08:01 115567                     /home/runner/.m2/repository/javax/annotation/javax.annotation-api/1.2/javax.annotation-api-1.2.jar
7f114e3ef000-7f114e406000 r--s 0015f000 08:01 116718                     /home/runner/.m2/repository/com/fasterxml/jackson/core/jackson-databind/2.13.4.2/jackson-databind-2.13.4.2.jar
7f114e406000-7f114e40b000 r--s 00057000 08:01 116753                     /home/runner/.m2/repository/com/fasterxml/jackson/core/jackson-core/2.13.4/jackson-core-2.13.4.jar
7f114e40b000-7f114e40e000 r--s 0001b000 08:01 116815                     /home/runner/.m2/repository/com/fasterxml/jackson/datatype/jackson-datatype-jsr310/2.13.4/jackson-datatype-jsr310-2.13.4.jar
7f114e40e000-7f114e411000 r--s 00010000 08:01 116738                     /home/runner/.m2/repository/com/fasterxml/jackson/core/jackson-annotations/2.13.4/jackson-annotations-2.13.4.jar
7f114e411000-7f114e419000 r--s 0007b000 08:01 116447                     /home/runner/.m2/repository/com/google/protobuf/protobuf-java/2.5.0/protobuf-java-2.5.0.jar
7f114e419000-7f114e41f000 r--s 0005d000 08:01 124035                     /home/runner/.m2/repository/info/picocli/picocli/4.6.1/picocli-4.6.1.jar
7f114e41f000-7f114e46a000 r--s 005b9000 08:01 119738                     /home/runner/.m2/repository/org/apache/hadoop/hadoop-hdfs/3.3.6/hadoop-hdfs-3.3.6.jar
7f114e46a000-7f114e46d000 r--s 001de000 08:01 123501                     /home/runner/.m2/repository/org/xerial/snappy/snappy-java/1.1.8.2/snappy-java-1.1.8.2.jar
7f114e46d000-7f114e473000 r--s 0007a000 08:01 116857                     /home/runner/.m2/repository/com/fasterxml/woodstox/woodstox-core/5.4.0/woodstox-core-5.4.0.jar
7f114e473000-7f114e477000 r--s 0002c000 08:01 118312                     /home/runner/.m2/repository/org/codehaus/woodstox/stax2-api/4.2.1/stax2-api-4.2.1.jar
7f114e477000-7f114e479000 r--s 00017000 08:01 119619                     /home/runner/.m2/repository/org/apache/kerby/kerby-asn1/1.0.1/kerby-asn1-1.0.1.jar
7f114e479000-7f114e480000 r--s 0002b000 08:01 119638                     /home/runner/.m2/repository/org/apache/kerby/kerby-pkix/1.0.1/kerby-pkix-1.0.1.jar
7f114e480000-7f114e487000 r--s 00031000 08:01 119694                     /home/runner/.m2/repository/org/apache/kerby/kerb-core/1.0.1/kerb-core-1.0.1.jar
7f114e487000-7f114e489000 r--s 00018000 08:01 119869                     /home/runner/.m2/repository/org/apache/hadoop/hadoop-auth/3.3.6/hadoop-auth-3.3.6.jar
7f114e489000-7f114e48b000 r--s 0001e000 08:01 116379                     /home/runner/.m2/repository/com/google/re2j/re2j/1.1/re2j-1.1.jar
7f114e48b000-7f114e497000 r--s 0008b000 08:01 119200                     /home/runner/.m2/repository/org/apache/commons/commons-configuration2/2.1.1/commons-configuration2-2.1.1.jar
7f114e497000-7f114e499000 r--s 0000a000 08:01 124168                     /home/runner/.m2/repository/jakarta/activation/jakarta.activation-api/1.2.2/jakarta.activation-api-1.2.2.jar
7f114e499000-7f114e4a1000 r--s 00049000 08:01 119384                     /home/runner/.m2/repository/org/apache/httpcomponents/httpcore/4.4.13/httpcore-4.4.13.jar
7f114e4a1000-7f114e4ae000 r--s 000b2000 08:01 119356                     /home/runner/.m2/repository/org/apache/httpcomponents/httpclient/4.5.13/httpclient-4.5.13.jar
7f114e4ae000-7f114e4ff000 r--s 002e4000 08:01 119800                     /home/runner/.m2/repository/org/apache/hadoop/thirdparty/hadoop-shaded-guava/1.1.1/hadoop-shaded-guava-1.1.1.jar
7f114e4ff000-7f114e544000 r--s 0041f000 08:01 120037                     /home/runner/.m2/repository/org/apache/hadoop/hadoop-common/3.3.6/hadoop-common-3.3.6.jar
7f114e544000-7f114e5be000 r--s 01107000 08:01 4140548                    /usr/lib/jvm/temurin-8-jdk-amd64/lib/tools.jar
7f114e5be000-7f114e5c0000 r--s 00005000 08:01 119896                     /home/runner/.m2/repository/org/apache/hadoop/hadoop-annotations/3.3.6/hadoop-annotations-3.3.6.jar
7f114e5c0000-7f114e5c6000 r--s 00044000 08:01 120235                     /home/runner/.m2/repository/org/apache/logging/log4j/log4j-api/2.17.1/log4j-api-2.17.1.jar
7f114e5c6000-7f114e5c8000 r--s 00009000 08:01 122880                     /home/runner/.m2/repository/org/slf4j/slf4j-api/1.7.36/slf4j-api-1.7.36.jar
7f114e5c8000-7f114e5d0000 r--s 00072000 08:01 119289                     /home/runner/.m2/repository/org/apache/commons/commons-lang3/3.7/commons-lang3-3.7.jar
7f114e5d0000-7f114e5d7000 r--s 0004b000 08:01 124044                     /home/runner/.m2/repository/ch/qos/reload4j/reload4j/1.2.22/reload4j-1.2.22.jar
7f114e5d7000-7f114e5d9000 r--s 0000e000 08:01 115936                     /home/runner/.m2/repository/commons-logging/commons-logging/1.2/commons-logging-1.2.jar
7f114e5d9000-7f114e5df000 r--s 0004a000 08:01 115480                     /home/runner/.m2/repository/commons-io/commons-io/2.11.0/commons-io-2.11.0.jar
7f114e5df000-7f114e5e1000 r--s 00001000 08:01 116514                     /home/runner/.m2/repository/com/google/j2objc/j2objc-annotations/2.8/j2objc-annotations-2.8.jar
7f114e5e1000-7f114e5ed000 r--s 0002b000 08:01 123684                     /home/runner/.m2/repository/org/checkerframework/checker-qual/3.33.0/checker-qual-3.33.0.jar
7f114e5ed000-7f114e620000 r--s 002b2000 08:01 116279                     /home/runner/.m2/repository/com/google/guava/guava/32.0.0-jre/guava-32.0.0-jre.jar
7f114e620000-7f114e642000 r--s 001a5000 08:01 121771                     /home/runner/.m2/repository/org/apache/maven/surefire/surefire-shared-utils/3.0.0-M4/surefire-shared-utils-3.0.0-M4.jar
7f114e642000-7f114e645000 ---p 00000000 00:00 0 
7f114e645000-7f114e743000 rw-p 00000000 00:00 0 
7f114e743000-7f114e775000 r--p 00000000 08:01 6152                       /usr/lib/locale/C.UTF-8/LC_CTYPE
7f114e775000-7f114e8e8000 r--p 00000000 08:01 6151                       /usr/lib/locale/C.UTF-8/LC_COLLATE
7f114e8e8000-7f114ebce000 r--p 00000000 08:01 6146                       /usr/lib/locale/locale-archive
7f114ebce000-7f114ebd1000 ---p 00000000 00:00 0 
7f114ebd1000-7f114eccf000 rw-p 00000000 00:00 0 
7f114eccf000-7f114ecd2000 ---p 00000000 00:00 0 
7f114ecd2000-7f114edd0000 rw-p 00000000 00:00 0 
7f114edd0000-7f114edd1000 ---p 00000000 00:00 0 
7f114edd1000-7f114f828000 rw-p 00000000 00:00 0 
7f114f828000-7f114f9fa000 r--s 03cc6000 08:01 4140522                    /usr/lib/jvm/temurin-8-jdk-amd64/jre/lib/rt.jar
7f114f9fa000-7f114facb000 rw-p 00000000 00:00 0 
7f114facb000-7f114facc000 ---p 00000000 00:00 0 
7f114facc000-7f114fbcc000 rw-p 00000000 00:00 0 
7f114fbcc000-7f114fbcd000 ---p 00000000 00:00 0 
7f114fbcd000-7f114fcf2000 rw-p 00000000 00:00 0 
7f114fcf2000-7f1150223000 ---p 00000000 00:00 0 
7f1150223000-7f1150248000 rw-p 00000000 00:00 0 
7f1150248000-7f1150778000 ---p 00000000 00:00 0 
7f1150778000-7f1150799000 rw-p 00000000 00:00 0 
7f1150799000-7f1150a23000 ---p 00000000 00:00 0 
7f1150a23000-7f1150a3d000 rw-p 00000000 00:00 0 
7f1150a3d000-7f1150de4000 ---p 00000000 00:00 0 
7f1150de4000-7f1151414000 rwxp 00000000 00:00 0 
7f1151414000-7f115fde4000 ---p 00000000 00:00 0 
7f115fde4000-7f115fdff000 r-xp 00000000 08:01 4140463                    /usr/lib/jvm/temurin-8-jdk-amd64/jre/lib/amd64/libzip.so
7f115fdff000-7f115fffe000 ---p 0001b000 08:01 4140463                    /usr/lib/jvm/temurin-8-jdk-amd64/jre/lib/amd64/libzip.so
7f115fffe000-7f115ffff000 r--p 0001a000 08:01 4140463                    /usr/lib/jvm/temurin-8-jdk-amd64/jre/lib/amd64/libzip.so
7f115ffff000-7f1160000000 rw-p 0001b000 08:01 4140463                    /usr/lib/jvm/temurin-8-jdk-amd64/jre/lib/amd64/libzip.so
7f1160000000-7f1160e95000 rw-p 00000000 00:00 0 
7f1160e95000-7f1164000000 ---p 00000000 00:00 0 
7f1164000000-7f1164001000 r--s 00009000 08:01 119605                     /home/runner/.m2/repository/org/apache/kerby/kerby-util/1.0.1/kerby-util-1.0.1.jar
7f1164001000-7f1164003000 r--s 00002000 08:01 116178                     /home/runner/.m2/repository/com/google/errorprone/error_prone_annotations/2.2.0/error_prone_annotations-2.2.0.jar
7f1164003000-7f1164004000 r--s 00000000 08:01 116326                     /home/runner/.m2/repository/com/google/guava/listenablefuture/9999.0-empty-to-avoid-conflict-with-guava/listenablefuture-9999.0-empty-to-avoid-conflict-with-guava.jar
7f1164004000-7f1164006000 r--s 00000000 08:01 116265                     /home/runner/.m2/repository/com/google/guava/failureaccess/1.0.1/failureaccess-1.0.1.jar
7f1164006000-7f1164008000 r--s 00002000 08:01 121787                     /home/runner/.m2/repository/org/apache/maven/surefire/surefire-logger-api/3.0.0-M5/surefire-logger-api-3.0.0-M5.jar
7f1164008000-7f116400d000 r--s 0001f000 08:01 121781                     /home/runner/.m2/repository/org/apache/maven/surefire/surefire-api/3.0.0-M5/surefire-api-3.0.0-M5.jar
7f116400d000-7f1164010000 r--p 00000000 08:01 4772                       /usr/lib/x86_64-linux-gnu/libnss_files-2.31.so
7f1164010000-7f1164017000 r-xp 00003000 08:01 4772                       /usr/lib/x86_64-linux-gnu/libnss_files-2.31.so
7f1164017000-7f1164019000 r--p 0000a000 08:01 4772                       /usr/lib/x86_64-linux-gnu/libnss_files-2.31.so
7f1164019000-7f116401a000 r--p 0000b000 08:01 4772                       /usr/lib/x86_64-linux-gnu/libnss_files-2.31.so
7f116401a000-7f116401b000 rw-p 0000c000 08:01 4772                       /usr/lib/x86_64-linux-gnu/libnss_files-2.31.so
7f116401b000-7f1164021000 rw-p 00000000 00:00 0 
7f1164021000-7f1164022000 r--s 00001000 08:01 121804                     /home/runner/.m2/repository/org/apache/maven/surefire/surefire-extensions-spi/3.0.0-M5/surefire-extensions-spi-3.0.0-M5.jar
7f1164022000-7f1164024000 r--s 00018000 08:01 121799                     /home/runner/.m2/repository/org/apache/maven/surefire/surefire-booter/3.0.0-M5/surefire-booter-3.0.0-M5.jar
7f1164024000-7f1164025000 r--s 00002000 08:01 132960                     /home/runner/work/ozone/ozone/hadoop-hdds/rocks-native/target/surefire/surefirebooter2438897470261640125.jar
7f1164025000-7f1164026000 r--p 00000000 08:01 6157                       /usr/lib/locale/C.UTF-8/LC_NUMERIC
7f1164026000-7f1164027000 r--p 00000000 08:01 6160                       /usr/lib/locale/C.UTF-8/LC_TIME
7f1164027000-7f1164028000 r--p 00000000 08:01 6155                       /usr/lib/locale/C.UTF-8/LC_MONETARY
7f1164028000-7f1164029000 r--p 00000000 08:01 6149                       /usr/lib/locale/C.UTF-8/LC_MESSAGES/SYS_LC_MESSAGES
7f1164029000-7f1164030000 r--s 00000000 08:01 3769                       /usr/lib/x86_64-linux-gnu/gconv/gconv-modules.cache
7f1164030000-7f116403a000 r-xp 00000000 08:01 4140437                    /usr/lib/jvm/temurin-8-jdk-amd64/jre/lib/amd64/libinstrument.so
7f116403a000-7f1164239000 ---p 0000a000 08:01 4140437                    /usr/lib/jvm/temurin-8-jdk-amd64/jre/lib/amd64/libinstrument.so
7f1164239000-7f116423a000 r--p 00009000 08:01 4140437                    /usr/lib/jvm/temurin-8-jdk-amd64/jre/lib/amd64/libinstrument.so
7f116423a000-7f116423b000 rw-p 0000a000 08:01 4140437                    /usr/lib/jvm/temurin-8-jdk-amd64/jre/lib/amd64/libinstrument.so
7f116423b000-7f1164264000 r-xp 00000000 08:01 4140442                    /usr/lib/jvm/temurin-8-jdk-amd64/jre/lib/amd64/libjava.so
7f1164264000-7f1164463000 ---p 00029000 08:01 4140442                    /usr/lib/jvm/temurin-8-jdk-amd64/jre/lib/amd64/libjava.so
7f1164463000-7f1164464000 r--p 00028000 08:01 4140442                    /usr/lib/jvm/temurin-8-jdk-amd64/jre/lib/amd64/libjava.so
7f1164464000-7f1164466000 rw-p 00029000 08:01 4140442                    /usr/lib/jvm/temurin-8-jdk-amd64/jre/lib/amd64/libjava.so
7f1164466000-7f1164473000 r-xp 00000000 08:01 4140462                    /usr/lib/jvm/temurin-8-jdk-amd64/jre/lib/amd64/libverify.so
7f1164473000-7f1164672000 ---p 0000d000 08:01 4140462                    /usr/lib/jvm/temurin-8-jdk-amd64/jre/lib/amd64/libverify.so
7f1164672000-7f1164674000 r--p 0000c000 08:01 4140462                    /usr/lib/jvm/temurin-8-jdk-amd64/jre/lib/amd64/libverify.so
7f1164674000-7f1164675000 rw-p 0000e000 08:01 4140462                    /usr/lib/jvm/temurin-8-jdk-amd64/jre/lib/amd64/libverify.so
7f1164675000-7f1164677000 r--p 00000000 08:01 4779                       /usr/lib/x86_64-linux-gnu/librt-2.31.so
7f1164677000-7f116467b000 r-xp 00002000 08:01 4779                       /usr/lib/x86_64-linux-gnu/librt-2.31.so
7f116467b000-7f116467d000 r--p 00006000 08:01 4779                       /usr/lib/x86_64-linux-gnu/librt-2.31.so
7f116467d000-7f116467e000 r--p 00007000 08:01 4779                       /usr/lib/x86_64-linux-gnu/librt-2.31.so
7f116467e000-7f116467f000 rw-p 00008000 08:01 4779                       /usr/lib/x86_64-linux-gnu/librt-2.31.so
7f116467f000-7f1164680000 ---p 00000000 00:00 0 
7f1164680000-7f1164683000 ---p 00000000 00:00 0 
7f1164683000-7f1164780000 rw-p 00000000 00:00 0 
7f1164780000-7f116478d000 r--p 00000000 08:01 4766                       /usr/lib/x86_64-linux-gnu/libm-2.31.so
7f116478d000-7f1164834000 r-xp 0000d000 08:01 4766                       /usr/lib/x86_64-linux-gnu/libm-2.31.so
7f1164834000-7f11648cd000 r--p 000b4000 08:01 4766                       /usr/lib/x86_64-linux-gnu/libm-2.31.so
7f11648cd000-7f11648ce000 r--p 0014c000 08:01 4766                       /usr/lib/x86_64-linux-gnu/libm-2.31.so
7f11648ce000-7f11648cf000 rw-p 0014d000 08:01 4766                       /usr/lib/x86_64-linux-gnu/libm-2.31.so
7f11648cf000-7f1165632000 r-xp 00000000 08:01 4140466                    /usr/lib/jvm/temurin-8-jdk-amd64/jre/lib/amd64/server/libjvm.so
7f1165632000-7f1165832000 ---p 00d63000 08:01 4140466                    /usr/lib/jvm/temurin-8-jdk-amd64/jre/lib/amd64/server/libjvm.so
7f1165832000-7f11658c9000 r--p 00d63000 08:01 4140466                    /usr/lib/jvm/temurin-8-jdk-amd64/jre/lib/amd64/server/libjvm.so
7f11658c9000-7f11658f2000 rw-p 00dfa000 08:01 4140466                    /usr/lib/jvm/temurin-8-jdk-amd64/jre/lib/amd64/server/libjvm.so
7f11658f2000-7f1165927000 rw-p 00000000 00:00 0 
7f1165927000-7f1165949000 r--p 00000000 08:01 4761                       /usr/lib/x86_64-linux-gnu/libc-2.31.so
7f1165949000-7f1165ac1000 r-xp 00022000 08:01 4761                       /usr/lib/x86_64-linux-gnu/libc-2.31.so
7f1165ac1000-7f1165b0f000 r--p 0019a000 08:01 4761                       /usr/lib/x86_64-linux-gnu/libc-2.31.so
7f1165b0f000-7f1165b13000 r--p 001e7000 08:01 4761                       /usr/lib/x86_64-linux-gnu/libc-2.31.so
7f1165b13000-7f1165b15000 rw-p 001eb000 08:01 4761                       /usr/lib/x86_64-linux-gnu/libc-2.31.so
7f1165b15000-7f1165b19000 rw-p 00000000 00:00 0 
7f1165b19000-7f1165b1a000 r--p 00000000 08:01 4765                       /usr/lib/x86_64-linux-gnu/libdl-2.31.so
7f1165b1a000-7f1165b1c000 r-xp 00001000 08:01 4765                       /usr/lib/x86_64-linux-gnu/libdl-2.31.so
7f1165b1c000-7f1165b1d000 r--p 00003000 08:01 4765                       /usr/lib/x86_64-linux-gnu/libdl-2.31.so
7f1165b1d000-7f1165b1e000 r--p 00003000 08:01 4765                       /usr/lib/x86_64-linux-gnu/libdl-2.31.so
7f1165b1e000-7f1165b1f000 rw-p 00004000 08:01 4765                       /usr/lib/x86_64-linux-gnu/libdl-2.31.so
7f1165b1f000-7f1165b37000 r-xp 00000000 08:01 4140428                    /usr/lib/jvm/temurin-8-jdk-amd64/jre/lib/amd64/jli/libjli.so
7f1165b37000-7f1165d36000 ---p 00018000 08:01 4140428                    /usr/lib/jvm/temurin-8-jdk-amd64/jre/lib/amd64/jli/libjli.so
7f1165d36000-7f1165d37000 r--p 00017000 08:01 4140428                    /usr/lib/jvm/temurin-8-jdk-amd64/jre/lib/amd64/jli/libjli.so
7f1165d37000-7f1165d38000 rw-p 00018000 08:01 4140428                    /usr/lib/jvm/temurin-8-jdk-amd64/jre/lib/amd64/jli/libjli.so
7f1165d38000-7f1165d3e000 r--p 00000000 08:01 4777                       /usr/lib/x86_64-linux-gnu/libpthread-2.31.so
7f1165d3e000-7f1165d4f000 r-xp 00006000 08:01 4777                       /usr/lib/x86_64-linux-gnu/libpthread-2.31.so
7f1165d4f000-7f1165d55000 r--p 00017000 08:01 4777                       /usr/lib/x86_64-linux-gnu/libpthread-2.31.so
7f1165d55000-7f1165d56000 r--p 0001c000 08:01 4777                       /usr/lib/x86_64-linux-gnu/libpthread-2.31.so
7f1165d56000-7f1165d57000 rw-p 0001d000 08:01 4777                       /usr/lib/x86_64-linux-gnu/libpthread-2.31.so
7f1165d57000-7f1165d5b000 rw-p 00000000 00:00 0 
7f1165d5b000-7f1165d5c000 r--p 00000000 08:01 6158                       /usr/lib/locale/C.UTF-8/LC_PAPER
7f1165d5c000-7f1165d5d000 r--p 00000000 08:01 6156                       /usr/lib/locale/C.UTF-8/LC_NAME
7f1165d5d000-7f1165d5e000 r--p 00000000 08:01 6150                       /usr/lib/locale/C.UTF-8/LC_ADDRESS
7f1165d5e000-7f1165d5f000 r--p 00000000 08:01 6159                       /usr/lib/locale/C.UTF-8/LC_TELEPHONE
7f1165d5f000-7f1165d60000 r--p 00000000 08:01 6154                       /usr/lib/locale/C.UTF-8/LC_MEASUREMENT
7f1165d60000-7f1165d61000 r--p 00000000 08:01 6153                       /usr/lib/locale/C.UTF-8/LC_IDENTIFICATION
7f1165d61000-7f1165d69000 rw-s 00000000 08:01 132961                     /tmp/hsperfdata_runner/8027
7f1165d69000-7f1165d6c000 rw-p 00000000 00:00 0 
7f1165d6c000-7f1165d6d000 r--p 00000000 08:01 4745                       /usr/lib/x86_64-linux-gnu/ld-2.31.so
7f1165d6d000-7f1165d90000 r-xp 00001000 08:01 4745                       /usr/lib/x86_64-linux-gnu/ld-2.31.so
7f1165d90000-7f1165d98000 r--p 00024000 08:01 4745                       /usr/lib/x86_64-linux-gnu/ld-2.31.so
7f1165d98000-7f1165d99000 r--p 00000000 00:00 0 
7f1165d99000-7f1165d9a000 r--p 0002c000 08:01 4745                       /usr/lib/x86_64-linux-gnu/ld-2.31.so
7f1165d9a000-7f1165d9b000 rw-p 0002d000 08:01 4745                       /usr/lib/x86_64-linux-gnu/ld-2.31.so
7f1165d9b000-7f1165d9c000 rw-p 00000000 00:00 0 
7ffd59a23000-7ffd59a45000 rw-p 00000000 00:00 0                          [stack]
7ffd59b0c000-7ffd59b10000 r--p 00000000 00:00 0                          [vvar]
7ffd59b10000-7ffd59b12000 r-xp 00000000 00:00 0                          [vdso]
ffffffffff600000-ffffffffff601000 --xp 00000000 00:00 0                  [vsyscall]

VM Arguments:
jvm_args: -Xmx4096m -XX:+HeapDumpOnOutOfMemoryError -javaagent:/home/runner/.m2/repository/org/jacoco/org.jacoco.agent/0.8.5/org.jacoco.agent-0.8.5-runtime.jar=destfile=/home/runner/work/ozone/ozone/hadoop-hdds/rocks-native/target/jacoco.exec,includes=org.apache.hadoop.hdds.*:org.apache.hadoop.ozone.*:org.apache.hadoop.fs.ozone.* -Djava.library.path=/home/runner/work/ozone/ozone/hadoop-hdds/rocks-native/target/native/rocksdb 
java_command: /home/runner/work/ozone/ozone/hadoop-hdds/rocks-native/target/surefire/surefirebooter2438897470261640125.jar /home/runner/work/ozone/ozone/hadoop-hdds/rocks-native/target/surefire 2023-09-07T17-58-52_642-jvmRun1 surefire8426227071937742753tmp surefire_06212524464501282280tmp
java_class_path (initial): /home/runner/work/ozone/ozone/hadoop-hdds/rocks-native/target/surefire/surefirebooter2438897470261640125.jar:/home/runner/.m2/repository/org/jacoco/org.jacoco.agent/0.8.5/org.jacoco.agent-0.8.5-runtime.jar
Launcher Type: SUN_STANDARD

Environment Variables:
JAVA_HOME=/opt/hostedtoolcache/Java_Temurin-Hotspot_jdk/8.0.382-5/x64
PATH=/opt/hostedtoolcache/Java_Temurin-Hotspot_jdk/8.0.382-5/x64/bin:/home/runner/.local/bin:/opt/pipx_bin:/home/runner/.cargo/bin:/home/runner/.config/composer/vendor/bin:/usr/local/.ghcup/bin:/home/runner/.dotnet/tools:/snap/bin:/usr/local/sbin:/usr/local/bin:/usr/sbin:/usr/bin:/sbin:/bin:/usr/games:/usr/local/games:/snap/bin

Signal Handlers:
SIGSEGV: [libjvm.so+0xb3da20], sa_mask[0]=11111111011111111101111111111110, sa_flags=SA_RESTART|SA_SIGINFO
SIGBUS: [libjvm.so+0xb3da20], sa_mask[0]=11111111011111111101111111111110, sa_flags=SA_RESTART|SA_SIGINFO
SIGFPE: [libjvm.so+0x965910], sa_mask[0]=11111111011111111101111111111110, sa_flags=SA_RESTART|SA_SIGINFO
SIGPIPE: [libjvm.so+0x965910], sa_mask[0]=11111111011111111101111111111110, sa_flags=SA_RESTART|SA_SIGINFO
SIGXFSZ: [libjvm.so+0x965910], sa_mask[0]=11111111011111111101111111111110, sa_flags=SA_RESTART|SA_SIGINFO
SIGILL: [libjvm.so+0x965910], sa_mask[0]=11111111011111111101111111111110, sa_flags=SA_RESTART|SA_SIGINFO
SIGUSR1: SIG_DFL, sa_mask[0]=00000000000000000000000000000000, sa_flags=none
SIGUSR2: [libjvm.so+0x965ec0], sa_mask[0]=00100000000000000000000000000000, sa_flags=SA_RESTART|SA_SIGINFO
SIGHUP: [libjvm.so+0x965e00], sa_mask[0]=11111111011111111101111111111110, sa_flags=SA_RESTART|SA_SIGINFO
SIGINT: [libjvm.so+0x965e00], sa_mask[0]=11111111011111111101111111111110, sa_flags=SA_RESTART|SA_SIGINFO
SIGTERM: [libjvm.so+0x965e00], sa_mask[0]=11111111011111111101111111111110, sa_flags=SA_RESTART|SA_SIGINFO
SIGQUIT: [libjvm.so+0x965e00], sa_mask[0]=11111111011111111101111111111110, sa_flags=SA_RESTART|SA_SIGINFO


---------------  S Y S T E M  ---------------

OS:DISTRIB_ID=Ubuntu
DISTRIB_RELEASE=20.04
DISTRIB_CODENAME=focal
DISTRIB_DESCRIPTION="Ubuntu 20.04.6 LTS"

uname:Linux 5.15.0-1045-azure #52~20.04.1-Ubuntu SMP Fri Aug 18 13:12:32 UTC 2023 x86_64
libc:glibc 2.31 NPTL 2.31 
rlimit: STACK 16384k, CORE 0k, NPROC 27692, NOFILE 65536, AS infinity
load average:1.84 1.93 1.39

/proc/meminfo:
MemTotal:        7098420 kB
MemFree:         1395148 kB
MemAvailable:    4867924 kB
Buffers:          192572 kB
Cached:          3382588 kB
SwapCached:        18784 kB
Active:          1961432 kB
Inactive:        3321696 kB
Active(anon):      50904 kB
Inactive(anon):  1690192 kB
Active(file):    1910528 kB
Inactive(file):  1631504 kB
Unevictable:       29824 kB
Mlocked:           26752 kB
SwapTotal:       4194300 kB
SwapFree:        4147432 kB
Dirty:            465240 kB
Writeback:             0 kB
AnonPages:       1701652 kB
Mapped:           321088 kB
Shmem:             24784 kB
KReclaimable:     240024 kB
Slab:             308892 kB
SReclaimable:     240024 kB
SUnreclaim:        68868 kB
KernelStack:        4464 kB
PageTables:        10692 kB
NFS_Unstable:          0 kB
Bounce:                0 kB
WritebackTmp:          0 kB
CommitLimit:     7743508 kB
Committed_AS:    4858632 kB
VmallocTotal:   34359738367 kB
VmallocUsed:       34336 kB
VmallocChunk:          0 kB
Percpu:             1912 kB
HardwareCorrupted:     0 kB
AnonHugePages:   1214464 kB
ShmemHugePages:        0 kB
ShmemPmdMapped:        0 kB
FileHugePages:         0 kB
FilePmdMapped:         0 kB
HugePages_Total:       0
HugePages_Free:        0
HugePages_Rsvd:        0
HugePages_Surp:        0
Hugepagesize:       2048 kB
Hugetlb:               0 kB
DirectMap4k:      116672 kB
DirectMap2M:     3028992 kB
DirectMap1G:     6291456 kB

container (cgroup) information:
container_type: cgroupv1
cpu_cpuset_cpus: 0-1
cpu_memory_nodes: 0
active_processor_count: 2
cpu_quota: -1
cpu_period: 100000
cpu_shares: -1
memory_limit_in_bytes: -1
memory_and_swap_limit_in_bytes: -1
memory_soft_limit_in_bytes: -1
memory_usage_in_bytes: 5021384704
memory_max_usage_in_bytes: 6319910912


CPU:total 2 (initial active 2) (2 cores per cpu, 1 threads per core) family 6 model 85 stepping 4, cmov, cx8, fxsr, mmx, sse, sse2, sse3, ssse3, sse4.1, sse4.2, popcnt, avx, avx2, aes, clmul, erms, rtm, 3dnowpref, lzcnt, tsc, bmi1, bmi2, adx

/proc/cpuinfo:
processor	: 0
vendor_id	: GenuineIntel
cpu family	: 6
model		: 85
model name	: Intel(R) Xeon(R) Platinum 8171M CPU @ 2.60GHz
stepping	: 4
microcode	: 0xffffffff
cpu MHz		: 2095.170
cache size	: 36608 KB
physical id	: 0
siblings	: 2
core id		: 0
cpu cores	: 2
apicid		: 0
initial apicid	: 0
fpu		: yes
fpu_exception	: yes
cpuid level	: 21
wp		: yes
flags		: fpu vme de pse tsc msr pae mce cx8 apic sep mtrr pge mca cmov pat pse36 clflush mmx fxsr sse sse2 ss ht syscall nx pdpe1gb rdtscp lm constant_tsc rep_good nopl xtopology cpuid pni pclmulqdq ssse3 fma cx16 pcid sse4_1 sse4_2 movbe popcnt aes xsave avx f16c rdrand hypervisor lahf_lm abm 3dnowprefetch invpcid_single pti fsgsbase bmi1 hle avx2 smep bmi2 erms invpcid rtm avx512f avx512dq rdseed adx smap clflushopt avx512cd avx512bw avx512vl xsaveopt xsavec xsaves md_clear
bugs		: cpu_meltdown spectre_v1 spectre_v2 spec_store_bypass l1tf mds swapgs taa itlb_multihit mmio_stale_data retbleed gds
bogomips	: 4190.34
clflush size	: 64
cache_alignment	: 64
address sizes	: 46 bits physical, 48 bits virtual
power management:

processor	: 1
vendor_id	: GenuineIntel
cpu family	: 6
model		: 85
model name	: Intel(R) Xeon(R) Platinum 8171M CPU @ 2.60GHz
stepping	: 4
microcode	: 0xffffffff
cpu MHz		: 2095.170
cache size	: 36608 KB
physical id	: 0
siblings	: 2
core id		: 1
cpu cores	: 2
apicid		: 1
initial apicid	: 1
fpu		: yes
fpu_exception	: yes
cpuid level	: 21
wp		: yes
flags		: fpu vme de pse tsc msr pae mce cx8 apic sep mtrr pge mca cmov pat pse36 clflush mmx fxsr sse sse2 ss ht syscall nx pdpe1gb rdtscp lm constant_tsc rep_good nopl xtopology cpuid pni pclmulqdq ssse3 fma cx16 pcid sse4_1 sse4_2 movbe popcnt aes xsave avx f16c rdrand hypervisor lahf_lm abm 3dnowprefetch invpcid_single pti fsgsbase bmi1 hle avx2 smep bmi2 erms invpcid rtm avx512f avx512dq rdseed adx smap clflushopt avx512cd avx512bw avx512vl xsaveopt xsavec xsaves md_clear
bugs		: cpu_meltdown spectre_v1 spectre_v2 spec_store_bypass l1tf mds swapgs taa itlb_multihit mmio_stale_data retbleed gds
bogomips	: 4190.34
clflush size	: 64
cache_alignment	: 64
address sizes	: 46 bits physical, 48 bits virtual
power management:



Memory: 4k page, physical 7098420k(1395148k free), swap 4194300k(4147432k free)

vm_info: OpenJDK 64-Bit Server VM (25.382-b05) for linux-amd64 JRE (1.8.0_382-b05), built on Jul 19 2023 15:36:27 by "jenkins" with gcc 7.5.0

time: Thu Sep  7 18:15:03 2023
timezone: UTC
elapsed time: 2.351287 seconds (0d 0h 0m 2s)

