#
# A fatal error has been detected by the Java Runtime Environment:
#
#  SIGSEGV (0xb) at pc=0x00007fa62ee8d325, pid=7858, tid=0x00007fa608770700
#
# JRE version: OpenJDK Runtime Environment (8.0_382-b05) (build 1.8.0_382-b05)
# Java VM: OpenJDK 64-Bit Server VM (25.382-b05 mixed mode linux-amd64 compressed oops)
# Problematic frame:
# C  [libc.so.6+0x83325]  fwrite+0x25
#
# Failed to write core dump. Core dumps have been disabled. To enable core dumping, try "ulimit -c unlimited" before starting Java again
#
# If you would like to submit a bug report, please visit:
#   https://github.com/adoptium/adoptium-support/issues
# The crash happened outside the Java Virtual Machine in native code.
# See problematic frame for where to report the bug.
#

---------------  T H R E A D  ---------------

Current thread (0x00007fa628d46800):  JavaThread "snapshot-diff-manager-sst-dump-tool-TID-0" [_thread_in_native, id=7886, stack(0x00007fa608670000,0x00007fa608771000)]

siginfo: si_signo: 11 (SIGSEGV), si_code: 1 (SEGV_MAPERR), si_addr: 0x0000000000000000

Registers:
RAX=0x0000000000000000, RBX=0x0000000000000183, RCX=0x0000000000000000, RDX=0x0000000000000001
RSP=0x00007fa60876d830, RBP=0x0000000000000001, RSI=0x0000000000000004, RDI=0x00007fa60876d874
R8 =0x0000000000000000, R9 =0x00007fa614017960, R10=0x00007fa614014d60, R11=0x00007fa614017a63
R12=0x0000000000000004, R13=0x00007fa614017900, R14=0x000000000000018b, R15=0x00007fa614017900
RIP=0x00007fa62ee8d325, EFLAGS=0x0000000000010202, CSGSFS=0x002b000000000033, ERR=0x0000000000000004
  TRAPNO=0x000000000000000e

Top of Stack: (sp=0x00007fa60876d830)
0x00007fa60876d830:   0000000000000306 0000000000000183
0x00007fa60876d840:   00007fa60876d880 0000000000000000
0x00007fa60876d850:   00007fa614017900 000000000000018b
0x00007fa60876d860:   00007fa614017900 00007fa60918f6e6
0x00007fa60876d870:   830100000876d980 78eb1f27a0422c00
0x00007fa60876d880:   00007fa60876d8b0 00007fa60918f723
0x00007fa60876d890:   00007fa60876da00 00007fa60876d960
0x00007fa60876d8a0:   0000000000000000 00007fa60876dc20
0x00007fa60876d8b0:   00007fa60876d8d0 00007fa60918f806
0x00007fa60876d8c0:   00007fa60876de20 00007fa614017050
0x00007fa60876d8d0:   00007fa60876da60 00007fa609192488
0x00007fa60876d8e0:   0000000000000000 00007fa628d47850
0x00007fa60876d8f0:   00007fa628d2d540 000101a614013230
0x00007fa60876d900:   ffffffffffffffff 0000000000000001
0x00007fa60876d910:   00007fa61402721d 0000000000000000
0x00007fa60876d920:   0000000000000000 0000000000000000
0x00007fa60876d930:   000000000000ff01 00007ffffffffff2
0x00007fa60876d940:   0000000000000000 0000000100000000
0x00007fa60876d950:   fffffff8ffffff00 0000000000000000
0x00007fa60876d960:   00007fa614017900 0000000000000183
0x00007fa60876d970:   0000000000000000 0000000100000000
0x00007fa60876d980:   00007fa6140164e0 000000000000018b
0x00007fa60876d990:   00ffffffffffffff 0000000000000016
0x00007fa60876d9a0:   0000000000000000 0000000000000000
0x00007fa60876d9b0:   0000000010000000 0000000000000000
0x00007fa60876d9c0:   0000000000000000 00007fa614013270
0x00007fa60876d9d0:   00007fa614034450 0000000000000000
0x00007fa60876d9e0:   0000000000000029 00007fa614044de0
0x00007fa60876d9f0:   00007fa614014e70 00007fa608a80b29
0x00007fa60876da00:   00007fa6140164e0 000000000000018b
0x00007fa60876da10:   0000000000000306 00007fa60876da80
0x00007fa60876da20:   0000000000000000 78eb1f27a0422c00 

Instructions: (pc=0x00007fa62ee8d325)
0x00007fa62ee8d305:   57 41 56 41 55 41 54 49 89 f4 55 4c 0f af e2 53
0x00007fa62ee8d315:   48 83 ec 08 4d 85 e4 0f 84 e7 00 00 00 48 89 d5
0x00007fa62ee8d325:   8b 11 49 89 fe 49 89 f5 48 89 cb 81 e2 00 80 00
0x00007fa62ee8d335:   00 75 3d 48 8b b9 88 00 00 00 64 4c 8b 3c 25 10 

Register to memory mapping:

RAX=0x0000000000000000 is an unknown value
RBX=0x0000000000000183 is an unknown value
RCX=0x0000000000000000 is an unknown value
RDX=0x0000000000000001 is an unknown value
RSP=0x00007fa60876d830 is pointing into the stack for thread: 0x00007fa628d46800
RBP=0x0000000000000001 is an unknown value
RSI=0x0000000000000004 is an unknown value
RDI=0x00007fa60876d874 is pointing into the stack for thread: 0x00007fa628d46800
R8 =0x0000000000000000 is an unknown value
R9 =0x00007fa614017960 is an unknown value
R10=0x00007fa614014d60 is an unknown value
R11=0x00007fa614017a63 is an unknown value
R12=0x0000000000000004 is an unknown value
R13=0x00007fa614017900 is an unknown value
R14=0x000000000000018b is an unknown value
R15=0x00007fa614017900 is an unknown value


Stack: [0x00007fa608670000,0x00007fa608771000],  sp=0x00007fa60876d830,  free space=1014k
Native frames: (J=compiled Java code, j=interpreted, Vv=VM code, C=native code)
C  [libc.so.6+0x83325]  fwrite+0x25

Java frames: (J=compiled Java code, j=interpreted, Vv=VM code)
j  org.apache.hadoop.hdds.utils.db.managed.ManagedSSTDumpTool.runInternal([Ljava/lang/String;JJ)I+0
j  org.apache.hadoop.hdds.utils.db.managed.ManagedSSTDumpTool.lambda$run$0([Ljava/lang/String;Lorg/apache/hadoop/hdds/utils/db/managed/ManagedOptions;Lorg/apache/hadoop/hdds/utils/db/managed/PipeInputStream;)Ljava/lang/Integer;+27
j  org.apache.hadoop.hdds.utils.db.managed.ManagedSSTDumpTool$$Lambda$490.call()Ljava/lang/Object;+16
j  java.util.concurrent.FutureTask.run()V+42
j  java.util.concurrent.ThreadPoolExecutor.runWorker(Ljava/util/concurrent/ThreadPoolExecutor$Worker;)V+95
j  java.util.concurrent.ThreadPoolExecutor$Worker.run()V+5
j  java.lang.Thread.run()V+11
v  ~StubRoutines::call_stub

---------------  P R O C E S S  ---------------

Java Threads: ( => current thread )
=>0x00007fa628d46800 JavaThread "snapshot-diff-manager-sst-dump-tool-TID-0" [_thread_in_native, id=7886, stack(0x00007fa608670000,0x00007fa608771000)]
  0x00007fa628cb7000 JavaThread "process reaper" daemon [_thread_blocked, id=7874, stack(0x00007fa608782000,0x00007fa6087bb000)]
  0x00007fa628869000 JavaThread "surefire-forkedjvm-command-thread" daemon [_thread_in_native, id=7872, stack(0x00007fa609a04000,0x00007fa609b05000)]
  0x00007fa628774000 JavaThread "Service Thread" daemon [_thread_blocked, id=7870, stack(0x00007fa609e10000,0x00007fa609f11000)]
  0x00007fa628780000 JavaThread "C1 CompilerThread1" daemon [_thread_blocked, id=7869, stack(0x00007fa609f12000,0x00007fa60a012000)]
  0x00007fa6287a0000 JavaThread "C2 CompilerThread0" daemon [_thread_in_native, id=7868, stack(0x00007fa60a013000,0x00007fa60a113000)]
  0x00007fa628140000 JavaThread "Signal Dispatcher" daemon [_thread_blocked, id=7867, stack(0x00007fa60aa9e000,0x00007fa60ab9f000)]
  0x00007fa62810b000 JavaThread "Finalizer" daemon [_thread_in_Java, id=7866, stack(0x00007fa60aff8000,0x00007fa60b0f9000)]
  0x00007fa628106800 JavaThread "Reference Handler" daemon [_thread_blocked, id=7865, stack(0x00007fa60b0f9000,0x00007fa60b1fa000)]
  0x00007fa62800c000 JavaThread "main" [_thread_in_native, id=7861, stack(0x00007fa62db63000,0x00007fa62dc63000)]

Other Threads:
  0x00007fa6280fc800 VMThread [stack: 0x00007fa60b1fb000,0x00007fa60b2fb000] [id=7864]
  0x00007fa628807000 WatcherThread [stack: 0x00007fa609d10000,0x00007fa609e10000] [id=7871]

VM state:not at safepoint (normal execution)

VM Mutex/Monitor currently owned by a thread: None

heap address: 0x00000006c0000000, size: 4096 MB, Compressed Oops mode: Zero based, Oop shift amount: 3
Narrow klass base: 0x0000000000000000, Narrow klass shift: 3
Compressed class space size: 1073741824 Address: 0x00000007c0000000

Heap:
 PSYoungGen      total 60928K, used 6831K [0x000000076ab00000, 0x000000076eb00000, 0x00000007c0000000)
  eden space 56320K, 3% used [0x000000076ab00000,0x000000076ad31550,0x000000076e200000)
  from space 4608K, 99% used [0x000000076e680000,0x000000076eafa778,0x000000076eb00000)
  to   space 4608K, 0% used [0x000000076e200000,0x000000076e200000,0x000000076e680000)
 ParOldGen       total 75264K, used 72K [0x00000006c0000000, 0x00000006c4980000, 0x000000076ab00000)
  object space 75264K, 0% used [0x00000006c0000000,0x00000006c0012010,0x00000006c4980000)
 Metaspace       used 14344K, capacity 15848K, committed 16000K, reserved 1062912K
  class space    used 1844K, capacity 2148K, committed 2176K, reserved 1048576K

Card table byte_map: [0x00007fa62c713000,0x00007fa62cf14000] byte_map_base: 0x00007fa629113000

Marking Bits: (ParMarkBitMap*) 0x00007fa62edeb740
 Begin Bits: [0x00007fa60c000000, 0x00007fa610000000)
 End Bits:   [0x00007fa610000000, 0x00007fa614000000)

Polling page: 0x00007fa62f27b000

CodeCache: size=245760Kb used=5002Kb max_used=5012Kb free=240757Kb
 bounds [0x00007fa619000000, 0x00007fa6194f0000, 0x00007fa628000000]
 total_blobs=1981 nmethods=1558 adapters=336
 compilation: enabled

Compilation events (10 events):
Event: 1.460 Thread 0x00007fa6287a0000 nmethod 1487 0x00007fa6194e48d0 code [0x00007fa6194e4a60, 0x00007fa6194e4de8]
Event: 1.460 Thread 0x00007fa6287a0000 1555   !   4       java.io.InputStream::read (109 bytes)
Event: 1.468 Thread 0x00007fa628780000 1560       1       java.util.HashMap::afterNodeRemoval (1 bytes)
Event: 1.468 Thread 0x00007fa628780000 nmethod 1560 0x00007fa6194d7a90 code [0x00007fa6194d7be0, 0x00007fa6194d7cf0]
Event: 1.469 Thread 0x00007fa6287a0000 nmethod 1555 0x00007fa6194d4e10 code [0x00007fa6194d5020, 0x00007fa6194d5a90]
Event: 1.469 Thread 0x00007fa6287a0000 1464       4       java.util.regex.Matcher::match (109 bytes)
Event: 1.479 Thread 0x00007fa628780000 1561       1       java.util.stream.AbstractPipeline::isParallel (8 bytes)
Event: 1.479 Thread 0x00007fa6287a0000 nmethod 1464 0x00007fa6194e55d0 code [0x00007fa6194e5720, 0x00007fa6194e58b8]
Event: 1.479 Thread 0x00007fa628780000 nmethod 1561 0x00007fa6194d4b10 code [0x00007fa6194d4c60, 0x00007fa6194d4d70]
Event: 1.479 Thread 0x00007fa6287a0000 1559       4       org.apache.hadoop.hdds.utils.db.managed.ManagedSSTDumpIterator::$jacocoInit (53 bytes)

GC Heap History (8 events):
Event: 0.494 GC heap before
{Heap before GC invocations=1 (full 0):
 PSYoungGen      total 32768K, used 28160K [0x000000076ab00000, 0x000000076cf80000, 0x00000007c0000000)
  eden space 28160K, 100% used [0x000000076ab00000,0x000000076c680000,0x000000076c680000)
  from space 4608K, 0% used [0x000000076cb00000,0x000000076cb00000,0x000000076cf80000)
  to   space 4608K, 0% used [0x000000076c680000,0x000000076c680000,0x000000076cb00000)
 ParOldGen       total 75264K, used 0K [0x00000006c0000000, 0x00000006c4980000, 0x000000076ab00000)
  object space 75264K, 0% used [0x00000006c0000000,0x00000006c0000000,0x00000006c4980000)
 Metaspace       used 6896K, capacity 7144K, committed 7296K, reserved 1056768K
  class space    used 800K, capacity 864K, committed 896K, reserved 1048576K
Event: 0.498 GC heap after
Heap after GC invocations=1 (full 0):
 PSYoungGen      total 32768K, used 2902K [0x000000076ab00000, 0x000000076cf80000, 0x00000007c0000000)
  eden space 28160K, 0% used [0x000000076ab00000,0x000000076ab00000,0x000000076c680000)
  from space 4608K, 62% used [0x000000076c680000,0x000000076c9559f8,0x000000076cb00000)
  to   space 4608K, 0% used [0x000000076cb00000,0x000000076cb00000,0x000000076cf80000)
 ParOldGen       total 75264K, used 8K [0x00000006c0000000, 0x00000006c4980000, 0x000000076ab00000)
  object space 75264K, 0% used [0x00000006c0000000,0x00000006c0002000,0x00000006c4980000)
 Metaspace       used 6896K, capacity 7144K, committed 7296K, reserved 1056768K
  class space    used 800K, capacity 864K, committed 896K, reserved 1048576K
}
Event: 0.687 GC heap before
{Heap before GC invocations=2 (full 0):
 PSYoungGen      total 32768K, used 31062K [0x000000076ab00000, 0x000000076cf80000, 0x00000007c0000000)
  eden space 28160K, 100% used [0x000000076ab00000,0x000000076c680000,0x000000076c680000)
  from space 4608K, 62% used [0x000000076c680000,0x000000076c9559f8,0x000000076cb00000)
  to   space 4608K, 0% used [0x000000076cb00000,0x000000076cb00000,0x000000076cf80000)
 ParOldGen       total 75264K, used 8K [0x00000006c0000000, 0x00000006c4980000, 0x000000076ab00000)
  object space 75264K, 0% used [0x00000006c0000000,0x00000006c0002000,0x00000006c4980000)
 Metaspace       used 9396K, capacity 9902K, committed 9984K, reserved 1058816K
  class space    used 1148K, capacity 1277K, committed 1280K, reserved 1048576K
Event: 0.692 GC heap after
Heap after GC invocations=2 (full 0):
 PSYoungGen      total 32768K, used 3178K [0x000000076ab00000, 0x000000076eb00000, 0x00000007c0000000)
  eden space 28160K, 0% used [0x000000076ab00000,0x000000076ab00000,0x000000076c680000)
  from space 4608K, 68% used [0x000000076cb00000,0x000000076ce1abb8,0x000000076cf80000)
  to   space 4608K, 0% used [0x000000076c680000,0x000000076c680000,0x000000076cb00000)
 ParOldGen       total 75264K, used 24K [0x00000006c0000000, 0x00000006c4980000, 0x000000076ab00000)
  object space 75264K, 0% used [0x00000006c0000000,0x00000006c0006000,0x00000006c4980000)
 Metaspace       used 9396K, capacity 9902K, committed 9984K, reserved 1058816K
  class space    used 1148K, capacity 1277K, committed 1280K, reserved 1048576K
}
Event: 0.906 GC heap before
{Heap before GC invocations=3 (full 0):
 PSYoungGen      total 32768K, used 31338K [0x000000076ab00000, 0x000000076eb00000, 0x00000007c0000000)
  eden space 28160K, 100% used [0x000000076ab00000,0x000000076c680000,0x000000076c680000)
  from space 4608K, 68% used [0x000000076cb00000,0x000000076ce1abb8,0x000000076cf80000)
  to   space 4608K, 0% used [0x000000076c680000,0x000000076c680000,0x000000076cb00000)
 ParOldGen       total 75264K, used 24K [0x00000006c0000000, 0x00000006c4980000, 0x000000076ab00000)
  object space 75264K, 0% used [0x00000006c0000000,0x00000006c0006000,0x00000006c4980000)
 Metaspace       used 11488K, capacity 12726K, committed 12800K, reserved 1060864K
  class space    used 1507K, capacity 1763K, committed 1792K, reserved 1048576K
Event: 0.909 GC heap after
Heap after GC invocations=3 (full 0):
 PSYoungGen      total 32768K, used 3443K [0x000000076ab00000, 0x000000076eb00000, 0x00000007c0000000)
  eden space 28160K, 0% used [0x000000076ab00000,0x000000076ab00000,0x000000076c680000)
  from space 4608K, 74% used [0x000000076c680000,0x000000076c9dcf70,0x000000076cb00000)
  to   space 4608K, 0% used [0x000000076e680000,0x000000076e680000,0x000000076eb00000)
 ParOldGen       total 75264K, used 32K [0x00000006c0000000, 0x00000006c4980000, 0x000000076ab00000)
  object space 75264K, 0% used [0x00000006c0000000,0x00000006c0008000,0x00000006c4980000)
 Metaspace       used 11488K, capacity 12726K, committed 12800K, reserved 1060864K
  class space    used 1507K, capacity 1763K, committed 1792K, reserved 1048576K
}
Event: 1.470 GC heap before
{Heap before GC invocations=4 (full 0):
 PSYoungGen      total 32768K, used 31603K [0x000000076ab00000, 0x000000076eb00000, 0x00000007c0000000)
  eden space 28160K, 100% used [0x000000076ab00000,0x000000076c680000,0x000000076c680000)
  from space 4608K, 74% used [0x000000076c680000,0x000000076c9dcf70,0x000000076cb00000)
  to   space 4608K, 0% used [0x000000076e680000,0x000000076e680000,0x000000076eb00000)
 ParOldGen       total 75264K, used 32K [0x00000006c0000000, 0x00000006c4980000, 0x000000076ab00000)
  object space 75264K, 0% used [0x00000006c0000000,0x00000006c0008000,0x00000006c4980000)
 Metaspace       used 14344K, capacity 15848K, committed 16000K, reserved 1062912K
  class space    used 1844K, capacity 2148K, committed 2176K, reserved 1048576K
Event: 1.477 GC heap after
Heap after GC invocations=4 (full 0):
 PSYoungGen      total 60928K, used 4585K [0x000000076ab00000, 0x000000076eb00000, 0x00000007c0000000)
  eden space 56320K, 0% used [0x000000076ab00000,0x000000076ab00000,0x000000076e200000)
  from space 4608K, 99% used [0x000000076e680000,0x000000076eafa778,0x000000076eb00000)
  to   space 4608K, 0% used [0x000000076e200000,0x000000076e200000,0x000000076e680000)
 ParOldGen       total 75264K, used 72K [0x00000006c0000000, 0x00000006c4980000, 0x000000076ab00000)
  object space 75264K, 0% used [0x00000006c0000000,0x00000006c0012010,0x00000006c4980000)
 Metaspace       used 14344K, capacity 15848K, committed 16000K, reserved 1062912K
  class space    used 1844K, capacity 2148K, committed 2176K, reserved 1048576K
}

Deoptimization events (10 events):
Event: 1.053 Thread 0x00007fa62800c000 Uncommon trap: reason=unstable_if action=reinterpret pc=0x00007fa6192d953c method=sun.reflect.generics.parser.SignatureParser.current()C @ 39
Event: 1.071 Thread 0x00007fa62800c000 Uncommon trap: reason=unstable_if action=reinterpret pc=0x00007fa6191ba440 method=java.lang.AbstractStringBuilder.append(Ljava/lang/String;)Ljava/lang/AbstractStringBuilder; @ 1
Event: 1.071 Thread 0x00007fa62800c000 Uncommon trap: reason=unstable_if action=reinterpret pc=0x00007fa61918c044 method=java.lang.AbstractStringBuilder.append(Ljava/lang/String;)Ljava/lang/AbstractStringBuilder; @ 1
Event: 1.156 Thread 0x00007fa62800c000 Uncommon trap: reason=unstable_if action=reinterpret pc=0x00007fa6193fb904 method=java.lang.StringCoding$StringEncoder.encode([CII)[B @ 20
Event: 1.319 Thread 0x00007fa62800c000 Uncommon trap: reason=unstable_if action=reinterpret pc=0x00007fa619147b5c method=sun.nio.cs.UTF_8$Encoder.encode([CII[B)I @ 33
Event: 1.319 Thread 0x00007fa62800c000 Uncommon trap: reason=unstable_if action=reinterpret pc=0x00007fa61913b77c method=sun.nio.cs.UTF_8$Encoder.encode([CII[B)I @ 33
Event: 1.384 Thread 0x00007fa62800c000 Uncommon trap: reason=unstable_if action=reinterpret pc=0x00007fa61928a184 method=sun.nio.cs.UTF_8$Decoder.decode([BII[C)I @ 30
Event: 1.388 Thread 0x00007fa62800c000 Uncommon trap: reason=unstable_if action=reinterpret pc=0x00007fa61923b284 method=sun.nio.cs.UTF_8$Decoder.decode([BII[C)I @ 30
Event: 1.478 Thread 0x00007fa62810b000 Uncommon trap: reason=unstable_if action=reinterpret pc=0x00007fa6194689c0 method=java.lang.ThreadLocal.get()Ljava/lang/Object; @ 11
Event: 1.479 Thread 0x00007fa62800c000 Uncommon trap: reason=unstable_if action=reinterpret pc=0x00007fa6194d57ec method=org.apache.hadoop.hdds.utils.db.managed.PipeInputStream.read()I @ 76

Classes redefined (0 events):
No events

Internal exceptions (10 events):
Event: 1.383 Thread 0x00007fa62800c000 Exception <a 'java/lang/NullPointerException'> (0x000000076c1cc258) thrown at [/home/jenkins/workspace/build-scripts/jobs/release/jobs/jdk8u/jdk8u-release-linux-x64-temurin/workspace/build/src/hotspot/src/share/vm/runtime/sharedRuntime.cpp, line 609]
Event: 1.383 Thread 0x00007fa62800c000 Implicit null exception at 0x00007fa619204db8 to 0x00007fa6192055ce
Event: 1.383 Thread 0x00007fa62800c000 Exception <a 'java/lang/NullPointerException'> (0x000000076c1d12d0) thrown at [/home/jenkins/workspace/build-scripts/jobs/release/jobs/jdk8u/jdk8u-release-linux-x64-temurin/workspace/build/src/hotspot/src/share/vm/runtime/sharedRuntime.cpp, line 609]
Event: 1.383 Thread 0x00007fa62800c000 Implicit null exception at 0x00007fa619204db8 to 0x00007fa6192055ce
Event: 1.383 Thread 0x00007fa62800c000 Exception <a 'java/lang/NullPointerException'> (0x000000076c1d6998) thrown at [/home/jenkins/workspace/build-scripts/jobs/release/jobs/jdk8u/jdk8u-release-linux-x64-temurin/workspace/build/src/hotspot/src/share/vm/runtime/sharedRuntime.cpp, line 609]
Event: 1.478 Thread 0x00007fa62810b000 Implicit null exception at 0x00007fa619468333 to 0x00007fa6194689a9
Event: 1.479 Thread 0x00007fa62810b000 Exception <a 'java/io/IOException'> (0x000000076ac2a858) thrown at [/home/jenkins/workspace/build-scripts/jobs/release/jobs/jdk8u/jdk8u-release-linux-x64-temurin/workspace/build/src/hotspot/src/share/vm/prims/jni.cpp, line 709]
Event: 1.479 Thread 0x00007fa62810b000 Exception <a 'java/security/PrivilegedActionException'> (0x000000076ac2ac80) thrown at [/home/jenkins/workspace/build-scripts/jobs/release/jobs/jdk8u/jdk8u-release-linux-x64-temurin/workspace/build/src/hotspot/src/share/vm/prims/jvm.cpp, line 1514]
Event: 1.479 Thread 0x00007fa62810b000 Exception <a 'java/lang/NoClassDefFoundError': org/apache/hadoop/hdds/utils/db/managed/ManagedRocksObjectMetrics> (0x000000076ac2af40) thrown at [/home/jenkins/workspace/build-scripts/jobs/release/jobs/jdk8u/jdk8u-release-linux-x64-temurin/workspace/build
Event: 1.479 Thread 0x00007fa62810b000 Exception <a 'java/lang/NoClassDefFoundError': org/apache/hadoop/hdds/utils/db/managed/ManagedRocksObjectMetrics> (0x000000076ac2b1f8) thrown at [/home/jenkins/workspace/build-scripts/jobs/release/jobs/jdk8u/jdk8u-release-linux-x64-temurin/workspace/build

Events (10 events):
Event: 1.478 loading class org/apache/hadoop/hdds/utils/db/managed/ManagedRocksObjectMetrics
Event: 1.478 loading class org/apache/hadoop/hdds/utils/db/managed/ManagedRocksObjectMetrics done
Event: 1.478 Thread 0x00007fa62810b000 Uncommon trap: trap_request=0xffffff65 fr.pc=0x00007fa6194689c0
Event: 1.478 Thread 0x00007fa62810b000 DEOPT PACKING pc=0x00007fa6194689c0 sp=0x00007fa60b0f5570
Event: 1.478 Thread 0x00007fa62810b000 DEOPT UNPACKING pc=0x00007fa61904547a sp=0x00007fa60b0f53f8 mode 2
Event: 1.479 loading class org/apache/hadoop/hdds/utils/db/managed/ManagedRocksObjectUtils
Event: 1.479 loading class org/apache/hadoop/hdds/utils/db/managed/ManagedRocksObjectUtils done
Event: 1.479 Thread 0x00007fa62800c000 Uncommon trap: trap_request=0xffffff65 fr.pc=0x00007fa6194d57ec
Event: 1.479 Thread 0x00007fa62800c000 DEOPT PACKING pc=0x00007fa6194d57ec sp=0x00007fa62dc5d1e0
Event: 1.479 Thread 0x00007fa62800c000 DEOPT UNPACKING pc=0x00007fa61904547a sp=0x00007fa62dc5d138 mode 2


Dynamic libraries:
6c0000000-6c4980000 rw-p 00000000 00:00 0 
6c4980000-76ab00000 ---p 00000000 00:00 0 
76ab00000-76eb00000 rw-p 00000000 00:00 0 
76eb00000-7c0000000 ---p 00000000 00:00 0 
7c0000000-7c0220000 rw-p 00000000 00:00 0 
7c0220000-800000000 ---p 00000000 00:00 0 
55b527c00000-55b527c01000 r-xp 00000000 08:11 1104364                    /usr/lib/jvm/temurin-8-jdk-amd64/jre/bin/java
55b527e00000-55b527e01000 r--p 00000000 08:11 1104364                    /usr/lib/jvm/temurin-8-jdk-amd64/jre/bin/java
55b527e01000-55b527e02000 rw-p 00001000 08:11 1104364                    /usr/lib/jvm/temurin-8-jdk-amd64/jre/bin/java
55b529344000-55b52971a000 rw-p 00000000 00:00 0                          [heap]
7fa603365000-7fa603dcd000 r-xp 00000000 08:11 65177                      /tmp/librocksdbjni2771719557298591902.so
7fa603dcd000-7fa603fcd000 ---p 00a68000 08:11 65177                      /tmp/librocksdbjni2771719557298591902.so
7fa603fcd000-7fa603fec000 r--p 00a68000 08:11 65177                      /tmp/librocksdbjni2771719557298591902.so
7fa603fec000-7fa603ff9000 rw-p 00a87000 08:11 65177                      /tmp/librocksdbjni2771719557298591902.so
7fa603ff9000-7fa604000000 rw-p 00000000 00:00 0 
7fa604000000-7fa6044f7000 rw-p 00000000 00:00 0 
7fa6044f7000-7fa608000000 ---p 00000000 00:00 0 
7fa608670000-7fa608673000 ---p 00000000 00:00 0 
7fa608673000-7fa608771000 rw-p 00000000 00:00 0 
7fa608771000-7fa608782000 r--s 001c5000 08:11 1104458                    /usr/lib/jvm/temurin-8-jdk-amd64/jre/lib/jsse.jar
7fa608782000-7fa608785000 ---p 00000000 00:00 0 
7fa608785000-7fa60893b000 rw-p 00000000 00:00 0 
7fa60893b000-7fa6089bb000 ---p 00000000 00:00 0 
7fa6089bb000-7fa6089be000 r--p 00000000 08:11 4763                       /usr/lib/x86_64-linux-gnu/libgcc_s.so.1
7fa6089be000-7fa6089d0000 r-xp 00003000 08:11 4763                       /usr/lib/x86_64-linux-gnu/libgcc_s.so.1
7fa6089d0000-7fa6089d4000 r--p 00015000 08:11 4763                       /usr/lib/x86_64-linux-gnu/libgcc_s.so.1
7fa6089d4000-7fa6089d5000 r--p 00018000 08:11 4763                       /usr/lib/x86_64-linux-gnu/libgcc_s.so.1
7fa6089d5000-7fa6089d6000 rw-p 00019000 08:11 4763                       /usr/lib/x86_64-linux-gnu/libgcc_s.so.1
7fa6089d6000-7fa608a6c000 r--p 00000000 08:11 4762                       /usr/lib/x86_64-linux-gnu/libstdc++.so.6.0.28
7fa608a6c000-7fa608b5d000 r-xp 00096000 08:11 4762                       /usr/lib/x86_64-linux-gnu/libstdc++.so.6.0.28
7fa608b5d000-7fa608ba6000 r--p 00187000 08:11 4762                       /usr/lib/x86_64-linux-gnu/libstdc++.so.6.0.28
7fa608ba6000-7fa608ba7000 ---p 001d0000 08:11 4762                       /usr/lib/x86_64-linux-gnu/libstdc++.so.6.0.28
7fa608ba7000-7fa608bb2000 r--p 001d0000 08:11 4762                       /usr/lib/x86_64-linux-gnu/libstdc++.so.6.0.28
7fa608bb2000-7fa608bb5000 rw-p 001db000 08:11 4762                       /usr/lib/x86_64-linux-gnu/libstdc++.so.6.0.28
7fa608bb5000-7fa608bb8000 rw-p 00000000 00:00 0 
7fa608bc7000-7fa608d89000 r--p 00000000 08:11 569081                     /home/runner/work/ozone/ozone/hadoop-hdds/rocks-native/target/native/rocksdb/libozone_rocksdb_tools.so
7fa608d89000-7fa6094d1000 r-xp 001c2000 08:11 569081                     /home/runner/work/ozone/ozone/hadoop-hdds/rocks-native/target/native/rocksdb/libozone_rocksdb_tools.so
7fa6094d1000-7fa6095d5000 r--p 0090a000 08:11 569081                     /home/runner/work/ozone/ozone/hadoop-hdds/rocks-native/target/native/rocksdb/libozone_rocksdb_tools.so
7fa6095d5000-7fa6095d6000 ---p 00a0e000 08:11 569081                     /home/runner/work/ozone/ozone/hadoop-hdds/rocks-native/target/native/rocksdb/libozone_rocksdb_tools.so
7fa6095d6000-7fa6095ef000 r--p 00a0e000 08:11 569081                     /home/runner/work/ozone/ozone/hadoop-hdds/rocks-native/target/native/rocksdb/libozone_rocksdb_tools.so
7fa6095ef000-7fa6095fa000 rw-p 00a27000 08:11 569081                     /home/runner/work/ozone/ozone/hadoop-hdds/rocks-native/target/native/rocksdb/libozone_rocksdb_tools.so
7fa6095fa000-7fa609804000 rw-p 00000000 00:00 0 
7fa609804000-7fa609a04000 rw-p 00000000 00:00 0 
7fa609a04000-7fa609a07000 ---p 00000000 00:00 0 
7fa609a07000-7fa609b05000 rw-p 00000000 00:00 0 
7fa609b05000-7fa609b0d000 r-xp 00000000 08:11 1104402                    /usr/lib/jvm/temurin-8-jdk-amd64/jre/lib/amd64/libmanagement.so
7fa609b0d000-7fa609d0d000 ---p 00008000 08:11 1104402                    /usr/lib/jvm/temurin-8-jdk-amd64/jre/lib/amd64/libmanagement.so
7fa609d0d000-7fa609d0e000 r--p 00008000 08:11 1104402                    /usr/lib/jvm/temurin-8-jdk-amd64/jre/lib/amd64/libmanagement.so
7fa609d0e000-7fa609d0f000 rw-p 00009000 08:11 1104402                    /usr/lib/jvm/temurin-8-jdk-amd64/jre/lib/amd64/libmanagement.so
7fa609d0f000-7fa609d10000 ---p 00000000 00:00 0 
7fa609d10000-7fa609e10000 rw-p 00000000 00:00 0 
7fa609e10000-7fa609e13000 ---p 00000000 00:00 0 
7fa609e13000-7fa609f11000 rw-p 00000000 00:00 0 
7fa609f11000-7fa609f12000 ---p 00000000 00:00 0 
7fa609f12000-7fa609f15000 ---p 00000000 00:00 0 
7fa609f15000-7fa60a012000 rw-p 00000000 00:00 0 
7fa60a012000-7fa60a013000 ---p 00000000 00:00 0 
7fa60a013000-7fa60a016000 ---p 00000000 00:00 0 
7fa60a016000-7fa60a113000 rw-p 00000000 00:00 0 
7fa60a113000-7fa60a11a000 r--s 000d3000 08:11 1104457                    /usr/lib/jvm/temurin-8-jdk-amd64/jre/lib/jfr.jar
7fa60a11a000-7fa60a132000 r-xp 00000000 08:11 1104404                    /usr/lib/jvm/temurin-8-jdk-amd64/jre/lib/amd64/libnet.so
7fa60a132000-7fa60a331000 ---p 00018000 08:11 1104404                    /usr/lib/jvm/temurin-8-jdk-amd64/jre/lib/amd64/libnet.so
7fa60a331000-7fa60a332000 r--p 00017000 08:11 1104404                    /usr/lib/jvm/temurin-8-jdk-amd64/jre/lib/amd64/libnet.so
7fa60a332000-7fa60a333000 rw-p 00018000 08:11 1104404                    /usr/lib/jvm/temurin-8-jdk-amd64/jre/lib/amd64/libnet.so
7fa60a333000-7fa60a344000 r-xp 00000000 08:11 1104405                    /usr/lib/jvm/temurin-8-jdk-amd64/jre/lib/amd64/libnio.so
7fa60a344000-7fa60a543000 ---p 00011000 08:11 1104405                    /usr/lib/jvm/temurin-8-jdk-amd64/jre/lib/amd64/libnio.so
7fa60a543000-7fa60a544000 r--p 00010000 08:11 1104405                    /usr/lib/jvm/temurin-8-jdk-amd64/jre/lib/amd64/libnio.so
7fa60a544000-7fa60a545000 rw-p 00011000 08:11 1104405                    /usr/lib/jvm/temurin-8-jdk-amd64/jre/lib/amd64/libnio.so
7fa60a545000-7fa60a54b000 r--s 0003f000 08:11 556372                     /home/runner/.m2/repository/org/jacoco/org.jacoco.agent/0.8.5/org.jacoco.agent-0.8.5-runtime.jar
7fa60a54b000-7fa60a54d000 r--s 0000f000 08:11 553101                     /home/runner/.m2/repository/org/junit/vintage/junit-vintage-engine/5.8.2/junit-vintage-engine-5.8.2.jar
7fa60a54d000-7fa60a552000 r--s 00034000 08:11 553087                     /home/runner/.m2/repository/org/junit/jupiter/junit-jupiter-engine/5.8.2/junit-jupiter-engine-5.8.2.jar
7fa60a552000-7fa60a557000 r--s 00029000 08:11 553140                     /home/runner/.m2/repository/org/junit/platform/junit-platform-engine/1.8.2/junit-platform-engine-1.8.2.jar
7fa60a557000-7fa60a55b000 r--s 00023000 08:11 553122                     /home/runner/.m2/repository/org/junit/platform/junit-platform-launcher/1.8.2/junit-platform-launcher-1.8.2.jar
7fa60a55b000-7fa60a55c000 r--s 00003000 08:11 555846                     /home/runner/.m2/repository/org/apache/maven/surefire/common-java5/3.0.0-M5/common-java5-3.0.0-M5.jar
7fa60a55c000-7fa60a55d000 r--s 00005000 08:11 555885                     /home/runner/.m2/repository/org/apache/maven/surefire/surefire-junit-platform/3.0.0-M5/surefire-junit-platform-3.0.0-M5.jar
7fa60a55d000-7fa60a55f000 r--s 00009000 08:11 558007                     /home/runner/.m2/repository/org/hamcrest/hamcrest-core/1.3/hamcrest-core-1.3.jar
7fa60a55f000-7fa60a569000 r--s 00054000 08:11 553048                     /home/runner/.m2/repository/junit/junit/4.13.1/junit-4.13.1.jar
7fa60a569000-7fa60a56f000 r--s 00044000 08:11 556330                     /home/runner/.m2/repository/org/antlr/antlr4-runtime/4.5.3/antlr4-runtime-4.5.3.jar
7fa60a56f000-7fa60a575000 r--s 00043000 08:11 558533                     /home/runner/.m2/repository/jgraph/jgraph/5.13.0.0/jgraph-5.13.0.0.jar
7fa60a575000-7fa60a581000 r--s 000bd000 08:11 557941                     /home/runner/.m2/repository/org/tinyjee/jgraphx/jgraphx/2.0.0.1/jgraphx-2.0.0.1.jar
7fa60a581000-7fa60a584000 r--s 0001e000 08:11 558359                     /home/runner/.m2/repository/org/jgrapht/jgrapht-ext/1.0.1/jgrapht-ext-1.0.1.jar
7fa60a584000-7fa60a58e000 r--s 00080000 08:11 558353                     /home/runner/.m2/repository/org/jgrapht/jgrapht-core/1.0.1/jgrapht-core-1.0.1.jar
7fa60a58e000-7fa60a597000 r--s 00086000 08:11 556499                     /home/runner/.m2/repository/org/eclipse/jetty/jetty-util/9.4.52.v20230823/jetty-util-9.4.52.v20230823.jar
7fa60a597000-7fa60a59b000 r--s 00029000 08:11 556538                     /home/runner/.m2/repository/org/eclipse/jetty/jetty-io/9.4.52.v20230823/jetty-io-9.4.52.v20230823.jar
7fa60a59b000-7fa60a59d000 r--s 00005000 08:11 557098                     /home/runner/.m2/repository/org/objenesis/objenesis/1.0/objenesis-1.0.jar
7fa60a59d000-7fa60a5a0000 r--s 0003d000 08:11 559631                     /home/runner/.m2/repository/net/bytebuddy/byte-buddy-agent/1.10.13/byte-buddy-agent-1.10.13.jar
7fa60a5a0000-7fa60a5ea000 r--s 00308000 08:11 559649                     /home/runner/.m2/repository/net/bytebuddy/byte-buddy/1.10.13/byte-buddy-1.10.13.jar
7fa60a5ea000-7fa60a5fc000 r--s 00092000 08:11 556733                     /home/runner/.m2/repository/org/mockito/mockito-core/3.5.9/mockito-core-3.5.9.jar
7fa60a5fc000-7fa60a608000 r--s 00081000 08:11 553076                     /home/runner/.m2/repository/org/junit/jupiter/junit-jupiter-params/5.8.2/junit-jupiter-params-5.8.2.jar
7fa60a608000-7fa60a60e000 r--s 00044000 08:11 553694                     /home/runner/.m2/repository/org/apache/logging/log4j/log4j-api/2.17.1/log4j-api-2.17.1.jar
7fa60a60e000-7fa60a610000 r--s 0000e000 08:11 559502                     /home/runner/.m2/repository/commons-logging/commons-logging/1.2/commons-logging-1.2.jar
7fa60a610000-7fa60a611000 r--s 00001000 08:11 557083                     /home/runner/.m2/repository/org/apiguardian/apiguardian-api/1.1.2/apiguardian-api-1.1.2.jar
7fa60a611000-7fa60a613000 r--s 00017000 08:11 553111                     /home/runner/.m2/repository/org/junit/platform/junit-platform-commons/1.8.2/junit-platform-commons-1.8.2.jar
7fa60a613000-7fa60a614000 r--s 00001000 08:11 558025                     /home/runner/.m2/repository/org/opentest4j/opentest4j/1.2.0/opentest4j-1.2.0.jar
7fa60a614000-7fa60a61a000 r--s 0002a000 08:11 553066                     /home/runner/.m2/repository/org/junit/jupiter/junit-jupiter-api/5.8.2/junit-jupiter-api-5.8.2.jar
7fa60a61a000-7fa60a621000 r--s 0004b000 08:11 560202                     /home/runner/.m2/repository/ch/qos/reload4j/reload4j/1.2.22/reload4j-1.2.22.jar
7fa60a621000-7fa60a623000 r--s 00009000 08:11 556840                     /home/runner/.m2/repository/org/slf4j/slf4j-api/1.7.36/slf4j-api-1.7.36.jar
7fa60a623000-7fa60a624000 r--s 00002000 08:11 556872                     /home/runner/.m2/repository/org/slf4j/slf4j-reload4j/1.7.36/slf4j-reload4j-1.7.36.jar
7fa60a624000-7fa60a62c000 r--s 00072000 08:11 553948                     /home/runner/.m2/repository/org/apache/commons/commons-lang3/3.7/commons-lang3-3.7.jar
7fa60a62c000-7fa60a62e000 r--s 00002000 08:11 559223                     /home/runner/.m2/repository/com/github/spotbugs/spotbugs-annotations/3.1.12/spotbugs-annotations-3.1.12.jar
7fa60a62e000-7fa60a630000 r--s 00001000 08:11 558922                     /home/runner/.m2/repository/com/google/j2objc/j2objc-annotations/2.8/j2objc-annotations-2.8.jar
7fa60a630000-7fa60a632000 r--s 00002000 08:11 558916                     /home/runner/.m2/repository/com/google/errorprone/error_prone_annotations/2.2.0/error_prone_annotations-2.2.0.jar
7fa60a632000-7fa60a63e000 r--s 0002b000 08:11 556341                     /home/runner/.m2/repository/org/checkerframework/checker-qual/3.33.0/checker-qual-3.33.0.jar
7fa60a63e000-7fa60a641000 r--s 00006000 08:11 559111                     /home/runner/.m2/repository/com/google/code/findbugs/jsr305/3.0.0/jsr305-3.0.0.jar
7fa60a641000-7fa60a642000 r--s 00000000 08:11 558962                     /home/runner/.m2/repository/com/google/guava/listenablefuture/9999.0-empty-to-avoid-conflict-with-guava/listenablefuture-9999.0-empty-to-avoid-conflict-with-guava.jar
7fa60a642000-7fa60a644000 r--s 00000000 08:11 558956                     /home/runner/.m2/repository/com/google/guava/failureaccess/1.0.1/failureaccess-1.0.1.jar
7fa60a644000-7fa60a677000 r--s 002b2000 08:11 558976                     /home/runner/.m2/repository/com/google/guava/guava/32.0.0-jre/guava-32.0.0-jre.jar
7fa60a677000-7fa60a67b000 r--s 0001b000 08:11 558016                     /home/runner/.m2/repository/org/hamcrest/hamcrest/2.1/hamcrest-2.1.jar
7fa60a67b000-7fa60a67e000 r--s 00015000 08:11 558372                     /home/runner/.m2/repository/org/awaitility/awaitility/4.2.0/awaitility-4.2.0.jar
7fa60a67e000-7fa60a680000 r--s 0000b000 08:11 559275                     /home/runner/.m2/repository/com/fasterxml/uuid/java-uuid-generator/4.3.0/java-uuid-generator-4.3.0.jar
7fa60a680000-7fa60a682000 r--s 00006000 08:11 560147                     /home/runner/.m2/repository/io/grpc/grpc-context/1.51.1/grpc-context-1.51.1.jar
7fa60a682000-7fa60a688000 r--s 0003a000 08:11 560104                     /home/runner/.m2/repository/io/grpc/grpc-api/1.51.1/grpc-api-1.51.1.jar
7fa60a688000-7fa60a69b000 r--s 00156000 08:11 554288                     /home/runner/.m2/repository/org/apache/hadoop/thirdparty/hadoop-shaded-protobuf_3_7/1.1.1/hadoop-shaded-protobuf_3_7-1.1.1.jar
7fa60a69b000-7fa60a6a5000 r--s 000aa000 08:11 556393                     /home/runner/.m2/repository/org/javassist/javassist/3.21.0-GA/javassist-3.21.0-GA.jar
7fa60a6a5000-7fa60a6a8000 r--s 0001d000 08:11 556426                     /home/runner/.m2/repository/org/reflections/reflections/0.9.11/reflections-0.9.11.jar
7fa60a6a8000-7fa60a6af000 r--s 0004b000 08:11 556430                     /home/runner/.m2/repository/org/yaml/snakeyaml/2.0/snakeyaml-2.0.jar
7fa60a6af000-7fa60a6b0000 r--s 00002000 08:11 560055                     /home/runner/.m2/repository/io/opentracing/opentracing-noop/0.33.0/opentracing-noop-0.33.0.jar
7fa60a6b0000-7fa60a6b2000 r--s 00003000 08:11 560080                     /home/runner/.m2/repository/io/opentracing/opentracing-api/0.33.0/opentracing-api-0.33.0.jar
7fa60a6b2000-7fa60a6b3000 r--s 00001000 08:11 560068                     /home/runner/.m2/repository/io/opentracing/opentracing-util/0.33.0/opentracing-util-0.33.0.jar
7fa60a6b3000-7fa60a6b5000 r--s 00003000 08:11 556297                     /home/runner/.m2/repository/org/jetbrains/annotations/13.0/annotations-13.0.jar
7fa60a6b5000-7fa60a6bd000 r--s 00029000 08:11 556282                     /home/runner/.m2/repository/org/jetbrains/kotlin/kotlin-stdlib-common/1.6.21/kotlin-stdlib-common-1.6.21.jar
7fa60a6bd000-7fa60a6d2000 r--s 0015c000 08:11 556288                     /home/runner/.m2/repository/org/jetbrains/kotlin/kotlin-stdlib/1.6.21/kotlin-stdlib-1.6.21.jar
7fa60a6d2000-7fa60a6d3000 r--s 00001000 08:11 560059                     /home/runner/.m2/repository/io/opentracing/contrib/opentracing-tracerresolver/0.1.8/opentracing-tracerresolver-0.1.8.jar
7fa60a6d3000-7fa60a6d4000 r--s 00000000 08:11 560034                     /home/runner/.m2/repository/io/jaegertracing/jaeger-tracerresolver/1.6.0/jaeger-tracerresolver-1.6.0.jar
7fa60a6d4000-7fa60a6da000 r--s 00037000 08:11 559101                     /home/runner/.m2/repository/com/google/code/gson/gson/2.9.0/gson-2.9.0.jar
7fa60a6da000-7fa60a6de000 r--s 00020000 08:11 560021                     /home/runner/.m2/repository/io/jaegertracing/jaeger-core/1.6.0/jaeger-core-1.6.0.jar
7fa60a6de000-7fa60a6df000 r--s 00000000 08:11 556269                     /home/runner/.m2/repository/org/jetbrains/kotlin/kotlin-stdlib-jdk7/1.8.0/kotlin-stdlib-jdk7-1.8.0.jar
7fa60a6df000-7fa60a6e0000 r--s 00000000 08:11 556274                     /home/runner/.m2/repository/org/jetbrains/kotlin/kotlin-stdlib-jdk8/1.8.0/kotlin-stdlib-jdk8-1.8.0.jar
7fa60a6e0000-7fa60a6e3000 r--s 00055000 08:11 559204                     /home/runner/.m2/repository/com/squareup/okio/okio-jvm/3.4.0/okio-jvm-3.4.0.jar
7fa60a6e3000-7fa60a6e5000 r--s 00005000 08:11 559198                     /home/runner/.m2/repository/com/squareup/okio/okio/3.4.0/okio-3.4.0.jar
7fa60a6e5000-7fa60a6ee000 r--s 000b9000 08:11 559192                     /home/runner/.m2/repository/com/squareup/okhttp3/okhttp/4.9.3/okhttp-4.9.3.jar
7fa60a6ee000-7fa60a6f5000 r--s 00044000 08:11 553184                     /home/runner/.m2/repository/org/apache/thrift/libthrift/0.14.1/libthrift-0.14.1.jar
7fa60a6f5000-7fa60a704000 r--s 0009e000 08:11 560032                     /home/runner/.m2/repository/io/jaegertracing/jaeger-thrift/1.6.0/jaeger-thrift-1.6.0.jar
7fa60a704000-7fa60a705000 r--s 00000000 08:11 560014                     /home/runner/.m2/repository/io/jaegertracing/jaeger-client/1.6.0/jaeger-client-1.6.0.jar
7fa60a705000-7fa60a712000 r--s 00083000 08:11 559790                     /home/runner/.m2/repository/commons-collections/commons-collections/3.2.2/commons-collections-3.2.2.jar
7fa60a712000-7fa60a716000 r--s 00020000 08:11 559578                     /home/runner/.m2/repository/commons-digester/commons-digester/1.8.1/commons-digester-1.8.1.jar
7fa60a716000-7fa60a71b000 r--s 00038000 08:11 558595                     /home/runner/.m2/repository/commons-beanutils/commons-beanutils/1.9.4/commons-beanutils-1.9.4.jar
7fa60a71b000-7fa60a71f000 r--s 0002a000 08:11 559728                     /home/runner/.m2/repository/commons-validator/commons-validator/1.6/commons-validator-1.6.jar
7fa60a71f000-7fa60a799000 r--s 00536000 08:11 556368                     /home/runner/.m2/repository/org/bouncycastle/bcprov-jdk15on/1.67/bcprov-jdk15on-1.67.jar
7fa60a799000-7fa60a7ad000 r--s 000c5000 08:11 556355                     /home/runner/.m2/repository/org/bouncycastle/bcpkix-jdk15on/1.67/bcpkix-jdk15on-1.67.jar
7fa60a7ad000-7fa60a7b0000 r--s 0001d000 08:11 553974                     /home/runner/.m2/repository/org/apache/commons/commons-pool2/2.6.0/commons-pool2-2.6.0.jar
7fa60a7b0000-7fa60a7b3000 r--s 00020000 08:11 553232                     /home/runner/.m2/repository/org/apache/ratis/ratis-grpc/2.5.1/ratis-grpc-2.5.1.jar
7fa60a7b3000-7fa60a7b6000 r--s 0001a000 08:11 553300                     /home/runner/.m2/repository/org/apache/ratis/ratis-netty/2.5.1/ratis-netty-2.5.1.jar
7fa60a7b6000-7fa60a7b8000 r--s 00005000 08:11 553248                     /home/runner/.m2/repository/org/apache/ratis/ratis-metrics/2.5.1/ratis-metrics-2.5.1.jar
7fa60a7b8000-7fa60a7bc000 r--s 00014000 08:11 553271                     /home/runner/.m2/repository/org/apache/ratis/ratis-server-api/2.5.1/ratis-server-api-2.5.1.jar
7fa60a7bc000-7fa60a7bf000 r--s 0001a000 08:11 553283                     /home/runner/.m2/repository/org/apache/ratis/ratis-client/2.5.1/ratis-client-2.5.1.jar
7fa60a7bf000-7fa60a7c6000 r--s 0004d000 08:11 553280                     /home/runner/.m2/repository/org/apache/ratis/ratis-common/2.5.1/ratis-common-2.5.1.jar
7fa60a7c6000-7fa60a7d7000 r--s 00149000 08:11 553247                     /home/runner/.m2/repository/org/apache/ratis/ratis-proto/2.5.1/ratis-proto-2.5.1.jar
7fa60a7d7000-7fa60a8cf000 r--s 00f58000 08:11 553303                     /home/runner/.m2/repository/org/apache/ratis/ratis-thirdparty-misc/1.0.4/ratis-thirdparty-misc-1.0.4.jar
7fa60a8cf000-7fa60a8d5000 r--s 00068000 08:11 553256                     /home/runner/.m2/repository/org/apache/ratis/ratis-server/2.5.1/ratis-server-2.5.1.jar
7fa60a8d5000-7fa60a8d9000 r--s 0001e000 08:11 559863                     /home/runner/.m2/repository/io/dropwizard/metrics/metrics-core/3.2.4/metrics-core-3.2.4.jar
7fa60a8d9000-7fa60a8db000 r--s 00005000 08:11 558510                     /home/runner/.m2/repository/javax/annotation/javax.annotation-api/1.2/javax.annotation-api-1.2.jar
7fa60a8db000-7fa60a8f2000 r--s 0015f000 08:11 559343                     /home/runner/.m2/repository/com/fasterxml/jackson/core/jackson-databind/2.13.4.2/jackson-databind-2.13.4.2.jar
7fa60a8f2000-7fa60a8f7000 r--s 00057000 08:11 559335                     /home/runner/.m2/repository/com/fasterxml/jackson/core/jackson-core/2.13.4/jackson-core-2.13.4.jar
7fa60a8f7000-7fa60a8fa000 r--s 0001b000 08:11 559388                     /home/runner/.m2/repository/com/fasterxml/jackson/datatype/jackson-datatype-jsr310/2.13.4/jackson-datatype-jsr310-2.13.4.jar
7fa60a8fa000-7fa60a8fd000 r--s 00010000 08:11 559318                     /home/runner/.m2/repository/com/fasterxml/jackson/core/jackson-annotations/2.13.4/jackson-annotations-2.13.4.jar
7fa60a8fd000-7fa60a903000 r--s 0004a000 08:11 560157                     /home/runner/.m2/repository/commons-io/commons-io/2.11.0/commons-io-2.11.0.jar
7fa60a903000-7fa60a90b000 r--s 0007b000 08:11 559177                     /home/runner/.m2/repository/com/google/protobuf/protobuf-java/2.5.0/protobuf-java-2.5.0.jar
7fa60a90b000-7fa60a911000 r--s 0005d000 08:11 559479                     /home/runner/.m2/repository/info/picocli/picocli/4.6.1/picocli-4.6.1.jar
7fa60a911000-7fa60a95c000 r--s 005b9000 08:11 554177                     /home/runner/.m2/repository/org/apache/hadoop/hadoop-hdfs/3.3.6/hadoop-hdfs-3.3.6.jar
7fa60a95c000-7fa60a95f000 r--s 001de000 08:11 556678                     /home/runner/.m2/repository/org/xerial/snappy/snappy-java/1.1.8.2/snappy-java-1.1.8.2.jar
7fa60a95f000-7fa60a965000 r--s 0007a000 08:11 559265                     /home/runner/.m2/repository/com/fasterxml/woodstox/woodstox-core/5.4.0/woodstox-core-5.4.0.jar
7fa60a965000-7fa60a969000 r--s 0002c000 08:11 557109                     /home/runner/.m2/repository/org/codehaus/woodstox/stax2-api/4.2.1/stax2-api-4.2.1.jar
7fa60a969000-7fa60a96a000 r--s 00009000 08:11 553473                     /home/runner/.m2/repository/org/apache/kerby/kerby-util/1.0.1/kerby-util-1.0.1.jar
7fa60a96a000-7fa60a96c000 r--s 00017000 08:11 553510                     /home/runner/.m2/repository/org/apache/kerby/kerby-asn1/1.0.1/kerby-asn1-1.0.1.jar
7fa60a96c000-7fa60a973000 r--s 0002b000 08:11 553470                     /home/runner/.m2/repository/org/apache/kerby/kerby-pkix/1.0.1/kerby-pkix-1.0.1.jar
7fa60a973000-7fa60a97a000 r--s 00031000 08:11 553480                     /home/runner/.m2/repository/org/apache/kerby/kerb-core/1.0.1/kerb-core-1.0.1.jar
7fa60a97a000-7fa60a986000 r--s 0008b000 08:11 553923                     /home/runner/.m2/repository/org/apache/commons/commons-configuration2/2.1.1/commons-configuration2-2.1.1.jar
7fa60a986000-7fa60a98e000 r--s 00049000 08:11 553633                     /home/runner/.m2/repository/org/apache/httpcomponents/httpcore/4.4.13/httpcore-4.4.13.jar
7fa60a98e000-7fa60a9df000 r--s 002e4000 08:11 554296                     /home/runner/.m2/repository/org/apache/hadoop/thirdparty/hadoop-shaded-guava/1.1.1/hadoop-shaded-guava-1.1.1.jar
7fa60a9df000-7fa60aa24000 r--s 0041f000 08:11 554277                     /home/runner/.m2/repository/org/apache/hadoop/hadoop-common/3.3.6/hadoop-common-3.3.6.jar
7fa60aa24000-7fa60aa9e000 r--s 01107000 08:11 1104498                    /usr/lib/jvm/temurin-8-jdk-amd64/lib/tools.jar
7fa60aa9e000-7fa60aaa1000 ---p 00000000 00:00 0 
7fa60aaa1000-7fa60ab9f000 rw-p 00000000 00:00 0 
7fa60ab9f000-7fa60ad12000 r--p 00000000 08:11 6151                       /usr/lib/locale/C.UTF-8/LC_COLLATE
7fa60ad12000-7fa60aff8000 r--p 00000000 08:11 6146                       /usr/lib/locale/locale-archive
7fa60aff8000-7fa60affb000 ---p 00000000 00:00 0 
7fa60affb000-7fa60b0f9000 rw-p 00000000 00:00 0 
7fa60b0f9000-7fa60b0fc000 ---p 00000000 00:00 0 
7fa60b0fc000-7fa60b1fa000 rw-p 00000000 00:00 0 
7fa60b1fa000-7fa60b1fb000 ---p 00000000 00:00 0 
7fa60b1fb000-7fa614000000 rw-p 00000000 00:00 0 
7fa614000000-7fa61424e000 rw-p 00000000 00:00 0 
7fa61424e000-7fa618000000 ---p 00000000 00:00 0 
7fa618000000-7fa618002000 r--s 00018000 08:11 554211                     /home/runner/.m2/repository/org/apache/hadoop/hadoop-auth/3.3.6/hadoop-auth-3.3.6.jar
7fa618002000-7fa618004000 r--s 0001e000 08:11 559093                     /home/runner/.m2/repository/com/google/re2j/re2j/1.1/re2j-1.1.jar
7fa618004000-7fa618011000 r--s 000b2000 08:11 553563                     /home/runner/.m2/repository/org/apache/httpcomponents/httpclient/4.5.13/httpclient-4.5.13.jar
7fa618011000-7fa618033000 r--s 001a5000 08:11 555845                     /home/runner/.m2/repository/org/apache/maven/surefire/surefire-shared-utils/3.0.0-M4/surefire-shared-utils-3.0.0-M4.jar
7fa618033000-7fa618065000 r--p 00000000 08:11 6152                       /usr/lib/locale/C.UTF-8/LC_CTYPE
7fa618065000-7fa6184b7000 rw-p 00000000 00:00 0 
7fa6184b7000-7fa618689000 r--s 03cc6000 08:11 1104472                    /usr/lib/jvm/temurin-8-jdk-amd64/jre/lib/rt.jar
7fa618689000-7fa618eff000 rw-p 00000000 00:00 0 
7fa618eff000-7fa618f00000 ---p 00000000 00:00 0 
7fa618f00000-7fa619000000 rw-p 00000000 00:00 0 
7fa619000000-7fa6194f0000 rwxp 00000000 00:00 0 
7fa6194f0000-7fa628000000 ---p 00000000 00:00 0 
7fa628000000-7fa62900b000 rw-p 00000000 00:00 0 
7fa62900b000-7fa62c000000 ---p 00000000 00:00 0 
7fa62c000000-7fa62c002000 r--s 0000a000 08:11 558416                     /home/runner/.m2/repository/jakarta/activation/jakarta.activation-api/1.2.2/jakarta.activation-api-1.2.2.jar
7fa62c002000-7fa62c004000 r--s 00005000 08:11 554148                     /home/runner/.m2/repository/org/apache/hadoop/hadoop-annotations/3.3.6/hadoop-annotations-3.3.6.jar
7fa62c004000-7fa62c00a000 r--s 036fe000 08:11 556657                     /home/runner/.m2/repository/org/rocksdb/rocksdbjni/7.7.3/rocksdbjni-7.7.3.jar
7fa62c00a000-7fa62c00c000 r--s 00002000 08:11 555892                     /home/runner/.m2/repository/org/apache/maven/surefire/surefire-logger-api/3.0.0-M5/surefire-logger-api-3.0.0-M5.jar
7fa62c00c000-7fa62c011000 r--s 0001f000 08:11 555853                     /home/runner/.m2/repository/org/apache/maven/surefire/surefire-api/3.0.0-M5/surefire-api-3.0.0-M5.jar
7fa62c011000-7fa62c0bc000 rw-p 00000000 00:00 0 
7fa62c0bc000-7fa62c0bd000 ---p 00000000 00:00 0 
7fa62c0bd000-7fa62c1e2000 rw-p 00000000 00:00 0 
7fa62c1e2000-7fa62c713000 ---p 00000000 00:00 0 
7fa62c713000-7fa62c738000 rw-p 00000000 00:00 0 
7fa62c738000-7fa62cc68000 ---p 00000000 00:00 0 
7fa62cc68000-7fa62cc89000 rw-p 00000000 00:00 0 
7fa62cc89000-7fa62cf13000 ---p 00000000 00:00 0 
7fa62cf13000-7fa62cf28000 rw-p 00000000 00:00 0 
7fa62cf28000-7fa62d2d4000 ---p 00000000 00:00 0 
7fa62d2d4000-7fa62d2ef000 r-xp 00000000 08:11 1104413                    /usr/lib/jvm/temurin-8-jdk-amd64/jre/lib/amd64/libzip.so
7fa62d2ef000-7fa62d4ee000 ---p 0001b000 08:11 1104413                    /usr/lib/jvm/temurin-8-jdk-amd64/jre/lib/amd64/libzip.so
7fa62d4ee000-7fa62d4ef000 r--p 0001a000 08:11 1104413                    /usr/lib/jvm/temurin-8-jdk-amd64/jre/lib/amd64/libzip.so
7fa62d4ef000-7fa62d4f0000 rw-p 0001b000 08:11 1104413                    /usr/lib/jvm/temurin-8-jdk-amd64/jre/lib/amd64/libzip.so
7fa62d4f0000-7fa62d4f3000 r--p 00000000 08:11 4772                       /usr/lib/x86_64-linux-gnu/libnss_files-2.31.so
7fa62d4f3000-7fa62d4fa000 r-xp 00003000 08:11 4772                       /usr/lib/x86_64-linux-gnu/libnss_files-2.31.so
7fa62d4fa000-7fa62d4fc000 r--p 0000a000 08:11 4772                       /usr/lib/x86_64-linux-gnu/libnss_files-2.31.so
7fa62d4fc000-7fa62d4fd000 r--p 0000b000 08:11 4772                       /usr/lib/x86_64-linux-gnu/libnss_files-2.31.so
7fa62d4fd000-7fa62d4fe000 rw-p 0000c000 08:11 4772                       /usr/lib/x86_64-linux-gnu/libnss_files-2.31.so
7fa62d4fe000-7fa62d504000 rw-p 00000000 00:00 0 
7fa62d504000-7fa62d505000 r--s 00001000 08:11 555861                     /home/runner/.m2/repository/org/apache/maven/surefire/surefire-extensions-spi/3.0.0-M5/surefire-extensions-spi-3.0.0-M5.jar
7fa62d505000-7fa62d507000 r--s 00018000 08:11 555873                     /home/runner/.m2/repository/org/apache/maven/surefire/surefire-booter/3.0.0-M5/surefire-booter-3.0.0-M5.jar
7fa62d507000-7fa62d508000 r--s 00003000 08:11 569132                     /home/runner/work/ozone/ozone/hadoop-hdds/rocksdb-checkpoint-differ/target/surefire/surefirebooter6304206438882683352.jar
7fa62d508000-7fa62d509000 r--p 00000000 08:11 6157                       /usr/lib/locale/C.UTF-8/LC_NUMERIC
7fa62d509000-7fa62d50a000 r--p 00000000 08:11 6160                       /usr/lib/locale/C.UTF-8/LC_TIME
7fa62d50a000-7fa62d50b000 r--p 00000000 08:11 6155                       /usr/lib/locale/C.UTF-8/LC_MONETARY
7fa62d50b000-7fa62d50c000 r--p 00000000 08:11 6149                       /usr/lib/locale/C.UTF-8/LC_MESSAGES/SYS_LC_MESSAGES
7fa62d50c000-7fa62d513000 r--s 00000000 08:11 3769                       /usr/lib/x86_64-linux-gnu/gconv/gconv-modules.cache
7fa62d513000-7fa62d51d000 r-xp 00000000 08:11 1104387                    /usr/lib/jvm/temurin-8-jdk-amd64/jre/lib/amd64/libinstrument.so
7fa62d51d000-7fa62d71c000 ---p 0000a000 08:11 1104387                    /usr/lib/jvm/temurin-8-jdk-amd64/jre/lib/amd64/libinstrument.so
7fa62d71c000-7fa62d71d000 r--p 00009000 08:11 1104387                    /usr/lib/jvm/temurin-8-jdk-amd64/jre/lib/amd64/libinstrument.so
7fa62d71d000-7fa62d71e000 rw-p 0000a000 08:11 1104387                    /usr/lib/jvm/temurin-8-jdk-amd64/jre/lib/amd64/libinstrument.so
7fa62d71e000-7fa62d747000 r-xp 00000000 08:11 1104392                    /usr/lib/jvm/temurin-8-jdk-amd64/jre/lib/amd64/libjava.so
7fa62d747000-7fa62d946000 ---p 00029000 08:11 1104392                    /usr/lib/jvm/temurin-8-jdk-amd64/jre/lib/amd64/libjava.so
7fa62d946000-7fa62d947000 r--p 00028000 08:11 1104392                    /usr/lib/jvm/temurin-8-jdk-amd64/jre/lib/amd64/libjava.so
7fa62d947000-7fa62d949000 rw-p 00029000 08:11 1104392                    /usr/lib/jvm/temurin-8-jdk-amd64/jre/lib/amd64/libjava.so
7fa62d949000-7fa62d956000 r-xp 00000000 08:11 1104412                    /usr/lib/jvm/temurin-8-jdk-amd64/jre/lib/amd64/libverify.so
7fa62d956000-7fa62db55000 ---p 0000d000 08:11 1104412                    /usr/lib/jvm/temurin-8-jdk-amd64/jre/lib/amd64/libverify.so
7fa62db55000-7fa62db57000 r--p 0000c000 08:11 1104412                    /usr/lib/jvm/temurin-8-jdk-amd64/jre/lib/amd64/libverify.so
7fa62db57000-7fa62db58000 rw-p 0000e000 08:11 1104412                    /usr/lib/jvm/temurin-8-jdk-amd64/jre/lib/amd64/libverify.so
7fa62db58000-7fa62db5a000 r--p 00000000 08:11 4779                       /usr/lib/x86_64-linux-gnu/librt-2.31.so
7fa62db5a000-7fa62db5e000 r-xp 00002000 08:11 4779                       /usr/lib/x86_64-linux-gnu/librt-2.31.so
7fa62db5e000-7fa62db60000 r--p 00006000 08:11 4779                       /usr/lib/x86_64-linux-gnu/librt-2.31.so
7fa62db60000-7fa62db61000 r--p 00007000 08:11 4779                       /usr/lib/x86_64-linux-gnu/librt-2.31.so
7fa62db61000-7fa62db62000 rw-p 00008000 08:11 4779                       /usr/lib/x86_64-linux-gnu/librt-2.31.so
7fa62db62000-7fa62db63000 ---p 00000000 00:00 0 
7fa62db63000-7fa62db66000 ---p 00000000 00:00 0 
7fa62db66000-7fa62dc63000 rw-p 00000000 00:00 0 
7fa62dc63000-7fa62dc70000 r--p 00000000 08:11 4766                       /usr/lib/x86_64-linux-gnu/libm-2.31.so
7fa62dc70000-7fa62dd17000 r-xp 0000d000 08:11 4766                       /usr/lib/x86_64-linux-gnu/libm-2.31.so
7fa62dd17000-7fa62ddb0000 r--p 000b4000 08:11 4766                       /usr/lib/x86_64-linux-gnu/libm-2.31.so
7fa62ddb0000-7fa62ddb1000 r--p 0014c000 08:11 4766                       /usr/lib/x86_64-linux-gnu/libm-2.31.so
7fa62ddb1000-7fa62ddb2000 rw-p 0014d000 08:11 4766                       /usr/lib/x86_64-linux-gnu/libm-2.31.so
7fa62ddb2000-7fa62eb15000 r-xp 00000000 08:11 1104416                    /usr/lib/jvm/temurin-8-jdk-amd64/jre/lib/amd64/server/libjvm.so
7fa62eb15000-7fa62ed15000 ---p 00d63000 08:11 1104416                    /usr/lib/jvm/temurin-8-jdk-amd64/jre/lib/amd64/server/libjvm.so
7fa62ed15000-7fa62edac000 r--p 00d63000 08:11 1104416                    /usr/lib/jvm/temurin-8-jdk-amd64/jre/lib/amd64/server/libjvm.so
7fa62edac000-7fa62edd5000 rw-p 00dfa000 08:11 1104416                    /usr/lib/jvm/temurin-8-jdk-amd64/jre/lib/amd64/server/libjvm.so
7fa62edd5000-7fa62ee0a000 rw-p 00000000 00:00 0 
7fa62ee0a000-7fa62ee2c000 r--p 00000000 08:11 4761                       /usr/lib/x86_64-linux-gnu/libc-2.31.so
7fa62ee2c000-7fa62efa4000 r-xp 00022000 08:11 4761                       /usr/lib/x86_64-linux-gnu/libc-2.31.so
7fa62efa4000-7fa62eff2000 r--p 0019a000 08:11 4761                       /usr/lib/x86_64-linux-gnu/libc-2.31.so
7fa62eff2000-7fa62eff6000 r--p 001e7000 08:11 4761                       /usr/lib/x86_64-linux-gnu/libc-2.31.so
7fa62eff6000-7fa62eff8000 rw-p 001eb000 08:11 4761                       /usr/lib/x86_64-linux-gnu/libc-2.31.so
7fa62eff8000-7fa62effc000 rw-p 00000000 00:00 0 
7fa62effc000-7fa62effd000 r--p 00000000 08:11 4765                       /usr/lib/x86_64-linux-gnu/libdl-2.31.so
7fa62effd000-7fa62efff000 r-xp 00001000 08:11 4765                       /usr/lib/x86_64-linux-gnu/libdl-2.31.so
7fa62efff000-7fa62f000000 r--p 00003000 08:11 4765                       /usr/lib/x86_64-linux-gnu/libdl-2.31.so
7fa62f000000-7fa62f001000 r--p 00003000 08:11 4765                       /usr/lib/x86_64-linux-gnu/libdl-2.31.so
7fa62f001000-7fa62f002000 rw-p 00004000 08:11 4765                       /usr/lib/x86_64-linux-gnu/libdl-2.31.so
7fa62f002000-7fa62f01a000 r-xp 00000000 08:11 1104378                    /usr/lib/jvm/temurin-8-jdk-amd64/jre/lib/amd64/jli/libjli.so
7fa62f01a000-7fa62f219000 ---p 00018000 08:11 1104378                    /usr/lib/jvm/temurin-8-jdk-amd64/jre/lib/amd64/jli/libjli.so
7fa62f219000-7fa62f21a000 r--p 00017000 08:11 1104378                    /usr/lib/jvm/temurin-8-jdk-amd64/jre/lib/amd64/jli/libjli.so
7fa62f21a000-7fa62f21b000 rw-p 00018000 08:11 1104378                    /usr/lib/jvm/temurin-8-jdk-amd64/jre/lib/amd64/jli/libjli.so
7fa62f21b000-7fa62f221000 r--p 00000000 08:11 4777                       /usr/lib/x86_64-linux-gnu/libpthread-2.31.so
7fa62f221000-7fa62f232000 r-xp 00006000 08:11 4777                       /usr/lib/x86_64-linux-gnu/libpthread-2.31.so
7fa62f232000-7fa62f238000 r--p 00017000 08:11 4777                       /usr/lib/x86_64-linux-gnu/libpthread-2.31.so
7fa62f238000-7fa62f239000 r--p 0001c000 08:11 4777                       /usr/lib/x86_64-linux-gnu/libpthread-2.31.so
7fa62f239000-7fa62f23a000 rw-p 0001d000 08:11 4777                       /usr/lib/x86_64-linux-gnu/libpthread-2.31.so
7fa62f23a000-7fa62f23e000 rw-p 00000000 00:00 0 
7fa62f23e000-7fa62f23f000 r--p 00000000 08:11 6158                       /usr/lib/locale/C.UTF-8/LC_PAPER
7fa62f23f000-7fa62f240000 r--p 00000000 08:11 6156                       /usr/lib/locale/C.UTF-8/LC_NAME
7fa62f240000-7fa62f241000 r--p 00000000 08:11 6150                       /usr/lib/locale/C.UTF-8/LC_ADDRESS
7fa62f241000-7fa62f242000 r--p 00000000 08:11 6159                       /usr/lib/locale/C.UTF-8/LC_TELEPHONE
7fa62f242000-7fa62f243000 r--p 00000000 08:11 6154                       /usr/lib/locale/C.UTF-8/LC_MEASUREMENT
7fa62f243000-7fa62f244000 r--p 00000000 08:11 6153                       /usr/lib/locale/C.UTF-8/LC_IDENTIFICATION
7fa62f244000-7fa62f24c000 rw-s 00000000 08:11 64874                      /tmp/hsperfdata_runner/7858
7fa62f24c000-7fa62f24f000 rw-p 00000000 00:00 0 
7fa62f24f000-7fa62f250000 r--p 00000000 08:11 4745                       /usr/lib/x86_64-linux-gnu/ld-2.31.so
7fa62f250000-7fa62f273000 r-xp 00001000 08:11 4745                       /usr/lib/x86_64-linux-gnu/ld-2.31.so
7fa62f273000-7fa62f27b000 r--p 00024000 08:11 4745                       /usr/lib/x86_64-linux-gnu/ld-2.31.so
7fa62f27b000-7fa62f27c000 r--p 00000000 00:00 0 
7fa62f27c000-7fa62f27d000 r--p 0002c000 08:11 4745                       /usr/lib/x86_64-linux-gnu/ld-2.31.so
7fa62f27d000-7fa62f27e000 rw-p 0002d000 08:11 4745                       /usr/lib/x86_64-linux-gnu/ld-2.31.so
7fa62f27e000-7fa62f27f000 rw-p 00000000 00:00 0 
7ffecf26f000-7ffecf291000 rw-p 00000000 00:00 0                          [stack]
7ffecf3a9000-7ffecf3ad000 r--p 00000000 00:00 0                          [vvar]
7ffecf3ad000-7ffecf3af000 r-xp 00000000 00:00 0                          [vdso]
ffffffffff600000-ffffffffff601000 --xp 00000000 00:00 0                  [vsyscall]

VM Arguments:
jvm_args: -Xmx4096m -XX:+HeapDumpOnOutOfMemoryError -javaagent:/home/runner/.m2/repository/org/jacoco/org.jacoco.agent/0.8.5/org.jacoco.agent-0.8.5-runtime.jar=destfile=/home/runner/work/ozone/ozone/hadoop-hdds/rocksdb-checkpoint-differ/target/jacoco.exec,includes=org.apache.hadoop.hdds.*:org.apache.hadoop.ozone.*:org.apache.hadoop.fs.ozone.* -Djava.library.path=/home/runner/work/ozone/ozone/hadoop-hdds/rocks-native/target/native/rocksdb 
java_command: /home/runner/work/ozone/ozone/hadoop-hdds/rocksdb-checkpoint-differ/target/surefire/surefirebooter6304206438882683352.jar /home/runner/work/ozone/ozone/hadoop-hdds/rocksdb-checkpoint-differ/target/surefire 2023-10-11T09-18-48_175-jvmRun1 surefire1679814880776295505tmp surefire_22827443068253130074tmp
java_class_path (initial): /home/runner/work/ozone/ozone/hadoop-hdds/rocksdb-checkpoint-differ/target/surefire/surefirebooter6304206438882683352.jar:/home/runner/.m2/repository/org/jacoco/org.jacoco.agent/0.8.5/org.jacoco.agent-0.8.5-runtime.jar
Launcher Type: SUN_STANDARD

Environment Variables:
JAVA_HOME=/opt/hostedtoolcache/Java_Temurin-Hotspot_jdk/8.0.382-5/x64
PATH=/opt/hostedtoolcache/Java_Temurin-Hotspot_jdk/8.0.382-5/x64/bin:/home/runner/.local/bin:/opt/pipx_bin:/home/runner/.cargo/bin:/home/runner/.config/composer/vendor/bin:/usr/local/.ghcup/bin:/home/runner/.dotnet/tools:/snap/bin:/usr/local/sbin:/usr/local/bin:/usr/sbin:/usr/bin:/sbin:/bin:/usr/games:/usr/local/games:/snap/bin

Signal Handlers:
SIGSEGV: [libjvm.so+0xb3da20], sa_mask[0]=11111111011111111101111111111110, sa_flags=SA_RESTART|SA_SIGINFO
SIGBUS: [libjvm.so+0xb3da20], sa_mask[0]=11111111011111111101111111111110, sa_flags=SA_RESTART|SA_SIGINFO
SIGFPE: [libjvm.so+0x965910], sa_mask[0]=11111111011111111101111111111110, sa_flags=SA_RESTART|SA_SIGINFO
SIGPIPE: [libjvm.so+0x965910], sa_mask[0]=11111111011111111101111111111110, sa_flags=SA_RESTART|SA_SIGINFO
SIGXFSZ: [libjvm.so+0x965910], sa_mask[0]=11111111011111111101111111111110, sa_flags=SA_RESTART|SA_SIGINFO
SIGILL: [libjvm.so+0x965910], sa_mask[0]=11111111011111111101111111111110, sa_flags=SA_RESTART|SA_SIGINFO
SIGUSR1: SIG_DFL, sa_mask[0]=00000000000000000000000000000000, sa_flags=none
SIGUSR2: [libjvm.so+0x965ec0], sa_mask[0]=00100000000000000000000000000000, sa_flags=SA_RESTART|SA_SIGINFO
SIGHUP: [libjvm.so+0x965e00], sa_mask[0]=11111111011111111101111111111110, sa_flags=SA_RESTART|SA_SIGINFO
SIGINT: [libjvm.so+0x965e00], sa_mask[0]=11111111011111111101111111111110, sa_flags=SA_RESTART|SA_SIGINFO
SIGTERM: [libjvm.so+0x965e00], sa_mask[0]=11111111011111111101111111111110, sa_flags=SA_RESTART|SA_SIGINFO
SIGQUIT: [libjvm.so+0x965e00], sa_mask[0]=11111111011111111101111111111110, sa_flags=SA_RESTART|SA_SIGINFO


---------------  S Y S T E M  ---------------

OS:DISTRIB_ID=Ubuntu
DISTRIB_RELEASE=20.04
DISTRIB_CODENAME=focal
DISTRIB_DESCRIPTION="Ubuntu 20.04.6 LTS"

uname:Linux 5.15.0-1047-azure #54~20.04.1-Ubuntu SMP Wed Sep 6 17:49:31 UTC 2023 x86_64
libc:glibc 2.31 NPTL 2.31 
rlimit: STACK 16384k, CORE 0k, NPROC 27692, NOFILE 65536, AS infinity
load average:2.03 1.99 1.43

/proc/meminfo:
MemTotal:        7098424 kB
MemFree:         1336160 kB
MemAvailable:    4767368 kB
Buffers:          186004 kB
Cached:          3342284 kB
SwapCached:         4256 kB
Active:          1882340 kB
Inactive:        3451468 kB
Active(anon):      40308 kB
Inactive(anon):  1796520 kB
Active(file):    1842032 kB
Inactive(file):  1654948 kB
Unevictable:       29824 kB
Mlocked:           26752 kB
SwapTotal:       4194300 kB
SwapFree:        4158232 kB
Dirty:             13692 kB
Writeback:             0 kB
AnonPages:       1814232 kB
Mapped:           312892 kB
Shmem:             23040 kB
KReclaimable:     243508 kB
Slab:             312388 kB
SReclaimable:     243508 kB
SUnreclaim:        68880 kB
KernelStack:        4512 kB
PageTables:        10900 kB
NFS_Unstable:          0 kB
Bounce:                0 kB
WritebackTmp:          0 kB
CommitLimit:     7743512 kB
Committed_AS:    5039644 kB
VmallocTotal:   34359738367 kB
VmallocUsed:       34384 kB
VmallocChunk:          0 kB
Percpu:             1888 kB
HardwareCorrupted:     0 kB
AnonHugePages:   1323008 kB
ShmemHugePages:        0 kB
ShmemPmdMapped:        0 kB
FileHugePages:         0 kB
FilePmdMapped:         0 kB
HugePages_Total:       0
HugePages_Free:        0
HugePages_Rsvd:        0
HugePages_Surp:        0
Hugepagesize:       2048 kB
Hugetlb:               0 kB
DirectMap4k:      141248 kB
DirectMap2M:     4052992 kB
DirectMap1G:     5242880 kB

container (cgroup) information:
container_type: cgroupv1
cpu_cpuset_cpus: 0-1
cpu_memory_nodes: 0
active_processor_count: 2
cpu_quota: -1
cpu_period: 100000
cpu_shares: -1
memory_limit_in_bytes: -1
memory_and_swap_limit_in_bytes: -1
memory_soft_limit_in_bytes: -1
memory_usage_in_bytes: 5071360000
memory_max_usage_in_bytes: 6318538752


CPU:total 2 (initial active 2) (2 cores per cpu, 1 threads per core) family 6 model 85 stepping 4, cmov, cx8, fxsr, mmx, sse, sse2, sse3, ssse3, sse4.1, sse4.2, popcnt, avx, avx2, aes, clmul, erms, rtm, 3dnowpref, lzcnt, tsc, bmi1, bmi2, adx

/proc/cpuinfo:
processor	: 0
vendor_id	: GenuineIntel
cpu family	: 6
model		: 85
model name	: Intel(R) Xeon(R) Platinum 8171M CPU @ 2.60GHz
stepping	: 4
microcode	: 0xffffffff
cpu MHz		: 2095.168
cache size	: 36608 KB
physical id	: 0
siblings	: 2
core id		: 0
cpu cores	: 2
apicid		: 0
initial apicid	: 0
fpu		: yes
fpu_exception	: yes
cpuid level	: 21
wp		: yes
flags		: fpu vme de pse tsc msr pae mce cx8 apic sep mtrr pge mca cmov pat pse36 clflush mmx fxsr sse sse2 ss ht syscall nx pdpe1gb rdtscp lm constant_tsc rep_good nopl xtopology cpuid pni pclmulqdq ssse3 fma cx16 pcid sse4_1 sse4_2 movbe popcnt aes xsave avx f16c rdrand hypervisor lahf_lm abm 3dnowprefetch invpcid_single pti fsgsbase bmi1 hle avx2 smep bmi2 erms invpcid rtm avx512f avx512dq rdseed adx smap clflushopt avx512cd avx512bw avx512vl xsaveopt xsavec xsaves md_clear
bugs		: cpu_meltdown spectre_v1 spectre_v2 spec_store_bypass l1tf mds swapgs taa itlb_multihit mmio_stale_data retbleed gds
bogomips	: 4190.33
clflush size	: 64
cache_alignment	: 64
address sizes	: 46 bits physical, 48 bits virtual
power management:

processor	: 1
vendor_id	: GenuineIntel
cpu family	: 6
model		: 85
model name	: Intel(R) Xeon(R) Platinum 8171M CPU @ 2.60GHz
stepping	: 4
microcode	: 0xffffffff
cpu MHz		: 2095.168
cache size	: 36608 KB
physical id	: 0
siblings	: 2
core id		: 1
cpu cores	: 2
apicid		: 1
initial apicid	: 1
fpu		: yes
fpu_exception	: yes
cpuid level	: 21
wp		: yes
flags		: fpu vme de pse tsc msr pae mce cx8 apic sep mtrr pge mca cmov pat pse36 clflush mmx fxsr sse sse2 ss ht syscall nx pdpe1gb rdtscp lm constant_tsc rep_good nopl xtopology cpuid pni pclmulqdq ssse3 fma cx16 pcid sse4_1 sse4_2 movbe popcnt aes xsave avx f16c rdrand hypervisor lahf_lm abm 3dnowprefetch invpcid_single pti fsgsbase bmi1 hle avx2 smep bmi2 erms invpcid rtm avx512f avx512dq rdseed adx smap clflushopt avx512cd avx512bw avx512vl xsaveopt xsavec xsaves md_clear
bugs		: cpu_meltdown spectre_v1 spectre_v2 spec_store_bypass l1tf mds swapgs taa itlb_multihit mmio_stale_data retbleed gds
bogomips	: 4190.33
clflush size	: 64
cache_alignment	: 64
address sizes	: 46 bits physical, 48 bits virtual
power management:



Memory: 4k page, physical 7098424k(1335908k free), swap 4194300k(4158232k free)

vm_info: OpenJDK 64-Bit Server VM (25.382-b05) for linux-amd64 JRE (1.8.0_382-b05), built on Jul 19 2023 15:36:27 by "jenkins" with gcc 7.5.0

time: Wed Oct 11 09:34:33 2023
timezone: UTC
elapsed time: 1.492132 seconds (0d 0h 0m 1s)

