rm: cannot remove '/home/runner/work/ozone/ozone/hadoop-ozone/dist/target/ozone-1.4.0-SNAPSHOT/compose/result/*': No such file or directory
Executing test in ozone-ha
Removing network ozone-ha_default
Network ozone-ha_default not found.
Creating network "ozone-ha_default" with the default driver
Pulling datanode (apache/ozone-runner:20230104-1)...
20230104-1: Pulling from apache/ozone-runner
Digest: sha256:bc4c3ecdf9e653e2287e8b99449222807ee6011b520beae9a8874d9b8fc037f3
Status: Downloaded newer image for apache/ozone-runner:20230104-1
Creating ozone-ha_om1_1 ... 
Creating ozone-ha_s3g_1 ... 
Creating ozone-ha_httpfs_1 ... 
Creating ozone-ha_datanode_1 ... 
Creating ozone-ha_datanode_2 ... 
Creating ozone-ha_datanode_3 ... 
Creating ozone-ha_datanode_4 ... 
Creating ozone-ha_datanode_5 ... 
Creating ozone-ha_scm3_1     ... 
Creating ozone-ha_scm2_1     ... 
Creating ozone-ha_recon_1    ... 
Creating ozone-ha_om3_1      ... 
Creating ozone-ha_om2_1      ... 
Creating ozone-ha_scm1_1     ... 
Creating ozone-ha_s3g_1      ... done
Creating ozone-ha_httpfs_1   ... done
Creating ozone-ha_om1_1      ... done
Creating ozone-ha_datanode_1 ... done
Creating ozone-ha_datanode_4 ... done
Creating ozone-ha_scm3_1     ... done
Creating ozone-ha_recon_1    ... done
Creating ozone-ha_datanode_3 ... done
Creating ozone-ha_scm1_1     ... done
Creating ozone-ha_scm2_1     ... done
Creating ozone-ha_datanode_2 ... done
Creating ozone-ha_om2_1      ... done
Creating ozone-ha_om3_1      ... done
Creating ozone-ha_datanode_5 ... done
SECONDS: 67
com.google.protobuf.ServiceException: java.net.ConnectException: Call From fbd2b1c9f204/172.18.0.12 to scm1:9860 failed on connection exception: java.net.ConnectException: Connection refused; For more details see: http://wiki.apache.org/hadoop/ConnectionRefused, while invoking $Proxy20.submitRequest over nodeId=scm1,nodeAddress=scm1/172.18.0.12:9860 after 3 failover attempts. Trying to failover after sleeping for 2000ms. Current retry count: 3. com.google.protobuf.ServiceException: java.net.ConnectException: Call From fbd2b1c9f204/172.18.0.12 to scm2:9860 failed on connection exception: java.net.ConnectException: Connection refused; For more details see: http://wiki.apache.org/hadoop/ConnectionRefused, while invoking $Proxy20.submitRequest over nodeId=scm2,nodeAddress=scm2/172.18.0.14:9860 after 4 failover attempts. Trying to failover after sleeping for 2000ms. Current retry count: 4. com.google.protobuf.ServiceException: java.net.ConnectException: Call From fbd2b1c9f204/172.18.0.12 to scm3:9860 failed on connection exception: java.net.ConnectException: Connection refused; For more details see: http://wiki.apache.org/hadoop/ConnectionRefused, while invoking $Proxy20.submitRequest over nodeId=scm3,nodeAddress=scm3/172.18.0.9:9860 after 5 failover attempts. Trying to failover after sleeping for 2000ms. Current retry count: 5. com.google.protobuf.ServiceException: org.apache.hadoop.ipc.RemoteException(org.apache.hadoop.hdds.ratis.ServerNotLeaderException): Server:a18f23a8-c7a3-4a06-b9ac-b70d13ebc25f is not the leader. Could not determine the leader node. at org.apache.hadoop.hdds.ratis.ServerNotLeaderException.convertToNotLeaderException(ServerNotLeaderException.java:109) at org.apache.hadoop.hdds.scm.ha.RatisUtil.checkRatisException(RatisUtil.java:246) at org.apache.hadoop.hdds.scm.protocol.StorageContainerLocationProtocolServerSideTranslatorPB.submitRequest(StorageContainerLocationProtocolServerSideTranslatorPB.java:197) at org.apache.hadoop.hdds.protocol.proto.StorageContainerLocationProtocolProtos$StorageContainerLocationProtocolService$2.callBlockingMethod(StorageContainerLocationProtocolProtos.java:64993) at org.apache.hadoop.ipc.ProtobufRpcEngine$Server.processCall(ProtobufRpcEngine.java:484) at org.apache.hadoop.ipc.ProtobufRpcEngine2$Server$ProtoBufRpcInvoker.call(ProtobufRpcEngine2.java:595) at org.apache.hadoop.ipc.ProtobufRpcEngine2$Server$ProtoBufRpcInvoker.call(ProtobufRpcEngine2.java:573) at org.apache.hadoop.ipc.RPC$Server.call(RPC.java:1213) at org.apache.hadoop.ipc.Server$RpcCall.run(Server.java:1089) at org.apache.hadoop.ipc.Server$RpcCall.run(Server.java:1012) at java.base/java.security.AccessController.doPrivileged(Native Method) at java.base/javax.security.auth.Subject.doAs(Subject.java:423) at org.apache.hadoop.security.UserGroupInformation.doAs(UserGroupInformation.java:1899) at org.apache.hadoop.ipc.Server$Handler.run(Server.java:3026) , while invoking $Proxy20.submitRequest over nodeId=scm1,nodeAddress=scm1/172.18.0.12:9860 after 6 failover attempts. Trying to failover after sleeping for 2000ms. Current retry count: 6. com.google.protobuf.ServiceException: java.net.ConnectException: Call From fbd2b1c9f204/172.18.0.12 to scm2:9860 failed on connection exception: java.net.ConnectException: Connection refused; For more details see: http://wiki.apache.org/hadoop/ConnectionRefused, while invoking $Proxy20.submitRequest over nodeId=scm2,nodeAddress=scm2/172.18.0.14:9860 after 7 failover attempts. Trying to failover after sleeping for 2000ms. Current retry count: 7. com.google.protobuf.ServiceException: java.net.ConnectException: Call From fbd2b1c9f204/172.18.0.12 to scm3:9860 failed on connection exception: java.net.ConnectException: Connection refused; For more details see: http://wiki.apache.org/hadoop/ConnectionRefused, while invoking $Proxy20.submitRequest over nodeId=scm3,nodeAddress=scm3/172.18.0.9:9860 after 8 failover attempts. Trying to failover after sleeping for 2000ms. Current retry count: 8. SCM is in safe mode. validated:true, DataNodeSafeModeRule, registered datanodes (=5) >= required datanodes (=5) validated:false, HealthyPipelineSafeModeRule, healthy Ratis/THREE pipelines (=0) >= healthyPipelineThresholdCount (=1) validated:true, ContainerSafeModeRule, % of containers with at least one reported replica (=1.00) >= safeModeCutoff (=0.99) validated:true, AtleastOneDatanodeReportedRule, reported Ratis/THREE pipelines with at least one datanode (=0) >= threshold (=0)
SECONDS: 82
SCM is in safe mode. validated:true, DataNodeSafeModeRule, registered datanodes (=5) >= required datanodes (=5) validated:false, HealthyPipelineSafeModeRule, healthy Ratis/THREE pipelines (=0) >= healthyPipelineThresholdCount (=1) validated:true, ContainerSafeModeRule, % of containers with at least one reported replica (=1.00) >= safeModeCutoff (=0.99) validated:true, AtleastOneDatanodeReportedRule, reported Ratis/THREE pipelines with at least one datanode (=0) >= threshold (=0)
SECONDS: 108
SCM is in safe mode. validated:true, DataNodeSafeModeRule, registered datanodes (=5) >= required datanodes (=5) validated:false, HealthyPipelineSafeModeRule, healthy Ratis/THREE pipelines (=0) >= healthyPipelineThresholdCount (=1) validated:true, ContainerSafeModeRule, % of containers with at least one reported replica (=1.00) >= safeModeCutoff (=0.99) validated:true, AtleastOneDatanodeReportedRule, reported Ratis/THREE pipelines with at least one datanode (=0) >= threshold (=0)
SECONDS: 135
SCM is out of safe mode.
Safe mode is off
Found OM leader for service omservice: om2 : LEADER (om2)
Replaced OM order with om2,om3,om1 in ozone-ha_datanode_1
Replaced OM order with om2,om3,om1 in ozone-ha_datanode_2
Replaced OM order with om2,om3,om1 in ozone-ha_datanode_3
Replaced OM order with om2,om3,om1 in ozone-ha_datanode_4
Replaced OM order with om2,om3,om1 in ozone-ha_datanode_5
Replaced OM order with om2,om3,om1 in ozone-ha_recon_1
Replaced OM order with om2,om3,om1 in ozone-ha_s3g_1
Replaced OM order with om2,om3,om1 in ozone-ha_scm1_1
Replaced OM order with om2,om3,om1 in ozone-ha_scm2_1
Replaced OM order with om2,om3,om1 in ozone-ha_scm3_1
==============================================================================
Ozone-Shell-Single :: Test ozone shell CLI usage                              
==============================================================================
Test ozone shell                                                      | PASS |
------------------------------------------------------------------------------
Ozone-Shell-Single :: Test ozone shell CLI usage                      | PASS |
1 test, 1 passed, 0 failed
==============================================================================
Output:  /tmp/smoketest/ozone-ha/result/robot-ozone-ha-ozone-ha-ozone-shell-single-scm1.xml
==============================================================================
Links :: Test bucket links via Ozone CLI                                      
==============================================================================
Link to non-existent bucket                                           | PASS |
------------------------------------------------------------------------------
Key create passthrough                                                | PASS |
------------------------------------------------------------------------------
Key read passthrough                                                  | PASS |
------------------------------------------------------------------------------
Key list passthrough                                                  | PASS |
------------------------------------------------------------------------------
Key delete passthrough                                                | PASS |
------------------------------------------------------------------------------
Bucket list contains links                                            | PASS |
------------------------------------------------------------------------------
Bucket info shows source                                              | PASS |
------------------------------------------------------------------------------
Source and target have separate ACLs                                  | PASS |
------------------------------------------------------------------------------
Buckets and links share namespace                                     | PASS |
------------------------------------------------------------------------------
Can follow link with read access                                      | PASS |
------------------------------------------------------------------------------
Cannot follow link without read access                                | PASS |
------------------------------------------------------------------------------
ACL verified on source bucket                                         | PASS |
------------------------------------------------------------------------------
Loop in link chain is detected                                        | PASS |
------------------------------------------------------------------------------
Multiple links to same bucket are allowed                             | PASS |
------------------------------------------------------------------------------
Source bucket not affected by deleting link                           | PASS |
------------------------------------------------------------------------------
Setting bucket property on link not allowed                           | PASS |
------------------------------------------------------------------------------
Links :: Test bucket links via Ozone CLI                              | PASS |
16 tests, 16 passed, 0 failed
==============================================================================
Output:  /tmp/smoketest/ozone-ha/result/robot-ozone-ha-ozone-ha-ozone-shell-single-scm1-1.xml
==============================================================================
ozonefs-ofs-link :: Ozone FS tests                                            
==============================================================================
List root                                                             | PASS |
------------------------------------------------------------------------------
List non-existent volume                                              | PASS |
------------------------------------------------------------------------------
List non-existent bucket                                              | PASS |
------------------------------------------------------------------------------
Create dir with parents                                               | PASS |
------------------------------------------------------------------------------
Copy from local                                                       | PASS |
------------------------------------------------------------------------------
Put                                                                   | PASS |
------------------------------------------------------------------------------
Check disk usage after create a file which uses RATIS replication ... | PASS |
------------------------------------------------------------------------------
Put with Streaming                                                    | PASS |
------------------------------------------------------------------------------
List                                                                  | PASS |
------------------------------------------------------------------------------
Move                                                                  | PASS |
------------------------------------------------------------------------------
Copy within FS                                                        | PASS |
------------------------------------------------------------------------------
Cat file                                                              | PASS |
------------------------------------------------------------------------------
Delete file                                                           | PASS |
------------------------------------------------------------------------------
Delete dir                                                            | PASS |
------------------------------------------------------------------------------
Touch file                                                            | PASS |
------------------------------------------------------------------------------
Delete file with Trash                                                | FAIL |
1 != 0
------------------------------------------------------------------------------
Delete recursively                                                    | PASS |
------------------------------------------------------------------------------
List recursively                                                      | PASS |
------------------------------------------------------------------------------
Copy to other bucket                                                  | PASS |
------------------------------------------------------------------------------
Copy to other volume                                                  | PASS |
------------------------------------------------------------------------------
List file created via shell                                           | PASS |
------------------------------------------------------------------------------
Reject overwrite existing                                             | PASS |
------------------------------------------------------------------------------
Get file                                                              | PASS |
------------------------------------------------------------------------------
ozonefs-ofs-link :: Ozone FS tests                                    | FAIL |
23 tests, 22 passed, 1 failed
==============================================================================
Output:  /tmp/smoketest/ozone-ha/result/robot-ozone-ha-ozone-ha-ozone-shell-single-scm1-2.xml
jstack 6 > /home/runner/work/ozone/ozone/hadoop-ozone/dist/target/ozone-1.4.0-SNAPSHOT/compose/ozone-ha/result/ozone-ha_datanode_1_HddsDatanodeService.stack
jstack 7 > /home/runner/work/ozone/ozone/hadoop-ozone/dist/target/ozone-1.4.0-SNAPSHOT/compose/ozone-ha/result/ozone-ha_datanode_2_HddsDatanodeService.stack
jstack 7 > /home/runner/work/ozone/ozone/hadoop-ozone/dist/target/ozone-1.4.0-SNAPSHOT/compose/ozone-ha/result/ozone-ha_datanode_3_HddsDatanodeService.stack
jstack 6 > /home/runner/work/ozone/ozone/hadoop-ozone/dist/target/ozone-1.4.0-SNAPSHOT/compose/ozone-ha/result/ozone-ha_datanode_4_HddsDatanodeService.stack
jstack 7 > /home/runner/work/ozone/ozone/hadoop-ozone/dist/target/ozone-1.4.0-SNAPSHOT/compose/ozone-ha/result/ozone-ha_datanode_5_HddsDatanodeService.stack
jstack 6 > /home/runner/work/ozone/ozone/hadoop-ozone/dist/target/ozone-1.4.0-SNAPSHOT/compose/ozone-ha/result/ozone-ha_om1_1_OzoneManagerStarter.stack
jstack 7 > /home/runner/work/ozone/ozone/hadoop-ozone/dist/target/ozone-1.4.0-SNAPSHOT/compose/ozone-ha/result/ozone-ha_om2_1_OzoneManagerStarter.stack
jstack 7 > /home/runner/work/ozone/ozone/hadoop-ozone/dist/target/ozone-1.4.0-SNAPSHOT/compose/ozone-ha/result/ozone-ha_om3_1_OzoneManagerStarter.stack
jstack 6 > /home/runner/work/ozone/ozone/hadoop-ozone/dist/target/ozone-1.4.0-SNAPSHOT/compose/ozone-ha/result/ozone-ha_recon_1_ReconServer.stack
jstack 7 > /home/runner/work/ozone/ozone/hadoop-ozone/dist/target/ozone-1.4.0-SNAPSHOT/compose/ozone-ha/result/ozone-ha_s3g_1_Gateway.stack
jstack 6 > /home/runner/work/ozone/ozone/hadoop-ozone/dist/target/ozone-1.4.0-SNAPSHOT/compose/ozone-ha/result/ozone-ha_scm1_1_StorageContainerManagerStarter.stack
jstack 7 > /home/runner/work/ozone/ozone/hadoop-ozone/dist/target/ozone-1.4.0-SNAPSHOT/compose/ozone-ha/result/ozone-ha_scm2_1_StorageContainerManagerStarter.stack
jstack 7 > /home/runner/work/ozone/ozone/hadoop-ozone/dist/target/ozone-1.4.0-SNAPSHOT/compose/ozone-ha/result/ozone-ha_scm3_1_StorageContainerManagerStarter.stack
Stopping ozone-ha_scm1_1     ... 
Stopping ozone-ha_scm2_1     ... 
Stopping ozone-ha_om2_1      ... 
Stopping ozone-ha_om3_1      ... 
Stopping ozone-ha_recon_1    ... 
Stopping ozone-ha_datanode_5 ... 
Stopping ozone-ha_datanode_3 ... 
Stopping ozone-ha_scm3_1     ... 
Stopping ozone-ha_datanode_2 ... 
Stopping ozone-ha_datanode_4 ... 
Stopping ozone-ha_datanode_1 ... 
Stopping ozone-ha_s3g_1      ... 
Stopping ozone-ha_httpfs_1   ... 
Stopping ozone-ha_om1_1      ... 
Stopping ozone-ha_httpfs_1   ... done
Stopping ozone-ha_s3g_1      ... done
Stopping ozone-ha_om1_1      ... done
Stopping ozone-ha_om2_1      ... done
Stopping ozone-ha_om3_1      ... done
Stopping ozone-ha_recon_1    ... done
Stopping ozone-ha_datanode_4 ... done
Stopping ozone-ha_datanode_3 ... done
Stopping ozone-ha_datanode_2 ... done
Stopping ozone-ha_datanode_5 ... done
Stopping ozone-ha_datanode_1 ... done
Stopping ozone-ha_scm1_1     ... done
Stopping ozone-ha_scm2_1     ... done
Stopping ozone-ha_scm3_1     ... done
Removing ozone-ha_scm1_1     ... 
Removing ozone-ha_scm2_1     ... 
Removing ozone-ha_om2_1      ... 
Removing ozone-ha_om3_1      ... 
Removing ozone-ha_recon_1    ... 
Removing ozone-ha_datanode_5 ... 
Removing ozone-ha_datanode_3 ... 
Removing ozone-ha_scm3_1     ... 
Removing ozone-ha_datanode_2 ... 
Removing ozone-ha_datanode_4 ... 
Removing ozone-ha_datanode_1 ... 
Removing ozone-ha_s3g_1      ... 
Removing ozone-ha_httpfs_1   ... 
Removing ozone-ha_om1_1      ... 
Removing ozone-ha_httpfs_1   ... done
Removing ozone-ha_datanode_3 ... done
Removing ozone-ha_om3_1      ... done
Removing ozone-ha_om1_1      ... done
Removing ozone-ha_datanode_5 ... done
Removing ozone-ha_scm1_1     ... done
Removing ozone-ha_om2_1      ... done
Removing ozone-ha_recon_1    ... done
Removing ozone-ha_datanode_1 ... done
Removing ozone-ha_s3g_1      ... done
Removing ozone-ha_datanode_4 ... done
Removing ozone-ha_scm3_1     ... done
Removing ozone-ha_datanode_2 ... done
Removing ozone-ha_scm2_1     ... done
Removing network ozone-ha_default
ERROR: Test execution of ozone-ha is FAILED!!!!
Output:  /home/runner/work/ozone/ozone/hadoop-ozone/dist/target/ozone-1.4.0-SNAPSHOT/compose/result/ozone-ha.xml
removed 'ozone-ha/result/robot-ozone-ha-ozone-ha-ozone-shell-single-scm1-1.xml'
removed 'ozone-ha/result/robot-ozone-ha-ozone-ha-ozone-shell-single-scm1-2.xml'
removed 'ozone-ha/result/robot-ozone-ha-ozone-ha-ozone-shell-single-scm1.xml'
renamed 'ozone-ha/result/dn-audit-1dbbf15f7340.log' -> '/home/runner/work/ozone/ozone/hadoop-ozone/dist/target/ozone-1.4.0-SNAPSHOT/compose/result/ozone-ha/dn-audit-1dbbf15f7340.log'
renamed 'ozone-ha/result/dn-audit-2366f6d6ea80.log' -> '/home/runner/work/ozone/ozone/hadoop-ozone/dist/target/ozone-1.4.0-SNAPSHOT/compose/result/ozone-ha/dn-audit-2366f6d6ea80.log'
renamed 'ozone-ha/result/dn-audit-4b92a6c6cc4c.log' -> '/home/runner/work/ozone/ozone/hadoop-ozone/dist/target/ozone-1.4.0-SNAPSHOT/compose/result/ozone-ha/dn-audit-4b92a6c6cc4c.log'
renamed 'ozone-ha/result/dn-audit-76a2e35adad8.log' -> '/home/runner/work/ozone/ozone/hadoop-ozone/dist/target/ozone-1.4.0-SNAPSHOT/compose/result/ozone-ha/dn-audit-76a2e35adad8.log'
renamed 'ozone-ha/result/dn-audit-7a1791b1e91d.log' -> '/home/runner/work/ozone/ozone/hadoop-ozone/dist/target/ozone-1.4.0-SNAPSHOT/compose/result/ozone-ha/dn-audit-7a1791b1e91d.log'
renamed 'ozone-ha/result/docker-ozone-ha-ozone-ha-ozone-shell-single-scm1.log' -> '/home/runner/work/ozone/ozone/hadoop-ozone/dist/target/ozone-1.4.0-SNAPSHOT/compose/result/ozone-ha/docker-ozone-ha-ozone-ha-ozone-shell-single-scm1.log'
renamed 'ozone-ha/result/om-audit-om1.log' -> '/home/runner/work/ozone/ozone/hadoop-ozone/dist/target/ozone-1.4.0-SNAPSHOT/compose/result/ozone-ha/om-audit-om1.log'
renamed 'ozone-ha/result/om-audit-om2.log' -> '/home/runner/work/ozone/ozone/hadoop-ozone/dist/target/ozone-1.4.0-SNAPSHOT/compose/result/ozone-ha/om-audit-om2.log'
renamed 'ozone-ha/result/om-audit-om3.log' -> '/home/runner/work/ozone/ozone/hadoop-ozone/dist/target/ozone-1.4.0-SNAPSHOT/compose/result/ozone-ha/om-audit-om3.log'
renamed 'ozone-ha/result/ozone-ha_datanode_1_HddsDatanodeService.stack' -> '/home/runner/work/ozone/ozone/hadoop-ozone/dist/target/ozone-1.4.0-SNAPSHOT/compose/result/ozone-ha/ozone-ha_datanode_1_HddsDatanodeService.stack'
renamed 'ozone-ha/result/ozone-ha_datanode_2_HddsDatanodeService.stack' -> '/home/runner/work/ozone/ozone/hadoop-ozone/dist/target/ozone-1.4.0-SNAPSHOT/compose/result/ozone-ha/ozone-ha_datanode_2_HddsDatanodeService.stack'
renamed 'ozone-ha/result/ozone-ha_datanode_3_HddsDatanodeService.stack' -> '/home/runner/work/ozone/ozone/hadoop-ozone/dist/target/ozone-1.4.0-SNAPSHOT/compose/result/ozone-ha/ozone-ha_datanode_3_HddsDatanodeService.stack'
renamed 'ozone-ha/result/ozone-ha_datanode_4_HddsDatanodeService.stack' -> '/home/runner/work/ozone/ozone/hadoop-ozone/dist/target/ozone-1.4.0-SNAPSHOT/compose/result/ozone-ha/ozone-ha_datanode_4_HddsDatanodeService.stack'
renamed 'ozone-ha/result/ozone-ha_datanode_5_HddsDatanodeService.stack' -> '/home/runner/work/ozone/ozone/hadoop-ozone/dist/target/ozone-1.4.0-SNAPSHOT/compose/result/ozone-ha/ozone-ha_datanode_5_HddsDatanodeService.stack'
renamed 'ozone-ha/result/ozone-ha_om1_1_OzoneManagerStarter.stack' -> '/home/runner/work/ozone/ozone/hadoop-ozone/dist/target/ozone-1.4.0-SNAPSHOT/compose/result/ozone-ha/ozone-ha_om1_1_OzoneManagerStarter.stack'
renamed 'ozone-ha/result/ozone-ha_om2_1_OzoneManagerStarter.stack' -> '/home/runner/work/ozone/ozone/hadoop-ozone/dist/target/ozone-1.4.0-SNAPSHOT/compose/result/ozone-ha/ozone-ha_om2_1_OzoneManagerStarter.stack'
renamed 'ozone-ha/result/ozone-ha_om3_1_OzoneManagerStarter.stack' -> '/home/runner/work/ozone/ozone/hadoop-ozone/dist/target/ozone-1.4.0-SNAPSHOT/compose/result/ozone-ha/ozone-ha_om3_1_OzoneManagerStarter.stack'
renamed 'ozone-ha/result/ozone-ha_recon_1_ReconServer.stack' -> '/home/runner/work/ozone/ozone/hadoop-ozone/dist/target/ozone-1.4.0-SNAPSHOT/compose/result/ozone-ha/ozone-ha_recon_1_ReconServer.stack'
renamed 'ozone-ha/result/ozone-ha_s3g_1_Gateway.stack' -> '/home/runner/work/ozone/ozone/hadoop-ozone/dist/target/ozone-1.4.0-SNAPSHOT/compose/result/ozone-ha/ozone-ha_s3g_1_Gateway.stack'
renamed 'ozone-ha/result/ozone-ha_scm1_1_StorageContainerManagerStarter.stack' -> '/home/runner/work/ozone/ozone/hadoop-ozone/dist/target/ozone-1.4.0-SNAPSHOT/compose/result/ozone-ha/ozone-ha_scm1_1_StorageContainerManagerStarter.stack'
renamed 'ozone-ha/result/ozone-ha_scm2_1_StorageContainerManagerStarter.stack' -> '/home/runner/work/ozone/ozone/hadoop-ozone/dist/target/ozone-1.4.0-SNAPSHOT/compose/result/ozone-ha/ozone-ha_scm2_1_StorageContainerManagerStarter.stack'
renamed 'ozone-ha/result/ozone-ha_scm3_1_StorageContainerManagerStarter.stack' -> '/home/runner/work/ozone/ozone/hadoop-ozone/dist/target/ozone-1.4.0-SNAPSHOT/compose/result/ozone-ha/ozone-ha_scm3_1_StorageContainerManagerStarter.stack'
renamed 'ozone-ha/result/s3g-audit-5fa068a14575.log' -> '/home/runner/work/ozone/ozone/hadoop-ozone/dist/target/ozone-1.4.0-SNAPSHOT/compose/result/ozone-ha/s3g-audit-5fa068a14575.log'
renamed 'ozone-ha/result/scm-audit-80762c8939a6.log' -> '/home/runner/work/ozone/ozone/hadoop-ozone/dist/target/ozone-1.4.0-SNAPSHOT/compose/result/ozone-ha/scm-audit-80762c8939a6.log'
renamed 'ozone-ha/result/scm-audit-a5855c6592c5.log' -> '/home/runner/work/ozone/ozone/hadoop-ozone/dist/target/ozone-1.4.0-SNAPSHOT/compose/result/ozone-ha/scm-audit-a5855c6592c5.log'
renamed 'ozone-ha/result/scm-audit-fbd2b1c9f204.log' -> '/home/runner/work/ozone/ozone/hadoop-ozone/dist/target/ozone-1.4.0-SNAPSHOT/compose/result/ozone-ha/scm-audit-fbd2b1c9f204.log'
Exception in thread "main" java.net.SocketException: Socket closed
	at java.base/java.net.PlainSocketImpl.socketAccept(Native Method)
	at java.base/java.net.AbstractPlainSocketImpl.accept(AbstractPlainSocketImpl.java:474)
	at java.base/java.net.ServerSocket.implAccept(ServerSocket.java:565)
	at java.base/java.net.ServerSocket.accept(ServerSocket.java:533)
	at org.apache.hadoop.test.JacocoServer.main(JacocoServer.java:60)
Log:     /home/runner/work/ozone/ozone/hadoop-ozone/dist/target/ozone-1.4.0-SNAPSHOT/compose/result/log.html
Report:  /home/runner/work/ozone/ozone/hadoop-ozone/dist/target/ozone-1.4.0-SNAPSHOT/compose/result/report.html
