rm: cannot remove '/home/runner/work/ozone/ozone/hadoop-ozone/dist/target/ozone-1.4.0-SNAPSHOT/compose/result/*': No such file or directory
Executing test ozone-ha/test-hadoop.sh
The HADOOP_IMAGE variable is not set. Defaulting to a blank string.
Removing network ozone-ha_default
Network ozone-ha_default not found.
The HADOOP_IMAGE variable is not set. Defaulting to a blank string.
Creating network "ozone-ha_default" with the default driver
Pulling s3g (apache/ozone-runner:20230615-1)...
20230615-1: Pulling from apache/ozone-runner
Digest: sha256:46c59e4f69c94a8f886d621c9f1898fda8cc4d5de59059c6c74175ffa4718474
Status: Downloaded newer image for apache/ozone-runner:20230615-1
Creating ozone-ha_s3g_1 ... 
Creating ozone-ha_scm1_1 ... 
Creating ozone-ha_om2_1  ... 
Creating ozone-ha_datanode_1 ... 
Creating ozone-ha_datanode_2 ... 
Creating ozone-ha_datanode_3 ... 
Creating ozone-ha_scm3_1     ... 
Creating ozone-ha_httpfs_1   ... 
Creating ozone-ha_scm2_1     ... 
Creating ozone-ha_om3_1      ... 
Creating ozone-ha_recon_1    ... 
Creating ozone-ha_om1_1      ... 
Creating ozone-ha_s3g_1      ... done
Creating ozone-ha_scm1_1     ... done
Creating ozone-ha_datanode_3 ... done
Creating ozone-ha_scm2_1     ... done
Creating ozone-ha_om2_1      ... done
Creating ozone-ha_scm3_1     ... done
Creating ozone-ha_httpfs_1   ... done
Creating ozone-ha_om1_1      ... done
Creating ozone-ha_recon_1    ... done
Creating ozone-ha_datanode_2 ... done
Creating ozone-ha_datanode_1 ... done
Creating ozone-ha_om3_1      ... done
Port 9860 is not available on scm1 yet
Port 9860 is not available on scm1 yet
Port 9860 is not available on scm1 yet
Port 9860 is not available on scm1 yet
Port 9860 is not available on scm1 yet
Port 9860 is not available on scm1 yet
Port 9860 is not available on scm1 yet
Port 9860 is not available on scm1 yet
Port 9860 is not available on scm1 yet
Port 9860 is not available on scm1 yet
Port 9860 is not available on scm1 yet
Port 9860 is not available on scm1 yet
Port 9860 is not available on scm1 yet
Port 9860 is not available on scm1 yet
Port 9860 is not available on scm1 yet
Port 9860 is not available on scm1 yet
Port 9860 is not available on scm1 yet
Port 9860 is not available on scm1 yet
Port 9860 is not available on scm1 yet
Port 9860 is not available on scm1 yet
Port 9860 is available on scm1
SCM is in safe mode. Will retry in 1 sec. Remaining time (sec): 234
SCM is in safe mode. Will retry in 1 sec. Remaining time (sec): 233
SCM is in safe mode. Will retry in 1 sec. Remaining time (sec): 232
SCM is in safe mode. Will retry in 1 sec. Remaining time (sec): 231
SCM is in safe mode. Will retry in 1 sec. Remaining time (sec): 230
SCM is in safe mode. Will retry in 1 sec. Remaining time (sec): 229
SCM is in safe mode. Will retry in 1 sec. Remaining time (sec): 228
SCM is in safe mode. Will retry in 1 sec. Remaining time (sec): 227
SCM is in safe mode. Will retry in 1 sec. Remaining time (sec): 226
SCM is in safe mode. Will retry in 1 sec. Remaining time (sec): 225
SCM is in safe mode. Will retry in 1 sec. Remaining time (sec): 224
SCM is in safe mode. Will retry in 1 sec. Remaining time (sec): 223
SCM is in safe mode. Will retry in 1 sec. Remaining time (sec): 222
SCM is in safe mode. Will retry in 1 sec. Remaining time (sec): 221
SCM is in safe mode. Will retry in 1 sec. Remaining time (sec): 220
SCM is in safe mode. Will retry in 1 sec. Remaining time (sec): 219
SCM is in safe mode. Will retry in 1 sec. Remaining time (sec): 218
SCM is in safe mode. Will retry in 1 sec. Remaining time (sec): 217
SCM is in safe mode. Will retry in 1 sec. Remaining time (sec): 216
SCM is in safe mode. Will retry in 1 sec. Remaining time (sec): 215
SCM is in safe mode. Will retry in 1 sec. Remaining time (sec): 214
SCM is in safe mode. Will retry in 1 sec. Remaining time (sec): 213
SCM is in safe mode. Will retry in 1 sec. Remaining time (sec): 212
SCM is in safe mode. Will retry in 1 sec. Remaining time (sec): 211
SCM is in safe mode. Will retry in 1 sec. Remaining time (sec): 210
SCM is in safe mode. Will retry in 1 sec. Remaining time (sec): 209
SCM is in safe mode. Will retry in 1 sec. Remaining time (sec): 208
SCM is in safe mode. Will retry in 1 sec. Remaining time (sec): 207
SCM is in safe mode. Will retry in 1 sec. Remaining time (sec): 206
SCM is in safe mode. Will retry in 1 sec. Remaining time (sec): 205
SCM is in safe mode. Will retry in 1 sec. Remaining time (sec): 204
SCM is in safe mode. Will retry in 1 sec. Remaining time (sec): 203
SCM is in safe mode. Will retry in 1 sec. Remaining time (sec): 202
SCM is in safe mode. Will retry in 1 sec. Remaining time (sec): 201
SCM is in safe mode. Will retry in 1 sec. Remaining time (sec): 200
SCM is in safe mode. Will retry in 1 sec. Remaining time (sec): 199
SCM is in safe mode. Will retry in 1 sec. Remaining time (sec): 198
SCM is in safe mode. Will retry in 1 sec. Remaining time (sec): 197
SCM is in safe mode. Will retry in 1 sec. Remaining time (sec): 196
SCM is out of safe mode.
Found OM leader for service omservice: om2 : LEADER (om2)
Replaced OM order with om2,om3,om1 in ozone-ha_datanode_1
Replaced OM order with om2,om3,om1 in ozone-ha_datanode_2
Replaced OM order with om2,om3,om1 in ozone-ha_datanode_3
Replaced OM order with om2,om3,om1 in ozone-ha_recon_1
Replaced OM order with om2,om3,om1 in ozone-ha_s3g_1
Replaced OM order with om2,om3,om1 in ozone-ha_scm1_1
Replaced OM order with om2,om3,om1 in ozone-ha_scm2_1
Replaced OM order with om2,om3,om1 in ozone-ha_scm3_1
==============================================================================
Createmrenv :: Create directories required for MR test                        
==============================================================================
Create test volume, bucket and key                                    | PASS |
------------------------------------------------------------------------------
Create user dir for hadoop                                            | PASS |
------------------------------------------------------------------------------
Createmrenv :: Create directories required for MR test                | PASS |
2 tests, 2 passed, 0 failed
==============================================================================
Output:  /tmp/smoketest/ozone-ha/result/robot-1.xml
Pulling nm (flokkr/hadoop:2.7.3)...
2.7.3: Pulling from flokkr/hadoop
Digest: sha256:e791dc9bfa858e24443e1f1d70bfacf8382e0b8b9c4063fee38a460c26967b8e
Status: Downloaded newer image for flokkr/hadoop:2.7.3
Creating ozone-ha_rm_1 ... 
Creating ozone-ha_nm_1 ... 
Creating ozone-ha_rm_1 ... done
Creating ozone-ha_nm_1 ... done
Hadoop 2.7.3
Subversion https://git-wip-us.apache.org/repos/asf/hadoop.git -r baa91f7c6bc9cb92be5982de4719c1c8af91ccff
Compiled by root on 2016-08-18T01:41Z
Compiled with protoc 2.5.0
From source with checksum 2e4ce5f957ea4db193bce3734ff29ff4
This command was run using /opt/hadoop/share/hadoop/common/hadoop-common-2.7.3.jar
==============================================================================
hadoop-2.7.3-hadoopfs-o3fs :: Test ozone fs with hadoopfs                     
==============================================================================
Test hadoop dfs                                                       | PASS |
------------------------------------------------------------------------------
hadoop-2.7.3-hadoopfs-o3fs :: Test ozone fs with hadoopfs             | PASS |
1 critical test, 1 passed, 0 failed
1 test total, 1 passed, 0 failed
==============================================================================
Output:  /tmp/smoketest/ozone-ha/result/robot-2.xml
==============================================================================
hadoop-2.7.3-mapreduce-o3fs :: Execute MR jobs                                
==============================================================================
Execute PI calculation                                                | PASS |
------------------------------------------------------------------------------
Execute WordCount                                                     | PASS |
------------------------------------------------------------------------------
hadoop-2.7.3-mapreduce-o3fs :: Execute MR jobs                        | PASS |
2 critical tests, 2 passed, 0 failed
2 tests total, 2 passed, 0 failed
==============================================================================
Output:  /tmp/smoketest/ozone-ha/result/robot-3.xml
==============================================================================
hadoop-2.7.3-hadoopfs-ofs :: Test ozone fs with hadoopfs                      
==============================================================================
Test hadoop dfs                                                       | PASS |
------------------------------------------------------------------------------
hadoop-2.7.3-hadoopfs-ofs :: Test ozone fs with hadoopfs              | PASS |
1 critical test, 1 passed, 0 failed
1 test total, 1 passed, 0 failed
==============================================================================
Output:  /tmp/smoketest/ozone-ha/result/robot-4.xml
==============================================================================
hadoop-2.7.3-mapreduce-ofs :: Execute MR jobs                                 
==============================================================================
Execute PI calculation                                                | PASS |
------------------------------------------------------------------------------
Execute WordCount                                                     | PASS |
------------------------------------------------------------------------------
hadoop-2.7.3-mapreduce-ofs :: Execute MR jobs                         | PASS |
2 critical tests, 2 passed, 0 failed
2 tests total, 2 passed, 0 failed
==============================================================================
Output:  /tmp/smoketest/ozone-ha/result/robot-5.xml
Stopping ozone-ha_nm_1 ... 
Stopping ozone-ha_rm_1 ... 
Stopping ozone-ha_nm_1 ... done
Stopping ozone-ha_rm_1 ... done
Pulling nm (flokkr/hadoop:3.1.2)...
3.1.2: Pulling from flokkr/hadoop
Digest: sha256:1a24784735a3f243d7c0b2d1f49e74c42bb2ae8d7fc0f24aca2c740875f379f5
Status: Downloaded newer image for flokkr/hadoop:3.1.2
Recreating ozone-ha_nm_1 ... 
Recreating ozone-ha_rm_1 ... 
Recreating ozone-ha_nm_1 ... done
Recreating ozone-ha_rm_1 ... done
Hadoop 3.1.2
Source code repository https://github.com/apache/hadoop.git -r 1019dde65bcf12e05ef48ac71e84550d589e5d9a
Compiled by sunilg on 2019-01-29T01:39Z
Compiled with protoc 2.5.0
From source with checksum 64b8bdd4ca6e77cce75a93eb09ab2a9
This command was run using /opt/hadoop/share/hadoop/common/hadoop-common-3.1.2.jar
==============================================================================
hadoop-3.1.2-hadoopfs-o3fs :: Test ozone fs with hadoopfs                     
==============================================================================
Test hadoop dfs                                                       | PASS |
------------------------------------------------------------------------------
hadoop-3.1.2-hadoopfs-o3fs :: Test ozone fs with hadoopfs             | PASS |
1 critical test, 1 passed, 0 failed
1 test total, 1 passed, 0 failed
==============================================================================
Output:  /tmp/smoketest/ozone-ha/result/robot-6.xml
==============================================================================
hadoop-3.1.2-mapreduce-o3fs :: Execute MR jobs                                
==============================================================================
Execute PI calculation                                                | PASS |
------------------------------------------------------------------------------
Execute WordCount                                                     | PASS |
------------------------------------------------------------------------------
hadoop-3.1.2-mapreduce-o3fs :: Execute MR jobs                        | PASS |
2 critical tests, 2 passed, 0 failed
2 tests total, 2 passed, 0 failed
==============================================================================
Output:  /tmp/smoketest/ozone-ha/result/robot-7.xml
==============================================================================
hadoop-3.1.2-hadoopfs-ofs :: Test ozone fs with hadoopfs                      
==============================================================================
Test hadoop dfs                                                       | PASS |
------------------------------------------------------------------------------
hadoop-3.1.2-hadoopfs-ofs :: Test ozone fs with hadoopfs              | PASS |
1 critical test, 1 passed, 0 failed
1 test total, 1 passed, 0 failed
==============================================================================
Output:  /tmp/smoketest/ozone-ha/result/robot-8.xml
==============================================================================
hadoop-3.1.2-mapreduce-ofs :: Execute MR jobs                                 
==============================================================================
Execute PI calculation                                                | PASS |
------------------------------------------------------------------------------
Execute WordCount                                                     | PASS |
------------------------------------------------------------------------------
hadoop-3.1.2-mapreduce-ofs :: Execute MR jobs                         | PASS |
2 critical tests, 2 passed, 0 failed
2 tests total, 2 passed, 0 failed
==============================================================================
Output:  /tmp/smoketest/ozone-ha/result/robot-9.xml
Stopping ozone-ha_rm_1 ... 
Stopping ozone-ha_nm_1 ... 
Stopping ozone-ha_rm_1 ... done
Stopping ozone-ha_nm_1 ... done
Pulling rm (flokkr/hadoop:3.2.2)...
3.2.2: Pulling from flokkr/hadoop
Digest: sha256:958a6c5a3af4a01b3347ccc57052df78033e401fd9dff965148b0939782e2c9e
Status: Downloaded newer image for flokkr/hadoop:3.2.2
Recreating ozone-ha_rm_1 ... 
Recreating ozone-ha_nm_1 ... 
Recreating ozone-ha_rm_1 ... done
Recreating ozone-ha_nm_1 ... done
Hadoop 3.2.2
Source code repository Unknown -r 7a3bc90b05f257c8ace2f76d74264906f0f7a932
Compiled by hexiaoqiao on 2021-01-03T09:26Z
Compiled with protoc 2.5.0
From source with checksum 5a8f564f46624254b27f6a33126ff4
This command was run using /opt/hadoop/share/hadoop/common/hadoop-common-3.2.2.jar
==============================================================================
hadoop-3.2.2-hadoopfs-o3fs :: Test ozone fs with hadoopfs                     
==============================================================================
Test hadoop dfs                                                       | PASS |
------------------------------------------------------------------------------
hadoop-3.2.2-hadoopfs-o3fs :: Test ozone fs with hadoopfs             | PASS |
1 critical test, 1 passed, 0 failed
1 test total, 1 passed, 0 failed
==============================================================================
Output:  /tmp/smoketest/ozone-ha/result/robot-10.xml
==============================================================================
hadoop-3.2.2-mapreduce-o3fs :: Execute MR jobs                                
==============================================================================
Execute PI calculation                                                | PASS |
------------------------------------------------------------------------------
Execute WordCount                                                     | PASS |
------------------------------------------------------------------------------
hadoop-3.2.2-mapreduce-o3fs :: Execute MR jobs                        | PASS |
2 critical tests, 2 passed, 0 failed
2 tests total, 2 passed, 0 failed
==============================================================================
Output:  /tmp/smoketest/ozone-ha/result/robot-11.xml
==============================================================================
hadoop-3.2.2-hadoopfs-ofs :: Test ozone fs with hadoopfs                      
==============================================================================
Test hadoop dfs                                                       | PASS |
------------------------------------------------------------------------------
hadoop-3.2.2-hadoopfs-ofs :: Test ozone fs with hadoopfs              | PASS |
1 critical test, 1 passed, 0 failed
1 test total, 1 passed, 0 failed
==============================================================================
Output:  /tmp/smoketest/ozone-ha/result/robot-12.xml
==============================================================================
hadoop-3.2.2-mapreduce-ofs :: Execute MR jobs                                 
==============================================================================
Execute PI calculation                                                | PASS |
------------------------------------------------------------------------------
Execute WordCount                                                     | PASS |
------------------------------------------------------------------------------
hadoop-3.2.2-mapreduce-ofs :: Execute MR jobs                         | PASS |
2 critical tests, 2 passed, 0 failed
2 tests total, 2 passed, 0 failed
==============================================================================
Output:  /tmp/smoketest/ozone-ha/result/robot-13.xml
Stopping ozone-ha_rm_1 ... 
Stopping ozone-ha_nm_1 ... 
Stopping ozone-ha_rm_1 ... done
Stopping ozone-ha_nm_1 ... done
Pulling nm (apache/hadoop:3.3.6)...
3.3.6: Pulling from apache/hadoop
Digest: sha256:62a22627f35a1bbf29c721192c02fe311c93749cc43d51df01792b2ac40ff144
Status: Downloaded newer image for apache/hadoop:3.3.6
Recreating ozone-ha_rm_1 ... 
Recreating ozone-ha_nm_1 ... 
Recreating ozone-ha_nm_1 ... done
Recreating ozone-ha_rm_1 ... done
Hadoop 3.3.6
Source code repository https://github.com/apache/hadoop.git -r 1be78238728da9266a4f88195058f08fd012bf9c
Compiled by ubuntu on 2023-06-18T08:22Z
Compiled on platform linux-x86_64
Compiled with protoc 3.7.1
From source with checksum 5652179ad55f76cb287d9c633bb53bbd
This command was run using /opt/hadoop/share/hadoop/common/hadoop-common-3.3.6.jar
==============================================================================
hadoop-3.3.6-hadoopfs-o3fs :: Test ozone fs with hadoopfs                     
==============================================================================
Test hadoop dfs                                                       | PASS |
------------------------------------------------------------------------------
hadoop-3.3.6-hadoopfs-o3fs :: Test ozone fs with hadoopfs             | PASS |
1 critical test, 1 passed, 0 failed
1 test total, 1 passed, 0 failed
==============================================================================
Output:  /tmp/smoketest/ozone-ha/result/robot-14.xml
==============================================================================
hadoop-3.3.6-mapreduce-o3fs :: Execute MR jobs                                
==============================================================================
Execute PI calculation                                                | PASS |
------------------------------------------------------------------------------
Execute WordCount                                                     | PASS |
------------------------------------------------------------------------------
hadoop-3.3.6-mapreduce-o3fs :: Execute MR jobs                        | PASS |
2 critical tests, 2 passed, 0 failed
2 tests total, 2 passed, 0 failed
==============================================================================
Output:  /tmp/smoketest/ozone-ha/result/robot-15.xml
==============================================================================
hadoop-3.3.6-hadoopfs-ofs :: Test ozone fs with hadoopfs                      
==============================================================================
Test hadoop dfs                                                       | PASS |
------------------------------------------------------------------------------
hadoop-3.3.6-hadoopfs-ofs :: Test ozone fs with hadoopfs              | PASS |
1 critical test, 1 passed, 0 failed
1 test total, 1 passed, 0 failed
==============================================================================
Output:  /tmp/smoketest/ozone-ha/result/robot-16.xml
==============================================================================
hadoop-3.3.6-mapreduce-ofs :: Execute MR jobs                                 
==============================================================================
Execute PI calculation                                                | PASS |
------------------------------------------------------------------------------
Execute WordCount                                                     | PASS |
------------------------------------------------------------------------------
hadoop-3.3.6-mapreduce-ofs :: Execute MR jobs                         | PASS |
2 critical tests, 2 passed, 0 failed
2 tests total, 2 passed, 0 failed
==============================================================================
Output:  /tmp/smoketest/ozone-ha/result/robot-17.xml
Stopping ozone-ha_nm_1 ... 
Stopping ozone-ha_rm_1 ... 
Stopping ozone-ha_nm_1 ... done
Stopping ozone-ha_rm_1 ... done
Stopping ozone-ha_om3_1      ... 
Stopping ozone-ha_recon_1    ... 
Stopping ozone-ha_scm3_1     ... 
Stopping ozone-ha_httpfs_1   ... 
Stopping ozone-ha_om1_1      ... 
Stopping ozone-ha_scm2_1     ... 
Stopping ozone-ha_datanode_3 ... 
Stopping ozone-ha_datanode_1 ... 
Stopping ozone-ha_datanode_2 ... 
Stopping ozone-ha_om2_1      ... 
Stopping ozone-ha_scm1_1     ... 
Stopping ozone-ha_s3g_1      ... 
Stopping ozone-ha_httpfs_1   ... done
Stopping ozone-ha_s3g_1      ... done
Stopping ozone-ha_recon_1    ... done
Stopping ozone-ha_datanode_3 ... done
Stopping ozone-ha_datanode_1 ... done
Stopping ozone-ha_datanode_2 ... done
Stopping ozone-ha_om1_1      ... done
Stopping ozone-ha_om2_1      ... done
Stopping ozone-ha_om3_1      ... done
Stopping ozone-ha_scm2_1     ... done
Stopping ozone-ha_scm1_1     ... done
Stopping ozone-ha_scm3_1     ... done
Removing ozone-ha_nm_1       ... 
Removing ozone-ha_rm_1       ... 
Removing ozone-ha_om3_1      ... 
Removing ozone-ha_recon_1    ... 
Removing ozone-ha_scm3_1     ... 
Removing ozone-ha_httpfs_1   ... 
Removing ozone-ha_om1_1      ... 
Removing ozone-ha_scm2_1     ... 
Removing ozone-ha_datanode_3 ... 
Removing ozone-ha_datanode_1 ... 
Removing ozone-ha_datanode_2 ... 
Removing ozone-ha_om2_1      ... 
Removing ozone-ha_scm1_1     ... 
Removing ozone-ha_s3g_1      ... 
Removing ozone-ha_rm_1       ... done
Removing ozone-ha_om1_1      ... done
Removing ozone-ha_om2_1      ... done
Removing ozone-ha_scm2_1     ... done
Removing ozone-ha_s3g_1      ... done
Removing ozone-ha_datanode_1 ... done
Removing ozone-ha_httpfs_1   ... done
Removing ozone-ha_scm1_1     ... done
Removing ozone-ha_om3_1      ... done
Removing ozone-ha_scm3_1     ... done
Removing ozone-ha_recon_1    ... done
Removing ozone-ha_datanode_2 ... done
Removing ozone-ha_nm_1       ... done
Removing ozone-ha_datanode_3 ... done
Removing network ozone-ha_default
Output:  /home/runner/work/ozone/ozone/hadoop-ozone/dist/target/ozone-1.4.0-SNAPSHOT/compose/result/ozone-ha-hadoop.xml
removed 'ozone-ha/result/robot-1.xml'
removed 'ozone-ha/result/robot-10.xml'
removed 'ozone-ha/result/robot-11.xml'
removed 'ozone-ha/result/robot-12.xml'
removed 'ozone-ha/result/robot-13.xml'
removed 'ozone-ha/result/robot-14.xml'
removed 'ozone-ha/result/robot-15.xml'
removed 'ozone-ha/result/robot-16.xml'
removed 'ozone-ha/result/robot-17.xml'
removed 'ozone-ha/result/robot-2.xml'
removed 'ozone-ha/result/robot-3.xml'
removed 'ozone-ha/result/robot-4.xml'
removed 'ozone-ha/result/robot-5.xml'
removed 'ozone-ha/result/robot-6.xml'
removed 'ozone-ha/result/robot-7.xml'
removed 'ozone-ha/result/robot-8.xml'
removed 'ozone-ha/result/robot-9.xml'
renamed 'ozone-ha/result/dn-audit-44359416aa42.log' -> '/home/runner/work/ozone/ozone/hadoop-ozone/dist/target/ozone-1.4.0-SNAPSHOT/compose/result/ozone-ha/hadoop/dn-audit-44359416aa42.log'
renamed 'ozone-ha/result/dn-audit-c917664d6e95.log' -> '/home/runner/work/ozone/ozone/hadoop-ozone/dist/target/ozone-1.4.0-SNAPSHOT/compose/result/ozone-ha/hadoop/dn-audit-c917664d6e95.log'
renamed 'ozone-ha/result/dn-audit-e27677b7d2e7.log' -> '/home/runner/work/ozone/ozone/hadoop-ozone/dist/target/ozone-1.4.0-SNAPSHOT/compose/result/ozone-ha/hadoop/dn-audit-e27677b7d2e7.log'
renamed 'ozone-ha/result/docker-ozone-ha_datanode_1.log' -> '/home/runner/work/ozone/ozone/hadoop-ozone/dist/target/ozone-1.4.0-SNAPSHOT/compose/result/ozone-ha/hadoop/docker-ozone-ha_datanode_1.log'
renamed 'ozone-ha/result/docker-ozone-ha_datanode_2.log' -> '/home/runner/work/ozone/ozone/hadoop-ozone/dist/target/ozone-1.4.0-SNAPSHOT/compose/result/ozone-ha/hadoop/docker-ozone-ha_datanode_2.log'
renamed 'ozone-ha/result/docker-ozone-ha_datanode_3.log' -> '/home/runner/work/ozone/ozone/hadoop-ozone/dist/target/ozone-1.4.0-SNAPSHOT/compose/result/ozone-ha/hadoop/docker-ozone-ha_datanode_3.log'
renamed 'ozone-ha/result/docker-ozone-ha_httpfs_1.log' -> '/home/runner/work/ozone/ozone/hadoop-ozone/dist/target/ozone-1.4.0-SNAPSHOT/compose/result/ozone-ha/hadoop/docker-ozone-ha_httpfs_1.log'
renamed 'ozone-ha/result/docker-ozone-ha_nm_1.log' -> '/home/runner/work/ozone/ozone/hadoop-ozone/dist/target/ozone-1.4.0-SNAPSHOT/compose/result/ozone-ha/hadoop/docker-ozone-ha_nm_1.log'
renamed 'ozone-ha/result/docker-ozone-ha_om1_1.log' -> '/home/runner/work/ozone/ozone/hadoop-ozone/dist/target/ozone-1.4.0-SNAPSHOT/compose/result/ozone-ha/hadoop/docker-ozone-ha_om1_1.log'
renamed 'ozone-ha/result/docker-ozone-ha_om2_1.log' -> '/home/runner/work/ozone/ozone/hadoop-ozone/dist/target/ozone-1.4.0-SNAPSHOT/compose/result/ozone-ha/hadoop/docker-ozone-ha_om2_1.log'
renamed 'ozone-ha/result/docker-ozone-ha_om3_1.log' -> '/home/runner/work/ozone/ozone/hadoop-ozone/dist/target/ozone-1.4.0-SNAPSHOT/compose/result/ozone-ha/hadoop/docker-ozone-ha_om3_1.log'
renamed 'ozone-ha/result/docker-ozone-ha_recon_1.log' -> '/home/runner/work/ozone/ozone/hadoop-ozone/dist/target/ozone-1.4.0-SNAPSHOT/compose/result/ozone-ha/hadoop/docker-ozone-ha_recon_1.log'
renamed 'ozone-ha/result/docker-ozone-ha_rm_1.log' -> '/home/runner/work/ozone/ozone/hadoop-ozone/dist/target/ozone-1.4.0-SNAPSHOT/compose/result/ozone-ha/hadoop/docker-ozone-ha_rm_1.log'
renamed 'ozone-ha/result/docker-ozone-ha_s3g_1.log' -> '/home/runner/work/ozone/ozone/hadoop-ozone/dist/target/ozone-1.4.0-SNAPSHOT/compose/result/ozone-ha/hadoop/docker-ozone-ha_s3g_1.log'
renamed 'ozone-ha/result/docker-ozone-ha_scm1_1.log' -> '/home/runner/work/ozone/ozone/hadoop-ozone/dist/target/ozone-1.4.0-SNAPSHOT/compose/result/ozone-ha/hadoop/docker-ozone-ha_scm1_1.log'
renamed 'ozone-ha/result/docker-ozone-ha_scm2_1.log' -> '/home/runner/work/ozone/ozone/hadoop-ozone/dist/target/ozone-1.4.0-SNAPSHOT/compose/result/ozone-ha/hadoop/docker-ozone-ha_scm2_1.log'
renamed 'ozone-ha/result/docker-ozone-ha_scm3_1.log' -> '/home/runner/work/ozone/ozone/hadoop-ozone/dist/target/ozone-1.4.0-SNAPSHOT/compose/result/ozone-ha/hadoop/docker-ozone-ha_scm3_1.log'
renamed 'ozone-ha/result/om-audit-om1.log' -> '/home/runner/work/ozone/ozone/hadoop-ozone/dist/target/ozone-1.4.0-SNAPSHOT/compose/result/ozone-ha/hadoop/om-audit-om1.log'
renamed 'ozone-ha/result/om-audit-om2.log' -> '/home/runner/work/ozone/ozone/hadoop-ozone/dist/target/ozone-1.4.0-SNAPSHOT/compose/result/ozone-ha/hadoop/om-audit-om2.log'
renamed 'ozone-ha/result/om-audit-om3.log' -> '/home/runner/work/ozone/ozone/hadoop-ozone/dist/target/ozone-1.4.0-SNAPSHOT/compose/result/ozone-ha/hadoop/om-audit-om3.log'
renamed 'ozone-ha/result/s3g-audit-a943d12ae9c0.log' -> '/home/runner/work/ozone/ozone/hadoop-ozone/dist/target/ozone-1.4.0-SNAPSHOT/compose/result/ozone-ha/hadoop/s3g-audit-a943d12ae9c0.log'
renamed 'ozone-ha/result/scm-audit-0191d6b37fa4.log' -> '/home/runner/work/ozone/ozone/hadoop-ozone/dist/target/ozone-1.4.0-SNAPSHOT/compose/result/ozone-ha/hadoop/scm-audit-0191d6b37fa4.log'
renamed 'ozone-ha/result/scm-audit-11a9f06ffd13.log' -> '/home/runner/work/ozone/ozone/hadoop-ozone/dist/target/ozone-1.4.0-SNAPSHOT/compose/result/ozone-ha/hadoop/scm-audit-11a9f06ffd13.log'
renamed 'ozone-ha/result/scm-audit-3a13bf85a04c.log' -> '/home/runner/work/ozone/ozone/hadoop-ozone/dist/target/ozone-1.4.0-SNAPSHOT/compose/result/ozone-ha/hadoop/scm-audit-3a13bf85a04c.log'
Executing test ozone/test-hadoop.sh
Removing network ozone_default
Network ozone_default not found.
Creating network "ozone_default" with the default driver
Creating ozone_httpfs_1 ... 
Creating ozone_s3g_1    ... 
Creating ozone_scm_1    ... 
Creating ozone_datanode_1 ... 
Creating ozone_datanode_2 ... 
Creating ozone_datanode_3 ... 
Creating ozone_recon_1    ... 
Creating ozone_om_1       ... 
Creating ozone_s3g_1      ... done
Creating ozone_datanode_1 ... done
Creating ozone_recon_1    ... done
Creating ozone_datanode_3 ... done
Creating ozone_httpfs_1   ... done
Creating ozone_scm_1      ... done
Creating ozone_datanode_2 ... done
Creating ozone_om_1       ... done
Port 9860 is not available on scm yet
Port 9860 is not available on scm yet
Port 9860 is not available on scm yet
Port 9860 is not available on scm yet
Port 9860 is not available on scm yet
Port 9860 is not available on scm yet
Port 9860 is not available on scm yet
Port 9860 is not available on scm yet
Port 9860 is not available on scm yet
Port 9860 is not available on scm yet
Port 9860 is not available on scm yet
Port 9860 is not available on scm yet
Port 9860 is not available on scm yet
Port 9860 is not available on scm yet
Port 9860 is not available on scm yet
Port 9860 is not available on scm yet
Port 9860 is not available on scm yet
Port 9860 is not available on scm yet
Port 9860 is not available on scm yet
Port 9860 is not available on scm yet
Port 9860 is not available on scm yet
Port 9860 is not available on scm yet
Port 9860 is not available on scm yet
Port 9860 is not available on scm yet
Port 9860 is not available on scm yet
Port 9860 is not available on scm yet
Port 9860 is available on scm
SCM is in safe mode. Will retry in 1 sec. Remaining time (sec): 235
SCM is in safe mode. Will retry in 1 sec. Remaining time (sec): 234
SCM is in safe mode. Will retry in 1 sec. Remaining time (sec): 233
SCM is in safe mode. Will retry in 1 sec. Remaining time (sec): 232
SCM is in safe mode. Will retry in 1 sec. Remaining time (sec): 231
SCM is in safe mode. Will retry in 1 sec. Remaining time (sec): 230
SCM is in safe mode. Will retry in 1 sec. Remaining time (sec): 229
SCM is in safe mode. Will retry in 1 sec. Remaining time (sec): 228
SCM is in safe mode. Will retry in 1 sec. Remaining time (sec): 227
SCM is in safe mode. Will retry in 1 sec. Remaining time (sec): 226
SCM is out of safe mode.
No OM HA service, no need to wait
==============================================================================
Createmrenv :: Create directories required for MR test                        
==============================================================================
Create test volume, bucket and key                                    | PASS |
------------------------------------------------------------------------------
Create user dir for hadoop                                            | PASS |
------------------------------------------------------------------------------
Createmrenv :: Create directories required for MR test                | PASS |
2 tests, 2 passed, 0 failed
==============================================================================
Output:  /tmp/smoketest/ozone/result/robot-1.xml
Creating ozone_rm_1 ... 
Creating ozone_nm_1 ... 
Creating ozone_nm_1 ... done
Creating ozone_rm_1 ... done
Hadoop 2.7.3
Subversion https://git-wip-us.apache.org/repos/asf/hadoop.git -r baa91f7c6bc9cb92be5982de4719c1c8af91ccff
Compiled by root on 2016-08-18T01:41Z
Compiled with protoc 2.5.0
From source with checksum 2e4ce5f957ea4db193bce3734ff29ff4
This command was run using /opt/hadoop/share/hadoop/common/hadoop-common-2.7.3.jar
==============================================================================
hadoop-2.7.3-hadoopfs-o3fs :: Test ozone fs with hadoopfs                     
==============================================================================
Test hadoop dfs                                                       | PASS |
------------------------------------------------------------------------------
hadoop-2.7.3-hadoopfs-o3fs :: Test ozone fs with hadoopfs             | PASS |
1 critical test, 1 passed, 0 failed
1 test total, 1 passed, 0 failed
==============================================================================
Output:  /tmp/smoketest/ozone/result/robot-2.xml
==============================================================================
hadoop-2.7.3-mapreduce-o3fs :: Execute MR jobs                                
==============================================================================
Execute PI calculation                                                | PASS |
------------------------------------------------------------------------------
Execute WordCount                                                     | PASS |
------------------------------------------------------------------------------
hadoop-2.7.3-mapreduce-o3fs :: Execute MR jobs                        | PASS |
2 critical tests, 2 passed, 0 failed
2 tests total, 2 passed, 0 failed
==============================================================================
Output:  /tmp/smoketest/ozone/result/robot-3.xml
==============================================================================
hadoop-2.7.3-hadoopfs-ofs :: Test ozone fs with hadoopfs                      
==============================================================================
Test hadoop dfs                                                       | PASS |
------------------------------------------------------------------------------
hadoop-2.7.3-hadoopfs-ofs :: Test ozone fs with hadoopfs              | PASS |
1 critical test, 1 passed, 0 failed
1 test total, 1 passed, 0 failed
==============================================================================
Output:  /tmp/smoketest/ozone/result/robot-4.xml
==============================================================================
hadoop-2.7.3-mapreduce-ofs :: Execute MR jobs                                 
==============================================================================
Execute PI calculation                                                | PASS |
------------------------------------------------------------------------------
Execute WordCount                                                     | PASS |
------------------------------------------------------------------------------
hadoop-2.7.3-mapreduce-ofs :: Execute MR jobs                         | PASS |
2 critical tests, 2 passed, 0 failed
2 tests total, 2 passed, 0 failed
==============================================================================
Output:  /tmp/smoketest/ozone/result/robot-5.xml
Stopping ozone_nm_1 ... 
Stopping ozone_rm_1 ... 
Stopping ozone_rm_1 ... done
Stopping ozone_nm_1 ... done
Recreating ozone_rm_1 ... 
Recreating ozone_nm_1 ... 
Recreating ozone_nm_1 ... done
Recreating ozone_rm_1 ... done
Hadoop 3.1.2
Source code repository https://github.com/apache/hadoop.git -r 1019dde65bcf12e05ef48ac71e84550d589e5d9a
Compiled by sunilg on 2019-01-29T01:39Z
Compiled with protoc 2.5.0
From source with checksum 64b8bdd4ca6e77cce75a93eb09ab2a9
This command was run using /opt/hadoop/share/hadoop/common/hadoop-common-3.1.2.jar
==============================================================================
hadoop-3.1.2-hadoopfs-o3fs :: Test ozone fs with hadoopfs                     
==============================================================================
Test hadoop dfs                                                       | PASS |
------------------------------------------------------------------------------
hadoop-3.1.2-hadoopfs-o3fs :: Test ozone fs with hadoopfs             | PASS |
1 critical test, 1 passed, 0 failed
1 test total, 1 passed, 0 failed
==============================================================================
Output:  /tmp/smoketest/ozone/result/robot-6.xml
==============================================================================
hadoop-3.1.2-mapreduce-o3fs :: Execute MR jobs                                
==============================================================================
Execute PI calculation                                                | PASS |
------------------------------------------------------------------------------
Execute WordCount                                                     | PASS |
------------------------------------------------------------------------------
hadoop-3.1.2-mapreduce-o3fs :: Execute MR jobs                        | PASS |
2 critical tests, 2 passed, 0 failed
2 tests total, 2 passed, 0 failed
==============================================================================
Output:  /tmp/smoketest/ozone/result/robot-7.xml
==============================================================================
hadoop-3.1.2-hadoopfs-ofs :: Test ozone fs with hadoopfs                      
==============================================================================
Test hadoop dfs                                                       | PASS |
------------------------------------------------------------------------------
hadoop-3.1.2-hadoopfs-ofs :: Test ozone fs with hadoopfs              | PASS |
1 critical test, 1 passed, 0 failed
1 test total, 1 passed, 0 failed
==============================================================================
Output:  /tmp/smoketest/ozone/result/robot-8.xml
==============================================================================
hadoop-3.1.2-mapreduce-ofs :: Execute MR jobs                                 
==============================================================================
Execute PI calculation                                                | PASS |
------------------------------------------------------------------------------
Execute WordCount                                                     | PASS |
------------------------------------------------------------------------------
hadoop-3.1.2-mapreduce-ofs :: Execute MR jobs                         | PASS |
2 critical tests, 2 passed, 0 failed
2 tests total, 2 passed, 0 failed
==============================================================================
Output:  /tmp/smoketest/ozone/result/robot-9.xml
Stopping ozone_nm_1 ... 
Stopping ozone_rm_1 ... 
Stopping ozone_rm_1 ... done
Stopping ozone_nm_1 ... done
Recreating ozone_rm_1 ... 
Recreating ozone_nm_1 ... 
Recreating ozone_nm_1 ... done
Recreating ozone_rm_1 ... done
Hadoop 3.2.2
Source code repository Unknown -r 7a3bc90b05f257c8ace2f76d74264906f0f7a932
Compiled by hexiaoqiao on 2021-01-03T09:26Z
Compiled with protoc 2.5.0
From source with checksum 5a8f564f46624254b27f6a33126ff4
This command was run using /opt/hadoop/share/hadoop/common/hadoop-common-3.2.2.jar
==============================================================================
hadoop-3.2.2-hadoopfs-o3fs :: Test ozone fs with hadoopfs                     
==============================================================================
Test hadoop dfs                                                       | PASS |
------------------------------------------------------------------------------
hadoop-3.2.2-hadoopfs-o3fs :: Test ozone fs with hadoopfs             | PASS |
1 critical test, 1 passed, 0 failed
1 test total, 1 passed, 0 failed
==============================================================================
Output:  /tmp/smoketest/ozone/result/robot-10.xml
==============================================================================
hadoop-3.2.2-mapreduce-o3fs :: Execute MR jobs                                
==============================================================================
Execute PI calculation                                                | PASS |
------------------------------------------------------------------------------
Execute WordCount                                                     | PASS |
------------------------------------------------------------------------------
hadoop-3.2.2-mapreduce-o3fs :: Execute MR jobs                        | PASS |
2 critical tests, 2 passed, 0 failed
2 tests total, 2 passed, 0 failed
==============================================================================
Output:  /tmp/smoketest/ozone/result/robot-11.xml
==============================================================================
hadoop-3.2.2-hadoopfs-ofs :: Test ozone fs with hadoopfs                      
==============================================================================
Test hadoop dfs                                                       | PASS |
------------------------------------------------------------------------------
hadoop-3.2.2-hadoopfs-ofs :: Test ozone fs with hadoopfs              | PASS |
1 critical test, 1 passed, 0 failed
1 test total, 1 passed, 0 failed
==============================================================================
Output:  /tmp/smoketest/ozone/result/robot-12.xml
==============================================================================
hadoop-3.2.2-mapreduce-ofs :: Execute MR jobs                                 
==============================================================================
Execute PI calculation                                                | PASS |
------------------------------------------------------------------------------
Execute WordCount                                                     | PASS |
------------------------------------------------------------------------------
hadoop-3.2.2-mapreduce-ofs :: Execute MR jobs                         | PASS |
2 critical tests, 2 passed, 0 failed
2 tests total, 2 passed, 0 failed
==============================================================================
Output:  /tmp/smoketest/ozone/result/robot-13.xml
Stopping ozone_nm_1 ... 
Stopping ozone_rm_1 ... 
Stopping ozone_rm_1 ... done
Stopping ozone_nm_1 ... done
Recreating ozone_rm_1 ... 
Recreating ozone_nm_1 ... 
Recreating ozone_nm_1 ... done
Recreating ozone_rm_1 ... done
Hadoop 3.3.6
Source code repository https://github.com/apache/hadoop.git -r 1be78238728da9266a4f88195058f08fd012bf9c
Compiled by ubuntu on 2023-06-18T08:22Z
Compiled on platform linux-x86_64
Compiled with protoc 3.7.1
From source with checksum 5652179ad55f76cb287d9c633bb53bbd
This command was run using /opt/hadoop/share/hadoop/common/hadoop-common-3.3.6.jar
==============================================================================
hadoop-3.3.6-hadoopfs-o3fs :: Test ozone fs with hadoopfs                     
==============================================================================
Test hadoop dfs                                                       | PASS |
------------------------------------------------------------------------------
hadoop-3.3.6-hadoopfs-o3fs :: Test ozone fs with hadoopfs             | PASS |
1 critical test, 1 passed, 0 failed
1 test total, 1 passed, 0 failed
==============================================================================
Output:  /tmp/smoketest/ozone/result/robot-14.xml
==============================================================================
hadoop-3.3.6-mapreduce-o3fs :: Execute MR jobs                                
==============================================================================
Execute PI calculation                                                | PASS |
------------------------------------------------------------------------------
Execute WordCount                                                     | PASS |
------------------------------------------------------------------------------
hadoop-3.3.6-mapreduce-o3fs :: Execute MR jobs                        | PASS |
2 critical tests, 2 passed, 0 failed
2 tests total, 2 passed, 0 failed
==============================================================================
Output:  /tmp/smoketest/ozone/result/robot-15.xml
==============================================================================
hadoop-3.3.6-hadoopfs-ofs :: Test ozone fs with hadoopfs                      
==============================================================================
Test hadoop dfs                                                       | PASS |
------------------------------------------------------------------------------
hadoop-3.3.6-hadoopfs-ofs :: Test ozone fs with hadoopfs              | PASS |
1 critical test, 1 passed, 0 failed
1 test total, 1 passed, 0 failed
==============================================================================
Output:  /tmp/smoketest/ozone/result/robot-16.xml
==============================================================================
hadoop-3.3.6-mapreduce-ofs :: Execute MR jobs                                 
==============================================================================
Execute PI calculation                                                | PASS |
------------------------------------------------------------------------------
Execute WordCount                                                     | PASS |
------------------------------------------------------------------------------
hadoop-3.3.6-mapreduce-ofs :: Execute MR jobs                         | PASS |
2 critical tests, 2 passed, 0 failed
2 tests total, 2 passed, 0 failed
==============================================================================
Output:  /tmp/smoketest/ozone/result/robot-17.xml
Stopping ozone_nm_1 ... 
Stopping ozone_rm_1 ... 
Stopping ozone_nm_1 ... done
Stopping ozone_rm_1 ... done
Stopping ozone_recon_1    ... 
Stopping ozone_om_1       ... 
Stopping ozone_datanode_2 ... 
Stopping ozone_datanode_1 ... 
Stopping ozone_datanode_3 ... 
Stopping ozone_scm_1      ... 
Stopping ozone_httpfs_1   ... 
Stopping ozone_s3g_1      ... 
Stopping ozone_httpfs_1   ... done
Stopping ozone_s3g_1      ... done
Stopping ozone_recon_1    ... done
Stopping ozone_datanode_1 ... done
Stopping ozone_datanode_3 ... done
Stopping ozone_datanode_2 ... done
Stopping ozone_om_1       ... done
Stopping ozone_scm_1      ... done
Removing ozone_nm_1       ... 
Removing ozone_rm_1       ... 
Removing ozone_recon_1    ... 
Removing ozone_om_1       ... 
Removing ozone_datanode_2 ... 
Removing ozone_datanode_1 ... 
Removing ozone_datanode_3 ... 
Removing ozone_scm_1      ... 
Removing ozone_httpfs_1   ... 
Removing ozone_s3g_1      ... 
Removing ozone_httpfs_1   ... done
Removing ozone_datanode_3 ... done
Removing ozone_om_1       ... done
Removing ozone_scm_1      ... done
Removing ozone_s3g_1      ... done
Removing ozone_rm_1       ... done
Removing ozone_datanode_1 ... done
Removing ozone_nm_1       ... done
Removing ozone_recon_1    ... done
Removing ozone_datanode_2 ... done
Removing network ozone_default
Output:  /home/runner/work/ozone/ozone/hadoop-ozone/dist/target/ozone-1.4.0-SNAPSHOT/compose/result/ozone-hadoop.xml
removed 'ozone/result/robot-1.xml'
removed 'ozone/result/robot-10.xml'
removed 'ozone/result/robot-11.xml'
removed 'ozone/result/robot-12.xml'
removed 'ozone/result/robot-13.xml'
removed 'ozone/result/robot-14.xml'
removed 'ozone/result/robot-15.xml'
removed 'ozone/result/robot-16.xml'
removed 'ozone/result/robot-17.xml'
removed 'ozone/result/robot-2.xml'
removed 'ozone/result/robot-3.xml'
removed 'ozone/result/robot-4.xml'
removed 'ozone/result/robot-5.xml'
removed 'ozone/result/robot-6.xml'
removed 'ozone/result/robot-7.xml'
removed 'ozone/result/robot-8.xml'
removed 'ozone/result/robot-9.xml'
renamed 'ozone/result/dn-audit-3b8e7a047d87.log' -> '/home/runner/work/ozone/ozone/hadoop-ozone/dist/target/ozone-1.4.0-SNAPSHOT/compose/result/ozone/hadoop/dn-audit-3b8e7a047d87.log'
renamed 'ozone/result/dn-audit-bfd7a3d03526.log' -> '/home/runner/work/ozone/ozone/hadoop-ozone/dist/target/ozone-1.4.0-SNAPSHOT/compose/result/ozone/hadoop/dn-audit-bfd7a3d03526.log'
renamed 'ozone/result/dn-audit-c559822f38bc.log' -> '/home/runner/work/ozone/ozone/hadoop-ozone/dist/target/ozone-1.4.0-SNAPSHOT/compose/result/ozone/hadoop/dn-audit-c559822f38bc.log'
renamed 'ozone/result/docker-ozone_datanode_1.log' -> '/home/runner/work/ozone/ozone/hadoop-ozone/dist/target/ozone-1.4.0-SNAPSHOT/compose/result/ozone/hadoop/docker-ozone_datanode_1.log'
renamed 'ozone/result/docker-ozone_datanode_2.log' -> '/home/runner/work/ozone/ozone/hadoop-ozone/dist/target/ozone-1.4.0-SNAPSHOT/compose/result/ozone/hadoop/docker-ozone_datanode_2.log'
renamed 'ozone/result/docker-ozone_datanode_3.log' -> '/home/runner/work/ozone/ozone/hadoop-ozone/dist/target/ozone-1.4.0-SNAPSHOT/compose/result/ozone/hadoop/docker-ozone_datanode_3.log'
renamed 'ozone/result/docker-ozone_httpfs_1.log' -> '/home/runner/work/ozone/ozone/hadoop-ozone/dist/target/ozone-1.4.0-SNAPSHOT/compose/result/ozone/hadoop/docker-ozone_httpfs_1.log'
renamed 'ozone/result/docker-ozone_nm_1.log' -> '/home/runner/work/ozone/ozone/hadoop-ozone/dist/target/ozone-1.4.0-SNAPSHOT/compose/result/ozone/hadoop/docker-ozone_nm_1.log'
renamed 'ozone/result/docker-ozone_om_1.log' -> '/home/runner/work/ozone/ozone/hadoop-ozone/dist/target/ozone-1.4.0-SNAPSHOT/compose/result/ozone/hadoop/docker-ozone_om_1.log'
renamed 'ozone/result/docker-ozone_recon_1.log' -> '/home/runner/work/ozone/ozone/hadoop-ozone/dist/target/ozone-1.4.0-SNAPSHOT/compose/result/ozone/hadoop/docker-ozone_recon_1.log'
renamed 'ozone/result/docker-ozone_rm_1.log' -> '/home/runner/work/ozone/ozone/hadoop-ozone/dist/target/ozone-1.4.0-SNAPSHOT/compose/result/ozone/hadoop/docker-ozone_rm_1.log'
renamed 'ozone/result/docker-ozone_s3g_1.log' -> '/home/runner/work/ozone/ozone/hadoop-ozone/dist/target/ozone-1.4.0-SNAPSHOT/compose/result/ozone/hadoop/docker-ozone_s3g_1.log'
renamed 'ozone/result/docker-ozone_scm_1.log' -> '/home/runner/work/ozone/ozone/hadoop-ozone/dist/target/ozone-1.4.0-SNAPSHOT/compose/result/ozone/hadoop/docker-ozone_scm_1.log'
renamed 'ozone/result/om-audit-17be5189c483.log' -> '/home/runner/work/ozone/ozone/hadoop-ozone/dist/target/ozone-1.4.0-SNAPSHOT/compose/result/ozone/hadoop/om-audit-17be5189c483.log'
renamed 'ozone/result/s3g-audit-dd333629d6ab.log' -> '/home/runner/work/ozone/ozone/hadoop-ozone/dist/target/ozone-1.4.0-SNAPSHOT/compose/result/ozone/hadoop/s3g-audit-dd333629d6ab.log'
renamed 'ozone/result/scm-audit-0060b75b4d38.log' -> '/home/runner/work/ozone/ozone/hadoop-ozone/dist/target/ozone-1.4.0-SNAPSHOT/compose/result/ozone/hadoop/scm-audit-0060b75b4d38.log'
Executing test ozonesecure-mr/test.sh
Removing network ozone
Network ozone not found.
Creating network "ozone" with the default driver
Pulling kdc (apache/ozone-testkrb5:20230318-1)...
20230318-1: Pulling from apache/ozone-testkrb5
Digest: sha256:6a7eeac1ebd12e8968e34ab93fb8d21f2b92ae52bc0a85b662a2d41065f05d3a
Status: Downloaded newer image for apache/ozone-testkrb5:20230318-1
Creating ozonesecure-mr_scm_1 ... 
Creating ozonesecure-mr_nm_1  ... 
Creating ozonesecure-mr_om_1  ... 
Creating ozonesecure-mr_datanode_1 ... 
Creating ozonesecure-mr_datanode_2 ... 
Creating ozonesecure-mr_datanode_3 ... 
Creating ozonesecure-mr_rm_1       ... 
Creating jhs                       ... 
Creating ozonesecure-mr_kms_1      ... 
Creating ozonesecure-mr_kdc_1      ... 
Creating ozonesecure-mr_s3g_1      ... 
Creating ozonesecure-mr_nm_1       ... done
Creating ozonesecure-mr_kdc_1      ... done
Creating ozonesecure-mr_om_1       ... done
Creating jhs                       ... done
Creating ozonesecure-mr_scm_1      ... done
Creating ozonesecure-mr_datanode_3 ... done
Creating ozonesecure-mr_s3g_1      ... done
Creating ozonesecure-mr_datanode_2 ... done
Creating ozonesecure-mr_kms_1      ... done
Creating ozonesecure-mr_rm_1       ... done
Creating ozonesecure-mr_datanode_1 ... done
Port 88 is available on kdc
Port 9860 is not available on scm yet
Port 9860 is not available on scm yet
Port 9860 is not available on scm yet
Port 9860 is not available on scm yet
Port 9860 is not available on scm yet
Port 9860 is not available on scm yet
Port 9860 is not available on scm yet
Port 9860 is not available on scm yet
Port 9860 is not available on scm yet
Port 9860 is not available on scm yet
Port 9860 is not available on scm yet
Port 9860 is not available on scm yet
Port 9860 is not available on scm yet
Port 9860 is not available on scm yet
Port 9860 is not available on scm yet
Port 9860 is not available on scm yet
Port 9860 is not available on scm yet
Port 9860 is not available on scm yet
Port 9860 is not available on scm yet
Port 9860 is not available on scm yet
Port 9860 is not available on scm yet
Port 9860 is not available on scm yet
Port 9860 is not available on scm yet
Port 9860 is not available on scm yet
Port 9860 is not available on scm yet
Port 9860 is not available on scm yet
Port 9860 is not available on scm yet
Port 9860 is not available on scm yet
Port 9860 is not available on scm yet
Port 9860 is not available on scm yet
Port 9860 is not available on scm yet
Port 9860 is available on scm
com.google.protobuf.ServiceException: org.apache.hadoop.ipc.RemoteException(org.apache.hadoop.hdds.ratis.ServerNotLeaderException): Server:27403b2e-31b2-457e-97df-3978ddc6d631 is not the leader. Could not determine the leader node.
	at org.apache.hadoop.hdds.ratis.ServerNotLeaderException.convertToNotLeaderException(ServerNotLeaderException.java:109)
	at org.apache.hadoop.hdds.scm.ha.RatisUtil.checkRatisException(RatisUtil.java:249)
	at org.apache.hadoop.hdds.scm.protocol.StorageContainerLocationProtocolServerSideTranslatorPB.submitRequest(StorageContainerLocationProtocolServerSideTranslatorPB.java:199)
	at org.apache.hadoop.hdds.protocol.proto.StorageContainerLocationProtocolProtos$StorageContainerLocationProtocolService$2.callBlockingMethod(StorageContainerLocationProtocolProtos.java)
	at org.apache.hadoop.ipc.ProtobufRpcEngine$Server.processCall(ProtobufRpcEngine.java:484)
	at org.apache.hadoop.ipc.ProtobufRpcEngine2$Server$ProtoBufRpcInvoker.call(ProtobufRpcEngine2.java:595)
	at org.apache.hadoop.ipc.ProtobufRpcEngine2$Server$ProtoBufRpcInvoker.call(ProtobufRpcEngine2.java:573)
	at org.apache.hadoop.ipc.RPC$Server.call(RPC.java:1227)
	at org.apache.hadoop.ipc.Server$RpcCall.run(Server.java:1094)
	at org.apache.hadoop.ipc.Server$RpcCall.run(Server.java:1017)
	at java.base/java.security.AccessController.doPrivileged(Native Method)
	at java.base/javax.security.auth.Subject.doAs(Subject.java:423)
	at org.apache.hadoop.security.UserGroupInformation.doAs(UserGroupInformation.java:1899)
	at org.apache.hadoop.ipc.Server$Handler.run(Server.java:3048)
, while invoking $Proxy21.submitRequest over nodeId=scmNodeId,nodeAddress=scm/172.20.0.3:9860 after 1 failover attempts. Trying to failover after sleeping for 2000ms. Current retry count: 1.
com.google.protobuf.ServiceException: org.apache.hadoop.ipc.RemoteException(org.apache.hadoop.hdds.ratis.ServerNotLeaderException): Server:27403b2e-31b2-457e-97df-3978ddc6d631 is not the leader. Could not determine the leader node.
	at org.apache.hadoop.hdds.ratis.ServerNotLeaderException.convertToNotLeaderException(ServerNotLeaderException.java:109)
	at org.apache.hadoop.hdds.scm.ha.RatisUtil.checkRatisException(RatisUtil.java:249)
	at org.apache.hadoop.hdds.scm.protocol.StorageContainerLocationProtocolServerSideTranslatorPB.submitRequest(StorageContainerLocationProtocolServerSideTranslatorPB.java:199)
	at org.apache.hadoop.hdds.protocol.proto.StorageContainerLocationProtocolProtos$StorageContainerLocationProtocolService$2.callBlockingMethod(StorageContainerLocationProtocolProtos.java)
	at org.apache.hadoop.ipc.ProtobufRpcEngine$Server.processCall(ProtobufRpcEngine.java:484)
	at org.apache.hadoop.ipc.ProtobufRpcEngine2$Server$ProtoBufRpcInvoker.call(ProtobufRpcEngine2.java:595)
	at org.apache.hadoop.ipc.ProtobufRpcEngine2$Server$ProtoBufRpcInvoker.call(ProtobufRpcEngine2.java:573)
	at org.apache.hadoop.ipc.RPC$Server.call(RPC.java:1227)
	at org.apache.hadoop.ipc.Server$RpcCall.run(Server.java:1094)
	at org.apache.hadoop.ipc.Server$RpcCall.run(Server.java:1017)
	at java.base/java.security.AccessController.doPrivileged(Native Method)
	at java.base/javax.security.auth.Subject.doAs(Subject.java:423)
	at org.apache.hadoop.security.UserGroupInformation.doAs(UserGroupInformation.java:1899)
	at org.apache.hadoop.ipc.Server$Handler.run(Server.java:3048)
, while invoking $Proxy21.submitRequest over nodeId=scmNodeId,nodeAddress=scm/172.20.0.3:9860 after 2 failover attempts. Trying to failover after sleeping for 2000ms. Current retry count: 2.
com.google.protobuf.ServiceException: org.apache.hadoop.ipc.RemoteException(org.apache.hadoop.hdds.ratis.ServerNotLeaderException): Server:27403b2e-31b2-457e-97df-3978ddc6d631 is not the leader. Could not determine the leader node.
	at org.apache.hadoop.hdds.ratis.ServerNotLeaderException.convertToNotLeaderException(ServerNotLeaderException.java:109)
	at org.apache.hadoop.hdds.scm.ha.RatisUtil.checkRatisException(RatisUtil.java:249)
	at org.apache.hadoop.hdds.scm.protocol.StorageContainerLocationProtocolServerSideTranslatorPB.submitRequest(StorageContainerLocationProtocolServerSideTranslatorPB.java:199)
	at org.apache.hadoop.hdds.protocol.proto.StorageContainerLocationProtocolProtos$StorageContainerLocationProtocolService$2.callBlockingMethod(StorageContainerLocationProtocolProtos.java)
	at org.apache.hadoop.ipc.ProtobufRpcEngine$Server.processCall(ProtobufRpcEngine.java:484)
	at org.apache.hadoop.ipc.ProtobufRpcEngine2$Server$ProtoBufRpcInvoker.call(ProtobufRpcEngine2.java:595)
	at org.apache.hadoop.ipc.ProtobufRpcEngine2$Server$ProtoBufRpcInvoker.call(ProtobufRpcEngine2.java:573)
	at org.apache.hadoop.ipc.RPC$Server.call(RPC.java:1227)
	at org.apache.hadoop.ipc.Server$RpcCall.run(Server.java:1094)
	at org.apache.hadoop.ipc.Server$RpcCall.run(Server.java:1017)
	at java.base/java.security.AccessController.doPrivileged(Native Method)
	at java.base/javax.security.auth.Subject.doAs(Subject.java:423)
	at org.apache.hadoop.security.UserGroupInformation.doAs(UserGroupInformation.java:1899)
	at org.apache.hadoop.ipc.Server$Handler.run(Server.java:3048)
, while invoking $Proxy21.submitRequest over nodeId=scmNodeId,nodeAddress=scm/172.20.0.3:9860 after 3 failover attempts. Trying to failover after sleeping for 2000ms. Current retry count: 3.
com.google.protobuf.ServiceException: org.apache.hadoop.ipc.RemoteException(org.apache.hadoop.hdds.ratis.ServerNotLeaderException): Server:27403b2e-31b2-457e-97df-3978ddc6d631 is not the leader. Could not determine the leader node.
	at org.apache.hadoop.hdds.ratis.ServerNotLeaderException.convertToNotLeaderException(ServerNotLeaderException.java:109)
	at org.apache.hadoop.hdds.scm.ha.RatisUtil.checkRatisException(RatisUtil.java:249)
	at org.apache.hadoop.hdds.scm.protocol.StorageContainerLocationProtocolServerSideTranslatorPB.submitRequest(StorageContainerLocationProtocolServerSideTranslatorPB.java:199)
	at org.apache.hadoop.hdds.protocol.proto.StorageContainerLocationProtocolProtos$StorageContainerLocationProtocolService$2.callBlockingMethod(StorageContainerLocationProtocolProtos.java)
	at org.apache.hadoop.ipc.ProtobufRpcEngine$Server.processCall(ProtobufRpcEngine.java:484)
	at org.apache.hadoop.ipc.ProtobufRpcEngine2$Server$ProtoBufRpcInvoker.call(ProtobufRpcEngine2.java:595)
	at org.apache.hadoop.ipc.ProtobufRpcEngine2$Server$ProtoBufRpcInvoker.call(ProtobufRpcEngine2.java:573)
	at org.apache.hadoop.ipc.RPC$Server.call(RPC.java:1227)
	at org.apache.hadoop.ipc.Server$RpcCall.run(Server.java:1094)
	at org.apache.hadoop.ipc.Server$RpcCall.run(Server.java:1017)
	at java.base/java.security.AccessController.doPrivileged(Native Method)
	at java.base/javax.security.auth.Subject.doAs(Subject.java:423)
	at org.apache.hadoop.security.UserGroupInformation.doAs(UserGroupInformation.java:1899)
	at org.apache.hadoop.ipc.Server$Handler.run(Server.java:3048)
, while invoking $Proxy21.submitRequest over nodeId=scmNodeId,nodeAddress=scm/172.20.0.3:9860 after 4 failover attempts. Trying to failover after sleeping for 2000ms. Current retry count: 4.
com.google.protobuf.ServiceException: org.apache.hadoop.ipc.RemoteException(org.apache.hadoop.hdds.ratis.ServerNotLeaderException): Server:27403b2e-31b2-457e-97df-3978ddc6d631 is not the leader. Could not determine the leader node.
	at org.apache.hadoop.hdds.ratis.ServerNotLeaderException.convertToNotLeaderException(ServerNotLeaderException.java:109)
	at org.apache.hadoop.hdds.scm.ha.RatisUtil.checkRatisException(RatisUtil.java:249)
	at org.apache.hadoop.hdds.scm.protocol.StorageContainerLocationProtocolServerSideTranslatorPB.submitRequest(StorageContainerLocationProtocolServerSideTranslatorPB.java:199)
	at org.apache.hadoop.hdds.protocol.proto.StorageContainerLocationProtocolProtos$StorageContainerLocationProtocolService$2.callBlockingMethod(StorageContainerLocationProtocolProtos.java)
	at org.apache.hadoop.ipc.ProtobufRpcEngine$Server.processCall(ProtobufRpcEngine.java:484)
	at org.apache.hadoop.ipc.ProtobufRpcEngine2$Server$ProtoBufRpcInvoker.call(ProtobufRpcEngine2.java:595)
	at org.apache.hadoop.ipc.ProtobufRpcEngine2$Server$ProtoBufRpcInvoker.call(ProtobufRpcEngine2.java:573)
	at org.apache.hadoop.ipc.RPC$Server.call(RPC.java:1227)
	at org.apache.hadoop.ipc.Server$RpcCall.run(Server.java:1094)
	at org.apache.hadoop.ipc.Server$RpcCall.run(Server.java:1017)
	at java.base/java.security.AccessController.doPrivileged(Native Method)
	at java.base/javax.security.auth.Subject.doAs(Subject.java:423)
	at org.apache.hadoop.security.UserGroupInformation.doAs(UserGroupInformation.java:1899)
	at org.apache.hadoop.ipc.Server$Handler.run(Server.java:3048)
, while invoking $Proxy21.submitRequest over nodeId=scmNodeId,nodeAddress=scm/172.20.0.3:9860 after 5 failover attempts. Trying to failover after sleeping for 2000ms. Current retry count: 5.
com.google.protobuf.ServiceException: org.apache.hadoop.ipc.RemoteException(org.apache.hadoop.hdds.ratis.ServerNotLeaderException): Server:27403b2e-31b2-457e-97df-3978ddc6d631 is not the leader. Could not determine the leader node.
	at org.apache.hadoop.hdds.ratis.ServerNotLeaderException.convertToNotLeaderException(ServerNotLeaderException.java:109)
	at org.apache.hadoop.hdds.scm.ha.RatisUtil.checkRatisException(RatisUtil.java:249)
	at org.apache.hadoop.hdds.scm.protocol.StorageContainerLocationProtocolServerSideTranslatorPB.submitRequest(StorageContainerLocationProtocolServerSideTranslatorPB.java:199)
	at org.apache.hadoop.hdds.protocol.proto.StorageContainerLocationProtocolProtos$StorageContainerLocationProtocolService$2.callBlockingMethod(StorageContainerLocationProtocolProtos.java)
	at org.apache.hadoop.ipc.ProtobufRpcEngine$Server.processCall(ProtobufRpcEngine.java:484)
	at org.apache.hadoop.ipc.ProtobufRpcEngine2$Server$ProtoBufRpcInvoker.call(ProtobufRpcEngine2.java:595)
	at org.apache.hadoop.ipc.ProtobufRpcEngine2$Server$ProtoBufRpcInvoker.call(ProtobufRpcEngine2.java:573)
	at org.apache.hadoop.ipc.RPC$Server.call(RPC.java:1227)
	at org.apache.hadoop.ipc.Server$RpcCall.run(Server.java:1094)
	at org.apache.hadoop.ipc.Server$RpcCall.run(Server.java:1017)
	at java.base/java.security.AccessController.doPrivileged(Native Method)
	at java.base/javax.security.auth.Subject.doAs(Subject.java:423)
	at org.apache.hadoop.security.UserGroupInformation.doAs(UserGroupInformation.java:1899)
	at org.apache.hadoop.ipc.Server$Handler.run(Server.java:3048)
, while invoking $Proxy21.submitRequest over nodeId=scmNodeId,nodeAddress=scm/172.20.0.3:9860 after 6 failover attempts. Trying to failover after sleeping for 2000ms. Current retry count: 6.
com.google.protobuf.ServiceException: org.apache.hadoop.ipc.RemoteException(org.apache.hadoop.hdds.ratis.ServerNotLeaderException): Server:27403b2e-31b2-457e-97df-3978ddc6d631 is not the leader. Could not determine the leader node.
	at org.apache.hadoop.hdds.ratis.ServerNotLeaderException.convertToNotLeaderException(ServerNotLeaderException.java:109)
	at org.apache.hadoop.hdds.scm.ha.RatisUtil.checkRatisException(RatisUtil.java:249)
	at org.apache.hadoop.hdds.scm.protocol.StorageContainerLocationProtocolServerSideTranslatorPB.submitRequest(StorageContainerLocationProtocolServerSideTranslatorPB.java:199)
	at org.apache.hadoop.hdds.protocol.proto.StorageContainerLocationProtocolProtos$StorageContainerLocationProtocolService$2.callBlockingMethod(StorageContainerLocationProtocolProtos.java)
	at org.apache.hadoop.ipc.ProtobufRpcEngine$Server.processCall(ProtobufRpcEngine.java:484)
	at org.apache.hadoop.ipc.ProtobufRpcEngine2$Server$ProtoBufRpcInvoker.call(ProtobufRpcEngine2.java:595)
	at org.apache.hadoop.ipc.ProtobufRpcEngine2$Server$ProtoBufRpcInvoker.call(ProtobufRpcEngine2.java:573)
	at org.apache.hadoop.ipc.RPC$Server.call(RPC.java:1227)
	at org.apache.hadoop.ipc.Server$RpcCall.run(Server.java:1094)
	at org.apache.hadoop.ipc.Server$RpcCall.run(Server.java:1017)
	at java.base/java.security.AccessController.doPrivileged(Native Method)
	at java.base/javax.security.auth.Subject.doAs(Subject.java:423)
	at org.apache.hadoop.security.UserGroupInformation.doAs(UserGroupInformation.java:1899)
	at org.apache.hadoop.ipc.Server$Handler.run(Server.java:3048)
, while invoking $Proxy21.submitRequest over nodeId=scmNodeId,nodeAddress=scm/172.20.0.3:9860 after 7 failover attempts. Trying to failover after sleeping for 2000ms. Current retry count: 7.
com.google.protobuf.ServiceException: org.apache.hadoop.ipc.RemoteException(org.apache.hadoop.hdds.ratis.ServerNotLeaderException): Server:27403b2e-31b2-457e-97df-3978ddc6d631 is not the leader. Could not determine the leader node.
	at org.apache.hadoop.hdds.ratis.ServerNotLeaderException.convertToNotLeaderException(ServerNotLeaderException.java:109)
	at org.apache.hadoop.hdds.scm.ha.RatisUtil.checkRatisException(RatisUtil.java:249)
	at org.apache.hadoop.hdds.scm.protocol.StorageContainerLocationProtocolServerSideTranslatorPB.submitRequest(StorageContainerLocationProtocolServerSideTranslatorPB.java:199)
	at org.apache.hadoop.hdds.protocol.proto.StorageContainerLocationProtocolProtos$StorageContainerLocationProtocolService$2.callBlockingMethod(StorageContainerLocationProtocolProtos.java)
	at org.apache.hadoop.ipc.ProtobufRpcEngine$Server.processCall(ProtobufRpcEngine.java:484)
	at org.apache.hadoop.ipc.ProtobufRpcEngine2$Server$ProtoBufRpcInvoker.call(ProtobufRpcEngine2.java:595)
	at org.apache.hadoop.ipc.ProtobufRpcEngine2$Server$ProtoBufRpcInvoker.call(ProtobufRpcEngine2.java:573)
	at org.apache.hadoop.ipc.RPC$Server.call(RPC.java:1227)
	at org.apache.hadoop.ipc.Server$RpcCall.run(Server.java:1094)
	at org.apache.hadoop.ipc.Server$RpcCall.run(Server.java:1017)
	at java.base/java.security.AccessController.doPrivileged(Native Method)
	at java.base/javax.security.auth.Subject.doAs(Subject.java:423)
	at org.apache.hadoop.security.UserGroupInformation.doAs(UserGroupInformation.java:1899)
	at org.apache.hadoop.ipc.Server$Handler.run(Server.java:3048)
, while invoking $Proxy21.submitRequest over nodeId=scmNodeId,nodeAddress=scm/172.20.0.3:9860 after 8 failover attempts. Trying to failover after sleeping for 2000ms. Current retry count: 8.
com.google.protobuf.ServiceException: org.apache.hadoop.ipc.RemoteException(org.apache.hadoop.hdds.ratis.ServerNotLeaderException): Server:27403b2e-31b2-457e-97df-3978ddc6d631 is not the leader. Could not determine the leader node.
	at org.apache.hadoop.hdds.ratis.ServerNotLeaderException.convertToNotLeaderException(ServerNotLeaderException.java:109)
	at org.apache.hadoop.hdds.scm.ha.RatisUtil.checkRatisException(RatisUtil.java:249)
	at org.apache.hadoop.hdds.scm.protocol.StorageContainerLocationProtocolServerSideTranslatorPB.submitRequest(StorageContainerLocationProtocolServerSideTranslatorPB.java:199)
	at org.apache.hadoop.hdds.protocol.proto.StorageContainerLocationProtocolProtos$StorageContainerLocationProtocolService$2.callBlockingMethod(StorageContainerLocationProtocolProtos.java)
	at org.apache.hadoop.ipc.ProtobufRpcEngine$Server.processCall(ProtobufRpcEngine.java:484)
	at org.apache.hadoop.ipc.ProtobufRpcEngine2$Server$ProtoBufRpcInvoker.call(ProtobufRpcEngine2.java:595)
	at org.apache.hadoop.ipc.ProtobufRpcEngine2$Server$ProtoBufRpcInvoker.call(ProtobufRpcEngine2.java:573)
	at org.apache.hadoop.ipc.RPC$Server.call(RPC.java:1227)
	at org.apache.hadoop.ipc.Server$RpcCall.run(Server.java:1094)
	at org.apache.hadoop.ipc.Server$RpcCall.run(Server.java:1017)
	at java.base/java.security.AccessController.doPrivileged(Native Method)
	at java.base/javax.security.auth.Subject.doAs(Subject.java:423)
	at org.apache.hadoop.security.UserGroupInformation.doAs(UserGroupInformation.java:1899)
	at org.apache.hadoop.ipc.Server$Handler.run(Server.java:3048)
, while invoking $Proxy21.submitRequest over nodeId=scmNodeId,nodeAddress=scm/172.20.0.3:9860 after 9 failover attempts. Trying to failover after sleeping for 2000ms. Current retry count: 9.
com.google.protobuf.ServiceException: org.apache.hadoop.ipc.RemoteException(org.apache.hadoop.hdds.ratis.ServerNotLeaderException): Server:27403b2e-31b2-457e-97df-3978ddc6d631 is not the leader. Could not determine the leader node.
	at org.apache.hadoop.hdds.ratis.ServerNotLeaderException.convertToNotLeaderException(ServerNotLeaderException.java:109)
	at org.apache.hadoop.hdds.scm.ha.RatisUtil.checkRatisException(RatisUtil.java:249)
	at org.apache.hadoop.hdds.scm.protocol.StorageContainerLocationProtocolServerSideTranslatorPB.submitRequest(StorageContainerLocationProtocolServerSideTranslatorPB.java:199)
	at org.apache.hadoop.hdds.protocol.proto.StorageContainerLocationProtocolProtos$StorageContainerLocationProtocolService$2.callBlockingMethod(StorageContainerLocationProtocolProtos.java)
	at org.apache.hadoop.ipc.ProtobufRpcEngine$Server.processCall(ProtobufRpcEngine.java:484)
	at org.apache.hadoop.ipc.ProtobufRpcEngine2$Server$ProtoBufRpcInvoker.call(ProtobufRpcEngine2.java:595)
	at org.apache.hadoop.ipc.ProtobufRpcEngine2$Server$ProtoBufRpcInvoker.call(ProtobufRpcEngine2.java:573)
	at org.apache.hadoop.ipc.RPC$Server.call(RPC.java:1227)
	at org.apache.hadoop.ipc.Server$RpcCall.run(Server.java:1094)
	at org.apache.hadoop.ipc.Server$RpcCall.run(Server.java:1017)
	at java.base/java.security.AccessController.doPrivileged(Native Method)
	at java.base/javax.security.auth.Subject.doAs(Subject.java:423)
	at org.apache.hadoop.security.UserGroupInformation.doAs(UserGroupInformation.java:1899)
	at org.apache.hadoop.ipc.Server$Handler.run(Server.java:3048)
, while invoking $Proxy21.submitRequest over nodeId=scmNodeId,nodeAddress=scm/172.20.0.3:9860 after 10 failover attempts. Trying to failover after sleeping for 2000ms. Current retry count: 10.
com.google.protobuf.ServiceException: org.apache.hadoop.ipc.RemoteException(org.apache.hadoop.hdds.ratis.ServerNotLeaderException): Server:27403b2e-31b2-457e-97df-3978ddc6d631 is not the leader. Could not determine the leader node.
	at org.apache.hadoop.hdds.ratis.ServerNotLeaderException.convertToNotLeaderException(ServerNotLeaderException.java:109)
	at org.apache.hadoop.hdds.scm.ha.RatisUtil.checkRatisException(RatisUtil.java:249)
	at org.apache.hadoop.hdds.scm.protocol.StorageContainerLocationProtocolServerSideTranslatorPB.submitRequest(StorageContainerLocationProtocolServerSideTranslatorPB.java:199)
	at org.apache.hadoop.hdds.protocol.proto.StorageContainerLocationProtocolProtos$StorageContainerLocationProtocolService$2.callBlockingMethod(StorageContainerLocationProtocolProtos.java)
	at org.apache.hadoop.ipc.ProtobufRpcEngine$Server.processCall(ProtobufRpcEngine.java:484)
	at org.apache.hadoop.ipc.ProtobufRpcEngine2$Server$ProtoBufRpcInvoker.call(ProtobufRpcEngine2.java:595)
	at org.apache.hadoop.ipc.ProtobufRpcEngine2$Server$ProtoBufRpcInvoker.call(ProtobufRpcEngine2.java:573)
	at org.apache.hadoop.ipc.RPC$Server.call(RPC.java:1227)
	at org.apache.hadoop.ipc.Server$RpcCall.run(Server.java:1094)
	at org.apache.hadoop.ipc.Server$RpcCall.run(Server.java:1017)
	at java.base/java.security.AccessController.doPrivileged(Native Method)
	at java.base/javax.security.auth.Subject.doAs(Subject.java:423)
	at org.apache.hadoop.security.UserGroupInformation.doAs(UserGroupInformation.java:1899)
	at org.apache.hadoop.ipc.Server$Handler.run(Server.java:3048)
, while invoking $Proxy21.submitRequest over nodeId=scmNodeId,nodeAddress=scm/172.20.0.3:9860 after 11 failover attempts. Trying to failover after sleeping for 2000ms. Current retry count: 11.
com.google.protobuf.ServiceException: org.apache.hadoop.ipc.RemoteException(org.apache.hadoop.hdds.ratis.ServerNotLeaderException): Server:27403b2e-31b2-457e-97df-3978ddc6d631 is not the leader. Could not determine the leader node.
	at org.apache.hadoop.hdds.ratis.ServerNotLeaderException.convertToNotLeaderException(ServerNotLeaderException.java:109)
	at org.apache.hadoop.hdds.scm.ha.RatisUtil.checkRatisException(RatisUtil.java:249)
	at org.apache.hadoop.hdds.scm.protocol.StorageContainerLocationProtocolServerSideTranslatorPB.submitRequest(StorageContainerLocationProtocolServerSideTranslatorPB.java:199)
	at org.apache.hadoop.hdds.protocol.proto.StorageContainerLocationProtocolProtos$StorageContainerLocationProtocolService$2.callBlockingMethod(StorageContainerLocationProtocolProtos.java)
	at org.apache.hadoop.ipc.ProtobufRpcEngine$Server.processCall(ProtobufRpcEngine.java:484)
	at org.apache.hadoop.ipc.ProtobufRpcEngine2$Server$ProtoBufRpcInvoker.call(ProtobufRpcEngine2.java:595)
	at org.apache.hadoop.ipc.ProtobufRpcEngine2$Server$ProtoBufRpcInvoker.call(ProtobufRpcEngine2.java:573)
	at org.apache.hadoop.ipc.RPC$Server.call(RPC.java:1227)
	at org.apache.hadoop.ipc.Server$RpcCall.run(Server.java:1094)
	at org.apache.hadoop.ipc.Server$RpcCall.run(Server.java:1017)
	at java.base/java.security.AccessController.doPrivileged(Native Method)
	at java.base/javax.security.auth.Subject.doAs(Subject.java:423)
	at org.apache.hadoop.security.UserGroupInformation.doAs(UserGroupInformation.java:1899)
	at org.apache.hadoop.ipc.Server$Handler.run(Server.java:3048)
, while invoking $Proxy21.submitRequest over nodeId=scmNodeId,nodeAddress=scm/172.20.0.3:9860 after 12 failover attempts. Trying to failover after sleeping for 2000ms. Current retry count: 12.
com.google.protobuf.ServiceException: org.apache.hadoop.ipc.RemoteException(org.apache.hadoop.hdds.ratis.ServerNotLeaderException): Server:27403b2e-31b2-457e-97df-3978ddc6d631 is not the leader. Could not determine the leader node.
	at org.apache.hadoop.hdds.ratis.ServerNotLeaderException.convertToNotLeaderException(ServerNotLeaderException.java:109)
	at org.apache.hadoop.hdds.scm.ha.RatisUtil.checkRatisException(RatisUtil.java:249)
	at org.apache.hadoop.hdds.scm.protocol.StorageContainerLocationProtocolServerSideTranslatorPB.submitRequest(StorageContainerLocationProtocolServerSideTranslatorPB.java:199)
	at org.apache.hadoop.hdds.protocol.proto.StorageContainerLocationProtocolProtos$StorageContainerLocationProtocolService$2.callBlockingMethod(StorageContainerLocationProtocolProtos.java)
	at org.apache.hadoop.ipc.ProtobufRpcEngine$Server.processCall(ProtobufRpcEngine.java:484)
	at org.apache.hadoop.ipc.ProtobufRpcEngine2$Server$ProtoBufRpcInvoker.call(ProtobufRpcEngine2.java:595)
	at org.apache.hadoop.ipc.ProtobufRpcEngine2$Server$ProtoBufRpcInvoker.call(ProtobufRpcEngine2.java:573)
	at org.apache.hadoop.ipc.RPC$Server.call(RPC.java:1227)
	at org.apache.hadoop.ipc.Server$RpcCall.run(Server.java:1094)
	at org.apache.hadoop.ipc.Server$RpcCall.run(Server.java:1017)
	at java.base/java.security.AccessController.doPrivileged(Native Method)
	at java.base/javax.security.auth.Subject.doAs(Subject.java:423)
	at org.apache.hadoop.security.UserGroupInformation.doAs(UserGroupInformation.java:1899)
	at org.apache.hadoop.ipc.Server$Handler.run(Server.java:3048)
, while invoking $Proxy21.submitRequest over nodeId=scmNodeId,nodeAddress=scm/172.20.0.3:9860 after 13 failover attempts. Trying to failover after sleeping for 2000ms. Current retry count: 13.
com.google.protobuf.ServiceException: org.apache.hadoop.ipc.RemoteException(org.apache.hadoop.hdds.ratis.ServerNotLeaderException): Server:27403b2e-31b2-457e-97df-3978ddc6d631 is not the leader. Could not determine the leader node.
	at org.apache.hadoop.hdds.ratis.ServerNotLeaderException.convertToNotLeaderException(ServerNotLeaderException.java:109)
	at org.apache.hadoop.hdds.scm.ha.RatisUtil.checkRatisException(RatisUtil.java:249)
	at org.apache.hadoop.hdds.scm.protocol.StorageContainerLocationProtocolServerSideTranslatorPB.submitRequest(StorageContainerLocationProtocolServerSideTranslatorPB.java:199)
	at org.apache.hadoop.hdds.protocol.proto.StorageContainerLocationProtocolProtos$StorageContainerLocationProtocolService$2.callBlockingMethod(StorageContainerLocationProtocolProtos.java)
	at org.apache.hadoop.ipc.ProtobufRpcEngine$Server.processCall(ProtobufRpcEngine.java:484)
	at org.apache.hadoop.ipc.ProtobufRpcEngine2$Server$ProtoBufRpcInvoker.call(ProtobufRpcEngine2.java:595)
	at org.apache.hadoop.ipc.ProtobufRpcEngine2$Server$ProtoBufRpcInvoker.call(ProtobufRpcEngine2.java:573)
	at org.apache.hadoop.ipc.RPC$Server.call(RPC.java:1227)
	at org.apache.hadoop.ipc.Server$RpcCall.run(Server.java:1094)
	at org.apache.hadoop.ipc.Server$RpcCall.run(Server.java:1017)
	at java.base/java.security.AccessController.doPrivileged(Native Method)
	at java.base/javax.security.auth.Subject.doAs(Subject.java:423)
	at org.apache.hadoop.security.UserGroupInformation.doAs(UserGroupInformation.java:1899)
	at org.apache.hadoop.ipc.Server$Handler.run(Server.java:3048)
, while invoking $Proxy21.submitRequest over nodeId=scmNodeId,nodeAddress=scm/172.20.0.3:9860 after 14 failover attempts. Trying to failover after sleeping for 2000ms. Current retry count: 14.
Server:27403b2e-31b2-457e-97df-3978ddc6d631 is not the leader. Could not determine the leader node.
Stopping ozonesecure-mr_s3g_1      ... 
Stopping ozonesecure-mr_kdc_1      ... 
Stopping ozonesecure-mr_kms_1      ... 
Stopping jhs                       ... 
Stopping ozonesecure-mr_rm_1       ... 
Stopping ozonesecure-mr_datanode_3 ... 
Stopping ozonesecure-mr_datanode_2 ... 
Stopping ozonesecure-mr_datanode_1 ... 
Stopping ozonesecure-mr_nm_1       ... 
Stopping ozonesecure-mr_scm_1      ... 
Stopping ozonesecure-mr_om_1       ... 
Stopping ozonesecure-mr_kdc_1      ... done
Stopping ozonesecure-mr_kms_1      ... done
Stopping ozonesecure-mr_rm_1       ... done
Stopping ozonesecure-mr_nm_1       ... done
Stopping jhs                       ... done
Stopping ozonesecure-mr_datanode_1 ... done
Stopping ozonesecure-mr_datanode_2 ... done
Stopping ozonesecure-mr_s3g_1      ... done
Stopping ozonesecure-mr_datanode_3 ... done
Stopping ozonesecure-mr_om_1       ... done
Stopping ozonesecure-mr_scm_1      ... done
Removing ozonesecure-mr_s3g_1      ... 
Removing ozonesecure-mr_kdc_1      ... 
Removing ozonesecure-mr_kms_1      ... 
Removing jhs                       ... 
Removing ozonesecure-mr_rm_1       ... 
Removing ozonesecure-mr_datanode_3 ... 
Removing ozonesecure-mr_datanode_2 ... 
Removing ozonesecure-mr_datanode_1 ... 
Removing ozonesecure-mr_nm_1       ... 
Removing ozonesecure-mr_scm_1      ... 
Removing ozonesecure-mr_om_1       ... 
Removing ozonesecure-mr_kdc_1      ... done
Removing ozonesecure-mr_kms_1      ... done
Removing ozonesecure-mr_s3g_1      ... done
Removing ozonesecure-mr_datanode_1 ... done
Removing ozonesecure-mr_om_1       ... done
Removing ozonesecure-mr_rm_1       ... done
Removing jhs                       ... done
Removing ozonesecure-mr_datanode_2 ... done
Removing ozonesecure-mr_nm_1       ... done
Removing ozonesecure-mr_datanode_3 ... done
Removing ozonesecure-mr_scm_1      ... done
Removing network ozone
ERROR: Test execution of ozonesecure-mr/test.sh is FAILED!!!!
renamed 'ozonesecure-mr/result/docker-jhs.log' -> '/home/runner/work/ozone/ozone/hadoop-ozone/dist/target/ozone-1.4.0-SNAPSHOT/compose/result/ozonesecure-mr/docker-jhs.log'
renamed 'ozonesecure-mr/result/docker-ozonesecure-mr_datanode_1.log' -> '/home/runner/work/ozone/ozone/hadoop-ozone/dist/target/ozone-1.4.0-SNAPSHOT/compose/result/ozonesecure-mr/docker-ozonesecure-mr_datanode_1.log'
renamed 'ozonesecure-mr/result/docker-ozonesecure-mr_datanode_2.log' -> '/home/runner/work/ozone/ozone/hadoop-ozone/dist/target/ozone-1.4.0-SNAPSHOT/compose/result/ozonesecure-mr/docker-ozonesecure-mr_datanode_2.log'
renamed 'ozonesecure-mr/result/docker-ozonesecure-mr_datanode_3.log' -> '/home/runner/work/ozone/ozone/hadoop-ozone/dist/target/ozone-1.4.0-SNAPSHOT/compose/result/ozonesecure-mr/docker-ozonesecure-mr_datanode_3.log'
renamed 'ozonesecure-mr/result/docker-ozonesecure-mr_kdc_1.log' -> '/home/runner/work/ozone/ozone/hadoop-ozone/dist/target/ozone-1.4.0-SNAPSHOT/compose/result/ozonesecure-mr/docker-ozonesecure-mr_kdc_1.log'
renamed 'ozonesecure-mr/result/docker-ozonesecure-mr_kms_1.log' -> '/home/runner/work/ozone/ozone/hadoop-ozone/dist/target/ozone-1.4.0-SNAPSHOT/compose/result/ozonesecure-mr/docker-ozonesecure-mr_kms_1.log'
renamed 'ozonesecure-mr/result/docker-ozonesecure-mr_nm_1.log' -> '/home/runner/work/ozone/ozone/hadoop-ozone/dist/target/ozone-1.4.0-SNAPSHOT/compose/result/ozonesecure-mr/docker-ozonesecure-mr_nm_1.log'
renamed 'ozonesecure-mr/result/docker-ozonesecure-mr_om_1.log' -> '/home/runner/work/ozone/ozone/hadoop-ozone/dist/target/ozone-1.4.0-SNAPSHOT/compose/result/ozonesecure-mr/docker-ozonesecure-mr_om_1.log'
renamed 'ozonesecure-mr/result/docker-ozonesecure-mr_rm_1.log' -> '/home/runner/work/ozone/ozone/hadoop-ozone/dist/target/ozone-1.4.0-SNAPSHOT/compose/result/ozonesecure-mr/docker-ozonesecure-mr_rm_1.log'
renamed 'ozonesecure-mr/result/docker-ozonesecure-mr_s3g_1.log' -> '/home/runner/work/ozone/ozone/hadoop-ozone/dist/target/ozone-1.4.0-SNAPSHOT/compose/result/ozonesecure-mr/docker-ozonesecure-mr_s3g_1.log'
renamed 'ozonesecure-mr/result/docker-ozonesecure-mr_scm_1.log' -> '/home/runner/work/ozone/ozone/hadoop-ozone/dist/target/ozone-1.4.0-SNAPSHOT/compose/result/ozonesecure-mr/docker-ozonesecure-mr_scm_1.log'
renamed 'ozonesecure-mr/result/kms-audit.log' -> '/home/runner/work/ozone/ozone/hadoop-ozone/dist/target/ozone-1.4.0-SNAPSHOT/compose/result/ozonesecure-mr/kms-audit.log'
renamed 'ozonesecure-mr/result/om-audit-om.log' -> '/home/runner/work/ozone/ozone/hadoop-ozone/dist/target/ozone-1.4.0-SNAPSHOT/compose/result/ozonesecure-mr/om-audit-om.log'
renamed 'ozonesecure-mr/result/s3g-audit-s3g.log' -> '/home/runner/work/ozone/ozone/hadoop-ozone/dist/target/ozone-1.4.0-SNAPSHOT/compose/result/ozonesecure-mr/s3g-audit-s3g.log'
renamed 'ozonesecure-mr/result/scm-audit-scm.log' -> '/home/runner/work/ozone/ozone/hadoop-ozone/dist/target/ozone-1.4.0-SNAPSHOT/compose/result/ozonesecure-mr/scm-audit-scm.log'
Exception in thread "main" java.net.SocketException: Socket closed
	at java.base/java.net.PlainSocketImpl.socketAccept(Native Method)
	at java.base/java.net.AbstractPlainSocketImpl.accept(AbstractPlainSocketImpl.java:474)
	at java.base/java.net.ServerSocket.implAccept(ServerSocket.java:565)
	at java.base/java.net.ServerSocket.accept(ServerSocket.java:533)
	at org.apache.hadoop.test.JacocoServer.main(JacocoServer.java:60)
Log:     /home/runner/work/ozone/ozone/hadoop-ozone/dist/target/ozone-1.4.0-SNAPSHOT/compose/result/log.html
Report:  /home/runner/work/ozone/ozone/hadoop-ozone/dist/target/ozone-1.4.0-SNAPSHOT/compose/result/report.html
