rm: cannot remove '/home/runner/work/ozone/ozone/hadoop-ozone/dist/target/ozone-1.4.0-SNAPSHOT/compose/result/*': No such file or directory
Executing test ozonesecure-ha/test-root-ca-rotation.sh
Removing network ozonesecure-ha_ozone_net
Network ozonesecure-ha_ozone_net not found.
Creating network "ozonesecure-ha_ozone_net" with the default driver
Pulling kms (apache/hadoop:3.3.6)...
3.3.6: Pulling from apache/hadoop
Digest: sha256:62a22627f35a1bbf29c721192c02fe311c93749cc43d51df01792b2ac40ff144
Status: Downloaded newer image for apache/hadoop:3.3.6
Pulling om1 (apache/ozone-runner:20230615-1)...
20230615-1: Pulling from apache/ozone-runner
Digest: sha256:46c59e4f69c94a8f886d621c9f1898fda8cc4d5de59059c6c74175ffa4718474
Status: Downloaded newer image for apache/ozone-runner:20230615-1
Pulling kdc (apache/ozone-testkrb5:20230318-1)...
20230318-1: Pulling from apache/ozone-testkrb5
Digest: sha256:6a7eeac1ebd12e8968e34ab93fb8d21f2b92ae52bc0a85b662a2d41065f05d3a
Status: Downloaded newer image for apache/ozone-testkrb5:20230318-1
Creating ozonesecure-ha_om1_1 ... 
Creating ozonesecure-ha_kms_1 ... 
Creating ozonesecure-ha_datanode3_1 ... 
Creating ozonesecure-ha_scm3.org_1  ... 
Creating ozonesecure-ha_httpfs_1    ... 
Creating ozonesecure-ha_datanode2_1 ... 
Creating ozonesecure-ha_scm1.org_1  ... 
Creating ozonesecure-ha_om3_1       ... 
Creating ozonesecure-ha_recon_1     ... 
Creating ozonesecure-ha_datanode1_1 ... 
Creating ozonesecure-ha_kdc_1       ... 
Creating ozonesecure-ha_scm2.org_1  ... 
Creating ozonesecure-ha_om2_1       ... 
Creating ozonesecure-ha_s3g_1       ... 
Creating ozonesecure-ha_datanode2_1 ... done
Creating ozonesecure-ha_httpfs_1    ... done
Creating ozonesecure-ha_kms_1       ... done
Creating ozonesecure-ha_kdc_1       ... done
Creating ozonesecure-ha_datanode3_1 ... done
Creating ozonesecure-ha_recon_1     ... done
Creating ozonesecure-ha_om3_1       ... done
Creating ozonesecure-ha_datanode1_1 ... done
Creating ozonesecure-ha_scm3.org_1  ... done
Creating ozonesecure-ha_om2_1       ... done
Creating ozonesecure-ha_scm2.org_1  ... done
Creating ozonesecure-ha_s3g_1       ... done
Creating ozonesecure-ha_scm1.org_1  ... done
Creating ozonesecure-ha_om1_1       ... done
Port 88 is available on kdc
Port 9860 is not available on scm1.org yet
Port 9860 is not available on scm1.org yet
Port 9860 is not available on scm1.org yet
Port 9860 is not available on scm1.org yet
Port 9860 is not available on scm1.org yet
Port 9860 is not available on scm1.org yet
Port 9860 is not available on scm1.org yet
Port 9860 is not available on scm1.org yet
Port 9860 is not available on scm1.org yet
Port 9860 is not available on scm1.org yet
Port 9860 is not available on scm1.org yet
Port 9860 is not available on scm1.org yet
Port 9860 is not available on scm1.org yet
Port 9860 is not available on scm1.org yet
Port 9860 is not available on scm1.org yet
Port 9860 is not available on scm1.org yet
Port 9860 is available on scm1.org
SCM is in safe mode. Will retry in 1 sec. Remaining time (sec): 237
SCM is in safe mode. Will retry in 1 sec. Remaining time (sec): 236
SCM is in safe mode. Will retry in 1 sec. Remaining time (sec): 235
SCM is in safe mode. Will retry in 1 sec. Remaining time (sec): 234
SCM is in safe mode. Will retry in 1 sec. Remaining time (sec): 233
SCM is in safe mode. Will retry in 1 sec. Remaining time (sec): 232
SCM is in safe mode. Will retry in 1 sec. Remaining time (sec): 231
SCM is in safe mode. Will retry in 1 sec. Remaining time (sec): 230
SCM is in safe mode. Will retry in 1 sec. Remaining time (sec): 229
SCM is in safe mode. Will retry in 1 sec. Remaining time (sec): 228
SCM is in safe mode. Will retry in 1 sec. Remaining time (sec): 227
SCM is in safe mode. Will retry in 1 sec. Remaining time (sec): 226
SCM is in safe mode. Will retry in 1 sec. Remaining time (sec): 225
SCM is in safe mode. Will retry in 1 sec. Remaining time (sec): 224
SCM is in safe mode. Will retry in 1 sec. Remaining time (sec): 223
SCM is in safe mode. Will retry in 1 sec. Remaining time (sec): 222
SCM is in safe mode. Will retry in 1 sec. Remaining time (sec): 221
SCM is in safe mode. Will retry in 1 sec. Remaining time (sec): 220
SCM is in safe mode. Will retry in 1 sec. Remaining time (sec): 219
SCM is in safe mode. Will retry in 1 sec. Remaining time (sec): 218
SCM is in safe mode. Will retry in 1 sec. Remaining time (sec): 217
SCM is in safe mode. Will retry in 1 sec. Remaining time (sec): 216
SCM is in safe mode. Will retry in 1 sec. Remaining time (sec): 215
SCM is in safe mode. Will retry in 1 sec. Remaining time (sec): 214
SCM is in safe mode. Will retry in 1 sec. Remaining time (sec): 213
SCM is in safe mode. Will retry in 1 sec. Remaining time (sec): 212
SCM is in safe mode. Will retry in 1 sec. Remaining time (sec): 211
SCM is in safe mode. Will retry in 1 sec. Remaining time (sec): 210
SCM is in safe mode. Will retry in 1 sec. Remaining time (sec): 209
SCM is in safe mode. Will retry in 1 sec. Remaining time (sec): 208
SCM is in safe mode. Will retry in 1 sec. Remaining time (sec): 207
SCM is in safe mode. Will retry in 1 sec. Remaining time (sec): 206
SCM is in safe mode. Will retry in 1 sec. Remaining time (sec): 205
SCM is in safe mode. Will retry in 1 sec. Remaining time (sec): 204
SCM is in safe mode. Will retry in 1 sec. Remaining time (sec): 203
SCM is in safe mode. Will retry in 1 sec. Remaining time (sec): 202
SCM is in safe mode. Will retry in 1 sec. Remaining time (sec): 201
SCM is in safe mode. Will retry in 1 sec. Remaining time (sec): 200
SCM is in safe mode. Will retry in 1 sec. Remaining time (sec): 199
SCM is in safe mode. Will retry in 1 sec. Remaining time (sec): 198
SCM is in safe mode. Will retry in 1 sec. Remaining time (sec): 197
SCM is in safe mode. Will retry in 1 sec. Remaining time (sec): 196
SCM is in safe mode. Will retry in 1 sec. Remaining time (sec): 195
SCM is in safe mode. Will retry in 1 sec. Remaining time (sec): 194
SCM is in safe mode. Will retry in 1 sec. Remaining time (sec): 193
SCM is in safe mode. Will retry in 1 sec. Remaining time (sec): 192
SCM is in safe mode. Will retry in 1 sec. Remaining time (sec): 191
SCM is in safe mode. Will retry in 1 sec. Remaining time (sec): 190
SCM is in safe mode. Will retry in 1 sec. Remaining time (sec): 189
SCM is in safe mode. Will retry in 1 sec. Remaining time (sec): 188
SCM is in safe mode. Will retry in 1 sec. Remaining time (sec): 187
SCM is in safe mode. Will retry in 1 sec. Remaining time (sec): 186
SCM is in safe mode. Will retry in 1 sec. Remaining time (sec): 185
SCM is in safe mode. Will retry in 1 sec. Remaining time (sec): 184
SCM is in safe mode. Will retry in 1 sec. Remaining time (sec): 183
SCM is in safe mode. Will retry in 1 sec. Remaining time (sec): 182
SCM is in safe mode. Will retry in 1 sec. Remaining time (sec): 181
SCM is in safe mode. Will retry in 1 sec. Remaining time (sec): 180
SCM is in safe mode. Will retry in 1 sec. Remaining time (sec): 179
SCM is in safe mode. Will retry in 1 sec. Remaining time (sec): 178
SCM is in safe mode. Will retry in 1 sec. Remaining time (sec): 176
SCM is in safe mode. Will retry in 1 sec. Remaining time (sec): 175
SCM is in safe mode. Will retry in 1 sec. Remaining time (sec): 174
SCM is in safe mode. Will retry in 1 sec. Remaining time (sec): 173
SCM is in safe mode. Will retry in 1 sec. Remaining time (sec): 172
SCM is in safe mode. Will retry in 1 sec. Remaining time (sec): 171
SCM is in safe mode. Will retry in 1 sec. Remaining time (sec): 170
SCM is in safe mode. Will retry in 1 sec. Remaining time (sec): 169
SCM is in safe mode. Will retry in 1 sec. Remaining time (sec): 168
SCM is in safe mode. Will retry in 1 sec. Remaining time (sec): 167
SCM is in safe mode. Will retry in 1 sec. Remaining time (sec): 166
SCM is in safe mode. Will retry in 1 sec. Remaining time (sec): 165
SCM is in safe mode. Will retry in 1 sec. Remaining time (sec): 164
SCM is in safe mode. Will retry in 1 sec. Remaining time (sec): 163
SCM is in safe mode. Will retry in 1 sec. Remaining time (sec): 162
SCM is in safe mode. Will retry in 1 sec. Remaining time (sec): 161
SCM is in safe mode. Will retry in 1 sec. Remaining time (sec): 160
SCM is in safe mode. Will retry in 1 sec. Remaining time (sec): 159
SCM is in safe mode. Will retry in 1 sec. Remaining time (sec): 158
SCM is in safe mode. Will retry in 1 sec. Remaining time (sec): 157
SCM is in safe mode. Will retry in 1 sec. Remaining time (sec): 156
SCM is in safe mode. Will retry in 1 sec. Remaining time (sec): 155
SCM is in safe mode. Will retry in 1 sec. Remaining time (sec): 154
SCM is in safe mode. Will retry in 1 sec. Remaining time (sec): 153
SCM is in safe mode. Will retry in 1 sec. Remaining time (sec): 152
SCM is in safe mode. Will retry in 1 sec. Remaining time (sec): 151
SCM is in safe mode. Will retry in 1 sec. Remaining time (sec): 150
SCM is in safe mode. Will retry in 1 sec. Remaining time (sec): 149
SCM is in safe mode. Will retry in 1 sec. Remaining time (sec): 148
SCM is in safe mode. Will retry in 1 sec. Remaining time (sec): 147
SCM is in safe mode. Will retry in 1 sec. Remaining time (sec): 146
SCM is in safe mode. Will retry in 1 sec. Remaining time (sec): 145
SCM is in safe mode. Will retry in 1 sec. Remaining time (sec): 144
SCM is in safe mode. Will retry in 1 sec. Remaining time (sec): 143
SCM is in safe mode. Will retry in 1 sec. Remaining time (sec): 142
SCM is in safe mode. Will retry in 1 sec. Remaining time (sec): 141
SCM is in safe mode. Will retry in 1 sec. Remaining time (sec): 140
SCM is in safe mode. Will retry in 1 sec. Remaining time (sec): 139
SCM is in safe mode. Will retry in 1 sec. Remaining time (sec): 138
SCM is in safe mode. Will retry in 1 sec. Remaining time (sec): 137
SCM is in safe mode. Will retry in 1 sec. Remaining time (sec): 136
SCM is in safe mode. Will retry in 1 sec. Remaining time (sec): 135
SCM is in safe mode. Will retry in 1 sec. Remaining time (sec): 134
SCM is in safe mode. Will retry in 1 sec. Remaining time (sec): 133
SCM is in safe mode. Will retry in 1 sec. Remaining time (sec): 132
SCM is in safe mode. Will retry in 1 sec. Remaining time (sec): 131
SCM is in safe mode. Will retry in 1 sec. Remaining time (sec): 130
SCM is in safe mode. Will retry in 1 sec. Remaining time (sec): 129
SCM is in safe mode. Will retry in 1 sec. Remaining time (sec): 128
SCM is in safe mode. Will retry in 1 sec. Remaining time (sec): 127
SCM is in safe mode. Will retry in 1 sec. Remaining time (sec): 126
SCM is in safe mode. Will retry in 1 sec. Remaining time (sec): 125
SCM is in safe mode. Will retry in 1 sec. Remaining time (sec): 124
SCM is in safe mode. Will retry in 1 sec. Remaining time (sec): 123
SCM is in safe mode. Will retry in 1 sec. Remaining time (sec): 122
SCM is in safe mode. Will retry in 1 sec. Remaining time (sec): 121
SCM is in safe mode. Will retry in 1 sec. Remaining time (sec): 120
SCM is in safe mode. Will retry in 1 sec. Remaining time (sec): 119
SCM is in safe mode. Will retry in 1 sec. Remaining time (sec): 118
SCM is in safe mode. Will retry in 1 sec. Remaining time (sec): 117
SCM is in safe mode. Will retry in 1 sec. Remaining time (sec): 116
SCM is in safe mode. Will retry in 1 sec. Remaining time (sec): 115
SCM is in safe mode. Will retry in 1 sec. Remaining time (sec): 114
SCM is in safe mode. Will retry in 1 sec. Remaining time (sec): 113
SCM is in safe mode. Will retry in 1 sec. Remaining time (sec): 112
SCM is in safe mode. Will retry in 1 sec. Remaining time (sec): 111
SCM is in safe mode. Will retry in 1 sec. Remaining time (sec): 110
SCM is in safe mode. Will retry in 1 sec. Remaining time (sec): 109
SCM is in safe mode. Will retry in 1 sec. Remaining time (sec): 108
SCM is in safe mode. Will retry in 1 sec. Remaining time (sec): 106
SCM is in safe mode. Will retry in 1 sec. Remaining time (sec): 105
SCM is in safe mode. Will retry in 1 sec. Remaining time (sec): 104
SCM is in safe mode. Will retry in 1 sec. Remaining time (sec): 103
SCM is in safe mode. Will retry in 1 sec. Remaining time (sec): 102
SCM is in safe mode. Will retry in 1 sec. Remaining time (sec): 101
SCM is in safe mode. Will retry in 1 sec. Remaining time (sec): 100
SCM is in safe mode. Will retry in 1 sec. Remaining time (sec): 99
SCM is in safe mode. Will retry in 1 sec. Remaining time (sec): 98
SCM is in safe mode. Will retry in 1 sec. Remaining time (sec): 97
SCM is in safe mode. Will retry in 1 sec. Remaining time (sec): 96
SCM is in safe mode. Will retry in 1 sec. Remaining time (sec): 95
SCM is in safe mode. Will retry in 1 sec. Remaining time (sec): 94
SCM is in safe mode. Will retry in 1 sec. Remaining time (sec): 93
SCM is in safe mode. Will retry in 1 sec. Remaining time (sec): 92
SCM is in safe mode. Will retry in 1 sec. Remaining time (sec): 91
SCM is in safe mode. Will retry in 1 sec. Remaining time (sec): 90
SCM is in safe mode. Will retry in 1 sec. Remaining time (sec): 89
SCM is out of safe mode.
Found OM leader for service omservice: om3 : LEADER (om3)
Replaced OM order with om3,om2,om1 in ozonesecure-ha_datanode1_1
Replaced OM order with om3,om2,om1 in ozonesecure-ha_datanode2_1
Replaced OM order with om3,om2,om1 in ozonesecure-ha_datanode3_1
Replaced OM order with om3,om2,om1 in ozonesecure-ha_recon_1
Replaced OM order with om3,om2,om1 in ozonesecure-ha_s3g_1
Replaced OM order with om3,om2,om1 in ozonesecure-ha_scm1.org_1
Replaced OM order with om3,om2,om1 in ozonesecure-ha_scm2.org_1
Replaced OM order with om3,om2,om1 in ozonesecure-ha_scm3.org_1
key1 has been successfully created with options Options{cipher='AES/CTR/NoPadding', bitLength=128, description='null', attributes=null}.
org.apache.hadoop.crypto.key.kms.LoadBalancingKMSClientProvider@662b4c69 has been updated.
==============================================================================
Kinit :: Kinit test user                                                      
==============================================================================
Kinit                                                                 | PASS |
------------------------------------------------------------------------------
Kinit :: Kinit test user                                              | PASS |
1 test, 1 passed, 0 failed
==============================================================================
Output:  /tmp/smoketest/ozonesecure-ha/result/robot-1.xml
"RootCARotationManager-Active" #271 daemon prio=5 os_prio=0 cpu=625.78ms elapsed=223.71s tid=0x00007fe31cb31000 nid=0x279 waiting on condition  [0x00007fe2d9e7e000]
jps | grep StorageContainerManagerStarter | sed 's/StorageContainerManagerStarter//' | xargs  | xargs -I {} jstack {} | grep 'RootCARotationManager-Active' succeed
Certificate id: 2
  [0]         Version: 3
         SerialNumber: 2
             IssuerDN: CN=scm-2@scm1.org,OU=629737d8-0cf9-4adb-8ab2-28210827a915,O=CID-153249be-fba5-4ebb-9c61-7e0aa18f778f
           Start Date: Sat Jul 22 08:52:45 UTC 2023
           Final Date: Sat Jul 22 08:56:45 UTC 2023
            SubjectDN: CN=scm-2@scm1.org,OU=629737d8-0cf9-4adb-8ab2-28210827a915,O=CID-153249be-fba5-4ebb-9c61-7e0aa18f778f
           Public Key: RSA Public Key [b4:2b:49:7f:f6:41:47:5a:a2:d1:04:9d:31:3b:91:71:1b:26:85:42],[56:66:d1:a4]
        modulus: c50b3a96ee5769f4de10f21cd280a48ab929ef0f200820d6492024525f9bd65cb73f027da618e16bac33d0252a3e2a5ea2b6abcac43aa050b31ea128e7f9be8eee3cd4109fd2812ff67e768e196a86f5b48ba718ce372aa1ccbc8d3e567e007807a77d727d5a4a49fa27e3f6af7a49ce7f28165f0543d5f7a22b419e4123b80299d19f1bac1f6465e2faa1bb5999ec74e776dead045f4c8f1621221ddb30f7cab14864b9ba5e124da80cf9db8fdbc3027160e863a3ac6c2f587c7bbdfddbef05d11b90fe3b6a40c524dad704dad8f29b82f2b914f39622df4479b89e40c2c17c1b3bf4e3c251e92b33a47c816ba27e10e0d50e055b20b933924ef25a61a51adf
public exponent: 10001

  Signature Algorithm: SHA256withRSA
            Signature: 056ac18a15a21ed86081a6716a74138ed3821b18
                       eab22e4e291f91357e56cb60c3be01c03a980032
                       1d79128067ffd2c2988f44dc9af6085cef5c4147
                       d3cf674815d86b41bcbc48e9141d087775c51570
                       ed774a8e52563a40e398ad6d963d89f2734a0621
                       4fcfd824b1ed7f34a7dfef3b100d6e4fb4f0aeae
                       6f41dc290e7ca5e88b9ebcc51ff3e7404c99dfc5
                       6314a19a8e2a69120e8e52ecff944592afd5cdfb
                       08d1850604967ff5a26f46ca76373d2ddcb5fb67
                       398cf277bd17854821f9da524fc3d759941e565c
                       00fa567ed7ef835239db80ecc4ce84309c95d767
                       877db7789543c6cf4872ad9441d8875df40096f4
                       2b3c2d929713221857875febf5962e15
       Extensions: 
                       critical(true) BasicConstraints: isCa(true)
                       critical(true) KeyUsage: 0x6
                       critical(false) 2.5.29.17 value = Sequence
    Tagged [7] IMPLICIT 
        DER Octet String[4] 
    Tagged [2] IMPLICIT 
        DER Octet String[8] 


ozone admin cert info 2 succeed
==============================================================================
Scm-Leader-Transfer :: Smoketest ozone cluster startup                        
==============================================================================
Transfer Leadership                                                   | PASS |
------------------------------------------------------------------------------
Scm-Leader-Transfer :: Smoketest ozone cluster startup                | PASS |
1 test, 1 passed, 0 failed
==============================================================================
Output:  /tmp/smoketest/ozonesecure-ha/result/robot-2.xml
"RootCARotationManager-Inactive" #271 daemon prio=5 os_prio=0 cpu=643.30ms elapsed=279.38s tid=0x00007fe31cb31000 nid=0x279 waiting on condition  [0x00007fe2d9e7e000]
jps | grep StorageContainerManagerStarter | sed 's/StorageContainerManagerStarter//' | xargs | xargs -I {} jstack {} | grep 'RootCARotationManager-Inactive' succeed
==============================================================================
Root-Ca-Rotation-Client-Checks :: Generate data                               
==============================================================================
Create a volume and bucket                                            | PASS |
------------------------------------------------------------------------------
Create key                                                            | FAIL |
Test timeout 5 minutes exceeded.
------------------------------------------------------------------------------
Read data from previously created key                                 | FAIL |
255 != 0
------------------------------------------------------------------------------
Root-Ca-Rotation-Client-Checks :: Generate data                       | FAIL |
3 tests, 1 passed, 2 failed
==============================================================================
Output:  /tmp/smoketest/ozonesecure-ha/result/robot-3.xml
jstack 7 > /home/runner/work/ozone/ozone/hadoop-ozone/dist/target/ozone-1.4.0-SNAPSHOT/compose/ozonesecure-ha/result/ozonesecure-ha_datanode1_1_HddsDatanodeService.stack
jstack 8 > /home/runner/work/ozone/ozone/hadoop-ozone/dist/target/ozone-1.4.0-SNAPSHOT/compose/ozonesecure-ha/result/ozonesecure-ha_datanode2_1_HddsDatanodeService.stack
jstack 7 > /home/runner/work/ozone/ozone/hadoop-ozone/dist/target/ozone-1.4.0-SNAPSHOT/compose/ozonesecure-ha/result/ozonesecure-ha_datanode3_1_HddsDatanodeService.stack
jstack 7 > /home/runner/work/ozone/ozone/hadoop-ozone/dist/target/ozone-1.4.0-SNAPSHOT/compose/ozonesecure-ha/result/ozonesecure-ha_om1_1_OzoneManagerStarter.stack
jstack 7 > /home/runner/work/ozone/ozone/hadoop-ozone/dist/target/ozone-1.4.0-SNAPSHOT/compose/ozonesecure-ha/result/ozonesecure-ha_om2_1_OzoneManagerStarter.stack
jstack 7 > /home/runner/work/ozone/ozone/hadoop-ozone/dist/target/ozone-1.4.0-SNAPSHOT/compose/ozonesecure-ha/result/ozonesecure-ha_om3_1_OzoneManagerStarter.stack
jstack 8 > /home/runner/work/ozone/ozone/hadoop-ozone/dist/target/ozone-1.4.0-SNAPSHOT/compose/ozonesecure-ha/result/ozonesecure-ha_recon_1_ReconServer.stack
jstack 6 > /home/runner/work/ozone/ozone/hadoop-ozone/dist/target/ozone-1.4.0-SNAPSHOT/compose/ozonesecure-ha/result/ozonesecure-ha_s3g_1_Gateway.stack
jstack 7 > /home/runner/work/ozone/ozone/hadoop-ozone/dist/target/ozone-1.4.0-SNAPSHOT/compose/ozonesecure-ha/result/ozonesecure-ha_scm1.org_1_StorageContainerManagerStarter.stack
jstack 2124 > /home/runner/work/ozone/ozone/hadoop-ozone/dist/target/ozone-1.4.0-SNAPSHOT/compose/ozonesecure-ha/result/ozonesecure-ha_scm1.org_1_OzoneShell.stack
jstack 7 > /home/runner/work/ozone/ozone/hadoop-ozone/dist/target/ozone-1.4.0-SNAPSHOT/compose/ozonesecure-ha/result/ozonesecure-ha_scm2.org_1_StorageContainerManagerStarter.stack
jstack 6 > /home/runner/work/ozone/ozone/hadoop-ozone/dist/target/ozone-1.4.0-SNAPSHOT/compose/ozonesecure-ha/result/ozonesecure-ha_scm3.org_1_StorageContainerManagerStarter.stack
Stopping ozonesecure-ha_s3g_1       ... 
Stopping ozonesecure-ha_kdc_1       ... 
Stopping ozonesecure-ha_datanode1_1 ... 
Stopping ozonesecure-ha_scm2.org_1  ... 
Stopping ozonesecure-ha_scm1.org_1  ... 
Stopping ozonesecure-ha_om2_1       ... 
Stopping ozonesecure-ha_om3_1       ... 
Stopping ozonesecure-ha_recon_1     ... 
Stopping ozonesecure-ha_scm3.org_1  ... 
Stopping ozonesecure-ha_datanode2_1 ... 
Stopping ozonesecure-ha_om1_1       ... 
Stopping ozonesecure-ha_httpfs_1    ... 
Stopping ozonesecure-ha_datanode3_1 ... 
Stopping ozonesecure-ha_kms_1       ... 
Stopping ozonesecure-ha_kdc_1       ... done
Stopping ozonesecure-ha_kms_1       ... done
Stopping ozonesecure-ha_httpfs_1    ... done
Stopping ozonesecure-ha_s3g_1       ... done
Stopping ozonesecure-ha_recon_1     ... done
Stopping ozonesecure-ha_datanode2_1 ... done
Stopping ozonesecure-ha_datanode1_1 ... done
Stopping ozonesecure-ha_datanode3_1 ... done
Stopping ozonesecure-ha_scm2.org_1  ... done
Stopping ozonesecure-ha_om2_1       ... done
Stopping ozonesecure-ha_om1_1       ... done
Stopping ozonesecure-ha_scm1.org_1  ... done
Stopping ozonesecure-ha_scm3.org_1  ... done
Stopping ozonesecure-ha_om3_1       ... done
Removing ozonesecure-ha_s3g_1       ... 
Removing ozonesecure-ha_kdc_1       ... 
Removing ozonesecure-ha_datanode1_1 ... 
Removing ozonesecure-ha_scm2.org_1  ... 
Removing ozonesecure-ha_scm1.org_1  ... 
Removing ozonesecure-ha_om2_1       ... 
Removing ozonesecure-ha_om3_1       ... 
Removing ozonesecure-ha_recon_1     ... 
Removing ozonesecure-ha_scm3.org_1  ... 
Removing ozonesecure-ha_datanode2_1 ... 
Removing ozonesecure-ha_om1_1       ... 
Removing ozonesecure-ha_httpfs_1    ... 
Removing ozonesecure-ha_datanode3_1 ... 
Removing ozonesecure-ha_kms_1       ... 
Removing ozonesecure-ha_s3g_1       ... done
Removing ozonesecure-ha_scm1.org_1  ... done
Removing ozonesecure-ha_datanode1_1 ... done
Removing ozonesecure-ha_scm2.org_1  ... done
Removing ozonesecure-ha_datanode3_1 ... done
Removing ozonesecure-ha_kdc_1       ... done
Removing ozonesecure-ha_datanode2_1 ... done
Removing ozonesecure-ha_om1_1       ... done
Removing ozonesecure-ha_scm3.org_1  ... done
Removing ozonesecure-ha_kms_1       ... done
Removing ozonesecure-ha_recon_1     ... done
Removing ozonesecure-ha_httpfs_1    ... done
Removing ozonesecure-ha_om2_1       ... done
Removing ozonesecure-ha_om3_1       ... done
Removing network ozonesecure-ha_ozone_net
ERROR: Test execution of ozonesecure-ha/test-root-ca-rotation.sh is FAILED!!!!
Output:  /home/runner/work/ozone/ozone/hadoop-ozone/dist/target/ozone-1.4.0-SNAPSHOT/compose/result/ozonesecure-ha-root-ca-rotation.xml
removed 'ozonesecure-ha/result/robot-1.xml'
removed 'ozonesecure-ha/result/robot-2.xml'
removed 'ozonesecure-ha/result/robot-3.xml'
renamed 'ozonesecure-ha/result/dn-audit-35fc358649f2.log' -> '/home/runner/work/ozone/ozone/hadoop-ozone/dist/target/ozone-1.4.0-SNAPSHOT/compose/result/ozonesecure-ha/root-ca-rotation/dn-audit-35fc358649f2.log'
renamed 'ozonesecure-ha/result/dn-audit-a40a4ba6cbc4.log' -> '/home/runner/work/ozone/ozone/hadoop-ozone/dist/target/ozone-1.4.0-SNAPSHOT/compose/result/ozonesecure-ha/root-ca-rotation/dn-audit-a40a4ba6cbc4.log'
renamed 'ozonesecure-ha/result/dn-audit-d96bd1d2e5c5.log' -> '/home/runner/work/ozone/ozone/hadoop-ozone/dist/target/ozone-1.4.0-SNAPSHOT/compose/result/ozonesecure-ha/root-ca-rotation/dn-audit-d96bd1d2e5c5.log'
renamed 'ozonesecure-ha/result/docker-ozonesecure-ha_datanode1_1.log' -> '/home/runner/work/ozone/ozone/hadoop-ozone/dist/target/ozone-1.4.0-SNAPSHOT/compose/result/ozonesecure-ha/root-ca-rotation/docker-ozonesecure-ha_datanode1_1.log'
renamed 'ozonesecure-ha/result/docker-ozonesecure-ha_datanode2_1.log' -> '/home/runner/work/ozone/ozone/hadoop-ozone/dist/target/ozone-1.4.0-SNAPSHOT/compose/result/ozonesecure-ha/root-ca-rotation/docker-ozonesecure-ha_datanode2_1.log'
renamed 'ozonesecure-ha/result/docker-ozonesecure-ha_datanode3_1.log' -> '/home/runner/work/ozone/ozone/hadoop-ozone/dist/target/ozone-1.4.0-SNAPSHOT/compose/result/ozonesecure-ha/root-ca-rotation/docker-ozonesecure-ha_datanode3_1.log'
renamed 'ozonesecure-ha/result/docker-ozonesecure-ha_httpfs_1.log' -> '/home/runner/work/ozone/ozone/hadoop-ozone/dist/target/ozone-1.4.0-SNAPSHOT/compose/result/ozonesecure-ha/root-ca-rotation/docker-ozonesecure-ha_httpfs_1.log'
renamed 'ozonesecure-ha/result/docker-ozonesecure-ha_kdc_1.log' -> '/home/runner/work/ozone/ozone/hadoop-ozone/dist/target/ozone-1.4.0-SNAPSHOT/compose/result/ozonesecure-ha/root-ca-rotation/docker-ozonesecure-ha_kdc_1.log'
renamed 'ozonesecure-ha/result/docker-ozonesecure-ha_kms_1.log' -> '/home/runner/work/ozone/ozone/hadoop-ozone/dist/target/ozone-1.4.0-SNAPSHOT/compose/result/ozonesecure-ha/root-ca-rotation/docker-ozonesecure-ha_kms_1.log'
renamed 'ozonesecure-ha/result/docker-ozonesecure-ha_om1_1.log' -> '/home/runner/work/ozone/ozone/hadoop-ozone/dist/target/ozone-1.4.0-SNAPSHOT/compose/result/ozonesecure-ha/root-ca-rotation/docker-ozonesecure-ha_om1_1.log'
renamed 'ozonesecure-ha/result/docker-ozonesecure-ha_om2_1.log' -> '/home/runner/work/ozone/ozone/hadoop-ozone/dist/target/ozone-1.4.0-SNAPSHOT/compose/result/ozonesecure-ha/root-ca-rotation/docker-ozonesecure-ha_om2_1.log'
renamed 'ozonesecure-ha/result/docker-ozonesecure-ha_om3_1.log' -> '/home/runner/work/ozone/ozone/hadoop-ozone/dist/target/ozone-1.4.0-SNAPSHOT/compose/result/ozonesecure-ha/root-ca-rotation/docker-ozonesecure-ha_om3_1.log'
renamed 'ozonesecure-ha/result/docker-ozonesecure-ha_recon_1.log' -> '/home/runner/work/ozone/ozone/hadoop-ozone/dist/target/ozone-1.4.0-SNAPSHOT/compose/result/ozonesecure-ha/root-ca-rotation/docker-ozonesecure-ha_recon_1.log'
renamed 'ozonesecure-ha/result/docker-ozonesecure-ha_s3g_1.log' -> '/home/runner/work/ozone/ozone/hadoop-ozone/dist/target/ozone-1.4.0-SNAPSHOT/compose/result/ozonesecure-ha/root-ca-rotation/docker-ozonesecure-ha_s3g_1.log'
renamed 'ozonesecure-ha/result/docker-ozonesecure-ha_scm1.org_1.log' -> '/home/runner/work/ozone/ozone/hadoop-ozone/dist/target/ozone-1.4.0-SNAPSHOT/compose/result/ozonesecure-ha/root-ca-rotation/docker-ozonesecure-ha_scm1.org_1.log'
renamed 'ozonesecure-ha/result/docker-ozonesecure-ha_scm2.org_1.log' -> '/home/runner/work/ozone/ozone/hadoop-ozone/dist/target/ozone-1.4.0-SNAPSHOT/compose/result/ozonesecure-ha/root-ca-rotation/docker-ozonesecure-ha_scm2.org_1.log'
renamed 'ozonesecure-ha/result/docker-ozonesecure-ha_scm3.org_1.log' -> '/home/runner/work/ozone/ozone/hadoop-ozone/dist/target/ozone-1.4.0-SNAPSHOT/compose/result/ozonesecure-ha/root-ca-rotation/docker-ozonesecure-ha_scm3.org_1.log'
renamed 'ozonesecure-ha/result/kms-audit.log' -> '/home/runner/work/ozone/ozone/hadoop-ozone/dist/target/ozone-1.4.0-SNAPSHOT/compose/result/ozonesecure-ha/root-ca-rotation/kms-audit.log'
renamed 'ozonesecure-ha/result/om-audit-om1.log' -> '/home/runner/work/ozone/ozone/hadoop-ozone/dist/target/ozone-1.4.0-SNAPSHOT/compose/result/ozonesecure-ha/root-ca-rotation/om-audit-om1.log'
renamed 'ozonesecure-ha/result/om-audit-om2.log' -> '/home/runner/work/ozone/ozone/hadoop-ozone/dist/target/ozone-1.4.0-SNAPSHOT/compose/result/ozonesecure-ha/root-ca-rotation/om-audit-om2.log'
renamed 'ozonesecure-ha/result/om-audit-om3.log' -> '/home/runner/work/ozone/ozone/hadoop-ozone/dist/target/ozone-1.4.0-SNAPSHOT/compose/result/ozonesecure-ha/root-ca-rotation/om-audit-om3.log'
renamed 'ozonesecure-ha/result/ozonesecure-ha_datanode1_1_HddsDatanodeService.stack' -> '/home/runner/work/ozone/ozone/hadoop-ozone/dist/target/ozone-1.4.0-SNAPSHOT/compose/result/ozonesecure-ha/root-ca-rotation/ozonesecure-ha_datanode1_1_HddsDatanodeService.stack'
renamed 'ozonesecure-ha/result/ozonesecure-ha_datanode2_1_HddsDatanodeService.stack' -> '/home/runner/work/ozone/ozone/hadoop-ozone/dist/target/ozone-1.4.0-SNAPSHOT/compose/result/ozonesecure-ha/root-ca-rotation/ozonesecure-ha_datanode2_1_HddsDatanodeService.stack'
renamed 'ozonesecure-ha/result/ozonesecure-ha_datanode3_1_HddsDatanodeService.stack' -> '/home/runner/work/ozone/ozone/hadoop-ozone/dist/target/ozone-1.4.0-SNAPSHOT/compose/result/ozonesecure-ha/root-ca-rotation/ozonesecure-ha_datanode3_1_HddsDatanodeService.stack'
renamed 'ozonesecure-ha/result/ozonesecure-ha_om1_1_OzoneManagerStarter.stack' -> '/home/runner/work/ozone/ozone/hadoop-ozone/dist/target/ozone-1.4.0-SNAPSHOT/compose/result/ozonesecure-ha/root-ca-rotation/ozonesecure-ha_om1_1_OzoneManagerStarter.stack'
renamed 'ozonesecure-ha/result/ozonesecure-ha_om2_1_OzoneManagerStarter.stack' -> '/home/runner/work/ozone/ozone/hadoop-ozone/dist/target/ozone-1.4.0-SNAPSHOT/compose/result/ozonesecure-ha/root-ca-rotation/ozonesecure-ha_om2_1_OzoneManagerStarter.stack'
renamed 'ozonesecure-ha/result/ozonesecure-ha_om3_1_OzoneManagerStarter.stack' -> '/home/runner/work/ozone/ozone/hadoop-ozone/dist/target/ozone-1.4.0-SNAPSHOT/compose/result/ozonesecure-ha/root-ca-rotation/ozonesecure-ha_om3_1_OzoneManagerStarter.stack'
renamed 'ozonesecure-ha/result/ozonesecure-ha_recon_1_ReconServer.stack' -> '/home/runner/work/ozone/ozone/hadoop-ozone/dist/target/ozone-1.4.0-SNAPSHOT/compose/result/ozonesecure-ha/root-ca-rotation/ozonesecure-ha_recon_1_ReconServer.stack'
renamed 'ozonesecure-ha/result/ozonesecure-ha_s3g_1_Gateway.stack' -> '/home/runner/work/ozone/ozone/hadoop-ozone/dist/target/ozone-1.4.0-SNAPSHOT/compose/result/ozonesecure-ha/root-ca-rotation/ozonesecure-ha_s3g_1_Gateway.stack'
renamed 'ozonesecure-ha/result/ozonesecure-ha_scm1.org_1_OzoneShell.stack' -> '/home/runner/work/ozone/ozone/hadoop-ozone/dist/target/ozone-1.4.0-SNAPSHOT/compose/result/ozonesecure-ha/root-ca-rotation/ozonesecure-ha_scm1.org_1_OzoneShell.stack'
renamed 'ozonesecure-ha/result/ozonesecure-ha_scm1.org_1_StorageContainerManagerStarter.stack' -> '/home/runner/work/ozone/ozone/hadoop-ozone/dist/target/ozone-1.4.0-SNAPSHOT/compose/result/ozonesecure-ha/root-ca-rotation/ozonesecure-ha_scm1.org_1_StorageContainerManagerStarter.stack'
renamed 'ozonesecure-ha/result/ozonesecure-ha_scm2.org_1_StorageContainerManagerStarter.stack' -> '/home/runner/work/ozone/ozone/hadoop-ozone/dist/target/ozone-1.4.0-SNAPSHOT/compose/result/ozonesecure-ha/root-ca-rotation/ozonesecure-ha_scm2.org_1_StorageContainerManagerStarter.stack'
renamed 'ozonesecure-ha/result/ozonesecure-ha_scm3.org_1_StorageContainerManagerStarter.stack' -> '/home/runner/work/ozone/ozone/hadoop-ozone/dist/target/ozone-1.4.0-SNAPSHOT/compose/result/ozonesecure-ha/root-ca-rotation/ozonesecure-ha_scm3.org_1_StorageContainerManagerStarter.stack'
renamed 'ozonesecure-ha/result/s3g-audit-s3g.log' -> '/home/runner/work/ozone/ozone/hadoop-ozone/dist/target/ozone-1.4.0-SNAPSHOT/compose/result/ozonesecure-ha/root-ca-rotation/s3g-audit-s3g.log'
renamed 'ozonesecure-ha/result/scm-audit-scm1.org.log' -> '/home/runner/work/ozone/ozone/hadoop-ozone/dist/target/ozone-1.4.0-SNAPSHOT/compose/result/ozonesecure-ha/root-ca-rotation/scm-audit-scm1.org.log'
renamed 'ozonesecure-ha/result/scm-audit-scm2.org.log' -> '/home/runner/work/ozone/ozone/hadoop-ozone/dist/target/ozone-1.4.0-SNAPSHOT/compose/result/ozonesecure-ha/root-ca-rotation/scm-audit-scm2.org.log'
renamed 'ozonesecure-ha/result/scm-audit-scm3.org.log' -> '/home/runner/work/ozone/ozone/hadoop-ozone/dist/target/ozone-1.4.0-SNAPSHOT/compose/result/ozonesecure-ha/root-ca-rotation/scm-audit-scm3.org.log'
Executing test ozonesecure/test-certificate-rotation.sh
Removing network ozonesecure_default
Network ozonesecure_default not found.
Creating network "ozonesecure_default" with the default driver
Creating ozonesecure_recon_1 ... 
Creating ozonesecure_om_1    ... 
Creating ozonesecure_kms_1   ... 
Creating ozonesecure_httpfs_1 ... 
Creating ozonesecure_datanode_1 ... 
Creating ozonesecure_datanode_2 ... 
Creating ozonesecure_datanode_3 ... 
Creating ozonesecure_kdc_1      ... 
Creating ozonesecure_scm_1      ... 
Creating ozonesecure_s3g_1      ... 
Creating ozonesecure_recon_1    ... done
Creating ozonesecure_datanode_3 ... done
Creating ozonesecure_kms_1      ... done
Creating ozonesecure_kdc_1      ... done
Creating ozonesecure_httpfs_1   ... done
Creating ozonesecure_om_1       ... done
Creating ozonesecure_scm_1      ... done
Creating ozonesecure_datanode_1 ... done
Creating ozonesecure_datanode_2 ... done
Creating ozonesecure_s3g_1      ... done
Port 88 is available on kdc
Port 9860 is not available on scm yet
Port 9860 is not available on scm yet
Port 9860 is not available on scm yet
Port 9860 is not available on scm yet
Port 9860 is not available on scm yet
Port 9860 is not available on scm yet
Port 9860 is not available on scm yet
Port 9860 is not available on scm yet
Port 9860 is not available on scm yet
Port 9860 is not available on scm yet
Port 9860 is not available on scm yet
Port 9860 is not available on scm yet
Port 9860 is not available on scm yet
Port 9860 is not available on scm yet
Port 9860 is not available on scm yet
Port 9860 is not available on scm yet
Port 9860 is not available on scm yet
Port 9860 is not available on scm yet
Port 9860 is not available on scm yet
Port 9860 is not available on scm yet
Port 9860 is not available on scm yet
Port 9860 is not available on scm yet
Port 9860 is not available on scm yet
Port 9860 is not available on scm yet
Port 9860 is not available on scm yet
Port 9860 is not available on scm yet
Port 9860 is available on scm
SCM is in safe mode. Will retry in 1 sec. Remaining time (sec): 234
SCM is in safe mode. Will retry in 1 sec. Remaining time (sec): 233
SCM is in safe mode. Will retry in 1 sec. Remaining time (sec): 232
SCM is in safe mode. Will retry in 1 sec. Remaining time (sec): 231
SCM is in safe mode. Will retry in 1 sec. Remaining time (sec): 230
SCM is in safe mode. Will retry in 1 sec. Remaining time (sec): 229
SCM is in safe mode. Will retry in 1 sec. Remaining time (sec): 228
SCM is in safe mode. Will retry in 1 sec. Remaining time (sec): 227
SCM is in safe mode. Will retry in 1 sec. Remaining time (sec): 226
SCM is in safe mode. Will retry in 1 sec. Remaining time (sec): 225
SCM is in safe mode. Will retry in 1 sec. Remaining time (sec): 224
SCM is in safe mode. Will retry in 1 sec. Remaining time (sec): 223
SCM is in safe mode. Will retry in 1 sec. Remaining time (sec): 222
SCM is in safe mode. Will retry in 1 sec. Remaining time (sec): 221
SCM is in safe mode. Will retry in 1 sec. Remaining time (sec): 220
SCM is in safe mode. Will retry in 1 sec. Remaining time (sec): 219
SCM is in safe mode. Will retry in 1 sec. Remaining time (sec): 218
SCM is in safe mode. Will retry in 1 sec. Remaining time (sec): 217
SCM is in safe mode. Will retry in 1 sec. Remaining time (sec): 216
SCM is in safe mode. Will retry in 1 sec. Remaining time (sec): 215
SCM is in safe mode. Will retry in 1 sec. Remaining time (sec): 214
SCM is in safe mode. Will retry in 1 sec. Remaining time (sec): 213
SCM is in safe mode. Will retry in 1 sec. Remaining time (sec): 212
SCM is in safe mode. Will retry in 1 sec. Remaining time (sec): 211
SCM is in safe mode. Will retry in 1 sec. Remaining time (sec): 210
SCM is in safe mode. Will retry in 1 sec. Remaining time (sec): 209
SCM is in safe mode. Will retry in 1 sec. Remaining time (sec): 208
SCM is in safe mode. Will retry in 1 sec. Remaining time (sec): 207
SCM is in safe mode. Will retry in 1 sec. Remaining time (sec): 206
SCM is in safe mode. Will retry in 1 sec. Remaining time (sec): 205
SCM is in safe mode. Will retry in 1 sec. Remaining time (sec): 204
SCM is in safe mode. Will retry in 1 sec. Remaining time (sec): 203
SCM is in safe mode. Will retry in 1 sec. Remaining time (sec): 202
SCM is in safe mode. Will retry in 1 sec. Remaining time (sec): 201
SCM is in safe mode. Will retry in 1 sec. Remaining time (sec): 200
SCM is in safe mode. Will retry in 1 sec. Remaining time (sec): 199
SCM is in safe mode. Will retry in 1 sec. Remaining time (sec): 198
SCM is in safe mode. Will retry in 1 sec. Remaining time (sec): 197
SCM is out of safe mode.
No OM HA service, no need to wait
==============================================================================
Certrotation                                                                  
==============================================================================
Certrotation.Cert-Rotation :: Smoketest ozone cluster startup                 
==============================================================================
Test datanode functions before and after certificate rotation         depth=2 CN = scm-1@scm, OU = cf8d6ef0-412c-43a7-8ac9-fa9ed23d179b, O = CID-d010752d-9ef4-45b9-a741-b306e27616c6
verify error:num=19:self signed certificate in certificate chain
depth=2 CN = scm-1@scm, OU = cf8d6ef0-412c-43a7-8ac9-fa9ed23d179b, O = CID-d010752d-9ef4-45b9-a741-b306e27616c6
verify error:num=19:self signed certificate in certificate chain
| PASS |
------------------------------------------------------------------------------
Certrotation.Cert-Rotation :: Smoketest ozone cluster startup         | PASS |
1 test, 1 passed, 0 failed
==============================================================================
Certrotation.Root-Ca-Rotation-Client-Checks :: Generate data                  
==============================================================================
Create a volume and bucket                                            | PASS |
------------------------------------------------------------------------------
Create key                                                            | PASS |
------------------------------------------------------------------------------
Read data from previously created key                                 | PASS |
------------------------------------------------------------------------------
Certrotation.Root-Ca-Rotation-Client-Checks :: Generate data          | PASS |
3 tests, 3 passed, 0 failed
==============================================================================
Certrotation                                                          | PASS |
4 tests, 4 passed, 0 failed
==============================================================================
Output:  /tmp/smoketest/ozonesecure/result/robot-1.xml
Stopping ozonesecure_datanode_1 ... 
Stopping ozonesecure_scm_1      ... 
Stopping ozonesecure_s3g_1      ... 
Stopping ozonesecure_datanode_2 ... 
Stopping ozonesecure_kdc_1      ... 
Stopping ozonesecure_datanode_3 ... 
Stopping ozonesecure_httpfs_1   ... 
Stopping ozonesecure_om_1       ... 
Stopping ozonesecure_kms_1      ... 
Stopping ozonesecure_recon_1    ... 
Stopping ozonesecure_kdc_1      ... done
Stopping ozonesecure_kms_1      ... done
Stopping ozonesecure_httpfs_1   ... done
Stopping ozonesecure_s3g_1      ... done
Stopping ozonesecure_recon_1    ... done
Stopping ozonesecure_datanode_3 ... done
Stopping ozonesecure_datanode_2 ... done
Stopping ozonesecure_datanode_1 ... done
Stopping ozonesecure_om_1       ... done
Stopping ozonesecure_scm_1      ... done
Removing ozonesecure_datanode_1 ... 
Removing ozonesecure_scm_1      ... 
Removing ozonesecure_s3g_1      ... 
Removing ozonesecure_datanode_2 ... 
Removing ozonesecure_kdc_1      ... 
Removing ozonesecure_datanode_3 ... 
Removing ozonesecure_httpfs_1   ... 
Removing ozonesecure_om_1       ... 
Removing ozonesecure_kms_1      ... 
Removing ozonesecure_recon_1    ... 
Removing ozonesecure_kdc_1      ... done
Removing ozonesecure_datanode_3 ... done
Removing ozonesecure_httpfs_1   ... done
Removing ozonesecure_s3g_1      ... done
Removing ozonesecure_om_1       ... done
Removing ozonesecure_datanode_2 ... done
Removing ozonesecure_kms_1      ... done
Removing ozonesecure_datanode_1 ... done
Removing ozonesecure_scm_1      ... done
Removing ozonesecure_recon_1    ... done
Removing network ozonesecure_default
Output:  /home/runner/work/ozone/ozone/hadoop-ozone/dist/target/ozone-1.4.0-SNAPSHOT/compose/result/ozonesecure-certificate-rotation.xml
removed 'ozonesecure/result/robot-1.xml'
renamed 'ozonesecure/result/dn-audit-545a5fd39127.log' -> '/home/runner/work/ozone/ozone/hadoop-ozone/dist/target/ozone-1.4.0-SNAPSHOT/compose/result/ozonesecure/certificate-rotation/dn-audit-545a5fd39127.log'
renamed 'ozonesecure/result/dn-audit-a168550a60fa.log' -> '/home/runner/work/ozone/ozone/hadoop-ozone/dist/target/ozone-1.4.0-SNAPSHOT/compose/result/ozonesecure/certificate-rotation/dn-audit-a168550a60fa.log'
renamed 'ozonesecure/result/dn-audit-e2efd976f72e.log' -> '/home/runner/work/ozone/ozone/hadoop-ozone/dist/target/ozone-1.4.0-SNAPSHOT/compose/result/ozonesecure/certificate-rotation/dn-audit-e2efd976f72e.log'
renamed 'ozonesecure/result/docker-ozonesecure_datanode_1.log' -> '/home/runner/work/ozone/ozone/hadoop-ozone/dist/target/ozone-1.4.0-SNAPSHOT/compose/result/ozonesecure/certificate-rotation/docker-ozonesecure_datanode_1.log'
renamed 'ozonesecure/result/docker-ozonesecure_datanode_2.log' -> '/home/runner/work/ozone/ozone/hadoop-ozone/dist/target/ozone-1.4.0-SNAPSHOT/compose/result/ozonesecure/certificate-rotation/docker-ozonesecure_datanode_2.log'
renamed 'ozonesecure/result/docker-ozonesecure_datanode_3.log' -> '/home/runner/work/ozone/ozone/hadoop-ozone/dist/target/ozone-1.4.0-SNAPSHOT/compose/result/ozonesecure/certificate-rotation/docker-ozonesecure_datanode_3.log'
renamed 'ozonesecure/result/docker-ozonesecure_httpfs_1.log' -> '/home/runner/work/ozone/ozone/hadoop-ozone/dist/target/ozone-1.4.0-SNAPSHOT/compose/result/ozonesecure/certificate-rotation/docker-ozonesecure_httpfs_1.log'
renamed 'ozonesecure/result/docker-ozonesecure_kdc_1.log' -> '/home/runner/work/ozone/ozone/hadoop-ozone/dist/target/ozone-1.4.0-SNAPSHOT/compose/result/ozonesecure/certificate-rotation/docker-ozonesecure_kdc_1.log'
renamed 'ozonesecure/result/docker-ozonesecure_kms_1.log' -> '/home/runner/work/ozone/ozone/hadoop-ozone/dist/target/ozone-1.4.0-SNAPSHOT/compose/result/ozonesecure/certificate-rotation/docker-ozonesecure_kms_1.log'
renamed 'ozonesecure/result/docker-ozonesecure_om_1.log' -> '/home/runner/work/ozone/ozone/hadoop-ozone/dist/target/ozone-1.4.0-SNAPSHOT/compose/result/ozonesecure/certificate-rotation/docker-ozonesecure_om_1.log'
renamed 'ozonesecure/result/docker-ozonesecure_recon_1.log' -> '/home/runner/work/ozone/ozone/hadoop-ozone/dist/target/ozone-1.4.0-SNAPSHOT/compose/result/ozonesecure/certificate-rotation/docker-ozonesecure_recon_1.log'
renamed 'ozonesecure/result/docker-ozonesecure_s3g_1.log' -> '/home/runner/work/ozone/ozone/hadoop-ozone/dist/target/ozone-1.4.0-SNAPSHOT/compose/result/ozonesecure/certificate-rotation/docker-ozonesecure_s3g_1.log'
renamed 'ozonesecure/result/docker-ozonesecure_scm_1.log' -> '/home/runner/work/ozone/ozone/hadoop-ozone/dist/target/ozone-1.4.0-SNAPSHOT/compose/result/ozonesecure/certificate-rotation/docker-ozonesecure_scm_1.log'
renamed 'ozonesecure/result/kms-audit.log' -> '/home/runner/work/ozone/ozone/hadoop-ozone/dist/target/ozone-1.4.0-SNAPSHOT/compose/result/ozonesecure/certificate-rotation/kms-audit.log'
renamed 'ozonesecure/result/om-audit-om.log' -> '/home/runner/work/ozone/ozone/hadoop-ozone/dist/target/ozone-1.4.0-SNAPSHOT/compose/result/ozonesecure/certificate-rotation/om-audit-om.log'
renamed 'ozonesecure/result/s3g-audit-s3g.log' -> '/home/runner/work/ozone/ozone/hadoop-ozone/dist/target/ozone-1.4.0-SNAPSHOT/compose/result/ozonesecure/certificate-rotation/s3g-audit-s3g.log'
renamed 'ozonesecure/result/scm-audit-scm.log' -> '/home/runner/work/ozone/ozone/hadoop-ozone/dist/target/ozone-1.4.0-SNAPSHOT/compose/result/ozonesecure/certificate-rotation/scm-audit-scm.log'
Executing test ozonesecure/test-root-ca-rotation.sh
Removing network ozonesecure_default
Network ozonesecure_default not found.
Creating network "ozonesecure_default" with the default driver
Creating ozonesecure_s3g_1 ... 
Creating ozonesecure_datanode_1 ... 
Creating ozonesecure_recon_1    ... 
Creating ozonesecure_datanode_2 ... 
Creating ozonesecure_datanode_3 ... 
Creating ozonesecure_httpfs_1   ... 
Creating ozonesecure_om_1       ... 
Creating ozonesecure_kms_1      ... 
Creating ozonesecure_scm_1      ... 
Creating ozonesecure_kdc_1      ... 
Creating ozonesecure_datanode_2 ... done
Creating ozonesecure_s3g_1      ... done
Creating ozonesecure_datanode_1 ... done
Creating ozonesecure_recon_1    ... done
Creating ozonesecure_kms_1      ... done
Creating ozonesecure_kdc_1      ... done
Creating ozonesecure_httpfs_1   ... done
Creating ozonesecure_scm_1      ... done
Creating ozonesecure_om_1       ... done
Creating ozonesecure_datanode_3 ... done
Port 88 is available on kdc
Port 9860 is not available on scm yet
Port 9860 is not available on scm yet
Port 9860 is not available on scm yet
Port 9860 is not available on scm yet
Port 9860 is not available on scm yet
Port 9860 is not available on scm yet
Port 9860 is not available on scm yet
Port 9860 is not available on scm yet
Port 9860 is not available on scm yet
Port 9860 is not available on scm yet
Port 9860 is not available on scm yet
Port 9860 is not available on scm yet
Port 9860 is not available on scm yet
Port 9860 is not available on scm yet
Port 9860 is not available on scm yet
Port 9860 is not available on scm yet
Port 9860 is not available on scm yet
Port 9860 is not available on scm yet
Port 9860 is not available on scm yet
Port 9860 is not available on scm yet
Port 9860 is not available on scm yet
Port 9860 is not available on scm yet
Port 9860 is not available on scm yet
Port 9860 is not available on scm yet
Port 9860 is not available on scm yet
Port 9860 is available on scm
SCM is in safe mode. Will retry in 1 sec. Remaining time (sec): 230
SCM is in safe mode. Will retry in 1 sec. Remaining time (sec): 229
SCM is in safe mode. Will retry in 1 sec. Remaining time (sec): 228
SCM is in safe mode. Will retry in 1 sec. Remaining time (sec): 227
SCM is in safe mode. Will retry in 1 sec. Remaining time (sec): 226
SCM is in safe mode. Will retry in 1 sec. Remaining time (sec): 225
SCM is in safe mode. Will retry in 1 sec. Remaining time (sec): 224
SCM is in safe mode. Will retry in 1 sec. Remaining time (sec): 223
SCM is in safe mode. Will retry in 1 sec. Remaining time (sec): 222
SCM is in safe mode. Will retry in 1 sec. Remaining time (sec): 221
SCM is in safe mode. Will retry in 1 sec. Remaining time (sec): 220
SCM is in safe mode. Will retry in 1 sec. Remaining time (sec): 219
SCM is in safe mode. Will retry in 1 sec. Remaining time (sec): 218
SCM is in safe mode. Will retry in 1 sec. Remaining time (sec): 217
SCM is in safe mode. Will retry in 1 sec. Remaining time (sec): 216
SCM is in safe mode. Will retry in 1 sec. Remaining time (sec): 215
SCM is in safe mode. Will retry in 1 sec. Remaining time (sec): 214
SCM is in safe mode. Will retry in 1 sec. Remaining time (sec): 213
SCM is in safe mode. Will retry in 1 sec. Remaining time (sec): 212
SCM is in safe mode. Will retry in 1 sec. Remaining time (sec): 210
SCM is in safe mode. Will retry in 1 sec. Remaining time (sec): 209
SCM is in safe mode. Will retry in 1 sec. Remaining time (sec): 208
SCM is in safe mode. Will retry in 1 sec. Remaining time (sec): 207
SCM is in safe mode. Will retry in 1 sec. Remaining time (sec): 206
SCM is in safe mode. Will retry in 1 sec. Remaining time (sec): 205
SCM is in safe mode. Will retry in 1 sec. Remaining time (sec): 204
SCM is in safe mode. Will retry in 1 sec. Remaining time (sec): 203
SCM is out of safe mode.
No OM HA service, no need to wait
key1 has been successfully created with options Options{cipher='AES/CTR/NoPadding', bitLength=128, description='null', attributes=null}.
org.apache.hadoop.crypto.key.kms.LoadBalancingKMSClientProvider@662b4c69 has been updated.
==============================================================================
Kinit :: Kinit test user                                                      
==============================================================================
Kinit                                                                 | PASS |
------------------------------------------------------------------------------
Kinit :: Kinit test user                                              | PASS |
1 test, 1 passed, 0 failed
==============================================================================
Output:  /tmp/smoketest/ozonesecure/result/robot-1.xml
"RootCARotationManager-Active" #271 daemon prio=5 os_prio=0 cpu=13.57ms elapsed=62.53s tid=0x00007f4ec6ab9800 nid=0x29d waiting on condition  [0x00007f4e83626000]
jps | grep StorageContainerManagerStarter |  sed 's/StorageContainerManagerStarter//' | xargs | xargs -I {} jstack {} | grep 'RootCARotationManager-Active' succeed
Certificate not found
ozone admin cert info 2 hasn't succeed yet
Certificate id: 2
  [0]         Version: 3
         SerialNumber: 2
             IssuerDN: CN=scm-2@scm,OU=81139e47-95b1-4f19-981e-59b8d2e4c2df,O=CID-d51a14b6-86f0-4f7f-b4e5-3561efe4a95a
           Start Date: Sat Jul 22 09:07:01 UTC 2023
           Final Date: Sat Jul 22 09:10:01 UTC 2023
            SubjectDN: CN=scm-2@scm,OU=81139e47-95b1-4f19-981e-59b8d2e4c2df,O=CID-d51a14b6-86f0-4f7f-b4e5-3561efe4a95a
           Public Key: RSA Public Key [1e:73:a1:e5:c5:27:85:65:41:eb:bb:d8:07:e8:5f:63:fc:42:8e:3a],[56:66:d1:a4]
        modulus: ae7c867896d0859251f950d0f805347df070d83490271de7c693157be488238ca55efb3faa0e6830a99f3575d555eb82e5ecf7490ae59700f323c9d0461872faebce2c53f11172138eac38a8ac418a463e3737071f0e4e69b4617e4dc077ce5eb31360e83a9130217cffd7ef85950bf5162612b8792c81db0efce337c7a44ece4cb325b273c7922c0c920085e94e22da4cb6c8483f9ec1ffcc3389ec97305a2ba15b24a41e0d865e37f9666869837d20f17a2c59105055bc2039b5a6fb47432ca50bae5b694f768440ac3ecc747f80b59e2535e6ca6bdd8c0af18635b60536db35b03f2ab0571915ef270845d22f7db7762c61b5304c892535afdaeb764beaf9
public exponent: 10001

  Signature Algorithm: SHA256withRSA
            Signature: 8a06d5566adb4a38b19a78d3c18ed60b2d794eaa
                       92bf720edc5733727d683f660f2f3047f4b0abab
                       ed5ec54e1230eda2bf6b560f59a70d551ced9300
                       d99aa16a2cd879b14edc19a505f11f6feb6c0eeb
                       184cc1a46a35f984fb2961079765ebfddf443041
                       7208fdd9d4f988dece036a17588851198f8e68a5
                       e5f1e75098357e88c556a5eb8b22cbc9befc7aae
                       2612ffa8f4b001ef00c60211048133079182cebf
                       8c40c43ad12c38fd10199cbadcead40560184572
                       2ba781963a6bd4c9c2b6423f8d32cfecb54c1849
                       42b1cb01d38bb69999f9f9a5d2533951b64fa89b
                       36fa1d6347374828ec7eb932b0c4b990f73a7c82
                       0329f3bcafadab5dd0bab2cc6ee9e7a4
       Extensions: 
                       critical(true) BasicConstraints: isCa(true)
                       critical(true) KeyUsage: 0x6
                       critical(false) 2.5.29.17 value = Sequence
    Tagged [7] IMPLICIT 
        DER Octet String[4] 


ozone admin cert info 2 succeed
/data/metadata/dn/certs/ROOTCA-2.crt
find /data/metadata/dn/certs/ROOTCA-2.crt succeed
/data/metadata/om/certs/ROOTCA-2.crt
find /data/metadata/om/certs/ROOTCA-2.crt succeed
==============================================================================
Root-Ca-Rotation-Client-Checks :: Generate data                               
==============================================================================
Create a volume and bucket                                            | PASS |
------------------------------------------------------------------------------
Create key                                                            | PASS |
------------------------------------------------------------------------------
Read data from previously created key                                 | PASS |
------------------------------------------------------------------------------
Root-Ca-Rotation-Client-Checks :: Generate data                       | PASS |
3 tests, 3 passed, 0 failed
==============================================================================
Output:  /tmp/smoketest/ozonesecure/result/robot-2.xml
Certificate not found
ozone admin cert info 3 hasn't succeed yet
Certificate not found
ozone admin cert info 3 hasn't succeed yet
Certificate not found
ozone admin cert info 3 hasn't succeed yet
Certificate not found
ozone admin cert info 3 hasn't succeed yet
Certificate id: 3
  [0]         Version: 3
         SerialNumber: 3
             IssuerDN: CN=scm-3@scm,OU=81139e47-95b1-4f19-981e-59b8d2e4c2df,O=CID-d51a14b6-86f0-4f7f-b4e5-3561efe4a95a
           Start Date: Sat Jul 22 09:08:32 UTC 2023
           Final Date: Sat Jul 22 09:11:32 UTC 2023
            SubjectDN: CN=scm-3@scm,OU=81139e47-95b1-4f19-981e-59b8d2e4c2df,O=CID-d51a14b6-86f0-4f7f-b4e5-3561efe4a95a
           Public Key: RSA Public Key [ea:35:50:98:57:67:4a:dc:f9:a0:ff:b7:78:1a:37:10:22:13:82:d0],[56:66:d1:a4]
        modulus: ba939e3a05b29088bac8fade3bc9debcf13b55e90c0b004616d1e552b21ae131ab87534838f337b440fa9118a0f85adff89f8320e71d1403dc82c0910b58518c32838499b5397902d1b0fdc06f367e47bd22ea6bcc79383d3912d48007d7c634cf345f73d29115ee9981e22681ebe23c466831d07a10d5cf3287cbd01953a6944aa5fc95cbc3065f2abf40c54d85f4f03d96fda44e5d218ad1c7d5c2499604e3f75eaf0a188867c31514c1b67596d4f9cc45e62b41b88d7fa5d641c2dbbc1936b6b0426503b0bb3cfa01eb4a977651223bc1ff19f0f10067dbaf7b31be0b0535cd2a6ee62ac1c12edf13c4744c972a1a19fc418a4682373baf7c21c3f97d5eaf
public exponent: 10001

  Signature Algorithm: SHA256withRSA
            Signature: 2dfc2f9e0176f3df07945403737f7adf38ebb125
                       d41fd24d9be20fbb8ea47418a493a64a387e9ae4
                       dbac42e14cb17fb04bd1e44d919160e8cc0a0a6d
                       8e21dd54f689e74ff8db85393860a1d9dde21592
                       c6ddab5834119dec667156f8c68ffc948b8c2aeb
                       b343c5fdc06e15d8f74f02d85953d41faeba77e1
                       328ecef0261df618c4a4fd099d1383579b5cb381
                       274a09f7efe809ee9777ae2bdcc66fef459a99ac
                       fe80cd036c6b3684fe7e5604345304021e90ce32
                       7ec0bdaa4cf772c51911b43d398f0a342006cfc5
                       3dd39a075ea179d20a8483d449dd34cbbf9f970b
                       ac1311ecf6cddb5d80e187f0887d0e912f68f2c4
                       e4c8ff422a9396783cea36385285cba5
       Extensions: 
                       critical(true) BasicConstraints: isCa(true)
                       critical(true) KeyUsage: 0x6
                       critical(false) 2.5.29.17 value = Sequence
    Tagged [7] IMPLICIT 
        DER Octet String[4] 


ozone admin cert info 3 succeed
/data/metadata/om/certs/ROOTCA-3.crt
find /data/metadata/om/certs/ROOTCA-3.crt succeed
==============================================================================
Root-Ca-Rotation-Client-Checks :: Generate data                               
==============================================================================
Create a volume and bucket                                            | PASS |
------------------------------------------------------------------------------
Create key                                                            | PASS |
------------------------------------------------------------------------------
Read data from previously created key                                 | PASS |
------------------------------------------------------------------------------
Root-Ca-Rotation-Client-Checks :: Generate data                       | PASS |
3 tests, 3 passed, 0 failed
==============================================================================
Output:  /tmp/smoketest/ozonesecure/result/robot-3.xml
==============================================================================
Root-Ca-Rotation :: Smoketest ozone cluster startup                           
==============================================================================
Verify root CA rotation metrics                                       | PASS |
------------------------------------------------------------------------------
Root-Ca-Rotation :: Smoketest ozone cluster startup                   | PASS |
1 test, 1 passed, 0 failed
==============================================================================
Output:  /tmp/smoketest/ozonesecure/result/robot-4.xml
Stopping ozonesecure_kdc_1      ... 
Stopping ozonesecure_datanode_3 ... 
Stopping ozonesecure_scm_1      ... 
Stopping ozonesecure_kms_1      ... 
Stopping ozonesecure_recon_1    ... 
Stopping ozonesecure_om_1       ... 
Stopping ozonesecure_httpfs_1   ... 
Stopping ozonesecure_datanode_2 ... 
Stopping ozonesecure_datanode_1 ... 
Stopping ozonesecure_s3g_1      ... 
Stopping ozonesecure_kdc_1      ... done
Stopping ozonesecure_kms_1      ... done
Stopping ozonesecure_httpfs_1   ... done
Stopping ozonesecure_s3g_1      ... done
Stopping ozonesecure_recon_1    ... done
Stopping ozonesecure_datanode_3 ... done
Stopping ozonesecure_datanode_1 ... done
Stopping ozonesecure_datanode_2 ... done
Stopping ozonesecure_om_1       ... done
Stopping ozonesecure_scm_1      ... done
Removing ozonesecure_kdc_1      ... 
Removing ozonesecure_datanode_3 ... 
Removing ozonesecure_scm_1      ... 
Removing ozonesecure_kms_1      ... 
Removing ozonesecure_recon_1    ... 
Removing ozonesecure_om_1       ... 
Removing ozonesecure_httpfs_1   ... 
Removing ozonesecure_datanode_2 ... 
Removing ozonesecure_datanode_1 ... 
Removing ozonesecure_s3g_1      ... 
Removing ozonesecure_om_1       ... done
Removing ozonesecure_kdc_1      ... done
Removing ozonesecure_httpfs_1   ... done
Removing ozonesecure_recon_1    ... done
Removing ozonesecure_kms_1      ... done
Removing ozonesecure_datanode_1 ... done
Removing ozonesecure_datanode_2 ... done
Removing ozonesecure_s3g_1      ... done
Removing ozonesecure_scm_1      ... done
Removing ozonesecure_datanode_3 ... done
Removing network ozonesecure_default
Log:     /home/runner/work/ozone/ozone/hadoop-ozone/dist/target/ozone-1.4.0-SNAPSHOT/compose/ozonesecure/result/log.html
Report:  /home/runner/work/ozone/ozone/hadoop-ozone/dist/target/ozone-1.4.0-SNAPSHOT/compose/ozonesecure/result/report.html
Removing network ozonesecure_default
Network ozonesecure_default not found.
Output:  /home/runner/work/ozone/ozone/hadoop-ozone/dist/target/ozone-1.4.0-SNAPSHOT/compose/result/ozonesecure-root-ca-rotation.xml
removed 'ozonesecure/result/robot-1.xml'
removed 'ozonesecure/result/robot-2.xml'
removed 'ozonesecure/result/robot-3.xml'
removed 'ozonesecure/result/robot-4.xml'
removed 'ozonesecure/result/log.html'
removed 'ozonesecure/result/report.html'
renamed 'ozonesecure/result/dn-audit-246b69873284.log' -> '/home/runner/work/ozone/ozone/hadoop-ozone/dist/target/ozone-1.4.0-SNAPSHOT/compose/result/ozonesecure/root-ca-rotation/dn-audit-246b69873284.log'
renamed 'ozonesecure/result/dn-audit-53a0415e9bfe.log' -> '/home/runner/work/ozone/ozone/hadoop-ozone/dist/target/ozone-1.4.0-SNAPSHOT/compose/result/ozonesecure/root-ca-rotation/dn-audit-53a0415e9bfe.log'
renamed 'ozonesecure/result/dn-audit-764049ebdfa2.log' -> '/home/runner/work/ozone/ozone/hadoop-ozone/dist/target/ozone-1.4.0-SNAPSHOT/compose/result/ozonesecure/root-ca-rotation/dn-audit-764049ebdfa2.log'
renamed 'ozonesecure/result/docker-ozonesecure_datanode_1.log' -> '/home/runner/work/ozone/ozone/hadoop-ozone/dist/target/ozone-1.4.0-SNAPSHOT/compose/result/ozonesecure/root-ca-rotation/docker-ozonesecure_datanode_1.log'
renamed 'ozonesecure/result/docker-ozonesecure_datanode_2.log' -> '/home/runner/work/ozone/ozone/hadoop-ozone/dist/target/ozone-1.4.0-SNAPSHOT/compose/result/ozonesecure/root-ca-rotation/docker-ozonesecure_datanode_2.log'
renamed 'ozonesecure/result/docker-ozonesecure_datanode_3.log' -> '/home/runner/work/ozone/ozone/hadoop-ozone/dist/target/ozone-1.4.0-SNAPSHOT/compose/result/ozonesecure/root-ca-rotation/docker-ozonesecure_datanode_3.log'
renamed 'ozonesecure/result/docker-ozonesecure_httpfs_1.log' -> '/home/runner/work/ozone/ozone/hadoop-ozone/dist/target/ozone-1.4.0-SNAPSHOT/compose/result/ozonesecure/root-ca-rotation/docker-ozonesecure_httpfs_1.log'
renamed 'ozonesecure/result/docker-ozonesecure_kdc_1.log' -> '/home/runner/work/ozone/ozone/hadoop-ozone/dist/target/ozone-1.4.0-SNAPSHOT/compose/result/ozonesecure/root-ca-rotation/docker-ozonesecure_kdc_1.log'
renamed 'ozonesecure/result/docker-ozonesecure_kms_1.log' -> '/home/runner/work/ozone/ozone/hadoop-ozone/dist/target/ozone-1.4.0-SNAPSHOT/compose/result/ozonesecure/root-ca-rotation/docker-ozonesecure_kms_1.log'
renamed 'ozonesecure/result/docker-ozonesecure_om_1.log' -> '/home/runner/work/ozone/ozone/hadoop-ozone/dist/target/ozone-1.4.0-SNAPSHOT/compose/result/ozonesecure/root-ca-rotation/docker-ozonesecure_om_1.log'
renamed 'ozonesecure/result/docker-ozonesecure_recon_1.log' -> '/home/runner/work/ozone/ozone/hadoop-ozone/dist/target/ozone-1.4.0-SNAPSHOT/compose/result/ozonesecure/root-ca-rotation/docker-ozonesecure_recon_1.log'
renamed 'ozonesecure/result/docker-ozonesecure_s3g_1.log' -> '/home/runner/work/ozone/ozone/hadoop-ozone/dist/target/ozone-1.4.0-SNAPSHOT/compose/result/ozonesecure/root-ca-rotation/docker-ozonesecure_s3g_1.log'
renamed 'ozonesecure/result/docker-ozonesecure_scm_1.log' -> '/home/runner/work/ozone/ozone/hadoop-ozone/dist/target/ozone-1.4.0-SNAPSHOT/compose/result/ozonesecure/root-ca-rotation/docker-ozonesecure_scm_1.log'
renamed 'ozonesecure/result/kms-audit.log' -> '/home/runner/work/ozone/ozone/hadoop-ozone/dist/target/ozone-1.4.0-SNAPSHOT/compose/result/ozonesecure/root-ca-rotation/kms-audit.log'
renamed 'ozonesecure/result/om-audit-om.log' -> '/home/runner/work/ozone/ozone/hadoop-ozone/dist/target/ozone-1.4.0-SNAPSHOT/compose/result/ozonesecure/root-ca-rotation/om-audit-om.log'
renamed 'ozonesecure/result/s3g-audit-s3g.log' -> '/home/runner/work/ozone/ozone/hadoop-ozone/dist/target/ozone-1.4.0-SNAPSHOT/compose/result/ozonesecure/root-ca-rotation/s3g-audit-s3g.log'
renamed 'ozonesecure/result/scm-audit-scm.log' -> '/home/runner/work/ozone/ozone/hadoop-ozone/dist/target/ozone-1.4.0-SNAPSHOT/compose/result/ozonesecure/root-ca-rotation/scm-audit-scm.log'
Exception in thread "main" java.net.SocketException: Socket closed
	at java.base/java.net.PlainSocketImpl.socketAccept(Native Method)
	at java.base/java.net.AbstractPlainSocketImpl.accept(AbstractPlainSocketImpl.java:474)
	at java.base/java.net.ServerSocket.implAccept(ServerSocket.java:565)
	at java.base/java.net.ServerSocket.accept(ServerSocket.java:533)
	at org.apache.hadoop.test.JacocoServer.main(JacocoServer.java:60)
Log:     /home/runner/work/ozone/ozone/hadoop-ozone/dist/target/ozone-1.4.0-SNAPSHOT/compose/result/log.html
Report:  /home/runner/work/ozone/ozone/hadoop-ozone/dist/target/ozone-1.4.0-SNAPSHOT/compose/result/report.html
